[0.069s] Invoking command in '/workspace/safmc_uwb/ros/src/build/uwb_msgs': CMAKE_PREFIX_PATH=${CMAKE_PREFIX_PATH}:/workspace/safmc_uwb/ros/install/uwb:/opt/ros/humble /usr/bin/cmake /workspace/safmc_uwb/ros/src/uwb_msgs -DCMAKE_INSTALL_PREFIX=/workspace/safmc_uwb/ros/src/install/uwb_msgs
[0.208s] -- The C compiler identification is GNU 11.4.0
[0.340s] -- The CXX compiler identification is GNU 11.4.0
[0.352s] -- Detecting C compiler ABI info
[0.570s] -- Detecting C compiler ABI info - done
[0.585s] -- Check for working C compiler: /usr/bin/cc - skipped
[0.585s] -- Detecting C compile features
[0.586s] -- Detecting C compile features - done
[0.594s] -- Detecting CXX compiler ABI info
[0.821s] -- Detecting CXX compiler ABI info - done
[0.832s] -- Check for working CXX compiler: /usr/bin/c++ - skipped
[0.833s] -- Detecting CXX compile features
[0.834s] -- Detecting CXX compile features - done
[0.839s] -- Found ament_cmake: 1.3.11 (/opt/ros/humble/share/ament_cmake/cmake)
[1.097s] -- Found Python3: /usr/bin/python3 (found version "3.10.12") found components: Interpreter 
[1.323s] -- Found rosidl_default_generators: 1.2.0 (/opt/ros/humble/share/rosidl_default_generators/cmake)
[1.329s] -- Using all available rosidl_typesupport_c: rosidl_typesupport_fastrtps_c;rosidl_typesupport_introspection_c
[1.343s] -- Found rosidl_adapter: 3.1.6 (/opt/ros/humble/share/rosidl_adapter/cmake)
[1.416s] -- Using all available rosidl_typesupport_cpp: rosidl_typesupport_fastrtps_cpp;rosidl_typesupport_introspection_cpp
[1.477s] -- Found geometry_msgs: 4.2.4 (/opt/ros/humble/share/geometry_msgs/cmake)
[2.097s] -- Found ament_cmake_ros: 0.10.0 (/opt/ros/humble/share/ament_cmake_ros/cmake)
[2.640s] -- Using all available rosidl_typesupport_c: rosidl_typesupport_fastrtps_c;rosidl_typesupport_introspection_c
[3.252s] -- Using all available rosidl_typesupport_cpp: rosidl_typesupport_fastrtps_cpp;rosidl_typesupport_introspection_cpp
[3.284s] -- Found PythonInterp: /usr/bin/python3 (found suitable version "3.10.12", minimum required is "3.6") 
[3.287s] -- Found python_cmake_module: 0.10.0 (/opt/ros/humble/share/python_cmake_module/cmake)
[3.326s] -- Found PythonLibs: /usr/lib/x86_64-linux-gnu/libpython3.10.so (found suitable version "3.10.12", minimum required is "3.5") 
[3.326s] -- Using PYTHON_EXECUTABLE: /usr/bin/python3
[3.327s] -- Using PYTHON_INCLUDE_DIRS: /usr/include/python3.10
[3.327s] -- Using PYTHON_LIBRARIES: /usr/lib/x86_64-linux-gnu/libpython3.10.so
[3.361s] -- Found PythonExtra: .so  
[3.534s] -- Found ament_lint_auto: 0.12.11 (/opt/ros/humble/share/ament_lint_auto/cmake)
[3.684s] -- Added test 'cppcheck' to perform static code analysis on C / C++ code
[3.684s] -- Configured cppcheck include dirs: 
[3.685s] -- Configured cppcheck exclude dirs and/or files: 
[3.695s] -- Added test 'flake8' to check Python code syntax and style conventions
[3.713s] -- Added test 'lint_cmake' to check CMake code style
[3.722s] -- Added test 'pep257' to check Python code against some of the docstring style conventions in PEP 257
[3.820s] -- Added test 'uncrustify' to check C / C++ code style
[3.820s] -- Configured uncrustify additional arguments: 
[3.870s] -- Added test 'xmllint' to check XML markup files
[3.878s] -- Configuring done
[4.063s] -- Generating done
[4.083s] -- Build files have been written to: /workspace/safmc_uwb/ros/src/build/uwb_msgs
[4.096s] Invoked command in '/workspace/safmc_uwb/ros/src/build/uwb_msgs' returned '0': CMAKE_PREFIX_PATH=${CMAKE_PREFIX_PATH}:/workspace/safmc_uwb/ros/install/uwb:/opt/ros/humble /usr/bin/cmake /workspace/safmc_uwb/ros/src/uwb_msgs -DCMAKE_INSTALL_PREFIX=/workspace/safmc_uwb/ros/src/install/uwb_msgs
[4.100s] Invoking command in '/workspace/safmc_uwb/ros/src/build/uwb_msgs': CMAKE_PREFIX_PATH=${CMAKE_PREFIX_PATH}:/workspace/safmc_uwb/ros/install/uwb:/opt/ros/humble /usr/bin/cmake --build /workspace/safmc_uwb/ros/src/build/uwb_msgs -- -j12 -l12
[4.162s] [  2%] [34m[1mGenerating C code for ROS interfaces[0m
[4.176s] [  4%] [34m[1mGenerating C++ code for ROS interfaces[0m
[4.187s] [  4%] Built target ament_cmake_python_copy_uwb_msgs
[4.718s] running egg_info
[4.719s] creating uwb_msgs.egg-info
[4.720s] writing uwb_msgs.egg-info/PKG-INFO
[4.720s] writing dependency_links to uwb_msgs.egg-info/dependency_links.txt
[4.720s] writing top-level names to uwb_msgs.egg-info/top_level.txt
[4.721s] writing manifest file 'uwb_msgs.egg-info/SOURCES.txt'
[4.725s] reading manifest file 'uwb_msgs.egg-info/SOURCES.txt'
[4.725s] writing manifest file 'uwb_msgs.egg-info/SOURCES.txt'
[4.739s] [ 10%] [32mBuilding C object CMakeFiles/uwb_msgs__rosidl_generator_c.dir/rosidl_generator_c/uwb_msgs/msg/detail/pose__functions.c.o[0m
[4.739s] [ 10%] [32mBuilding C object CMakeFiles/uwb_msgs__rosidl_generator_c.dir/rosidl_generator_c/uwb_msgs/msg/detail/tag_position__functions.c.o[0m
[4.739s] [ 10%] [32mBuilding C object CMakeFiles/uwb_msgs__rosidl_generator_c.dir/rosidl_generator_c/uwb_msgs/msg/detail/range__functions.c.o[0m
[4.788s] [ 10%] Built target ament_cmake_python_build_uwb_msgs_egg
[4.830s] [ 10%] Built target uwb_msgs__cpp
[4.845s] [ 17%] [34m[1mGenerating C++ type support dispatch for ROS interfaces[0m
[4.846s] [ 17%] [34m[1mGenerating C++ introspection for ROS interfaces[0m
[4.846s] [ 17%] [34m[1mGenerating C++ type support for eProsima Fast-RTPS[0m
[4.864s] [ 19%] [32m[1mLinking C shared library libuwb_msgs__rosidl_generator_c.so[0m
[4.925s] [ 19%] Built target uwb_msgs__rosidl_generator_c
[4.943s] [ 21%] [34m[1mGenerating C introspection for ROS interfaces[0m
[4.944s] [ 25%] [34m[1mGenerating C type support dispatch for ROS interfaces[0m
[4.944s] [ 25%] [34m[1mGenerating C type support for eProsima Fast-RTPS[0m
[5.366s] [ 27%] [32mBuilding CXX object CMakeFiles/uwb_msgs__rosidl_typesupport_cpp.dir/rosidl_typesupport_cpp/uwb_msgs/msg/range__type_support.cpp.o[0m
[5.366s] [ 31%] [32mBuilding CXX object CMakeFiles/uwb_msgs__rosidl_typesupport_cpp.dir/rosidl_typesupport_cpp/uwb_msgs/msg/tag_position__type_support.cpp.o[0m
[5.366s] [ 31%] [32mBuilding CXX object CMakeFiles/uwb_msgs__rosidl_typesupport_cpp.dir/rosidl_typesupport_cpp/uwb_msgs/msg/pose__type_support.cpp.o[0m
[5.407s] [ 34%] [32mBuilding CXX object CMakeFiles/uwb_msgs__rosidl_typesupport_introspection_cpp.dir/rosidl_typesupport_introspection_cpp/uwb_msgs/msg/detail/range__type_support.cpp.o[0m
[5.410s] [ 36%] [32mBuilding CXX object CMakeFiles/uwb_msgs__rosidl_typesupport_introspection_cpp.dir/rosidl_typesupport_introspection_cpp/uwb_msgs/msg/detail/pose__type_support.cpp.o[0m
[5.410s] [ 38%] [32mBuilding CXX object CMakeFiles/uwb_msgs__rosidl_typesupport_introspection_cpp.dir/rosidl_typesupport_introspection_cpp/uwb_msgs/msg/detail/tag_position__type_support.cpp.o[0m
[5.442s] [ 40%] [32mBuilding CXX object CMakeFiles/uwb_msgs__rosidl_typesupport_fastrtps_cpp.dir/rosidl_typesupport_fastrtps_cpp/uwb_msgs/msg/detail/dds_fastrtps/range__type_support.cpp.o[0m
[5.454s] [ 42%] [32mBuilding CXX object CMakeFiles/uwb_msgs__rosidl_typesupport_fastrtps_cpp.dir/rosidl_typesupport_fastrtps_cpp/uwb_msgs/msg/detail/dds_fastrtps/pose__type_support.cpp.o[0m
[5.463s] [ 44%] [32mBuilding CXX object CMakeFiles/uwb_msgs__rosidl_typesupport_fastrtps_cpp.dir/rosidl_typesupport_fastrtps_cpp/uwb_msgs/msg/detail/dds_fastrtps/tag_position__type_support.cpp.o[0m
[5.505s] [ 46%] [32mBuilding CXX object CMakeFiles/uwb_msgs__rosidl_typesupport_c.dir/rosidl_typesupport_c/uwb_msgs/msg/range__type_support.cpp.o[0m
[5.623s] [ 48%] [32mBuilding CXX object CMakeFiles/uwb_msgs__rosidl_typesupport_c.dir/rosidl_typesupport_c/uwb_msgs/msg/pose__type_support.cpp.o[0m
[5.699s] [ 51%] [32mBuilding C object CMakeFiles/uwb_msgs__rosidl_typesupport_introspection_c.dir/rosidl_typesupport_introspection_c/uwb_msgs/msg/detail/range__type_support.c.o[0m
[5.725s] [ 53%] [32mBuilding CXX object CMakeFiles/uwb_msgs__rosidl_typesupport_c.dir/rosidl_typesupport_c/uwb_msgs/msg/tag_position__type_support.cpp.o[0m
[5.755s] [ 55%] [32mBuilding CXX object CMakeFiles/uwb_msgs__rosidl_typesupport_fastrtps_c.dir/rosidl_typesupport_fastrtps_c/uwb_msgs/msg/detail/range__type_support_c.cpp.o[0m
[5.827s] [ 57%] [32m[1mLinking CXX shared library libuwb_msgs__rosidl_typesupport_c.so[0m
[5.840s] [ 59%] [32mBuilding C object CMakeFiles/uwb_msgs__rosidl_typesupport_introspection_c.dir/rosidl_typesupport_introspection_c/uwb_msgs/msg/detail/pose__type_support.c.o[0m
[5.987s] [ 61%] [32mBuilding C object CMakeFiles/uwb_msgs__rosidl_typesupport_introspection_c.dir/rosidl_typesupport_introspection_c/uwb_msgs/msg/detail/tag_position__type_support.c.o[0m
[6.013s] [ 61%] Built target uwb_msgs__rosidl_typesupport_c
[6.033s] [ 63%] [32mBuilding CXX object CMakeFiles/uwb_msgs__rosidl_typesupport_fastrtps_c.dir/rosidl_typesupport_fastrtps_c/uwb_msgs/msg/detail/pose__type_support_c.cpp.o[0m
[6.113s] [ 65%] [32m[1mLinking C shared library libuwb_msgs__rosidl_typesupport_introspection_c.so[0m
[6.136s] [ 68%] [32mBuilding CXX object CMakeFiles/uwb_msgs__rosidl_typesupport_fastrtps_c.dir/rosidl_typesupport_fastrtps_c/uwb_msgs/msg/detail/tag_position__type_support_c.cpp.o[0m
[6.204s] [ 68%] Built target uwb_msgs__rosidl_typesupport_introspection_c
[6.216s] [ 70%] [32m[1mLinking CXX shared library libuwb_msgs__rosidl_typesupport_cpp.so[0m
[6.319s] [ 70%] Built target uwb_msgs__rosidl_typesupport_cpp
[6.474s] [ 72%] [32m[1mLinking CXX shared library libuwb_msgs__rosidl_typesupport_introspection_cpp.so[0m
[6.511s] [ 74%] [32m[1mLinking CXX shared library libuwb_msgs__rosidl_typesupport_fastrtps_cpp.so[0m
[6.586s] [ 74%] Built target uwb_msgs__rosidl_typesupport_introspection_cpp
[6.645s] [ 74%] Built target uwb_msgs__rosidl_typesupport_fastrtps_cpp
[6.765s] [ 76%] [32m[1mLinking CXX shared library libuwb_msgs__rosidl_typesupport_fastrtps_c.so[0m
[6.873s] [ 76%] Built target uwb_msgs__rosidl_typesupport_fastrtps_c
[6.901s] [ 76%] Built target uwb_msgs
[6.930s] [ 78%] [34m[1mGenerating Python code for ROS interfaces[0m
[7.626s] [ 78%] Built target uwb_msgs__py
[7.659s] [ 82%] [32mBuilding C object CMakeFiles/uwb_msgs__rosidl_generator_py.dir/rosidl_generator_py/uwb_msgs/msg/_range_s.c.o[0m
[7.659s] [ 82%] [32mBuilding C object CMakeFiles/uwb_msgs__rosidl_generator_py.dir/rosidl_generator_py/uwb_msgs/msg/_pose_s.c.o[0m
[7.659s] [ 85%] [32mBuilding C object CMakeFiles/uwb_msgs__rosidl_generator_py.dir/rosidl_generator_py/uwb_msgs/msg/_tag_position_s.c.o[0m
[7.841s] [ 87%] [32m[1mLinking C shared library rosidl_generator_py/uwb_msgs/libuwb_msgs__rosidl_generator_py.so[0m
[7.917s] [ 87%] Built target uwb_msgs__rosidl_generator_py
[7.948s] [ 91%] [32mBuilding C object CMakeFiles/uwb_msgs__rosidl_typesupport_c__pyext.dir/rosidl_generator_py/uwb_msgs/_uwb_msgs_s.ep.rosidl_typesupport_c.c.o[0m
[7.949s] [ 91%] [32mBuilding C object CMakeFiles/uwb_msgs__rosidl_typesupport_fastrtps_c__pyext.dir/rosidl_generator_py/uwb_msgs/_uwb_msgs_s.ep.rosidl_typesupport_fastrtps_c.c.o[0m
[7.949s] [ 93%] [32mBuilding C object CMakeFiles/uwb_msgs__rosidl_typesupport_introspection_c__pyext.dir/rosidl_generator_py/uwb_msgs/_uwb_msgs_s.ep.rosidl_typesupport_introspection_c.c.o[0m
[8.177s] [ 95%] [32m[1mLinking C shared library rosidl_generator_py/uwb_msgs/uwb_msgs_s__rosidl_typesupport_introspection_c.cpython-310-x86_64-linux-gnu.so[0m
[8.179s] [ 97%] [32m[1mLinking C shared library rosidl_generator_py/uwb_msgs/uwb_msgs_s__rosidl_typesupport_c.cpython-310-x86_64-linux-gnu.so[0m
[8.193s] [100%] [32m[1mLinking C shared library rosidl_generator_py/uwb_msgs/uwb_msgs_s__rosidl_typesupport_fastrtps_c.cpython-310-x86_64-linux-gnu.so[0m
[8.260s] [100%] Built target uwb_msgs__rosidl_typesupport_introspection_c__pyext
[8.261s] [100%] Built target uwb_msgs__rosidl_typesupport_c__pyext
[8.276s] [100%] Built target uwb_msgs__rosidl_typesupport_fastrtps_c__pyext
[8.304s] Invoked command in '/workspace/safmc_uwb/ros/src/build/uwb_msgs' returned '0': CMAKE_PREFIX_PATH=${CMAKE_PREFIX_PATH}:/workspace/safmc_uwb/ros/install/uwb:/opt/ros/humble /usr/bin/cmake --build /workspace/safmc_uwb/ros/src/build/uwb_msgs -- -j12 -l12
[8.325s] Invoking command in '/workspace/safmc_uwb/ros/src/build/uwb_msgs': CMAKE_PREFIX_PATH=${CMAKE_PREFIX_PATH}:/workspace/safmc_uwb/ros/install/uwb:/opt/ros/humble /usr/bin/cmake --install /workspace/safmc_uwb/ros/src/build/uwb_msgs
[8.340s] -- Install configuration: ""
[8.342s] -- Installing: /workspace/safmc_uwb/ros/src/install/uwb_msgs/share/ament_index/resource_index/rosidl_interfaces/uwb_msgs
[8.342s] -- Installing: /workspace/safmc_uwb/ros/src/install/uwb_msgs/include/uwb_msgs/uwb_msgs
[8.343s] -- Installing: /workspace/safmc_uwb/ros/src/install/uwb_msgs/include/uwb_msgs/uwb_msgs/msg
[8.344s] -- Installing: /workspace/safmc_uwb/ros/src/install/uwb_msgs/include/uwb_msgs/uwb_msgs/msg/detail
[8.344s] -- Installing: /workspace/safmc_uwb/ros/src/install/uwb_msgs/include/uwb_msgs/uwb_msgs/msg/detail/tag_position__struct.h
[8.345s] -- Installing: /workspace/safmc_uwb/ros/src/install/uwb_msgs/include/uwb_msgs/uwb_msgs/msg/detail/range__type_support.h
[8.345s] -- Installing: /workspace/safmc_uwb/ros/src/install/uwb_msgs/include/uwb_msgs/uwb_msgs/msg/detail/pose__functions.h
[8.346s] -- Installing: /workspace/safmc_uwb/ros/src/install/uwb_msgs/include/uwb_msgs/uwb_msgs/msg/detail/pose__functions.c
[8.346s] -- Installing: /workspace/safmc_uwb/ros/src/install/uwb_msgs/include/uwb_msgs/uwb_msgs/msg/detail/pose__type_support.h
[8.347s] -- Installing: /workspace/safmc_uwb/ros/src/install/uwb_msgs/include/uwb_msgs/uwb_msgs/msg/detail/range__functions.c
[8.347s] -- Installing: /workspace/safmc_uwb/ros/src/install/uwb_msgs/include/uwb_msgs/uwb_msgs/msg/detail/range__functions.h
[8.347s] -- Installing: /workspace/safmc_uwb/ros/src/install/uwb_msgs/include/uwb_msgs/uwb_msgs/msg/detail/range__struct.h
[8.348s] -- Installing: /workspace/safmc_uwb/ros/src/install/uwb_msgs/include/uwb_msgs/uwb_msgs/msg/detail/pose__struct.h
[8.348s] -- Installing: /workspace/safmc_uwb/ros/src/install/uwb_msgs/include/uwb_msgs/uwb_msgs/msg/detail/tag_position__type_support.h
[8.349s] -- Installing: /workspace/safmc_uwb/ros/src/install/uwb_msgs/include/uwb_msgs/uwb_msgs/msg/detail/tag_position__functions.c
[8.349s] -- Installing: /workspace/safmc_uwb/ros/src/install/uwb_msgs/include/uwb_msgs/uwb_msgs/msg/detail/tag_position__functions.h
[8.350s] -- Installing: /workspace/safmc_uwb/ros/src/install/uwb_msgs/include/uwb_msgs/uwb_msgs/msg/tag_position.h
[8.350s] -- Installing: /workspace/safmc_uwb/ros/src/install/uwb_msgs/include/uwb_msgs/uwb_msgs/msg/range.h
[8.351s] -- Installing: /workspace/safmc_uwb/ros/src/install/uwb_msgs/include/uwb_msgs/uwb_msgs/msg/pose.h
[8.351s] -- Installing: /workspace/safmc_uwb/ros/src/install/uwb_msgs/include/uwb_msgs/uwb_msgs/msg/rosidl_generator_c__visibility_control.h
[8.352s] -- Installing: /workspace/safmc_uwb/ros/src/install/uwb_msgs/share/uwb_msgs/environment/library_path.sh
[8.353s] -- Installing: /workspace/safmc_uwb/ros/src/install/uwb_msgs/share/uwb_msgs/environment/library_path.dsv
[8.354s] -- Installing: /workspace/safmc_uwb/ros/src/install/uwb_msgs/lib/libuwb_msgs__rosidl_generator_c.so
[8.355s] -- Set runtime path of "/workspace/safmc_uwb/ros/src/install/uwb_msgs/lib/libuwb_msgs__rosidl_generator_c.so" to ""
[8.356s] -- Up-to-date: /workspace/safmc_uwb/ros/src/install/uwb_msgs/include/uwb_msgs/uwb_msgs
[8.357s] -- Up-to-date: /workspace/safmc_uwb/ros/src/install/uwb_msgs/include/uwb_msgs/uwb_msgs/msg
[8.357s] -- Installing: /workspace/safmc_uwb/ros/src/install/uwb_msgs/include/uwb_msgs/uwb_msgs/msg/rosidl_typesupport_fastrtps_c__visibility_control.h
[8.357s] -- Up-to-date: /workspace/safmc_uwb/ros/src/install/uwb_msgs/include/uwb_msgs/uwb_msgs/msg/detail
[8.358s] -- Installing: /workspace/safmc_uwb/ros/src/install/uwb_msgs/include/uwb_msgs/uwb_msgs/msg/detail/pose__rosidl_typesupport_fastrtps_c.h
[8.358s] -- Installing: /workspace/safmc_uwb/ros/src/install/uwb_msgs/include/uwb_msgs/uwb_msgs/msg/detail/range__rosidl_typesupport_fastrtps_c.h
[8.358s] -- Installing: /workspace/safmc_uwb/ros/src/install/uwb_msgs/include/uwb_msgs/uwb_msgs/msg/detail/tag_position__rosidl_typesupport_fastrtps_c.h
[8.358s] -- Installing: /workspace/safmc_uwb/ros/src/install/uwb_msgs/lib/libuwb_msgs__rosidl_typesupport_fastrtps_c.so
[8.359s] -- Set runtime path of "/workspace/safmc_uwb/ros/src/install/uwb_msgs/lib/libuwb_msgs__rosidl_typesupport_fastrtps_c.so" to ""
[8.359s] -- Up-to-date: /workspace/safmc_uwb/ros/src/install/uwb_msgs/include/uwb_msgs/uwb_msgs
[8.360s] -- Up-to-date: /workspace/safmc_uwb/ros/src/install/uwb_msgs/include/uwb_msgs/uwb_msgs/msg
[8.360s] -- Up-to-date: /workspace/safmc_uwb/ros/src/install/uwb_msgs/include/uwb_msgs/uwb_msgs/msg/detail
[8.361s] -- Installing: /workspace/safmc_uwb/ros/src/install/uwb_msgs/include/uwb_msgs/uwb_msgs/msg/detail/tag_position__rosidl_typesupport_introspection_c.h
[8.361s] -- Installing: /workspace/safmc_uwb/ros/src/install/uwb_msgs/include/uwb_msgs/uwb_msgs/msg/detail/pose__rosidl_typesupport_introspection_c.h
[8.362s] -- Installing: /workspace/safmc_uwb/ros/src/install/uwb_msgs/include/uwb_msgs/uwb_msgs/msg/detail/pose__type_support.c
[8.362s] -- Installing: /workspace/safmc_uwb/ros/src/install/uwb_msgs/include/uwb_msgs/uwb_msgs/msg/detail/range__type_support.c
[8.362s] -- Installing: /workspace/safmc_uwb/ros/src/install/uwb_msgs/include/uwb_msgs/uwb_msgs/msg/detail/range__rosidl_typesupport_introspection_c.h
[8.362s] -- Installing: /workspace/safmc_uwb/ros/src/install/uwb_msgs/include/uwb_msgs/uwb_msgs/msg/detail/tag_position__type_support.c
[8.363s] -- Installing: /workspace/safmc_uwb/ros/src/install/uwb_msgs/include/uwb_msgs/uwb_msgs/msg/rosidl_typesupport_introspection_c__visibility_control.h
[8.363s] -- Installing: /workspace/safmc_uwb/ros/src/install/uwb_msgs/lib/libuwb_msgs__rosidl_typesupport_introspection_c.so
[8.363s] -- Set runtime path of "/workspace/safmc_uwb/ros/src/install/uwb_msgs/lib/libuwb_msgs__rosidl_typesupport_introspection_c.so" to ""
[8.364s] -- Installing: /workspace/safmc_uwb/ros/src/install/uwb_msgs/lib/libuwb_msgs__rosidl_typesupport_c.so
[8.365s] -- Set runtime path of "/workspace/safmc_uwb/ros/src/install/uwb_msgs/lib/libuwb_msgs__rosidl_typesupport_c.so" to ""
[8.365s] -- Up-to-date: /workspace/safmc_uwb/ros/src/install/uwb_msgs/include/uwb_msgs/uwb_msgs
[8.366s] -- Up-to-date: /workspace/safmc_uwb/ros/src/install/uwb_msgs/include/uwb_msgs/uwb_msgs/msg
[8.366s] -- Installing: /workspace/safmc_uwb/ros/src/install/uwb_msgs/include/uwb_msgs/uwb_msgs/msg/tag_position.hpp
[8.367s] -- Up-to-date: /workspace/safmc_uwb/ros/src/install/uwb_msgs/include/uwb_msgs/uwb_msgs/msg/detail
[8.368s] -- Installing: /workspace/safmc_uwb/ros/src/install/uwb_msgs/include/uwb_msgs/uwb_msgs/msg/detail/pose__type_support.hpp
[8.368s] -- Installing: /workspace/safmc_uwb/ros/src/install/uwb_msgs/include/uwb_msgs/uwb_msgs/msg/detail/tag_position__traits.hpp
[8.369s] -- Installing: /workspace/safmc_uwb/ros/src/install/uwb_msgs/include/uwb_msgs/uwb_msgs/msg/detail/pose__builder.hpp
[8.369s] -- Installing: /workspace/safmc_uwb/ros/src/install/uwb_msgs/include/uwb_msgs/uwb_msgs/msg/detail/tag_position__struct.hpp
[8.370s] -- Installing: /workspace/safmc_uwb/ros/src/install/uwb_msgs/include/uwb_msgs/uwb_msgs/msg/detail/range__struct.hpp
[8.370s] -- Installing: /workspace/safmc_uwb/ros/src/install/uwb_msgs/include/uwb_msgs/uwb_msgs/msg/detail/tag_position__builder.hpp
[8.370s] -- Installing: /workspace/safmc_uwb/ros/src/install/uwb_msgs/include/uwb_msgs/uwb_msgs/msg/detail/range__traits.hpp
[8.371s] -- Installing: /workspace/safmc_uwb/ros/src/install/uwb_msgs/include/uwb_msgs/uwb_msgs/msg/detail/pose__traits.hpp
[8.371s] -- Installing: /workspace/safmc_uwb/ros/src/install/uwb_msgs/include/uwb_msgs/uwb_msgs/msg/detail/tag_position__type_support.hpp
[8.371s] -- Installing: /workspace/safmc_uwb/ros/src/install/uwb_msgs/include/uwb_msgs/uwb_msgs/msg/detail/range__type_support.hpp
[8.372s] -- Installing: /workspace/safmc_uwb/ros/src/install/uwb_msgs/include/uwb_msgs/uwb_msgs/msg/detail/range__builder.hpp
[8.372s] -- Installing: /workspace/safmc_uwb/ros/src/install/uwb_msgs/include/uwb_msgs/uwb_msgs/msg/detail/pose__struct.hpp
[8.373s] -- Installing: /workspace/safmc_uwb/ros/src/install/uwb_msgs/include/uwb_msgs/uwb_msgs/msg/range.hpp
[8.373s] -- Installing: /workspace/safmc_uwb/ros/src/install/uwb_msgs/include/uwb_msgs/uwb_msgs/msg/pose.hpp
[8.373s] -- Installing: /workspace/safmc_uwb/ros/src/install/uwb_msgs/include/uwb_msgs/uwb_msgs/msg/rosidl_generator_cpp__visibility_control.hpp
[8.374s] -- Up-to-date: /workspace/safmc_uwb/ros/src/install/uwb_msgs/include/uwb_msgs/uwb_msgs
[8.374s] -- Up-to-date: /workspace/safmc_uwb/ros/src/install/uwb_msgs/include/uwb_msgs/uwb_msgs/msg
[8.375s] -- Installing: /workspace/safmc_uwb/ros/src/install/uwb_msgs/include/uwb_msgs/uwb_msgs/msg/rosidl_typesupport_fastrtps_cpp__visibility_control.h
[8.375s] -- Up-to-date: /workspace/safmc_uwb/ros/src/install/uwb_msgs/include/uwb_msgs/uwb_msgs/msg/detail
[8.375s] -- Installing: /workspace/safmc_uwb/ros/src/install/uwb_msgs/include/uwb_msgs/uwb_msgs/msg/detail/range__rosidl_typesupport_fastrtps_cpp.hpp
[8.376s] -- Installing: /workspace/safmc_uwb/ros/src/install/uwb_msgs/include/uwb_msgs/uwb_msgs/msg/detail/pose__rosidl_typesupport_fastrtps_cpp.hpp
[8.376s] -- Installing: /workspace/safmc_uwb/ros/src/install/uwb_msgs/include/uwb_msgs/uwb_msgs/msg/detail/tag_position__rosidl_typesupport_fastrtps_cpp.hpp
[8.377s] -- Installing: /workspace/safmc_uwb/ros/src/install/uwb_msgs/include/uwb_msgs/uwb_msgs/msg/detail/dds_fastrtps
[8.377s] -- Installing: /workspace/safmc_uwb/ros/src/install/uwb_msgs/lib/libuwb_msgs__rosidl_typesupport_fastrtps_cpp.so
[8.377s] -- Set runtime path of "/workspace/safmc_uwb/ros/src/install/uwb_msgs/lib/libuwb_msgs__rosidl_typesupport_fastrtps_cpp.so" to ""
[8.377s] -- Up-to-date: /workspace/safmc_uwb/ros/src/install/uwb_msgs/include/uwb_msgs/uwb_msgs
[8.377s] -- Up-to-date: /workspace/safmc_uwb/ros/src/install/uwb_msgs/include/uwb_msgs/uwb_msgs/msg
[8.378s] -- Up-to-date: /workspace/safmc_uwb/ros/src/install/uwb_msgs/include/uwb_msgs/uwb_msgs/msg/detail
[8.378s] -- Installing: /workspace/safmc_uwb/ros/src/install/uwb_msgs/include/uwb_msgs/uwb_msgs/msg/detail/range__rosidl_typesupport_introspection_cpp.hpp
[8.379s] -- Installing: /workspace/safmc_uwb/ros/src/install/uwb_msgs/include/uwb_msgs/uwb_msgs/msg/detail/pose__type_support.cpp
[8.379s] -- Installing: /workspace/safmc_uwb/ros/src/install/uwb_msgs/include/uwb_msgs/uwb_msgs/msg/detail/tag_position__type_support.cpp
[8.380s] -- Installing: /workspace/safmc_uwb/ros/src/install/uwb_msgs/include/uwb_msgs/uwb_msgs/msg/detail/range__type_support.cpp
[8.380s] -- Installing: /workspace/safmc_uwb/ros/src/install/uwb_msgs/include/uwb_msgs/uwb_msgs/msg/detail/pose__rosidl_typesupport_introspection_cpp.hpp
[8.380s] -- Installing: /workspace/safmc_uwb/ros/src/install/uwb_msgs/include/uwb_msgs/uwb_msgs/msg/detail/tag_position__rosidl_typesupport_introspection_cpp.hpp
[8.380s] -- Installing: /workspace/safmc_uwb/ros/src/install/uwb_msgs/lib/libuwb_msgs__rosidl_typesupport_introspection_cpp.so
[8.380s] -- Set runtime path of "/workspace/safmc_uwb/ros/src/install/uwb_msgs/lib/libuwb_msgs__rosidl_typesupport_introspection_cpp.so" to ""
[8.381s] -- Installing: /workspace/safmc_uwb/ros/src/install/uwb_msgs/lib/libuwb_msgs__rosidl_typesupport_cpp.so
[8.381s] -- Set runtime path of "/workspace/safmc_uwb/ros/src/install/uwb_msgs/lib/libuwb_msgs__rosidl_typesupport_cpp.so" to ""
[8.381s] -- Installing: /workspace/safmc_uwb/ros/src/install/uwb_msgs/share/uwb_msgs/environment/pythonpath.sh
[8.381s] -- Installing: /workspace/safmc_uwb/ros/src/install/uwb_msgs/share/uwb_msgs/environment/pythonpath.dsv
[8.381s] -- Installing: /workspace/safmc_uwb/ros/src/install/uwb_msgs/local/lib/python3.10/dist-packages/uwb_msgs-0.0.0-py3.10.egg-info
[8.382s] -- Installing: /workspace/safmc_uwb/ros/src/install/uwb_msgs/local/lib/python3.10/dist-packages/uwb_msgs-0.0.0-py3.10.egg-info/top_level.txt
[8.382s] -- Installing: /workspace/safmc_uwb/ros/src/install/uwb_msgs/local/lib/python3.10/dist-packages/uwb_msgs-0.0.0-py3.10.egg-info/SOURCES.txt
[8.382s] -- Installing: /workspace/safmc_uwb/ros/src/install/uwb_msgs/local/lib/python3.10/dist-packages/uwb_msgs-0.0.0-py3.10.egg-info/PKG-INFO
[8.383s] -- Installing: /workspace/safmc_uwb/ros/src/install/uwb_msgs/local/lib/python3.10/dist-packages/uwb_msgs-0.0.0-py3.10.egg-info/dependency_links.txt
[8.383s] -- Installing: /workspace/safmc_uwb/ros/src/install/uwb_msgs/local/lib/python3.10/dist-packages/uwb_msgs
[8.384s] -- Installing: /workspace/safmc_uwb/ros/src/install/uwb_msgs/local/lib/python3.10/dist-packages/uwb_msgs/uwb_msgs_s__rosidl_typesupport_fastrtps_c.cpython-310-x86_64-linux-gnu.so
[8.384s] -- Installing: /workspace/safmc_uwb/ros/src/install/uwb_msgs/local/lib/python3.10/dist-packages/uwb_msgs/msg
[8.384s] -- Installing: /workspace/safmc_uwb/ros/src/install/uwb_msgs/local/lib/python3.10/dist-packages/uwb_msgs/msg/_range_s.c
[8.385s] -- Installing: /workspace/safmc_uwb/ros/src/install/uwb_msgs/local/lib/python3.10/dist-packages/uwb_msgs/msg/_tag_position.py
[8.385s] -- Installing: /workspace/safmc_uwb/ros/src/install/uwb_msgs/local/lib/python3.10/dist-packages/uwb_msgs/msg/_range.py
[8.385s] -- Installing: /workspace/safmc_uwb/ros/src/install/uwb_msgs/local/lib/python3.10/dist-packages/uwb_msgs/msg/_pose_s.c
[8.386s] -- Installing: /workspace/safmc_uwb/ros/src/install/uwb_msgs/local/lib/python3.10/dist-packages/uwb_msgs/msg/_tag_position_s.c
[8.386s] -- Installing: /workspace/safmc_uwb/ros/src/install/uwb_msgs/local/lib/python3.10/dist-packages/uwb_msgs/msg/_pose.py
[8.386s] -- Installing: /workspace/safmc_uwb/ros/src/install/uwb_msgs/local/lib/python3.10/dist-packages/uwb_msgs/msg/__init__.py
[8.387s] -- Installing: /workspace/safmc_uwb/ros/src/install/uwb_msgs/local/lib/python3.10/dist-packages/uwb_msgs/_uwb_msgs_s.ep.rosidl_typesupport_introspection_c.c
[8.387s] -- Installing: /workspace/safmc_uwb/ros/src/install/uwb_msgs/local/lib/python3.10/dist-packages/uwb_msgs/uwb_msgs_s__rosidl_typesupport_c.cpython-310-x86_64-linux-gnu.so
[8.387s] -- Installing: /workspace/safmc_uwb/ros/src/install/uwb_msgs/local/lib/python3.10/dist-packages/uwb_msgs/libuwb_msgs__rosidl_generator_py.so
[8.388s] -- Installing: /workspace/safmc_uwb/ros/src/install/uwb_msgs/local/lib/python3.10/dist-packages/uwb_msgs/_uwb_msgs_s.ep.rosidl_typesupport_c.c
[8.388s] -- Installing: /workspace/safmc_uwb/ros/src/install/uwb_msgs/local/lib/python3.10/dist-packages/uwb_msgs/_uwb_msgs_s.ep.rosidl_typesupport_fastrtps_c.c
[8.388s] -- Installing: /workspace/safmc_uwb/ros/src/install/uwb_msgs/local/lib/python3.10/dist-packages/uwb_msgs/uwb_msgs_s__rosidl_typesupport_introspection_c.cpython-310-x86_64-linux-gnu.so
[8.389s] -- Installing: /workspace/safmc_uwb/ros/src/install/uwb_msgs/local/lib/python3.10/dist-packages/uwb_msgs/__init__.py
[8.453s] Listing '/workspace/safmc_uwb/ros/src/install/uwb_msgs/local/lib/python3.10/dist-packages/uwb_msgs'...
[8.453s] Compiling '/workspace/safmc_uwb/ros/src/install/uwb_msgs/local/lib/python3.10/dist-packages/uwb_msgs/__init__.py'...
[8.453s] Listing '/workspace/safmc_uwb/ros/src/install/uwb_msgs/local/lib/python3.10/dist-packages/uwb_msgs/msg'...
[8.453s] Compiling '/workspace/safmc_uwb/ros/src/install/uwb_msgs/local/lib/python3.10/dist-packages/uwb_msgs/msg/__init__.py'...
[8.453s] Compiling '/workspace/safmc_uwb/ros/src/install/uwb_msgs/local/lib/python3.10/dist-packages/uwb_msgs/msg/_pose.py'...
[8.453s] Compiling '/workspace/safmc_uwb/ros/src/install/uwb_msgs/local/lib/python3.10/dist-packages/uwb_msgs/msg/_range.py'...
[8.453s] Compiling '/workspace/safmc_uwb/ros/src/install/uwb_msgs/local/lib/python3.10/dist-packages/uwb_msgs/msg/_tag_position.py'...
[8.462s] -- Installing: /workspace/safmc_uwb/ros/src/install/uwb_msgs/local/lib/python3.10/dist-packages/uwb_msgs/uwb_msgs_s__rosidl_typesupport_fastrtps_c.cpython-310-x86_64-linux-gnu.so
[8.462s] -- Set runtime path of "/workspace/safmc_uwb/ros/src/install/uwb_msgs/local/lib/python3.10/dist-packages/uwb_msgs/uwb_msgs_s__rosidl_typesupport_fastrtps_c.cpython-310-x86_64-linux-gnu.so" to ""
[8.462s] -- Installing: /workspace/safmc_uwb/ros/src/install/uwb_msgs/local/lib/python3.10/dist-packages/uwb_msgs/uwb_msgs_s__rosidl_typesupport_introspection_c.cpython-310-x86_64-linux-gnu.so
[8.463s] -- Set runtime path of "/workspace/safmc_uwb/ros/src/install/uwb_msgs/local/lib/python3.10/dist-packages/uwb_msgs/uwb_msgs_s__rosidl_typesupport_introspection_c.cpython-310-x86_64-linux-gnu.so" to ""
[8.463s] -- Installing: /workspace/safmc_uwb/ros/src/install/uwb_msgs/local/lib/python3.10/dist-packages/uwb_msgs/uwb_msgs_s__rosidl_typesupport_c.cpython-310-x86_64-linux-gnu.so
[8.464s] -- Set runtime path of "/workspace/safmc_uwb/ros/src/install/uwb_msgs/local/lib/python3.10/dist-packages/uwb_msgs/uwb_msgs_s__rosidl_typesupport_c.cpython-310-x86_64-linux-gnu.so" to ""
[8.464s] -- Installing: /workspace/safmc_uwb/ros/src/install/uwb_msgs/lib/libuwb_msgs__rosidl_generator_py.so
[8.465s] -- Set runtime path of "/workspace/safmc_uwb/ros/src/install/uwb_msgs/lib/libuwb_msgs__rosidl_generator_py.so" to ""
[8.465s] -- Installing: /workspace/safmc_uwb/ros/src/install/uwb_msgs/share/uwb_msgs/msg/Range.idl
[8.466s] -- Installing: /workspace/safmc_uwb/ros/src/install/uwb_msgs/share/uwb_msgs/msg/Pose.idl
[8.470s] -- Installing: /workspace/safmc_uwb/ros/src/install/uwb_msgs/share/uwb_msgs/msg/TagPosition.idl
[8.470s] -- Installing: /workspace/safmc_uwb/ros/src/install/uwb_msgs/share/uwb_msgs/msg/Range.msg
[8.470s] -- Installing: /workspace/safmc_uwb/ros/src/install/uwb_msgs/share/uwb_msgs/msg/Pose.msg
[8.470s] -- Installing: /workspace/safmc_uwb/ros/src/install/uwb_msgs/share/uwb_msgs/msg/TagPosition.msg
[8.471s] -- Installing: /workspace/safmc_uwb/ros/src/install/uwb_msgs/share/ament_index/resource_index/package_run_dependencies/uwb_msgs
[8.471s] -- Installing: /workspace/safmc_uwb/ros/src/install/uwb_msgs/share/ament_index/resource_index/parent_prefix_path/uwb_msgs
[8.471s] -- Installing: /workspace/safmc_uwb/ros/src/install/uwb_msgs/share/uwb_msgs/environment/ament_prefix_path.sh
[8.471s] -- Installing: /workspace/safmc_uwb/ros/src/install/uwb_msgs/share/uwb_msgs/environment/ament_prefix_path.dsv
[8.471s] -- Installing: /workspace/safmc_uwb/ros/src/install/uwb_msgs/share/uwb_msgs/environment/path.sh
[8.471s] -- Installing: /workspace/safmc_uwb/ros/src/install/uwb_msgs/share/uwb_msgs/environment/path.dsv
[8.472s] -- Installing: /workspace/safmc_uwb/ros/src/install/uwb_msgs/share/uwb_msgs/local_setup.bash
[8.472s] -- Installing: /workspace/safmc_uwb/ros/src/install/uwb_msgs/share/uwb_msgs/local_setup.sh
[8.473s] -- Installing: /workspace/safmc_uwb/ros/src/install/uwb_msgs/share/uwb_msgs/local_setup.zsh
[8.473s] -- Installing: /workspace/safmc_uwb/ros/src/install/uwb_msgs/share/uwb_msgs/local_setup.dsv
[8.473s] -- Installing: /workspace/safmc_uwb/ros/src/install/uwb_msgs/share/uwb_msgs/package.dsv
[8.473s] -- Installing: /workspace/safmc_uwb/ros/src/install/uwb_msgs/share/ament_index/resource_index/packages/uwb_msgs
[8.474s] -- Installing: /workspace/safmc_uwb/ros/src/install/uwb_msgs/share/uwb_msgs/cmake/export_uwb_msgs__rosidl_generator_cExport.cmake
[8.474s] -- Installing: /workspace/safmc_uwb/ros/src/install/uwb_msgs/share/uwb_msgs/cmake/export_uwb_msgs__rosidl_generator_cExport-noconfig.cmake
[8.475s] -- Installing: /workspace/safmc_uwb/ros/src/install/uwb_msgs/share/uwb_msgs/cmake/export_uwb_msgs__rosidl_typesupport_fastrtps_cExport.cmake
[8.475s] -- Installing: /workspace/safmc_uwb/ros/src/install/uwb_msgs/share/uwb_msgs/cmake/export_uwb_msgs__rosidl_typesupport_fastrtps_cExport-noconfig.cmake
[8.475s] -- Installing: /workspace/safmc_uwb/ros/src/install/uwb_msgs/share/uwb_msgs/cmake/uwb_msgs__rosidl_typesupport_introspection_cExport.cmake
[8.476s] -- Installing: /workspace/safmc_uwb/ros/src/install/uwb_msgs/share/uwb_msgs/cmake/uwb_msgs__rosidl_typesupport_introspection_cExport-noconfig.cmake
[8.476s] -- Installing: /workspace/safmc_uwb/ros/src/install/uwb_msgs/share/uwb_msgs/cmake/uwb_msgs__rosidl_typesupport_cExport.cmake
[8.477s] -- Installing: /workspace/safmc_uwb/ros/src/install/uwb_msgs/share/uwb_msgs/cmake/uwb_msgs__rosidl_typesupport_cExport-noconfig.cmake
[8.477s] -- Installing: /workspace/safmc_uwb/ros/src/install/uwb_msgs/share/uwb_msgs/cmake/export_uwb_msgs__rosidl_generator_cppExport.cmake
[8.478s] -- Installing: /workspace/safmc_uwb/ros/src/install/uwb_msgs/share/uwb_msgs/cmake/export_uwb_msgs__rosidl_typesupport_fastrtps_cppExport.cmake
[8.478s] -- Installing: /workspace/safmc_uwb/ros/src/install/uwb_msgs/share/uwb_msgs/cmake/export_uwb_msgs__rosidl_typesupport_fastrtps_cppExport-noconfig.cmake
[8.479s] -- Installing: /workspace/safmc_uwb/ros/src/install/uwb_msgs/share/uwb_msgs/cmake/uwb_msgs__rosidl_typesupport_introspection_cppExport.cmake
[8.479s] -- Installing: /workspace/safmc_uwb/ros/src/install/uwb_msgs/share/uwb_msgs/cmake/uwb_msgs__rosidl_typesupport_introspection_cppExport-noconfig.cmake
[8.479s] -- Installing: /workspace/safmc_uwb/ros/src/install/uwb_msgs/share/uwb_msgs/cmake/uwb_msgs__rosidl_typesupport_cppExport.cmake
[8.480s] -- Installing: /workspace/safmc_uwb/ros/src/install/uwb_msgs/share/uwb_msgs/cmake/uwb_msgs__rosidl_typesupport_cppExport-noconfig.cmake
[8.480s] -- Installing: /workspace/safmc_uwb/ros/src/install/uwb_msgs/share/uwb_msgs/cmake/export_uwb_msgs__rosidl_generator_pyExport.cmake
[8.481s] -- Installing: /workspace/safmc_uwb/ros/src/install/uwb_msgs/share/uwb_msgs/cmake/export_uwb_msgs__rosidl_generator_pyExport-noconfig.cmake
[8.481s] -- Installing: /workspace/safmc_uwb/ros/src/install/uwb_msgs/share/uwb_msgs/cmake/rosidl_cmake-extras.cmake
[8.482s] -- Installing: /workspace/safmc_uwb/ros/src/install/uwb_msgs/share/uwb_msgs/cmake/ament_cmake_export_dependencies-extras.cmake
[8.482s] -- Installing: /workspace/safmc_uwb/ros/src/install/uwb_msgs/share/uwb_msgs/cmake/ament_cmake_export_include_directories-extras.cmake
[8.483s] -- Installing: /workspace/safmc_uwb/ros/src/install/uwb_msgs/share/uwb_msgs/cmake/ament_cmake_export_libraries-extras.cmake
[8.483s] -- Installing: /workspace/safmc_uwb/ros/src/install/uwb_msgs/share/uwb_msgs/cmake/ament_cmake_export_targets-extras.cmake
[8.483s] -- Installing: /workspace/safmc_uwb/ros/src/install/uwb_msgs/share/uwb_msgs/cmake/rosidl_cmake_export_typesupport_targets-extras.cmake
[8.484s] -- Installing: /workspace/safmc_uwb/ros/src/install/uwb_msgs/share/uwb_msgs/cmake/rosidl_cmake_export_typesupport_libraries-extras.cmake
[8.484s] -- Installing: /workspace/safmc_uwb/ros/src/install/uwb_msgs/share/uwb_msgs/cmake/uwb_msgsConfig.cmake
[8.485s] -- Installing: /workspace/safmc_uwb/ros/src/install/uwb_msgs/share/uwb_msgs/cmake/uwb_msgsConfig-version.cmake
[8.485s] -- Installing: /workspace/safmc_uwb/ros/src/install/uwb_msgs/share/uwb_msgs/package.xml
[8.494s] Invoked command in '/workspace/safmc_uwb/ros/src/build/uwb_msgs' returned '0': CMAKE_PREFIX_PATH=${CMAKE_PREFIX_PATH}:/workspace/safmc_uwb/ros/install/uwb:/opt/ros/humble /usr/bin/cmake --install /workspace/safmc_uwb/ros/src/build/uwb_msgs
