/home/Judy/safmc_uwb/ros/install/uwb/lib/python3.10/site-packages/uwb/uwb.py
/home/Judy/safmc_uwb/ros/install/uwb/lib/python3.10/site-packages/uwb/build_3D_coord.py
/home/Judy/safmc_uwb/ros/install/uwb/lib/python3.10/site-packages/uwb/uwb_rewrite.py
/home/Judy/safmc_uwb/ros/install/uwb/lib/python3.10/site-packages/uwb/uwb_rewrite_2.py
/home/Judy/safmc_uwb/ros/install/uwb/lib/python3.10/site-packages/uwb/__init__.py
/home/Judy/safmc_uwb/ros/install/uwb/lib/python3.10/site-packages/uwb/__pycache__/uwb.cpython-310.pyc
/home/Judy/safmc_uwb/ros/install/uwb/lib/python3.10/site-packages/uwb/__pycache__/build_3D_coord.cpython-310.pyc
/home/Judy/safmc_uwb/ros/install/uwb/lib/python3.10/site-packages/uwb/__pycache__/uwb_rewrite.cpython-310.pyc
/home/Judy/safmc_uwb/ros/install/uwb/lib/python3.10/site-packages/uwb/__pycache__/uwb_rewrite_2.cpython-310.pyc
/home/Judy/safmc_uwb/ros/install/uwb/lib/python3.10/site-packages/uwb/__pycache__/__init__.cpython-310.pyc
/home/Judy/safmc_uwb/ros/install/uwb/share/ament_index/resource_index/packages/uwb
/home/Judy/safmc_uwb/ros/install/uwb/share/uwb/package.xml
/home/Judy/safmc_uwb/ros/install/uwb/lib/python3.10/site-packages/uwb-0.0.0-py3.10.egg-info/top_level.txt
/home/Judy/safmc_uwb/ros/install/uwb/lib/python3.10/site-packages/uwb-0.0.0-py3.10.egg-info/SOURCES.txt
/home/Judy/safmc_uwb/ros/install/uwb/lib/python3.10/site-packages/uwb-0.0.0-py3.10.egg-info/PKG-INFO
/home/Judy/safmc_uwb/ros/install/uwb/lib/python3.10/site-packages/uwb-0.0.0-py3.10.egg-info/entry_points.txt
/home/Judy/safmc_uwb/ros/install/uwb/lib/python3.10/site-packages/uwb-0.0.0-py3.10.egg-info/zip-safe
/home/Judy/safmc_uwb/ros/install/uwb/lib/python3.10/site-packages/uwb-0.0.0-py3.10.egg-info/requires.txt
/home/Judy/safmc_uwb/ros/install/uwb/lib/python3.10/site-packages/uwb-0.0.0-py3.10.egg-info/dependency_links.txt
/home/Judy/safmc_uwb/ros/install/uwb/lib/uwb/uwb
