[0.000000] (-) TimerEvent: {}
[0.000199] (uwb_msgs) JobQueued: {'identifier': 'uwb_msgs', 'dependencies': OrderedDict()}
[0.000294] (uwb) JobQueued: {'identifier': 'uwb', 'dependencies': OrderedDict([('uwb_msgs', '/workspace/safmc_uwb/ros/install/uwb_msgs')])}
[0.000332] (uwb_msgs) JobStarted: {'identifier': 'uwb_msgs'}
[0.006080] (uwb_msgs) JobProgress: {'identifier': 'uwb_msgs', 'progress': 'cmake'}
[0.006364] (uwb_msgs) JobProgress: {'identifier': 'uwb_msgs', 'progress': 'build'}
[0.006940] (uwb_msgs) Command: {'cmd': ['/usr/bin/cmake', '--build', '/workspace/safmc_uwb/ros/build/uwb_msgs', '--', '-j20', '-l20'], 'cwd': '/workspace/safmc_uwb/ros/build/uwb_msgs', 'env': OrderedDict([('SUDO_GID', '1000'), ('MAIL', '/var/mail/root'), ('USER', 'root'), ('HOSTNAME', 'huixin'), ('SHLVL', '1'), ('LD_LIBRARY_PATH', '/workspace/safmc_uwb/ros/install/uwb_msgs/lib:/opt/ros/humble/opt/rviz_ogre_vendor/lib:/opt/ros/humble/lib/x86_64-linux-gnu:/opt/ros/humble/lib'), ('HOME', '/root'), ('ROS_PYTHON_VERSION', '3'), ('COLORTERM', 'truecolor'), ('COLCON_PREFIX_PATH', '/workspace/safmc_uwb/ros/install'), ('SUDO_UID', '1000'), ('ROS_DISTRO', 'humble'), ('LOGNAME', 'root'), ('_', '/usr/bin/colcon'), ('ROS_VERSION', '2'), ('TERM', 'xterm-256color'), ('ROS_LOCALHOST_ONLY', '0'), ('PATH', '/opt/ros/humble/bin:/usr/local/sbin:/usr/local/bin:/usr/sbin:/usr/bin:/sbin:/bin'), ('DISPLAY', ':0'), ('LANG', 'en_US.UTF-8'), ('SUDO_COMMAND', '/usr/bin/su'), ('AMENT_PREFIX_PATH', '/workspace/safmc_uwb/ros/install/uwb:/workspace/safmc_uwb/ros/install/uwb_msgs:/opt/ros/humble'), ('DEBIAN_FRONTEND', 'noninteractive'), ('SHELL', '/bin/bash'), ('SUDO_USER', 'user'), ('PWD', '/workspace/safmc_uwb/ros/build/uwb_msgs'), ('LC_ALL', 'en_US.UTF-8'), ('PYTHONPATH', '/workspace/safmc_uwb/ros/install/uwb/lib/python3.10/site-packages:/workspace/safmc_uwb/ros/install/uwb_msgs/local/lib/python3.10/dist-packages:/opt/ros/humble/lib/python3.10/site-packages:/opt/ros/humble/local/lib/python3.10/dist-packages'), ('COLCON', '1'), ('CMAKE_PREFIX_PATH', '/workspace/safmc_uwb/ros/install/uwb_msgs:/workspace/safmc_uwb/ros/install/uwb:/opt/ros/humble')]), 'shell': False}
[0.054432] (uwb_msgs) StdoutLine: {'line': b'[  2%] Built target uwb_msgs__cpp\n'}
[0.060568] (uwb_msgs) StdoutLine: {'line': b'[ 12%] Built target uwb_msgs__rosidl_generator_c\n'}
[0.067226] (uwb_msgs) StdoutLine: {'line': b'[ 12%] Built target ament_cmake_python_symlink_uwb_msgs\n'}
[0.083729] (uwb_msgs) StdoutLine: {'line': b'[ 23%] Built target uwb_msgs__rosidl_typesupport_introspection_cpp\n'}
[0.084247] (uwb_msgs) StdoutLine: {'line': b'[ 34%] Built target uwb_msgs__rosidl_typesupport_cpp\n'}
[0.088535] (uwb_msgs) StdoutLine: {'line': b'[ 53%] Built target uwb_msgs__rosidl_typesupport_c\n'}
[0.088754] (uwb_msgs) StdoutLine: {'line': b'[ 55%] Built target uwb_msgs__rosidl_typesupport_introspection_c\n'}
[0.089303] (uwb_msgs) StdoutLine: {'line': b'[ 65%] Built target uwb_msgs__rosidl_typesupport_fastrtps_cpp\n'}
[0.093034] (uwb_msgs) StdoutLine: {'line': b'[ 76%] Built target uwb_msgs__rosidl_typesupport_fastrtps_c\n'}
[0.099506] (-) TimerEvent: {}
[0.113201] (uwb_msgs) StdoutLine: {'line': b'[ 76%] Built target uwb_msgs\n'}
[0.139754] (uwb_msgs) StdoutLine: {'line': b'[ 78%] Built target uwb_msgs__py\n'}
[0.165154] (uwb_msgs) StdoutLine: {'line': b'[ 87%] Built target uwb_msgs__rosidl_generator_py\n'}
[0.191169] (uwb_msgs) StdoutLine: {'line': b'[ 91%] Built target uwb_msgs__rosidl_typesupport_introspection_c__pyext\n'}
[0.192906] (uwb_msgs) StdoutLine: {'line': b'[ 95%] Built target uwb_msgs__rosidl_typesupport_c__pyext\n'}
[0.194561] (uwb_msgs) StdoutLine: {'line': b'[100%] Built target uwb_msgs__rosidl_typesupport_fastrtps_c__pyext\n'}
[0.199641] (-) TimerEvent: {}
[0.299989] (-) TimerEvent: {}
[0.307017] (uwb_msgs) StdoutLine: {'line': b'running egg_info\n'}
[0.307587] (uwb_msgs) StdoutLine: {'line': b'writing uwb_msgs.egg-info/PKG-INFO\n'}
[0.307851] (uwb_msgs) StdoutLine: {'line': b'writing dependency_links to uwb_msgs.egg-info/dependency_links.txt\n'}
[0.308061] (uwb_msgs) StdoutLine: {'line': b'writing top-level names to uwb_msgs.egg-info/top_level.txt\n'}
[0.310067] (uwb_msgs) StdoutLine: {'line': b"reading manifest file 'uwb_msgs.egg-info/SOURCES.txt'\n"}
[0.310747] (uwb_msgs) StdoutLine: {'line': b"writing manifest file 'uwb_msgs.egg-info/SOURCES.txt'\n"}
[0.338891] (uwb_msgs) StdoutLine: {'line': b'[100%] Built target ament_cmake_python_build_uwb_msgs_egg\n'}
[0.351138] (uwb_msgs) CommandEnded: {'returncode': 0}
[0.352276] (uwb_msgs) JobProgress: {'identifier': 'uwb_msgs', 'progress': 'install'}
[0.360784] (uwb_msgs) Command: {'cmd': ['/usr/bin/cmake', '--install', '/workspace/safmc_uwb/ros/build/uwb_msgs'], 'cwd': '/workspace/safmc_uwb/ros/build/uwb_msgs', 'env': OrderedDict([('SUDO_GID', '1000'), ('MAIL', '/var/mail/root'), ('USER', 'root'), ('HOSTNAME', 'huixin'), ('SHLVL', '1'), ('LD_LIBRARY_PATH', '/workspace/safmc_uwb/ros/install/uwb_msgs/lib:/opt/ros/humble/opt/rviz_ogre_vendor/lib:/opt/ros/humble/lib/x86_64-linux-gnu:/opt/ros/humble/lib'), ('HOME', '/root'), ('ROS_PYTHON_VERSION', '3'), ('COLORTERM', 'truecolor'), ('COLCON_PREFIX_PATH', '/workspace/safmc_uwb/ros/install'), ('SUDO_UID', '1000'), ('ROS_DISTRO', 'humble'), ('LOGNAME', 'root'), ('_', '/usr/bin/colcon'), ('ROS_VERSION', '2'), ('TERM', 'xterm-256color'), ('ROS_LOCALHOST_ONLY', '0'), ('PATH', '/opt/ros/humble/bin:/usr/local/sbin:/usr/local/bin:/usr/sbin:/usr/bin:/sbin:/bin'), ('DISPLAY', ':0'), ('LANG', 'en_US.UTF-8'), ('SUDO_COMMAND', '/usr/bin/su'), ('AMENT_PREFIX_PATH', '/workspace/safmc_uwb/ros/install/uwb:/workspace/safmc_uwb/ros/install/uwb_msgs:/opt/ros/humble'), ('DEBIAN_FRONTEND', 'noninteractive'), ('SHELL', '/bin/bash'), ('SUDO_USER', 'user'), ('PWD', '/workspace/safmc_uwb/ros/build/uwb_msgs'), ('LC_ALL', 'en_US.UTF-8'), ('PYTHONPATH', '/workspace/safmc_uwb/ros/install/uwb/lib/python3.10/site-packages:/workspace/safmc_uwb/ros/install/uwb_msgs/local/lib/python3.10/dist-packages:/opt/ros/humble/lib/python3.10/site-packages:/opt/ros/humble/local/lib/python3.10/dist-packages'), ('COLCON', '1'), ('CMAKE_PREFIX_PATH', '/workspace/safmc_uwb/ros/install/uwb_msgs:/workspace/safmc_uwb/ros/install/uwb:/opt/ros/humble')]), 'shell': False}
[0.369501] (uwb_msgs) StdoutLine: {'line': b'-- Install configuration: ""\n'}
[0.370159] (uwb_msgs) StdoutLine: {'line': b'-- Execute custom install script\n'}
[0.370386] (uwb_msgs) StdoutLine: {'line': b'-- Up-to-date symlink: /workspace/safmc_uwb/ros/install/uwb_msgs/share/ament_index/resource_index/rosidl_interfaces/uwb_msgs\n'}
[0.370908] (uwb_msgs) StdoutLine: {'line': b'-- Up-to-date symlink: /workspace/safmc_uwb/ros/install/uwb_msgs/include/uwb_msgs/uwb_msgs/msg/detail/pose__functions.h\n'}
[0.371019] (uwb_msgs) StdoutLine: {'line': b'-- Up-to-date symlink: /workspace/safmc_uwb/ros/install/uwb_msgs/include/uwb_msgs/uwb_msgs/msg/detail/pose__struct.h\n'}
[0.371111] (uwb_msgs) StdoutLine: {'line': b'-- Up-to-date symlink: /workspace/safmc_uwb/ros/install/uwb_msgs/include/uwb_msgs/uwb_msgs/msg/detail/pose__type_support.h\n'}
[0.371221] (uwb_msgs) StdoutLine: {'line': b'-- Up-to-date symlink: /workspace/safmc_uwb/ros/install/uwb_msgs/include/uwb_msgs/uwb_msgs/msg/detail/range__functions.h\n'}
[0.371326] (uwb_msgs) StdoutLine: {'line': b'-- Up-to-date symlink: /workspace/safmc_uwb/ros/install/uwb_msgs/include/uwb_msgs/uwb_msgs/msg/detail/range__struct.h\n'}
[0.371427] (uwb_msgs) StdoutLine: {'line': b'-- Up-to-date symlink: /workspace/safmc_uwb/ros/install/uwb_msgs/include/uwb_msgs/uwb_msgs/msg/detail/range__type_support.h\n'}
[0.371482] (uwb_msgs) StdoutLine: {'line': b'-- Up-to-date symlink: /workspace/safmc_uwb/ros/install/uwb_msgs/include/uwb_msgs/uwb_msgs/msg/detail/tag_position__functions.h\n'}
[0.371562] (uwb_msgs) StdoutLine: {'line': b'-- Up-to-date symlink: /workspace/safmc_uwb/ros/install/uwb_msgs/include/uwb_msgs/uwb_msgs/msg/detail/tag_position__struct.h\n'}
[0.371660] (uwb_msgs) StdoutLine: {'line': b'-- Up-to-date symlink: /workspace/safmc_uwb/ros/install/uwb_msgs/include/uwb_msgs/uwb_msgs/msg/detail/tag_position__type_support.h\n'}
[0.371715] (uwb_msgs) StdoutLine: {'line': b'-- Up-to-date symlink: /workspace/safmc_uwb/ros/install/uwb_msgs/include/uwb_msgs/uwb_msgs/msg/pose.h\n'}
[0.371803] (uwb_msgs) StdoutLine: {'line': b'-- Up-to-date symlink: /workspace/safmc_uwb/ros/install/uwb_msgs/include/uwb_msgs/uwb_msgs/msg/range.h\n'}
[0.371857] (uwb_msgs) StdoutLine: {'line': b'-- Up-to-date symlink: /workspace/safmc_uwb/ros/install/uwb_msgs/include/uwb_msgs/uwb_msgs/msg/rosidl_generator_c__visibility_control.h\n'}
[0.371941] (uwb_msgs) StdoutLine: {'line': b'-- Up-to-date symlink: /workspace/safmc_uwb/ros/install/uwb_msgs/include/uwb_msgs/uwb_msgs/msg/tag_position.h\n'}
[0.372025] (uwb_msgs) StdoutLine: {'line': b'-- Up-to-date symlink: /workspace/safmc_uwb/ros/install/uwb_msgs/share/uwb_msgs/environment/library_path.sh\n'}
[0.372134] (uwb_msgs) StdoutLine: {'line': b'-- Up-to-date symlink: /workspace/safmc_uwb/ros/install/uwb_msgs/share/uwb_msgs/environment/library_path.dsv\n'}
[0.372778] (uwb_msgs) StdoutLine: {'line': b'-- Up-to-date symlink: /workspace/safmc_uwb/ros/install/uwb_msgs/include/uwb_msgs/uwb_msgs/msg/detail/pose__rosidl_typesupport_fastrtps_c.h\n'}
[0.372868] (uwb_msgs) StdoutLine: {'line': b'-- Up-to-date symlink: /workspace/safmc_uwb/ros/install/uwb_msgs/include/uwb_msgs/uwb_msgs/msg/detail/range__rosidl_typesupport_fastrtps_c.h\n'}
[0.372978] (uwb_msgs) StdoutLine: {'line': b'-- Up-to-date symlink: /workspace/safmc_uwb/ros/install/uwb_msgs/include/uwb_msgs/uwb_msgs/msg/detail/tag_position__rosidl_typesupport_fastrtps_c.h\n'}
[0.373029] (uwb_msgs) StdoutLine: {'line': b'-- Up-to-date symlink: /workspace/safmc_uwb/ros/install/uwb_msgs/include/uwb_msgs/uwb_msgs/msg/rosidl_typesupport_fastrtps_c__visibility_control.h\n'}
[0.373340] (uwb_msgs) StdoutLine: {'line': b'-- Up-to-date symlink: /workspace/safmc_uwb/ros/install/uwb_msgs/include/uwb_msgs/uwb_msgs/msg/detail/pose__rosidl_typesupport_introspection_c.h\n'}
[0.373425] (uwb_msgs) StdoutLine: {'line': b'-- Up-to-date symlink: /workspace/safmc_uwb/ros/install/uwb_msgs/include/uwb_msgs/uwb_msgs/msg/detail/range__rosidl_typesupport_introspection_c.h\n'}
[0.373506] (uwb_msgs) StdoutLine: {'line': b'-- Up-to-date symlink: /workspace/safmc_uwb/ros/install/uwb_msgs/include/uwb_msgs/uwb_msgs/msg/detail/tag_position__rosidl_typesupport_introspection_c.h\n'}
[0.373594] (uwb_msgs) StdoutLine: {'line': b'-- Up-to-date symlink: /workspace/safmc_uwb/ros/install/uwb_msgs/include/uwb_msgs/uwb_msgs/msg/rosidl_typesupport_introspection_c__visibility_control.h\n'}
[0.374013] (uwb_msgs) StdoutLine: {'line': b'-- Up-to-date symlink: /workspace/safmc_uwb/ros/install/uwb_msgs/include/uwb_msgs/uwb_msgs/msg/detail/pose__builder.hpp\n'}
[0.374093] (uwb_msgs) StdoutLine: {'line': b'-- Up-to-date symlink: /workspace/safmc_uwb/ros/install/uwb_msgs/include/uwb_msgs/uwb_msgs/msg/detail/pose__struct.hpp\n'}
[0.374168] (uwb_msgs) StdoutLine: {'line': b'-- Up-to-date symlink: /workspace/safmc_uwb/ros/install/uwb_msgs/include/uwb_msgs/uwb_msgs/msg/detail/pose__traits.hpp\n'}
[0.374243] (uwb_msgs) StdoutLine: {'line': b'-- Up-to-date symlink: /workspace/safmc_uwb/ros/install/uwb_msgs/include/uwb_msgs/uwb_msgs/msg/detail/pose__type_support.hpp\n'}
[0.374318] (uwb_msgs) StdoutLine: {'line': b'-- Up-to-date symlink: /workspace/safmc_uwb/ros/install/uwb_msgs/include/uwb_msgs/uwb_msgs/msg/detail/range__builder.hpp\n'}
[0.374397] (uwb_msgs) StdoutLine: {'line': b'-- Up-to-date symlink: /workspace/safmc_uwb/ros/install/uwb_msgs/include/uwb_msgs/uwb_msgs/msg/detail/range__struct.hpp\n'}
[0.374474] (uwb_msgs) StdoutLine: {'line': b'-- Up-to-date symlink: /workspace/safmc_uwb/ros/install/uwb_msgs/include/uwb_msgs/uwb_msgs/msg/detail/range__traits.hpp\n'}
[0.374548] (uwb_msgs) StdoutLine: {'line': b'-- Up-to-date symlink: /workspace/safmc_uwb/ros/install/uwb_msgs/include/uwb_msgs/uwb_msgs/msg/detail/range__type_support.hpp\n'}
[0.374618] (uwb_msgs) StdoutLine: {'line': b'-- Up-to-date symlink: /workspace/safmc_uwb/ros/install/uwb_msgs/include/uwb_msgs/uwb_msgs/msg/detail/tag_position__builder.hpp\n'}
[0.374691] (uwb_msgs) StdoutLine: {'line': b'-- Up-to-date symlink: /workspace/safmc_uwb/ros/install/uwb_msgs/include/uwb_msgs/uwb_msgs/msg/detail/tag_position__struct.hpp\n'}
[0.374767] (uwb_msgs) StdoutLine: {'line': b'-- Up-to-date symlink: /workspace/safmc_uwb/ros/install/uwb_msgs/include/uwb_msgs/uwb_msgs/msg/detail/tag_position__traits.hpp\n'}
[0.374839] (uwb_msgs) StdoutLine: {'line': b'-- Up-to-date symlink: /workspace/safmc_uwb/ros/install/uwb_msgs/include/uwb_msgs/uwb_msgs/msg/detail/tag_position__type_support.hpp\n'}
[0.374908] (uwb_msgs) StdoutLine: {'line': b'-- Up-to-date symlink: /workspace/safmc_uwb/ros/install/uwb_msgs/include/uwb_msgs/uwb_msgs/msg/pose.hpp\n'}
[0.374982] (uwb_msgs) StdoutLine: {'line': b'-- Up-to-date symlink: /workspace/safmc_uwb/ros/install/uwb_msgs/include/uwb_msgs/uwb_msgs/msg/range.hpp\n'}
[0.375059] (uwb_msgs) StdoutLine: {'line': b'-- Up-to-date symlink: /workspace/safmc_uwb/ros/install/uwb_msgs/include/uwb_msgs/uwb_msgs/msg/rosidl_generator_cpp__visibility_control.hpp\n'}
[0.375147] (uwb_msgs) StdoutLine: {'line': b'-- Up-to-date symlink: /workspace/safmc_uwb/ros/install/uwb_msgs/include/uwb_msgs/uwb_msgs/msg/tag_position.hpp\n'}
[0.375606] (uwb_msgs) StdoutLine: {'line': b'-- Up-to-date symlink: /workspace/safmc_uwb/ros/install/uwb_msgs/include/uwb_msgs/uwb_msgs/msg/detail/pose__rosidl_typesupport_fastrtps_cpp.hpp\n'}
[0.375681] (uwb_msgs) StdoutLine: {'line': b'-- Up-to-date symlink: /workspace/safmc_uwb/ros/install/uwb_msgs/include/uwb_msgs/uwb_msgs/msg/detail/range__rosidl_typesupport_fastrtps_cpp.hpp\n'}
[0.375755] (uwb_msgs) StdoutLine: {'line': b'-- Up-to-date symlink: /workspace/safmc_uwb/ros/install/uwb_msgs/include/uwb_msgs/uwb_msgs/msg/detail/tag_position__rosidl_typesupport_fastrtps_cpp.hpp\n'}
[0.375832] (uwb_msgs) StdoutLine: {'line': b'-- Up-to-date symlink: /workspace/safmc_uwb/ros/install/uwb_msgs/include/uwb_msgs/uwb_msgs/msg/rosidl_typesupport_fastrtps_cpp__visibility_control.h\n'}
[0.376098] (uwb_msgs) StdoutLine: {'line': b'-- Up-to-date symlink: /workspace/safmc_uwb/ros/install/uwb_msgs/include/uwb_msgs/uwb_msgs/msg/detail/pose__rosidl_typesupport_introspection_cpp.hpp\n'}
[0.376181] (uwb_msgs) StdoutLine: {'line': b'-- Up-to-date symlink: /workspace/safmc_uwb/ros/install/uwb_msgs/include/uwb_msgs/uwb_msgs/msg/detail/range__rosidl_typesupport_introspection_cpp.hpp\n'}
[0.376268] (uwb_msgs) StdoutLine: {'line': b'-- Up-to-date symlink: /workspace/safmc_uwb/ros/install/uwb_msgs/include/uwb_msgs/uwb_msgs/msg/detail/tag_position__rosidl_typesupport_introspection_cpp.hpp\n'}
[0.376401] (uwb_msgs) StdoutLine: {'line': b'-- Up-to-date symlink: /workspace/safmc_uwb/ros/install/uwb_msgs/share/uwb_msgs/environment/pythonpath.sh\n'}
[0.376518] (uwb_msgs) StdoutLine: {'line': b'-- Up-to-date symlink: /workspace/safmc_uwb/ros/install/uwb_msgs/share/uwb_msgs/environment/pythonpath.dsv\n'}
[0.376763] (uwb_msgs) StdoutLine: {'line': b'-- Up-to-date symlink: /workspace/safmc_uwb/ros/install/uwb_msgs/local/lib/python3.10/dist-packages/uwb_msgs-0.0.0-py3.10.egg-info/PKG-INFO\n'}
[0.376845] (uwb_msgs) StdoutLine: {'line': b'-- Up-to-date symlink: /workspace/safmc_uwb/ros/install/uwb_msgs/local/lib/python3.10/dist-packages/uwb_msgs-0.0.0-py3.10.egg-info/SOURCES.txt\n'}
[0.376926] (uwb_msgs) StdoutLine: {'line': b'-- Up-to-date symlink: /workspace/safmc_uwb/ros/install/uwb_msgs/local/lib/python3.10/dist-packages/uwb_msgs-0.0.0-py3.10.egg-info/dependency_links.txt\n'}
[0.377005] (uwb_msgs) StdoutLine: {'line': b'-- Up-to-date symlink: /workspace/safmc_uwb/ros/install/uwb_msgs/local/lib/python3.10/dist-packages/uwb_msgs-0.0.0-py3.10.egg-info/top_level.txt\n'}
[0.377485] (uwb_msgs) StdoutLine: {'line': b'-- Up-to-date symlink: /workspace/safmc_uwb/ros/install/uwb_msgs/local/lib/python3.10/dist-packages/uwb_msgs/__init__.py\n'}
[0.377577] (uwb_msgs) StdoutLine: {'line': b'-- Up-to-date symlink: /workspace/safmc_uwb/ros/install/uwb_msgs/local/lib/python3.10/dist-packages/uwb_msgs/_uwb_msgs_s.ep.rosidl_typesupport_c.c\n'}
[0.377660] (uwb_msgs) StdoutLine: {'line': b'-- Up-to-date symlink: /workspace/safmc_uwb/ros/install/uwb_msgs/local/lib/python3.10/dist-packages/uwb_msgs/_uwb_msgs_s.ep.rosidl_typesupport_fastrtps_c.c\n'}
[0.377740] (uwb_msgs) StdoutLine: {'line': b'-- Up-to-date symlink: /workspace/safmc_uwb/ros/install/uwb_msgs/local/lib/python3.10/dist-packages/uwb_msgs/_uwb_msgs_s.ep.rosidl_typesupport_introspection_c.c\n'}
[0.377816] (uwb_msgs) StdoutLine: {'line': b'-- Up-to-date symlink: /workspace/safmc_uwb/ros/install/uwb_msgs/local/lib/python3.10/dist-packages/uwb_msgs/libuwb_msgs__rosidl_generator_py.so\n'}
[0.377898] (uwb_msgs) StdoutLine: {'line': b'-- Up-to-date symlink: /workspace/safmc_uwb/ros/install/uwb_msgs/local/lib/python3.10/dist-packages/uwb_msgs/msg/__init__.py\n'}
[0.377978] (uwb_msgs) StdoutLine: {'line': b'-- Up-to-date symlink: /workspace/safmc_uwb/ros/install/uwb_msgs/local/lib/python3.10/dist-packages/uwb_msgs/msg/_pose.py\n'}
[0.378056] (uwb_msgs) StdoutLine: {'line': b'-- Up-to-date symlink: /workspace/safmc_uwb/ros/install/uwb_msgs/local/lib/python3.10/dist-packages/uwb_msgs/msg/_pose_s.c\n'}
[0.378133] (uwb_msgs) StdoutLine: {'line': b'-- Up-to-date symlink: /workspace/safmc_uwb/ros/install/uwb_msgs/local/lib/python3.10/dist-packages/uwb_msgs/msg/_range.py\n'}
[0.378211] (uwb_msgs) StdoutLine: {'line': b'-- Up-to-date symlink: /workspace/safmc_uwb/ros/install/uwb_msgs/local/lib/python3.10/dist-packages/uwb_msgs/msg/_range_s.c\n'}
[0.378294] (uwb_msgs) StdoutLine: {'line': b'-- Up-to-date symlink: /workspace/safmc_uwb/ros/install/uwb_msgs/local/lib/python3.10/dist-packages/uwb_msgs/msg/_tag_position.py\n'}
[0.378379] (uwb_msgs) StdoutLine: {'line': b'-- Up-to-date symlink: /workspace/safmc_uwb/ros/install/uwb_msgs/local/lib/python3.10/dist-packages/uwb_msgs/msg/_tag_position_s.c\n'}
[0.378455] (uwb_msgs) StdoutLine: {'line': b'-- Up-to-date symlink: /workspace/safmc_uwb/ros/install/uwb_msgs/local/lib/python3.10/dist-packages/uwb_msgs/uwb_msgs_s__rosidl_typesupport_c.cpython-310-x86_64-linux-gnu.so\n'}
[0.378534] (uwb_msgs) StdoutLine: {'line': b'-- Up-to-date symlink: /workspace/safmc_uwb/ros/install/uwb_msgs/local/lib/python3.10/dist-packages/uwb_msgs/uwb_msgs_s__rosidl_typesupport_fastrtps_c.cpython-310-x86_64-linux-gnu.so\n'}
[0.378618] (uwb_msgs) StdoutLine: {'line': b'-- Up-to-date symlink: /workspace/safmc_uwb/ros/install/uwb_msgs/local/lib/python3.10/dist-packages/uwb_msgs/uwb_msgs_s__rosidl_typesupport_introspection_c.cpython-310-x86_64-linux-gnu.so\n'}
[0.378850] (uwb_msgs) StdoutLine: {'line': b'-- Up-to-date symlink: /workspace/safmc_uwb/ros/install/uwb_msgs/local/lib/python3.10/dist-packages/uwb_msgs/uwb_msgs_s__rosidl_typesupport_fastrtps_c.cpython-310-x86_64-linux-gnu.so\n'}
[0.379058] (uwb_msgs) StdoutLine: {'line': b'-- Up-to-date symlink: /workspace/safmc_uwb/ros/install/uwb_msgs/local/lib/python3.10/dist-packages/uwb_msgs/uwb_msgs_s__rosidl_typesupport_introspection_c.cpython-310-x86_64-linux-gnu.so\n'}
[0.379262] (uwb_msgs) StdoutLine: {'line': b'-- Up-to-date symlink: /workspace/safmc_uwb/ros/install/uwb_msgs/local/lib/python3.10/dist-packages/uwb_msgs/uwb_msgs_s__rosidl_typesupport_c.cpython-310-x86_64-linux-gnu.so\n'}
[0.379405] (uwb_msgs) StdoutLine: {'line': b'-- Up-to-date symlink: /workspace/safmc_uwb/ros/install/uwb_msgs/share/uwb_msgs/msg/Range.idl\n'}
[0.379530] (uwb_msgs) StdoutLine: {'line': b'-- Up-to-date symlink: /workspace/safmc_uwb/ros/install/uwb_msgs/share/uwb_msgs/msg/Pose.idl\n'}
[0.379645] (uwb_msgs) StdoutLine: {'line': b'-- Up-to-date symlink: /workspace/safmc_uwb/ros/install/uwb_msgs/share/uwb_msgs/msg/TagPosition.idl\n'}
[0.379769] (uwb_msgs) StdoutLine: {'line': b'-- Up-to-date symlink: /workspace/safmc_uwb/ros/install/uwb_msgs/share/uwb_msgs/msg/Range.msg\n'}
[0.379869] (uwb_msgs) StdoutLine: {'line': b'-- Up-to-date symlink: /workspace/safmc_uwb/ros/install/uwb_msgs/share/uwb_msgs/msg/Pose.msg\n'}
[0.379975] (uwb_msgs) StdoutLine: {'line': b'-- Up-to-date symlink: /workspace/safmc_uwb/ros/install/uwb_msgs/share/uwb_msgs/msg/TagPosition.msg\n'}
[0.380100] (uwb_msgs) StdoutLine: {'line': b'-- Up-to-date symlink: /workspace/safmc_uwb/ros/install/uwb_msgs/share/ament_index/resource_index/package_run_dependencies/uwb_msgs\n'}
[0.380227] (uwb_msgs) StdoutLine: {'line': b'-- Up-to-date symlink: /workspace/safmc_uwb/ros/install/uwb_msgs/share/ament_index/resource_index/parent_prefix_path/uwb_msgs\n'}
[0.380350] (uwb_msgs) StdoutLine: {'line': b'-- Up-to-date symlink: /workspace/safmc_uwb/ros/install/uwb_msgs/share/uwb_msgs/environment/ament_prefix_path.sh\n'}
[0.380456] (uwb_msgs) StdoutLine: {'line': b'-- Up-to-date symlink: /workspace/safmc_uwb/ros/install/uwb_msgs/share/uwb_msgs/environment/ament_prefix_path.dsv\n'}
[0.380571] (uwb_msgs) StdoutLine: {'line': b'-- Up-to-date symlink: /workspace/safmc_uwb/ros/install/uwb_msgs/share/uwb_msgs/environment/path.sh\n'}
[0.380675] (uwb_msgs) StdoutLine: {'line': b'-- Up-to-date symlink: /workspace/safmc_uwb/ros/install/uwb_msgs/share/uwb_msgs/environment/path.dsv\n'}
[0.380780] (uwb_msgs) StdoutLine: {'line': b'-- Up-to-date symlink: /workspace/safmc_uwb/ros/install/uwb_msgs/share/uwb_msgs/local_setup.bash\n'}
[0.380882] (uwb_msgs) StdoutLine: {'line': b'-- Up-to-date symlink: /workspace/safmc_uwb/ros/install/uwb_msgs/share/uwb_msgs/local_setup.sh\n'}
[0.380984] (uwb_msgs) StdoutLine: {'line': b'-- Up-to-date symlink: /workspace/safmc_uwb/ros/install/uwb_msgs/share/uwb_msgs/local_setup.zsh\n'}
[0.381085] (uwb_msgs) StdoutLine: {'line': b'-- Up-to-date symlink: /workspace/safmc_uwb/ros/install/uwb_msgs/share/uwb_msgs/local_setup.dsv\n'}
[0.381163] (uwb_msgs) StdoutLine: {'line': b'-- Symlinking: /workspace/safmc_uwb/ros/install/uwb_msgs/share/uwb_msgs/package.dsv\n'}
[0.391897] (uwb_msgs) StdoutLine: {'line': b'-- Up-to-date symlink: /workspace/safmc_uwb/ros/install/uwb_msgs/share/ament_index/resource_index/packages/uwb_msgs\n'}
[0.392063] (uwb_msgs) StdoutLine: {'line': b'-- Up-to-date symlink: /workspace/safmc_uwb/ros/install/uwb_msgs/share/uwb_msgs/cmake/rosidl_cmake-extras.cmake\n'}
[0.392157] (uwb_msgs) StdoutLine: {'line': b'-- Up-to-date symlink: /workspace/safmc_uwb/ros/install/uwb_msgs/share/uwb_msgs/cmake/ament_cmake_export_dependencies-extras.cmake\n'}
[0.392238] (uwb_msgs) StdoutLine: {'line': b'-- Up-to-date symlink: /workspace/safmc_uwb/ros/install/uwb_msgs/share/uwb_msgs/cmake/ament_cmake_export_include_directories-extras.cmake\n'}
[0.392326] (uwb_msgs) StdoutLine: {'line': b'-- Up-to-date symlink: /workspace/safmc_uwb/ros/install/uwb_msgs/share/uwb_msgs/cmake/ament_cmake_export_libraries-extras.cmake\n'}
[0.392397] (uwb_msgs) StdoutLine: {'line': b'-- Up-to-date symlink: /workspace/safmc_uwb/ros/install/uwb_msgs/share/uwb_msgs/cmake/ament_cmake_export_targets-extras.cmake\n'}
[0.392510] (uwb_msgs) StdoutLine: {'line': b'-- Up-to-date symlink: /workspace/safmc_uwb/ros/install/uwb_msgs/share/uwb_msgs/cmake/rosidl_cmake_export_typesupport_targets-extras.cmake\n'}
[0.392621] (uwb_msgs) StdoutLine: {'line': b'-- Up-to-date symlink: /workspace/safmc_uwb/ros/install/uwb_msgs/share/uwb_msgs/cmake/rosidl_cmake_export_typesupport_libraries-extras.cmake\n'}
[0.392739] (uwb_msgs) StdoutLine: {'line': b'-- Up-to-date symlink: /workspace/safmc_uwb/ros/install/uwb_msgs/share/uwb_msgs/cmake/uwb_msgsConfig.cmake\n'}
[0.392819] (uwb_msgs) StdoutLine: {'line': b'-- Up-to-date symlink: /workspace/safmc_uwb/ros/install/uwb_msgs/share/uwb_msgs/cmake/uwb_msgsConfig-version.cmake\n'}
[0.392933] (uwb_msgs) StdoutLine: {'line': b'-- Up-to-date symlink: /workspace/safmc_uwb/ros/install/uwb_msgs/share/uwb_msgs/package.xml\n'}
[0.393142] (uwb_msgs) StdoutLine: {'line': b'-- Up-to-date: /workspace/safmc_uwb/ros/install/uwb_msgs/lib/libuwb_msgs__rosidl_generator_c.so\n'}
[0.393376] (uwb_msgs) StdoutLine: {'line': b'-- Up-to-date: /workspace/safmc_uwb/ros/install/uwb_msgs/lib/libuwb_msgs__rosidl_typesupport_fastrtps_c.so\n'}
[0.393585] (uwb_msgs) StdoutLine: {'line': b'-- Up-to-date: /workspace/safmc_uwb/ros/install/uwb_msgs/lib/libuwb_msgs__rosidl_typesupport_introspection_c.so\n'}
[0.393768] (uwb_msgs) StdoutLine: {'line': b'-- Up-to-date: /workspace/safmc_uwb/ros/install/uwb_msgs/lib/libuwb_msgs__rosidl_typesupport_c.so\n'}
[0.393964] (uwb_msgs) StdoutLine: {'line': b'-- Up-to-date: /workspace/safmc_uwb/ros/install/uwb_msgs/lib/libuwb_msgs__rosidl_typesupport_fastrtps_cpp.so\n'}
[0.394307] (uwb_msgs) StdoutLine: {'line': b'-- Up-to-date: /workspace/safmc_uwb/ros/install/uwb_msgs/lib/libuwb_msgs__rosidl_typesupport_introspection_cpp.so\n'}
[0.394496] (uwb_msgs) StdoutLine: {'line': b'-- Up-to-date: /workspace/safmc_uwb/ros/install/uwb_msgs/lib/libuwb_msgs__rosidl_typesupport_cpp.so\n'}
[0.400095] (-) TimerEvent: {}
[0.430392] (uwb_msgs) StdoutLine: {'line': b"Listing '/workspace/safmc_uwb/ros/install/uwb_msgs/local/lib/python3.10/dist-packages/uwb_msgs'...\n"}
[0.430586] (uwb_msgs) StdoutLine: {'line': b"Listing '/workspace/safmc_uwb/ros/install/uwb_msgs/local/lib/python3.10/dist-packages/uwb_msgs/msg'...\n"}
[0.435330] (uwb_msgs) StdoutLine: {'line': b'-- Up-to-date: /workspace/safmc_uwb/ros/install/uwb_msgs/lib/libuwb_msgs__rosidl_generator_py.so\n'}
[0.435811] (uwb_msgs) StdoutLine: {'line': b'-- Up-to-date: /workspace/safmc_uwb/ros/install/uwb_msgs/share/uwb_msgs/cmake/export_uwb_msgs__rosidl_generator_cExport.cmake\n'}
[0.436313] (uwb_msgs) StdoutLine: {'line': b'-- Up-to-date: /workspace/safmc_uwb/ros/install/uwb_msgs/share/uwb_msgs/cmake/export_uwb_msgs__rosidl_generator_cExport-noconfig.cmake\n'}
[0.436527] (uwb_msgs) StdoutLine: {'line': b'-- Up-to-date: /workspace/safmc_uwb/ros/install/uwb_msgs/share/uwb_msgs/cmake/export_uwb_msgs__rosidl_typesupport_fastrtps_cExport.cmake\n'}
[0.436687] (uwb_msgs) StdoutLine: {'line': b'-- Up-to-date: /workspace/safmc_uwb/ros/install/uwb_msgs/share/uwb_msgs/cmake/export_uwb_msgs__rosidl_typesupport_fastrtps_cExport-noconfig.cmake\n'}
[0.436826] (uwb_msgs) StdoutLine: {'line': b'-- Up-to-date: /workspace/safmc_uwb/ros/install/uwb_msgs/share/uwb_msgs/cmake/uwb_msgs__rosidl_typesupport_introspection_cExport.cmake\n'}
[0.436971] (uwb_msgs) StdoutLine: {'line': b'-- Up-to-date: /workspace/safmc_uwb/ros/install/uwb_msgs/share/uwb_msgs/cmake/uwb_msgs__rosidl_typesupport_introspection_cExport-noconfig.cmake\n'}
[0.437116] (uwb_msgs) StdoutLine: {'line': b'-- Up-to-date: /workspace/safmc_uwb/ros/install/uwb_msgs/share/uwb_msgs/cmake/uwb_msgs__rosidl_typesupport_cExport.cmake\n'}
[0.437239] (uwb_msgs) StdoutLine: {'line': b'-- Up-to-date: /workspace/safmc_uwb/ros/install/uwb_msgs/share/uwb_msgs/cmake/uwb_msgs__rosidl_typesupport_cExport-noconfig.cmake\n'}
[0.437382] (uwb_msgs) StdoutLine: {'line': b'-- Up-to-date: /workspace/safmc_uwb/ros/install/uwb_msgs/share/uwb_msgs/cmake/export_uwb_msgs__rosidl_generator_cppExport.cmake\n'}
[0.437517] (uwb_msgs) StdoutLine: {'line': b'-- Up-to-date: /workspace/safmc_uwb/ros/install/uwb_msgs/share/uwb_msgs/cmake/export_uwb_msgs__rosidl_typesupport_fastrtps_cppExport.cmake\n'}
[0.437656] (uwb_msgs) StdoutLine: {'line': b'-- Up-to-date: /workspace/safmc_uwb/ros/install/uwb_msgs/share/uwb_msgs/cmake/export_uwb_msgs__rosidl_typesupport_fastrtps_cppExport-noconfig.cmake\n'}
[0.437797] (uwb_msgs) StdoutLine: {'line': b'-- Up-to-date: /workspace/safmc_uwb/ros/install/uwb_msgs/share/uwb_msgs/cmake/uwb_msgs__rosidl_typesupport_introspection_cppExport.cmake\n'}
[0.438000] (uwb_msgs) StdoutLine: {'line': b'-- Up-to-date: /workspace/safmc_uwb/ros/install/uwb_msgs/share/uwb_msgs/cmake/uwb_msgs__rosidl_typesupport_introspection_cppExport-noconfig.cmake\n'}
[0.438211] (uwb_msgs) StdoutLine: {'line': b'-- Up-to-date: /workspace/safmc_uwb/ros/install/uwb_msgs/share/uwb_msgs/cmake/uwb_msgs__rosidl_typesupport_cppExport.cmake\n'}
[0.439157] (uwb_msgs) StdoutLine: {'line': b'-- Up-to-date: /workspace/safmc_uwb/ros/install/uwb_msgs/share/uwb_msgs/cmake/uwb_msgs__rosidl_typesupport_cppExport-noconfig.cmake\n'}
[0.440404] (uwb_msgs) StdoutLine: {'line': b'-- Up-to-date: /workspace/safmc_uwb/ros/install/uwb_msgs/share/uwb_msgs/cmake/export_uwb_msgs__rosidl_generator_pyExport.cmake\n'}
[0.440828] (uwb_msgs) StdoutLine: {'line': b'-- Up-to-date: /workspace/safmc_uwb/ros/install/uwb_msgs/share/uwb_msgs/cmake/export_uwb_msgs__rosidl_generator_pyExport-noconfig.cmake\n'}
[0.441030] (uwb_msgs) CommandEnded: {'returncode': 0}
[0.465536] (uwb_msgs) JobEnded: {'identifier': 'uwb_msgs', 'rc': 0}
[0.466873] (uwb) JobStarted: {'identifier': 'uwb'}
[0.500342] (-) TimerEvent: {}
[0.600786] (-) TimerEvent: {}
[0.701210] (-) TimerEvent: {}
[0.801737] (-) TimerEvent: {}
[0.902380] (-) TimerEvent: {}
[1.003078] (-) TimerEvent: {}
[1.104105] (-) TimerEvent: {}
[1.190392] (uwb) Command: {'cmd': ['/usr/bin/python3', '-W', 'ignore:setup.py install is deprecated', '-W', 'ignore:easy_install command is deprecated', 'setup.py', 'egg_info', '--egg-base', '../../build/uwb', 'build', '--build-base', '/workspace/safmc_uwb/ros/build/uwb/build', 'install', '--record', '/workspace/safmc_uwb/ros/build/uwb/install.log', '--single-version-externally-managed', 'install_data'], 'cwd': '/workspace/safmc_uwb/ros/src/uwb', 'env': {'SUDO_GID': '1000', 'MAIL': '/var/mail/root', 'USER': 'root', 'HOSTNAME': 'huixin', 'SHLVL': '1', 'LD_LIBRARY_PATH': '/workspace/safmc_uwb/ros/install/uwb_msgs/lib:/opt/ros/humble/opt/rviz_ogre_vendor/lib:/opt/ros/humble/lib/x86_64-linux-gnu:/opt/ros/humble/lib', 'HOME': '/root', 'ROS_PYTHON_VERSION': '3', 'COLORTERM': 'truecolor', 'COLCON_PREFIX_PATH': '/workspace/safmc_uwb/ros/install', 'SUDO_UID': '1000', 'ROS_DISTRO': 'humble', 'LOGNAME': 'root', '_': '/usr/bin/colcon', 'ROS_VERSION': '2', 'TERM': 'xterm-256color', 'ROS_LOCALHOST_ONLY': '0', 'PATH': '/opt/ros/humble/bin:/usr/local/sbin:/usr/local/bin:/usr/sbin:/usr/bin:/sbin:/bin', 'DISPLAY': ':0', 'LANG': 'en_US.UTF-8', 'SUDO_COMMAND': '/usr/bin/su', 'AMENT_PREFIX_PATH': '/workspace/safmc_uwb/ros/install/uwb:/workspace/safmc_uwb/ros/install/uwb_msgs:/opt/ros/humble', 'DEBIAN_FRONTEND': 'noninteractive', 'SHELL': '/bin/bash', 'SUDO_USER': 'user', 'PWD': '/workspace/safmc_uwb/ros/build/uwb', 'LC_ALL': 'en_US.UTF-8', 'PYTHONPATH': '/workspace/safmc_uwb/ros/build/uwb/prefix_override:/usr/lib/python3/dist-packages/colcon_core/task/python/colcon_distutils_commands:/workspace/safmc_uwb/ros/install/uwb/lib/python3.10/site-packages:/workspace/safmc_uwb/ros/install/uwb/lib/python3.10/site-packages:/workspace/safmc_uwb/ros/install/uwb_msgs/local/lib/python3.10/dist-packages:/opt/ros/humble/lib/python3.10/site-packages:/opt/ros/humble/local/lib/python3.10/dist-packages', 'COLCON': '1', 'CMAKE_PREFIX_PATH': '/workspace/safmc_uwb/ros/install/uwb_msgs'}, 'shell': False}
[1.204295] (-) TimerEvent: {}
[1.304739] (-) TimerEvent: {}
[1.405084] (-) TimerEvent: {}
[1.505435] (-) TimerEvent: {}
[1.528917] (uwb) StdoutLine: {'line': b'running egg_info\n'}
[1.530072] (uwb) StdoutLine: {'line': b'writing ../../build/uwb/uwb.egg-info/PKG-INFO\n'}
[1.530466] (uwb) StdoutLine: {'line': b'writing dependency_links to ../../build/uwb/uwb.egg-info/dependency_links.txt\n'}
[1.530729] (uwb) StdoutLine: {'line': b'writing entry points to ../../build/uwb/uwb.egg-info/entry_points.txt\n'}
[1.530793] (uwb) StdoutLine: {'line': b'writing requirements to ../../build/uwb/uwb.egg-info/requires.txt\n'}
[1.530853] (uwb) StdoutLine: {'line': b'writing top-level names to ../../build/uwb/uwb.egg-info/top_level.txt\n'}
[1.533016] (uwb) StdoutLine: {'line': b"reading manifest file '../../build/uwb/uwb.egg-info/SOURCES.txt'\n"}
[1.534163] (uwb) StdoutLine: {'line': b"writing manifest file '../../build/uwb/uwb.egg-info/SOURCES.txt'\n"}
[1.534236] (uwb) StdoutLine: {'line': b'running build\n'}
[1.534307] (uwb) StdoutLine: {'line': b'running build_py\n'}
[1.534771] (uwb) StdoutLine: {'line': b'copying uwb/uwb.py -> /workspace/safmc_uwb/ros/build/uwb/build/lib/uwb\n'}
[1.534965] (uwb) StdoutLine: {'line': b'copying uwb/uwb_5v8.py -> /workspace/safmc_uwb/ros/build/uwb/build/lib/uwb\n'}
[1.535461] (uwb) StdoutLine: {'line': b'running install\n'}
[1.535838] (uwb) StdoutLine: {'line': b'running install_lib\n'}
[1.537008] (uwb) StdoutLine: {'line': b'copying /workspace/safmc_uwb/ros/build/uwb/build/lib/uwb/uwb.py -> /workspace/safmc_uwb/ros/install/uwb/lib/python3.10/site-packages/uwb\n'}
[1.538346] (uwb) StdoutLine: {'line': b'copying /workspace/safmc_uwb/ros/build/uwb/build/lib/uwb/uwb_5v8.py -> /workspace/safmc_uwb/ros/install/uwb/lib/python3.10/site-packages/uwb\n'}
[1.539050] (uwb) StdoutLine: {'line': b'byte-compiling /workspace/safmc_uwb/ros/install/uwb/lib/python3.10/site-packages/uwb/uwb.py to uwb.cpython-310.pyc\n'}
[1.543511] (uwb) StdoutLine: {'line': b'byte-compiling /workspace/safmc_uwb/ros/install/uwb/lib/python3.10/site-packages/uwb/uwb_5v8.py to uwb_5v8.cpython-310.pyc\n'}
[1.548295] (uwb) StdoutLine: {'line': b'running install_data\n'}
[1.549189] (uwb) StdoutLine: {'line': b'running install_egg_info\n'}
[1.550711] (uwb) StdoutLine: {'line': b"removing '/workspace/safmc_uwb/ros/install/uwb/lib/python3.10/site-packages/uwb-0.0.0-py3.10.egg-info' (and everything under it)\n"}
[1.551755] (uwb) StdoutLine: {'line': b'Copying ../../build/uwb/uwb.egg-info to /workspace/safmc_uwb/ros/install/uwb/lib/python3.10/site-packages/uwb-0.0.0-py3.10.egg-info\n'}
[1.552818] (uwb) StdoutLine: {'line': b'running install_scripts\n'}
[1.579387] (uwb) StdoutLine: {'line': b'Installing uwb script to /workspace/safmc_uwb/ros/install/uwb/lib/uwb\n'}
[1.580114] (uwb) StdoutLine: {'line': b"writing list of installed files to '/workspace/safmc_uwb/ros/build/uwb/install.log'\n"}
[1.605547] (-) TimerEvent: {}
[1.612959] (uwb) CommandEnded: {'returncode': 0}
[1.650611] (uwb) JobEnded: {'identifier': 'uwb', 'rc': 0}
[1.653726] (-) EventReactorShutdown: {}
