[0.114s] DEBUG:colcon:Command line arguments: ['/usr/bin/colcon', 'build']
[0.115s] DEBUG:colcon:Parsed command line arguments: Namespace(log_base=None, log_level=None, verb_name='build', build_base='build', install_base='install', merge_install=False, symlink_install=False, test_result_base=None, continue_on_error=False, executor='parallel', parallel_workers=20, event_handlers=None, ignore_user_meta=False, metas=['./colcon.meta'], base_paths=['.'], packages_ignore=None, packages_ignore_regex=None, paths=None, packages_up_to=None, packages_up_to_regex=None, packages_above=None, packages_above_and_dependencies=None, packages_above_depth=None, packages_select_by_dep=None, packages_skip_by_dep=None, packages_skip_up_to=None, packages_select_build_failed=False, packages_skip_build_finished=False, packages_select_test_failures=False, packages_skip_test_passed=False, packages_select=None, packages_skip=None, packages_select_regex=None, packages_skip_regex=None, packages_start=None, packages_end=None, allow_overriding=[], cmake_args=None, cmake_target=None, cmake_target_skip_unavailable=False, cmake_clean_cache=False, cmake_clean_first=False, cmake_force_configure=False, ament_cmake_args=None, catkin_cmake_args=None, catkin_skip_building_tests=False, mixin_files=None, mixin=None, verb_parser=<colcon_mixin.mixin.mixin_argument.MixinArgumentDecorator object at 0x7ca67e645780>, verb_extension=<colcon_core.verb.build.BuildVerb object at 0x7ca67e7baef0>, main=<bound method BuildVerb.main of <colcon_core.verb.build.BuildVerb object at 0x7ca67e7baef0>>, mixin_verb=('build',))
[0.239s] Level 1:colcon.colcon_core.package_discovery:discover_packages(colcon_meta) check parameters
[0.239s] Level 1:colcon.colcon_core.package_discovery:discover_packages(recursive) check parameters
[0.240s] Level 1:colcon.colcon_core.package_discovery:discover_packages(ignore) check parameters
[0.240s] Level 1:colcon.colcon_core.package_discovery:discover_packages(path) check parameters
[0.240s] Level 1:colcon.colcon_core.package_discovery:discover_packages(colcon_meta) discover
[0.240s] Level 1:colcon.colcon_core.package_discovery:discover_packages(recursive) discover
[0.240s] INFO:colcon.colcon_core.package_discovery:Crawling recursively for packages in '/workspace/safmc_uwb/ros'
[0.240s] Level 1:colcon.colcon_core.package_identification:_identify(.) by extensions ['ignore', 'ignore_ament_install']
[0.240s] Level 1:colcon.colcon_core.package_identification:_identify(.) by extension 'ignore'
[0.240s] Level 1:colcon.colcon_core.package_identification:_identify(.) by extension 'ignore_ament_install'
[0.240s] Level 1:colcon.colcon_core.package_identification:_identify(.) by extensions ['colcon_pkg']
[0.240s] Level 1:colcon.colcon_core.package_identification:_identify(.) by extension 'colcon_pkg'
[0.240s] Level 1:colcon.colcon_core.package_identification:_identify(.) by extensions ['colcon_meta']
[0.240s] Level 1:colcon.colcon_core.package_identification:_identify(.) by extension 'colcon_meta'
[0.240s] Level 1:colcon.colcon_core.package_identification:_identify(.) by extensions ['ros']
[0.240s] Level 1:colcon.colcon_core.package_identification:_identify(.) by extension 'ros'
[0.250s] Level 1:colcon.colcon_core.package_identification:_identify(.) by extensions ['cmake', 'python']
[0.250s] Level 1:colcon.colcon_core.package_identification:_identify(.) by extension 'cmake'
[0.250s] Level 1:colcon.colcon_core.package_identification:_identify(.) by extension 'python'
[0.250s] Level 1:colcon.colcon_core.package_identification:_identify(.) by extensions ['python_setup_py']
[0.250s] Level 1:colcon.colcon_core.package_identification:_identify(.) by extension 'python_setup_py'
[0.250s] Level 1:colcon.colcon_core.package_identification:_identify(build) by extensions ['ignore', 'ignore_ament_install']
[0.250s] Level 1:colcon.colcon_core.package_identification:_identify(build) by extension 'ignore'
[0.250s] Level 1:colcon.colcon_core.package_identification:_identify(build) ignored
[0.250s] Level 1:colcon.colcon_core.package_identification:_identify(install) by extensions ['ignore', 'ignore_ament_install']
[0.251s] Level 1:colcon.colcon_core.package_identification:_identify(install) by extension 'ignore'
[0.251s] Level 1:colcon.colcon_core.package_identification:_identify(install) ignored
[0.251s] Level 1:colcon.colcon_core.package_identification:_identify(log) by extensions ['ignore', 'ignore_ament_install']
[0.251s] Level 1:colcon.colcon_core.package_identification:_identify(log) by extension 'ignore'
[0.251s] Level 1:colcon.colcon_core.package_identification:_identify(log) ignored
[0.256s] Level 1:colcon.colcon_core.package_identification:_identify(output) by extensions ['ignore', 'ignore_ament_install']
[0.256s] Level 1:colcon.colcon_core.package_identification:_identify(output) by extension 'ignore'
[0.256s] Level 1:colcon.colcon_core.package_identification:_identify(output) by extension 'ignore_ament_install'
[0.256s] Level 1:colcon.colcon_core.package_identification:_identify(output) by extensions ['colcon_pkg']
[0.256s] Level 1:colcon.colcon_core.package_identification:_identify(output) by extension 'colcon_pkg'
[0.256s] Level 1:colcon.colcon_core.package_identification:_identify(output) by extensions ['colcon_meta']
[0.256s] Level 1:colcon.colcon_core.package_identification:_identify(output) by extension 'colcon_meta'
[0.256s] Level 1:colcon.colcon_core.package_identification:_identify(output) by extensions ['ros']
[0.256s] Level 1:colcon.colcon_core.package_identification:_identify(output) by extension 'ros'
[0.256s] Level 1:colcon.colcon_core.package_identification:_identify(output) by extensions ['cmake', 'python']
[0.256s] Level 1:colcon.colcon_core.package_identification:_identify(output) by extension 'cmake'
[0.256s] Level 1:colcon.colcon_core.package_identification:_identify(output) by extension 'python'
[0.256s] Level 1:colcon.colcon_core.package_identification:_identify(output) by extensions ['python_setup_py']
[0.256s] Level 1:colcon.colcon_core.package_identification:_identify(output) by extension 'python_setup_py'
[0.256s] Level 1:colcon.colcon_core.package_identification:_identify(src) by extensions ['ignore', 'ignore_ament_install']
[0.256s] Level 1:colcon.colcon_core.package_identification:_identify(src) by extension 'ignore'
[0.256s] Level 1:colcon.colcon_core.package_identification:_identify(src) by extension 'ignore_ament_install'
[0.256s] Level 1:colcon.colcon_core.package_identification:_identify(src) by extensions ['colcon_pkg']
[0.256s] Level 1:colcon.colcon_core.package_identification:_identify(src) by extension 'colcon_pkg'
[0.257s] Level 1:colcon.colcon_core.package_identification:_identify(src) by extensions ['colcon_meta']
[0.257s] Level 1:colcon.colcon_core.package_identification:_identify(src) by extension 'colcon_meta'
[0.257s] Level 1:colcon.colcon_core.package_identification:_identify(src) by extensions ['ros']
[0.257s] Level 1:colcon.colcon_core.package_identification:_identify(src) by extension 'ros'
[0.257s] Level 1:colcon.colcon_core.package_identification:_identify(src) by extensions ['cmake', 'python']
[0.257s] Level 1:colcon.colcon_core.package_identification:_identify(src) by extension 'cmake'
[0.257s] Level 1:colcon.colcon_core.package_identification:_identify(src) by extension 'python'
[0.257s] Level 1:colcon.colcon_core.package_identification:_identify(src) by extensions ['python_setup_py']
[0.257s] Level 1:colcon.colcon_core.package_identification:_identify(src) by extension 'python_setup_py'
[0.257s] Level 1:colcon.colcon_core.package_identification:_identify(src/build) by extensions ['ignore', 'ignore_ament_install']
[0.257s] Level 1:colcon.colcon_core.package_identification:_identify(src/build) by extension 'ignore'
[0.257s] Level 1:colcon.colcon_core.package_identification:_identify(src/build) ignored
[0.257s] Level 1:colcon.colcon_core.package_identification:_identify(src/install) by extensions ['ignore', 'ignore_ament_install']
[0.257s] Level 1:colcon.colcon_core.package_identification:_identify(src/install) by extension 'ignore'
[0.257s] Level 1:colcon.colcon_core.package_identification:_identify(src/install) ignored
[0.257s] Level 1:colcon.colcon_core.package_identification:_identify(src/log) by extensions ['ignore', 'ignore_ament_install']
[0.257s] Level 1:colcon.colcon_core.package_identification:_identify(src/log) by extension 'ignore'
[0.257s] Level 1:colcon.colcon_core.package_identification:_identify(src/log) ignored
[0.257s] Level 1:colcon.colcon_core.package_identification:_identify(src/output) by extensions ['ignore', 'ignore_ament_install']
[0.257s] Level 1:colcon.colcon_core.package_identification:_identify(src/output) by extension 'ignore'
[0.257s] Level 1:colcon.colcon_core.package_identification:_identify(src/output) by extension 'ignore_ament_install'
[0.257s] Level 1:colcon.colcon_core.package_identification:_identify(src/output) by extensions ['colcon_pkg']
[0.257s] Level 1:colcon.colcon_core.package_identification:_identify(src/output) by extension 'colcon_pkg'
[0.257s] Level 1:colcon.colcon_core.package_identification:_identify(src/output) by extensions ['colcon_meta']
[0.257s] Level 1:colcon.colcon_core.package_identification:_identify(src/output) by extension 'colcon_meta'
[0.258s] Level 1:colcon.colcon_core.package_identification:_identify(src/output) by extensions ['ros']
[0.258s] Level 1:colcon.colcon_core.package_identification:_identify(src/output) by extension 'ros'
[0.258s] Level 1:colcon.colcon_core.package_identification:_identify(src/output) by extensions ['cmake', 'python']
[0.258s] Level 1:colcon.colcon_core.package_identification:_identify(src/output) by extension 'cmake'
[0.258s] Level 1:colcon.colcon_core.package_identification:_identify(src/output) by extension 'python'
[0.258s] Level 1:colcon.colcon_core.package_identification:_identify(src/output) by extensions ['python_setup_py']
[0.258s] Level 1:colcon.colcon_core.package_identification:_identify(src/output) by extension 'python_setup_py'
[0.258s] Level 1:colcon.colcon_core.package_identification:_identify(src/uwb) by extensions ['ignore', 'ignore_ament_install']
[0.258s] Level 1:colcon.colcon_core.package_identification:_identify(src/uwb) by extension 'ignore'
[0.258s] Level 1:colcon.colcon_core.package_identification:_identify(src/uwb) by extension 'ignore_ament_install'
[0.258s] Level 1:colcon.colcon_core.package_identification:_identify(src/uwb) by extensions ['colcon_pkg']
[0.258s] Level 1:colcon.colcon_core.package_identification:_identify(src/uwb) by extension 'colcon_pkg'
[0.258s] Level 1:colcon.colcon_core.package_identification:_identify(src/uwb) by extensions ['colcon_meta']
[0.258s] Level 1:colcon.colcon_core.package_identification:_identify(src/uwb) by extension 'colcon_meta'
[0.258s] Level 1:colcon.colcon_core.package_identification:_identify(src/uwb) by extensions ['ros']
[0.258s] Level 1:colcon.colcon_core.package_identification:_identify(src/uwb) by extension 'ros'
[0.260s] DEBUG:colcon.colcon_core.package_identification:Package 'src/uwb' with type 'ros.ament_python' and name 'uwb'
[0.260s] Level 1:colcon.colcon_core.package_identification:_identify(src/uwb_msgs) by extensions ['ignore', 'ignore_ament_install']
[0.260s] Level 1:colcon.colcon_core.package_identification:_identify(src/uwb_msgs) by extension 'ignore'
[0.260s] Level 1:colcon.colcon_core.package_identification:_identify(src/uwb_msgs) by extension 'ignore_ament_install'
[0.260s] Level 1:colcon.colcon_core.package_identification:_identify(src/uwb_msgs) by extensions ['colcon_pkg']
[0.260s] Level 1:colcon.colcon_core.package_identification:_identify(src/uwb_msgs) by extension 'colcon_pkg'
[0.260s] Level 1:colcon.colcon_core.package_identification:_identify(src/uwb_msgs) by extensions ['colcon_meta']
[0.260s] Level 1:colcon.colcon_core.package_identification:_identify(src/uwb_msgs) by extension 'colcon_meta'
[0.260s] Level 1:colcon.colcon_core.package_identification:_identify(src/uwb_msgs) by extensions ['ros']
[0.260s] Level 1:colcon.colcon_core.package_identification:_identify(src/uwb_msgs) by extension 'ros'
[0.261s] DEBUG:colcon.colcon_core.package_identification:Package 'src/uwb_msgs' with type 'ros.ament_cmake' and name 'uwb_msgs'
[0.261s] Level 1:colcon.colcon_core.package_identification:_identify(test) by extensions ['ignore', 'ignore_ament_install']
[0.261s] Level 1:colcon.colcon_core.package_identification:_identify(test) by extension 'ignore'
[0.261s] Level 1:colcon.colcon_core.package_identification:_identify(test) by extension 'ignore_ament_install'
[0.261s] Level 1:colcon.colcon_core.package_identification:_identify(test) by extensions ['colcon_pkg']
[0.261s] Level 1:colcon.colcon_core.package_identification:_identify(test) by extension 'colcon_pkg'
[0.261s] Level 1:colcon.colcon_core.package_identification:_identify(test) by extensions ['colcon_meta']
[0.261s] Level 1:colcon.colcon_core.package_identification:_identify(test) by extension 'colcon_meta'
[0.261s] Level 1:colcon.colcon_core.package_identification:_identify(test) by extensions ['ros']
[0.261s] Level 1:colcon.colcon_core.package_identification:_identify(test) by extension 'ros'
[0.261s] Level 1:colcon.colcon_core.package_identification:_identify(test) by extensions ['cmake', 'python']
[0.261s] Level 1:colcon.colcon_core.package_identification:_identify(test) by extension 'cmake'
[0.261s] Level 1:colcon.colcon_core.package_identification:_identify(test) by extension 'python'
[0.261s] Level 1:colcon.colcon_core.package_identification:_identify(test) by extensions ['python_setup_py']
[0.261s] Level 1:colcon.colcon_core.package_identification:_identify(test) by extension 'python_setup_py'
[0.261s] Level 1:colcon.colcon_core.package_discovery:discover_packages(recursive) using defaults
[0.261s] Level 1:colcon.colcon_core.package_discovery:discover_packages(ignore) discover
[0.261s] Level 1:colcon.colcon_core.package_discovery:discover_packages(ignore) using defaults
[0.262s] Level 1:colcon.colcon_core.package_discovery:discover_packages(path) discover
[0.262s] Level 1:colcon.colcon_core.package_discovery:discover_packages(path) using defaults
[0.278s] Level 1:colcon.colcon_core.package_discovery:discover_packages(prefix_path) check parameters
[0.278s] Level 1:colcon.colcon_core.package_discovery:discover_packages(prefix_path) discover
[0.280s] DEBUG:colcon.colcon_installed_package_information.package_discovery:Found 2 installed packages in /workspace/safmc_uwb/ros/install
[0.282s] DEBUG:colcon.colcon_installed_package_information.package_discovery:Found 284 installed packages in /opt/ros/humble
[0.289s] Level 1:colcon.colcon_core.package_discovery:discover_packages(prefix_path) using defaults
[0.317s] Level 5:colcon.colcon_core.verb:set package 'uwb_msgs' build argument 'cmake_args' from command line to 'None'
[0.317s] Level 5:colcon.colcon_core.verb:set package 'uwb_msgs' build argument 'cmake_target' from command line to 'None'
[0.317s] Level 5:colcon.colcon_core.verb:set package 'uwb_msgs' build argument 'cmake_target_skip_unavailable' from command line to 'False'
[0.317s] Level 5:colcon.colcon_core.verb:set package 'uwb_msgs' build argument 'cmake_clean_cache' from command line to 'False'
[0.317s] Level 5:colcon.colcon_core.verb:set package 'uwb_msgs' build argument 'cmake_clean_first' from command line to 'False'
[0.317s] Level 5:colcon.colcon_core.verb:set package 'uwb_msgs' build argument 'cmake_force_configure' from command line to 'False'
[0.317s] Level 5:colcon.colcon_core.verb:set package 'uwb_msgs' build argument 'ament_cmake_args' from command line to 'None'
[0.317s] Level 5:colcon.colcon_core.verb:set package 'uwb_msgs' build argument 'catkin_cmake_args' from command line to 'None'
[0.317s] Level 5:colcon.colcon_core.verb:set package 'uwb_msgs' build argument 'catkin_skip_building_tests' from command line to 'False'
[0.317s] DEBUG:colcon.colcon_core.verb:Building package 'uwb_msgs' with the following arguments: {'ament_cmake_args': None, 'build_base': '/workspace/safmc_uwb/ros/build/uwb_msgs', 'catkin_cmake_args': None, 'catkin_skip_building_tests': False, 'cmake_args': None, 'cmake_clean_cache': False, 'cmake_clean_first': False, 'cmake_force_configure': False, 'cmake_target': None, 'cmake_target_skip_unavailable': False, 'install_base': '/workspace/safmc_uwb/ros/install/uwb_msgs', 'merge_install': False, 'path': '/workspace/safmc_uwb/ros/src/uwb_msgs', 'symlink_install': False, 'test_result_base': None}
[0.317s] Level 5:colcon.colcon_core.verb:set package 'uwb' build argument 'cmake_args' from command line to 'None'
[0.318s] Level 5:colcon.colcon_core.verb:set package 'uwb' build argument 'cmake_target' from command line to 'None'
[0.318s] Level 5:colcon.colcon_core.verb:set package 'uwb' build argument 'cmake_target_skip_unavailable' from command line to 'False'
[0.318s] Level 5:colcon.colcon_core.verb:set package 'uwb' build argument 'cmake_clean_cache' from command line to 'False'
[0.318s] Level 5:colcon.colcon_core.verb:set package 'uwb' build argument 'cmake_clean_first' from command line to 'False'
[0.318s] Level 5:colcon.colcon_core.verb:set package 'uwb' build argument 'cmake_force_configure' from command line to 'False'
[0.318s] Level 5:colcon.colcon_core.verb:set package 'uwb' build argument 'ament_cmake_args' from command line to 'None'
[0.318s] Level 5:colcon.colcon_core.verb:set package 'uwb' build argument 'catkin_cmake_args' from command line to 'None'
[0.318s] Level 5:colcon.colcon_core.verb:set package 'uwb' build argument 'catkin_skip_building_tests' from command line to 'False'
[0.318s] DEBUG:colcon.colcon_core.verb:Building package 'uwb' with the following arguments: {'ament_cmake_args': None, 'build_base': '/workspace/safmc_uwb/ros/build/uwb', 'catkin_cmake_args': None, 'catkin_skip_building_tests': False, 'cmake_args': None, 'cmake_clean_cache': False, 'cmake_clean_first': False, 'cmake_force_configure': False, 'cmake_target': None, 'cmake_target_skip_unavailable': False, 'install_base': '/workspace/safmc_uwb/ros/install/uwb', 'merge_install': False, 'path': '/workspace/safmc_uwb/ros/src/uwb', 'symlink_install': False, 'test_result_base': None}
[0.318s] INFO:colcon.colcon_core.executor:Executing jobs using 'parallel' executor
[0.319s] DEBUG:colcon.colcon_parallel_executor.executor.parallel:run_until_complete
[0.319s] INFO:colcon.colcon_ros.task.ament_cmake.build:Building ROS package in '/workspace/safmc_uwb/ros/src/uwb_msgs' with build type 'ament_cmake'
[0.319s] INFO:colcon.colcon_cmake.task.cmake.build:Building CMake package in '/workspace/safmc_uwb/ros/src/uwb_msgs'
[0.321s] INFO:colcon.colcon_core.plugin_system:Skipping extension 'colcon_core.shell.bat': Not used on non-Windows systems
[0.321s] INFO:colcon.colcon_core.shell:Skip shell extension 'powershell' for command environment: Not usable outside of PowerShell
[0.321s] DEBUG:colcon.colcon_core.shell:Skip shell extension 'dsv' for command environment
[0.329s] DEBUG:colcon.colcon_core.event_handler.log_command:Invoking command in '/workspace/safmc_uwb/ros/build/uwb_msgs': CMAKE_PREFIX_PATH=${CMAKE_PREFIX_PATH}:/workspace/safmc_uwb/ros/install/uwb:/opt/ros/humble /usr/bin/cmake --build /workspace/safmc_uwb/ros/build/uwb_msgs -- -j20 -l20
[0.707s] DEBUG:colcon.colcon_core.event_handler.log_command:Invoked command in '/workspace/safmc_uwb/ros/build/uwb_msgs' returned '0': CMAKE_PREFIX_PATH=${CMAKE_PREFIX_PATH}:/workspace/safmc_uwb/ros/install/uwb:/opt/ros/humble /usr/bin/cmake --build /workspace/safmc_uwb/ros/build/uwb_msgs -- -j20 -l20
[0.721s] DEBUG:colcon.colcon_core.event_handler.log_command:Invoking command in '/workspace/safmc_uwb/ros/build/uwb_msgs': CMAKE_PREFIX_PATH=${CMAKE_PREFIX_PATH}:/workspace/safmc_uwb/ros/install/uwb:/opt/ros/humble /usr/bin/cmake --install /workspace/safmc_uwb/ros/build/uwb_msgs
[0.812s] Level 1:colcon.colcon_core.environment:create_environment_scripts_only(uwb_msgs)
[0.812s] DEBUG:colcon.colcon_core.event_handler.log_command:Invoked command in '/workspace/safmc_uwb/ros/build/uwb_msgs' returned '0': CMAKE_PREFIX_PATH=${CMAKE_PREFIX_PATH}:/workspace/safmc_uwb/ros/install/uwb:/opt/ros/humble /usr/bin/cmake --install /workspace/safmc_uwb/ros/build/uwb_msgs
[0.815s] Level 1:colcon.colcon_core.environment:checking '/workspace/safmc_uwb/ros/install/uwb_msgs' for CMake module files
[0.816s] Level 1:colcon.colcon_core.environment:checking '/workspace/safmc_uwb/ros/install/uwb_msgs' for CMake config files
[0.817s] Level 1:colcon.colcon_core.shell:create_environment_hook('uwb_msgs', 'cmake_prefix_path')
[0.817s] INFO:colcon.colcon_core.shell:Creating environment hook '/workspace/safmc_uwb/ros/install/uwb_msgs/share/uwb_msgs/hook/cmake_prefix_path.ps1'
[0.818s] INFO:colcon.colcon_core.shell:Creating environment descriptor '/workspace/safmc_uwb/ros/install/uwb_msgs/share/uwb_msgs/hook/cmake_prefix_path.dsv'
[0.818s] INFO:colcon.colcon_core.shell:Creating environment hook '/workspace/safmc_uwb/ros/install/uwb_msgs/share/uwb_msgs/hook/cmake_prefix_path.sh'
[0.819s] Level 1:colcon.colcon_core.environment:checking '/workspace/safmc_uwb/ros/install/uwb_msgs/lib'
[0.819s] Level 1:colcon.colcon_core.shell:create_environment_hook('uwb_msgs', 'ld_library_path_lib')
[0.820s] INFO:colcon.colcon_core.shell:Creating environment hook '/workspace/safmc_uwb/ros/install/uwb_msgs/share/uwb_msgs/hook/ld_library_path_lib.ps1'
[0.820s] INFO:colcon.colcon_core.shell:Creating environment descriptor '/workspace/safmc_uwb/ros/install/uwb_msgs/share/uwb_msgs/hook/ld_library_path_lib.dsv'
[0.820s] INFO:colcon.colcon_core.shell:Creating environment hook '/workspace/safmc_uwb/ros/install/uwb_msgs/share/uwb_msgs/hook/ld_library_path_lib.sh'
[0.821s] Level 1:colcon.colcon_core.environment:checking '/workspace/safmc_uwb/ros/install/uwb_msgs/bin'
[0.821s] Level 1:colcon.colcon_core.environment:checking '/workspace/safmc_uwb/ros/install/uwb_msgs/lib/pkgconfig/uwb_msgs.pc'
[0.821s] Level 1:colcon.colcon_core.environment:checking '/workspace/safmc_uwb/ros/install/uwb_msgs/lib/python3.10/site-packages'
[0.822s] Level 1:colcon.colcon_core.environment:checking '/workspace/safmc_uwb/ros/install/uwb_msgs/bin'
[0.822s] INFO:colcon.colcon_core.shell:Creating package script '/workspace/safmc_uwb/ros/install/uwb_msgs/share/uwb_msgs/package.ps1'
[0.823s] INFO:colcon.colcon_core.shell:Creating package descriptor '/workspace/safmc_uwb/ros/install/uwb_msgs/share/uwb_msgs/package.dsv'
[0.824s] INFO:colcon.colcon_core.shell:Creating package script '/workspace/safmc_uwb/ros/install/uwb_msgs/share/uwb_msgs/package.sh'
[0.825s] INFO:colcon.colcon_core.shell:Creating package script '/workspace/safmc_uwb/ros/install/uwb_msgs/share/uwb_msgs/package.bash'
[0.826s] INFO:colcon.colcon_core.shell:Creating package script '/workspace/safmc_uwb/ros/install/uwb_msgs/share/uwb_msgs/package.zsh'
[0.827s] Level 1:colcon.colcon_core.environment:create_file_with_runtime_dependencies(/workspace/safmc_uwb/ros/install/uwb_msgs/share/colcon-core/packages/uwb_msgs)
[0.827s] Level 1:colcon.colcon_core.environment:create_environment_scripts_only(uwb_msgs)
[0.828s] Level 1:colcon.colcon_core.environment:checking '/workspace/safmc_uwb/ros/install/uwb_msgs' for CMake module files
[0.828s] Level 1:colcon.colcon_core.environment:checking '/workspace/safmc_uwb/ros/install/uwb_msgs' for CMake config files
[0.829s] Level 1:colcon.colcon_core.shell:create_environment_hook('uwb_msgs', 'cmake_prefix_path')
[0.829s] INFO:colcon.colcon_core.shell:Creating environment hook '/workspace/safmc_uwb/ros/install/uwb_msgs/share/uwb_msgs/hook/cmake_prefix_path.ps1'
[0.830s] INFO:colcon.colcon_core.shell:Creating environment descriptor '/workspace/safmc_uwb/ros/install/uwb_msgs/share/uwb_msgs/hook/cmake_prefix_path.dsv'
[0.830s] INFO:colcon.colcon_core.shell:Creating environment hook '/workspace/safmc_uwb/ros/install/uwb_msgs/share/uwb_msgs/hook/cmake_prefix_path.sh'
[0.831s] Level 1:colcon.colcon_core.environment:checking '/workspace/safmc_uwb/ros/install/uwb_msgs/lib'
[0.831s] Level 1:colcon.colcon_core.shell:create_environment_hook('uwb_msgs', 'ld_library_path_lib')
[0.831s] INFO:colcon.colcon_core.shell:Creating environment hook '/workspace/safmc_uwb/ros/install/uwb_msgs/share/uwb_msgs/hook/ld_library_path_lib.ps1'
[0.832s] INFO:colcon.colcon_core.shell:Creating environment descriptor '/workspace/safmc_uwb/ros/install/uwb_msgs/share/uwb_msgs/hook/ld_library_path_lib.dsv'
[0.832s] INFO:colcon.colcon_core.shell:Creating environment hook '/workspace/safmc_uwb/ros/install/uwb_msgs/share/uwb_msgs/hook/ld_library_path_lib.sh'
[0.832s] Level 1:colcon.colcon_core.environment:checking '/workspace/safmc_uwb/ros/install/uwb_msgs/bin'
[0.833s] Level 1:colcon.colcon_core.environment:checking '/workspace/safmc_uwb/ros/install/uwb_msgs/lib/pkgconfig/uwb_msgs.pc'
[0.833s] Level 1:colcon.colcon_core.environment:checking '/workspace/safmc_uwb/ros/install/uwb_msgs/lib/python3.10/site-packages'
[0.833s] Level 1:colcon.colcon_core.environment:checking '/workspace/safmc_uwb/ros/install/uwb_msgs/bin'
[0.833s] INFO:colcon.colcon_core.shell:Creating package script '/workspace/safmc_uwb/ros/install/uwb_msgs/share/uwb_msgs/package.ps1'
[0.834s] INFO:colcon.colcon_core.shell:Creating package descriptor '/workspace/safmc_uwb/ros/install/uwb_msgs/share/uwb_msgs/package.dsv'
[0.835s] INFO:colcon.colcon_core.shell:Creating package script '/workspace/safmc_uwb/ros/install/uwb_msgs/share/uwb_msgs/package.sh'
[0.835s] INFO:colcon.colcon_core.shell:Creating package script '/workspace/safmc_uwb/ros/install/uwb_msgs/share/uwb_msgs/package.bash'
[0.836s] INFO:colcon.colcon_core.shell:Creating package script '/workspace/safmc_uwb/ros/install/uwb_msgs/share/uwb_msgs/package.zsh'
[0.836s] Level 1:colcon.colcon_core.environment:create_file_with_runtime_dependencies(/workspace/safmc_uwb/ros/install/uwb_msgs/share/colcon-core/packages/uwb_msgs)
[0.836s] INFO:colcon.colcon_ros.task.ament_python.build:Building ROS package in '/workspace/safmc_uwb/ros/src/uwb' with build type 'ament_python'
[0.837s] Level 1:colcon.colcon_core.shell:create_environment_hook('uwb', 'ament_prefix_path')
[0.837s] INFO:colcon.colcon_core.shell:Creating environment hook '/workspace/safmc_uwb/ros/install/uwb/share/uwb/hook/ament_prefix_path.ps1'
[0.838s] INFO:colcon.colcon_core.shell:Creating environment descriptor '/workspace/safmc_uwb/ros/install/uwb/share/uwb/hook/ament_prefix_path.dsv'
[0.838s] INFO:colcon.colcon_core.shell:Creating environment hook '/workspace/safmc_uwb/ros/install/uwb/share/uwb/hook/ament_prefix_path.sh'
[0.839s] INFO:colcon.colcon_core.shell:Skip shell extension 'powershell' for command environment: Not usable outside of PowerShell
[0.839s] DEBUG:colcon.colcon_core.shell:Skip shell extension 'dsv' for command environment
[1.152s] INFO:colcon.colcon_core.task.python.build:Building Python package in '/workspace/safmc_uwb/ros/src/uwb'
[1.152s] INFO:colcon.colcon_core.shell:Skip shell extension 'powershell' for command environment: Not usable outside of PowerShell
[1.152s] DEBUG:colcon.colcon_core.shell:Skip shell extension 'dsv' for command environment
[1.573s] DEBUG:colcon.colcon_core.event_handler.log_command:Invoking command in '/workspace/safmc_uwb/ros/src/uwb': PYTHONPATH=/workspace/safmc_uwb/ros/build/uwb/prefix_override:/usr/lib/python3/dist-packages/colcon_core/task/python/colcon_distutils_commands:/workspace/safmc_uwb/ros/install/uwb/lib/python3.10/site-packages:${PYTHONPATH} /usr/bin/python3 -W ignore:setup.py install is deprecated -W ignore:easy_install command is deprecated setup.py egg_info --egg-base ../../build/uwb build --build-base /workspace/safmc_uwb/ros/build/uwb/build install --record /workspace/safmc_uwb/ros/build/uwb/install.log --single-version-externally-managed install_data
[1.997s] Level 1:colcon.colcon_core.environment:checking '/workspace/safmc_uwb/ros/install/uwb' for CMake module files
[1.999s] DEBUG:colcon.colcon_core.event_handler.log_command:Invoked command in '/workspace/safmc_uwb/ros/src/uwb' returned '0': PYTHONPATH=/workspace/safmc_uwb/ros/build/uwb/prefix_override:/usr/lib/python3/dist-packages/colcon_core/task/python/colcon_distutils_commands:/workspace/safmc_uwb/ros/install/uwb/lib/python3.10/site-packages:${PYTHONPATH} /usr/bin/python3 -W ignore:setup.py install is deprecated -W ignore:easy_install command is deprecated setup.py egg_info --egg-base ../../build/uwb build --build-base /workspace/safmc_uwb/ros/build/uwb/build install --record /workspace/safmc_uwb/ros/build/uwb/install.log --single-version-externally-managed install_data
[2.000s] Level 1:colcon.colcon_core.environment:checking '/workspace/safmc_uwb/ros/install/uwb' for CMake config files
[2.005s] Level 1:colcon.colcon_core.environment:checking '/workspace/safmc_uwb/ros/install/uwb/lib'
[2.006s] Level 1:colcon.colcon_core.environment:checking '/workspace/safmc_uwb/ros/install/uwb/bin'
[2.006s] Level 1:colcon.colcon_core.environment:checking '/workspace/safmc_uwb/ros/install/uwb/lib/pkgconfig/uwb.pc'
[2.008s] Level 1:colcon.colcon_core.environment:checking '/workspace/safmc_uwb/ros/install/uwb/lib/python3.10/site-packages'
[2.008s] Level 1:colcon.colcon_core.shell:create_environment_hook('uwb', 'pythonpath')
[2.010s] INFO:colcon.colcon_core.shell:Creating environment hook '/workspace/safmc_uwb/ros/install/uwb/share/uwb/hook/pythonpath.ps1'
[2.014s] INFO:colcon.colcon_core.shell:Creating environment descriptor '/workspace/safmc_uwb/ros/install/uwb/share/uwb/hook/pythonpath.dsv'
[2.016s] INFO:colcon.colcon_core.shell:Creating environment hook '/workspace/safmc_uwb/ros/install/uwb/share/uwb/hook/pythonpath.sh'
[2.021s] Level 1:colcon.colcon_core.environment:checking '/workspace/safmc_uwb/ros/install/uwb/bin'
[2.022s] Level 1:colcon.colcon_core.environment:create_environment_scripts_only(uwb)
[2.024s] INFO:colcon.colcon_core.shell:Creating package script '/workspace/safmc_uwb/ros/install/uwb/share/uwb/package.ps1'
[2.028s] INFO:colcon.colcon_core.shell:Creating package descriptor '/workspace/safmc_uwb/ros/install/uwb/share/uwb/package.dsv'
[2.031s] INFO:colcon.colcon_core.shell:Creating package script '/workspace/safmc_uwb/ros/install/uwb/share/uwb/package.sh'
[2.035s] INFO:colcon.colcon_core.shell:Creating package script '/workspace/safmc_uwb/ros/install/uwb/share/uwb/package.bash'
[2.037s] INFO:colcon.colcon_core.shell:Creating package script '/workspace/safmc_uwb/ros/install/uwb/share/uwb/package.zsh'
[2.038s] Level 1:colcon.colcon_core.environment:create_file_with_runtime_dependencies(/workspace/safmc_uwb/ros/install/uwb/share/colcon-core/packages/uwb)
[2.038s] DEBUG:colcon.colcon_parallel_executor.executor.parallel:closing loop
[2.039s] DEBUG:colcon.colcon_parallel_executor.executor.parallel:loop closed
[2.039s] DEBUG:colcon.colcon_parallel_executor.executor.parallel:run_until_complete finished with '0'
[2.039s] DEBUG:colcon.colcon_core.event_reactor:joining thread
[2.047s] INFO:colcon.colcon_core.plugin_system:Skipping extension 'colcon_notification.desktop_notification.notify_send': Could not find 'notify-send'
[2.047s] INFO:colcon.colcon_core.plugin_system:Skipping extension 'colcon_notification.desktop_notification.terminal_notifier': Not used on non-Darwin systems
[2.048s] INFO:colcon.colcon_core.plugin_system:Skipping extension 'colcon_notification.desktop_notification.win32': Not used on non-Windows systems
[2.048s] INFO:colcon.colcon_notification.desktop_notification:Sending desktop notification using 'notify2'
[2.053s] DEBUG:colcon.colcon_notification.desktop_notification.notify2:Failed to initialize notify2: org.freedesktop.DBus.Error.Spawn.ExecFailed: /usr/bin/dbus-launch terminated abnormally without any error message
[2.054s] DEBUG:colcon.colcon_core.event_reactor:joined thread
[2.055s] INFO:colcon.colcon_core.shell:Creating prefix script '/workspace/safmc_uwb/ros/install/local_setup.ps1'
[2.056s] INFO:colcon.colcon_core.shell:Creating prefix util module '/workspace/safmc_uwb/ros/install/_local_setup_util_ps1.py'
[2.058s] INFO:colcon.colcon_core.shell:Creating prefix chain script '/workspace/safmc_uwb/ros/install/setup.ps1'
[2.059s] INFO:colcon.colcon_core.shell:Creating prefix script '/workspace/safmc_uwb/ros/install/local_setup.sh'
[2.060s] INFO:colcon.colcon_core.shell:Creating prefix util module '/workspace/safmc_uwb/ros/install/_local_setup_util_sh.py'
[2.061s] INFO:colcon.colcon_core.shell:Creating prefix chain script '/workspace/safmc_uwb/ros/install/setup.sh'
[2.062s] INFO:colcon.colcon_core.shell:Creating prefix script '/workspace/safmc_uwb/ros/install/local_setup.bash'
[2.063s] INFO:colcon.colcon_core.shell:Creating prefix chain script '/workspace/safmc_uwb/ros/install/setup.bash'
[2.064s] INFO:colcon.colcon_core.shell:Creating prefix script '/workspace/safmc_uwb/ros/install/local_setup.zsh'
[2.065s] INFO:colcon.colcon_core.shell:Creating prefix chain script '/workspace/safmc_uwb/ros/install/setup.zsh'
