[1.212s] Invoking command in '/workspace/safmc_uwb/ros/src/uwb': AMENT_PREFIX_PATH=/workspace/safmc_uwb/ros/src/install/uwb_msgs:${AMENT_PREFIX_PATH} CMAKE_PREFIX_PATH=/workspace/safmc_uwb/ros/src/install/uwb_msgs:${CMAKE_PREFIX_PATH} LD_LIBRARY_PATH=/workspace/safmc_uwb/ros/src/install/uwb_msgs/lib:${LD_LIBRARY_PATH} PYTHONPATH=/workspace/safmc_uwb/ros/src/build/uwb/prefix_override:/usr/lib/python3/dist-packages/colcon_core/task/python/colcon_distutils_commands:/workspace/safmc_uwb/ros/src/install/uwb/lib/python3.10/site-packages:/workspace/safmc_uwb/ros/src/install/uwb_msgs/local/lib/python3.10/dist-packages:${PYTHONPATH} /usr/bin/python3 -W ignore:setup.py install is deprecated -W ignore:easy_install command is deprecated setup.py egg_info --egg-base ../build/uwb build --build-base /workspace/safmc_uwb/ros/src/build/uwb/build install --record /workspace/safmc_uwb/ros/src/build/uwb/install.log --single-version-externally-managed install_data
[1.552s] running egg_info
[1.553s] creating ../build/uwb/uwb.egg-info
[1.553s] writing ../build/uwb/uwb.egg-info/PKG-INFO
[1.554s] writing dependency_links to ../build/uwb/uwb.egg-info/dependency_links.txt
[1.554s] writing entry points to ../build/uwb/uwb.egg-info/entry_points.txt
[1.555s] writing requirements to ../build/uwb/uwb.egg-info/requires.txt
[1.555s] writing top-level names to ../build/uwb/uwb.egg-info/top_level.txt
[1.555s] writing manifest file '../build/uwb/uwb.egg-info/SOURCES.txt'
[1.558s] reading manifest file '../build/uwb/uwb.egg-info/SOURCES.txt'
[1.559s] writing manifest file '../build/uwb/uwb.egg-info/SOURCES.txt'
[1.559s] running build
[1.560s] running build_py
[1.560s] creating /workspace/safmc_uwb/ros/src/build/uwb/build
[1.560s] creating /workspace/safmc_uwb/ros/src/build/uwb/build/lib
[1.561s] creating /workspace/safmc_uwb/ros/src/build/uwb/build/lib/uwb
[1.561s] copying uwb/uwb.py -> /workspace/safmc_uwb/ros/src/build/uwb/build/lib/uwb
[1.562s] copying uwb/build_3D_coord.py -> /workspace/safmc_uwb/ros/src/build/uwb/build/lib/uwb
[1.562s] copying uwb/uwb_rewrite.py -> /workspace/safmc_uwb/ros/src/build/uwb/build/lib/uwb
[1.562s] copying uwb/uwb_rewrite_2.py -> /workspace/safmc_uwb/ros/src/build/uwb/build/lib/uwb
[1.563s] copying uwb/__init__.py -> /workspace/safmc_uwb/ros/src/build/uwb/build/lib/uwb
[1.563s] running install
[1.564s] running install_lib
[1.565s] creating /workspace/safmc_uwb/ros/src/install/uwb/lib/python3.10/site-packages/uwb
[1.565s] copying /workspace/safmc_uwb/ros/src/build/uwb/build/lib/uwb/uwb.py -> /workspace/safmc_uwb/ros/src/install/uwb/lib/python3.10/site-packages/uwb
[1.566s] copying /workspace/safmc_uwb/ros/src/build/uwb/build/lib/uwb/build_3D_coord.py -> /workspace/safmc_uwb/ros/src/install/uwb/lib/python3.10/site-packages/uwb
[1.566s] copying /workspace/safmc_uwb/ros/src/build/uwb/build/lib/uwb/uwb_rewrite.py -> /workspace/safmc_uwb/ros/src/install/uwb/lib/python3.10/site-packages/uwb
[1.566s] copying /workspace/safmc_uwb/ros/src/build/uwb/build/lib/uwb/uwb_rewrite_2.py -> /workspace/safmc_uwb/ros/src/install/uwb/lib/python3.10/site-packages/uwb
[1.567s] copying /workspace/safmc_uwb/ros/src/build/uwb/build/lib/uwb/__init__.py -> /workspace/safmc_uwb/ros/src/install/uwb/lib/python3.10/site-packages/uwb
[1.568s] byte-compiling /workspace/safmc_uwb/ros/src/install/uwb/lib/python3.10/site-packages/uwb/uwb.py to uwb.cpython-310.pyc
[1.573s] byte-compiling /workspace/safmc_uwb/ros/src/install/uwb/lib/python3.10/site-packages/uwb/build_3D_coord.py to build_3D_coord.cpython-310.pyc
[1.574s] byte-compiling /workspace/safmc_uwb/ros/src/install/uwb/lib/python3.10/site-packages/uwb/uwb_rewrite.py to uwb_rewrite.cpython-310.pyc
[1.577s] byte-compiling /workspace/safmc_uwb/ros/src/install/uwb/lib/python3.10/site-packages/uwb/uwb_rewrite_2.py to uwb_rewrite_2.cpython-310.pyc
[1.579s] byte-compiling /workspace/safmc_uwb/ros/src/install/uwb/lib/python3.10/site-packages/uwb/__init__.py to __init__.cpython-310.pyc
[1.580s] running install_data
[1.580s] creating /workspace/safmc_uwb/ros/src/install/uwb/share/ament_index
[1.580s] creating /workspace/safmc_uwb/ros/src/install/uwb/share/ament_index/resource_index
[1.581s] creating /workspace/safmc_uwb/ros/src/install/uwb/share/ament_index/resource_index/packages
[1.581s] copying resource/uwb -> /workspace/safmc_uwb/ros/src/install/uwb/share/ament_index/resource_index/packages
[1.581s] copying package.xml -> /workspace/safmc_uwb/ros/src/install/uwb/share/uwb
[1.581s] running install_egg_info
[1.584s] Copying ../build/uwb/uwb.egg-info to /workspace/safmc_uwb/ros/src/install/uwb/lib/python3.10/site-packages/uwb-0.0.0-py3.10.egg-info
[1.587s] running install_scripts
[1.614s] Installing uwb script to /workspace/safmc_uwb/ros/src/install/uwb/lib/uwb
[1.615s] writing list of installed files to '/workspace/safmc_uwb/ros/src/build/uwb/install.log'
[1.652s] Invoked command in '/workspace/safmc_uwb/ros/src/uwb' returned '0': AMENT_PREFIX_PATH=/workspace/safmc_uwb/ros/src/install/uwb_msgs:${AMENT_PREFIX_PATH} CMAKE_PREFIX_PATH=/workspace/safmc_uwb/ros/src/install/uwb_msgs:${CMAKE_PREFIX_PATH} LD_LIBRARY_PATH=/workspace/safmc_uwb/ros/src/install/uwb_msgs/lib:${LD_LIBRARY_PATH} PYTHONPATH=/workspace/safmc_uwb/ros/src/build/uwb/prefix_override:/usr/lib/python3/dist-packages/colcon_core/task/python/colcon_distutils_commands:/workspace/safmc_uwb/ros/src/install/uwb/lib/python3.10/site-packages:/workspace/safmc_uwb/ros/src/install/uwb_msgs/local/lib/python3.10/dist-packages:${PYTHONPATH} /usr/bin/python3 -W ignore:setup.py install is deprecated -W ignore:easy_install command is deprecated setup.py egg_info --egg-base ../build/uwb build --build-base /workspace/safmc_uwb/ros/src/build/uwb/build install --record /workspace/safmc_uwb/ros/src/build/uwb/install.log --single-version-externally-managed install_data
