running egg_info
creating ../../build/uwb/uwb.egg-info
writing ../../build/uwb/uwb.egg-info/PKG-INFO
writing dependency_links to ../../build/uwb/uwb.egg-info/dependency_links.txt
writing entry points to ../../build/uwb/uwb.egg-info/entry_points.txt
writing requirements to ../../build/uwb/uwb.egg-info/requires.txt
writing top-level names to ../../build/uwb/uwb.egg-info/top_level.txt
writing manifest file '../../build/uwb/uwb.egg-info/SOURCES.txt'
reading manifest file '../../build/uwb/uwb.egg-info/SOURCES.txt'
writing manifest file '../../build/uwb/uwb.egg-info/SOURCES.txt'
running build
running build_py
creating /home/Judy/safmc_uwb/ros/build/uwb/build
creating /home/Judy/safmc_uwb/ros/build/uwb/build/lib
creating /home/Judy/safmc_uwb/ros/build/uwb/build/lib/uwb
copying uwb/uwb.py -> /home/Judy/safmc_uwb/ros/build/uwb/build/lib/uwb
copying uwb/__init__.py -> /home/Judy/safmc_uwb/ros/build/uwb/build/lib/uwb
running install
running install_lib
creating /home/Judy/safmc_uwb/ros/install/uwb/lib/python3.10/site-packages/uwb
copying /home/Judy/safmc_uwb/ros/build/uwb/build/lib/uwb/uwb.py -> /home/Judy/safmc_uwb/ros/install/uwb/lib/python3.10/site-packages/uwb
copying /home/Judy/safmc_uwb/ros/build/uwb/build/lib/uwb/__init__.py -> /home/Judy/safmc_uwb/ros/install/uwb/lib/python3.10/site-packages/uwb
byte-compiling /home/Judy/safmc_uwb/ros/install/uwb/lib/python3.10/site-packages/uwb/uwb.py to uwb.cpython-310.pyc
byte-compiling /home/Judy/safmc_uwb/ros/install/uwb/lib/python3.10/site-packages/uwb/__init__.py to __init__.cpython-310.pyc
running install_data
creating /home/Judy/safmc_uwb/ros/install/uwb/share/ament_index
creating /home/Judy/safmc_uwb/ros/install/uwb/share/ament_index/resource_index
creating /home/Judy/safmc_uwb/ros/install/uwb/share/ament_index/resource_index/packages
copying resource/uwb -> /home/Judy/safmc_uwb/ros/install/uwb/share/ament_index/resource_index/packages
copying package.xml -> /home/Judy/safmc_uwb/ros/install/uwb/share/uwb
running install_egg_info
Copying ../../build/uwb/uwb.egg-info to /home/Judy/safmc_uwb/ros/install/uwb/lib/python3.10/site-packages/uwb-0.0.0-py3.10.egg-info
running install_scripts
Installing uwb script to /home/Judy/safmc_uwb/ros/install/uwb/lib/uwb
writing list of installed files to '/home/Judy/safmc_uwb/ros/build/uwb/install.log'
