[1.638s] Invoking command in '/home/Judy/safmc_uwb/ros/src/uwb': PYTHONPATH=/home/Judy/safmc_uwb/ros/build/uwb/prefix_override:/usr/lib/python3/dist-packages/colcon_core/task/python/colcon_distutils_commands:/home/Judy/safmc_uwb/ros/install/uwb/lib/python3.10/site-packages:${PYTHONPATH} /usr/bin/python3 -W ignore:setup.py install is deprecated -W ignore:easy_install command is deprecated setup.py egg_info --egg-base ../../build/uwb build --build-base /home/Judy/safmc_uwb/ros/build/uwb/build install --record /home/Judy/safmc_uwb/ros/build/uwb/install.log --single-version-externally-managed install_data
[1.976s] running egg_info
[1.976s] creating ../../build/uwb/uwb.egg-info
[1.978s] writing ../../build/uwb/uwb.egg-info/PKG-INFO
[1.978s] writing dependency_links to ../../build/uwb/uwb.egg-info/dependency_links.txt
[1.979s] writing entry points to ../../build/uwb/uwb.egg-info/entry_points.txt
[1.979s] writing requirements to ../../build/uwb/uwb.egg-info/requires.txt
[1.979s] writing top-level names to ../../build/uwb/uwb.egg-info/top_level.txt
[1.979s] writing manifest file '../../build/uwb/uwb.egg-info/SOURCES.txt'
[1.982s] reading manifest file '../../build/uwb/uwb.egg-info/SOURCES.txt'
[1.982s] writing manifest file '../../build/uwb/uwb.egg-info/SOURCES.txt'
[1.982s] running build
[1.983s] running build_py
[1.983s] creating /home/Judy/safmc_uwb/ros/build/uwb/build
[1.983s] creating /home/Judy/safmc_uwb/ros/build/uwb/build/lib
[1.984s] creating /home/Judy/safmc_uwb/ros/build/uwb/build/lib/uwb
[1.984s] copying uwb/uwb.py -> /home/Judy/safmc_uwb/ros/build/uwb/build/lib/uwb
[1.984s] copying uwb/__init__.py -> /home/Judy/safmc_uwb/ros/build/uwb/build/lib/uwb
[1.984s] running install
[1.985s] running install_lib
[1.986s] creating /home/Judy/safmc_uwb/ros/install/uwb/lib/python3.10/site-packages/uwb
[1.986s] copying /home/Judy/safmc_uwb/ros/build/uwb/build/lib/uwb/uwb.py -> /home/Judy/safmc_uwb/ros/install/uwb/lib/python3.10/site-packages/uwb
[1.987s] copying /home/Judy/safmc_uwb/ros/build/uwb/build/lib/uwb/__init__.py -> /home/Judy/safmc_uwb/ros/install/uwb/lib/python3.10/site-packages/uwb
[1.987s] byte-compiling /home/Judy/safmc_uwb/ros/install/uwb/lib/python3.10/site-packages/uwb/uwb.py to uwb.cpython-310.pyc
[1.991s] byte-compiling /home/Judy/safmc_uwb/ros/install/uwb/lib/python3.10/site-packages/uwb/__init__.py to __init__.cpython-310.pyc
[1.991s] running install_data
[1.991s] creating /home/Judy/safmc_uwb/ros/install/uwb/share/ament_index
[1.991s] creating /home/Judy/safmc_uwb/ros/install/uwb/share/ament_index/resource_index
[1.992s] creating /home/Judy/safmc_uwb/ros/install/uwb/share/ament_index/resource_index/packages
[1.992s] copying resource/uwb -> /home/Judy/safmc_uwb/ros/install/uwb/share/ament_index/resource_index/packages
[1.992s] copying package.xml -> /home/Judy/safmc_uwb/ros/install/uwb/share/uwb
[1.993s] running install_egg_info
[1.995s] Copying ../../build/uwb/uwb.egg-info to /home/Judy/safmc_uwb/ros/install/uwb/lib/python3.10/site-packages/uwb-0.0.0-py3.10.egg-info
[1.997s] running install_scripts
[2.026s] Installing uwb script to /home/Judy/safmc_uwb/ros/install/uwb/lib/uwb
[2.028s] writing list of installed files to '/home/Judy/safmc_uwb/ros/build/uwb/install.log'
[2.056s] Invoked command in '/home/Judy/safmc_uwb/ros/src/uwb' returned '0': PYTHONPATH=/home/Judy/safmc_uwb/ros/build/uwb/prefix_override:/usr/lib/python3/dist-packages/colcon_core/task/python/colcon_distutils_commands:/home/Judy/safmc_uwb/ros/install/uwb/lib/python3.10/site-packages:${PYTHONPATH} /usr/bin/python3 -W ignore:setup.py install is deprecated -W ignore:easy_install command is deprecated setup.py egg_info --egg-base ../../build/uwb build --build-base /home/Judy/safmc_uwb/ros/build/uwb/build install --record /home/Judy/safmc_uwb/ros/build/uwb/install.log --single-version-externally-managed install_data
