[0.011s] Invoking command in '/home/Judy/safmc_uwb/build/uwb_msgs': CMAKE_PREFIX_PATH=${CMAKE_PREFIX_PATH}:/home/Judy/safmc_uwb/ros/install/uwb:/home/Judy/safmc_uwb/ros_enfu/install/uwb:/opt/ros/humble /usr/bin/cmake --build /home/Judy/safmc_uwb/build/uwb_msgs -- -j12 -l12
[0.047s] [35m[1mConsolidate compiler generated dependencies of target uwb_msgs__rosidl_generator_c[0m
[0.056s] [  3%] Built target uwb_msgs__cpp
[0.056s] [ 12%] Built target uwb_msgs__rosidl_generator_c
[0.066s] [ 12%] Built target ament_cmake_python_copy_uwb_msgs
[0.067s] [35m[1mConsolidate compiler generated dependencies of target uwb_msgs__rosidl_typesupport_introspection_cpp[0m
[0.067s] [35m[1mConsolidate compiler generated dependencies of target uwb_msgs__rosidl_typesupport_cpp[0m
[0.067s] [35m[1mConsolidate compiler generated dependencies of target uwb_msgs__rosidl_typesupport_fastrtps_cpp[0m
[0.078s] [35m[1mConsolidate compiler generated dependencies of target uwb_msgs__rosidl_typesupport_c[0m
[0.078s] [35m[1mConsolidate compiler generated dependencies of target uwb_msgs__rosidl_typesupport_introspection_c[0m
[0.078s] [35m[1mConsolidate compiler generated dependencies of target uwb_msgs__rosidl_typesupport_fastrtps_c[0m
[0.086s] [ 35%] Built target uwb_msgs__rosidl_typesupport_fastrtps_cpp
[0.086s] [ 35%] Built target uwb_msgs__rosidl_typesupport_cpp
[0.086s] [ 41%] Built target uwb_msgs__rosidl_typesupport_introspection_cpp
[0.089s] [ 61%] Built target uwb_msgs__rosidl_typesupport_introspection_c
[0.089s] [ 61%] Built target uwb_msgs__rosidl_typesupport_c
[0.094s] [ 70%] Built target uwb_msgs__rosidl_typesupport_fastrtps_c
[0.113s] [ 70%] Built target uwb_msgs
[0.132s] [ 74%] Built target uwb_msgs__py
[0.141s] [35m[1mConsolidate compiler generated dependencies of target uwb_msgs__rosidl_generator_py[0m
[0.156s] [ 80%] Built target uwb_msgs__rosidl_generator_py
[0.166s] [35m[1mConsolidate compiler generated dependencies of target uwb_msgs__rosidl_typesupport_fastrtps_c__pyext[0m
[0.166s] [35m[1mConsolidate compiler generated dependencies of target uwb_msgs__rosidl_typesupport_c__pyext[0m
[0.166s] [35m[1mConsolidate compiler generated dependencies of target uwb_msgs__rosidl_typesupport_introspection_c__pyext[0m
[0.178s] [100%] Built target uwb_msgs__rosidl_typesupport_c__pyext
[0.178s] [100%] Built target uwb_msgs__rosidl_typesupport_introspection_c__pyext
[0.178s] [100%] Built target uwb_msgs__rosidl_typesupport_fastrtps_c__pyext
[0.326s] running egg_info
[0.327s] writing uwb_msgs.egg-info/PKG-INFO
[0.327s] writing dependency_links to uwb_msgs.egg-info/dependency_links.txt
[0.328s] writing top-level names to uwb_msgs.egg-info/top_level.txt
[0.330s] reading manifest file 'uwb_msgs.egg-info/SOURCES.txt'
[0.330s] writing manifest file 'uwb_msgs.egg-info/SOURCES.txt'
[0.358s] [100%] Built target ament_cmake_python_build_uwb_msgs_egg
[0.368s] Invoked command in '/home/Judy/safmc_uwb/build/uwb_msgs' returned '0': CMAKE_PREFIX_PATH=${CMAKE_PREFIX_PATH}:/home/Judy/safmc_uwb/ros/install/uwb:/home/Judy/safmc_uwb/ros_enfu/install/uwb:/opt/ros/humble /usr/bin/cmake --build /home/Judy/safmc_uwb/build/uwb_msgs -- -j12 -l12
[0.376s] Invoking command in '/home/Judy/safmc_uwb/build/uwb_msgs': CMAKE_PREFIX_PATH=${CMAKE_PREFIX_PATH}:/home/Judy/safmc_uwb/ros/install/uwb:/home/Judy/safmc_uwb/ros_enfu/install/uwb:/opt/ros/humble /usr/bin/cmake --install /home/Judy/safmc_uwb/build/uwb_msgs
[0.382s] -- Install configuration: ""
[0.383s] -- Up-to-date: /home/Judy/safmc_uwb/install/uwb_msgs/share/ament_index/resource_index/rosidl_interfaces/uwb_msgs
[0.383s] -- Up-to-date: /home/Judy/safmc_uwb/install/uwb_msgs/include/uwb_msgs/uwb_msgs
[0.383s] -- Up-to-date: /home/Judy/safmc_uwb/install/uwb_msgs/include/uwb_msgs/uwb_msgs/msg
[0.383s] -- Up-to-date: /home/Judy/safmc_uwb/install/uwb_msgs/include/uwb_msgs/uwb_msgs/msg/detail
[0.384s] -- Up-to-date: /home/Judy/safmc_uwb/install/uwb_msgs/include/uwb_msgs/uwb_msgs/msg/detail/range__type_support.h
[0.384s] -- Up-to-date: /home/Judy/safmc_uwb/install/uwb_msgs/include/uwb_msgs/uwb_msgs/msg/detail/range__functions.c
[0.384s] -- Up-to-date: /home/Judy/safmc_uwb/install/uwb_msgs/include/uwb_msgs/uwb_msgs/msg/detail/range__functions.h
[0.384s] -- Up-to-date: /home/Judy/safmc_uwb/install/uwb_msgs/include/uwb_msgs/uwb_msgs/msg/detail/range__struct.h
[0.384s] -- Up-to-date: /home/Judy/safmc_uwb/install/uwb_msgs/include/uwb_msgs/uwb_msgs/msg/range.h
[0.384s] -- Up-to-date: /home/Judy/safmc_uwb/install/uwb_msgs/include/uwb_msgs/uwb_msgs/msg/rosidl_generator_c__visibility_control.h
[0.385s] -- Up-to-date: /home/Judy/safmc_uwb/install/uwb_msgs/share/uwb_msgs/environment/library_path.sh
[0.385s] -- Up-to-date: /home/Judy/safmc_uwb/install/uwb_msgs/share/uwb_msgs/environment/library_path.dsv
[0.385s] -- Up-to-date: /home/Judy/safmc_uwb/install/uwb_msgs/lib/libuwb_msgs__rosidl_generator_c.so
[0.385s] -- Up-to-date: /home/Judy/safmc_uwb/install/uwb_msgs/include/uwb_msgs/uwb_msgs
[0.385s] -- Up-to-date: /home/Judy/safmc_uwb/install/uwb_msgs/include/uwb_msgs/uwb_msgs/msg
[0.385s] -- Up-to-date: /home/Judy/safmc_uwb/install/uwb_msgs/include/uwb_msgs/uwb_msgs/msg/rosidl_typesupport_fastrtps_c__visibility_control.h
[0.385s] -- Up-to-date: /home/Judy/safmc_uwb/install/uwb_msgs/include/uwb_msgs/uwb_msgs/msg/detail
[0.385s] -- Up-to-date: /home/Judy/safmc_uwb/install/uwb_msgs/include/uwb_msgs/uwb_msgs/msg/detail/range__rosidl_typesupport_fastrtps_c.h
[0.386s] -- Up-to-date: /home/Judy/safmc_uwb/install/uwb_msgs/lib/libuwb_msgs__rosidl_typesupport_fastrtps_c.so
[0.386s] -- Up-to-date: /home/Judy/safmc_uwb/install/uwb_msgs/include/uwb_msgs/uwb_msgs
[0.386s] -- Up-to-date: /home/Judy/safmc_uwb/install/uwb_msgs/include/uwb_msgs/uwb_msgs/msg
[0.386s] -- Up-to-date: /home/Judy/safmc_uwb/install/uwb_msgs/include/uwb_msgs/uwb_msgs/msg/detail
[0.386s] -- Up-to-date: /home/Judy/safmc_uwb/install/uwb_msgs/include/uwb_msgs/uwb_msgs/msg/detail/range__type_support.c
[0.386s] -- Up-to-date: /home/Judy/safmc_uwb/install/uwb_msgs/include/uwb_msgs/uwb_msgs/msg/detail/range__rosidl_typesupport_introspection_c.h
[0.386s] -- Up-to-date: /home/Judy/safmc_uwb/install/uwb_msgs/include/uwb_msgs/uwb_msgs/msg/rosidl_typesupport_introspection_c__visibility_control.h
[0.387s] -- Up-to-date: /home/Judy/safmc_uwb/install/uwb_msgs/lib/libuwb_msgs__rosidl_typesupport_introspection_c.so
[0.387s] -- Up-to-date: /home/Judy/safmc_uwb/install/uwb_msgs/lib/libuwb_msgs__rosidl_typesupport_c.so
[0.387s] -- Up-to-date: /home/Judy/safmc_uwb/install/uwb_msgs/include/uwb_msgs/uwb_msgs
[0.387s] -- Up-to-date: /home/Judy/safmc_uwb/install/uwb_msgs/include/uwb_msgs/uwb_msgs/msg
[0.387s] -- Up-to-date: /home/Judy/safmc_uwb/install/uwb_msgs/include/uwb_msgs/uwb_msgs/msg/detail
[0.387s] -- Up-to-date: /home/Judy/safmc_uwb/install/uwb_msgs/include/uwb_msgs/uwb_msgs/msg/detail/range__struct.hpp
[0.388s] -- Up-to-date: /home/Judy/safmc_uwb/install/uwb_msgs/include/uwb_msgs/uwb_msgs/msg/detail/range__traits.hpp
[0.388s] -- Up-to-date: /home/Judy/safmc_uwb/install/uwb_msgs/include/uwb_msgs/uwb_msgs/msg/detail/range__type_support.hpp
[0.388s] -- Up-to-date: /home/Judy/safmc_uwb/install/uwb_msgs/include/uwb_msgs/uwb_msgs/msg/detail/range__builder.hpp
[0.388s] -- Up-to-date: /home/Judy/safmc_uwb/install/uwb_msgs/include/uwb_msgs/uwb_msgs/msg/range.hpp
[0.388s] -- Up-to-date: /home/Judy/safmc_uwb/install/uwb_msgs/include/uwb_msgs/uwb_msgs/msg/rosidl_generator_cpp__visibility_control.hpp
[0.388s] -- Up-to-date: /home/Judy/safmc_uwb/install/uwb_msgs/include/uwb_msgs/uwb_msgs
[0.388s] -- Up-to-date: /home/Judy/safmc_uwb/install/uwb_msgs/include/uwb_msgs/uwb_msgs/msg
[0.388s] -- Up-to-date: /home/Judy/safmc_uwb/install/uwb_msgs/include/uwb_msgs/uwb_msgs/msg/rosidl_typesupport_fastrtps_cpp__visibility_control.h
[0.388s] -- Up-to-date: /home/Judy/safmc_uwb/install/uwb_msgs/include/uwb_msgs/uwb_msgs/msg/detail
[0.388s] -- Up-to-date: /home/Judy/safmc_uwb/install/uwb_msgs/include/uwb_msgs/uwb_msgs/msg/detail/range__rosidl_typesupport_fastrtps_cpp.hpp
[0.388s] -- Up-to-date: /home/Judy/safmc_uwb/install/uwb_msgs/include/uwb_msgs/uwb_msgs/msg/detail/dds_fastrtps
[0.388s] -- Up-to-date: /home/Judy/safmc_uwb/install/uwb_msgs/lib/libuwb_msgs__rosidl_typesupport_fastrtps_cpp.so
[0.388s] -- Up-to-date: /home/Judy/safmc_uwb/install/uwb_msgs/include/uwb_msgs/uwb_msgs
[0.388s] -- Up-to-date: /home/Judy/safmc_uwb/install/uwb_msgs/include/uwb_msgs/uwb_msgs/msg
[0.388s] -- Up-to-date: /home/Judy/safmc_uwb/install/uwb_msgs/include/uwb_msgs/uwb_msgs/msg/detail
[0.388s] -- Up-to-date: /home/Judy/safmc_uwb/install/uwb_msgs/include/uwb_msgs/uwb_msgs/msg/detail/range__rosidl_typesupport_introspection_cpp.hpp
[0.388s] -- Up-to-date: /home/Judy/safmc_uwb/install/uwb_msgs/include/uwb_msgs/uwb_msgs/msg/detail/range__type_support.cpp
[0.388s] -- Up-to-date: /home/Judy/safmc_uwb/install/uwb_msgs/lib/libuwb_msgs__rosidl_typesupport_introspection_cpp.so
[0.389s] -- Up-to-date: /home/Judy/safmc_uwb/install/uwb_msgs/lib/libuwb_msgs__rosidl_typesupport_cpp.so
[0.389s] -- Up-to-date: /home/Judy/safmc_uwb/install/uwb_msgs/share/uwb_msgs/environment/pythonpath.sh
[0.389s] -- Up-to-date: /home/Judy/safmc_uwb/install/uwb_msgs/share/uwb_msgs/environment/pythonpath.dsv
[0.389s] -- Up-to-date: /home/Judy/safmc_uwb/install/uwb_msgs/local/lib/python3.10/dist-packages/uwb_msgs-0.0.0-py3.10.egg-info
[0.389s] -- Installing: /home/Judy/safmc_uwb/install/uwb_msgs/local/lib/python3.10/dist-packages/uwb_msgs-0.0.0-py3.10.egg-info/top_level.txt
[0.389s] -- Installing: /home/Judy/safmc_uwb/install/uwb_msgs/local/lib/python3.10/dist-packages/uwb_msgs-0.0.0-py3.10.egg-info/SOURCES.txt
[0.389s] -- Installing: /home/Judy/safmc_uwb/install/uwb_msgs/local/lib/python3.10/dist-packages/uwb_msgs-0.0.0-py3.10.egg-info/PKG-INFO
[0.389s] -- Installing: /home/Judy/safmc_uwb/install/uwb_msgs/local/lib/python3.10/dist-packages/uwb_msgs-0.0.0-py3.10.egg-info/dependency_links.txt
[0.389s] -- Up-to-date: /home/Judy/safmc_uwb/install/uwb_msgs/local/lib/python3.10/dist-packages/uwb_msgs
[0.389s] -- Up-to-date: /home/Judy/safmc_uwb/install/uwb_msgs/local/lib/python3.10/dist-packages/uwb_msgs/uwb_msgs_s__rosidl_typesupport_fastrtps_c.cpython-310-x86_64-linux-gnu.so
[0.389s] -- Up-to-date: /home/Judy/safmc_uwb/install/uwb_msgs/local/lib/python3.10/dist-packages/uwb_msgs/msg
[0.389s] -- Up-to-date: /home/Judy/safmc_uwb/install/uwb_msgs/local/lib/python3.10/dist-packages/uwb_msgs/msg/_range_s.c
[0.389s] -- Up-to-date: /home/Judy/safmc_uwb/install/uwb_msgs/local/lib/python3.10/dist-packages/uwb_msgs/msg/_range.py
[0.389s] -- Up-to-date: /home/Judy/safmc_uwb/install/uwb_msgs/local/lib/python3.10/dist-packages/uwb_msgs/msg/__init__.py
[0.389s] -- Up-to-date: /home/Judy/safmc_uwb/install/uwb_msgs/local/lib/python3.10/dist-packages/uwb_msgs/_uwb_msgs_s.ep.rosidl_typesupport_introspection_c.c
[0.389s] -- Up-to-date: /home/Judy/safmc_uwb/install/uwb_msgs/local/lib/python3.10/dist-packages/uwb_msgs/uwb_msgs_s__rosidl_typesupport_c.cpython-310-x86_64-linux-gnu.so
[0.389s] -- Up-to-date: /home/Judy/safmc_uwb/install/uwb_msgs/local/lib/python3.10/dist-packages/uwb_msgs/libuwb_msgs__rosidl_generator_py.so
[0.389s] -- Up-to-date: /home/Judy/safmc_uwb/install/uwb_msgs/local/lib/python3.10/dist-packages/uwb_msgs/_uwb_msgs_s.ep.rosidl_typesupport_c.c
[0.389s] -- Up-to-date: /home/Judy/safmc_uwb/install/uwb_msgs/local/lib/python3.10/dist-packages/uwb_msgs/_uwb_msgs_s.ep.rosidl_typesupport_fastrtps_c.c
[0.389s] -- Up-to-date: /home/Judy/safmc_uwb/install/uwb_msgs/local/lib/python3.10/dist-packages/uwb_msgs/uwb_msgs_s__rosidl_typesupport_introspection_c.cpython-310-x86_64-linux-gnu.so
[0.389s] -- Up-to-date: /home/Judy/safmc_uwb/install/uwb_msgs/local/lib/python3.10/dist-packages/uwb_msgs/__init__.py
[0.412s] Listing '/home/Judy/safmc_uwb/install/uwb_msgs/local/lib/python3.10/dist-packages/uwb_msgs'...
[0.412s] Listing '/home/Judy/safmc_uwb/install/uwb_msgs/local/lib/python3.10/dist-packages/uwb_msgs/msg'...
[0.416s] -- Up-to-date: /home/Judy/safmc_uwb/install/uwb_msgs/local/lib/python3.10/dist-packages/uwb_msgs/uwb_msgs_s__rosidl_typesupport_fastrtps_c.cpython-310-x86_64-linux-gnu.so
[0.416s] -- Up-to-date: /home/Judy/safmc_uwb/install/uwb_msgs/local/lib/python3.10/dist-packages/uwb_msgs/uwb_msgs_s__rosidl_typesupport_introspection_c.cpython-310-x86_64-linux-gnu.so
[0.417s] -- Up-to-date: /home/Judy/safmc_uwb/install/uwb_msgs/local/lib/python3.10/dist-packages/uwb_msgs/uwb_msgs_s__rosidl_typesupport_c.cpython-310-x86_64-linux-gnu.so
[0.417s] -- Up-to-date: /home/Judy/safmc_uwb/install/uwb_msgs/lib/libuwb_msgs__rosidl_generator_py.so
[0.417s] -- Up-to-date: /home/Judy/safmc_uwb/install/uwb_msgs/share/uwb_msgs/msg/Range.idl
[0.417s] -- Up-to-date: /home/Judy/safmc_uwb/install/uwb_msgs/share/uwb_msgs/msg/Range.msg
[0.417s] -- Up-to-date: /home/Judy/safmc_uwb/install/uwb_msgs/share/ament_index/resource_index/package_run_dependencies/uwb_msgs
[0.418s] -- Up-to-date: /home/Judy/safmc_uwb/install/uwb_msgs/share/ament_index/resource_index/parent_prefix_path/uwb_msgs
[0.418s] -- Up-to-date: /home/Judy/safmc_uwb/install/uwb_msgs/share/uwb_msgs/environment/ament_prefix_path.sh
[0.418s] -- Up-to-date: /home/Judy/safmc_uwb/install/uwb_msgs/share/uwb_msgs/environment/ament_prefix_path.dsv
[0.418s] -- Up-to-date: /home/Judy/safmc_uwb/install/uwb_msgs/share/uwb_msgs/environment/path.sh
[0.418s] -- Up-to-date: /home/Judy/safmc_uwb/install/uwb_msgs/share/uwb_msgs/environment/path.dsv
[0.418s] -- Up-to-date: /home/Judy/safmc_uwb/install/uwb_msgs/share/uwb_msgs/local_setup.bash
[0.418s] -- Up-to-date: /home/Judy/safmc_uwb/install/uwb_msgs/share/uwb_msgs/local_setup.sh
[0.419s] -- Up-to-date: /home/Judy/safmc_uwb/install/uwb_msgs/share/uwb_msgs/local_setup.zsh
[0.419s] -- Up-to-date: /home/Judy/safmc_uwb/install/uwb_msgs/share/uwb_msgs/local_setup.dsv
[0.419s] -- Installing: /home/Judy/safmc_uwb/install/uwb_msgs/share/uwb_msgs/package.dsv
[0.419s] -- Up-to-date: /home/Judy/safmc_uwb/install/uwb_msgs/share/ament_index/resource_index/packages/uwb_msgs
[0.419s] -- Up-to-date: /home/Judy/safmc_uwb/install/uwb_msgs/share/uwb_msgs/cmake/export_uwb_msgs__rosidl_generator_cExport.cmake
[0.420s] -- Up-to-date: /home/Judy/safmc_uwb/install/uwb_msgs/share/uwb_msgs/cmake/export_uwb_msgs__rosidl_generator_cExport-noconfig.cmake
[0.420s] -- Up-to-date: /home/Judy/safmc_uwb/install/uwb_msgs/share/uwb_msgs/cmake/export_uwb_msgs__rosidl_typesupport_fastrtps_cExport.cmake
[0.420s] -- Up-to-date: /home/Judy/safmc_uwb/install/uwb_msgs/share/uwb_msgs/cmake/export_uwb_msgs__rosidl_typesupport_fastrtps_cExport-noconfig.cmake
[0.420s] -- Up-to-date: /home/Judy/safmc_uwb/install/uwb_msgs/share/uwb_msgs/cmake/uwb_msgs__rosidl_typesupport_introspection_cExport.cmake
[0.420s] -- Up-to-date: /home/Judy/safmc_uwb/install/uwb_msgs/share/uwb_msgs/cmake/uwb_msgs__rosidl_typesupport_introspection_cExport-noconfig.cmake
[0.420s] -- Up-to-date: /home/Judy/safmc_uwb/install/uwb_msgs/share/uwb_msgs/cmake/uwb_msgs__rosidl_typesupport_cExport.cmake
[0.420s] -- Up-to-date: /home/Judy/safmc_uwb/install/uwb_msgs/share/uwb_msgs/cmake/uwb_msgs__rosidl_typesupport_cExport-noconfig.cmake
[0.420s] -- Up-to-date: /home/Judy/safmc_uwb/install/uwb_msgs/share/uwb_msgs/cmake/export_uwb_msgs__rosidl_generator_cppExport.cmake
[0.420s] -- Up-to-date: /home/Judy/safmc_uwb/install/uwb_msgs/share/uwb_msgs/cmake/export_uwb_msgs__rosidl_typesupport_fastrtps_cppExport.cmake
[0.420s] -- Up-to-date: /home/Judy/safmc_uwb/install/uwb_msgs/share/uwb_msgs/cmake/export_uwb_msgs__rosidl_typesupport_fastrtps_cppExport-noconfig.cmake
[0.420s] -- Up-to-date: /home/Judy/safmc_uwb/install/uwb_msgs/share/uwb_msgs/cmake/uwb_msgs__rosidl_typesupport_introspection_cppExport.cmake
[0.420s] -- Up-to-date: /home/Judy/safmc_uwb/install/uwb_msgs/share/uwb_msgs/cmake/uwb_msgs__rosidl_typesupport_introspection_cppExport-noconfig.cmake
[0.420s] -- Up-to-date: /home/Judy/safmc_uwb/install/uwb_msgs/share/uwb_msgs/cmake/uwb_msgs__rosidl_typesupport_cppExport.cmake
[0.420s] -- Up-to-date: /home/Judy/safmc_uwb/install/uwb_msgs/share/uwb_msgs/cmake/uwb_msgs__rosidl_typesupport_cppExport-noconfig.cmake
[0.420s] -- Up-to-date: /home/Judy/safmc_uwb/install/uwb_msgs/share/uwb_msgs/cmake/export_uwb_msgs__rosidl_generator_pyExport.cmake
[0.420s] -- Up-to-date: /home/Judy/safmc_uwb/install/uwb_msgs/share/uwb_msgs/cmake/export_uwb_msgs__rosidl_generator_pyExport-noconfig.cmake
[0.421s] -- Up-to-date: /home/Judy/safmc_uwb/install/uwb_msgs/share/uwb_msgs/cmake/rosidl_cmake-extras.cmake
[0.421s] -- Up-to-date: /home/Judy/safmc_uwb/install/uwb_msgs/share/uwb_msgs/cmake/ament_cmake_export_dependencies-extras.cmake
[0.421s] -- Up-to-date: /home/Judy/safmc_uwb/install/uwb_msgs/share/uwb_msgs/cmake/ament_cmake_export_include_directories-extras.cmake
[0.421s] -- Up-to-date: /home/Judy/safmc_uwb/install/uwb_msgs/share/uwb_msgs/cmake/ament_cmake_export_libraries-extras.cmake
[0.421s] -- Up-to-date: /home/Judy/safmc_uwb/install/uwb_msgs/share/uwb_msgs/cmake/ament_cmake_export_targets-extras.cmake
[0.421s] -- Up-to-date: /home/Judy/safmc_uwb/install/uwb_msgs/share/uwb_msgs/cmake/rosidl_cmake_export_typesupport_targets-extras.cmake
[0.421s] -- Up-to-date: /home/Judy/safmc_uwb/install/uwb_msgs/share/uwb_msgs/cmake/rosidl_cmake_export_typesupport_libraries-extras.cmake
[0.421s] -- Up-to-date: /home/Judy/safmc_uwb/install/uwb_msgs/share/uwb_msgs/cmake/uwb_msgsConfig.cmake
[0.421s] -- Up-to-date: /home/Judy/safmc_uwb/install/uwb_msgs/share/uwb_msgs/cmake/uwb_msgsConfig-version.cmake
[0.421s] -- Up-to-date: /home/Judy/safmc_uwb/install/uwb_msgs/share/uwb_msgs/package.xml
[0.422s] Invoked command in '/home/Judy/safmc_uwb/build/uwb_msgs' returned '0': CMAKE_PREFIX_PATH=${CMAKE_PREFIX_PATH}:/home/Judy/safmc_uwb/ros/install/uwb:/home/Judy/safmc_uwb/ros_enfu/install/uwb:/opt/ros/humble /usr/bin/cmake --install /home/Judy/safmc_uwb/build/uwb_msgs
