/workspace/safmc_uwb/ros/src/install/uwb/lib/python3.10/site-packages/uwb/uwb.py
/workspace/safmc_uwb/ros/src/install/uwb/lib/python3.10/site-packages/uwb/build_3D_coord.py
/workspace/safmc_uwb/ros/src/install/uwb/lib/python3.10/site-packages/uwb/uwb_rewrite.py
/workspace/safmc_uwb/ros/src/install/uwb/lib/python3.10/site-packages/uwb/uwb_rewrite_2.py
/workspace/safmc_uwb/ros/src/install/uwb/lib/python3.10/site-packages/uwb/__init__.py
/workspace/safmc_uwb/ros/src/install/uwb/lib/python3.10/site-packages/uwb/__pycache__/uwb.cpython-310.pyc
/workspace/safmc_uwb/ros/src/install/uwb/lib/python3.10/site-packages/uwb/__pycache__/build_3D_coord.cpython-310.pyc
/workspace/safmc_uwb/ros/src/install/uwb/lib/python3.10/site-packages/uwb/__pycache__/uwb_rewrite.cpython-310.pyc
/workspace/safmc_uwb/ros/src/install/uwb/lib/python3.10/site-packages/uwb/__pycache__/uwb_rewrite_2.cpython-310.pyc
/workspace/safmc_uwb/ros/src/install/uwb/lib/python3.10/site-packages/uwb/__pycache__/__init__.cpython-310.pyc
/workspace/safmc_uwb/ros/src/install/uwb/share/ament_index/resource_index/packages/uwb
/workspace/safmc_uwb/ros/src/install/uwb/share/uwb/package.xml
/workspace/safmc_uwb/ros/src/install/uwb/lib/python3.10/site-packages/uwb-0.0.0-py3.10.egg-info/top_level.txt
/workspace/safmc_uwb/ros/src/install/uwb/lib/python3.10/site-packages/uwb-0.0.0-py3.10.egg-info/SOURCES.txt
/workspace/safmc_uwb/ros/src/install/uwb/lib/python3.10/site-packages/uwb-0.0.0-py3.10.egg-info/PKG-INFO
/workspace/safmc_uwb/ros/src/install/uwb/lib/python3.10/site-packages/uwb-0.0.0-py3.10.egg-info/entry_points.txt
/workspace/safmc_uwb/ros/src/install/uwb/lib/python3.10/site-packages/uwb-0.0.0-py3.10.egg-info/zip-safe
/workspace/safmc_uwb/ros/src/install/uwb/lib/python3.10/site-packages/uwb-0.0.0-py3.10.egg-info/requires.txt
/workspace/safmc_uwb/ros/src/install/uwb/lib/python3.10/site-packages/uwb-0.0.0-py3.10.egg-info/dependency_links.txt
/workspace/safmc_uwb/ros/src/install/uwb/lib/uwb/uwb
