[0.338s] Invoking command in '/workspace/safmc_uwb/ros/build/uwb': CMAKE_PREFIX_PATH=/workspace/safmc_uwb/ros/install/uwb_msgs:/workspace/safmc_uwb/ros/src/install/uwb_msgs LD_LIBRARY_PATH=/workspace/safmc_uwb/ros/install/uwb_msgs/lib:/workspace/safmc_uwb/ros/src/install/uwb_msgs/lib:/opt/ros/humble/opt/rviz_ogre_vendor/lib:/opt/ros/humble/lib/x86_64-linux-gnu:/opt/ros/humble/lib PYTHONPATH=/workspace/safmc_uwb/ros/build/uwb/prefix_override:/usr/lib/python3/dist-packages/colcon_core/task/python/colcon_distutils_commands:/workspace/safmc_uwb/ros/install/uwb/lib/python3.10/site-packages:${PYTHONPATH} /usr/bin/python3 -W ignore:setup.py install is deprecated -W ignore:easy_install command is deprecated setup.py develop --editable --build-directory /workspace/safmc_uwb/ros/build/uwb/build --no-deps symlink_data
[0.506s] running develop
[0.589s] running egg_info
[0.589s] creating uwb.egg-info
[0.589s] writing uwb.egg-info/PKG-INFO
[0.589s] writing dependency_links to uwb.egg-info/dependency_links.txt
[0.589s] writing entry points to uwb.egg-info/entry_points.txt
[0.589s] writing requirements to uwb.egg-info/requires.txt
[0.589s] writing top-level names to uwb.egg-info/top_level.txt
[0.589s] writing manifest file 'uwb.egg-info/SOURCES.txt'
[0.590s] reading manifest file 'uwb.egg-info/SOURCES.txt'
[0.590s] writing manifest file 'uwb.egg-info/SOURCES.txt'
[0.592s] running build_ext
[0.592s] Creating /workspace/safmc_uwb/ros/install/uwb/lib/python3.10/site-packages/uwb.egg-link (link to .)
[0.592s] Installing uwb script to /workspace/safmc_uwb/ros/install/uwb/lib/uwb
[0.592s] 
[0.592s] Installed /workspace/safmc_uwb/ros/build/uwb
[0.593s] running symlink_data
[0.593s] creating /workspace/safmc_uwb/ros/install/uwb/share/ament_index
[0.593s] creating /workspace/safmc_uwb/ros/install/uwb/share/ament_index/resource_index
[0.593s] creating /workspace/safmc_uwb/ros/install/uwb/share/ament_index/resource_index/packages
[0.593s] symbolically linking /workspace/safmc_uwb/ros/build/uwb/resource/uwb -> /workspace/safmc_uwb/ros/install/uwb/share/ament_index/resource_index/packages
[0.593s] symbolically linking /workspace/safmc_uwb/ros/build/uwb/package.xml -> /workspace/safmc_uwb/ros/install/uwb/share/uwb
[0.608s] Invoked command in '/workspace/safmc_uwb/ros/build/uwb' returned '0': CMAKE_PREFIX_PATH=/workspace/safmc_uwb/ros/install/uwb_msgs:/workspace/safmc_uwb/ros/src/install/uwb_msgs LD_LIBRARY_PATH=/workspace/safmc_uwb/ros/install/uwb_msgs/lib:/workspace/safmc_uwb/ros/src/install/uwb_msgs/lib:/opt/ros/humble/opt/rviz_ogre_vendor/lib:/opt/ros/humble/lib/x86_64-linux-gnu:/opt/ros/humble/lib PYTHONPATH=/workspace/safmc_uwb/ros/build/uwb/prefix_override:/usr/lib/python3/dist-packages/colcon_core/task/python/colcon_distutils_commands:/workspace/safmc_uwb/ros/install/uwb/lib/python3.10/site-packages:${PYTHONPATH} /usr/bin/python3 -W ignore:setup.py install is deprecated -W ignore:easy_install command is deprecated setup.py develop --editable --build-directory /workspace/safmc_uwb/ros/build/uwb/build --no-deps symlink_data
