[0.000000] (-) TimerEvent: {}
[0.000925] (uwb_msgs) JobQueued: {'identifier': 'uwb_msgs', 'dependencies': OrderedDict()}
[0.001322] (uwb) JobQueued: {'identifier': 'uwb', 'dependencies': OrderedDict([('uwb_msgs', '/workspace/safmc_uwb/ros/install/uwb_msgs')])}
[0.001453] (uwb_msgs) JobStarted: {'identifier': 'uwb_msgs'}
[0.019715] (uwb_msgs) JobProgress: {'identifier': 'uwb_msgs', 'progress': 'cmake'}
[0.021537] (uwb_msgs) Command: {'cmd': ['/usr/bin/cmake', '/workspace/safmc_uwb/ros/src/uwb_msgs', '-DAMENT_CMAKE_SYMLINK_INSTALL=1', '-DCMAKE_INSTALL_PREFIX=/workspace/safmc_uwb/ros/install/uwb_msgs'], 'cwd': '/workspace/safmc_uwb/ros/build/uwb_msgs', 'env': OrderedDict([('SUDO_GID', '1000'), ('MAIL', '/var/mail/root'), ('USER', 'root'), ('HOSTNAME', 'Debian-KevinPan'), ('SHLVL', '1'), ('LD_LIBRARY_PATH', '/opt/ros/humble/opt/rviz_ogre_vendor/lib:/opt/ros/humble/lib/x86_64-linux-gnu:/opt/ros/humble/lib'), ('HOME', '/root'), ('OLDPWD', '/workspace/safmc_uwb'), ('ROS_PYTHON_VERSION', '3'), ('COLORTERM', 'truecolor'), ('SUDO_UID', '1000'), ('ROS_DISTRO', 'humble'), ('LOGNAME', 'root'), ('_', '/usr/bin/colcon'), ('ROS_VERSION', '2'), ('TERM', 'xterm-256color'), ('ROS_LOCALHOST_ONLY', '0'), ('PATH', '/opt/ros/humble/bin:/usr/local/sbin:/usr/local/bin:/usr/sbin:/usr/bin:/sbin:/bin'), ('DISPLAY', ':0'), ('LANG', 'en_US.UTF-8'), ('SUDO_COMMAND', '/usr/bin/su'), ('AMENT_PREFIX_PATH', '/opt/ros/humble'), ('DEBIAN_FRONTEND', 'noninteractive'), ('SHELL', '/bin/bash'), ('SUDO_USER', 'user'), ('PWD', '/workspace/safmc_uwb/ros/build/uwb_msgs'), ('LC_ALL', 'en_US.UTF-8'), ('PYTHONPATH', '/opt/ros/humble/lib/python3.10/site-packages:/opt/ros/humble/local/lib/python3.10/dist-packages'), ('COLCON', '1'), ('CMAKE_PREFIX_PATH', '/opt/ros/humble')]), 'shell': False}
[0.099163] (-) TimerEvent: {}
[0.199630] (-) TimerEvent: {}
[0.234879] (uwb_msgs) StdoutLine: {'line': b'-- The C compiler identification is GNU 11.4.0\n'}
[0.299801] (-) TimerEvent: {}
[0.395906] (uwb_msgs) StdoutLine: {'line': b'-- The CXX compiler identification is GNU 11.4.0\n'}
[0.399977] (-) TimerEvent: {}
[0.417479] (uwb_msgs) StdoutLine: {'line': b'-- Detecting C compiler ABI info\n'}
[0.500163] (-) TimerEvent: {}
[0.575124] (uwb_msgs) StdoutLine: {'line': b'-- Detecting C compiler ABI info - done\n'}
[0.600314] (-) TimerEvent: {}
[0.603166] (uwb_msgs) StdoutLine: {'line': b'-- Check for working C compiler: /usr/bin/cc - skipped\n'}
[0.604367] (uwb_msgs) StdoutLine: {'line': b'-- Detecting C compile features\n'}
[0.606180] (uwb_msgs) StdoutLine: {'line': b'-- Detecting C compile features - done\n'}
[0.616709] (uwb_msgs) StdoutLine: {'line': b'-- Detecting CXX compiler ABI info\n'}
[0.700481] (-) TimerEvent: {}
[0.772764] (uwb_msgs) StdoutLine: {'line': b'-- Detecting CXX compiler ABI info - done\n'}
[0.788998] (uwb_msgs) StdoutLine: {'line': b'-- Check for working CXX compiler: /usr/bin/c++ - skipped\n'}
[0.789491] (uwb_msgs) StdoutLine: {'line': b'-- Detecting CXX compile features\n'}
[0.790547] (uwb_msgs) StdoutLine: {'line': b'-- Detecting CXX compile features - done\n'}
[0.793163] (uwb_msgs) StdoutLine: {'line': b'-- Found ament_cmake: 1.3.11 (/opt/ros/humble/share/ament_cmake/cmake)\n'}
[0.800619] (-) TimerEvent: {}
[0.901068] (-) TimerEvent: {}
[1.001521] (-) TimerEvent: {}
[1.046580] (uwb_msgs) StdoutLine: {'line': b'-- Override CMake install command with custom implementation using symlinks instead of copying resources\n'}
[1.079721] (uwb_msgs) StdoutLine: {'line': b'-- Found rosidl_default_generators: 1.2.0 (/opt/ros/humble/share/rosidl_default_generators/cmake)\n'}
[1.087857] (uwb_msgs) StdoutLine: {'line': b'-- Using all available rosidl_typesupport_c: rosidl_typesupport_fastrtps_c;rosidl_typesupport_introspection_c\n'}
[1.099276] (uwb_msgs) StdoutLine: {'line': b'-- Found rosidl_adapter: 3.1.6 (/opt/ros/humble/share/rosidl_adapter/cmake)\n'}
[1.101645] (-) TimerEvent: {}
[1.180026] (uwb_msgs) StdoutLine: {'line': b'-- Using all available rosidl_typesupport_cpp: rosidl_typesupport_fastrtps_cpp;rosidl_typesupport_introspection_cpp\n'}
[1.201835] (-) TimerEvent: {}
[1.256125] (uwb_msgs) StdoutLine: {'line': b'-- Found geometry_msgs: 4.2.4 (/opt/ros/humble/share/geometry_msgs/cmake)\n'}
[1.301972] (-) TimerEvent: {}
[1.402460] (-) TimerEvent: {}
[1.502882] (-) TimerEvent: {}
[1.603396] (-) TimerEvent: {}
[1.703849] (-) TimerEvent: {}
[1.804316] (-) TimerEvent: {}
[1.904731] (-) TimerEvent: {}
[1.992576] (uwb_msgs) StdoutLine: {'line': b'-- Found ament_cmake_ros: 0.10.0 (/opt/ros/humble/share/ament_cmake_ros/cmake)\n'}
[2.004954] (-) TimerEvent: {}
[2.105427] (-) TimerEvent: {}
[2.205883] (-) TimerEvent: {}
[2.306345] (-) TimerEvent: {}
[2.406724] (-) TimerEvent: {}
[2.499021] (uwb_msgs) StdoutLine: {'line': b'-- Using all available rosidl_typesupport_c: rosidl_typesupport_fastrtps_c;rosidl_typesupport_introspection_c\n'}
[2.506817] (-) TimerEvent: {}
[2.607182] (-) TimerEvent: {}
[2.707623] (-) TimerEvent: {}
[2.808067] (-) TimerEvent: {}
[2.908639] (-) TimerEvent: {}
[3.009091] (-) TimerEvent: {}
[3.109583] (-) TimerEvent: {}
[3.144432] (uwb_msgs) StdoutLine: {'line': b'-- Using all available rosidl_typesupport_cpp: rosidl_typesupport_fastrtps_cpp;rosidl_typesupport_introspection_cpp\n'}
[3.194556] (uwb_msgs) StdoutLine: {'line': b'-- Found python_cmake_module: 0.10.0 (/opt/ros/humble/share/python_cmake_module/cmake)\n'}
[3.209822] (-) TimerEvent: {}
[3.247968] (uwb_msgs) StdoutLine: {'line': b'-- Using PYTHON_EXECUTABLE: /usr/bin/python3\n'}
[3.248389] (uwb_msgs) StdoutLine: {'line': b'-- Using PYTHON_INCLUDE_DIRS: /usr/include/python3.10\n'}
[3.248565] (uwb_msgs) StdoutLine: {'line': b'-- Using PYTHON_LIBRARIES: /usr/lib/x86_64-linux-gnu/libpython3.10.so\n'}
[3.309973] (-) TimerEvent: {}
[3.334259] (uwb_msgs) StdoutLine: {'line': b'-- Found ament_lint_auto: 0.12.11 (/opt/ros/humble/share/ament_lint_auto/cmake)\n'}
[3.410160] (-) TimerEvent: {}
[3.414728] (uwb_msgs) StdoutLine: {'line': b"-- Added test 'cppcheck' to perform static code analysis on C / C++ code\n"}
[3.415840] (uwb_msgs) StdoutLine: {'line': b'-- Configured cppcheck include dirs: \n'}
[3.416003] (uwb_msgs) StdoutLine: {'line': b'-- Configured cppcheck exclude dirs and/or files: \n'}
[3.423243] (uwb_msgs) StdoutLine: {'line': b"-- Added test 'flake8' to check Python code syntax and style conventions\n"}
[3.439790] (uwb_msgs) StdoutLine: {'line': b"-- Added test 'lint_cmake' to check CMake code style\n"}
[3.447148] (uwb_msgs) StdoutLine: {'line': b"-- Added test 'pep257' to check Python code against some of the docstring style conventions in PEP 257\n"}
[3.496743] (uwb_msgs) StdoutLine: {'line': b"-- Added test 'uncrustify' to check C / C++ code style\n"}
[3.497170] (uwb_msgs) StdoutLine: {'line': b'-- Configured uncrustify additional arguments: \n'}
[3.511473] (uwb_msgs) StdoutLine: {'line': b"-- Added test 'xmllint' to check XML markup files\n"}
[3.511873] (-) TimerEvent: {}
[3.515270] (uwb_msgs) StdoutLine: {'line': b'-- Configuring done\n'}
[3.603467] (uwb_msgs) StdoutLine: {'line': b'-- Generating done\n'}
[3.611990] (-) TimerEvent: {}
[3.628082] (uwb_msgs) StdoutLine: {'line': b'-- Build files have been written to: /workspace/safmc_uwb/ros/build/uwb_msgs\n'}
[3.644568] (uwb_msgs) CommandEnded: {'returncode': 0}
[3.645792] (uwb_msgs) JobProgress: {'identifier': 'uwb_msgs', 'progress': 'build'}
[3.647584] (uwb_msgs) Command: {'cmd': ['/usr/bin/cmake', '--build', '/workspace/safmc_uwb/ros/build/uwb_msgs', '--', '-j16', '-l16'], 'cwd': '/workspace/safmc_uwb/ros/build/uwb_msgs', 'env': OrderedDict([('SUDO_GID', '1000'), ('MAIL', '/var/mail/root'), ('USER', 'root'), ('HOSTNAME', 'Debian-KevinPan'), ('SHLVL', '1'), ('LD_LIBRARY_PATH', '/opt/ros/humble/opt/rviz_ogre_vendor/lib:/opt/ros/humble/lib/x86_64-linux-gnu:/opt/ros/humble/lib'), ('HOME', '/root'), ('OLDPWD', '/workspace/safmc_uwb'), ('ROS_PYTHON_VERSION', '3'), ('COLORTERM', 'truecolor'), ('SUDO_UID', '1000'), ('ROS_DISTRO', 'humble'), ('LOGNAME', 'root'), ('_', '/usr/bin/colcon'), ('ROS_VERSION', '2'), ('TERM', 'xterm-256color'), ('ROS_LOCALHOST_ONLY', '0'), ('PATH', '/opt/ros/humble/bin:/usr/local/sbin:/usr/local/bin:/usr/sbin:/usr/bin:/sbin:/bin'), ('DISPLAY', ':0'), ('LANG', 'en_US.UTF-8'), ('SUDO_COMMAND', '/usr/bin/su'), ('AMENT_PREFIX_PATH', '/opt/ros/humble'), ('DEBIAN_FRONTEND', 'noninteractive'), ('SHELL', '/bin/bash'), ('SUDO_USER', 'user'), ('PWD', '/workspace/safmc_uwb/ros/build/uwb_msgs'), ('LC_ALL', 'en_US.UTF-8'), ('PYTHONPATH', '/opt/ros/humble/lib/python3.10/site-packages:/opt/ros/humble/local/lib/python3.10/dist-packages'), ('COLCON', '1'), ('CMAKE_PREFIX_PATH', '/opt/ros/humble')]), 'shell': False}
[3.712126] (-) TimerEvent: {}
[3.729497] (uwb_msgs) StdoutLine: {'line': b'[  2%] \x1b[34m\x1b[1mGenerating C code for ROS interfaces\x1b[0m\n'}
[3.748039] (uwb_msgs) StdoutLine: {'line': b'[  4%] \x1b[34m\x1b[1mGenerating C++ code for ROS interfaces\x1b[0m\n'}
[3.760141] (uwb_msgs) StdoutLine: {'line': b'[  4%] Built target ament_cmake_python_symlink_uwb_msgs\n'}
[3.812263] (-) TimerEvent: {}
[3.912722] (-) TimerEvent: {}
[4.013199] (-) TimerEvent: {}
[4.113690] (-) TimerEvent: {}
[4.214194] (-) TimerEvent: {}
[4.234510] (uwb_msgs) StdoutLine: {'line': b'running egg_info\n'}
[4.236213] (uwb_msgs) StdoutLine: {'line': b'creating uwb_msgs.egg-info\n'}
[4.236682] (uwb_msgs) StdoutLine: {'line': b'writing uwb_msgs.egg-info/PKG-INFO\n'}
[4.237651] (uwb_msgs) StdoutLine: {'line': b'writing dependency_links to uwb_msgs.egg-info/dependency_links.txt\n'}
[4.238080] (uwb_msgs) StdoutLine: {'line': b'writing top-level names to uwb_msgs.egg-info/top_level.txt\n'}
[4.238495] (uwb_msgs) StdoutLine: {'line': b"writing manifest file 'uwb_msgs.egg-info/SOURCES.txt'\n"}
[4.244906] (uwb_msgs) StdoutLine: {'line': b"reading manifest file 'uwb_msgs.egg-info/SOURCES.txt'\n"}
[4.246216] (uwb_msgs) StdoutLine: {'line': b"writing manifest file 'uwb_msgs.egg-info/SOURCES.txt'\n"}
[4.302231] (uwb_msgs) StdoutLine: {'line': b'[  4%] Built target ament_cmake_python_build_uwb_msgs_egg\n'}
[4.314323] (-) TimerEvent: {}
[4.415089] (-) TimerEvent: {}
[4.516222] (-) TimerEvent: {}
[4.568952] (uwb_msgs) StdoutLine: {'line': b'[  4%] Built target uwb_msgs__cpp\n'}
[4.578179] (uwb_msgs) StdoutLine: {'line': b'[  6%] \x1b[32mBuilding C object CMakeFiles/uwb_msgs__rosidl_generator_c.dir/rosidl_generator_c/uwb_msgs/msg/detail/range__functions.c.o\x1b[0m\n'}
[4.578604] (uwb_msgs) StdoutLine: {'line': b'[  8%] \x1b[32mBuilding C object CMakeFiles/uwb_msgs__rosidl_generator_c.dir/rosidl_generator_c/uwb_msgs/msg/detail/pose__functions.c.o\x1b[0m\n'}
[4.581487] (uwb_msgs) StdoutLine: {'line': b'[ 10%] \x1b[32mBuilding C object CMakeFiles/uwb_msgs__rosidl_generator_c.dir/rosidl_generator_c/uwb_msgs/msg/detail/tag_position__functions.c.o\x1b[0m\n'}
[4.594291] (uwb_msgs) StdoutLine: {'line': b'[ 12%] \x1b[34m\x1b[1mGenerating C++ type support for eProsima Fast-RTPS\x1b[0m\n'}
[4.595128] (uwb_msgs) StdoutLine: {'line': b'[ 14%] \x1b[34m\x1b[1mGenerating C++ introspection for ROS interfaces\x1b[0m\n'}
[4.596684] (uwb_msgs) StdoutLine: {'line': b'[ 17%] \x1b[34m\x1b[1mGenerating C++ type support dispatch for ROS interfaces\x1b[0m\n'}
[4.616332] (-) TimerEvent: {}
[4.717764] (-) TimerEvent: {}
[4.738365] (uwb_msgs) StdoutLine: {'line': b'[ 19%] \x1b[32m\x1b[1mLinking C shared library libuwb_msgs__rosidl_generator_c.so\x1b[0m\n'}
[4.811073] (uwb_msgs) StdoutLine: {'line': b'[ 19%] Built target uwb_msgs__rosidl_generator_c\n'}
[4.817891] (-) TimerEvent: {}
[4.828188] (uwb_msgs) StdoutLine: {'line': b'[ 21%] \x1b[34m\x1b[1mGenerating C type support for eProsima Fast-RTPS\x1b[0m\n'}
[4.829171] (uwb_msgs) StdoutLine: {'line': b'[ 23%] \x1b[34m\x1b[1mGenerating C type support dispatch for ROS interfaces\x1b[0m\n'}
[4.834327] (uwb_msgs) StdoutLine: {'line': b'[ 25%] \x1b[34m\x1b[1mGenerating C introspection for ROS interfaces\x1b[0m\n'}
[4.918047] (-) TimerEvent: {}
[5.018542] (-) TimerEvent: {}
[5.119030] (-) TimerEvent: {}
[5.164066] (uwb_msgs) StdoutLine: {'line': b'[ 27%] \x1b[32mBuilding CXX object CMakeFiles/uwb_msgs__rosidl_typesupport_cpp.dir/rosidl_typesupport_cpp/uwb_msgs/msg/pose__type_support.cpp.o\x1b[0m\n'}
[5.164807] (uwb_msgs) StdoutLine: {'line': b'[ 29%] \x1b[32mBuilding CXX object CMakeFiles/uwb_msgs__rosidl_typesupport_cpp.dir/rosidl_typesupport_cpp/uwb_msgs/msg/range__type_support.cpp.o\x1b[0m\n'}
[5.165141] (uwb_msgs) StdoutLine: {'line': b'[ 31%] \x1b[32mBuilding CXX object CMakeFiles/uwb_msgs__rosidl_typesupport_cpp.dir/rosidl_typesupport_cpp/uwb_msgs/msg/tag_position__type_support.cpp.o\x1b[0m\n'}
[5.219170] (-) TimerEvent: {}
[5.229796] (uwb_msgs) StdoutLine: {'line': b'[ 34%] \x1b[32mBuilding CXX object CMakeFiles/uwb_msgs__rosidl_typesupport_introspection_cpp.dir/rosidl_typesupport_introspection_cpp/uwb_msgs/msg/detail/range__type_support.cpp.o\x1b[0m\n'}
[5.230475] (uwb_msgs) StdoutLine: {'line': b'[ 36%] \x1b[32mBuilding CXX object CMakeFiles/uwb_msgs__rosidl_typesupport_introspection_cpp.dir/rosidl_typesupport_introspection_cpp/uwb_msgs/msg/detail/tag_position__type_support.cpp.o\x1b[0m\n'}
[5.230773] (uwb_msgs) StdoutLine: {'line': b'[ 38%] \x1b[32mBuilding CXX object CMakeFiles/uwb_msgs__rosidl_typesupport_introspection_cpp.dir/rosidl_typesupport_introspection_cpp/uwb_msgs/msg/detail/pose__type_support.cpp.o\x1b[0m\n'}
[5.316327] (uwb_msgs) StdoutLine: {'line': b'[ 40%] \x1b[32mBuilding CXX object CMakeFiles/uwb_msgs__rosidl_typesupport_fastrtps_cpp.dir/rosidl_typesupport_fastrtps_cpp/uwb_msgs/msg/detail/dds_fastrtps/pose__type_support.cpp.o\x1b[0m\n'}
[5.316797] (uwb_msgs) StdoutLine: {'line': b'[ 44%] \x1b[32mBuilding CXX object CMakeFiles/uwb_msgs__rosidl_typesupport_fastrtps_cpp.dir/rosidl_typesupport_fastrtps_cpp/uwb_msgs/msg/detail/dds_fastrtps/tag_position__type_support.cpp.o\x1b[0m\n'}
[5.317052] (uwb_msgs) StdoutLine: {'line': b'[ 44%] \x1b[32mBuilding CXX object CMakeFiles/uwb_msgs__rosidl_typesupport_fastrtps_cpp.dir/rosidl_typesupport_fastrtps_cpp/uwb_msgs/msg/detail/dds_fastrtps/range__type_support.cpp.o\x1b[0m\n'}
[5.319282] (-) TimerEvent: {}
[5.420475] (-) TimerEvent: {}
[5.477902] (uwb_msgs) StdoutLine: {'line': b'[ 46%] \x1b[32mBuilding CXX object CMakeFiles/uwb_msgs__rosidl_typesupport_c.dir/rosidl_typesupport_c/uwb_msgs/msg/range__type_support.cpp.o\x1b[0m\n'}
[5.484295] (uwb_msgs) StdoutLine: {'line': b'[ 48%] \x1b[32mBuilding CXX object CMakeFiles/uwb_msgs__rosidl_typesupport_c.dir/rosidl_typesupport_c/uwb_msgs/msg/pose__type_support.cpp.o\x1b[0m\n'}
[5.507399] (uwb_msgs) StdoutLine: {'line': b'[ 51%] \x1b[32mBuilding CXX object CMakeFiles/uwb_msgs__rosidl_typesupport_c.dir/rosidl_typesupport_c/uwb_msgs/msg/tag_position__type_support.cpp.o\x1b[0m\n'}
[5.520748] (-) TimerEvent: {}
[5.600547] (uwb_msgs) StdoutLine: {'line': b'[ 53%] \x1b[32mBuilding CXX object CMakeFiles/uwb_msgs__rosidl_typesupport_fastrtps_c.dir/rosidl_typesupport_fastrtps_c/uwb_msgs/msg/detail/range__type_support_c.cpp.o\x1b[0m\n'}
[5.601388] (uwb_msgs) StdoutLine: {'line': b'[ 55%] \x1b[32m\x1b[1mLinking CXX shared library libuwb_msgs__rosidl_typesupport_c.so\x1b[0m\n'}
[5.602042] (uwb_msgs) StdoutLine: {'line': b'[ 57%] \x1b[32mBuilding CXX object CMakeFiles/uwb_msgs__rosidl_typesupport_fastrtps_c.dir/rosidl_typesupport_fastrtps_c/uwb_msgs/msg/detail/tag_position__type_support_c.cpp.o\x1b[0m\n'}
[5.603029] (uwb_msgs) StdoutLine: {'line': b'[ 59%] \x1b[32mBuilding CXX object CMakeFiles/uwb_msgs__rosidl_typesupport_fastrtps_c.dir/rosidl_typesupport_fastrtps_c/uwb_msgs/msg/detail/pose__type_support_c.cpp.o\x1b[0m\n'}
[5.620907] (-) TimerEvent: {}
[5.636861] (uwb_msgs) StdoutLine: {'line': b'[ 61%] \x1b[32mBuilding C object CMakeFiles/uwb_msgs__rosidl_typesupport_introspection_c.dir/rosidl_typesupport_introspection_c/uwb_msgs/msg/detail/range__type_support.c.o\x1b[0m\n'}
[5.664614] (uwb_msgs) StdoutLine: {'line': b'[ 63%] \x1b[32mBuilding C object CMakeFiles/uwb_msgs__rosidl_typesupport_introspection_c.dir/rosidl_typesupport_introspection_c/uwb_msgs/msg/detail/pose__type_support.c.o\x1b[0m\n'}
[5.679020] (uwb_msgs) StdoutLine: {'line': b'[ 65%] \x1b[32mBuilding C object CMakeFiles/uwb_msgs__rosidl_typesupport_introspection_c.dir/rosidl_typesupport_introspection_c/uwb_msgs/msg/detail/tag_position__type_support.c.o\x1b[0m\n'}
[5.721064] (-) TimerEvent: {}
[5.767526] (uwb_msgs) StdoutLine: {'line': b'[ 65%] Built target uwb_msgs__rosidl_typesupport_c\n'}
[5.821820] (-) TimerEvent: {}
[5.909176] (uwb_msgs) StdoutLine: {'line': b'[ 68%] \x1b[32m\x1b[1mLinking C shared library libuwb_msgs__rosidl_typesupport_introspection_c.so\x1b[0m\n'}
[5.921961] (-) TimerEvent: {}
[6.022748] (-) TimerEvent: {}
[6.090535] (uwb_msgs) StdoutLine: {'line': b'[ 68%] Built target uwb_msgs__rosidl_typesupport_introspection_c\n'}
[6.104847] (uwb_msgs) StdoutLine: {'line': b'[ 70%] \x1b[32m\x1b[1mLinking CXX shared library libuwb_msgs__rosidl_typesupport_cpp.so\x1b[0m\n'}
[6.122909] (-) TimerEvent: {}
[6.224500] (-) TimerEvent: {}
[6.239928] (uwb_msgs) StdoutLine: {'line': b'[ 70%] Built target uwb_msgs__rosidl_typesupport_cpp\n'}
[6.324658] (-) TimerEvent: {}
[6.425421] (-) TimerEvent: {}
[6.521365] (uwb_msgs) StdoutLine: {'line': b'[ 72%] \x1b[32m\x1b[1mLinking CXX shared library libuwb_msgs__rosidl_typesupport_introspection_cpp.so\x1b[0m\n'}
[6.525556] (-) TimerEvent: {}
[6.626071] (-) TimerEvent: {}
[6.640472] (uwb_msgs) StdoutLine: {'line': b'[ 72%] Built target uwb_msgs__rosidl_typesupport_introspection_cpp\n'}
[6.680176] (uwb_msgs) StdoutLine: {'line': b'[ 74%] \x1b[32m\x1b[1mLinking CXX shared library libuwb_msgs__rosidl_typesupport_fastrtps_c.so\x1b[0m\n'}
[6.694442] (uwb_msgs) StdoutLine: {'line': b'[ 76%] \x1b[32m\x1b[1mLinking CXX shared library libuwb_msgs__rosidl_typesupport_fastrtps_cpp.so\x1b[0m\n'}
[6.726207] (-) TimerEvent: {}
[6.820457] (uwb_msgs) StdoutLine: {'line': b'[ 76%] Built target uwb_msgs__rosidl_typesupport_fastrtps_c\n'}
[6.826298] (-) TimerEvent: {}
[6.834729] (uwb_msgs) StdoutLine: {'line': b'[ 76%] Built target uwb_msgs__rosidl_typesupport_fastrtps_cpp\n'}
[6.869921] (uwb_msgs) StdoutLine: {'line': b'[ 76%] Built target uwb_msgs\n'}
[6.905928] (uwb_msgs) StdoutLine: {'line': b'[ 78%] \x1b[34m\x1b[1mGenerating Python code for ROS interfaces\x1b[0m\n'}
[6.926411] (-) TimerEvent: {}
[7.026800] (-) TimerEvent: {}
[7.127261] (-) TimerEvent: {}
[7.227822] (-) TimerEvent: {}
[7.328345] (-) TimerEvent: {}
[7.428860] (-) TimerEvent: {}
[7.529399] (-) TimerEvent: {}
[7.629849] (-) TimerEvent: {}
[7.730420] (-) TimerEvent: {}
[7.801795] (uwb_msgs) StdoutLine: {'line': b'[ 78%] Built target uwb_msgs__py\n'}
[7.830530] (-) TimerEvent: {}
[7.835582] (uwb_msgs) StdoutLine: {'line': b'[ 80%] \x1b[32mBuilding C object CMakeFiles/uwb_msgs__rosidl_generator_py.dir/rosidl_generator_py/uwb_msgs/msg/_range_s.c.o\x1b[0m\n'}
[7.836490] (uwb_msgs) StdoutLine: {'line': b'[ 82%] \x1b[32mBuilding C object CMakeFiles/uwb_msgs__rosidl_generator_py.dir/rosidl_generator_py/uwb_msgs/msg/_tag_position_s.c.o\x1b[0m\n'}
[7.837048] (uwb_msgs) StdoutLine: {'line': b'[ 85%] \x1b[32mBuilding C object CMakeFiles/uwb_msgs__rosidl_generator_py.dir/rosidl_generator_py/uwb_msgs/msg/_pose_s.c.o\x1b[0m\n'}
[7.930665] (-) TimerEvent: {}
[8.031090] (-) TimerEvent: {}
[8.092516] (uwb_msgs) StdoutLine: {'line': b'[ 87%] \x1b[32m\x1b[1mLinking C shared library rosidl_generator_py/uwb_msgs/libuwb_msgs__rosidl_generator_py.so\x1b[0m\n'}
[8.131270] (-) TimerEvent: {}
[8.174048] (uwb_msgs) StdoutLine: {'line': b'[ 87%] Built target uwb_msgs__rosidl_generator_py\n'}
[8.207926] (uwb_msgs) StdoutLine: {'line': b'[ 89%] \x1b[32mBuilding C object CMakeFiles/uwb_msgs__rosidl_typesupport_fastrtps_c__pyext.dir/rosidl_generator_py/uwb_msgs/_uwb_msgs_s.ep.rosidl_typesupport_fastrtps_c.c.o\x1b[0m\n'}
[8.208309] (uwb_msgs) StdoutLine: {'line': b'[ 91%] \x1b[32mBuilding C object CMakeFiles/uwb_msgs__rosidl_typesupport_introspection_c__pyext.dir/rosidl_generator_py/uwb_msgs/_uwb_msgs_s.ep.rosidl_typesupport_introspection_c.c.o\x1b[0m\n'}
[8.208517] (uwb_msgs) StdoutLine: {'line': b'[ 93%] \x1b[32mBuilding C object CMakeFiles/uwb_msgs__rosidl_typesupport_c__pyext.dir/rosidl_generator_py/uwb_msgs/_uwb_msgs_s.ep.rosidl_typesupport_c.c.o\x1b[0m\n'}
[8.231398] (-) TimerEvent: {}
[8.331939] (-) TimerEvent: {}
[8.406086] (uwb_msgs) StdoutLine: {'line': b'[ 95%] \x1b[32m\x1b[1mLinking C shared library rosidl_generator_py/uwb_msgs/uwb_msgs_s__rosidl_typesupport_c.cpython-310-x86_64-linux-gnu.so\x1b[0m\n'}
[8.406993] (uwb_msgs) StdoutLine: {'line': b'[ 97%] \x1b[32m\x1b[1mLinking C shared library rosidl_generator_py/uwb_msgs/uwb_msgs_s__rosidl_typesupport_fastrtps_c.cpython-310-x86_64-linux-gnu.so\x1b[0m\n'}
[8.411197] (uwb_msgs) StdoutLine: {'line': b'[100%] \x1b[32m\x1b[1mLinking C shared library rosidl_generator_py/uwb_msgs/uwb_msgs_s__rosidl_typesupport_introspection_c.cpython-310-x86_64-linux-gnu.so\x1b[0m\n'}
[8.432094] (-) TimerEvent: {}
[8.477687] (uwb_msgs) StdoutLine: {'line': b'[100%] Built target uwb_msgs__rosidl_typesupport_c__pyext\n'}
[8.479045] (uwb_msgs) StdoutLine: {'line': b'[100%] Built target uwb_msgs__rosidl_typesupport_fastrtps_c__pyext\n'}
[8.480053] (uwb_msgs) StdoutLine: {'line': b'[100%] Built target uwb_msgs__rosidl_typesupport_introspection_c__pyext\n'}
[8.500269] (uwb_msgs) CommandEnded: {'returncode': 0}
[8.501585] (uwb_msgs) JobProgress: {'identifier': 'uwb_msgs', 'progress': 'install'}
[8.516399] (uwb_msgs) Command: {'cmd': ['/usr/bin/cmake', '--install', '/workspace/safmc_uwb/ros/build/uwb_msgs'], 'cwd': '/workspace/safmc_uwb/ros/build/uwb_msgs', 'env': OrderedDict([('SUDO_GID', '1000'), ('MAIL', '/var/mail/root'), ('USER', 'root'), ('HOSTNAME', 'Debian-KevinPan'), ('SHLVL', '1'), ('LD_LIBRARY_PATH', '/opt/ros/humble/opt/rviz_ogre_vendor/lib:/opt/ros/humble/lib/x86_64-linux-gnu:/opt/ros/humble/lib'), ('HOME', '/root'), ('OLDPWD', '/workspace/safmc_uwb'), ('ROS_PYTHON_VERSION', '3'), ('COLORTERM', 'truecolor'), ('SUDO_UID', '1000'), ('ROS_DISTRO', 'humble'), ('LOGNAME', 'root'), ('_', '/usr/bin/colcon'), ('ROS_VERSION', '2'), ('TERM', 'xterm-256color'), ('ROS_LOCALHOST_ONLY', '0'), ('PATH', '/opt/ros/humble/bin:/usr/local/sbin:/usr/local/bin:/usr/sbin:/usr/bin:/sbin:/bin'), ('DISPLAY', ':0'), ('LANG', 'en_US.UTF-8'), ('SUDO_COMMAND', '/usr/bin/su'), ('AMENT_PREFIX_PATH', '/opt/ros/humble'), ('DEBIAN_FRONTEND', 'noninteractive'), ('SHELL', '/bin/bash'), ('SUDO_USER', 'user'), ('PWD', '/workspace/safmc_uwb/ros/build/uwb_msgs'), ('LC_ALL', 'en_US.UTF-8'), ('PYTHONPATH', '/opt/ros/humble/lib/python3.10/site-packages:/opt/ros/humble/local/lib/python3.10/dist-packages'), ('COLCON', '1'), ('CMAKE_PREFIX_PATH', '/opt/ros/humble')]), 'shell': False}
[8.530804] (uwb_msgs) StdoutLine: {'line': b'-- Install configuration: ""\n'}
[8.531885] (uwb_msgs) StdoutLine: {'line': b'-- Execute custom install script\n'}
[8.532140] (-) TimerEvent: {}
[8.532443] (uwb_msgs) StdoutLine: {'line': b'-- Up-to-date symlink: /workspace/safmc_uwb/ros/install/uwb_msgs/share/ament_index/resource_index/rosidl_interfaces/uwb_msgs\n'}
[8.533167] (uwb_msgs) StdoutLine: {'line': b'-- Up-to-date symlink: /workspace/safmc_uwb/ros/install/uwb_msgs/include/uwb_msgs/uwb_msgs/msg/detail/pose__functions.h\n'}
[8.533562] (uwb_msgs) StdoutLine: {'line': b'-- Up-to-date symlink: /workspace/safmc_uwb/ros/install/uwb_msgs/include/uwb_msgs/uwb_msgs/msg/detail/pose__struct.h\n'}
[8.533779] (uwb_msgs) StdoutLine: {'line': b'-- Up-to-date symlink: /workspace/safmc_uwb/ros/install/uwb_msgs/include/uwb_msgs/uwb_msgs/msg/detail/pose__type_support.h\n'}
[8.533951] (uwb_msgs) StdoutLine: {'line': b'-- Up-to-date symlink: /workspace/safmc_uwb/ros/install/uwb_msgs/include/uwb_msgs/uwb_msgs/msg/detail/range__functions.h\n'}
[8.534108] (uwb_msgs) StdoutLine: {'line': b'-- Up-to-date symlink: /workspace/safmc_uwb/ros/install/uwb_msgs/include/uwb_msgs/uwb_msgs/msg/detail/range__struct.h\n'}
[8.534338] (uwb_msgs) StdoutLine: {'line': b'-- Up-to-date symlink: /workspace/safmc_uwb/ros/install/uwb_msgs/include/uwb_msgs/uwb_msgs/msg/detail/range__type_support.h\n'}
[8.534491] (uwb_msgs) StdoutLine: {'line': b'-- Up-to-date symlink: /workspace/safmc_uwb/ros/install/uwb_msgs/include/uwb_msgs/uwb_msgs/msg/detail/tag_position__functions.h\n'}
[8.534603] (uwb_msgs) StdoutLine: {'line': b'-- Up-to-date symlink: /workspace/safmc_uwb/ros/install/uwb_msgs/include/uwb_msgs/uwb_msgs/msg/detail/tag_position__struct.h\n'}
[8.534766] (uwb_msgs) StdoutLine: {'line': b'-- Up-to-date symlink: /workspace/safmc_uwb/ros/install/uwb_msgs/include/uwb_msgs/uwb_msgs/msg/detail/tag_position__type_support.h\n'}
[8.534886] (uwb_msgs) StdoutLine: {'line': b'-- Up-to-date symlink: /workspace/safmc_uwb/ros/install/uwb_msgs/include/uwb_msgs/uwb_msgs/msg/pose.h\n'}
[8.535049] (uwb_msgs) StdoutLine: {'line': b'-- Up-to-date symlink: /workspace/safmc_uwb/ros/install/uwb_msgs/include/uwb_msgs/uwb_msgs/msg/range.h\n'}
[8.535221] (uwb_msgs) StdoutLine: {'line': b'-- Up-to-date symlink: /workspace/safmc_uwb/ros/install/uwb_msgs/include/uwb_msgs/uwb_msgs/msg/rosidl_generator_c__visibility_control.h\n'}
[8.535395] (uwb_msgs) StdoutLine: {'line': b'-- Up-to-date symlink: /workspace/safmc_uwb/ros/install/uwb_msgs/include/uwb_msgs/uwb_msgs/msg/tag_position.h\n'}
[8.535676] (uwb_msgs) StdoutLine: {'line': b'-- Up-to-date symlink: /workspace/safmc_uwb/ros/install/uwb_msgs/share/uwb_msgs/environment/library_path.sh\n'}
[8.535925] (uwb_msgs) StdoutLine: {'line': b'-- Up-to-date symlink: /workspace/safmc_uwb/ros/install/uwb_msgs/share/uwb_msgs/environment/library_path.dsv\n'}
[8.536704] (uwb_msgs) StdoutLine: {'line': b'-- Up-to-date symlink: /workspace/safmc_uwb/ros/install/uwb_msgs/include/uwb_msgs/uwb_msgs/msg/detail/pose__rosidl_typesupport_fastrtps_c.h\n'}
[8.536868] (uwb_msgs) StdoutLine: {'line': b'-- Up-to-date symlink: /workspace/safmc_uwb/ros/install/uwb_msgs/include/uwb_msgs/uwb_msgs/msg/detail/range__rosidl_typesupport_fastrtps_c.h\n'}
[8.537040] (uwb_msgs) StdoutLine: {'line': b'-- Up-to-date symlink: /workspace/safmc_uwb/ros/install/uwb_msgs/include/uwb_msgs/uwb_msgs/msg/detail/tag_position__rosidl_typesupport_fastrtps_c.h\n'}
[8.537206] (uwb_msgs) StdoutLine: {'line': b'-- Up-to-date symlink: /workspace/safmc_uwb/ros/install/uwb_msgs/include/uwb_msgs/uwb_msgs/msg/rosidl_typesupport_fastrtps_c__visibility_control.h\n'}
[8.537757] (uwb_msgs) StdoutLine: {'line': b'-- Up-to-date symlink: /workspace/safmc_uwb/ros/install/uwb_msgs/include/uwb_msgs/uwb_msgs/msg/detail/pose__rosidl_typesupport_introspection_c.h\n'}
[8.537902] (uwb_msgs) StdoutLine: {'line': b'-- Up-to-date symlink: /workspace/safmc_uwb/ros/install/uwb_msgs/include/uwb_msgs/uwb_msgs/msg/detail/range__rosidl_typesupport_introspection_c.h\n'}
[8.538065] (uwb_msgs) StdoutLine: {'line': b'-- Up-to-date symlink: /workspace/safmc_uwb/ros/install/uwb_msgs/include/uwb_msgs/uwb_msgs/msg/detail/tag_position__rosidl_typesupport_introspection_c.h\n'}
[8.538248] (uwb_msgs) StdoutLine: {'line': b'-- Up-to-date symlink: /workspace/safmc_uwb/ros/install/uwb_msgs/include/uwb_msgs/uwb_msgs/msg/rosidl_typesupport_introspection_c__visibility_control.h\n'}
[8.538938] (uwb_msgs) StdoutLine: {'line': b'-- Up-to-date symlink: /workspace/safmc_uwb/ros/install/uwb_msgs/include/uwb_msgs/uwb_msgs/msg/detail/pose__builder.hpp\n'}
[8.539089] (uwb_msgs) StdoutLine: {'line': b'-- Up-to-date symlink: /workspace/safmc_uwb/ros/install/uwb_msgs/include/uwb_msgs/uwb_msgs/msg/detail/pose__struct.hpp\n'}
[8.539264] (uwb_msgs) StdoutLine: {'line': b'-- Up-to-date symlink: /workspace/safmc_uwb/ros/install/uwb_msgs/include/uwb_msgs/uwb_msgs/msg/detail/pose__traits.hpp\n'}
[8.539429] (uwb_msgs) StdoutLine: {'line': b'-- Up-to-date symlink: /workspace/safmc_uwb/ros/install/uwb_msgs/include/uwb_msgs/uwb_msgs/msg/detail/pose__type_support.hpp\n'}
[8.539594] (uwb_msgs) StdoutLine: {'line': b'-- Up-to-date symlink: /workspace/safmc_uwb/ros/install/uwb_msgs/include/uwb_msgs/uwb_msgs/msg/detail/range__builder.hpp\n'}
[8.539756] (uwb_msgs) StdoutLine: {'line': b'-- Up-to-date symlink: /workspace/safmc_uwb/ros/install/uwb_msgs/include/uwb_msgs/uwb_msgs/msg/detail/range__struct.hpp\n'}
[8.539915] (uwb_msgs) StdoutLine: {'line': b'-- Up-to-date symlink: /workspace/safmc_uwb/ros/install/uwb_msgs/include/uwb_msgs/uwb_msgs/msg/detail/range__traits.hpp\n'}
[8.540190] (uwb_msgs) StdoutLine: {'line': b'-- Up-to-date symlink: /workspace/safmc_uwb/ros/install/uwb_msgs/include/uwb_msgs/uwb_msgs/msg/detail/range__type_support.hpp\n'}
[8.540473] (uwb_msgs) StdoutLine: {'line': b'-- Up-to-date symlink: /workspace/safmc_uwb/ros/install/uwb_msgs/include/uwb_msgs/uwb_msgs/msg/detail/tag_position__builder.hpp\n'}
[8.540602] (uwb_msgs) StdoutLine: {'line': b'-- Up-to-date symlink: /workspace/safmc_uwb/ros/install/uwb_msgs/include/uwb_msgs/uwb_msgs/msg/detail/tag_position__struct.hpp\n'}
[8.540759] (uwb_msgs) StdoutLine: {'line': b'-- Up-to-date symlink: /workspace/safmc_uwb/ros/install/uwb_msgs/include/uwb_msgs/uwb_msgs/msg/detail/tag_position__traits.hpp\n'}
[8.540934] (uwb_msgs) StdoutLine: {'line': b'-- Up-to-date symlink: /workspace/safmc_uwb/ros/install/uwb_msgs/include/uwb_msgs/uwb_msgs/msg/detail/tag_position__type_support.hpp\n'}
[8.541105] (uwb_msgs) StdoutLine: {'line': b'-- Up-to-date symlink: /workspace/safmc_uwb/ros/install/uwb_msgs/include/uwb_msgs/uwb_msgs/msg/pose.hpp\n'}
[8.541317] (uwb_msgs) StdoutLine: {'line': b'-- Up-to-date symlink: /workspace/safmc_uwb/ros/install/uwb_msgs/include/uwb_msgs/uwb_msgs/msg/range.hpp\n'}
[8.541487] (uwb_msgs) StdoutLine: {'line': b'-- Up-to-date symlink: /workspace/safmc_uwb/ros/install/uwb_msgs/include/uwb_msgs/uwb_msgs/msg/rosidl_generator_cpp__visibility_control.hpp\n'}
[8.541665] (uwb_msgs) StdoutLine: {'line': b'-- Up-to-date symlink: /workspace/safmc_uwb/ros/install/uwb_msgs/include/uwb_msgs/uwb_msgs/msg/tag_position.hpp\n'}
[8.542283] (uwb_msgs) StdoutLine: {'line': b'-- Up-to-date symlink: /workspace/safmc_uwb/ros/install/uwb_msgs/include/uwb_msgs/uwb_msgs/msg/detail/pose__rosidl_typesupport_fastrtps_cpp.hpp\n'}
[8.542461] (uwb_msgs) StdoutLine: {'line': b'-- Up-to-date symlink: /workspace/safmc_uwb/ros/install/uwb_msgs/include/uwb_msgs/uwb_msgs/msg/detail/range__rosidl_typesupport_fastrtps_cpp.hpp\n'}
[8.542624] (uwb_msgs) StdoutLine: {'line': b'-- Up-to-date symlink: /workspace/safmc_uwb/ros/install/uwb_msgs/include/uwb_msgs/uwb_msgs/msg/detail/tag_position__rosidl_typesupport_fastrtps_cpp.hpp\n'}
[8.542800] (uwb_msgs) StdoutLine: {'line': b'-- Up-to-date symlink: /workspace/safmc_uwb/ros/install/uwb_msgs/include/uwb_msgs/uwb_msgs/msg/rosidl_typesupport_fastrtps_cpp__visibility_control.h\n'}
[8.543378] (uwb_msgs) StdoutLine: {'line': b'-- Up-to-date symlink: /workspace/safmc_uwb/ros/install/uwb_msgs/include/uwb_msgs/uwb_msgs/msg/detail/pose__rosidl_typesupport_introspection_cpp.hpp\n'}
[8.543719] (uwb_msgs) StdoutLine: {'line': b'-- Up-to-date symlink: /workspace/safmc_uwb/ros/install/uwb_msgs/include/uwb_msgs/uwb_msgs/msg/detail/range__rosidl_typesupport_introspection_cpp.hpp\n'}
[8.543921] (uwb_msgs) StdoutLine: {'line': b'-- Up-to-date symlink: /workspace/safmc_uwb/ros/install/uwb_msgs/include/uwb_msgs/uwb_msgs/msg/detail/tag_position__rosidl_typesupport_introspection_cpp.hpp\n'}
[8.544292] (uwb_msgs) StdoutLine: {'line': b'-- Up-to-date symlink: /workspace/safmc_uwb/ros/install/uwb_msgs/share/uwb_msgs/environment/pythonpath.sh\n'}
[8.544589] (uwb_msgs) StdoutLine: {'line': b'-- Up-to-date symlink: /workspace/safmc_uwb/ros/install/uwb_msgs/share/uwb_msgs/environment/pythonpath.dsv\n'}
[8.545183] (uwb_msgs) StdoutLine: {'line': b'-- Up-to-date symlink: /workspace/safmc_uwb/ros/install/uwb_msgs/local/lib/python3.10/dist-packages/uwb_msgs-0.0.0-py3.10.egg-info/PKG-INFO\n'}
[8.545355] (uwb_msgs) StdoutLine: {'line': b'-- Up-to-date symlink: /workspace/safmc_uwb/ros/install/uwb_msgs/local/lib/python3.10/dist-packages/uwb_msgs-0.0.0-py3.10.egg-info/SOURCES.txt\n'}
[8.545557] (uwb_msgs) StdoutLine: {'line': b'-- Up-to-date symlink: /workspace/safmc_uwb/ros/install/uwb_msgs/local/lib/python3.10/dist-packages/uwb_msgs-0.0.0-py3.10.egg-info/dependency_links.txt\n'}
[8.545736] (uwb_msgs) StdoutLine: {'line': b'-- Up-to-date symlink: /workspace/safmc_uwb/ros/install/uwb_msgs/local/lib/python3.10/dist-packages/uwb_msgs-0.0.0-py3.10.egg-info/top_level.txt\n'}
[8.547093] (uwb_msgs) StdoutLine: {'line': b'-- Up-to-date symlink: /workspace/safmc_uwb/ros/install/uwb_msgs/local/lib/python3.10/dist-packages/uwb_msgs/__init__.py\n'}
[8.547373] (uwb_msgs) StdoutLine: {'line': b'-- Up-to-date symlink: /workspace/safmc_uwb/ros/install/uwb_msgs/local/lib/python3.10/dist-packages/uwb_msgs/_uwb_msgs_s.ep.rosidl_typesupport_c.c\n'}
[8.547688] (uwb_msgs) StdoutLine: {'line': b'-- Up-to-date symlink: /workspace/safmc_uwb/ros/install/uwb_msgs/local/lib/python3.10/dist-packages/uwb_msgs/_uwb_msgs_s.ep.rosidl_typesupport_fastrtps_c.c\n'}
[8.547950] (uwb_msgs) StdoutLine: {'line': b'-- Up-to-date symlink: /workspace/safmc_uwb/ros/install/uwb_msgs/local/lib/python3.10/dist-packages/uwb_msgs/_uwb_msgs_s.ep.rosidl_typesupport_introspection_c.c\n'}
[8.548213] (uwb_msgs) StdoutLine: {'line': b'-- Up-to-date symlink: /workspace/safmc_uwb/ros/install/uwb_msgs/local/lib/python3.10/dist-packages/uwb_msgs/libuwb_msgs__rosidl_generator_py.so\n'}
[8.548421] (uwb_msgs) StdoutLine: {'line': b'-- Up-to-date symlink: /workspace/safmc_uwb/ros/install/uwb_msgs/local/lib/python3.10/dist-packages/uwb_msgs/msg/__init__.py\n'}
[8.548587] (uwb_msgs) StdoutLine: {'line': b'-- Up-to-date symlink: /workspace/safmc_uwb/ros/install/uwb_msgs/local/lib/python3.10/dist-packages/uwb_msgs/msg/_pose.py\n'}
[8.548759] (uwb_msgs) StdoutLine: {'line': b'-- Up-to-date symlink: /workspace/safmc_uwb/ros/install/uwb_msgs/local/lib/python3.10/dist-packages/uwb_msgs/msg/_pose_s.c\n'}
[8.548926] (uwb_msgs) StdoutLine: {'line': b'-- Up-to-date symlink: /workspace/safmc_uwb/ros/install/uwb_msgs/local/lib/python3.10/dist-packages/uwb_msgs/msg/_range.py\n'}
[8.549080] (uwb_msgs) StdoutLine: {'line': b'-- Up-to-date symlink: /workspace/safmc_uwb/ros/install/uwb_msgs/local/lib/python3.10/dist-packages/uwb_msgs/msg/_range_s.c\n'}
[8.549257] (uwb_msgs) StdoutLine: {'line': b'-- Up-to-date symlink: /workspace/safmc_uwb/ros/install/uwb_msgs/local/lib/python3.10/dist-packages/uwb_msgs/msg/_tag_position.py\n'}
[8.549432] (uwb_msgs) StdoutLine: {'line': b'-- Up-to-date symlink: /workspace/safmc_uwb/ros/install/uwb_msgs/local/lib/python3.10/dist-packages/uwb_msgs/msg/_tag_position_s.c\n'}
[8.549610] (uwb_msgs) StdoutLine: {'line': b'-- Up-to-date symlink: /workspace/safmc_uwb/ros/install/uwb_msgs/local/lib/python3.10/dist-packages/uwb_msgs/uwb_msgs_s__rosidl_typesupport_c.cpython-310-x86_64-linux-gnu.so\n'}
[8.549791] (uwb_msgs) StdoutLine: {'line': b'-- Up-to-date symlink: /workspace/safmc_uwb/ros/install/uwb_msgs/local/lib/python3.10/dist-packages/uwb_msgs/uwb_msgs_s__rosidl_typesupport_fastrtps_c.cpython-310-x86_64-linux-gnu.so\n'}
[8.549977] (uwb_msgs) StdoutLine: {'line': b'-- Up-to-date symlink: /workspace/safmc_uwb/ros/install/uwb_msgs/local/lib/python3.10/dist-packages/uwb_msgs/uwb_msgs_s__rosidl_typesupport_introspection_c.cpython-310-x86_64-linux-gnu.so\n'}
[8.550341] (uwb_msgs) StdoutLine: {'line': b'-- Up-to-date symlink: /workspace/safmc_uwb/ros/install/uwb_msgs/local/lib/python3.10/dist-packages/uwb_msgs/uwb_msgs_s__rosidl_typesupport_fastrtps_c.cpython-310-x86_64-linux-gnu.so\n'}
[8.550871] (uwb_msgs) StdoutLine: {'line': b'-- Up-to-date symlink: /workspace/safmc_uwb/ros/install/uwb_msgs/local/lib/python3.10/dist-packages/uwb_msgs/uwb_msgs_s__rosidl_typesupport_introspection_c.cpython-310-x86_64-linux-gnu.so\n'}
[8.551427] (uwb_msgs) StdoutLine: {'line': b'-- Up-to-date symlink: /workspace/safmc_uwb/ros/install/uwb_msgs/local/lib/python3.10/dist-packages/uwb_msgs/uwb_msgs_s__rosidl_typesupport_c.cpython-310-x86_64-linux-gnu.so\n'}
[8.551783] (uwb_msgs) StdoutLine: {'line': b'-- Up-to-date symlink: /workspace/safmc_uwb/ros/install/uwb_msgs/share/uwb_msgs/msg/Range.idl\n'}
[8.552105] (uwb_msgs) StdoutLine: {'line': b'-- Up-to-date symlink: /workspace/safmc_uwb/ros/install/uwb_msgs/share/uwb_msgs/msg/Pose.idl\n'}
[8.552410] (uwb_msgs) StdoutLine: {'line': b'-- Up-to-date symlink: /workspace/safmc_uwb/ros/install/uwb_msgs/share/uwb_msgs/msg/TagPosition.idl\n'}
[8.552656] (uwb_msgs) StdoutLine: {'line': b'-- Up-to-date symlink: /workspace/safmc_uwb/ros/install/uwb_msgs/share/uwb_msgs/msg/Range.msg\n'}
[8.552874] (uwb_msgs) StdoutLine: {'line': b'-- Up-to-date symlink: /workspace/safmc_uwb/ros/install/uwb_msgs/share/uwb_msgs/msg/Pose.msg\n'}
[8.553090] (uwb_msgs) StdoutLine: {'line': b'-- Up-to-date symlink: /workspace/safmc_uwb/ros/install/uwb_msgs/share/uwb_msgs/msg/TagPosition.msg\n'}
[8.553345] (uwb_msgs) StdoutLine: {'line': b'-- Up-to-date symlink: /workspace/safmc_uwb/ros/install/uwb_msgs/share/ament_index/resource_index/package_run_dependencies/uwb_msgs\n'}
[8.553584] (uwb_msgs) StdoutLine: {'line': b'-- Up-to-date symlink: /workspace/safmc_uwb/ros/install/uwb_msgs/share/ament_index/resource_index/parent_prefix_path/uwb_msgs\n'}
[8.553831] (uwb_msgs) StdoutLine: {'line': b'-- Up-to-date symlink: /workspace/safmc_uwb/ros/install/uwb_msgs/share/uwb_msgs/environment/ament_prefix_path.sh\n'}
[8.554058] (uwb_msgs) StdoutLine: {'line': b'-- Up-to-date symlink: /workspace/safmc_uwb/ros/install/uwb_msgs/share/uwb_msgs/environment/ament_prefix_path.dsv\n'}
[8.554572] (uwb_msgs) StdoutLine: {'line': b'-- Up-to-date symlink: /workspace/safmc_uwb/ros/install/uwb_msgs/share/uwb_msgs/environment/path.sh\n'}
[8.554802] (uwb_msgs) StdoutLine: {'line': b'-- Up-to-date symlink: /workspace/safmc_uwb/ros/install/uwb_msgs/share/uwb_msgs/environment/path.dsv\n'}
[8.554967] (uwb_msgs) StdoutLine: {'line': b'-- Up-to-date symlink: /workspace/safmc_uwb/ros/install/uwb_msgs/share/uwb_msgs/local_setup.bash\n'}
[8.555208] (uwb_msgs) StdoutLine: {'line': b'-- Up-to-date symlink: /workspace/safmc_uwb/ros/install/uwb_msgs/share/uwb_msgs/local_setup.sh\n'}
[8.555418] (uwb_msgs) StdoutLine: {'line': b'-- Up-to-date symlink: /workspace/safmc_uwb/ros/install/uwb_msgs/share/uwb_msgs/local_setup.zsh\n'}
[8.555625] (uwb_msgs) StdoutLine: {'line': b'-- Up-to-date symlink: /workspace/safmc_uwb/ros/install/uwb_msgs/share/uwb_msgs/local_setup.dsv\n'}
[8.555792] (uwb_msgs) StdoutLine: {'line': b'-- Symlinking: /workspace/safmc_uwb/ros/install/uwb_msgs/share/uwb_msgs/package.dsv\n'}
[8.571081] (uwb_msgs) StdoutLine: {'line': b'-- Up-to-date symlink: /workspace/safmc_uwb/ros/install/uwb_msgs/share/ament_index/resource_index/packages/uwb_msgs\n'}
[8.571387] (uwb_msgs) StdoutLine: {'line': b'-- Up-to-date symlink: /workspace/safmc_uwb/ros/install/uwb_msgs/share/uwb_msgs/cmake/rosidl_cmake-extras.cmake\n'}
[8.571571] (uwb_msgs) StdoutLine: {'line': b'-- Up-to-date symlink: /workspace/safmc_uwb/ros/install/uwb_msgs/share/uwb_msgs/cmake/ament_cmake_export_dependencies-extras.cmake\n'}
[8.571762] (uwb_msgs) StdoutLine: {'line': b'-- Up-to-date symlink: /workspace/safmc_uwb/ros/install/uwb_msgs/share/uwb_msgs/cmake/ament_cmake_export_include_directories-extras.cmake\n'}
[8.571933] (uwb_msgs) StdoutLine: {'line': b'-- Up-to-date symlink: /workspace/safmc_uwb/ros/install/uwb_msgs/share/uwb_msgs/cmake/ament_cmake_export_libraries-extras.cmake\n'}
[8.572153] (uwb_msgs) StdoutLine: {'line': b'-- Up-to-date symlink: /workspace/safmc_uwb/ros/install/uwb_msgs/share/uwb_msgs/cmake/ament_cmake_export_targets-extras.cmake\n'}
[8.572372] (uwb_msgs) StdoutLine: {'line': b'-- Up-to-date symlink: /workspace/safmc_uwb/ros/install/uwb_msgs/share/uwb_msgs/cmake/rosidl_cmake_export_typesupport_targets-extras.cmake\n'}
[8.572590] (uwb_msgs) StdoutLine: {'line': b'-- Up-to-date symlink: /workspace/safmc_uwb/ros/install/uwb_msgs/share/uwb_msgs/cmake/rosidl_cmake_export_typesupport_libraries-extras.cmake\n'}
[8.572824] (uwb_msgs) StdoutLine: {'line': b'-- Up-to-date symlink: /workspace/safmc_uwb/ros/install/uwb_msgs/share/uwb_msgs/cmake/uwb_msgsConfig.cmake\n'}
[8.572980] (uwb_msgs) StdoutLine: {'line': b'-- Up-to-date symlink: /workspace/safmc_uwb/ros/install/uwb_msgs/share/uwb_msgs/cmake/uwb_msgsConfig-version.cmake\n'}
[8.573205] (uwb_msgs) StdoutLine: {'line': b'-- Up-to-date symlink: /workspace/safmc_uwb/ros/install/uwb_msgs/share/uwb_msgs/package.xml\n'}
[8.573495] (uwb_msgs) StdoutLine: {'line': b'-- Installing: /workspace/safmc_uwb/ros/install/uwb_msgs/lib/libuwb_msgs__rosidl_generator_c.so\n'}
[8.574051] (uwb_msgs) StdoutLine: {'line': b'-- Set runtime path of "/workspace/safmc_uwb/ros/install/uwb_msgs/lib/libuwb_msgs__rosidl_generator_c.so" to ""\n'}
[8.574218] (uwb_msgs) StdoutLine: {'line': b'-- Installing: /workspace/safmc_uwb/ros/install/uwb_msgs/lib/libuwb_msgs__rosidl_typesupport_fastrtps_c.so\n'}
[8.574644] (uwb_msgs) StdoutLine: {'line': b'-- Set runtime path of "/workspace/safmc_uwb/ros/install/uwb_msgs/lib/libuwb_msgs__rosidl_typesupport_fastrtps_c.so" to ""\n'}
[8.574813] (uwb_msgs) StdoutLine: {'line': b'-- Installing: /workspace/safmc_uwb/ros/install/uwb_msgs/lib/libuwb_msgs__rosidl_typesupport_introspection_c.so\n'}
[8.575144] (uwb_msgs) StdoutLine: {'line': b'-- Set runtime path of "/workspace/safmc_uwb/ros/install/uwb_msgs/lib/libuwb_msgs__rosidl_typesupport_introspection_c.so" to ""\n'}
[8.575294] (uwb_msgs) StdoutLine: {'line': b'-- Installing: /workspace/safmc_uwb/ros/install/uwb_msgs/lib/libuwb_msgs__rosidl_typesupport_c.so\n'}
[8.576117] (uwb_msgs) StdoutLine: {'line': b'-- Set runtime path of "/workspace/safmc_uwb/ros/install/uwb_msgs/lib/libuwb_msgs__rosidl_typesupport_c.so" to ""\n'}
[8.576278] (uwb_msgs) StdoutLine: {'line': b'-- Installing: /workspace/safmc_uwb/ros/install/uwb_msgs/lib/libuwb_msgs__rosidl_typesupport_fastrtps_cpp.so\n'}
[8.576760] (uwb_msgs) StdoutLine: {'line': b'-- Set runtime path of "/workspace/safmc_uwb/ros/install/uwb_msgs/lib/libuwb_msgs__rosidl_typesupport_fastrtps_cpp.so" to ""\n'}
[8.576909] (uwb_msgs) StdoutLine: {'line': b'-- Installing: /workspace/safmc_uwb/ros/install/uwb_msgs/lib/libuwb_msgs__rosidl_typesupport_introspection_cpp.so\n'}
[8.577300] (uwb_msgs) StdoutLine: {'line': b'-- Set runtime path of "/workspace/safmc_uwb/ros/install/uwb_msgs/lib/libuwb_msgs__rosidl_typesupport_introspection_cpp.so" to ""\n'}
[8.577445] (uwb_msgs) StdoutLine: {'line': b'-- Installing: /workspace/safmc_uwb/ros/install/uwb_msgs/lib/libuwb_msgs__rosidl_typesupport_cpp.so\n'}
[8.577904] (uwb_msgs) StdoutLine: {'line': b'-- Set runtime path of "/workspace/safmc_uwb/ros/install/uwb_msgs/lib/libuwb_msgs__rosidl_typesupport_cpp.so" to ""\n'}
[8.632296] (-) TimerEvent: {}
[8.644541] (uwb_msgs) StdoutLine: {'line': b"Listing '/workspace/safmc_uwb/ros/install/uwb_msgs/local/lib/python3.10/dist-packages/uwb_msgs'...\n"}
[8.645188] (uwb_msgs) StdoutLine: {'line': b"Compiling '/workspace/safmc_uwb/ros/install/uwb_msgs/local/lib/python3.10/dist-packages/uwb_msgs/__init__.py'...\n"}
[8.645439] (uwb_msgs) StdoutLine: {'line': b"Listing '/workspace/safmc_uwb/ros/install/uwb_msgs/local/lib/python3.10/dist-packages/uwb_msgs/msg'...\n"}
[8.645652] (uwb_msgs) StdoutLine: {'line': b"Compiling '/workspace/safmc_uwb/ros/install/uwb_msgs/local/lib/python3.10/dist-packages/uwb_msgs/msg/__init__.py'...\n"}
[8.645848] (uwb_msgs) StdoutLine: {'line': b"Compiling '/workspace/safmc_uwb/ros/install/uwb_msgs/local/lib/python3.10/dist-packages/uwb_msgs/msg/_pose.py'...\n"}
[8.646078] (uwb_msgs) StdoutLine: {'line': b"Compiling '/workspace/safmc_uwb/ros/install/uwb_msgs/local/lib/python3.10/dist-packages/uwb_msgs/msg/_range.py'...\n"}
[8.646328] (uwb_msgs) StdoutLine: {'line': b"Compiling '/workspace/safmc_uwb/ros/install/uwb_msgs/local/lib/python3.10/dist-packages/uwb_msgs/msg/_tag_position.py'...\n"}
[8.653182] (uwb_msgs) StdoutLine: {'line': b'-- Installing: /workspace/safmc_uwb/ros/install/uwb_msgs/lib/libuwb_msgs__rosidl_generator_py.so\n'}
[8.653728] (uwb_msgs) StdoutLine: {'line': b'-- Set runtime path of "/workspace/safmc_uwb/ros/install/uwb_msgs/lib/libuwb_msgs__rosidl_generator_py.so" to ""\n'}
[8.653922] (uwb_msgs) StdoutLine: {'line': b'-- Installing: /workspace/safmc_uwb/ros/install/uwb_msgs/share/uwb_msgs/cmake/export_uwb_msgs__rosidl_generator_cExport.cmake\n'}
[8.654106] (uwb_msgs) StdoutLine: {'line': b'-- Installing: /workspace/safmc_uwb/ros/install/uwb_msgs/share/uwb_msgs/cmake/export_uwb_msgs__rosidl_generator_cExport-noconfig.cmake\n'}
[8.654308] (uwb_msgs) StdoutLine: {'line': b'-- Installing: /workspace/safmc_uwb/ros/install/uwb_msgs/share/uwb_msgs/cmake/export_uwb_msgs__rosidl_typesupport_fastrtps_cExport.cmake\n'}
[8.654508] (uwb_msgs) StdoutLine: {'line': b'-- Installing: /workspace/safmc_uwb/ros/install/uwb_msgs/share/uwb_msgs/cmake/export_uwb_msgs__rosidl_typesupport_fastrtps_cExport-noconfig.cmake\n'}
[8.654709] (uwb_msgs) StdoutLine: {'line': b'-- Installing: /workspace/safmc_uwb/ros/install/uwb_msgs/share/uwb_msgs/cmake/uwb_msgs__rosidl_typesupport_introspection_cExport.cmake\n'}
[8.654848] (uwb_msgs) StdoutLine: {'line': b'-- Installing: /workspace/safmc_uwb/ros/install/uwb_msgs/share/uwb_msgs/cmake/uwb_msgs__rosidl_typesupport_introspection_cExport-noconfig.cmake\n'}
[8.655024] (uwb_msgs) StdoutLine: {'line': b'-- Installing: /workspace/safmc_uwb/ros/install/uwb_msgs/share/uwb_msgs/cmake/uwb_msgs__rosidl_typesupport_cExport.cmake\n'}
[8.655240] (uwb_msgs) StdoutLine: {'line': b'-- Installing: /workspace/safmc_uwb/ros/install/uwb_msgs/share/uwb_msgs/cmake/uwb_msgs__rosidl_typesupport_cExport-noconfig.cmake\n'}
[8.655500] (uwb_msgs) StdoutLine: {'line': b'-- Installing: /workspace/safmc_uwb/ros/install/uwb_msgs/share/uwb_msgs/cmake/export_uwb_msgs__rosidl_generator_cppExport.cmake\n'}
[8.655712] (uwb_msgs) StdoutLine: {'line': b'-- Installing: /workspace/safmc_uwb/ros/install/uwb_msgs/share/uwb_msgs/cmake/export_uwb_msgs__rosidl_typesupport_fastrtps_cppExport.cmake\n'}
[8.655923] (uwb_msgs) StdoutLine: {'line': b'-- Installing: /workspace/safmc_uwb/ros/install/uwb_msgs/share/uwb_msgs/cmake/export_uwb_msgs__rosidl_typesupport_fastrtps_cppExport-noconfig.cmake\n'}
[8.656126] (uwb_msgs) StdoutLine: {'line': b'-- Installing: /workspace/safmc_uwb/ros/install/uwb_msgs/share/uwb_msgs/cmake/uwb_msgs__rosidl_typesupport_introspection_cppExport.cmake\n'}
[8.656327] (uwb_msgs) StdoutLine: {'line': b'-- Installing: /workspace/safmc_uwb/ros/install/uwb_msgs/share/uwb_msgs/cmake/uwb_msgs__rosidl_typesupport_introspection_cppExport-noconfig.cmake\n'}
[8.656536] (uwb_msgs) StdoutLine: {'line': b'-- Installing: /workspace/safmc_uwb/ros/install/uwb_msgs/share/uwb_msgs/cmake/uwb_msgs__rosidl_typesupport_cppExport.cmake\n'}
[8.656763] (uwb_msgs) StdoutLine: {'line': b'-- Installing: /workspace/safmc_uwb/ros/install/uwb_msgs/share/uwb_msgs/cmake/uwb_msgs__rosidl_typesupport_cppExport-noconfig.cmake\n'}
[8.656971] (uwb_msgs) StdoutLine: {'line': b'-- Installing: /workspace/safmc_uwb/ros/install/uwb_msgs/share/uwb_msgs/cmake/export_uwb_msgs__rosidl_generator_pyExport.cmake\n'}
[8.657158] (uwb_msgs) StdoutLine: {'line': b'-- Installing: /workspace/safmc_uwb/ros/install/uwb_msgs/share/uwb_msgs/cmake/export_uwb_msgs__rosidl_generator_pyExport-noconfig.cmake\n'}
[8.660714] (uwb_msgs) CommandEnded: {'returncode': 0}
[8.713065] (uwb_msgs) JobEnded: {'identifier': 'uwb_msgs', 'rc': 0}
[8.715106] (uwb) JobStarted: {'identifier': 'uwb'}
[8.732408] (-) TimerEvent: {}
[8.832802] (-) TimerEvent: {}
[8.933242] (-) TimerEvent: {}
[9.033683] (-) TimerEvent: {}
[9.134149] (-) TimerEvent: {}
[9.234524] (-) TimerEvent: {}
[9.334913] (-) TimerEvent: {}
[9.435356] (-) TimerEvent: {}
[9.535828] (-) TimerEvent: {}
[9.636342] (-) TimerEvent: {}
[9.736806] (-) TimerEvent: {}
[9.826984] (uwb) Command: {'cmd': ['/usr/bin/python3', '-W', 'ignore:setup.py install is deprecated', '-W', 'ignore:easy_install command is deprecated', 'setup.py', 'develop', '--editable', '--build-directory', '/workspace/safmc_uwb/ros/build/uwb/build', '--no-deps', 'symlink_data', '--force'], 'cwd': '/workspace/safmc_uwb/ros/build/uwb', 'env': {'SUDO_GID': '1000', 'MAIL': '/var/mail/root', 'USER': 'root', 'HOSTNAME': 'Debian-KevinPan', 'SHLVL': '1', 'LD_LIBRARY_PATH': '/workspace/safmc_uwb/ros/install/uwb_msgs/lib:/opt/ros/humble/opt/rviz_ogre_vendor/lib:/opt/ros/humble/lib/x86_64-linux-gnu:/opt/ros/humble/lib', 'HOME': '/root', 'OLDPWD': '/workspace/safmc_uwb', 'ROS_PYTHON_VERSION': '3', 'COLORTERM': 'truecolor', 'SUDO_UID': '1000', 'ROS_DISTRO': 'humble', 'LOGNAME': 'root', '_': '/usr/bin/colcon', 'ROS_VERSION': '2', 'TERM': 'xterm-256color', 'ROS_LOCALHOST_ONLY': '0', 'PATH': '/opt/ros/humble/bin:/usr/local/sbin:/usr/local/bin:/usr/sbin:/usr/bin:/sbin:/bin', 'DISPLAY': ':0', 'LANG': 'en_US.UTF-8', 'SUDO_COMMAND': '/usr/bin/su', 'AMENT_PREFIX_PATH': '/workspace/safmc_uwb/ros/install/uwb_msgs:/opt/ros/humble', 'DEBIAN_FRONTEND': 'noninteractive', 'SHELL': '/bin/bash', 'SUDO_USER': 'user', 'PWD': '/workspace/safmc_uwb/ros/build/uwb', 'LC_ALL': 'en_US.UTF-8', 'PYTHONPATH': '/workspace/safmc_uwb/ros/build/uwb/prefix_override:/usr/lib/python3/dist-packages/colcon_core/task/python/colcon_distutils_commands:/workspace/safmc_uwb/ros/install/uwb/lib/python3.10/site-packages:/workspace/safmc_uwb/ros/install/uwb_msgs/local/lib/python3.10/dist-packages:/opt/ros/humble/lib/python3.10/site-packages:/opt/ros/humble/local/lib/python3.10/dist-packages', 'COLCON': '1', 'CMAKE_PREFIX_PATH': '/workspace/safmc_uwb/ros/install/uwb_msgs'}, 'shell': False}
[9.836925] (-) TimerEvent: {}
[9.937406] (-) TimerEvent: {}
[10.037945] (-) TimerEvent: {}
[10.138479] (-) TimerEvent: {}
[10.238953] (-) TimerEvent: {}
[10.339465] (-) TimerEvent: {}
[10.370588] (uwb) StdoutLine: {'line': b'running develop\n'}
[10.439606] (-) TimerEvent: {}
[10.542236] (-) TimerEvent: {}
[10.642721] (-) TimerEvent: {}
[10.663599] (uwb) StdoutLine: {'line': b'running egg_info\n'}
[10.664017] (uwb) StdoutLine: {'line': b'writing uwb.egg-info/PKG-INFO\n'}
[10.664473] (uwb) StdoutLine: {'line': b'writing dependency_links to uwb.egg-info/dependency_links.txt\n'}
[10.664822] (uwb) StdoutLine: {'line': b'writing entry points to uwb.egg-info/entry_points.txt\n'}
[10.665049] (uwb) StdoutLine: {'line': b'writing requirements to uwb.egg-info/requires.txt\n'}
[10.665275] (uwb) StdoutLine: {'line': b'writing top-level names to uwb.egg-info/top_level.txt\n'}
[10.668672] (uwb) StdoutLine: {'line': b"reading manifest file 'uwb.egg-info/SOURCES.txt'\n"}
[10.670550] (uwb) StdoutLine: {'line': b"writing manifest file 'uwb.egg-info/SOURCES.txt'\n"}
[10.673482] (uwb) StdoutLine: {'line': b'running build_ext\n'}
[10.673929] (uwb) StdoutLine: {'line': b'Creating /workspace/safmc_uwb/ros/install/uwb/lib/python3.10/site-packages/uwb.egg-link (link to .)\n'}
[10.675842] (uwb) StdoutLine: {'line': b'Installing uwb script to /workspace/safmc_uwb/ros/install/uwb/lib/uwb\n'}
[10.676281] (uwb) StdoutLine: {'line': b'\n'}
[10.676567] (uwb) StdoutLine: {'line': b'Installed /workspace/safmc_uwb/ros/build/uwb\n'}
[10.676765] (uwb) StdoutLine: {'line': b'running symlink_data\n'}
[10.676953] (uwb) StdoutLine: {'line': b'creating /workspace/safmc_uwb/ros/install/uwb/share/ament_index\n'}
[10.677228] (uwb) StdoutLine: {'line': b'creating /workspace/safmc_uwb/ros/install/uwb/share/ament_index/resource_index\n'}
[10.677408] (uwb) StdoutLine: {'line': b'creating /workspace/safmc_uwb/ros/install/uwb/share/ament_index/resource_index/packages\n'}
[10.677589] (uwb) StderrLine: {'line': b"error: [Errno 2] No such file or directory: '/workspace/safmc_uwb/ros/install/uwb/share/ament_index/resource_index/packages/uwb'\n"}
[10.722578] (uwb) CommandEnded: {'returncode': 1}
[10.723423] (uwb) JobEnded: {'identifier': 'uwb', 'rc': 1}
[10.733451] (-) EventReactorShutdown: {}
