[0.280s] DEBUG:colcon:Command line arguments: ['/usr/bin/colcon', 'build', '--symlink-install']
[0.281s] DEBUG:colcon:Parsed command line arguments: Namespace(log_base=None, log_level=None, verb_name='build', build_base='build', install_base='install', merge_install=False, symlink_install=True, test_result_base=None, continue_on_error=False, executor='parallel', parallel_workers=16, event_handlers=None, ignore_user_meta=False, metas=['./colcon.meta'], base_paths=['.'], packages_ignore=None, packages_ignore_regex=None, paths=None, packages_up_to=None, packages_up_to_regex=None, packages_above=None, packages_above_and_dependencies=None, packages_above_depth=None, packages_select_by_dep=None, packages_skip_by_dep=None, packages_skip_up_to=None, packages_select_build_failed=False, packages_skip_build_finished=False, packages_select_test_failures=False, packages_skip_test_passed=False, packages_select=None, packages_skip=None, packages_select_regex=None, packages_skip_regex=None, packages_start=None, packages_end=None, allow_overriding=[], cmake_args=None, cmake_target=None, cmake_target_skip_unavailable=False, cmake_clean_cache=False, cmake_clean_first=False, cmake_force_configure=False, ament_cmake_args=None, catkin_cmake_args=None, catkin_skip_building_tests=False, mixin_files=None, mixin=None, verb_parser=<colcon_mixin.mixin.mixin_argument.MixinArgumentDecorator object at 0x7fb3bc185330>, verb_extension=<colcon_core.verb.build.BuildVerb object at 0x7fb3bc2fec80>, main=<bound method BuildVerb.main of <colcon_core.verb.build.BuildVerb object at 0x7fb3bc2fec80>>, mixin_verb=('build',))
[0.694s] Level 1:colcon.colcon_core.package_discovery:discover_packages(colcon_meta) check parameters
[0.694s] Level 1:colcon.colcon_core.package_discovery:discover_packages(recursive) check parameters
[0.694s] Level 1:colcon.colcon_core.package_discovery:discover_packages(ignore) check parameters
[0.694s] Level 1:colcon.colcon_core.package_discovery:discover_packages(path) check parameters
[0.695s] Level 1:colcon.colcon_core.package_discovery:discover_packages(colcon_meta) discover
[0.695s] Level 1:colcon.colcon_core.package_discovery:discover_packages(recursive) discover
[0.695s] INFO:colcon.colcon_core.package_discovery:Crawling recursively for packages in '/workspace/safmc_uwb/ros'
[0.695s] Level 1:colcon.colcon_core.package_identification:_identify(.) by extensions ['ignore', 'ignore_ament_install']
[0.695s] Level 1:colcon.colcon_core.package_identification:_identify(.) by extension 'ignore'
[0.695s] Level 1:colcon.colcon_core.package_identification:_identify(.) by extension 'ignore_ament_install'
[0.696s] Level 1:colcon.colcon_core.package_identification:_identify(.) by extensions ['colcon_pkg']
[0.696s] Level 1:colcon.colcon_core.package_identification:_identify(.) by extension 'colcon_pkg'
[0.696s] Level 1:colcon.colcon_core.package_identification:_identify(.) by extensions ['colcon_meta']
[0.696s] Level 1:colcon.colcon_core.package_identification:_identify(.) by extension 'colcon_meta'
[0.696s] Level 1:colcon.colcon_core.package_identification:_identify(.) by extensions ['ros']
[0.696s] Level 1:colcon.colcon_core.package_identification:_identify(.) by extension 'ros'
[0.728s] Level 1:colcon.colcon_core.package_identification:_identify(.) by extensions ['cmake', 'python']
[0.728s] Level 1:colcon.colcon_core.package_identification:_identify(.) by extension 'cmake'
[0.728s] Level 1:colcon.colcon_core.package_identification:_identify(.) by extension 'python'
[0.729s] Level 1:colcon.colcon_core.package_identification:_identify(.) by extensions ['python_setup_py']
[0.729s] Level 1:colcon.colcon_core.package_identification:_identify(.) by extension 'python_setup_py'
[0.729s] Level 1:colcon.colcon_core.package_identification:_identify(build) by extensions ['ignore', 'ignore_ament_install']
[0.729s] Level 1:colcon.colcon_core.package_identification:_identify(build) by extension 'ignore'
[0.729s] Level 1:colcon.colcon_core.package_identification:_identify(build) ignored
[0.730s] Level 1:colcon.colcon_core.package_identification:_identify(install) by extensions ['ignore', 'ignore_ament_install']
[0.730s] Level 1:colcon.colcon_core.package_identification:_identify(install) by extension 'ignore'
[0.730s] Level 1:colcon.colcon_core.package_identification:_identify(install) ignored
[0.730s] Level 1:colcon.colcon_core.package_identification:_identify(log) by extensions ['ignore', 'ignore_ament_install']
[0.730s] Level 1:colcon.colcon_core.package_identification:_identify(log) by extension 'ignore'
[0.730s] Level 1:colcon.colcon_core.package_identification:_identify(log) ignored
[0.749s] Level 1:colcon.colcon_core.package_identification:_identify(output) by extensions ['ignore', 'ignore_ament_install']
[0.750s] Level 1:colcon.colcon_core.package_identification:_identify(output) by extension 'ignore'
[0.750s] Level 1:colcon.colcon_core.package_identification:_identify(output) by extension 'ignore_ament_install'
[0.750s] Level 1:colcon.colcon_core.package_identification:_identify(output) by extensions ['colcon_pkg']
[0.750s] Level 1:colcon.colcon_core.package_identification:_identify(output) by extension 'colcon_pkg'
[0.750s] Level 1:colcon.colcon_core.package_identification:_identify(output) by extensions ['colcon_meta']
[0.750s] Level 1:colcon.colcon_core.package_identification:_identify(output) by extension 'colcon_meta'
[0.750s] Level 1:colcon.colcon_core.package_identification:_identify(output) by extensions ['ros']
[0.751s] Level 1:colcon.colcon_core.package_identification:_identify(output) by extension 'ros'
[0.751s] Level 1:colcon.colcon_core.package_identification:_identify(output) by extensions ['cmake', 'python']
[0.751s] Level 1:colcon.colcon_core.package_identification:_identify(output) by extension 'cmake'
[0.751s] Level 1:colcon.colcon_core.package_identification:_identify(output) by extension 'python'
[0.751s] Level 1:colcon.colcon_core.package_identification:_identify(output) by extensions ['python_setup_py']
[0.751s] Level 1:colcon.colcon_core.package_identification:_identify(output) by extension 'python_setup_py'
[0.752s] Level 1:colcon.colcon_core.package_identification:_identify(src) by extensions ['ignore', 'ignore_ament_install']
[0.752s] Level 1:colcon.colcon_core.package_identification:_identify(src) by extension 'ignore'
[0.752s] Level 1:colcon.colcon_core.package_identification:_identify(src) by extension 'ignore_ament_install'
[0.752s] Level 1:colcon.colcon_core.package_identification:_identify(src) by extensions ['colcon_pkg']
[0.752s] Level 1:colcon.colcon_core.package_identification:_identify(src) by extension 'colcon_pkg'
[0.752s] Level 1:colcon.colcon_core.package_identification:_identify(src) by extensions ['colcon_meta']
[0.752s] Level 1:colcon.colcon_core.package_identification:_identify(src) by extension 'colcon_meta'
[0.752s] Level 1:colcon.colcon_core.package_identification:_identify(src) by extensions ['ros']
[0.753s] Level 1:colcon.colcon_core.package_identification:_identify(src) by extension 'ros'
[0.753s] Level 1:colcon.colcon_core.package_identification:_identify(src) by extensions ['cmake', 'python']
[0.753s] Level 1:colcon.colcon_core.package_identification:_identify(src) by extension 'cmake'
[0.753s] Level 1:colcon.colcon_core.package_identification:_identify(src) by extension 'python'
[0.753s] Level 1:colcon.colcon_core.package_identification:_identify(src) by extensions ['python_setup_py']
[0.753s] Level 1:colcon.colcon_core.package_identification:_identify(src) by extension 'python_setup_py'
[0.753s] Level 1:colcon.colcon_core.package_identification:_identify(src/build) by extensions ['ignore', 'ignore_ament_install']
[0.753s] Level 1:colcon.colcon_core.package_identification:_identify(src/build) by extension 'ignore'
[0.754s] Level 1:colcon.colcon_core.package_identification:_identify(src/build) ignored
[0.754s] Level 1:colcon.colcon_core.package_identification:_identify(src/install) by extensions ['ignore', 'ignore_ament_install']
[0.754s] Level 1:colcon.colcon_core.package_identification:_identify(src/install) by extension 'ignore'
[0.754s] Level 1:colcon.colcon_core.package_identification:_identify(src/install) ignored
[0.754s] Level 1:colcon.colcon_core.package_identification:_identify(src/log) by extensions ['ignore', 'ignore_ament_install']
[0.755s] Level 1:colcon.colcon_core.package_identification:_identify(src/log) by extension 'ignore'
[0.755s] Level 1:colcon.colcon_core.package_identification:_identify(src/log) ignored
[0.755s] Level 1:colcon.colcon_core.package_identification:_identify(src/output) by extensions ['ignore', 'ignore_ament_install']
[0.755s] Level 1:colcon.colcon_core.package_identification:_identify(src/output) by extension 'ignore'
[0.755s] Level 1:colcon.colcon_core.package_identification:_identify(src/output) by extension 'ignore_ament_install'
[0.755s] Level 1:colcon.colcon_core.package_identification:_identify(src/output) by extensions ['colcon_pkg']
[0.755s] Level 1:colcon.colcon_core.package_identification:_identify(src/output) by extension 'colcon_pkg'
[0.755s] Level 1:colcon.colcon_core.package_identification:_identify(src/output) by extensions ['colcon_meta']
[0.755s] Level 1:colcon.colcon_core.package_identification:_identify(src/output) by extension 'colcon_meta'
[0.756s] Level 1:colcon.colcon_core.package_identification:_identify(src/output) by extensions ['ros']
[0.756s] Level 1:colcon.colcon_core.package_identification:_identify(src/output) by extension 'ros'
[0.756s] Level 1:colcon.colcon_core.package_identification:_identify(src/output) by extensions ['cmake', 'python']
[0.756s] Level 1:colcon.colcon_core.package_identification:_identify(src/output) by extension 'cmake'
[0.756s] Level 1:colcon.colcon_core.package_identification:_identify(src/output) by extension 'python'
[0.756s] Level 1:colcon.colcon_core.package_identification:_identify(src/output) by extensions ['python_setup_py']
[0.756s] Level 1:colcon.colcon_core.package_identification:_identify(src/output) by extension 'python_setup_py'
[0.756s] Level 1:colcon.colcon_core.package_identification:_identify(src/uwb) by extensions ['ignore', 'ignore_ament_install']
[0.757s] Level 1:colcon.colcon_core.package_identification:_identify(src/uwb) by extension 'ignore'
[0.757s] Level 1:colcon.colcon_core.package_identification:_identify(src/uwb) by extension 'ignore_ament_install'
[0.757s] Level 1:colcon.colcon_core.package_identification:_identify(src/uwb) by extensions ['colcon_pkg']
[0.757s] Level 1:colcon.colcon_core.package_identification:_identify(src/uwb) by extension 'colcon_pkg'
[0.757s] Level 1:colcon.colcon_core.package_identification:_identify(src/uwb) by extensions ['colcon_meta']
[0.757s] Level 1:colcon.colcon_core.package_identification:_identify(src/uwb) by extension 'colcon_meta'
[0.757s] Level 1:colcon.colcon_core.package_identification:_identify(src/uwb) by extensions ['ros']
[0.757s] Level 1:colcon.colcon_core.package_identification:_identify(src/uwb) by extension 'ros'
[0.764s] DEBUG:colcon.colcon_core.package_identification:Package 'src/uwb' with type 'ros.ament_python' and name 'uwb'
[0.764s] Level 1:colcon.colcon_core.package_identification:_identify(src/uwb_msgs) by extensions ['ignore', 'ignore_ament_install']
[0.765s] Level 1:colcon.colcon_core.package_identification:_identify(src/uwb_msgs) by extension 'ignore'
[0.765s] Level 1:colcon.colcon_core.package_identification:_identify(src/uwb_msgs) by extension 'ignore_ament_install'
[0.765s] Level 1:colcon.colcon_core.package_identification:_identify(src/uwb_msgs) by extensions ['colcon_pkg']
[0.765s] Level 1:colcon.colcon_core.package_identification:_identify(src/uwb_msgs) by extension 'colcon_pkg'
[0.765s] Level 1:colcon.colcon_core.package_identification:_identify(src/uwb_msgs) by extensions ['colcon_meta']
[0.765s] Level 1:colcon.colcon_core.package_identification:_identify(src/uwb_msgs) by extension 'colcon_meta'
[0.765s] Level 1:colcon.colcon_core.package_identification:_identify(src/uwb_msgs) by extensions ['ros']
[0.766s] Level 1:colcon.colcon_core.package_identification:_identify(src/uwb_msgs) by extension 'ros'
[0.767s] DEBUG:colcon.colcon_core.package_identification:Package 'src/uwb_msgs' with type 'ros.ament_cmake' and name 'uwb_msgs'
[0.767s] Level 1:colcon.colcon_core.package_identification:_identify(test) by extensions ['ignore', 'ignore_ament_install']
[0.767s] Level 1:colcon.colcon_core.package_identification:_identify(test) by extension 'ignore'
[0.767s] Level 1:colcon.colcon_core.package_identification:_identify(test) by extension 'ignore_ament_install'
[0.767s] Level 1:colcon.colcon_core.package_identification:_identify(test) by extensions ['colcon_pkg']
[0.767s] Level 1:colcon.colcon_core.package_identification:_identify(test) by extension 'colcon_pkg'
[0.767s] Level 1:colcon.colcon_core.package_identification:_identify(test) by extensions ['colcon_meta']
[0.768s] Level 1:colcon.colcon_core.package_identification:_identify(test) by extension 'colcon_meta'
[0.768s] Level 1:colcon.colcon_core.package_identification:_identify(test) by extensions ['ros']
[0.768s] Level 1:colcon.colcon_core.package_identification:_identify(test) by extension 'ros'
[0.768s] Level 1:colcon.colcon_core.package_identification:_identify(test) by extensions ['cmake', 'python']
[0.768s] Level 1:colcon.colcon_core.package_identification:_identify(test) by extension 'cmake'
[0.768s] Level 1:colcon.colcon_core.package_identification:_identify(test) by extension 'python'
[0.768s] Level 1:colcon.colcon_core.package_identification:_identify(test) by extensions ['python_setup_py']
[0.768s] Level 1:colcon.colcon_core.package_identification:_identify(test) by extension 'python_setup_py'
[0.768s] Level 1:colcon.colcon_core.package_discovery:discover_packages(recursive) using defaults
[0.769s] Level 1:colcon.colcon_core.package_discovery:discover_packages(ignore) discover
[0.769s] Level 1:colcon.colcon_core.package_discovery:discover_packages(ignore) using defaults
[0.769s] Level 1:colcon.colcon_core.package_discovery:discover_packages(path) discover
[0.769s] Level 1:colcon.colcon_core.package_discovery:discover_packages(path) using defaults
[0.817s] Level 1:colcon.colcon_core.package_discovery:discover_packages(prefix_path) check parameters
[0.817s] Level 1:colcon.colcon_core.package_discovery:discover_packages(prefix_path) discover
[0.824s] DEBUG:colcon.colcon_installed_package_information.package_discovery:Found 284 installed packages in /opt/ros/humble
[0.843s] Level 1:colcon.colcon_core.package_discovery:discover_packages(prefix_path) using defaults
[0.950s] Level 5:colcon.colcon_core.verb:set package 'uwb_msgs' build argument 'cmake_args' from command line to 'None'
[0.951s] Level 5:colcon.colcon_core.verb:set package 'uwb_msgs' build argument 'cmake_target' from command line to 'None'
[0.951s] Level 5:colcon.colcon_core.verb:set package 'uwb_msgs' build argument 'cmake_target_skip_unavailable' from command line to 'False'
[0.951s] Level 5:colcon.colcon_core.verb:set package 'uwb_msgs' build argument 'cmake_clean_cache' from command line to 'False'
[0.951s] Level 5:colcon.colcon_core.verb:set package 'uwb_msgs' build argument 'cmake_clean_first' from command line to 'False'
[0.951s] Level 5:colcon.colcon_core.verb:set package 'uwb_msgs' build argument 'cmake_force_configure' from command line to 'False'
[0.951s] Level 5:colcon.colcon_core.verb:set package 'uwb_msgs' build argument 'ament_cmake_args' from command line to 'None'
[0.951s] Level 5:colcon.colcon_core.verb:set package 'uwb_msgs' build argument 'catkin_cmake_args' from command line to 'None'
[0.951s] Level 5:colcon.colcon_core.verb:set package 'uwb_msgs' build argument 'catkin_skip_building_tests' from command line to 'False'
[0.951s] DEBUG:colcon.colcon_core.verb:Building package 'uwb_msgs' with the following arguments: {'ament_cmake_args': None, 'build_base': '/workspace/safmc_uwb/ros/build/uwb_msgs', 'catkin_cmake_args': None, 'catkin_skip_building_tests': False, 'cmake_args': None, 'cmake_clean_cache': False, 'cmake_clean_first': False, 'cmake_force_configure': False, 'cmake_target': None, 'cmake_target_skip_unavailable': False, 'install_base': '/workspace/safmc_uwb/ros/install/uwb_msgs', 'merge_install': False, 'path': '/workspace/safmc_uwb/ros/src/uwb_msgs', 'symlink_install': True, 'test_result_base': None}
[0.952s] Level 5:colcon.colcon_core.verb:set package 'uwb' build argument 'cmake_args' from command line to 'None'
[0.952s] Level 5:colcon.colcon_core.verb:set package 'uwb' build argument 'cmake_target' from command line to 'None'
[0.952s] Level 5:colcon.colcon_core.verb:set package 'uwb' build argument 'cmake_target_skip_unavailable' from command line to 'False'
[0.952s] Level 5:colcon.colcon_core.verb:set package 'uwb' build argument 'cmake_clean_cache' from command line to 'False'
[0.952s] Level 5:colcon.colcon_core.verb:set package 'uwb' build argument 'cmake_clean_first' from command line to 'False'
[0.953s] Level 5:colcon.colcon_core.verb:set package 'uwb' build argument 'cmake_force_configure' from command line to 'False'
[0.953s] Level 5:colcon.colcon_core.verb:set package 'uwb' build argument 'ament_cmake_args' from command line to 'None'
[0.953s] Level 5:colcon.colcon_core.verb:set package 'uwb' build argument 'catkin_cmake_args' from command line to 'None'
[0.953s] Level 5:colcon.colcon_core.verb:set package 'uwb' build argument 'catkin_skip_building_tests' from command line to 'False'
[0.953s] DEBUG:colcon.colcon_core.verb:Building package 'uwb' with the following arguments: {'ament_cmake_args': None, 'build_base': '/workspace/safmc_uwb/ros/build/uwb', 'catkin_cmake_args': None, 'catkin_skip_building_tests': False, 'cmake_args': None, 'cmake_clean_cache': False, 'cmake_clean_first': False, 'cmake_force_configure': False, 'cmake_target': None, 'cmake_target_skip_unavailable': False, 'install_base': '/workspace/safmc_uwb/ros/install/uwb', 'merge_install': False, 'path': '/workspace/safmc_uwb/ros/src/uwb', 'symlink_install': True, 'test_result_base': None}
[0.953s] INFO:colcon.colcon_core.executor:Executing jobs using 'parallel' executor
[0.955s] DEBUG:colcon.colcon_parallel_executor.executor.parallel:run_until_complete
[0.956s] INFO:colcon.colcon_ros.task.ament_cmake.build:Building ROS package in '/workspace/safmc_uwb/ros/src/uwb_msgs' with build type 'ament_cmake'
[0.956s] INFO:colcon.colcon_cmake.task.cmake.build:Building CMake package in '/workspace/safmc_uwb/ros/src/uwb_msgs'
[0.962s] INFO:colcon.colcon_core.plugin_system:Skipping extension 'colcon_core.shell.bat': Not used on non-Windows systems
[0.963s] INFO:colcon.colcon_core.shell:Skip shell extension 'powershell' for command environment: Not usable outside of PowerShell
[0.963s] DEBUG:colcon.colcon_core.shell:Skip shell extension 'dsv' for command environment
[0.978s] DEBUG:colcon.colcon_core.event_handler.log_command:Invoking command in '/workspace/safmc_uwb/ros/build/uwb_msgs': CMAKE_PREFIX_PATH=/opt/ros/humble /usr/bin/cmake /workspace/safmc_uwb/ros/src/uwb_msgs -DAMENT_CMAKE_SYMLINK_INSTALL=1 -DCMAKE_INSTALL_PREFIX=/workspace/safmc_uwb/ros/install/uwb_msgs
[4.601s] DEBUG:colcon.colcon_core.event_handler.log_command:Invoked command in '/workspace/safmc_uwb/ros/build/uwb_msgs' returned '0': CMAKE_PREFIX_PATH=/opt/ros/humble /usr/bin/cmake /workspace/safmc_uwb/ros/src/uwb_msgs -DAMENT_CMAKE_SYMLINK_INSTALL=1 -DCMAKE_INSTALL_PREFIX=/workspace/safmc_uwb/ros/install/uwb_msgs
[4.604s] DEBUG:colcon.colcon_core.event_handler.log_command:Invoking command in '/workspace/safmc_uwb/ros/build/uwb_msgs': CMAKE_PREFIX_PATH=/opt/ros/humble /usr/bin/cmake --build /workspace/safmc_uwb/ros/build/uwb_msgs -- -j16 -l16
[9.456s] DEBUG:colcon.colcon_core.event_handler.log_command:Invoked command in '/workspace/safmc_uwb/ros/build/uwb_msgs' returned '0': CMAKE_PREFIX_PATH=/opt/ros/humble /usr/bin/cmake --build /workspace/safmc_uwb/ros/build/uwb_msgs -- -j16 -l16
[9.473s] DEBUG:colcon.colcon_core.event_handler.log_command:Invoking command in '/workspace/safmc_uwb/ros/build/uwb_msgs': CMAKE_PREFIX_PATH=/opt/ros/humble /usr/bin/cmake --install /workspace/safmc_uwb/ros/build/uwb_msgs
[9.616s] Level 1:colcon.colcon_core.environment:create_environment_scripts_only(uwb_msgs)
[9.617s] DEBUG:colcon.colcon_core.event_handler.log_command:Invoked command in '/workspace/safmc_uwb/ros/build/uwb_msgs' returned '0': CMAKE_PREFIX_PATH=/opt/ros/humble /usr/bin/cmake --install /workspace/safmc_uwb/ros/build/uwb_msgs
[9.624s] Level 1:colcon.colcon_core.environment:checking '/workspace/safmc_uwb/ros/install/uwb_msgs' for CMake module files
[9.625s] Level 1:colcon.colcon_core.environment:checking '/workspace/safmc_uwb/ros/install/uwb_msgs' for CMake config files
[9.627s] Level 1:colcon.colcon_core.shell:create_environment_hook('uwb_msgs', 'cmake_prefix_path')
[9.627s] INFO:colcon.colcon_core.shell:Creating environment hook '/workspace/safmc_uwb/ros/install/uwb_msgs/share/uwb_msgs/hook/cmake_prefix_path.ps1'
[9.629s] INFO:colcon.colcon_core.shell:Creating environment descriptor '/workspace/safmc_uwb/ros/install/uwb_msgs/share/uwb_msgs/hook/cmake_prefix_path.dsv'
[9.630s] INFO:colcon.colcon_core.shell:Creating environment hook '/workspace/safmc_uwb/ros/install/uwb_msgs/share/uwb_msgs/hook/cmake_prefix_path.sh'
[9.632s] Level 1:colcon.colcon_core.environment:checking '/workspace/safmc_uwb/ros/install/uwb_msgs/lib'
[9.632s] Level 1:colcon.colcon_core.shell:create_environment_hook('uwb_msgs', 'ld_library_path_lib')
[9.633s] INFO:colcon.colcon_core.shell:Creating environment hook '/workspace/safmc_uwb/ros/install/uwb_msgs/share/uwb_msgs/hook/ld_library_path_lib.ps1'
[9.634s] INFO:colcon.colcon_core.shell:Creating environment descriptor '/workspace/safmc_uwb/ros/install/uwb_msgs/share/uwb_msgs/hook/ld_library_path_lib.dsv'
[9.634s] INFO:colcon.colcon_core.shell:Creating environment hook '/workspace/safmc_uwb/ros/install/uwb_msgs/share/uwb_msgs/hook/ld_library_path_lib.sh'
[9.635s] Level 1:colcon.colcon_core.environment:checking '/workspace/safmc_uwb/ros/install/uwb_msgs/bin'
[9.635s] Level 1:colcon.colcon_core.environment:checking '/workspace/safmc_uwb/ros/install/uwb_msgs/lib/pkgconfig/uwb_msgs.pc'
[9.635s] Level 1:colcon.colcon_core.environment:checking '/workspace/safmc_uwb/ros/install/uwb_msgs/lib/python3.10/site-packages'
[9.636s] Level 1:colcon.colcon_core.environment:checking '/workspace/safmc_uwb/ros/install/uwb_msgs/bin'
[9.636s] INFO:colcon.colcon_core.shell:Creating package script '/workspace/safmc_uwb/ros/install/uwb_msgs/share/uwb_msgs/package.ps1'
[9.638s] INFO:colcon.colcon_core.shell:Creating package descriptor '/workspace/safmc_uwb/ros/install/uwb_msgs/share/uwb_msgs/package.dsv'
[9.639s] INFO:colcon.colcon_core.shell:Creating package script '/workspace/safmc_uwb/ros/install/uwb_msgs/share/uwb_msgs/package.sh'
[9.641s] INFO:colcon.colcon_core.shell:Creating package script '/workspace/safmc_uwb/ros/install/uwb_msgs/share/uwb_msgs/package.bash'
[9.643s] INFO:colcon.colcon_core.shell:Creating package script '/workspace/safmc_uwb/ros/install/uwb_msgs/share/uwb_msgs/package.zsh'
[9.652s] Level 1:colcon.colcon_core.environment:create_file_with_runtime_dependencies(/workspace/safmc_uwb/ros/install/uwb_msgs/share/colcon-core/packages/uwb_msgs)
[9.653s] Level 1:colcon.colcon_core.environment:create_environment_scripts_only(uwb_msgs)
[9.654s] Level 1:colcon.colcon_core.environment:checking '/workspace/safmc_uwb/ros/install/uwb_msgs' for CMake module files
[9.655s] Level 1:colcon.colcon_core.environment:checking '/workspace/safmc_uwb/ros/install/uwb_msgs' for CMake config files
[9.656s] Level 1:colcon.colcon_core.shell:create_environment_hook('uwb_msgs', 'cmake_prefix_path')
[9.657s] INFO:colcon.colcon_core.shell:Creating environment hook '/workspace/safmc_uwb/ros/install/uwb_msgs/share/uwb_msgs/hook/cmake_prefix_path.ps1'
[9.658s] INFO:colcon.colcon_core.shell:Creating environment descriptor '/workspace/safmc_uwb/ros/install/uwb_msgs/share/uwb_msgs/hook/cmake_prefix_path.dsv'
[9.658s] INFO:colcon.colcon_core.shell:Creating environment hook '/workspace/safmc_uwb/ros/install/uwb_msgs/share/uwb_msgs/hook/cmake_prefix_path.sh'
[9.659s] Level 1:colcon.colcon_core.environment:checking '/workspace/safmc_uwb/ros/install/uwb_msgs/lib'
[9.660s] Level 1:colcon.colcon_core.shell:create_environment_hook('uwb_msgs', 'ld_library_path_lib')
[9.660s] INFO:colcon.colcon_core.shell:Creating environment hook '/workspace/safmc_uwb/ros/install/uwb_msgs/share/uwb_msgs/hook/ld_library_path_lib.ps1'
[9.661s] INFO:colcon.colcon_core.shell:Creating environment descriptor '/workspace/safmc_uwb/ros/install/uwb_msgs/share/uwb_msgs/hook/ld_library_path_lib.dsv'
[9.661s] INFO:colcon.colcon_core.shell:Creating environment hook '/workspace/safmc_uwb/ros/install/uwb_msgs/share/uwb_msgs/hook/ld_library_path_lib.sh'
[9.662s] Level 1:colcon.colcon_core.environment:checking '/workspace/safmc_uwb/ros/install/uwb_msgs/bin'
[9.662s] Level 1:colcon.colcon_core.environment:checking '/workspace/safmc_uwb/ros/install/uwb_msgs/lib/pkgconfig/uwb_msgs.pc'
[9.662s] Level 1:colcon.colcon_core.environment:checking '/workspace/safmc_uwb/ros/install/uwb_msgs/lib/python3.10/site-packages'
[9.663s] Level 1:colcon.colcon_core.environment:checking '/workspace/safmc_uwb/ros/install/uwb_msgs/bin'
[9.663s] INFO:colcon.colcon_core.shell:Creating package script '/workspace/safmc_uwb/ros/install/uwb_msgs/share/uwb_msgs/package.ps1'
[9.664s] INFO:colcon.colcon_core.shell:Creating package descriptor '/workspace/safmc_uwb/ros/install/uwb_msgs/share/uwb_msgs/package.dsv'
[9.665s] INFO:colcon.colcon_core.shell:Creating package script '/workspace/safmc_uwb/ros/install/uwb_msgs/share/uwb_msgs/package.sh'
[9.666s] INFO:colcon.colcon_core.shell:Creating package script '/workspace/safmc_uwb/ros/install/uwb_msgs/share/uwb_msgs/package.bash'
[9.667s] INFO:colcon.colcon_core.shell:Creating package script '/workspace/safmc_uwb/ros/install/uwb_msgs/share/uwb_msgs/package.zsh'
[9.668s] Level 1:colcon.colcon_core.environment:create_file_with_runtime_dependencies(/workspace/safmc_uwb/ros/install/uwb_msgs/share/colcon-core/packages/uwb_msgs)
[9.668s] INFO:colcon.colcon_ros.task.ament_python.build:Building ROS package in '/workspace/safmc_uwb/ros/src/uwb' with build type 'ament_python'
[9.669s] Level 1:colcon.colcon_core.shell:create_environment_hook('uwb', 'ament_prefix_path')
[9.669s] INFO:colcon.colcon_core.shell:Creating environment hook '/workspace/safmc_uwb/ros/install/uwb/share/uwb/hook/ament_prefix_path.ps1'
[9.671s] INFO:colcon.colcon_core.shell:Creating environment descriptor '/workspace/safmc_uwb/ros/install/uwb/share/uwb/hook/ament_prefix_path.dsv'
[9.671s] INFO:colcon.colcon_core.shell:Creating environment hook '/workspace/safmc_uwb/ros/install/uwb/share/uwb/hook/ament_prefix_path.sh'
[9.672s] INFO:colcon.colcon_core.shell:Skip shell extension 'powershell' for command environment: Not usable outside of PowerShell
[9.673s] DEBUG:colcon.colcon_core.shell:Skip shell extension 'dsv' for command environment
[10.145s] INFO:colcon.colcon_core.task.python.build:Building Python package in '/workspace/safmc_uwb/ros/src/uwb'
[10.146s] INFO:colcon.colcon_core.shell:Skip shell extension 'powershell' for command environment: Not usable outside of PowerShell
[10.146s] DEBUG:colcon.colcon_core.shell:Skip shell extension 'dsv' for command environment
[10.781s] DEBUG:colcon.colcon_core.task.python.build:While undoing a previous installation files outside the Python library path are being ignored: /workspace/safmc_uwb/ros/install/uwb/share/uwb/package.xml
[10.785s] DEBUG:colcon.colcon_core.event_handler.log_command:Invoking command in '/workspace/safmc_uwb/ros/build/uwb': AMENT_PREFIX_PATH=/workspace/safmc_uwb/ros/install/uwb_msgs:${AMENT_PREFIX_PATH} CMAKE_PREFIX_PATH=/workspace/safmc_uwb/ros/install/uwb_msgs LD_LIBRARY_PATH=/workspace/safmc_uwb/ros/install/uwb_msgs/lib:${LD_LIBRARY_PATH} PYTHONPATH=/workspace/safmc_uwb/ros/build/uwb/prefix_override:/usr/lib/python3/dist-packages/colcon_core/task/python/colcon_distutils_commands:/workspace/safmc_uwb/ros/install/uwb/lib/python3.10/site-packages:/workspace/safmc_uwb/ros/install/uwb_msgs/local/lib/python3.10/dist-packages:${PYTHONPATH} /usr/bin/python3 -W ignore:setup.py install is deprecated -W ignore:easy_install command is deprecated setup.py develop --editable --build-directory /workspace/safmc_uwb/ros/build/uwb/build --no-deps symlink_data --force
[11.679s] DEBUG:colcon.colcon_core.event_handler.log_command:Invoked command in '/workspace/safmc_uwb/ros/build/uwb' returned '1': AMENT_PREFIX_PATH=/workspace/safmc_uwb/ros/install/uwb_msgs:${AMENT_PREFIX_PATH} CMAKE_PREFIX_PATH=/workspace/safmc_uwb/ros/install/uwb_msgs LD_LIBRARY_PATH=/workspace/safmc_uwb/ros/install/uwb_msgs/lib:${LD_LIBRARY_PATH} PYTHONPATH=/workspace/safmc_uwb/ros/build/uwb/prefix_override:/usr/lib/python3/dist-packages/colcon_core/task/python/colcon_distutils_commands:/workspace/safmc_uwb/ros/install/uwb/lib/python3.10/site-packages:/workspace/safmc_uwb/ros/install/uwb_msgs/local/lib/python3.10/dist-packages:${PYTHONPATH} /usr/bin/python3 -W ignore:setup.py install is deprecated -W ignore:easy_install command is deprecated setup.py develop --editable --build-directory /workspace/safmc_uwb/ros/build/uwb/build --no-deps symlink_data --force
[11.688s] DEBUG:colcon.colcon_parallel_executor.executor.parallel:closing loop
[11.688s] DEBUG:colcon.colcon_parallel_executor.executor.parallel:loop closed
[11.689s] DEBUG:colcon.colcon_parallel_executor.executor.parallel:run_until_complete finished with '1'
[11.689s] DEBUG:colcon.colcon_core.event_reactor:joining thread
[11.704s] INFO:colcon.colcon_core.plugin_system:Skipping extension 'colcon_notification.desktop_notification.notify_send': Could not find 'notify-send'
[11.705s] INFO:colcon.colcon_core.plugin_system:Skipping extension 'colcon_notification.desktop_notification.terminal_notifier': Not used on non-Darwin systems
[11.705s] INFO:colcon.colcon_core.plugin_system:Skipping extension 'colcon_notification.desktop_notification.win32': Not used on non-Windows systems
[11.705s] INFO:colcon.colcon_notification.desktop_notification:Sending desktop notification using 'notify2'
[11.710s] DEBUG:colcon.colcon_notification.desktop_notification.notify2:Failed to initialize notify2: org.freedesktop.DBus.Error.Spawn.ExecFailed: /usr/bin/dbus-launch terminated abnormally without any error message
[11.711s] DEBUG:colcon.colcon_core.event_reactor:joined thread
[11.712s] INFO:colcon.colcon_core.shell:Creating prefix script '/workspace/safmc_uwb/ros/install/local_setup.ps1'
[11.714s] INFO:colcon.colcon_core.shell:Creating prefix util module '/workspace/safmc_uwb/ros/install/_local_setup_util_ps1.py'
[11.717s] INFO:colcon.colcon_core.shell:Creating prefix chain script '/workspace/safmc_uwb/ros/install/setup.ps1'
[11.720s] INFO:colcon.colcon_core.shell:Creating prefix script '/workspace/safmc_uwb/ros/install/local_setup.sh'
[11.721s] INFO:colcon.colcon_core.shell:Creating prefix util module '/workspace/safmc_uwb/ros/install/_local_setup_util_sh.py'
[11.722s] INFO:colcon.colcon_core.shell:Creating prefix chain script '/workspace/safmc_uwb/ros/install/setup.sh'
[11.725s] INFO:colcon.colcon_core.shell:Creating prefix script '/workspace/safmc_uwb/ros/install/local_setup.bash'
[11.726s] INFO:colcon.colcon_core.shell:Creating prefix chain script '/workspace/safmc_uwb/ros/install/setup.bash'
[11.727s] INFO:colcon.colcon_core.shell:Creating prefix script '/workspace/safmc_uwb/ros/install/local_setup.zsh'
[11.729s] INFO:colcon.colcon_core.shell:Creating prefix chain script '/workspace/safmc_uwb/ros/install/setup.zsh'
