[0.326s] DEBUG:colcon:Command line arguments: ['/usr/bin/colcon', 'build', '--packages-select', 'msg_folder']
[0.326s] DEBUG:colcon:Parsed command line arguments: Namespace(log_base=None, log_level=None, verb_name='build', build_base='build', install_base='install', merge_install=False, symlink_install=False, test_result_base=None, continue_on_error=False, executor='parallel', parallel_workers=12, event_handlers=None, ignore_user_meta=False, metas=['./colcon.meta'], base_paths=['.'], packages_ignore=None, packages_ignore_regex=None, paths=None, packages_up_to=None, packages_up_to_regex=None, packages_above=None, packages_above_and_dependencies=None, packages_above_depth=None, packages_select_by_dep=None, packages_skip_by_dep=None, packages_skip_up_to=None, packages_select_build_failed=False, packages_skip_build_finished=False, packages_select_test_failures=False, packages_skip_test_passed=False, packages_select=['msg_folder'], packages_skip=None, packages_select_regex=None, packages_skip_regex=None, packages_start=None, packages_end=None, allow_overriding=[], cmake_args=None, cmake_target=None, cmake_target_skip_unavailable=False, cmake_clean_cache=False, cmake_clean_first=False, cmake_force_configure=False, ament_cmake_args=None, catkin_cmake_args=None, catkin_skip_building_tests=False, mixin_files=None, mixin=None, verb_parser=<colcon_mixin.mixin.mixin_argument.MixinArgumentDecorator object at 0x7f283104ec50>, verb_extension=<colcon_core.verb.build.BuildVerb object at 0x7f283114f760>, main=<bound method BuildVerb.main of <colcon_core.verb.build.BuildVerb object at 0x7f283114f760>>, mixin_verb=('build',))
[0.627s] Level 1:colcon.colcon_core.package_discovery:discover_packages(colcon_meta) check parameters
[0.627s] Level 1:colcon.colcon_core.package_discovery:discover_packages(recursive) check parameters
[0.627s] Level 1:colcon.colcon_core.package_discovery:discover_packages(ignore) check parameters
[0.627s] Level 1:colcon.colcon_core.package_discovery:discover_packages(path) check parameters
[0.627s] Level 1:colcon.colcon_core.package_discovery:discover_packages(colcon_meta) discover
[0.628s] Level 1:colcon.colcon_core.package_discovery:discover_packages(recursive) discover
[0.628s] INFO:colcon.colcon_core.package_discovery:Crawling recursively for packages in '/home/Judy/safmc_uwb/ros'
[0.628s] Level 1:colcon.colcon_core.package_identification:_identify(.) by extensions ['ignore', 'ignore_ament_install']
[0.628s] Level 1:colcon.colcon_core.package_identification:_identify(.) by extension 'ignore'
[0.628s] Level 1:colcon.colcon_core.package_identification:_identify(.) by extension 'ignore_ament_install'
[0.628s] Level 1:colcon.colcon_core.package_identification:_identify(.) by extensions ['colcon_pkg']
[0.628s] Level 1:colcon.colcon_core.package_identification:_identify(.) by extension 'colcon_pkg'
[0.628s] Level 1:colcon.colcon_core.package_identification:_identify(.) by extensions ['colcon_meta']
[0.628s] Level 1:colcon.colcon_core.package_identification:_identify(.) by extension 'colcon_meta'
[0.628s] Level 1:colcon.colcon_core.package_identification:_identify(.) by extensions ['ros']
[0.628s] Level 1:colcon.colcon_core.package_identification:_identify(.) by extension 'ros'
[0.644s] Level 1:colcon.colcon_core.package_identification:_identify(.) by extensions ['cmake', 'python']
[0.644s] Level 1:colcon.colcon_core.package_identification:_identify(.) by extension 'cmake'
[0.644s] Level 1:colcon.colcon_core.package_identification:_identify(.) by extension 'python'
[0.644s] Level 1:colcon.colcon_core.package_identification:_identify(.) by extensions ['python_setup_py']
[0.644s] Level 1:colcon.colcon_core.package_identification:_identify(.) by extension 'python_setup_py'
[0.644s] Level 1:colcon.colcon_core.package_identification:_identify(build) by extensions ['ignore', 'ignore_ament_install']
[0.644s] Level 1:colcon.colcon_core.package_identification:_identify(build) by extension 'ignore'
[0.644s] Level 1:colcon.colcon_core.package_identification:_identify(build) ignored
[0.644s] Level 1:colcon.colcon_core.package_identification:_identify(install) by extensions ['ignore', 'ignore_ament_install']
[0.645s] Level 1:colcon.colcon_core.package_identification:_identify(install) by extension 'ignore'
[0.645s] Level 1:colcon.colcon_core.package_identification:_identify(install) ignored
[0.645s] Level 1:colcon.colcon_core.package_identification:_identify(log) by extensions ['ignore', 'ignore_ament_install']
[0.645s] Level 1:colcon.colcon_core.package_identification:_identify(log) by extension 'ignore'
[0.645s] Level 1:colcon.colcon_core.package_identification:_identify(log) ignored
[0.645s] Level 1:colcon.colcon_core.package_identification:_identify(src) by extensions ['ignore', 'ignore_ament_install']
[0.645s] Level 1:colcon.colcon_core.package_identification:_identify(src) by extension 'ignore'
[0.645s] Level 1:colcon.colcon_core.package_identification:_identify(src) by extension 'ignore_ament_install'
[0.645s] Level 1:colcon.colcon_core.package_identification:_identify(src) by extensions ['colcon_pkg']
[0.645s] Level 1:colcon.colcon_core.package_identification:_identify(src) by extension 'colcon_pkg'
[0.645s] Level 1:colcon.colcon_core.package_identification:_identify(src) by extensions ['colcon_meta']
[0.645s] Level 1:colcon.colcon_core.package_identification:_identify(src) by extension 'colcon_meta'
[0.645s] Level 1:colcon.colcon_core.package_identification:_identify(src) by extensions ['ros']
[0.645s] Level 1:colcon.colcon_core.package_identification:_identify(src) by extension 'ros'
[0.646s] Level 1:colcon.colcon_core.package_identification:_identify(src) by extensions ['cmake', 'python']
[0.646s] Level 1:colcon.colcon_core.package_identification:_identify(src) by extension 'cmake'
[0.646s] Level 1:colcon.colcon_core.package_identification:_identify(src) by extension 'python'
[0.646s] Level 1:colcon.colcon_core.package_identification:_identify(src) by extensions ['python_setup_py']
[0.646s] Level 1:colcon.colcon_core.package_identification:_identify(src) by extension 'python_setup_py'
[0.646s] Level 1:colcon.colcon_core.package_identification:_identify(src/msg_folder) by extensions ['ignore', 'ignore_ament_install']
[0.646s] Level 1:colcon.colcon_core.package_identification:_identify(src/msg_folder) by extension 'ignore'
[0.646s] Level 1:colcon.colcon_core.package_identification:_identify(src/msg_folder) by extension 'ignore_ament_install'
[0.646s] Level 1:colcon.colcon_core.package_identification:_identify(src/msg_folder) by extensions ['colcon_pkg']
[0.646s] Level 1:colcon.colcon_core.package_identification:_identify(src/msg_folder) by extension 'colcon_pkg'
[0.646s] Level 1:colcon.colcon_core.package_identification:_identify(src/msg_folder) by extensions ['colcon_meta']
[0.646s] Level 1:colcon.colcon_core.package_identification:_identify(src/msg_folder) by extension 'colcon_meta'
[0.646s] Level 1:colcon.colcon_core.package_identification:_identify(src/msg_folder) by extensions ['ros']
[0.646s] Level 1:colcon.colcon_core.package_identification:_identify(src/msg_folder) by extension 'ros'
[0.649s] DEBUG:colcon.colcon_core.package_identification:Package 'src/msg_folder' with type 'ros.ament_cmake' and name 'msg_folder'
[0.649s] Level 1:colcon.colcon_core.package_identification:_identify(src/uwb) by extensions ['ignore', 'ignore_ament_install']
[0.649s] Level 1:colcon.colcon_core.package_identification:_identify(src/uwb) by extension 'ignore'
[0.649s] Level 1:colcon.colcon_core.package_identification:_identify(src/uwb) by extension 'ignore_ament_install'
[0.649s] Level 1:colcon.colcon_core.package_identification:_identify(src/uwb) by extensions ['colcon_pkg']
[0.649s] Level 1:colcon.colcon_core.package_identification:_identify(src/uwb) by extension 'colcon_pkg'
[0.649s] Level 1:colcon.colcon_core.package_identification:_identify(src/uwb) by extensions ['colcon_meta']
[0.649s] Level 1:colcon.colcon_core.package_identification:_identify(src/uwb) by extension 'colcon_meta'
[0.649s] Level 1:colcon.colcon_core.package_identification:_identify(src/uwb) by extensions ['ros']
[0.649s] Level 1:colcon.colcon_core.package_identification:_identify(src/uwb) by extension 'ros'
[0.650s] DEBUG:colcon.colcon_core.package_identification:Package 'src/uwb' with type 'ros.ament_python' and name 'uwb'
[0.650s] Level 1:colcon.colcon_core.package_discovery:discover_packages(recursive) using defaults
[0.650s] Level 1:colcon.colcon_core.package_discovery:discover_packages(ignore) discover
[0.650s] Level 1:colcon.colcon_core.package_discovery:discover_packages(ignore) using defaults
[0.650s] Level 1:colcon.colcon_core.package_discovery:discover_packages(path) discover
[0.650s] Level 1:colcon.colcon_core.package_discovery:discover_packages(path) using defaults
[0.686s] INFO:colcon.colcon_core.package_selection:Skipping not selected package 'uwb' in 'src/uwb'
[0.687s] Level 1:colcon.colcon_core.package_discovery:discover_packages(prefix_path) check parameters
[0.687s] Level 1:colcon.colcon_core.package_discovery:discover_packages(prefix_path) discover
[0.690s] DEBUG:colcon.colcon_installed_package_information.package_discovery:Found 317 installed packages in /opt/ros/humble
[0.692s] Level 1:colcon.colcon_core.package_discovery:discover_packages(prefix_path) using defaults
[0.743s] Level 5:colcon.colcon_core.verb:set package 'msg_folder' build argument 'cmake_args' from command line to 'None'
[0.743s] Level 5:colcon.colcon_core.verb:set package 'msg_folder' build argument 'cmake_target' from command line to 'None'
[0.743s] Level 5:colcon.colcon_core.verb:set package 'msg_folder' build argument 'cmake_target_skip_unavailable' from command line to 'False'
[0.743s] Level 5:colcon.colcon_core.verb:set package 'msg_folder' build argument 'cmake_clean_cache' from command line to 'False'
[0.743s] Level 5:colcon.colcon_core.verb:set package 'msg_folder' build argument 'cmake_clean_first' from command line to 'False'
[0.743s] Level 5:colcon.colcon_core.verb:set package 'msg_folder' build argument 'cmake_force_configure' from command line to 'False'
[0.743s] Level 5:colcon.colcon_core.verb:set package 'msg_folder' build argument 'ament_cmake_args' from command line to 'None'
[0.743s] Level 5:colcon.colcon_core.verb:set package 'msg_folder' build argument 'catkin_cmake_args' from command line to 'None'
[0.744s] Level 5:colcon.colcon_core.verb:set package 'msg_folder' build argument 'catkin_skip_building_tests' from command line to 'False'
[0.744s] DEBUG:colcon.colcon_core.verb:Building package 'msg_folder' with the following arguments: {'ament_cmake_args': None, 'build_base': '/home/Judy/safmc_uwb/ros/build/msg_folder', 'catkin_cmake_args': None, 'catkin_skip_building_tests': False, 'cmake_args': None, 'cmake_clean_cache': False, 'cmake_clean_first': False, 'cmake_force_configure': False, 'cmake_target': None, 'cmake_target_skip_unavailable': False, 'install_base': '/home/Judy/safmc_uwb/ros/install/msg_folder', 'merge_install': False, 'path': '/home/Judy/safmc_uwb/ros/src/msg_folder', 'symlink_install': False, 'test_result_base': None}
[0.744s] INFO:colcon.colcon_core.executor:Executing jobs using 'parallel' executor
[0.746s] DEBUG:colcon.colcon_parallel_executor.executor.parallel:run_until_complete
[0.746s] INFO:colcon.colcon_ros.task.ament_cmake.build:Building ROS package in '/home/Judy/safmc_uwb/ros/src/msg_folder' with build type 'ament_cmake'
[0.746s] INFO:colcon.colcon_cmake.task.cmake.build:Building CMake package in '/home/Judy/safmc_uwb/ros/src/msg_folder'
[0.749s] INFO:colcon.colcon_core.plugin_system:Skipping extension 'colcon_core.shell.bat': Not used on non-Windows systems
[0.750s] INFO:colcon.colcon_core.shell:Skip shell extension 'powershell' for command environment: Not usable outside of PowerShell
[0.750s] DEBUG:colcon.colcon_core.shell:Skip shell extension 'dsv' for command environment
[0.806s] DEBUG:colcon.colcon_core.event_handler.log_command:Invoking command in '/home/Judy/safmc_uwb/ros/build/msg_folder': CMAKE_PREFIX_PATH=/opt/ros/humble /usr/bin/cmake /home/Judy/safmc_uwb/ros/src/msg_folder -DCMAKE_INSTALL_PREFIX=/home/Judy/safmc_uwb/ros/install/msg_folder
[5.152s] DEBUG:colcon.colcon_core.event_handler.log_command:Invoked command in '/home/Judy/safmc_uwb/ros/build/msg_folder' returned '1': CMAKE_PREFIX_PATH=/opt/ros/humble /usr/bin/cmake /home/Judy/safmc_uwb/ros/src/msg_folder -DCMAKE_INSTALL_PREFIX=/home/Judy/safmc_uwb/ros/install/msg_folder
[5.170s] Level 1:colcon.colcon_core.environment:create_environment_scripts_only(msg_folder)
[5.218s] Level 1:colcon.colcon_core.environment:checking '/home/Judy/safmc_uwb/ros/install/msg_folder' for CMake module files
[5.218s] Level 1:colcon.colcon_core.environment:checking '/home/Judy/safmc_uwb/ros/install/msg_folder' for CMake config files
[5.219s] Level 1:colcon.colcon_core.environment:checking '/home/Judy/safmc_uwb/ros/install/msg_folder/bin'
[5.219s] Level 1:colcon.colcon_core.environment:checking '/home/Judy/safmc_uwb/ros/install/msg_folder/lib/pkgconfig/msg_folder.pc'
[5.220s] Level 1:colcon.colcon_core.environment:checking '/home/Judy/safmc_uwb/ros/install/msg_folder/lib/python3.10/site-packages'
[5.220s] Level 1:colcon.colcon_core.environment:checking '/home/Judy/safmc_uwb/ros/install/msg_folder/bin'
[5.220s] INFO:colcon.colcon_core.shell:Creating package script '/home/Judy/safmc_uwb/ros/install/msg_folder/share/msg_folder/package.ps1'
[5.224s] INFO:colcon.colcon_core.shell:Creating package descriptor '/home/Judy/safmc_uwb/ros/install/msg_folder/share/msg_folder/package.dsv'
[5.225s] INFO:colcon.colcon_core.shell:Creating package script '/home/Judy/safmc_uwb/ros/install/msg_folder/share/msg_folder/package.sh'
[5.226s] INFO:colcon.colcon_core.shell:Creating package script '/home/Judy/safmc_uwb/ros/install/msg_folder/share/msg_folder/package.bash'
[5.227s] INFO:colcon.colcon_core.shell:Creating package script '/home/Judy/safmc_uwb/ros/install/msg_folder/share/msg_folder/package.zsh'
[5.229s] Level 1:colcon.colcon_core.environment:create_file_with_runtime_dependencies(/home/Judy/safmc_uwb/ros/install/msg_folder/share/colcon-core/packages/msg_folder)
[5.231s] DEBUG:colcon.colcon_parallel_executor.executor.parallel:closing loop
[5.231s] DEBUG:colcon.colcon_parallel_executor.executor.parallel:loop closed
[5.231s] DEBUG:colcon.colcon_parallel_executor.executor.parallel:run_until_complete finished with '1'
[5.231s] DEBUG:colcon.colcon_core.event_reactor:joining thread
[5.240s] INFO:colcon.colcon_core.plugin_system:Skipping extension 'colcon_notification.desktop_notification.terminal_notifier': Not used on non-Darwin systems
[5.240s] INFO:colcon.colcon_core.plugin_system:Skipping extension 'colcon_notification.desktop_notification.win32': Not used on non-Windows systems
[5.240s] INFO:colcon.colcon_notification.desktop_notification:Sending desktop notification using 'notify2'
[5.253s] DEBUG:colcon.colcon_core.event_reactor:joined thread
[5.253s] INFO:colcon.colcon_core.shell:Creating prefix script '/home/Judy/safmc_uwb/ros/install/local_setup.ps1'
[5.255s] INFO:colcon.colcon_core.shell:Creating prefix util module '/home/Judy/safmc_uwb/ros/install/_local_setup_util_ps1.py'
[5.257s] INFO:colcon.colcon_core.shell:Creating prefix chain script '/home/Judy/safmc_uwb/ros/install/setup.ps1'
[5.259s] INFO:colcon.colcon_core.shell:Creating prefix script '/home/Judy/safmc_uwb/ros/install/local_setup.sh'
[5.260s] INFO:colcon.colcon_core.shell:Creating prefix util module '/home/Judy/safmc_uwb/ros/install/_local_setup_util_sh.py'
[5.261s] INFO:colcon.colcon_core.shell:Creating prefix chain script '/home/Judy/safmc_uwb/ros/install/setup.sh'
[5.263s] INFO:colcon.colcon_core.shell:Creating prefix script '/home/Judy/safmc_uwb/ros/install/local_setup.bash'
[5.264s] INFO:colcon.colcon_core.shell:Creating prefix chain script '/home/Judy/safmc_uwb/ros/install/setup.bash'
[5.265s] INFO:colcon.colcon_core.shell:Creating prefix script '/home/Judy/safmc_uwb/ros/install/local_setup.zsh'
[5.266s] INFO:colcon.colcon_core.shell:Creating prefix chain script '/home/Judy/safmc_uwb/ros/install/setup.zsh'
