[0.000000] (-) TimerEvent: {}
[0.000455] (agent_msgs) JobQueued: {'identifier': 'agent_msgs', 'dependencies': OrderedDict()}
[0.000570] (uwb) JobQueued: {'identifier': 'uwb', 'dependencies': OrderedDict()}
[0.000681] (agent_msgs) JobStarted: {'identifier': 'agent_msgs'}
[0.004159] (uwb) JobStarted: {'identifier': 'uwb'}
[0.008157] (agent_msgs) JobProgress: {'identifier': 'agent_msgs', 'progress': 'cmake'}
[0.008595] (agent_msgs) JobProgress: {'identifier': 'agent_msgs', 'progress': 'build'}
[0.009059] (agent_msgs) Command: {'cmd': ['/usr/bin/cmake', '--build', '/workspace/tmp/safmc_uwb/ros/build/agent_msgs', '--', '-j20', '-l20'], 'cwd': '/workspace/tmp/safmc_uwb/ros/build/agent_msgs', 'env': OrderedDict([('SUDO_GID', '1000'), ('MAIL', '/var/mail/root'), ('USER', 'root'), ('HOSTNAME', 'huixin'), ('SHLVL', '1'), ('LD_LIBRARY_PATH', '/opt/ros/humble/opt/rviz_ogre_vendor/lib:/opt/ros/humble/lib/x86_64-linux-gnu:/opt/ros/humble/lib'), ('HOME', '/root'), ('OLDPWD', '/workspace'), ('ROS_PYTHON_VERSION', '3'), ('COLORTERM', 'truecolor'), ('SUDO_UID', '1000'), ('ROS_DISTRO', 'humble'), ('LOGNAME', 'root'), ('_', '/usr/bin/colcon'), ('ROS_VERSION', '2'), ('TERM', 'xterm-256color'), ('ROS_LOCALHOST_ONLY', '0'), ('PATH', '/opt/ros/humble/bin:/usr/local/sbin:/usr/local/bin:/usr/sbin:/usr/bin:/sbin:/bin'), ('DISPLAY', ':0'), ('LANG', 'en_US.UTF-8'), ('SUDO_COMMAND', '/usr/bin/su'), ('AMENT_PREFIX_PATH', '/opt/ros/humble'), ('DEBIAN_FRONTEND', 'noninteractive'), ('SHELL', '/bin/bash'), ('SUDO_USER', 'user'), ('PWD', '/workspace/tmp/safmc_uwb/ros/build/agent_msgs'), ('LC_ALL', 'en_US.UTF-8'), ('PYTHONPATH', '/opt/ros/humble/lib/python3.10/site-packages:/opt/ros/humble/local/lib/python3.10/dist-packages'), ('COLCON', '1'), ('CMAKE_PREFIX_PATH', '/opt/ros/humble')]), 'shell': False}
[0.051589] (agent_msgs) StdoutLine: {'line': b'[  2%] Built target agent_msgs__cpp\n'}
[0.051928] (agent_msgs) StdoutLine: {'line': b'[ 12%] Built target agent_msgs__rosidl_generator_c\n'}
[0.059363] (agent_msgs) StdoutLine: {'line': b'[ 12%] Built target ament_cmake_python_copy_agent_msgs\n'}
[0.069154] (agent_msgs) StdoutLine: {'line': b'[ 23%] Built target agent_msgs__rosidl_typesupport_introspection_cpp\n'}
[0.070183] (agent_msgs) StdoutLine: {'line': b'[ 34%] Built target agent_msgs__rosidl_typesupport_cpp\n'}
[0.070484] (agent_msgs) StdoutLine: {'line': b'[ 44%] Built target agent_msgs__rosidl_typesupport_fastrtps_cpp\n'}
[0.075816] (agent_msgs) StdoutLine: {'line': b'[ 55%] Built target agent_msgs__rosidl_typesupport_c\n'}
[0.078896] (agent_msgs) StdoutLine: {'line': b'[ 76%] Built target agent_msgs__rosidl_typesupport_introspection_c\n'}
[0.079024] (agent_msgs) StdoutLine: {'line': b'[ 76%] Built target agent_msgs__rosidl_typesupport_fastrtps_c\n'}
[0.093131] (agent_msgs) StdoutLine: {'line': b'[ 76%] Built target agent_msgs\n'}
[0.099836] (-) TimerEvent: {}
[0.111399] (agent_msgs) StdoutLine: {'line': b'[ 78%] Built target agent_msgs__py\n'}
[0.131702] (agent_msgs) StdoutLine: {'line': b'[ 87%] Built target agent_msgs__rosidl_generator_py\n'}
[0.148942] (agent_msgs) StdoutLine: {'line': b'[ 91%] Built target agent_msgs__rosidl_typesupport_introspection_c__pyext\n'}
[0.149599] (agent_msgs) StdoutLine: {'line': b'[100%] Built target agent_msgs__rosidl_typesupport_c__pyext\n'}
[0.149773] (agent_msgs) StdoutLine: {'line': b'[100%] Built target agent_msgs__rosidl_typesupport_fastrtps_c__pyext\n'}
[0.199924] (-) TimerEvent: {}
[0.212947] (agent_msgs) StdoutLine: {'line': b'running egg_info\n'}
[0.213341] (agent_msgs) StdoutLine: {'line': b'writing agent_msgs.egg-info/PKG-INFO\n'}
[0.213554] (agent_msgs) StdoutLine: {'line': b'writing dependency_links to agent_msgs.egg-info/dependency_links.txt\n'}
[0.213653] (agent_msgs) StdoutLine: {'line': b'writing top-level names to agent_msgs.egg-info/top_level.txt\n'}
[0.214956] (agent_msgs) StdoutLine: {'line': b"reading manifest file 'agent_msgs.egg-info/SOURCES.txt'\n"}
[0.215332] (agent_msgs) StdoutLine: {'line': b"writing manifest file 'agent_msgs.egg-info/SOURCES.txt'\n"}
[0.233909] (agent_msgs) StdoutLine: {'line': b'[100%] Built target ament_cmake_python_build_agent_msgs_egg\n'}
[0.242164] (agent_msgs) CommandEnded: {'returncode': 0}
[0.242713] (agent_msgs) JobProgress: {'identifier': 'agent_msgs', 'progress': 'install'}
[0.248528] (agent_msgs) Command: {'cmd': ['/usr/bin/cmake', '--install', '/workspace/tmp/safmc_uwb/ros/build/agent_msgs'], 'cwd': '/workspace/tmp/safmc_uwb/ros/build/agent_msgs', 'env': OrderedDict([('SUDO_GID', '1000'), ('MAIL', '/var/mail/root'), ('USER', 'root'), ('HOSTNAME', 'huixin'), ('SHLVL', '1'), ('LD_LIBRARY_PATH', '/opt/ros/humble/opt/rviz_ogre_vendor/lib:/opt/ros/humble/lib/x86_64-linux-gnu:/opt/ros/humble/lib'), ('HOME', '/root'), ('OLDPWD', '/workspace'), ('ROS_PYTHON_VERSION', '3'), ('COLORTERM', 'truecolor'), ('SUDO_UID', '1000'), ('ROS_DISTRO', 'humble'), ('LOGNAME', 'root'), ('_', '/usr/bin/colcon'), ('ROS_VERSION', '2'), ('TERM', 'xterm-256color'), ('ROS_LOCALHOST_ONLY', '0'), ('PATH', '/opt/ros/humble/bin:/usr/local/sbin:/usr/local/bin:/usr/sbin:/usr/bin:/sbin:/bin'), ('DISPLAY', ':0'), ('LANG', 'en_US.UTF-8'), ('SUDO_COMMAND', '/usr/bin/su'), ('AMENT_PREFIX_PATH', '/opt/ros/humble'), ('DEBIAN_FRONTEND', 'noninteractive'), ('SHELL', '/bin/bash'), ('SUDO_USER', 'user'), ('PWD', '/workspace/tmp/safmc_uwb/ros/build/agent_msgs'), ('LC_ALL', 'en_US.UTF-8'), ('PYTHONPATH', '/opt/ros/humble/lib/python3.10/site-packages:/opt/ros/humble/local/lib/python3.10/dist-packages'), ('COLCON', '1'), ('CMAKE_PREFIX_PATH', '/opt/ros/humble')]), 'shell': False}
[0.253855] (agent_msgs) StdoutLine: {'line': b'-- Install configuration: ""\n'}
[0.254063] (agent_msgs) StdoutLine: {'line': b'-- Up-to-date: /workspace/tmp/safmc_uwb/ros/install/agent_msgs/share/ament_index/resource_index/rosidl_interfaces/agent_msgs\n'}
[0.254172] (agent_msgs) StdoutLine: {'line': b'-- Up-to-date: /workspace/tmp/safmc_uwb/ros/install/agent_msgs/include/agent_msgs/agent_msgs\n'}
[0.254260] (agent_msgs) StdoutLine: {'line': b'-- Up-to-date: /workspace/tmp/safmc_uwb/ros/install/agent_msgs/include/agent_msgs/agent_msgs/msg\n'}
[0.254325] (agent_msgs) StdoutLine: {'line': b'-- Up-to-date: /workspace/tmp/safmc_uwb/ros/install/agent_msgs/include/agent_msgs/agent_msgs/msg/pose.h\n'}
[0.254407] (agent_msgs) StdoutLine: {'line': b'-- Up-to-date: /workspace/tmp/safmc_uwb/ros/install/agent_msgs/include/agent_msgs/agent_msgs/msg/tag_position.h\n'}
[0.254470] (agent_msgs) StdoutLine: {'line': b'-- Up-to-date: /workspace/tmp/safmc_uwb/ros/install/agent_msgs/include/agent_msgs/agent_msgs/msg/rosidl_generator_c__visibility_control.h\n'}
[0.254532] (agent_msgs) StdoutLine: {'line': b'-- Up-to-date: /workspace/tmp/safmc_uwb/ros/install/agent_msgs/include/agent_msgs/agent_msgs/msg/detail\n'}
[0.254636] (agent_msgs) StdoutLine: {'line': b'-- Up-to-date: /workspace/tmp/safmc_uwb/ros/install/agent_msgs/include/agent_msgs/agent_msgs/msg/detail/range__type_support.h\n'}
[0.254720] (agent_msgs) StdoutLine: {'line': b'-- Up-to-date: /workspace/tmp/safmc_uwb/ros/install/agent_msgs/include/agent_msgs/agent_msgs/msg/detail/pose__struct.h\n'}
[0.254796] (agent_msgs) StdoutLine: {'line': b'-- Up-to-date: /workspace/tmp/safmc_uwb/ros/install/agent_msgs/include/agent_msgs/agent_msgs/msg/detail/tag_position__type_support.h\n'}
[0.254859] (agent_msgs) StdoutLine: {'line': b'-- Up-to-date: /workspace/tmp/safmc_uwb/ros/install/agent_msgs/include/agent_msgs/agent_msgs/msg/detail/tag_position__struct.h\n'}
[0.254990] (agent_msgs) StdoutLine: {'line': b'-- Up-to-date: /workspace/tmp/safmc_uwb/ros/install/agent_msgs/include/agent_msgs/agent_msgs/msg/detail/pose__functions.h\n'}
[0.255060] (agent_msgs) StdoutLine: {'line': b'-- Up-to-date: /workspace/tmp/safmc_uwb/ros/install/agent_msgs/include/agent_msgs/agent_msgs/msg/detail/pose__type_support.h\n'}
[0.255123] (agent_msgs) StdoutLine: {'line': b'-- Up-to-date: /workspace/tmp/safmc_uwb/ros/install/agent_msgs/include/agent_msgs/agent_msgs/msg/detail/tag_position__functions.h\n'}
[0.255199] (agent_msgs) StdoutLine: {'line': b'-- Up-to-date: /workspace/tmp/safmc_uwb/ros/install/agent_msgs/include/agent_msgs/agent_msgs/msg/detail/pose__functions.c\n'}
[0.255293] (agent_msgs) StdoutLine: {'line': b'-- Up-to-date: /workspace/tmp/safmc_uwb/ros/install/agent_msgs/include/agent_msgs/agent_msgs/msg/detail/tag_position__functions.c\n'}
[0.255589] (agent_msgs) StdoutLine: {'line': b'-- Up-to-date: /workspace/tmp/safmc_uwb/ros/install/agent_msgs/include/agent_msgs/agent_msgs/msg/detail/range__functions.c\n'}
[0.255696] (agent_msgs) StdoutLine: {'line': b'-- Up-to-date: /workspace/tmp/safmc_uwb/ros/install/agent_msgs/include/agent_msgs/agent_msgs/msg/detail/range__functions.h\n'}
[0.255792] (agent_msgs) StdoutLine: {'line': b'-- Up-to-date: /workspace/tmp/safmc_uwb/ros/install/agent_msgs/include/agent_msgs/agent_msgs/msg/detail/range__struct.h\n'}
[0.255901] (agent_msgs) StdoutLine: {'line': b'-- Up-to-date: /workspace/tmp/safmc_uwb/ros/install/agent_msgs/include/agent_msgs/agent_msgs/msg/range.h\n'}
[0.255979] (agent_msgs) StdoutLine: {'line': b'-- Up-to-date: /workspace/tmp/safmc_uwb/ros/install/agent_msgs/share/agent_msgs/environment/library_path.sh\n'}
[0.256055] (agent_msgs) StdoutLine: {'line': b'-- Up-to-date: /workspace/tmp/safmc_uwb/ros/install/agent_msgs/share/agent_msgs/environment/library_path.dsv\n'}
[0.256134] (agent_msgs) StdoutLine: {'line': b'-- Up-to-date: /workspace/tmp/safmc_uwb/ros/install/agent_msgs/lib/libagent_msgs__rosidl_generator_c.so\n'}
[0.256233] (agent_msgs) StdoutLine: {'line': b'-- Up-to-date: /workspace/tmp/safmc_uwb/ros/install/agent_msgs/include/agent_msgs/agent_msgs\n'}
[0.256310] (agent_msgs) StdoutLine: {'line': b'-- Up-to-date: /workspace/tmp/safmc_uwb/ros/install/agent_msgs/include/agent_msgs/agent_msgs/msg\n'}
[0.256393] (agent_msgs) StdoutLine: {'line': b'-- Up-to-date: /workspace/tmp/safmc_uwb/ros/install/agent_msgs/include/agent_msgs/agent_msgs/msg/rosidl_typesupport_fastrtps_c__visibility_control.h\n'}
[0.256466] (agent_msgs) StdoutLine: {'line': b'-- Up-to-date: /workspace/tmp/safmc_uwb/ros/install/agent_msgs/include/agent_msgs/agent_msgs/msg/detail\n'}
[0.256776] (agent_msgs) StdoutLine: {'line': b'-- Up-to-date: /workspace/tmp/safmc_uwb/ros/install/agent_msgs/include/agent_msgs/agent_msgs/msg/detail/tag_position__rosidl_typesupport_fastrtps_c.h\n'}
[0.256837] (agent_msgs) StdoutLine: {'line': b'-- Up-to-date: /workspace/tmp/safmc_uwb/ros/install/agent_msgs/include/agent_msgs/agent_msgs/msg/detail/pose__rosidl_typesupport_fastrtps_c.h\n'}
[0.256877] (agent_msgs) StdoutLine: {'line': b'-- Up-to-date: /workspace/tmp/safmc_uwb/ros/install/agent_msgs/include/agent_msgs/agent_msgs/msg/detail/range__rosidl_typesupport_fastrtps_c.h\n'}
[0.256913] (agent_msgs) StdoutLine: {'line': b'-- Up-to-date: /workspace/tmp/safmc_uwb/ros/install/agent_msgs/lib/libagent_msgs__rosidl_typesupport_fastrtps_c.so\n'}
[0.256948] (agent_msgs) StdoutLine: {'line': b'-- Up-to-date: /workspace/tmp/safmc_uwb/ros/install/agent_msgs/include/agent_msgs/agent_msgs\n'}
[0.256981] (agent_msgs) StdoutLine: {'line': b'-- Up-to-date: /workspace/tmp/safmc_uwb/ros/install/agent_msgs/include/agent_msgs/agent_msgs/msg\n'}
[0.257015] (agent_msgs) StdoutLine: {'line': b'-- Up-to-date: /workspace/tmp/safmc_uwb/ros/install/agent_msgs/include/agent_msgs/agent_msgs/msg/rosidl_typesupport_introspection_c__visibility_control.h\n'}
[0.257049] (agent_msgs) StdoutLine: {'line': b'-- Up-to-date: /workspace/tmp/safmc_uwb/ros/install/agent_msgs/include/agent_msgs/agent_msgs/msg/detail\n'}
[0.257083] (agent_msgs) StdoutLine: {'line': b'-- Up-to-date: /workspace/tmp/safmc_uwb/ros/install/agent_msgs/include/agent_msgs/agent_msgs/msg/detail/pose__type_support.c\n'}
[0.257116] (agent_msgs) StdoutLine: {'line': b'-- Up-to-date: /workspace/tmp/safmc_uwb/ros/install/agent_msgs/include/agent_msgs/agent_msgs/msg/detail/tag_position__rosidl_typesupport_introspection_c.h\n'}
[0.257149] (agent_msgs) StdoutLine: {'line': b'-- Up-to-date: /workspace/tmp/safmc_uwb/ros/install/agent_msgs/include/agent_msgs/agent_msgs/msg/detail/range__rosidl_typesupport_introspection_c.h\n'}
[0.257181] (agent_msgs) StdoutLine: {'line': b'-- Up-to-date: /workspace/tmp/safmc_uwb/ros/install/agent_msgs/include/agent_msgs/agent_msgs/msg/detail/tag_position__type_support.c\n'}
[0.257236] (agent_msgs) StdoutLine: {'line': b'-- Up-to-date: /workspace/tmp/safmc_uwb/ros/install/agent_msgs/include/agent_msgs/agent_msgs/msg/detail/pose__rosidl_typesupport_introspection_c.h\n'}
[0.257270] (agent_msgs) StdoutLine: {'line': b'-- Up-to-date: /workspace/tmp/safmc_uwb/ros/install/agent_msgs/include/agent_msgs/agent_msgs/msg/detail/range__type_support.c\n'}
[0.257302] (agent_msgs) StdoutLine: {'line': b'-- Up-to-date: /workspace/tmp/safmc_uwb/ros/install/agent_msgs/lib/libagent_msgs__rosidl_typesupport_introspection_c.so\n'}
[0.257335] (agent_msgs) StdoutLine: {'line': b'-- Up-to-date: /workspace/tmp/safmc_uwb/ros/install/agent_msgs/lib/libagent_msgs__rosidl_typesupport_c.so\n'}
[0.257368] (agent_msgs) StdoutLine: {'line': b'-- Up-to-date: /workspace/tmp/safmc_uwb/ros/install/agent_msgs/include/agent_msgs/agent_msgs\n'}
[0.257400] (agent_msgs) StdoutLine: {'line': b'-- Up-to-date: /workspace/tmp/safmc_uwb/ros/install/agent_msgs/include/agent_msgs/agent_msgs/msg\n'}
[0.257432] (agent_msgs) StdoutLine: {'line': b'-- Up-to-date: /workspace/tmp/safmc_uwb/ros/install/agent_msgs/include/agent_msgs/agent_msgs/msg/range.hpp\n'}
[0.257465] (agent_msgs) StdoutLine: {'line': b'-- Up-to-date: /workspace/tmp/safmc_uwb/ros/install/agent_msgs/include/agent_msgs/agent_msgs/msg/pose.hpp\n'}
[0.257497] (agent_msgs) StdoutLine: {'line': b'-- Up-to-date: /workspace/tmp/safmc_uwb/ros/install/agent_msgs/include/agent_msgs/agent_msgs/msg/tag_position.hpp\n'}
[0.257528] (agent_msgs) StdoutLine: {'line': b'-- Up-to-date: /workspace/tmp/safmc_uwb/ros/install/agent_msgs/include/agent_msgs/agent_msgs/msg/detail\n'}
[0.257560] (agent_msgs) StdoutLine: {'line': b'-- Up-to-date: /workspace/tmp/safmc_uwb/ros/install/agent_msgs/include/agent_msgs/agent_msgs/msg/detail/pose__struct.hpp\n'}
[0.257593] (agent_msgs) StdoutLine: {'line': b'-- Up-to-date: /workspace/tmp/safmc_uwb/ros/install/agent_msgs/include/agent_msgs/agent_msgs/msg/detail/pose__type_support.hpp\n'}
[0.257625] (agent_msgs) StdoutLine: {'line': b'-- Up-to-date: /workspace/tmp/safmc_uwb/ros/install/agent_msgs/include/agent_msgs/agent_msgs/msg/detail/tag_position__traits.hpp\n'}
[0.257657] (agent_msgs) StdoutLine: {'line': b'-- Up-to-date: /workspace/tmp/safmc_uwb/ros/install/agent_msgs/include/agent_msgs/agent_msgs/msg/detail/range__struct.hpp\n'}
[0.257689] (agent_msgs) StdoutLine: {'line': b'-- Up-to-date: /workspace/tmp/safmc_uwb/ros/install/agent_msgs/include/agent_msgs/agent_msgs/msg/detail/tag_position__type_support.hpp\n'}
[0.257721] (agent_msgs) StdoutLine: {'line': b'-- Up-to-date: /workspace/tmp/safmc_uwb/ros/install/agent_msgs/include/agent_msgs/agent_msgs/msg/detail/pose__builder.hpp\n'}
[0.257751] (agent_msgs) StdoutLine: {'line': b'-- Up-to-date: /workspace/tmp/safmc_uwb/ros/install/agent_msgs/include/agent_msgs/agent_msgs/msg/detail/range__builder.hpp\n'}
[0.257783] (agent_msgs) StdoutLine: {'line': b'-- Up-to-date: /workspace/tmp/safmc_uwb/ros/install/agent_msgs/include/agent_msgs/agent_msgs/msg/detail/pose__traits.hpp\n'}
[0.257814] (agent_msgs) StdoutLine: {'line': b'-- Up-to-date: /workspace/tmp/safmc_uwb/ros/install/agent_msgs/include/agent_msgs/agent_msgs/msg/detail/range__type_support.hpp\n'}
[0.257846] (agent_msgs) StdoutLine: {'line': b'-- Up-to-date: /workspace/tmp/safmc_uwb/ros/install/agent_msgs/include/agent_msgs/agent_msgs/msg/detail/tag_position__struct.hpp\n'}
[0.257881] (agent_msgs) StdoutLine: {'line': b'-- Up-to-date: /workspace/tmp/safmc_uwb/ros/install/agent_msgs/include/agent_msgs/agent_msgs/msg/detail/range__traits.hpp\n'}
[0.257912] (agent_msgs) StdoutLine: {'line': b'-- Up-to-date: /workspace/tmp/safmc_uwb/ros/install/agent_msgs/include/agent_msgs/agent_msgs/msg/detail/tag_position__builder.hpp\n'}
[0.257943] (agent_msgs) StdoutLine: {'line': b'-- Up-to-date: /workspace/tmp/safmc_uwb/ros/install/agent_msgs/include/agent_msgs/agent_msgs/msg/rosidl_generator_cpp__visibility_control.hpp\n'}
[0.257975] (agent_msgs) StdoutLine: {'line': b'-- Up-to-date: /workspace/tmp/safmc_uwb/ros/install/agent_msgs/include/agent_msgs/agent_msgs\n'}
[0.258009] (agent_msgs) StdoutLine: {'line': b'-- Up-to-date: /workspace/tmp/safmc_uwb/ros/install/agent_msgs/include/agent_msgs/agent_msgs/msg\n'}
[0.258040] (agent_msgs) StdoutLine: {'line': b'-- Up-to-date: /workspace/tmp/safmc_uwb/ros/install/agent_msgs/include/agent_msgs/agent_msgs/msg/detail\n'}
[0.258072] (agent_msgs) StdoutLine: {'line': b'-- Up-to-date: /workspace/tmp/safmc_uwb/ros/install/agent_msgs/include/agent_msgs/agent_msgs/msg/detail/range__rosidl_typesupport_fastrtps_cpp.hpp\n'}
[0.258104] (agent_msgs) StdoutLine: {'line': b'-- Up-to-date: /workspace/tmp/safmc_uwb/ros/install/agent_msgs/include/agent_msgs/agent_msgs/msg/detail/pose__rosidl_typesupport_fastrtps_cpp.hpp\n'}
[0.258136] (agent_msgs) StdoutLine: {'line': b'-- Up-to-date: /workspace/tmp/safmc_uwb/ros/install/agent_msgs/include/agent_msgs/agent_msgs/msg/detail/dds_fastrtps\n'}
[0.258168] (agent_msgs) StdoutLine: {'line': b'-- Up-to-date: /workspace/tmp/safmc_uwb/ros/install/agent_msgs/include/agent_msgs/agent_msgs/msg/detail/tag_position__rosidl_typesupport_fastrtps_cpp.hpp\n'}
[0.258207] (agent_msgs) StdoutLine: {'line': b'-- Up-to-date: /workspace/tmp/safmc_uwb/ros/install/agent_msgs/include/agent_msgs/agent_msgs/msg/rosidl_typesupport_fastrtps_cpp__visibility_control.h\n'}
[0.258246] (agent_msgs) StdoutLine: {'line': b'-- Up-to-date: /workspace/tmp/safmc_uwb/ros/install/agent_msgs/lib/libagent_msgs__rosidl_typesupport_fastrtps_cpp.so\n'}
[0.258283] (agent_msgs) StdoutLine: {'line': b'-- Up-to-date: /workspace/tmp/safmc_uwb/ros/install/agent_msgs/include/agent_msgs/agent_msgs\n'}
[0.258316] (agent_msgs) StdoutLine: {'line': b'-- Up-to-date: /workspace/tmp/safmc_uwb/ros/install/agent_msgs/include/agent_msgs/agent_msgs/msg\n'}
[0.258350] (agent_msgs) StdoutLine: {'line': b'-- Up-to-date: /workspace/tmp/safmc_uwb/ros/install/agent_msgs/include/agent_msgs/agent_msgs/msg/detail\n'}
[0.258383] (agent_msgs) StdoutLine: {'line': b'-- Up-to-date: /workspace/tmp/safmc_uwb/ros/install/agent_msgs/include/agent_msgs/agent_msgs/msg/detail/tag_position__rosidl_typesupport_introspection_cpp.hpp\n'}
[0.258417] (agent_msgs) StdoutLine: {'line': b'-- Up-to-date: /workspace/tmp/safmc_uwb/ros/install/agent_msgs/include/agent_msgs/agent_msgs/msg/detail/tag_position__type_support.cpp\n'}
[0.258449] (agent_msgs) StdoutLine: {'line': b'-- Up-to-date: /workspace/tmp/safmc_uwb/ros/install/agent_msgs/include/agent_msgs/agent_msgs/msg/detail/range__type_support.cpp\n'}
[0.258481] (agent_msgs) StdoutLine: {'line': b'-- Up-to-date: /workspace/tmp/safmc_uwb/ros/install/agent_msgs/include/agent_msgs/agent_msgs/msg/detail/range__rosidl_typesupport_introspection_cpp.hpp\n'}
[0.258513] (agent_msgs) StdoutLine: {'line': b'-- Up-to-date: /workspace/tmp/safmc_uwb/ros/install/agent_msgs/include/agent_msgs/agent_msgs/msg/detail/pose__rosidl_typesupport_introspection_cpp.hpp\n'}
[0.258547] (agent_msgs) StdoutLine: {'line': b'-- Up-to-date: /workspace/tmp/safmc_uwb/ros/install/agent_msgs/include/agent_msgs/agent_msgs/msg/detail/pose__type_support.cpp\n'}
[0.258579] (agent_msgs) StdoutLine: {'line': b'-- Up-to-date: /workspace/tmp/safmc_uwb/ros/install/agent_msgs/lib/libagent_msgs__rosidl_typesupport_introspection_cpp.so\n'}
[0.258611] (agent_msgs) StdoutLine: {'line': b'-- Up-to-date: /workspace/tmp/safmc_uwb/ros/install/agent_msgs/lib/libagent_msgs__rosidl_typesupport_cpp.so\n'}
[0.258644] (agent_msgs) StdoutLine: {'line': b'-- Up-to-date: /workspace/tmp/safmc_uwb/ros/install/agent_msgs/share/agent_msgs/environment/pythonpath.sh\n'}
[0.258676] (agent_msgs) StdoutLine: {'line': b'-- Up-to-date: /workspace/tmp/safmc_uwb/ros/install/agent_msgs/share/agent_msgs/environment/pythonpath.dsv\n'}
[0.258709] (agent_msgs) StdoutLine: {'line': b'-- Up-to-date: /workspace/tmp/safmc_uwb/ros/install/agent_msgs/local/lib/python3.10/dist-packages/agent_msgs-0.0.0-py3.10.egg-info\n'}
[0.258743] (agent_msgs) StdoutLine: {'line': b'-- Installing: /workspace/tmp/safmc_uwb/ros/install/agent_msgs/local/lib/python3.10/dist-packages/agent_msgs-0.0.0-py3.10.egg-info/top_level.txt\n'}
[0.258778] (agent_msgs) StdoutLine: {'line': b'-- Installing: /workspace/tmp/safmc_uwb/ros/install/agent_msgs/local/lib/python3.10/dist-packages/agent_msgs-0.0.0-py3.10.egg-info/SOURCES.txt\n'}
[0.258812] (agent_msgs) StdoutLine: {'line': b'-- Installing: /workspace/tmp/safmc_uwb/ros/install/agent_msgs/local/lib/python3.10/dist-packages/agent_msgs-0.0.0-py3.10.egg-info/dependency_links.txt\n'}
[0.258852] (agent_msgs) StdoutLine: {'line': b'-- Installing: /workspace/tmp/safmc_uwb/ros/install/agent_msgs/local/lib/python3.10/dist-packages/agent_msgs-0.0.0-py3.10.egg-info/PKG-INFO\n'}
[0.258888] (agent_msgs) StdoutLine: {'line': b'-- Up-to-date: /workspace/tmp/safmc_uwb/ros/install/agent_msgs/local/lib/python3.10/dist-packages/agent_msgs\n'}
[0.258924] (agent_msgs) StdoutLine: {'line': b'-- Up-to-date: /workspace/tmp/safmc_uwb/ros/install/agent_msgs/local/lib/python3.10/dist-packages/agent_msgs/agent_msgs_s__rosidl_typesupport_c.cpython-310-x86_64-linux-gnu.so\n'}
[0.258964] (agent_msgs) StdoutLine: {'line': b'-- Up-to-date: /workspace/tmp/safmc_uwb/ros/install/agent_msgs/local/lib/python3.10/dist-packages/agent_msgs/msg\n'}
[0.259000] (agent_msgs) StdoutLine: {'line': b'-- Up-to-date: /workspace/tmp/safmc_uwb/ros/install/agent_msgs/local/lib/python3.10/dist-packages/agent_msgs/msg/_range_s.c\n'}
[0.259036] (agent_msgs) StdoutLine: {'line': b'-- Up-to-date: /workspace/tmp/safmc_uwb/ros/install/agent_msgs/local/lib/python3.10/dist-packages/agent_msgs/msg/_tag_position.py\n'}
[0.259072] (agent_msgs) StdoutLine: {'line': b'-- Up-to-date: /workspace/tmp/safmc_uwb/ros/install/agent_msgs/local/lib/python3.10/dist-packages/agent_msgs/msg/_tag_position_s.c\n'}
[0.259114] (agent_msgs) StdoutLine: {'line': b'-- Up-to-date: /workspace/tmp/safmc_uwb/ros/install/agent_msgs/local/lib/python3.10/dist-packages/agent_msgs/msg/_pose_s.c\n'}
[0.259150] (agent_msgs) StdoutLine: {'line': b'-- Up-to-date: /workspace/tmp/safmc_uwb/ros/install/agent_msgs/local/lib/python3.10/dist-packages/agent_msgs/msg/_pose.py\n'}
[0.259183] (agent_msgs) StdoutLine: {'line': b'-- Up-to-date: /workspace/tmp/safmc_uwb/ros/install/agent_msgs/local/lib/python3.10/dist-packages/agent_msgs/msg/__init__.py\n'}
[0.259239] (agent_msgs) StdoutLine: {'line': b'-- Up-to-date: /workspace/tmp/safmc_uwb/ros/install/agent_msgs/local/lib/python3.10/dist-packages/agent_msgs/msg/_range.py\n'}
[0.259281] (agent_msgs) StdoutLine: {'line': b'-- Up-to-date: /workspace/tmp/safmc_uwb/ros/install/agent_msgs/local/lib/python3.10/dist-packages/agent_msgs/_agent_msgs_s.ep.rosidl_typesupport_c.c\n'}
[0.259322] (agent_msgs) StdoutLine: {'line': b'-- Up-to-date: /workspace/tmp/safmc_uwb/ros/install/agent_msgs/local/lib/python3.10/dist-packages/agent_msgs/agent_msgs_s__rosidl_typesupport_fastrtps_c.cpython-310-x86_64-linux-gnu.so\n'}
[0.259360] (agent_msgs) StdoutLine: {'line': b'-- Up-to-date: /workspace/tmp/safmc_uwb/ros/install/agent_msgs/local/lib/python3.10/dist-packages/agent_msgs/_agent_msgs_s.ep.rosidl_typesupport_fastrtps_c.c\n'}
[0.259410] (agent_msgs) StdoutLine: {'line': b'-- Up-to-date: /workspace/tmp/safmc_uwb/ros/install/agent_msgs/local/lib/python3.10/dist-packages/agent_msgs/agent_msgs_s__rosidl_typesupport_introspection_c.cpython-310-x86_64-linux-gnu.so\n'}
[0.259449] (agent_msgs) StdoutLine: {'line': b'-- Up-to-date: /workspace/tmp/safmc_uwb/ros/install/agent_msgs/local/lib/python3.10/dist-packages/agent_msgs/_agent_msgs_s.ep.rosidl_typesupport_introspection_c.c\n'}
[0.259488] (agent_msgs) StdoutLine: {'line': b'-- Up-to-date: /workspace/tmp/safmc_uwb/ros/install/agent_msgs/local/lib/python3.10/dist-packages/agent_msgs/__init__.py\n'}
[0.259528] (agent_msgs) StdoutLine: {'line': b'-- Up-to-date: /workspace/tmp/safmc_uwb/ros/install/agent_msgs/local/lib/python3.10/dist-packages/agent_msgs/libagent_msgs__rosidl_generator_py.so\n'}
[0.279355] (agent_msgs) StdoutLine: {'line': b"Listing '/workspace/tmp/safmc_uwb/ros/install/agent_msgs/local/lib/python3.10/dist-packages/agent_msgs'...\n"}
[0.279507] (agent_msgs) StdoutLine: {'line': b"Listing '/workspace/tmp/safmc_uwb/ros/install/agent_msgs/local/lib/python3.10/dist-packages/agent_msgs/msg'...\n"}
[0.281967] (agent_msgs) StdoutLine: {'line': b'-- Up-to-date: /workspace/tmp/safmc_uwb/ros/install/agent_msgs/local/lib/python3.10/dist-packages/agent_msgs/agent_msgs_s__rosidl_typesupport_fastrtps_c.cpython-310-x86_64-linux-gnu.so\n'}
[0.282067] (agent_msgs) StdoutLine: {'line': b'-- Up-to-date: /workspace/tmp/safmc_uwb/ros/install/agent_msgs/local/lib/python3.10/dist-packages/agent_msgs/agent_msgs_s__rosidl_typesupport_introspection_c.cpython-310-x86_64-linux-gnu.so\n'}
[0.282123] (agent_msgs) StdoutLine: {'line': b'-- Up-to-date: /workspace/tmp/safmc_uwb/ros/install/agent_msgs/local/lib/python3.10/dist-packages/agent_msgs/agent_msgs_s__rosidl_typesupport_c.cpython-310-x86_64-linux-gnu.so\n'}
[0.282160] (agent_msgs) StdoutLine: {'line': b'-- Up-to-date: /workspace/tmp/safmc_uwb/ros/install/agent_msgs/lib/libagent_msgs__rosidl_generator_py.so\n'}
[0.282322] (agent_msgs) StdoutLine: {'line': b'-- Up-to-date: /workspace/tmp/safmc_uwb/ros/install/agent_msgs/share/agent_msgs/msg/Range.idl\n'}
[0.282456] (agent_msgs) StdoutLine: {'line': b'-- Up-to-date: /workspace/tmp/safmc_uwb/ros/install/agent_msgs/share/agent_msgs/msg/Pose.idl\n'}
[0.282512] (agent_msgs) StdoutLine: {'line': b'-- Up-to-date: /workspace/tmp/safmc_uwb/ros/install/agent_msgs/share/agent_msgs/msg/TagPosition.idl\n'}
[0.282551] (agent_msgs) StdoutLine: {'line': b'-- Up-to-date: /workspace/tmp/safmc_uwb/ros/install/agent_msgs/share/agent_msgs/msg/Range.msg\n'}
[0.282588] (agent_msgs) StdoutLine: {'line': b'-- Up-to-date: /workspace/tmp/safmc_uwb/ros/install/agent_msgs/share/agent_msgs/msg/Pose.msg\n'}
[0.282623] (agent_msgs) StdoutLine: {'line': b'-- Up-to-date: /workspace/tmp/safmc_uwb/ros/install/agent_msgs/share/agent_msgs/msg/TagPosition.msg\n'}
[0.282659] (agent_msgs) StdoutLine: {'line': b'-- Up-to-date: /workspace/tmp/safmc_uwb/ros/install/agent_msgs/share/ament_index/resource_index/package_run_dependencies/agent_msgs\n'}
[0.282696] (agent_msgs) StdoutLine: {'line': b'-- Up-to-date: /workspace/tmp/safmc_uwb/ros/install/agent_msgs/share/ament_index/resource_index/parent_prefix_path/agent_msgs\n'}
[0.282733] (agent_msgs) StdoutLine: {'line': b'-- Up-to-date: /workspace/tmp/safmc_uwb/ros/install/agent_msgs/share/agent_msgs/environment/ament_prefix_path.sh\n'}
[0.282788] (agent_msgs) StdoutLine: {'line': b'-- Up-to-date: /workspace/tmp/safmc_uwb/ros/install/agent_msgs/share/agent_msgs/environment/ament_prefix_path.dsv\n'}
[0.282874] (agent_msgs) StdoutLine: {'line': b'-- Up-to-date: /workspace/tmp/safmc_uwb/ros/install/agent_msgs/share/agent_msgs/environment/path.sh\n'}
[0.282912] (agent_msgs) StdoutLine: {'line': b'-- Up-to-date: /workspace/tmp/safmc_uwb/ros/install/agent_msgs/share/agent_msgs/environment/path.dsv\n'}
[0.282946] (agent_msgs) StdoutLine: {'line': b'-- Up-to-date: /workspace/tmp/safmc_uwb/ros/install/agent_msgs/share/agent_msgs/local_setup.bash\n'}
[0.282980] (agent_msgs) StdoutLine: {'line': b'-- Up-to-date: /workspace/tmp/safmc_uwb/ros/install/agent_msgs/share/agent_msgs/local_setup.sh\n'}
[0.283015] (agent_msgs) StdoutLine: {'line': b'-- Up-to-date: /workspace/tmp/safmc_uwb/ros/install/agent_msgs/share/agent_msgs/local_setup.zsh\n'}
[0.283049] (agent_msgs) StdoutLine: {'line': b'-- Up-to-date: /workspace/tmp/safmc_uwb/ros/install/agent_msgs/share/agent_msgs/local_setup.dsv\n'}
[0.283084] (agent_msgs) StdoutLine: {'line': b'-- Installing: /workspace/tmp/safmc_uwb/ros/install/agent_msgs/share/agent_msgs/package.dsv\n'}
[0.283119] (agent_msgs) StdoutLine: {'line': b'-- Up-to-date: /workspace/tmp/safmc_uwb/ros/install/agent_msgs/share/ament_index/resource_index/packages/agent_msgs\n'}
[0.283153] (agent_msgs) StdoutLine: {'line': b'-- Up-to-date: /workspace/tmp/safmc_uwb/ros/install/agent_msgs/share/agent_msgs/cmake/export_agent_msgs__rosidl_generator_cExport.cmake\n'}
[0.283214] (agent_msgs) StdoutLine: {'line': b'-- Up-to-date: /workspace/tmp/safmc_uwb/ros/install/agent_msgs/share/agent_msgs/cmake/export_agent_msgs__rosidl_generator_cExport-noconfig.cmake\n'}
[0.283292] (agent_msgs) StdoutLine: {'line': b'-- Up-to-date: /workspace/tmp/safmc_uwb/ros/install/agent_msgs/share/agent_msgs/cmake/export_agent_msgs__rosidl_typesupport_fastrtps_cExport.cmake\n'}
[0.283330] (agent_msgs) StdoutLine: {'line': b'-- Up-to-date: /workspace/tmp/safmc_uwb/ros/install/agent_msgs/share/agent_msgs/cmake/export_agent_msgs__rosidl_typesupport_fastrtps_cExport-noconfig.cmake\n'}
[0.283366] (agent_msgs) StdoutLine: {'line': b'-- Up-to-date: /workspace/tmp/safmc_uwb/ros/install/agent_msgs/share/agent_msgs/cmake/agent_msgs__rosidl_typesupport_introspection_cExport.cmake\n'}
[0.283401] (agent_msgs) StdoutLine: {'line': b'-- Up-to-date: /workspace/tmp/safmc_uwb/ros/install/agent_msgs/share/agent_msgs/cmake/agent_msgs__rosidl_typesupport_introspection_cExport-noconfig.cmake\n'}
[0.283435] (agent_msgs) StdoutLine: {'line': b'-- Up-to-date: /workspace/tmp/safmc_uwb/ros/install/agent_msgs/share/agent_msgs/cmake/agent_msgs__rosidl_typesupport_cExport.cmake\n'}
[0.283470] (agent_msgs) StdoutLine: {'line': b'-- Up-to-date: /workspace/tmp/safmc_uwb/ros/install/agent_msgs/share/agent_msgs/cmake/agent_msgs__rosidl_typesupport_cExport-noconfig.cmake\n'}
[0.283503] (agent_msgs) StdoutLine: {'line': b'-- Up-to-date: /workspace/tmp/safmc_uwb/ros/install/agent_msgs/share/agent_msgs/cmake/export_agent_msgs__rosidl_generator_cppExport.cmake\n'}
[0.283583] (agent_msgs) StdoutLine: {'line': b'-- Up-to-date: /workspace/tmp/safmc_uwb/ros/install/agent_msgs/share/agent_msgs/cmake/export_agent_msgs__rosidl_typesupport_fastrtps_cppExport.cmake\n'}
[0.283618] (agent_msgs) StdoutLine: {'line': b'-- Up-to-date: /workspace/tmp/safmc_uwb/ros/install/agent_msgs/share/agent_msgs/cmake/export_agent_msgs__rosidl_typesupport_fastrtps_cppExport-noconfig.cmake\n'}
[0.283651] (agent_msgs) StdoutLine: {'line': b'-- Up-to-date: /workspace/tmp/safmc_uwb/ros/install/agent_msgs/share/agent_msgs/cmake/agent_msgs__rosidl_typesupport_introspection_cppExport.cmake\n'}
[0.283683] (agent_msgs) StdoutLine: {'line': b'-- Up-to-date: /workspace/tmp/safmc_uwb/ros/install/agent_msgs/share/agent_msgs/cmake/agent_msgs__rosidl_typesupport_introspection_cppExport-noconfig.cmake\n'}
[0.283716] (agent_msgs) StdoutLine: {'line': b'-- Up-to-date: /workspace/tmp/safmc_uwb/ros/install/agent_msgs/share/agent_msgs/cmake/agent_msgs__rosidl_typesupport_cppExport.cmake\n'}
[0.283749] (agent_msgs) StdoutLine: {'line': b'-- Up-to-date: /workspace/tmp/safmc_uwb/ros/install/agent_msgs/share/agent_msgs/cmake/agent_msgs__rosidl_typesupport_cppExport-noconfig.cmake\n'}
[0.283782] (agent_msgs) StdoutLine: {'line': b'-- Up-to-date: /workspace/tmp/safmc_uwb/ros/install/agent_msgs/share/agent_msgs/cmake/export_agent_msgs__rosidl_generator_pyExport.cmake\n'}
[0.283814] (agent_msgs) StdoutLine: {'line': b'-- Up-to-date: /workspace/tmp/safmc_uwb/ros/install/agent_msgs/share/agent_msgs/cmake/export_agent_msgs__rosidl_generator_pyExport-noconfig.cmake\n'}
[0.283845] (agent_msgs) StdoutLine: {'line': b'-- Up-to-date: /workspace/tmp/safmc_uwb/ros/install/agent_msgs/share/agent_msgs/cmake/rosidl_cmake-extras.cmake\n'}
[0.283877] (agent_msgs) StdoutLine: {'line': b'-- Up-to-date: /workspace/tmp/safmc_uwb/ros/install/agent_msgs/share/agent_msgs/cmake/ament_cmake_export_dependencies-extras.cmake\n'}
[0.283908] (agent_msgs) StdoutLine: {'line': b'-- Up-to-date: /workspace/tmp/safmc_uwb/ros/install/agent_msgs/share/agent_msgs/cmake/ament_cmake_export_include_directories-extras.cmake\n'}
[0.283940] (agent_msgs) StdoutLine: {'line': b'-- Up-to-date: /workspace/tmp/safmc_uwb/ros/install/agent_msgs/share/agent_msgs/cmake/ament_cmake_export_libraries-extras.cmake\n'}
[0.283972] (agent_msgs) StdoutLine: {'line': b'-- Up-to-date: /workspace/tmp/safmc_uwb/ros/install/agent_msgs/share/agent_msgs/cmake/ament_cmake_export_targets-extras.cmake\n'}
[0.284002] (agent_msgs) StdoutLine: {'line': b'-- Up-to-date: /workspace/tmp/safmc_uwb/ros/install/agent_msgs/share/agent_msgs/cmake/rosidl_cmake_export_typesupport_targets-extras.cmake\n'}
[0.284033] (agent_msgs) StdoutLine: {'line': b'-- Up-to-date: /workspace/tmp/safmc_uwb/ros/install/agent_msgs/share/agent_msgs/cmake/rosidl_cmake_export_typesupport_libraries-extras.cmake\n'}
[0.284069] (agent_msgs) StdoutLine: {'line': b'-- Up-to-date: /workspace/tmp/safmc_uwb/ros/install/agent_msgs/share/agent_msgs/cmake/agent_msgsConfig.cmake\n'}
[0.284100] (agent_msgs) StdoutLine: {'line': b'-- Up-to-date: /workspace/tmp/safmc_uwb/ros/install/agent_msgs/share/agent_msgs/cmake/agent_msgsConfig-version.cmake\n'}
[0.284133] (agent_msgs) StdoutLine: {'line': b'-- Up-to-date: /workspace/tmp/safmc_uwb/ros/install/agent_msgs/share/agent_msgs/package.xml\n'}
[0.285689] (agent_msgs) CommandEnded: {'returncode': 0}
[0.300158] (-) TimerEvent: {}
[0.302761] (agent_msgs) JobEnded: {'identifier': 'agent_msgs', 'rc': 0}
[0.373742] (uwb) Command: {'cmd': ['/usr/bin/python3', '-W', 'ignore:setup.py install is deprecated', '-W', 'ignore:easy_install command is deprecated', 'setup.py', 'egg_info', '--egg-base', '../../build/uwb', 'build', '--build-base', '/workspace/tmp/safmc_uwb/ros/build/uwb/build', 'install', '--record', '/workspace/tmp/safmc_uwb/ros/build/uwb/install.log', '--single-version-externally-managed', 'install_data'], 'cwd': '/workspace/tmp/safmc_uwb/ros/src/uwb', 'env': {'SUDO_GID': '1000', 'MAIL': '/var/mail/root', 'USER': 'root', 'HOSTNAME': 'huixin', 'SHLVL': '1', 'LD_LIBRARY_PATH': '/opt/ros/humble/opt/rviz_ogre_vendor/lib:/opt/ros/humble/lib/x86_64-linux-gnu:/opt/ros/humble/lib', 'HOME': '/root', 'OLDPWD': '/workspace', 'ROS_PYTHON_VERSION': '3', 'COLORTERM': 'truecolor', 'SUDO_UID': '1000', 'ROS_DISTRO': 'humble', 'LOGNAME': 'root', '_': '/usr/bin/colcon', 'ROS_VERSION': '2', 'TERM': 'xterm-256color', 'ROS_LOCALHOST_ONLY': '0', 'PATH': '/opt/ros/humble/bin:/usr/local/sbin:/usr/local/bin:/usr/sbin:/usr/bin:/sbin:/bin', 'DISPLAY': ':0', 'LANG': 'en_US.UTF-8', 'SUDO_COMMAND': '/usr/bin/su', 'AMENT_PREFIX_PATH': '/opt/ros/humble', 'DEBIAN_FRONTEND': 'noninteractive', 'SHELL': '/bin/bash', 'SUDO_USER': 'user', 'PWD': '/workspace/tmp/safmc_uwb/ros/build/uwb', 'LC_ALL': 'en_US.UTF-8', 'PYTHONPATH': '/workspace/tmp/safmc_uwb/ros/build/uwb/prefix_override:/usr/lib/python3/dist-packages/colcon_core/task/python/colcon_distutils_commands:/workspace/tmp/safmc_uwb/ros/install/uwb/lib/python3.10/site-packages:/opt/ros/humble/lib/python3.10/site-packages:/opt/ros/humble/local/lib/python3.10/dist-packages', 'COLCON': '1'}, 'shell': False}
[0.400314] (-) TimerEvent: {}
[0.500611] (-) TimerEvent: {}
[0.512475] (uwb) StdoutLine: {'line': b'running egg_info\n'}
[0.512763] (uwb) StdoutLine: {'line': b'writing ../../build/uwb/uwb.egg-info/PKG-INFO\n'}
[0.512904] (uwb) StdoutLine: {'line': b'writing dependency_links to ../../build/uwb/uwb.egg-info/dependency_links.txt\n'}
[0.513047] (uwb) StdoutLine: {'line': b'writing entry points to ../../build/uwb/uwb.egg-info/entry_points.txt\n'}
[0.513172] (uwb) StdoutLine: {'line': b'writing requirements to ../../build/uwb/uwb.egg-info/requires.txt\n'}
[0.513260] (uwb) StdoutLine: {'line': b'writing top-level names to ../../build/uwb/uwb.egg-info/top_level.txt\n'}
[0.514201] (uwb) StdoutLine: {'line': b"reading manifest file '../../build/uwb/uwb.egg-info/SOURCES.txt'\n"}
[0.514663] (uwb) StdoutLine: {'line': b"writing manifest file '../../build/uwb/uwb.egg-info/SOURCES.txt'\n"}
[0.514756] (uwb) StdoutLine: {'line': b'running build\n'}
[0.514819] (uwb) StdoutLine: {'line': b'running build_py\n'}
[0.514908] (uwb) StdoutLine: {'line': b'copying uwb/uwb_rewrite_3.py -> /workspace/tmp/safmc_uwb/ros/build/uwb/build/lib/uwb\n'}
[0.514998] (uwb) StdoutLine: {'line': b'copying uwb/uwb.py -> /workspace/tmp/safmc_uwb/ros/build/uwb/build/lib/uwb\n'}
[0.515178] (uwb) StdoutLine: {'line': b'running install\n'}
[0.515395] (uwb) StdoutLine: {'line': b'running install_lib\n'}
[0.515794] (uwb) StdoutLine: {'line': b'copying /workspace/tmp/safmc_uwb/ros/build/uwb/build/lib/uwb/uwb_rewrite_3.py -> /workspace/tmp/safmc_uwb/ros/install/uwb/lib/python3.10/site-packages/uwb\n'}
[0.515913] (uwb) StdoutLine: {'line': b'copying /workspace/tmp/safmc_uwb/ros/build/uwb/build/lib/uwb/uwb.py -> /workspace/tmp/safmc_uwb/ros/install/uwb/lib/python3.10/site-packages/uwb\n'}
[0.516270] (uwb) StdoutLine: {'line': b'byte-compiling /workspace/tmp/safmc_uwb/ros/install/uwb/lib/python3.10/site-packages/uwb/uwb_rewrite_3.py to uwb_rewrite_3.cpython-310.pyc\n'}
[0.518395] (uwb) StdoutLine: {'line': b'byte-compiling /workspace/tmp/safmc_uwb/ros/install/uwb/lib/python3.10/site-packages/uwb/uwb.py to uwb.cpython-310.pyc\n'}
[0.520227] (uwb) StdoutLine: {'line': b'running install_data\n'}
[0.520307] (uwb) StdoutLine: {'line': b'running install_egg_info\n'}
[0.521248] (uwb) StdoutLine: {'line': b"removing '/workspace/tmp/safmc_uwb/ros/install/uwb/lib/python3.10/site-packages/uwb-0.0.0-py3.10.egg-info' (and everything under it)\n"}
[0.521353] (uwb) StdoutLine: {'line': b'Copying ../../build/uwb/uwb.egg-info to /workspace/tmp/safmc_uwb/ros/install/uwb/lib/python3.10/site-packages/uwb-0.0.0-py3.10.egg-info\n'}
[0.521661] (uwb) StdoutLine: {'line': b'running install_scripts\n'}
[0.534879] (uwb) StdoutLine: {'line': b'Installing uwb script to /workspace/tmp/safmc_uwb/ros/install/uwb/lib/uwb\n'}
[0.535213] (uwb) StdoutLine: {'line': b"writing list of installed files to '/workspace/tmp/safmc_uwb/ros/build/uwb/install.log'\n"}
[0.550906] (uwb) CommandEnded: {'returncode': 0}
[0.554825] (uwb) JobEnded: {'identifier': 'uwb', 'rc': 0}
[0.555354] (-) EventReactorShutdown: {}
