[1.608s] Invoking command in '/home/Judy/safmc_uwb/ros/src/uwb': PYTHONPATH=/home/Judy/safmc_uwb/ros/build/uwb/prefix_override:/usr/lib/python3/dist-packages/colcon_core/task/python/colcon_distutils_commands:/home/Judy/safmc_uwb/ros/install/uwb/lib/python3.10/site-packages:${PYTHONPATH} /usr/bin/python3 -W ignore:setup.py install is deprecated -W ignore:easy_install command is deprecated setup.py egg_info --egg-base ../../build/uwb build --build-base /home/Judy/safmc_uwb/ros/build/uwb/build install --record /home/Judy/safmc_uwb/ros/build/uwb/install.log --single-version-externally-managed install_data
[2.055s] running egg_info
[2.055s] writing ../../build/uwb/uwb.egg-info/PKG-INFO
[2.056s] writing dependency_links to ../../build/uwb/uwb.egg-info/dependency_links.txt
[2.056s] writing entry points to ../../build/uwb/uwb.egg-info/entry_points.txt
[2.057s] writing requirements to ../../build/uwb/uwb.egg-info/requires.txt
[2.057s] writing top-level names to ../../build/uwb/uwb.egg-info/top_level.txt
[2.059s] reading manifest file '../../build/uwb/uwb.egg-info/SOURCES.txt'
[2.060s] writing manifest file '../../build/uwb/uwb.egg-info/SOURCES.txt'
[2.060s] running build
[2.061s] running build_py
[2.061s] running install
[2.061s] running install_lib
[2.063s] running install_data
[2.064s] copying package.xml -> /home/Judy/safmc_uwb/ros/install/uwb/share/uwb
[2.064s] running install_egg_info
[2.066s] removing '/home/Judy/safmc_uwb/ros/install/uwb/lib/python3.10/site-packages/uwb-0.0.0-py3.10.egg-info' (and everything under it)
[2.066s] Copying ../../build/uwb/uwb.egg-info to /home/Judy/safmc_uwb/ros/install/uwb/lib/python3.10/site-packages/uwb-0.0.0-py3.10.egg-info
[2.069s] running install_scripts
[2.097s] Installing uwb script to /home/Judy/safmc_uwb/ros/install/uwb/lib/uwb
[2.098s] writing list of installed files to '/home/Judy/safmc_uwb/ros/build/uwb/install.log'
[2.136s] Invoked command in '/home/Judy/safmc_uwb/ros/src/uwb' returned '0': PYTHONPATH=/home/Judy/safmc_uwb/ros/build/uwb/prefix_override:/usr/lib/python3/dist-packages/colcon_core/task/python/colcon_distutils_commands:/home/Judy/safmc_uwb/ros/install/uwb/lib/python3.10/site-packages:${PYTHONPATH} /usr/bin/python3 -W ignore:setup.py install is deprecated -W ignore:easy_install command is deprecated setup.py egg_info --egg-base ../../build/uwb build --build-base /home/Judy/safmc_uwb/ros/build/uwb/build install --record /home/Judy/safmc_uwb/ros/build/uwb/install.log --single-version-externally-managed install_data
