[0.343s] Invoking command in '/workspace/safmc_uwb/ros/src/uwb': PYTHONPATH=/workspace/safmc_uwb/ros/build/uwb/prefix_override:/usr/lib/python3/dist-packages/colcon_core/task/python/colcon_distutils_commands:/workspace/safmc_uwb/ros/install/uwb/lib/python3.10/site-packages:${PYTHONPATH} /usr/bin/python3 -W ignore:setup.py install is deprecated -W ignore:easy_install command is deprecated setup.py egg_info --egg-base ../../build/uwb build --build-base /workspace/safmc_uwb/ros/build/uwb/build install --record /workspace/safmc_uwb/ros/build/uwb/install.log --single-version-externally-managed install_data
[0.468s] running egg_info
[0.469s] writing ../../build/uwb/uwb.egg-info/PKG-INFO
[0.469s] writing dependency_links to ../../build/uwb/uwb.egg-info/dependency_links.txt
[0.469s] writing entry points to ../../build/uwb/uwb.egg-info/entry_points.txt
[0.469s] writing requirements to ../../build/uwb/uwb.egg-info/requires.txt
[0.469s] writing top-level names to ../../build/uwb/uwb.egg-info/top_level.txt
[0.470s] reading manifest file '../../build/uwb/uwb.egg-info/SOURCES.txt'
[0.471s] writing manifest file '../../build/uwb/uwb.egg-info/SOURCES.txt'
[0.471s] running build
[0.471s] running build_py
[0.471s] copying uwb/uwb.py -> /workspace/safmc_uwb/ros/build/uwb/build/lib/uwb
[0.471s] copying uwb/uwb_5v8.py -> /workspace/safmc_uwb/ros/build/uwb/build/lib/uwb
[0.471s] running install
[0.471s] running install_lib
[0.472s] copying /workspace/safmc_uwb/ros/build/uwb/build/lib/uwb/uwb.py -> /workspace/safmc_uwb/ros/install/uwb/lib/python3.10/site-packages/uwb
[0.472s] copying /workspace/safmc_uwb/ros/build/uwb/build/lib/uwb/uwb_5v8.py -> /workspace/safmc_uwb/ros/install/uwb/lib/python3.10/site-packages/uwb
[0.473s] byte-compiling /workspace/safmc_uwb/ros/install/uwb/lib/python3.10/site-packages/uwb/uwb.py to uwb.cpython-310.pyc
[0.475s] byte-compiling /workspace/safmc_uwb/ros/install/uwb/lib/python3.10/site-packages/uwb/uwb_5v8.py to uwb_5v8.cpython-310.pyc
[0.478s] running install_data
[0.478s] running install_egg_info
[0.479s] removing '/workspace/safmc_uwb/ros/install/uwb/lib/python3.10/site-packages/uwb-0.0.0-py3.10.egg-info' (and everything under it)
[0.479s] Copying ../../build/uwb/uwb.egg-info to /workspace/safmc_uwb/ros/install/uwb/lib/python3.10/site-packages/uwb-0.0.0-py3.10.egg-info
[0.479s] running install_scripts
[0.491s] Installing uwb script to /workspace/safmc_uwb/ros/install/uwb/lib/uwb
[0.491s] writing list of installed files to '/workspace/safmc_uwb/ros/build/uwb/install.log'
[0.506s] Invoked command in '/workspace/safmc_uwb/ros/src/uwb' returned '0': PYTHONPATH=/workspace/safmc_uwb/ros/build/uwb/prefix_override:/usr/lib/python3/dist-packages/colcon_core/task/python/colcon_distutils_commands:/workspace/safmc_uwb/ros/install/uwb/lib/python3.10/site-packages:${PYTHONPATH} /usr/bin/python3 -W ignore:setup.py install is deprecated -W ignore:easy_install command is deprecated setup.py egg_info --egg-base ../../build/uwb build --build-base /workspace/safmc_uwb/ros/build/uwb/build install --record /workspace/safmc_uwb/ros/build/uwb/install.log --single-version-externally-managed install_data
