[0.360s] Invoking command in '/workspace/tmp/safmc_uwb/ros/src/uwb': PYTHONPATH=/workspace/tmp/safmc_uwb/ros/build/uwb/prefix_override:/usr/lib/python3/dist-packages/colcon_core/task/python/colcon_distutils_commands:/workspace/tmp/safmc_uwb/ros/install/uwb/lib/python3.10/site-packages:${PYTHONPATH} /usr/bin/python3 -W ignore:setup.py install is deprecated -W ignore:easy_install command is deprecated setup.py egg_info --egg-base ../../build/uwb build --build-base /workspace/tmp/safmc_uwb/ros/build/uwb/build install --record /workspace/tmp/safmc_uwb/ros/build/uwb/install.log --single-version-externally-managed install_data
[0.491s] running egg_info
[0.491s] creating ../../build/uwb/uwb.egg-info
[0.491s] writing ../../build/uwb/uwb.egg-info/PKG-INFO
[0.491s] writing dependency_links to ../../build/uwb/uwb.egg-info/dependency_links.txt
[0.491s] writing entry points to ../../build/uwb/uwb.egg-info/entry_points.txt
[0.492s] writing requirements to ../../build/uwb/uwb.egg-info/requires.txt
[0.492s] writing top-level names to ../../build/uwb/uwb.egg-info/top_level.txt
[0.492s] writing manifest file '../../build/uwb/uwb.egg-info/SOURCES.txt'
[0.493s] reading manifest file '../../build/uwb/uwb.egg-info/SOURCES.txt'
[0.493s] writing manifest file '../../build/uwb/uwb.egg-info/SOURCES.txt'
[0.493s] running build
[0.493s] running build_py
[0.494s] creating /workspace/tmp/safmc_uwb/ros/build/uwb/build
[0.494s] creating /workspace/tmp/safmc_uwb/ros/build/uwb/build/lib
[0.494s] creating /workspace/tmp/safmc_uwb/ros/build/uwb/build/lib/uwb
[0.494s] copying uwb/build_3D_coord_old.py -> /workspace/tmp/safmc_uwb/ros/build/uwb/build/lib/uwb
[0.494s] copying uwb/uwb_rewrite.py -> /workspace/tmp/safmc_uwb/ros/build/uwb/build/lib/uwb
[0.494s] copying uwb/uwb_8v8.py -> /workspace/tmp/safmc_uwb/ros/build/uwb/build/lib/uwb
[0.494s] copying uwb/build_3D_coord.py -> /workspace/tmp/safmc_uwb/ros/build/uwb/build/lib/uwb
[0.494s] copying uwb/AB_range.py -> /workspace/tmp/safmc_uwb/ros/build/uwb/build/lib/uwb
[0.494s] copying uwb/build_3D_coord_rewrite.py -> /workspace/tmp/safmc_uwb/ros/build/uwb/build/lib/uwb
[0.494s] copying uwb/uwb_rewrite_3.py -> /workspace/tmp/safmc_uwb/ros/build/uwb/build/lib/uwb
[0.494s] copying uwb/uwb.py -> /workspace/tmp/safmc_uwb/ros/build/uwb/build/lib/uwb
[0.494s] copying uwb/uwb_5v8.py -> /workspace/tmp/safmc_uwb/ros/build/uwb/build/lib/uwb
[0.494s] copying uwb/__init__.py -> /workspace/tmp/safmc_uwb/ros/build/uwb/build/lib/uwb
[0.494s] copying uwb/uwb_rewrite_2.py -> /workspace/tmp/safmc_uwb/ros/build/uwb/build/lib/uwb
[0.495s] running install
[0.495s] running install_lib
[0.495s] creating /workspace/tmp/safmc_uwb/ros/install/uwb/lib/python3.10/site-packages/uwb
[0.495s] copying /workspace/tmp/safmc_uwb/ros/build/uwb/build/lib/uwb/build_3D_coord_old.py -> /workspace/tmp/safmc_uwb/ros/install/uwb/lib/python3.10/site-packages/uwb
[0.495s] copying /workspace/tmp/safmc_uwb/ros/build/uwb/build/lib/uwb/uwb_rewrite.py -> /workspace/tmp/safmc_uwb/ros/install/uwb/lib/python3.10/site-packages/uwb
[0.495s] copying /workspace/tmp/safmc_uwb/ros/build/uwb/build/lib/uwb/uwb_8v8.py -> /workspace/tmp/safmc_uwb/ros/install/uwb/lib/python3.10/site-packages/uwb
[0.495s] copying /workspace/tmp/safmc_uwb/ros/build/uwb/build/lib/uwb/build_3D_coord.py -> /workspace/tmp/safmc_uwb/ros/install/uwb/lib/python3.10/site-packages/uwb
[0.495s] copying /workspace/tmp/safmc_uwb/ros/build/uwb/build/lib/uwb/AB_range.py -> /workspace/tmp/safmc_uwb/ros/install/uwb/lib/python3.10/site-packages/uwb
[0.495s] copying /workspace/tmp/safmc_uwb/ros/build/uwb/build/lib/uwb/build_3D_coord_rewrite.py -> /workspace/tmp/safmc_uwb/ros/install/uwb/lib/python3.10/site-packages/uwb
[0.495s] copying /workspace/tmp/safmc_uwb/ros/build/uwb/build/lib/uwb/uwb_rewrite_3.py -> /workspace/tmp/safmc_uwb/ros/install/uwb/lib/python3.10/site-packages/uwb
[0.495s] copying /workspace/tmp/safmc_uwb/ros/build/uwb/build/lib/uwb/uwb.py -> /workspace/tmp/safmc_uwb/ros/install/uwb/lib/python3.10/site-packages/uwb
[0.495s] copying /workspace/tmp/safmc_uwb/ros/build/uwb/build/lib/uwb/uwb_5v8.py -> /workspace/tmp/safmc_uwb/ros/install/uwb/lib/python3.10/site-packages/uwb
[0.496s] copying /workspace/tmp/safmc_uwb/ros/build/uwb/build/lib/uwb/__init__.py -> /workspace/tmp/safmc_uwb/ros/install/uwb/lib/python3.10/site-packages/uwb
[0.496s] copying /workspace/tmp/safmc_uwb/ros/build/uwb/build/lib/uwb/uwb_rewrite_2.py -> /workspace/tmp/safmc_uwb/ros/install/uwb/lib/python3.10/site-packages/uwb
[0.496s] byte-compiling /workspace/tmp/safmc_uwb/ros/install/uwb/lib/python3.10/site-packages/uwb/build_3D_coord_old.py to build_3D_coord_old.cpython-310.pyc
[0.496s] byte-compiling /workspace/tmp/safmc_uwb/ros/install/uwb/lib/python3.10/site-packages/uwb/uwb_rewrite.py to uwb_rewrite.cpython-310.pyc
[0.498s] byte-compiling /workspace/tmp/safmc_uwb/ros/install/uwb/lib/python3.10/site-packages/uwb/uwb_8v8.py to uwb_8v8.cpython-310.pyc
[0.500s] byte-compiling /workspace/tmp/safmc_uwb/ros/install/uwb/lib/python3.10/site-packages/uwb/build_3D_coord.py to build_3D_coord.cpython-310.pyc
[0.501s] byte-compiling /workspace/tmp/safmc_uwb/ros/install/uwb/lib/python3.10/site-packages/uwb/AB_range.py to AB_range.cpython-310.pyc
[0.502s] byte-compiling /workspace/tmp/safmc_uwb/ros/install/uwb/lib/python3.10/site-packages/uwb/build_3D_coord_rewrite.py to build_3D_coord_rewrite.cpython-310.pyc
[0.502s] byte-compiling /workspace/tmp/safmc_uwb/ros/install/uwb/lib/python3.10/site-packages/uwb/uwb_rewrite_3.py to uwb_rewrite_3.cpython-310.pyc
[0.505s] byte-compiling /workspace/tmp/safmc_uwb/ros/install/uwb/lib/python3.10/site-packages/uwb/uwb.py to uwb.cpython-310.pyc
[0.507s] byte-compiling /workspace/tmp/safmc_uwb/ros/install/uwb/lib/python3.10/site-packages/uwb/uwb_5v8.py to uwb_5v8.cpython-310.pyc
[0.509s] byte-compiling /workspace/tmp/safmc_uwb/ros/install/uwb/lib/python3.10/site-packages/uwb/__init__.py to __init__.cpython-310.pyc
[0.509s] byte-compiling /workspace/tmp/safmc_uwb/ros/install/uwb/lib/python3.10/site-packages/uwb/uwb_rewrite_2.py to uwb_rewrite_2.cpython-310.pyc
[0.510s] running install_data
[0.511s] creating /workspace/tmp/safmc_uwb/ros/install/uwb/share/ament_index
[0.511s] creating /workspace/tmp/safmc_uwb/ros/install/uwb/share/ament_index/resource_index
[0.511s] creating /workspace/tmp/safmc_uwb/ros/install/uwb/share/ament_index/resource_index/packages
[0.511s] copying resource/uwb -> /workspace/tmp/safmc_uwb/ros/install/uwb/share/ament_index/resource_index/packages
[0.511s] copying package.xml -> /workspace/tmp/safmc_uwb/ros/install/uwb/share/uwb
[0.511s] running install_egg_info
[0.512s] Copying ../../build/uwb/uwb.egg-info to /workspace/tmp/safmc_uwb/ros/install/uwb/lib/python3.10/site-packages/uwb-0.0.0-py3.10.egg-info
[0.512s] running install_scripts
[0.527s] Installing uwb script to /workspace/tmp/safmc_uwb/ros/install/uwb/lib/uwb
[0.527s] writing list of installed files to '/workspace/tmp/safmc_uwb/ros/build/uwb/install.log'
[0.542s] Invoked command in '/workspace/tmp/safmc_uwb/ros/src/uwb' returned '0': PYTHONPATH=/workspace/tmp/safmc_uwb/ros/build/uwb/prefix_override:/usr/lib/python3/dist-packages/colcon_core/task/python/colcon_distutils_commands:/workspace/tmp/safmc_uwb/ros/install/uwb/lib/python3.10/site-packages:${PYTHONPATH} /usr/bin/python3 -W ignore:setup.py install is deprecated -W ignore:easy_install command is deprecated setup.py egg_info --egg-base ../../build/uwb build --build-base /workspace/tmp/safmc_uwb/ros/build/uwb/build install --record /workspace/tmp/safmc_uwb/ros/build/uwb/install.log --single-version-externally-managed install_data
