-- Found ament_cmake: 1.3.11 (/opt/ros/humble/share/ament_cmake/cmake)
-- Found rosidl_default_generators: 1.2.0 (/opt/ros/humble/share/rosidl_default_generators/cmake)
-- Using all available rosidl_typesupport_c: rosidl_typesupport_fastrtps_c;rosidl_typesupport_introspection_c
-- Found rosidl_adapter: 3.1.6 (/opt/ros/humble/share/rosidl_adapter/cmake)
-- Using all available rosidl_typesupport_cpp: rosidl_typesupport_fastrtps_cpp;rosidl_typesupport_introspection_cpp
-- Found geometry_msgs: 4.2.4 (/opt/ros/humble/share/geometry_msgs/cmake)
-- Found ament_cmake_ros: 0.10.0 (/opt/ros/humble/share/ament_cmake_ros/cmake)
-- Using all available rosidl_typesupport_c: rosidl_typesupport_fastrtps_c;rosidl_typesupport_introspection_c
-- Using all available rosidl_typesupport_cpp: rosidl_typesupport_fastrtps_cpp;rosidl_typesupport_introspection_cpp
-- Found python_cmake_module: 0.10.0 (/opt/ros/humble/share/python_cmake_module/cmake)
-- Using PYTHON_EXECUTABLE: /usr/bin/python3
-- Using PYTHON_INCLUDE_DIRS: /usr/include/python3.10
-- Using PYTHON_LIBRARIES: /usr/lib/x86_64-linux-gnu/libpython3.10.so
-- Found ament_lint_auto: 0.12.11 (/opt/ros/humble/share/ament_lint_auto/cmake)
-- Added test 'lint_cmake' to check CMake code style
-- Added test 'xmllint' to check XML markup files
-- Configuring done
-- Generating done
-- Build files have been written to: /home/Judy/safmc_uwb/ros/build/msg_folder
[35m[1mConsolidate compiler generated dependencies of target msg_folder__rosidl_generator_c[0m
[  0%] Built target ament_cmake_python_copy_msg_folder
[  2%] Built target msg_folder__cpp
[  5%] [32mBuilding C object CMakeFiles/msg_folder__rosidl_generator_c.dir/rosidl_generator_c/msg_folder/msg/detail/range__functions.c.o[0m
[  7%] [32mBuilding C object CMakeFiles/msg_folder__rosidl_generator_c.dir/rosidl_generator_c/msg_folder/msg/detail/pose__functions.c.o[0m
[ 10%] [32m[1mLinking C shared library libmsg_folder__rosidl_generator_c.so[0m
[ 12%] Built target msg_folder__rosidl_generator_c
[ 15%] [34m[1mGenerating C type support for eProsima Fast-RTPS[0m
[ 17%] [34m[1mGenerating C type support dispatch for ROS interfaces[0m
[ 20%] [34m[1mGenerating C introspection for ROS interfaces[0m
[35m[1mConsolidate compiler generated dependencies of target msg_folder__rosidl_typesupport_cpp[0m
[35m[1mConsolidate compiler generated dependencies of target msg_folder__rosidl_typesupport_fastrtps_cpp[0m
[35m[1mConsolidate compiler generated dependencies of target msg_folder__rosidl_typesupport_introspection_cpp[0m
[ 25%] [32mBuilding CXX object CMakeFiles/msg_folder__rosidl_typesupport_fastrtps_cpp.dir/rosidl_typesupport_fastrtps_cpp/msg_folder/msg/detail/dds_fastrtps/range__type_support.cpp.o[0m
[ 25%] [32mBuilding CXX object CMakeFiles/msg_folder__rosidl_typesupport_fastrtps_cpp.dir/rosidl_typesupport_fastrtps_cpp/msg_folder/msg/detail/dds_fastrtps/pose__type_support.cpp.o[0m
[ 28%] [32mBuilding CXX object CMakeFiles/msg_folder__rosidl_typesupport_cpp.dir/rosidl_typesupport_cpp/msg_folder/msg/range__type_support.cpp.o[0m
[ 30%] [32mBuilding CXX object CMakeFiles/msg_folder__rosidl_typesupport_introspection_cpp.dir/rosidl_typesupport_introspection_cpp/msg_folder/msg/detail/pose__type_support.cpp.o[0m
[ 33%] [32mBuilding CXX object CMakeFiles/msg_folder__rosidl_typesupport_cpp.dir/rosidl_typesupport_cpp/msg_folder/msg/pose__type_support.cpp.o[0m
[ 35%] [32mBuilding CXX object CMakeFiles/msg_folder__rosidl_typesupport_introspection_cpp.dir/rosidl_typesupport_introspection_cpp/msg_folder/msg/detail/range__type_support.cpp.o[0m
running egg_info
writing msg_folder.egg-info/PKG-INFO
writing dependency_links to msg_folder.egg-info/dependency_links.txt
writing top-level names to msg_folder.egg-info/top_level.txt
reading manifest file 'msg_folder.egg-info/SOURCES.txt'
writing manifest file 'msg_folder.egg-info/SOURCES.txt'
[ 35%] Built target ament_cmake_python_build_msg_folder_egg
[ 38%] [32mBuilding CXX object CMakeFiles/msg_folder__rosidl_typesupport_fastrtps_c.dir/rosidl_typesupport_fastrtps_c/msg_folder/msg/detail/pose__type_support_c.cpp.o[0m
[ 41%] [32mBuilding CXX object CMakeFiles/msg_folder__rosidl_typesupport_fastrtps_c.dir/rosidl_typesupport_fastrtps_c/msg_folder/msg/detail/range__type_support_c.cpp.o[0m
[ 43%] [32mBuilding CXX object CMakeFiles/msg_folder__rosidl_typesupport_c.dir/rosidl_typesupport_c/msg_folder/msg/pose__type_support.cpp.o[0m
[ 46%] [32mBuilding CXX object CMakeFiles/msg_folder__rosidl_typesupport_c.dir/rosidl_typesupport_c/msg_folder/msg/range__type_support.cpp.o[0m
[ 48%] [32mBuilding C object CMakeFiles/msg_folder__rosidl_typesupport_introspection_c.dir/rosidl_typesupport_introspection_c/msg_folder/msg/detail/range__type_support.c.o[0m
[ 51%] [32mBuilding C object CMakeFiles/msg_folder__rosidl_typesupport_introspection_c.dir/rosidl_typesupport_introspection_c/msg_folder/msg/detail/pose__type_support.c.o[0m
[ 53%] [32m[1mLinking CXX shared library libmsg_folder__rosidl_typesupport_cpp.so[0m
[ 56%] [32m[1mLinking CXX shared library libmsg_folder__rosidl_typesupport_c.so[0m
[ 58%] [32m[1mLinking C shared library libmsg_folder__rosidl_typesupport_introspection_c.so[0m
[ 61%] [32m[1mLinking CXX shared library libmsg_folder__rosidl_typesupport_fastrtps_cpp.so[0m
[ 64%] [32m[1mLinking CXX shared library libmsg_folder__rosidl_typesupport_introspection_cpp.so[0m
[ 66%] Built target msg_folder__rosidl_typesupport_cpp
[ 66%] Built target msg_folder__rosidl_typesupport_introspection_c
[ 66%] Built target msg_folder__rosidl_typesupport_c
[ 69%] Built target msg_folder__rosidl_typesupport_fastrtps_cpp
[ 71%] [32m[1mLinking CXX shared library libmsg_folder__rosidl_typesupport_fastrtps_c.so[0m
[ 74%] Built target msg_folder__rosidl_typesupport_introspection_cpp
[ 74%] Built target msg_folder__rosidl_typesupport_fastrtps_c
[ 74%] Built target msg_folder
[ 76%] [34m[1mGenerating Python code for ROS interfaces[0m
[ 76%] Built target msg_folder__py
[ 82%] [32mBuilding C object CMakeFiles/msg_folder__rosidl_generator_py.dir/rosidl_generator_py/msg_folder/msg/_pose_s.c.o[0m
[ 82%] [32mBuilding C object CMakeFiles/msg_folder__rosidl_generator_py.dir/rosidl_generator_py/msg_folder/msg/_range_s.c.o[0m
[ 84%] [32m[1mLinking C shared library rosidl_generator_py/msg_folder/libmsg_folder__rosidl_generator_py.so[0m
[ 84%] Built target msg_folder__rosidl_generator_py
[35m[1mConsolidate compiler generated dependencies of target msg_folder__rosidl_typesupport_c__pyext[0m
[35m[1mConsolidate compiler generated dependencies of target msg_folder__rosidl_typesupport_fastrtps_c__pyext[0m
[35m[1mConsolidate compiler generated dependencies of target msg_folder__rosidl_typesupport_introspection_c__pyext[0m
[ 92%] [32mBuilding C object CMakeFiles/msg_folder__rosidl_typesupport_introspection_c__pyext.dir/rosidl_generator_py/msg_folder/_msg_folder_s.ep.rosidl_typesupport_introspection_c.c.o[0m
[ 92%] [32mBuilding C object CMakeFiles/msg_folder__rosidl_typesupport_c__pyext.dir/rosidl_generator_py/msg_folder/_msg_folder_s.ep.rosidl_typesupport_c.c.o[0m
[ 92%] [32mBuilding C object CMakeFiles/msg_folder__rosidl_typesupport_fastrtps_c__pyext.dir/rosidl_generator_py/msg_folder/_msg_folder_s.ep.rosidl_typesupport_fastrtps_c.c.o[0m
[ 94%] [32m[1mLinking C shared library rosidl_generator_py/msg_folder/msg_folder_s__rosidl_typesupport_introspection_c.cpython-310-x86_64-linux-gnu.so[0m
[ 97%] [32m[1mLinking C shared library rosidl_generator_py/msg_folder/msg_folder_s__rosidl_typesupport_c.cpython-310-x86_64-linux-gnu.so[0m
[100%] [32m[1mLinking C shared library rosidl_generator_py/msg_folder/msg_folder_s__rosidl_typesupport_fastrtps_c.cpython-310-x86_64-linux-gnu.so[0m
[100%] Built target msg_folder__rosidl_typesupport_c__pyext
[100%] Built target msg_folder__rosidl_typesupport_introspection_c__pyext
[100%] Built target msg_folder__rosidl_typesupport_fastrtps_c__pyext
-- Install configuration: ""
-- Installing: /home/Judy/safmc_uwb/ros/install/msg_folder/share/ament_index/resource_index/rosidl_interfaces/msg_folder
-- Up-to-date: /home/Judy/safmc_uwb/ros/install/msg_folder/include/msg_folder/msg_folder
-- Up-to-date: /home/Judy/safmc_uwb/ros/install/msg_folder/include/msg_folder/msg_folder/msg
-- Up-to-date: /home/Judy/safmc_uwb/ros/install/msg_folder/include/msg_folder/msg_folder/msg/detail
-- Installing: /home/Judy/safmc_uwb/ros/install/msg_folder/include/msg_folder/msg_folder/msg/detail/range__type_support.h
-- Installing: /home/Judy/safmc_uwb/ros/install/msg_folder/include/msg_folder/msg_folder/msg/detail/pose__functions.h
-- Up-to-date: /home/Judy/safmc_uwb/ros/install/msg_folder/include/msg_folder/msg_folder/msg/detail/uwb_msg__struct.h
-- Installing: /home/Judy/safmc_uwb/ros/install/msg_folder/include/msg_folder/msg_folder/msg/detail/pose__functions.c
-- Installing: /home/Judy/safmc_uwb/ros/install/msg_folder/include/msg_folder/msg_folder/msg/detail/pose__type_support.h
-- Installing: /home/Judy/safmc_uwb/ros/install/msg_folder/include/msg_folder/msg_folder/msg/detail/range__functions.c
-- Installing: /home/Judy/safmc_uwb/ros/install/msg_folder/include/msg_folder/msg_folder/msg/detail/range__functions.h
-- Up-to-date: /home/Judy/safmc_uwb/ros/install/msg_folder/include/msg_folder/msg_folder/msg/detail/uwb_msg__functions.c
-- Up-to-date: /home/Judy/safmc_uwb/ros/install/msg_folder/include/msg_folder/msg_folder/msg/detail/uwb_msg__functions.h
-- Installing: /home/Judy/safmc_uwb/ros/install/msg_folder/include/msg_folder/msg_folder/msg/detail/range__struct.h
-- Installing: /home/Judy/safmc_uwb/ros/install/msg_folder/include/msg_folder/msg_folder/msg/detail/pose__struct.h
-- Up-to-date: /home/Judy/safmc_uwb/ros/install/msg_folder/include/msg_folder/msg_folder/msg/detail/uwb_msg__type_support.h
-- Up-to-date: /home/Judy/safmc_uwb/ros/install/msg_folder/include/msg_folder/msg_folder/msg/uwb_msg.h
-- Installing: /home/Judy/safmc_uwb/ros/install/msg_folder/include/msg_folder/msg_folder/msg/range.h
-- Installing: /home/Judy/safmc_uwb/ros/install/msg_folder/include/msg_folder/msg_folder/msg/pose.h
-- Up-to-date: /home/Judy/safmc_uwb/ros/install/msg_folder/include/msg_folder/msg_folder/msg/rosidl_generator_c__visibility_control.h
-- Up-to-date: /home/Judy/safmc_uwb/ros/install/msg_folder/share/msg_folder/environment/library_path.sh
-- Installing: /home/Judy/safmc_uwb/ros/install/msg_folder/share/msg_folder/environment/library_path.dsv
-- Installing: /home/Judy/safmc_uwb/ros/install/msg_folder/lib/libmsg_folder__rosidl_generator_c.so
-- Set runtime path of "/home/Judy/safmc_uwb/ros/install/msg_folder/lib/libmsg_folder__rosidl_generator_c.so" to ""
-- Up-to-date: /home/Judy/safmc_uwb/ros/install/msg_folder/include/msg_folder/msg_folder
-- Up-to-date: /home/Judy/safmc_uwb/ros/install/msg_folder/include/msg_folder/msg_folder/msg
-- Up-to-date: /home/Judy/safmc_uwb/ros/install/msg_folder/include/msg_folder/msg_folder/msg/rosidl_typesupport_fastrtps_c__visibility_control.h
-- Up-to-date: /home/Judy/safmc_uwb/ros/install/msg_folder/include/msg_folder/msg_folder/msg/detail
-- Installing: /home/Judy/safmc_uwb/ros/install/msg_folder/include/msg_folder/msg_folder/msg/detail/pose__rosidl_typesupport_fastrtps_c.h
-- Up-to-date: /home/Judy/safmc_uwb/ros/install/msg_folder/include/msg_folder/msg_folder/msg/detail/uwb_msg__rosidl_typesupport_fastrtps_c.h
-- Installing: /home/Judy/safmc_uwb/ros/install/msg_folder/include/msg_folder/msg_folder/msg/detail/range__rosidl_typesupport_fastrtps_c.h
-- Installing: /home/Judy/safmc_uwb/ros/install/msg_folder/lib/libmsg_folder__rosidl_typesupport_fastrtps_c.so
-- Set runtime path of "/home/Judy/safmc_uwb/ros/install/msg_folder/lib/libmsg_folder__rosidl_typesupport_fastrtps_c.so" to ""
-- Up-to-date: /home/Judy/safmc_uwb/ros/install/msg_folder/include/msg_folder/msg_folder
-- Up-to-date: /home/Judy/safmc_uwb/ros/install/msg_folder/include/msg_folder/msg_folder/msg
-- Up-to-date: /home/Judy/safmc_uwb/ros/install/msg_folder/include/msg_folder/msg_folder/msg/detail
-- Up-to-date: /home/Judy/safmc_uwb/ros/install/msg_folder/include/msg_folder/msg_folder/msg/detail/uwb_msg__type_support.c
-- Installing: /home/Judy/safmc_uwb/ros/install/msg_folder/include/msg_folder/msg_folder/msg/detail/pose__rosidl_typesupport_introspection_c.h
-- Installing: /home/Judy/safmc_uwb/ros/install/msg_folder/include/msg_folder/msg_folder/msg/detail/pose__type_support.c
-- Up-to-date: /home/Judy/safmc_uwb/ros/install/msg_folder/include/msg_folder/msg_folder/msg/detail/uwb_msg__rosidl_typesupport_introspection_c.h
-- Installing: /home/Judy/safmc_uwb/ros/install/msg_folder/include/msg_folder/msg_folder/msg/detail/range__type_support.c
-- Installing: /home/Judy/safmc_uwb/ros/install/msg_folder/include/msg_folder/msg_folder/msg/detail/range__rosidl_typesupport_introspection_c.h
-- Up-to-date: /home/Judy/safmc_uwb/ros/install/msg_folder/include/msg_folder/msg_folder/msg/rosidl_typesupport_introspection_c__visibility_control.h
-- Installing: /home/Judy/safmc_uwb/ros/install/msg_folder/lib/libmsg_folder__rosidl_typesupport_introspection_c.so
-- Set runtime path of "/home/Judy/safmc_uwb/ros/install/msg_folder/lib/libmsg_folder__rosidl_typesupport_introspection_c.so" to ""
-- Installing: /home/Judy/safmc_uwb/ros/install/msg_folder/lib/libmsg_folder__rosidl_typesupport_c.so
-- Set runtime path of "/home/Judy/safmc_uwb/ros/install/msg_folder/lib/libmsg_folder__rosidl_typesupport_c.so" to ""
-- Up-to-date: /home/Judy/safmc_uwb/ros/install/msg_folder/include/msg_folder/msg_folder
-- Up-to-date: /home/Judy/safmc_uwb/ros/install/msg_folder/include/msg_folder/msg_folder/msg
-- Up-to-date: /home/Judy/safmc_uwb/ros/install/msg_folder/include/msg_folder/msg_folder/msg/detail
-- Up-to-date: /home/Judy/safmc_uwb/ros/install/msg_folder/include/msg_folder/msg_folder/msg/detail/uwb_msg__builder.hpp
-- Up-to-date: /home/Judy/safmc_uwb/ros/install/msg_folder/include/msg_folder/msg_folder/msg/detail/uwb_msg__traits.hpp
-- Up-to-date: /home/Judy/safmc_uwb/ros/install/msg_folder/include/msg_folder/msg_folder/msg/detail/uwb_msg__struct.hpp
-- Installing: /home/Judy/safmc_uwb/ros/install/msg_folder/include/msg_folder/msg_folder/msg/detail/pose__type_support.hpp
-- Installing: /home/Judy/safmc_uwb/ros/install/msg_folder/include/msg_folder/msg_folder/msg/detail/pose__builder.hpp
-- Installing: /home/Judy/safmc_uwb/ros/install/msg_folder/include/msg_folder/msg_folder/msg/detail/range__struct.hpp
-- Installing: /home/Judy/safmc_uwb/ros/install/msg_folder/include/msg_folder/msg_folder/msg/detail/range__traits.hpp
-- Up-to-date: /home/Judy/safmc_uwb/ros/install/msg_folder/include/msg_folder/msg_folder/msg/detail/uwb_msg__type_support.hpp
-- Installing: /home/Judy/safmc_uwb/ros/install/msg_folder/include/msg_folder/msg_folder/msg/detail/pose__traits.hpp
-- Installing: /home/Judy/safmc_uwb/ros/install/msg_folder/include/msg_folder/msg_folder/msg/detail/range__type_support.hpp
-- Installing: /home/Judy/safmc_uwb/ros/install/msg_folder/include/msg_folder/msg_folder/msg/detail/range__builder.hpp
-- Installing: /home/Judy/safmc_uwb/ros/install/msg_folder/include/msg_folder/msg_folder/msg/detail/pose__struct.hpp
-- Installing: /home/Judy/safmc_uwb/ros/install/msg_folder/include/msg_folder/msg_folder/msg/range.hpp
-- Installing: /home/Judy/safmc_uwb/ros/install/msg_folder/include/msg_folder/msg_folder/msg/pose.hpp
-- Up-to-date: /home/Judy/safmc_uwb/ros/install/msg_folder/include/msg_folder/msg_folder/msg/rosidl_generator_cpp__visibility_control.hpp
-- Up-to-date: /home/Judy/safmc_uwb/ros/install/msg_folder/include/msg_folder/msg_folder/msg/uwb_msg.hpp
-- Up-to-date: /home/Judy/safmc_uwb/ros/install/msg_folder/include/msg_folder/msg_folder
-- Up-to-date: /home/Judy/safmc_uwb/ros/install/msg_folder/include/msg_folder/msg_folder/msg
-- Up-to-date: /home/Judy/safmc_uwb/ros/install/msg_folder/include/msg_folder/msg_folder/msg/rosidl_typesupport_fastrtps_cpp__visibility_control.h
-- Up-to-date: /home/Judy/safmc_uwb/ros/install/msg_folder/include/msg_folder/msg_folder/msg/detail
-- Up-to-date: /home/Judy/safmc_uwb/ros/install/msg_folder/include/msg_folder/msg_folder/msg/detail/uwb_msg__rosidl_typesupport_fastrtps_cpp.hpp
-- Installing: /home/Judy/safmc_uwb/ros/install/msg_folder/include/msg_folder/msg_folder/msg/detail/range__rosidl_typesupport_fastrtps_cpp.hpp
-- Installing: /home/Judy/safmc_uwb/ros/install/msg_folder/include/msg_folder/msg_folder/msg/detail/pose__rosidl_typesupport_fastrtps_cpp.hpp
-- Up-to-date: /home/Judy/safmc_uwb/ros/install/msg_folder/include/msg_folder/msg_folder/msg/detail/dds_fastrtps
-- Installing: /home/Judy/safmc_uwb/ros/install/msg_folder/lib/libmsg_folder__rosidl_typesupport_fastrtps_cpp.so
-- Set runtime path of "/home/Judy/safmc_uwb/ros/install/msg_folder/lib/libmsg_folder__rosidl_typesupport_fastrtps_cpp.so" to ""
-- Up-to-date: /home/Judy/safmc_uwb/ros/install/msg_folder/include/msg_folder/msg_folder
-- Up-to-date: /home/Judy/safmc_uwb/ros/install/msg_folder/include/msg_folder/msg_folder/msg
-- Up-to-date: /home/Judy/safmc_uwb/ros/install/msg_folder/include/msg_folder/msg_folder/msg/detail
-- Installing: /home/Judy/safmc_uwb/ros/install/msg_folder/include/msg_folder/msg_folder/msg/detail/range__rosidl_typesupport_introspection_cpp.hpp
-- Installing: /home/Judy/safmc_uwb/ros/install/msg_folder/include/msg_folder/msg_folder/msg/detail/pose__type_support.cpp
-- Installing: /home/Judy/safmc_uwb/ros/install/msg_folder/include/msg_folder/msg_folder/msg/detail/range__type_support.cpp
-- Up-to-date: /home/Judy/safmc_uwb/ros/install/msg_folder/include/msg_folder/msg_folder/msg/detail/uwb_msg__type_support.cpp
-- Installing: /home/Judy/safmc_uwb/ros/install/msg_folder/include/msg_folder/msg_folder/msg/detail/pose__rosidl_typesupport_introspection_cpp.hpp
-- Up-to-date: /home/Judy/safmc_uwb/ros/install/msg_folder/include/msg_folder/msg_folder/msg/detail/uwb_msg__rosidl_typesupport_introspection_cpp.hpp
-- Installing: /home/Judy/safmc_uwb/ros/install/msg_folder/lib/libmsg_folder__rosidl_typesupport_introspection_cpp.so
-- Set runtime path of "/home/Judy/safmc_uwb/ros/install/msg_folder/lib/libmsg_folder__rosidl_typesupport_introspection_cpp.so" to ""
-- Installing: /home/Judy/safmc_uwb/ros/install/msg_folder/lib/libmsg_folder__rosidl_typesupport_cpp.so
-- Set runtime path of "/home/Judy/safmc_uwb/ros/install/msg_folder/lib/libmsg_folder__rosidl_typesupport_cpp.so" to ""
-- Up-to-date: /home/Judy/safmc_uwb/ros/install/msg_folder/share/msg_folder/environment/pythonpath.sh
-- Installing: /home/Judy/safmc_uwb/ros/install/msg_folder/share/msg_folder/environment/pythonpath.dsv
-- Up-to-date: /home/Judy/safmc_uwb/ros/install/msg_folder/local/lib/python3.10/dist-packages/msg_folder-0.0.0-py3.10.egg-info
-- Installing: /home/Judy/safmc_uwb/ros/install/msg_folder/local/lib/python3.10/dist-packages/msg_folder-0.0.0-py3.10.egg-info/top_level.txt
-- Installing: /home/Judy/safmc_uwb/ros/install/msg_folder/local/lib/python3.10/dist-packages/msg_folder-0.0.0-py3.10.egg-info/SOURCES.txt
-- Installing: /home/Judy/safmc_uwb/ros/install/msg_folder/local/lib/python3.10/dist-packages/msg_folder-0.0.0-py3.10.egg-info/PKG-INFO
-- Installing: /home/Judy/safmc_uwb/ros/install/msg_folder/local/lib/python3.10/dist-packages/msg_folder-0.0.0-py3.10.egg-info/dependency_links.txt
-- Up-to-date: /home/Judy/safmc_uwb/ros/install/msg_folder/local/lib/python3.10/dist-packages/msg_folder
-- Installing: /home/Judy/safmc_uwb/ros/install/msg_folder/local/lib/python3.10/dist-packages/msg_folder/_msg_folder_s.ep.rosidl_typesupport_introspection_c.c
-- Up-to-date: /home/Judy/safmc_uwb/ros/install/msg_folder/local/lib/python3.10/dist-packages/msg_folder/msg
-- Up-to-date: /home/Judy/safmc_uwb/ros/install/msg_folder/local/lib/python3.10/dist-packages/msg_folder/msg/_uwb_msg.py
-- Installing: /home/Judy/safmc_uwb/ros/install/msg_folder/local/lib/python3.10/dist-packages/msg_folder/msg/_range_s.c
-- Installing: /home/Judy/safmc_uwb/ros/install/msg_folder/local/lib/python3.10/dist-packages/msg_folder/msg/_range.py
-- Installing: /home/Judy/safmc_uwb/ros/install/msg_folder/local/lib/python3.10/dist-packages/msg_folder/msg/_pose_s.c
-- Up-to-date: /home/Judy/safmc_uwb/ros/install/msg_folder/local/lib/python3.10/dist-packages/msg_folder/msg/_uwb_msg_s.c
-- Installing: /home/Judy/safmc_uwb/ros/install/msg_folder/local/lib/python3.10/dist-packages/msg_folder/msg/_pose.py
-- Installing: /home/Judy/safmc_uwb/ros/install/msg_folder/local/lib/python3.10/dist-packages/msg_folder/msg/__init__.py
-- Installing: /home/Judy/safmc_uwb/ros/install/msg_folder/local/lib/python3.10/dist-packages/msg_folder/msg_folder_s__rosidl_typesupport_introspection_c.cpython-310-x86_64-linux-gnu.so
-- Installing: /home/Judy/safmc_uwb/ros/install/msg_folder/local/lib/python3.10/dist-packages/msg_folder/libmsg_folder__rosidl_generator_py.so
-- Installing: /home/Judy/safmc_uwb/ros/install/msg_folder/local/lib/python3.10/dist-packages/msg_folder/_msg_folder_s.ep.rosidl_typesupport_fastrtps_c.c
-- Installing: /home/Judy/safmc_uwb/ros/install/msg_folder/local/lib/python3.10/dist-packages/msg_folder/msg_folder_s__rosidl_typesupport_c.cpython-310-x86_64-linux-gnu.so
-- Installing: /home/Judy/safmc_uwb/ros/install/msg_folder/local/lib/python3.10/dist-packages/msg_folder/_msg_folder_s.ep.rosidl_typesupport_c.c
-- Installing: /home/Judy/safmc_uwb/ros/install/msg_folder/local/lib/python3.10/dist-packages/msg_folder/__init__.py
-- Installing: /home/Judy/safmc_uwb/ros/install/msg_folder/local/lib/python3.10/dist-packages/msg_folder/msg_folder_s__rosidl_typesupport_fastrtps_c.cpython-310-x86_64-linux-gnu.so
Listing '/home/Judy/safmc_uwb/ros/install/msg_folder/local/lib/python3.10/dist-packages/msg_folder'...
Compiling '/home/Judy/safmc_uwb/ros/install/msg_folder/local/lib/python3.10/dist-packages/msg_folder/__init__.py'...
Listing '/home/Judy/safmc_uwb/ros/install/msg_folder/local/lib/python3.10/dist-packages/msg_folder/msg'...
Compiling '/home/Judy/safmc_uwb/ros/install/msg_folder/local/lib/python3.10/dist-packages/msg_folder/msg/__init__.py'...
Compiling '/home/Judy/safmc_uwb/ros/install/msg_folder/local/lib/python3.10/dist-packages/msg_folder/msg/_pose.py'...
Compiling '/home/Judy/safmc_uwb/ros/install/msg_folder/local/lib/python3.10/dist-packages/msg_folder/msg/_range.py'...
-- Installing: /home/Judy/safmc_uwb/ros/install/msg_folder/local/lib/python3.10/dist-packages/msg_folder/msg_folder_s__rosidl_typesupport_fastrtps_c.cpython-310-x86_64-linux-gnu.so
-- Set runtime path of "/home/Judy/safmc_uwb/ros/install/msg_folder/local/lib/python3.10/dist-packages/msg_folder/msg_folder_s__rosidl_typesupport_fastrtps_c.cpython-310-x86_64-linux-gnu.so" to ""
-- Installing: /home/Judy/safmc_uwb/ros/install/msg_folder/local/lib/python3.10/dist-packages/msg_folder/msg_folder_s__rosidl_typesupport_introspection_c.cpython-310-x86_64-linux-gnu.so
-- Set runtime path of "/home/Judy/safmc_uwb/ros/install/msg_folder/local/lib/python3.10/dist-packages/msg_folder/msg_folder_s__rosidl_typesupport_introspection_c.cpython-310-x86_64-linux-gnu.so" to ""
-- Installing: /home/Judy/safmc_uwb/ros/install/msg_folder/local/lib/python3.10/dist-packages/msg_folder/msg_folder_s__rosidl_typesupport_c.cpython-310-x86_64-linux-gnu.so
-- Set runtime path of "/home/Judy/safmc_uwb/ros/install/msg_folder/local/lib/python3.10/dist-packages/msg_folder/msg_folder_s__rosidl_typesupport_c.cpython-310-x86_64-linux-gnu.so" to ""
-- Installing: /home/Judy/safmc_uwb/ros/install/msg_folder/lib/libmsg_folder__rosidl_generator_py.so
-- Set runtime path of "/home/Judy/safmc_uwb/ros/install/msg_folder/lib/libmsg_folder__rosidl_generator_py.so" to ""
-- Installing: /home/Judy/safmc_uwb/ros/install/msg_folder/share/msg_folder/msg/Range.idl
-- Installing: /home/Judy/safmc_uwb/ros/install/msg_folder/share/msg_folder/msg/Pose.idl
-- Installing: /home/Judy/safmc_uwb/ros/install/msg_folder/share/msg_folder/msg/Range.msg
-- Installing: /home/Judy/safmc_uwb/ros/install/msg_folder/share/msg_folder/msg/Pose.msg
-- Installing: /home/Judy/safmc_uwb/ros/install/msg_folder/share/ament_index/resource_index/package_run_dependencies/msg_folder
-- Installing: /home/Judy/safmc_uwb/ros/install/msg_folder/share/ament_index/resource_index/parent_prefix_path/msg_folder
-- Up-to-date: /home/Judy/safmc_uwb/ros/install/msg_folder/share/msg_folder/environment/ament_prefix_path.sh
-- Installing: /home/Judy/safmc_uwb/ros/install/msg_folder/share/msg_folder/environment/ament_prefix_path.dsv
-- Up-to-date: /home/Judy/safmc_uwb/ros/install/msg_folder/share/msg_folder/environment/path.sh
-- Installing: /home/Judy/safmc_uwb/ros/install/msg_folder/share/msg_folder/environment/path.dsv
-- Up-to-date: /home/Judy/safmc_uwb/ros/install/msg_folder/share/msg_folder/local_setup.bash
-- Up-to-date: /home/Judy/safmc_uwb/ros/install/msg_folder/share/msg_folder/local_setup.sh
-- Up-to-date: /home/Judy/safmc_uwb/ros/install/msg_folder/share/msg_folder/local_setup.zsh
-- Installing: /home/Judy/safmc_uwb/ros/install/msg_folder/share/msg_folder/local_setup.dsv
-- Installing: /home/Judy/safmc_uwb/ros/install/msg_folder/share/msg_folder/package.dsv
-- Up-to-date: /home/Judy/safmc_uwb/ros/install/msg_folder/share/ament_index/resource_index/packages/msg_folder
-- Old export file "/home/Judy/safmc_uwb/ros/install/msg_folder/share/msg_folder/cmake/export_msg_folder__rosidl_generator_cExport.cmake" will be replaced.  Removing files [/home/Judy/safmc_uwb/ros/install/msg_folder/share/msg_folder/cmake/export_msg_folder__rosidl_generator_cExport-noconfig.cmake].
-- Installing: /home/Judy/safmc_uwb/ros/install/msg_folder/share/msg_folder/cmake/export_msg_folder__rosidl_generator_cExport.cmake
-- Installing: /home/Judy/safmc_uwb/ros/install/msg_folder/share/msg_folder/cmake/export_msg_folder__rosidl_generator_cExport-noconfig.cmake
-- Old export file "/home/Judy/safmc_uwb/ros/install/msg_folder/share/msg_folder/cmake/export_msg_folder__rosidl_typesupport_fastrtps_cExport.cmake" will be replaced.  Removing files [/home/Judy/safmc_uwb/ros/install/msg_folder/share/msg_folder/cmake/export_msg_folder__rosidl_typesupport_fastrtps_cExport-noconfig.cmake].
-- Installing: /home/Judy/safmc_uwb/ros/install/msg_folder/share/msg_folder/cmake/export_msg_folder__rosidl_typesupport_fastrtps_cExport.cmake
-- Installing: /home/Judy/safmc_uwb/ros/install/msg_folder/share/msg_folder/cmake/export_msg_folder__rosidl_typesupport_fastrtps_cExport-noconfig.cmake
-- Old export file "/home/Judy/safmc_uwb/ros/install/msg_folder/share/msg_folder/cmake/msg_folder__rosidl_typesupport_introspection_cExport.cmake" will be replaced.  Removing files [/home/Judy/safmc_uwb/ros/install/msg_folder/share/msg_folder/cmake/msg_folder__rosidl_typesupport_introspection_cExport-noconfig.cmake].
-- Installing: /home/Judy/safmc_uwb/ros/install/msg_folder/share/msg_folder/cmake/msg_folder__rosidl_typesupport_introspection_cExport.cmake
-- Installing: /home/Judy/safmc_uwb/ros/install/msg_folder/share/msg_folder/cmake/msg_folder__rosidl_typesupport_introspection_cExport-noconfig.cmake
-- Old export file "/home/Judy/safmc_uwb/ros/install/msg_folder/share/msg_folder/cmake/msg_folder__rosidl_typesupport_cExport.cmake" will be replaced.  Removing files [/home/Judy/safmc_uwb/ros/install/msg_folder/share/msg_folder/cmake/msg_folder__rosidl_typesupport_cExport-noconfig.cmake].
-- Installing: /home/Judy/safmc_uwb/ros/install/msg_folder/share/msg_folder/cmake/msg_folder__rosidl_typesupport_cExport.cmake
-- Installing: /home/Judy/safmc_uwb/ros/install/msg_folder/share/msg_folder/cmake/msg_folder__rosidl_typesupport_cExport-noconfig.cmake
-- Installing: /home/Judy/safmc_uwb/ros/install/msg_folder/share/msg_folder/cmake/export_msg_folder__rosidl_generator_cppExport.cmake
-- Old export file "/home/Judy/safmc_uwb/ros/install/msg_folder/share/msg_folder/cmake/export_msg_folder__rosidl_typesupport_fastrtps_cppExport.cmake" will be replaced.  Removing files [/home/Judy/safmc_uwb/ros/install/msg_folder/share/msg_folder/cmake/export_msg_folder__rosidl_typesupport_fastrtps_cppExport-noconfig.cmake].
-- Installing: /home/Judy/safmc_uwb/ros/install/msg_folder/share/msg_folder/cmake/export_msg_folder__rosidl_typesupport_fastrtps_cppExport.cmake
-- Installing: /home/Judy/safmc_uwb/ros/install/msg_folder/share/msg_folder/cmake/export_msg_folder__rosidl_typesupport_fastrtps_cppExport-noconfig.cmake
-- Old export file "/home/Judy/safmc_uwb/ros/install/msg_folder/share/msg_folder/cmake/msg_folder__rosidl_typesupport_introspection_cppExport.cmake" will be replaced.  Removing files [/home/Judy/safmc_uwb/ros/install/msg_folder/share/msg_folder/cmake/msg_folder__rosidl_typesupport_introspection_cppExport-noconfig.cmake].
-- Installing: /home/Judy/safmc_uwb/ros/install/msg_folder/share/msg_folder/cmake/msg_folder__rosidl_typesupport_introspection_cppExport.cmake
-- Installing: /home/Judy/safmc_uwb/ros/install/msg_folder/share/msg_folder/cmake/msg_folder__rosidl_typesupport_introspection_cppExport-noconfig.cmake
-- Old export file "/home/Judy/safmc_uwb/ros/install/msg_folder/share/msg_folder/cmake/msg_folder__rosidl_typesupport_cppExport.cmake" will be replaced.  Removing files [/home/Judy/safmc_uwb/ros/install/msg_folder/share/msg_folder/cmake/msg_folder__rosidl_typesupport_cppExport-noconfig.cmake].
-- Installing: /home/Judy/safmc_uwb/ros/install/msg_folder/share/msg_folder/cmake/msg_folder__rosidl_typesupport_cppExport.cmake
-- Installing: /home/Judy/safmc_uwb/ros/install/msg_folder/share/msg_folder/cmake/msg_folder__rosidl_typesupport_cppExport-noconfig.cmake
-- Old export file "/home/Judy/safmc_uwb/ros/install/msg_folder/share/msg_folder/cmake/export_msg_folder__rosidl_generator_pyExport.cmake" will be replaced.  Removing files [/home/Judy/safmc_uwb/ros/install/msg_folder/share/msg_folder/cmake/export_msg_folder__rosidl_generator_pyExport-noconfig.cmake].
-- Installing: /home/Judy/safmc_uwb/ros/install/msg_folder/share/msg_folder/cmake/export_msg_folder__rosidl_generator_pyExport.cmake
-- Installing: /home/Judy/safmc_uwb/ros/install/msg_folder/share/msg_folder/cmake/export_msg_folder__rosidl_generator_pyExport-noconfig.cmake
-- Installing: /home/Judy/safmc_uwb/ros/install/msg_folder/share/msg_folder/cmake/rosidl_cmake-extras.cmake
-- Installing: /home/Judy/safmc_uwb/ros/install/msg_folder/share/msg_folder/cmake/ament_cmake_export_dependencies-extras.cmake
-- Up-to-date: /home/Judy/safmc_uwb/ros/install/msg_folder/share/msg_folder/cmake/ament_cmake_export_include_directories-extras.cmake
-- Up-to-date: /home/Judy/safmc_uwb/ros/install/msg_folder/share/msg_folder/cmake/ament_cmake_export_libraries-extras.cmake
-- Up-to-date: /home/Judy/safmc_uwb/ros/install/msg_folder/share/msg_folder/cmake/ament_cmake_export_targets-extras.cmake
-- Up-to-date: /home/Judy/safmc_uwb/ros/install/msg_folder/share/msg_folder/cmake/rosidl_cmake_export_typesupport_targets-extras.cmake
-- Up-to-date: /home/Judy/safmc_uwb/ros/install/msg_folder/share/msg_folder/cmake/rosidl_cmake_export_typesupport_libraries-extras.cmake
-- Installing: /home/Judy/safmc_uwb/ros/install/msg_folder/share/msg_folder/cmake/msg_folderConfig.cmake
-- Up-to-date: /home/Judy/safmc_uwb/ros/install/msg_folder/share/msg_folder/cmake/msg_folderConfig-version.cmake
-- Installing: /home/Judy/safmc_uwb/ros/install/msg_folder/share/msg_folder/package.xml
