[0.047s] Invoking command in '/home/Judy/safmc_uwb/ros/build/msg_folder': CMAKE_PREFIX_PATH=${CMAKE_PREFIX_PATH}:/opt/ros/humble:/home/Judy/safmc_uwb/ros_enfu/install/uwb /usr/bin/cmake --build /home/Judy/safmc_uwb/ros/build/msg_folder -- -j12 -l12
[0.058s] -- Found ament_cmake: 1.3.11 (/opt/ros/humble/share/ament_cmake/cmake)
[0.257s] -- Found rosidl_default_generators: 1.2.0 (/opt/ros/humble/share/rosidl_default_generators/cmake)
[0.259s] -- Using all available rosidl_typesupport_c: rosidl_typesupport_fastrtps_c;rosidl_typesupport_introspection_c
[0.262s] -- Found rosidl_adapter: 3.1.6 (/opt/ros/humble/share/rosidl_adapter/cmake)
[0.557s] -- Using all available rosidl_typesupport_cpp: rosidl_typesupport_fastrtps_cpp;rosidl_typesupport_introspection_cpp
[0.590s] -- Found geometry_msgs: 4.2.4 (/opt/ros/humble/share/geometry_msgs/cmake)
[1.002s] -- Found ament_cmake_ros: 0.10.0 (/opt/ros/humble/share/ament_cmake_ros/cmake)
[1.347s] -- Using all available rosidl_typesupport_c: rosidl_typesupport_fastrtps_c;rosidl_typesupport_introspection_c
[1.803s] -- Using all available rosidl_typesupport_cpp: rosidl_typesupport_fastrtps_cpp;rosidl_typesupport_introspection_cpp
[1.835s] -- Found python_cmake_module: 0.10.0 (/opt/ros/humble/share/python_cmake_module/cmake)
[1.869s] -- Using PYTHON_EXECUTABLE: /usr/bin/python3
[1.869s] -- Using PYTHON_INCLUDE_DIRS: /usr/include/python3.10
[1.869s] -- Using PYTHON_LIBRARIES: /usr/lib/x86_64-linux-gnu/libpython3.10.so
[1.925s] -- Found ament_lint_auto: 0.12.11 (/opt/ros/humble/share/ament_lint_auto/cmake)
[1.940s] -- Added test 'lint_cmake' to check CMake code style
[1.941s] -- Added test 'xmllint' to check XML markup files
[1.945s] -- Configuring done
[2.016s] -- Generating done
[2.040s] -- Build files have been written to: /home/Judy/safmc_uwb/ros/build/msg_folder
[2.089s] [35m[1mConsolidate compiler generated dependencies of target msg_folder__rosidl_generator_c[0m
[2.103s] [  0%] Built target ament_cmake_python_copy_msg_folder
[2.103s] [  2%] Built target msg_folder__cpp
[2.128s] [  5%] [32mBuilding C object CMakeFiles/msg_folder__rosidl_generator_c.dir/rosidl_generator_c/msg_folder/msg/detail/range__functions.c.o[0m
[2.129s] [  7%] [32mBuilding C object CMakeFiles/msg_folder__rosidl_generator_c.dir/rosidl_generator_c/msg_folder/msg/detail/pose__functions.c.o[0m
[2.182s] [ 10%] [32m[1mLinking C shared library libmsg_folder__rosidl_generator_c.so[0m
[2.407s] [ 12%] Built target msg_folder__rosidl_generator_c
[2.422s] [ 15%] [34m[1mGenerating C type support for eProsima Fast-RTPS[0m
[2.423s] [ 17%] [34m[1mGenerating C type support dispatch for ROS interfaces[0m
[2.423s] [ 20%] [34m[1mGenerating C introspection for ROS interfaces[0m
[2.436s] [35m[1mConsolidate compiler generated dependencies of target msg_folder__rosidl_typesupport_cpp[0m
[2.436s] [35m[1mConsolidate compiler generated dependencies of target msg_folder__rosidl_typesupport_fastrtps_cpp[0m
[2.437s] [35m[1mConsolidate compiler generated dependencies of target msg_folder__rosidl_typesupport_introspection_cpp[0m
[2.461s] [ 25%] [32mBuilding CXX object CMakeFiles/msg_folder__rosidl_typesupport_fastrtps_cpp.dir/rosidl_typesupport_fastrtps_cpp/msg_folder/msg/detail/dds_fastrtps/range__type_support.cpp.o[0m
[2.461s] [ 25%] [32mBuilding CXX object CMakeFiles/msg_folder__rosidl_typesupport_fastrtps_cpp.dir/rosidl_typesupport_fastrtps_cpp/msg_folder/msg/detail/dds_fastrtps/pose__type_support.cpp.o[0m
[2.461s] [ 28%] [32mBuilding CXX object CMakeFiles/msg_folder__rosidl_typesupport_cpp.dir/rosidl_typesupport_cpp/msg_folder/msg/range__type_support.cpp.o[0m
[2.467s] [ 30%] [32mBuilding CXX object CMakeFiles/msg_folder__rosidl_typesupport_introspection_cpp.dir/rosidl_typesupport_introspection_cpp/msg_folder/msg/detail/pose__type_support.cpp.o[0m
[2.467s] [ 33%] [32mBuilding CXX object CMakeFiles/msg_folder__rosidl_typesupport_cpp.dir/rosidl_typesupport_cpp/msg_folder/msg/pose__type_support.cpp.o[0m
[2.468s] [ 35%] [32mBuilding CXX object CMakeFiles/msg_folder__rosidl_typesupport_introspection_cpp.dir/rosidl_typesupport_introspection_cpp/msg_folder/msg/detail/range__type_support.cpp.o[0m
[2.665s] running egg_info
[2.668s] writing msg_folder.egg-info/PKG-INFO
[2.669s] writing dependency_links to msg_folder.egg-info/dependency_links.txt
[2.670s] writing top-level names to msg_folder.egg-info/top_level.txt
[2.678s] reading manifest file 'msg_folder.egg-info/SOURCES.txt'
[2.680s] writing manifest file 'msg_folder.egg-info/SOURCES.txt'
[2.757s] [ 35%] Built target ament_cmake_python_build_msg_folder_egg
[3.028s] [ 38%] [32mBuilding CXX object CMakeFiles/msg_folder__rosidl_typesupport_fastrtps_c.dir/rosidl_typesupport_fastrtps_c/msg_folder/msg/detail/pose__type_support_c.cpp.o[0m
[3.029s] [ 41%] [32mBuilding CXX object CMakeFiles/msg_folder__rosidl_typesupport_fastrtps_c.dir/rosidl_typesupport_fastrtps_c/msg_folder/msg/detail/range__type_support_c.cpp.o[0m
[3.030s] [ 43%] [32mBuilding CXX object CMakeFiles/msg_folder__rosidl_typesupport_c.dir/rosidl_typesupport_c/msg_folder/msg/pose__type_support.cpp.o[0m
[3.034s] [ 46%] [32mBuilding CXX object CMakeFiles/msg_folder__rosidl_typesupport_c.dir/rosidl_typesupport_c/msg_folder/msg/range__type_support.cpp.o[0m
[3.082s] [ 48%] [32mBuilding C object CMakeFiles/msg_folder__rosidl_typesupport_introspection_c.dir/rosidl_typesupport_introspection_c/msg_folder/msg/detail/range__type_support.c.o[0m
[3.091s] [ 51%] [32mBuilding C object CMakeFiles/msg_folder__rosidl_typesupport_introspection_c.dir/rosidl_typesupport_introspection_c/msg_folder/msg/detail/pose__type_support.c.o[0m
[3.140s] [ 53%] [32m[1mLinking CXX shared library libmsg_folder__rosidl_typesupport_cpp.so[0m
[3.156s] [ 56%] [32m[1mLinking CXX shared library libmsg_folder__rosidl_typesupport_c.so[0m
[3.173s] [ 58%] [32m[1mLinking C shared library libmsg_folder__rosidl_typesupport_introspection_c.so[0m
[3.463s] [ 61%] [32m[1mLinking CXX shared library libmsg_folder__rosidl_typesupport_fastrtps_cpp.so[0m
[3.482s] [ 64%] [32m[1mLinking CXX shared library libmsg_folder__rosidl_typesupport_introspection_cpp.so[0m
[3.506s] [ 66%] Built target msg_folder__rosidl_typesupport_cpp
[3.529s] [ 66%] Built target msg_folder__rosidl_typesupport_introspection_c
[3.534s] [ 66%] Built target msg_folder__rosidl_typesupport_c
[3.811s] [ 69%] Built target msg_folder__rosidl_typesupport_fastrtps_cpp
[3.816s] [ 71%] [32m[1mLinking CXX shared library libmsg_folder__rosidl_typesupport_fastrtps_c.so[0m
[3.825s] [ 74%] Built target msg_folder__rosidl_typesupport_introspection_cpp
[4.085s] [ 74%] Built target msg_folder__rosidl_typesupport_fastrtps_c
[4.145s] [ 74%] Built target msg_folder
[4.174s] [ 76%] [34m[1mGenerating Python code for ROS interfaces[0m
[4.660s] [ 76%] Built target msg_folder__py
[4.686s] [ 82%] [32mBuilding C object CMakeFiles/msg_folder__rosidl_generator_py.dir/rosidl_generator_py/msg_folder/msg/_pose_s.c.o[0m
[4.686s] [ 82%] [32mBuilding C object CMakeFiles/msg_folder__rosidl_generator_py.dir/rosidl_generator_py/msg_folder/msg/_range_s.c.o[0m
[4.840s] [ 84%] [32m[1mLinking C shared library rosidl_generator_py/msg_folder/libmsg_folder__rosidl_generator_py.so[0m
[5.043s] [ 84%] Built target msg_folder__rosidl_generator_py
[5.080s] [35m[1mConsolidate compiler generated dependencies of target msg_folder__rosidl_typesupport_c__pyext[0m
[5.080s] [35m[1mConsolidate compiler generated dependencies of target msg_folder__rosidl_typesupport_fastrtps_c__pyext[0m
[5.080s] [35m[1mConsolidate compiler generated dependencies of target msg_folder__rosidl_typesupport_introspection_c__pyext[0m
[5.101s] [ 92%] [32mBuilding C object CMakeFiles/msg_folder__rosidl_typesupport_introspection_c__pyext.dir/rosidl_generator_py/msg_folder/_msg_folder_s.ep.rosidl_typesupport_introspection_c.c.o[0m
[5.101s] [ 92%] [32mBuilding C object CMakeFiles/msg_folder__rosidl_typesupport_c__pyext.dir/rosidl_generator_py/msg_folder/_msg_folder_s.ep.rosidl_typesupport_c.c.o[0m
[5.101s] [ 92%] [32mBuilding C object CMakeFiles/msg_folder__rosidl_typesupport_fastrtps_c__pyext.dir/rosidl_generator_py/msg_folder/_msg_folder_s.ep.rosidl_typesupport_fastrtps_c.c.o[0m
[5.280s] [ 94%] [32m[1mLinking C shared library rosidl_generator_py/msg_folder/msg_folder_s__rosidl_typesupport_introspection_c.cpython-310-x86_64-linux-gnu.so[0m
[5.281s] [ 97%] [32m[1mLinking C shared library rosidl_generator_py/msg_folder/msg_folder_s__rosidl_typesupport_c.cpython-310-x86_64-linux-gnu.so[0m
[5.281s] [100%] [32m[1mLinking C shared library rosidl_generator_py/msg_folder/msg_folder_s__rosidl_typesupport_fastrtps_c.cpython-310-x86_64-linux-gnu.so[0m
[5.483s] [100%] Built target msg_folder__rosidl_typesupport_c__pyext
[5.486s] [100%] Built target msg_folder__rosidl_typesupport_introspection_c__pyext
[5.486s] [100%] Built target msg_folder__rosidl_typesupport_fastrtps_c__pyext
[5.521s] Invoked command in '/home/Judy/safmc_uwb/ros/build/msg_folder' returned '0': CMAKE_PREFIX_PATH=${CMAKE_PREFIX_PATH}:/opt/ros/humble:/home/Judy/safmc_uwb/ros_enfu/install/uwb /usr/bin/cmake --build /home/Judy/safmc_uwb/ros/build/msg_folder -- -j12 -l12
[5.537s] Invoking command in '/home/Judy/safmc_uwb/ros/build/msg_folder': CMAKE_PREFIX_PATH=${CMAKE_PREFIX_PATH}:/opt/ros/humble:/home/Judy/safmc_uwb/ros_enfu/install/uwb /usr/bin/cmake --install /home/Judy/safmc_uwb/ros/build/msg_folder
[5.546s] -- Install configuration: ""
[5.547s] -- Installing: /home/Judy/safmc_uwb/ros/install/msg_folder/share/ament_index/resource_index/rosidl_interfaces/msg_folder
[5.547s] -- Up-to-date: /home/Judy/safmc_uwb/ros/install/msg_folder/include/msg_folder/msg_folder
[5.548s] -- Up-to-date: /home/Judy/safmc_uwb/ros/install/msg_folder/include/msg_folder/msg_folder/msg
[5.548s] -- Up-to-date: /home/Judy/safmc_uwb/ros/install/msg_folder/include/msg_folder/msg_folder/msg/detail
[5.548s] -- Installing: /home/Judy/safmc_uwb/ros/install/msg_folder/include/msg_folder/msg_folder/msg/detail/range__type_support.h
[5.549s] -- Installing: /home/Judy/safmc_uwb/ros/install/msg_folder/include/msg_folder/msg_folder/msg/detail/pose__functions.h
[5.549s] -- Up-to-date: /home/Judy/safmc_uwb/ros/install/msg_folder/include/msg_folder/msg_folder/msg/detail/uwb_msg__struct.h
[5.549s] -- Installing: /home/Judy/safmc_uwb/ros/install/msg_folder/include/msg_folder/msg_folder/msg/detail/pose__functions.c
[5.550s] -- Installing: /home/Judy/safmc_uwb/ros/install/msg_folder/include/msg_folder/msg_folder/msg/detail/pose__type_support.h
[5.550s] -- Installing: /home/Judy/safmc_uwb/ros/install/msg_folder/include/msg_folder/msg_folder/msg/detail/range__functions.c
[5.550s] -- Installing: /home/Judy/safmc_uwb/ros/install/msg_folder/include/msg_folder/msg_folder/msg/detail/range__functions.h
[5.550s] -- Up-to-date: /home/Judy/safmc_uwb/ros/install/msg_folder/include/msg_folder/msg_folder/msg/detail/uwb_msg__functions.c
[5.551s] -- Up-to-date: /home/Judy/safmc_uwb/ros/install/msg_folder/include/msg_folder/msg_folder/msg/detail/uwb_msg__functions.h
[5.551s] -- Installing: /home/Judy/safmc_uwb/ros/install/msg_folder/include/msg_folder/msg_folder/msg/detail/range__struct.h
[5.551s] -- Installing: /home/Judy/safmc_uwb/ros/install/msg_folder/include/msg_folder/msg_folder/msg/detail/pose__struct.h
[5.551s] -- Up-to-date: /home/Judy/safmc_uwb/ros/install/msg_folder/include/msg_folder/msg_folder/msg/detail/uwb_msg__type_support.h
[5.551s] -- Up-to-date: /home/Judy/safmc_uwb/ros/install/msg_folder/include/msg_folder/msg_folder/msg/uwb_msg.h
[5.552s] -- Installing: /home/Judy/safmc_uwb/ros/install/msg_folder/include/msg_folder/msg_folder/msg/range.h
[5.552s] -- Installing: /home/Judy/safmc_uwb/ros/install/msg_folder/include/msg_folder/msg_folder/msg/pose.h
[5.552s] -- Up-to-date: /home/Judy/safmc_uwb/ros/install/msg_folder/include/msg_folder/msg_folder/msg/rosidl_generator_c__visibility_control.h
[5.552s] -- Up-to-date: /home/Judy/safmc_uwb/ros/install/msg_folder/share/msg_folder/environment/library_path.sh
[5.552s] -- Installing: /home/Judy/safmc_uwb/ros/install/msg_folder/share/msg_folder/environment/library_path.dsv
[5.553s] -- Installing: /home/Judy/safmc_uwb/ros/install/msg_folder/lib/libmsg_folder__rosidl_generator_c.so
[5.554s] -- Set runtime path of "/home/Judy/safmc_uwb/ros/install/msg_folder/lib/libmsg_folder__rosidl_generator_c.so" to ""
[5.554s] -- Up-to-date: /home/Judy/safmc_uwb/ros/install/msg_folder/include/msg_folder/msg_folder
[5.554s] -- Up-to-date: /home/Judy/safmc_uwb/ros/install/msg_folder/include/msg_folder/msg_folder/msg
[5.555s] -- Up-to-date: /home/Judy/safmc_uwb/ros/install/msg_folder/include/msg_folder/msg_folder/msg/rosidl_typesupport_fastrtps_c__visibility_control.h
[5.555s] -- Up-to-date: /home/Judy/safmc_uwb/ros/install/msg_folder/include/msg_folder/msg_folder/msg/detail
[5.555s] -- Installing: /home/Judy/safmc_uwb/ros/install/msg_folder/include/msg_folder/msg_folder/msg/detail/pose__rosidl_typesupport_fastrtps_c.h
[5.555s] -- Up-to-date: /home/Judy/safmc_uwb/ros/install/msg_folder/include/msg_folder/msg_folder/msg/detail/uwb_msg__rosidl_typesupport_fastrtps_c.h
[5.555s] -- Installing: /home/Judy/safmc_uwb/ros/install/msg_folder/include/msg_folder/msg_folder/msg/detail/range__rosidl_typesupport_fastrtps_c.h
[5.556s] -- Installing: /home/Judy/safmc_uwb/ros/install/msg_folder/lib/libmsg_folder__rosidl_typesupport_fastrtps_c.so
[5.557s] -- Set runtime path of "/home/Judy/safmc_uwb/ros/install/msg_folder/lib/libmsg_folder__rosidl_typesupport_fastrtps_c.so" to ""
[5.557s] -- Up-to-date: /home/Judy/safmc_uwb/ros/install/msg_folder/include/msg_folder/msg_folder
[5.557s] -- Up-to-date: /home/Judy/safmc_uwb/ros/install/msg_folder/include/msg_folder/msg_folder/msg
[5.558s] -- Up-to-date: /home/Judy/safmc_uwb/ros/install/msg_folder/include/msg_folder/msg_folder/msg/detail
[5.558s] -- Up-to-date: /home/Judy/safmc_uwb/ros/install/msg_folder/include/msg_folder/msg_folder/msg/detail/uwb_msg__type_support.c
[5.558s] -- Installing: /home/Judy/safmc_uwb/ros/install/msg_folder/include/msg_folder/msg_folder/msg/detail/pose__rosidl_typesupport_introspection_c.h
[5.558s] -- Installing: /home/Judy/safmc_uwb/ros/install/msg_folder/include/msg_folder/msg_folder/msg/detail/pose__type_support.c
[5.559s] -- Up-to-date: /home/Judy/safmc_uwb/ros/install/msg_folder/include/msg_folder/msg_folder/msg/detail/uwb_msg__rosidl_typesupport_introspection_c.h
[5.559s] -- Installing: /home/Judy/safmc_uwb/ros/install/msg_folder/include/msg_folder/msg_folder/msg/detail/range__type_support.c
[5.559s] -- Installing: /home/Judy/safmc_uwb/ros/install/msg_folder/include/msg_folder/msg_folder/msg/detail/range__rosidl_typesupport_introspection_c.h
[5.559s] -- Up-to-date: /home/Judy/safmc_uwb/ros/install/msg_folder/include/msg_folder/msg_folder/msg/rosidl_typesupport_introspection_c__visibility_control.h
[5.560s] -- Installing: /home/Judy/safmc_uwb/ros/install/msg_folder/lib/libmsg_folder__rosidl_typesupport_introspection_c.so
[5.561s] -- Set runtime path of "/home/Judy/safmc_uwb/ros/install/msg_folder/lib/libmsg_folder__rosidl_typesupport_introspection_c.so" to ""
[5.561s] -- Installing: /home/Judy/safmc_uwb/ros/install/msg_folder/lib/libmsg_folder__rosidl_typesupport_c.so
[5.562s] -- Set runtime path of "/home/Judy/safmc_uwb/ros/install/msg_folder/lib/libmsg_folder__rosidl_typesupport_c.so" to ""
[5.563s] -- Up-to-date: /home/Judy/safmc_uwb/ros/install/msg_folder/include/msg_folder/msg_folder
[5.563s] -- Up-to-date: /home/Judy/safmc_uwb/ros/install/msg_folder/include/msg_folder/msg_folder/msg
[5.563s] -- Up-to-date: /home/Judy/safmc_uwb/ros/install/msg_folder/include/msg_folder/msg_folder/msg/detail
[5.564s] -- Up-to-date: /home/Judy/safmc_uwb/ros/install/msg_folder/include/msg_folder/msg_folder/msg/detail/uwb_msg__builder.hpp
[5.564s] -- Up-to-date: /home/Judy/safmc_uwb/ros/install/msg_folder/include/msg_folder/msg_folder/msg/detail/uwb_msg__traits.hpp
[5.564s] -- Up-to-date: /home/Judy/safmc_uwb/ros/install/msg_folder/include/msg_folder/msg_folder/msg/detail/uwb_msg__struct.hpp
[5.564s] -- Installing: /home/Judy/safmc_uwb/ros/install/msg_folder/include/msg_folder/msg_folder/msg/detail/pose__type_support.hpp
[5.565s] -- Installing: /home/Judy/safmc_uwb/ros/install/msg_folder/include/msg_folder/msg_folder/msg/detail/pose__builder.hpp
[5.565s] -- Installing: /home/Judy/safmc_uwb/ros/install/msg_folder/include/msg_folder/msg_folder/msg/detail/range__struct.hpp
[5.565s] -- Installing: /home/Judy/safmc_uwb/ros/install/msg_folder/include/msg_folder/msg_folder/msg/detail/range__traits.hpp
[5.566s] -- Up-to-date: /home/Judy/safmc_uwb/ros/install/msg_folder/include/msg_folder/msg_folder/msg/detail/uwb_msg__type_support.hpp
[5.566s] -- Installing: /home/Judy/safmc_uwb/ros/install/msg_folder/include/msg_folder/msg_folder/msg/detail/pose__traits.hpp
[5.566s] -- Installing: /home/Judy/safmc_uwb/ros/install/msg_folder/include/msg_folder/msg_folder/msg/detail/range__type_support.hpp
[5.566s] -- Installing: /home/Judy/safmc_uwb/ros/install/msg_folder/include/msg_folder/msg_folder/msg/detail/range__builder.hpp
[5.567s] -- Installing: /home/Judy/safmc_uwb/ros/install/msg_folder/include/msg_folder/msg_folder/msg/detail/pose__struct.hpp
[5.567s] -- Installing: /home/Judy/safmc_uwb/ros/install/msg_folder/include/msg_folder/msg_folder/msg/range.hpp
[5.567s] -- Installing: /home/Judy/safmc_uwb/ros/install/msg_folder/include/msg_folder/msg_folder/msg/pose.hpp
[5.568s] -- Up-to-date: /home/Judy/safmc_uwb/ros/install/msg_folder/include/msg_folder/msg_folder/msg/rosidl_generator_cpp__visibility_control.hpp
[5.568s] -- Up-to-date: /home/Judy/safmc_uwb/ros/install/msg_folder/include/msg_folder/msg_folder/msg/uwb_msg.hpp
[5.568s] -- Up-to-date: /home/Judy/safmc_uwb/ros/install/msg_folder/include/msg_folder/msg_folder
[5.568s] -- Up-to-date: /home/Judy/safmc_uwb/ros/install/msg_folder/include/msg_folder/msg_folder/msg
[5.569s] -- Up-to-date: /home/Judy/safmc_uwb/ros/install/msg_folder/include/msg_folder/msg_folder/msg/rosidl_typesupport_fastrtps_cpp__visibility_control.h
[5.569s] -- Up-to-date: /home/Judy/safmc_uwb/ros/install/msg_folder/include/msg_folder/msg_folder/msg/detail
[5.569s] -- Up-to-date: /home/Judy/safmc_uwb/ros/install/msg_folder/include/msg_folder/msg_folder/msg/detail/uwb_msg__rosidl_typesupport_fastrtps_cpp.hpp
[5.569s] -- Installing: /home/Judy/safmc_uwb/ros/install/msg_folder/include/msg_folder/msg_folder/msg/detail/range__rosidl_typesupport_fastrtps_cpp.hpp
[5.570s] -- Installing: /home/Judy/safmc_uwb/ros/install/msg_folder/include/msg_folder/msg_folder/msg/detail/pose__rosidl_typesupport_fastrtps_cpp.hpp
[5.570s] -- Up-to-date: /home/Judy/safmc_uwb/ros/install/msg_folder/include/msg_folder/msg_folder/msg/detail/dds_fastrtps
[5.570s] -- Installing: /home/Judy/safmc_uwb/ros/install/msg_folder/lib/libmsg_folder__rosidl_typesupport_fastrtps_cpp.so
[5.570s] -- Set runtime path of "/home/Judy/safmc_uwb/ros/install/msg_folder/lib/libmsg_folder__rosidl_typesupport_fastrtps_cpp.so" to ""
[5.570s] -- Up-to-date: /home/Judy/safmc_uwb/ros/install/msg_folder/include/msg_folder/msg_folder
[5.570s] -- Up-to-date: /home/Judy/safmc_uwb/ros/install/msg_folder/include/msg_folder/msg_folder/msg
[5.570s] -- Up-to-date: /home/Judy/safmc_uwb/ros/install/msg_folder/include/msg_folder/msg_folder/msg/detail
[5.570s] -- Installing: /home/Judy/safmc_uwb/ros/install/msg_folder/include/msg_folder/msg_folder/msg/detail/range__rosidl_typesupport_introspection_cpp.hpp
[5.571s] -- Installing: /home/Judy/safmc_uwb/ros/install/msg_folder/include/msg_folder/msg_folder/msg/detail/pose__type_support.cpp
[5.571s] -- Installing: /home/Judy/safmc_uwb/ros/install/msg_folder/include/msg_folder/msg_folder/msg/detail/range__type_support.cpp
[5.571s] -- Up-to-date: /home/Judy/safmc_uwb/ros/install/msg_folder/include/msg_folder/msg_folder/msg/detail/uwb_msg__type_support.cpp
[5.571s] -- Installing: /home/Judy/safmc_uwb/ros/install/msg_folder/include/msg_folder/msg_folder/msg/detail/pose__rosidl_typesupport_introspection_cpp.hpp
[5.571s] -- Up-to-date: /home/Judy/safmc_uwb/ros/install/msg_folder/include/msg_folder/msg_folder/msg/detail/uwb_msg__rosidl_typesupport_introspection_cpp.hpp
[5.571s] -- Installing: /home/Judy/safmc_uwb/ros/install/msg_folder/lib/libmsg_folder__rosidl_typesupport_introspection_cpp.so
[5.572s] -- Set runtime path of "/home/Judy/safmc_uwb/ros/install/msg_folder/lib/libmsg_folder__rosidl_typesupport_introspection_cpp.so" to ""
[5.573s] -- Installing: /home/Judy/safmc_uwb/ros/install/msg_folder/lib/libmsg_folder__rosidl_typesupport_cpp.so
[5.573s] -- Set runtime path of "/home/Judy/safmc_uwb/ros/install/msg_folder/lib/libmsg_folder__rosidl_typesupport_cpp.so" to ""
[5.574s] -- Up-to-date: /home/Judy/safmc_uwb/ros/install/msg_folder/share/msg_folder/environment/pythonpath.sh
[5.574s] -- Installing: /home/Judy/safmc_uwb/ros/install/msg_folder/share/msg_folder/environment/pythonpath.dsv
[5.574s] -- Up-to-date: /home/Judy/safmc_uwb/ros/install/msg_folder/local/lib/python3.10/dist-packages/msg_folder-0.0.0-py3.10.egg-info
[5.574s] -- Installing: /home/Judy/safmc_uwb/ros/install/msg_folder/local/lib/python3.10/dist-packages/msg_folder-0.0.0-py3.10.egg-info/top_level.txt
[5.575s] -- Installing: /home/Judy/safmc_uwb/ros/install/msg_folder/local/lib/python3.10/dist-packages/msg_folder-0.0.0-py3.10.egg-info/SOURCES.txt
[5.575s] -- Installing: /home/Judy/safmc_uwb/ros/install/msg_folder/local/lib/python3.10/dist-packages/msg_folder-0.0.0-py3.10.egg-info/PKG-INFO
[5.575s] -- Installing: /home/Judy/safmc_uwb/ros/install/msg_folder/local/lib/python3.10/dist-packages/msg_folder-0.0.0-py3.10.egg-info/dependency_links.txt
[5.576s] -- Up-to-date: /home/Judy/safmc_uwb/ros/install/msg_folder/local/lib/python3.10/dist-packages/msg_folder
[5.576s] -- Installing: /home/Judy/safmc_uwb/ros/install/msg_folder/local/lib/python3.10/dist-packages/msg_folder/_msg_folder_s.ep.rosidl_typesupport_introspection_c.c
[5.577s] -- Up-to-date: /home/Judy/safmc_uwb/ros/install/msg_folder/local/lib/python3.10/dist-packages/msg_folder/msg
[5.577s] -- Up-to-date: /home/Judy/safmc_uwb/ros/install/msg_folder/local/lib/python3.10/dist-packages/msg_folder/msg/_uwb_msg.py
[5.577s] -- Installing: /home/Judy/safmc_uwb/ros/install/msg_folder/local/lib/python3.10/dist-packages/msg_folder/msg/_range_s.c
[5.577s] -- Installing: /home/Judy/safmc_uwb/ros/install/msg_folder/local/lib/python3.10/dist-packages/msg_folder/msg/_range.py
[5.578s] -- Installing: /home/Judy/safmc_uwb/ros/install/msg_folder/local/lib/python3.10/dist-packages/msg_folder/msg/_pose_s.c
[5.578s] -- Up-to-date: /home/Judy/safmc_uwb/ros/install/msg_folder/local/lib/python3.10/dist-packages/msg_folder/msg/_uwb_msg_s.c
[5.578s] -- Installing: /home/Judy/safmc_uwb/ros/install/msg_folder/local/lib/python3.10/dist-packages/msg_folder/msg/_pose.py
[5.578s] -- Installing: /home/Judy/safmc_uwb/ros/install/msg_folder/local/lib/python3.10/dist-packages/msg_folder/msg/__init__.py
[5.579s] -- Installing: /home/Judy/safmc_uwb/ros/install/msg_folder/local/lib/python3.10/dist-packages/msg_folder/msg_folder_s__rosidl_typesupport_introspection_c.cpython-310-x86_64-linux-gnu.so
[5.580s] -- Installing: /home/Judy/safmc_uwb/ros/install/msg_folder/local/lib/python3.10/dist-packages/msg_folder/libmsg_folder__rosidl_generator_py.so
[5.580s] -- Installing: /home/Judy/safmc_uwb/ros/install/msg_folder/local/lib/python3.10/dist-packages/msg_folder/_msg_folder_s.ep.rosidl_typesupport_fastrtps_c.c
[5.580s] -- Installing: /home/Judy/safmc_uwb/ros/install/msg_folder/local/lib/python3.10/dist-packages/msg_folder/msg_folder_s__rosidl_typesupport_c.cpython-310-x86_64-linux-gnu.so
[5.581s] -- Installing: /home/Judy/safmc_uwb/ros/install/msg_folder/local/lib/python3.10/dist-packages/msg_folder/_msg_folder_s.ep.rosidl_typesupport_c.c
[5.582s] -- Installing: /home/Judy/safmc_uwb/ros/install/msg_folder/local/lib/python3.10/dist-packages/msg_folder/__init__.py
[5.582s] -- Installing: /home/Judy/safmc_uwb/ros/install/msg_folder/local/lib/python3.10/dist-packages/msg_folder/msg_folder_s__rosidl_typesupport_fastrtps_c.cpython-310-x86_64-linux-gnu.so
[5.634s] Listing '/home/Judy/safmc_uwb/ros/install/msg_folder/local/lib/python3.10/dist-packages/msg_folder'...
[5.634s] Compiling '/home/Judy/safmc_uwb/ros/install/msg_folder/local/lib/python3.10/dist-packages/msg_folder/__init__.py'...
[5.634s] Listing '/home/Judy/safmc_uwb/ros/install/msg_folder/local/lib/python3.10/dist-packages/msg_folder/msg'...
[5.634s] Compiling '/home/Judy/safmc_uwb/ros/install/msg_folder/local/lib/python3.10/dist-packages/msg_folder/msg/__init__.py'...
[5.634s] Compiling '/home/Judy/safmc_uwb/ros/install/msg_folder/local/lib/python3.10/dist-packages/msg_folder/msg/_pose.py'...
[5.634s] Compiling '/home/Judy/safmc_uwb/ros/install/msg_folder/local/lib/python3.10/dist-packages/msg_folder/msg/_range.py'...
[5.642s] -- Installing: /home/Judy/safmc_uwb/ros/install/msg_folder/local/lib/python3.10/dist-packages/msg_folder/msg_folder_s__rosidl_typesupport_fastrtps_c.cpython-310-x86_64-linux-gnu.so
[5.643s] -- Set runtime path of "/home/Judy/safmc_uwb/ros/install/msg_folder/local/lib/python3.10/dist-packages/msg_folder/msg_folder_s__rosidl_typesupport_fastrtps_c.cpython-310-x86_64-linux-gnu.so" to ""
[5.643s] -- Installing: /home/Judy/safmc_uwb/ros/install/msg_folder/local/lib/python3.10/dist-packages/msg_folder/msg_folder_s__rosidl_typesupport_introspection_c.cpython-310-x86_64-linux-gnu.so
[5.644s] -- Set runtime path of "/home/Judy/safmc_uwb/ros/install/msg_folder/local/lib/python3.10/dist-packages/msg_folder/msg_folder_s__rosidl_typesupport_introspection_c.cpython-310-x86_64-linux-gnu.so" to ""
[5.644s] -- Installing: /home/Judy/safmc_uwb/ros/install/msg_folder/local/lib/python3.10/dist-packages/msg_folder/msg_folder_s__rosidl_typesupport_c.cpython-310-x86_64-linux-gnu.so
[5.645s] -- Set runtime path of "/home/Judy/safmc_uwb/ros/install/msg_folder/local/lib/python3.10/dist-packages/msg_folder/msg_folder_s__rosidl_typesupport_c.cpython-310-x86_64-linux-gnu.so" to ""
[5.646s] -- Installing: /home/Judy/safmc_uwb/ros/install/msg_folder/lib/libmsg_folder__rosidl_generator_py.so
[5.647s] -- Set runtime path of "/home/Judy/safmc_uwb/ros/install/msg_folder/lib/libmsg_folder__rosidl_generator_py.so" to ""
[5.648s] -- Installing: /home/Judy/safmc_uwb/ros/install/msg_folder/share/msg_folder/msg/Range.idl
[5.648s] -- Installing: /home/Judy/safmc_uwb/ros/install/msg_folder/share/msg_folder/msg/Pose.idl
[5.648s] -- Installing: /home/Judy/safmc_uwb/ros/install/msg_folder/share/msg_folder/msg/Range.msg
[5.649s] -- Installing: /home/Judy/safmc_uwb/ros/install/msg_folder/share/msg_folder/msg/Pose.msg
[5.649s] -- Installing: /home/Judy/safmc_uwb/ros/install/msg_folder/share/ament_index/resource_index/package_run_dependencies/msg_folder
[5.649s] -- Installing: /home/Judy/safmc_uwb/ros/install/msg_folder/share/ament_index/resource_index/parent_prefix_path/msg_folder
[5.650s] -- Up-to-date: /home/Judy/safmc_uwb/ros/install/msg_folder/share/msg_folder/environment/ament_prefix_path.sh
[5.650s] -- Installing: /home/Judy/safmc_uwb/ros/install/msg_folder/share/msg_folder/environment/ament_prefix_path.dsv
[5.650s] -- Up-to-date: /home/Judy/safmc_uwb/ros/install/msg_folder/share/msg_folder/environment/path.sh
[5.650s] -- Installing: /home/Judy/safmc_uwb/ros/install/msg_folder/share/msg_folder/environment/path.dsv
[5.651s] -- Up-to-date: /home/Judy/safmc_uwb/ros/install/msg_folder/share/msg_folder/local_setup.bash
[5.651s] -- Up-to-date: /home/Judy/safmc_uwb/ros/install/msg_folder/share/msg_folder/local_setup.sh
[5.651s] -- Up-to-date: /home/Judy/safmc_uwb/ros/install/msg_folder/share/msg_folder/local_setup.zsh
[5.651s] -- Installing: /home/Judy/safmc_uwb/ros/install/msg_folder/share/msg_folder/local_setup.dsv
[5.651s] -- Installing: /home/Judy/safmc_uwb/ros/install/msg_folder/share/msg_folder/package.dsv
[5.652s] -- Up-to-date: /home/Judy/safmc_uwb/ros/install/msg_folder/share/ament_index/resource_index/packages/msg_folder
[5.652s] -- Old export file "/home/Judy/safmc_uwb/ros/install/msg_folder/share/msg_folder/cmake/export_msg_folder__rosidl_generator_cExport.cmake" will be replaced.  Removing files [/home/Judy/safmc_uwb/ros/install/msg_folder/share/msg_folder/cmake/export_msg_folder__rosidl_generator_cExport-noconfig.cmake].
[5.652s] -- Installing: /home/Judy/safmc_uwb/ros/install/msg_folder/share/msg_folder/cmake/export_msg_folder__rosidl_generator_cExport.cmake
[5.653s] -- Installing: /home/Judy/safmc_uwb/ros/install/msg_folder/share/msg_folder/cmake/export_msg_folder__rosidl_generator_cExport-noconfig.cmake
[5.653s] -- Old export file "/home/Judy/safmc_uwb/ros/install/msg_folder/share/msg_folder/cmake/export_msg_folder__rosidl_typesupport_fastrtps_cExport.cmake" will be replaced.  Removing files [/home/Judy/safmc_uwb/ros/install/msg_folder/share/msg_folder/cmake/export_msg_folder__rosidl_typesupport_fastrtps_cExport-noconfig.cmake].
[5.653s] -- Installing: /home/Judy/safmc_uwb/ros/install/msg_folder/share/msg_folder/cmake/export_msg_folder__rosidl_typesupport_fastrtps_cExport.cmake
[5.654s] -- Installing: /home/Judy/safmc_uwb/ros/install/msg_folder/share/msg_folder/cmake/export_msg_folder__rosidl_typesupport_fastrtps_cExport-noconfig.cmake
[5.654s] -- Old export file "/home/Judy/safmc_uwb/ros/install/msg_folder/share/msg_folder/cmake/msg_folder__rosidl_typesupport_introspection_cExport.cmake" will be replaced.  Removing files [/home/Judy/safmc_uwb/ros/install/msg_folder/share/msg_folder/cmake/msg_folder__rosidl_typesupport_introspection_cExport-noconfig.cmake].
[5.655s] -- Installing: /home/Judy/safmc_uwb/ros/install/msg_folder/share/msg_folder/cmake/msg_folder__rosidl_typesupport_introspection_cExport.cmake
[5.655s] -- Installing: /home/Judy/safmc_uwb/ros/install/msg_folder/share/msg_folder/cmake/msg_folder__rosidl_typesupport_introspection_cExport-noconfig.cmake
[5.655s] -- Old export file "/home/Judy/safmc_uwb/ros/install/msg_folder/share/msg_folder/cmake/msg_folder__rosidl_typesupport_cExport.cmake" will be replaced.  Removing files [/home/Judy/safmc_uwb/ros/install/msg_folder/share/msg_folder/cmake/msg_folder__rosidl_typesupport_cExport-noconfig.cmake].
[5.656s] -- Installing: /home/Judy/safmc_uwb/ros/install/msg_folder/share/msg_folder/cmake/msg_folder__rosidl_typesupport_cExport.cmake
[5.656s] -- Installing: /home/Judy/safmc_uwb/ros/install/msg_folder/share/msg_folder/cmake/msg_folder__rosidl_typesupport_cExport-noconfig.cmake
[5.656s] -- Installing: /home/Judy/safmc_uwb/ros/install/msg_folder/share/msg_folder/cmake/export_msg_folder__rosidl_generator_cppExport.cmake
[5.657s] -- Old export file "/home/Judy/safmc_uwb/ros/install/msg_folder/share/msg_folder/cmake/export_msg_folder__rosidl_typesupport_fastrtps_cppExport.cmake" will be replaced.  Removing files [/home/Judy/safmc_uwb/ros/install/msg_folder/share/msg_folder/cmake/export_msg_folder__rosidl_typesupport_fastrtps_cppExport-noconfig.cmake].
[5.657s] -- Installing: /home/Judy/safmc_uwb/ros/install/msg_folder/share/msg_folder/cmake/export_msg_folder__rosidl_typesupport_fastrtps_cppExport.cmake
[5.657s] -- Installing: /home/Judy/safmc_uwb/ros/install/msg_folder/share/msg_folder/cmake/export_msg_folder__rosidl_typesupport_fastrtps_cppExport-noconfig.cmake
[5.658s] -- Old export file "/home/Judy/safmc_uwb/ros/install/msg_folder/share/msg_folder/cmake/msg_folder__rosidl_typesupport_introspection_cppExport.cmake" will be replaced.  Removing files [/home/Judy/safmc_uwb/ros/install/msg_folder/share/msg_folder/cmake/msg_folder__rosidl_typesupport_introspection_cppExport-noconfig.cmake].
[5.658s] -- Installing: /home/Judy/safmc_uwb/ros/install/msg_folder/share/msg_folder/cmake/msg_folder__rosidl_typesupport_introspection_cppExport.cmake
[5.658s] -- Installing: /home/Judy/safmc_uwb/ros/install/msg_folder/share/msg_folder/cmake/msg_folder__rosidl_typesupport_introspection_cppExport-noconfig.cmake
[5.659s] -- Old export file "/home/Judy/safmc_uwb/ros/install/msg_folder/share/msg_folder/cmake/msg_folder__rosidl_typesupport_cppExport.cmake" will be replaced.  Removing files [/home/Judy/safmc_uwb/ros/install/msg_folder/share/msg_folder/cmake/msg_folder__rosidl_typesupport_cppExport-noconfig.cmake].
[5.659s] -- Installing: /home/Judy/safmc_uwb/ros/install/msg_folder/share/msg_folder/cmake/msg_folder__rosidl_typesupport_cppExport.cmake
[5.660s] -- Installing: /home/Judy/safmc_uwb/ros/install/msg_folder/share/msg_folder/cmake/msg_folder__rosidl_typesupport_cppExport-noconfig.cmake
[5.661s] -- Old export file "/home/Judy/safmc_uwb/ros/install/msg_folder/share/msg_folder/cmake/export_msg_folder__rosidl_generator_pyExport.cmake" will be replaced.  Removing files [/home/Judy/safmc_uwb/ros/install/msg_folder/share/msg_folder/cmake/export_msg_folder__rosidl_generator_pyExport-noconfig.cmake].
[5.661s] -- Installing: /home/Judy/safmc_uwb/ros/install/msg_folder/share/msg_folder/cmake/export_msg_folder__rosidl_generator_pyExport.cmake
[5.661s] -- Installing: /home/Judy/safmc_uwb/ros/install/msg_folder/share/msg_folder/cmake/export_msg_folder__rosidl_generator_pyExport-noconfig.cmake
[5.661s] -- Installing: /home/Judy/safmc_uwb/ros/install/msg_folder/share/msg_folder/cmake/rosidl_cmake-extras.cmake
[5.662s] -- Installing: /home/Judy/safmc_uwb/ros/install/msg_folder/share/msg_folder/cmake/ament_cmake_export_dependencies-extras.cmake
[5.662s] -- Up-to-date: /home/Judy/safmc_uwb/ros/install/msg_folder/share/msg_folder/cmake/ament_cmake_export_include_directories-extras.cmake
[5.662s] -- Up-to-date: /home/Judy/safmc_uwb/ros/install/msg_folder/share/msg_folder/cmake/ament_cmake_export_libraries-extras.cmake
[5.663s] -- Up-to-date: /home/Judy/safmc_uwb/ros/install/msg_folder/share/msg_folder/cmake/ament_cmake_export_targets-extras.cmake
[5.663s] -- Up-to-date: /home/Judy/safmc_uwb/ros/install/msg_folder/share/msg_folder/cmake/rosidl_cmake_export_typesupport_targets-extras.cmake
[5.663s] -- Up-to-date: /home/Judy/safmc_uwb/ros/install/msg_folder/share/msg_folder/cmake/rosidl_cmake_export_typesupport_libraries-extras.cmake
[5.663s] -- Installing: /home/Judy/safmc_uwb/ros/install/msg_folder/share/msg_folder/cmake/msg_folderConfig.cmake
[5.663s] -- Up-to-date: /home/Judy/safmc_uwb/ros/install/msg_folder/share/msg_folder/cmake/msg_folderConfig-version.cmake
[5.663s] -- Installing: /home/Judy/safmc_uwb/ros/install/msg_folder/share/msg_folder/package.xml
[5.667s] Invoked command in '/home/Judy/safmc_uwb/ros/build/msg_folder' returned '0': CMAKE_PREFIX_PATH=${CMAKE_PREFIX_PATH}:/opt/ros/humble:/home/Judy/safmc_uwb/ros_enfu/install/uwb /usr/bin/cmake --install /home/Judy/safmc_uwb/ros/build/msg_folder
