[1.377s] Invoking command in '/home/Judy/safmc_uwb/ros/src/uwb': PYTHONPATH=/home/Judy/safmc_uwb/ros/build/uwb/prefix_override:/usr/lib/python3/dist-packages/colcon_core/task/python/colcon_distutils_commands:/home/Judy/safmc_uwb/ros/install/uwb/lib/python3.10/site-packages:${PYTHONPATH} /usr/bin/python3 -W ignore:setup.py install is deprecated -W ignore:easy_install command is deprecated setup.py egg_info --egg-base ../../build/uwb build --build-base /home/Judy/safmc_uwb/ros/build/uwb/build install --record /home/Judy/safmc_uwb/ros/build/uwb/install.log --single-version-externally-managed install_data
[1.749s] running egg_info
[1.750s] writing ../../build/uwb/uwb.egg-info/PKG-INFO
[1.750s] writing dependency_links to ../../build/uwb/uwb.egg-info/dependency_links.txt
[1.751s] writing entry points to ../../build/uwb/uwb.egg-info/entry_points.txt
[1.751s] writing requirements to ../../build/uwb/uwb.egg-info/requires.txt
[1.751s] writing top-level names to ../../build/uwb/uwb.egg-info/top_level.txt
[1.753s] reading manifest file '../../build/uwb/uwb.egg-info/SOURCES.txt'
[1.755s] writing manifest file '../../build/uwb/uwb.egg-info/SOURCES.txt'
[1.755s] running build
[1.755s] running build_py
[1.755s] running install
[1.756s] running install_lib
[1.758s] byte-compiling /home/Judy/safmc_uwb/ros/install/uwb/lib/python3.10/site-packages/uwb/uwb_rewrite_2.py to uwb_rewrite_2.cpython-310.pyc
[1.764s] running install_data
[1.764s] running install_egg_info
[1.765s]   File "/home/Judy/safmc_uwb/ros/install/uwb/lib/python3.10/site-packages/uwb/uwb_rewrite_2.py", line 284
[1.765s]     = distance_matrix[i][0] 
[1.765s]     ^
[1.765s] SyntaxError: invalid syntax
[1.765s] 
[1.766s] removing '/home/Judy/safmc_uwb/ros/install/uwb/lib/python3.10/site-packages/uwb-0.0.0-py3.10.egg-info' (and everything under it)
[1.767s] Copying ../../build/uwb/uwb.egg-info to /home/Judy/safmc_uwb/ros/install/uwb/lib/python3.10/site-packages/uwb-0.0.0-py3.10.egg-info
[1.769s] running install_scripts
[1.797s] Installing uwb script to /home/Judy/safmc_uwb/ros/install/uwb/lib/uwb
[1.797s] writing list of installed files to '/home/Judy/safmc_uwb/ros/build/uwb/install.log'
[1.835s] Invoked command in '/home/Judy/safmc_uwb/ros/src/uwb' returned '0': PYTHONPATH=/home/Judy/safmc_uwb/ros/build/uwb/prefix_override:/usr/lib/python3/dist-packages/colcon_core/task/python/colcon_distutils_commands:/home/Judy/safmc_uwb/ros/install/uwb/lib/python3.10/site-packages:${PYTHONPATH} /usr/bin/python3 -W ignore:setup.py install is deprecated -W ignore:easy_install command is deprecated setup.py egg_info --egg-base ../../build/uwb build --build-base /home/Judy/safmc_uwb/ros/build/uwb/build install --record /home/Judy/safmc_uwb/ros/build/uwb/install.log --single-version-externally-managed install_data
