[0.132s] Invoking command in '/workspace/safmc_uwb/ros/build/uwb_msgs': CMAKE_PREFIX_PATH=/opt/ros/humble /usr/bin/cmake /workspace/safmc_uwb/ros/src/uwb_msgs -DCMAKE_INSTALL_PREFIX=/workspace/safmc_uwb/ros/install/uwb_msgs
[0.209s] -- The C compiler identification is GNU 11.4.0
[0.260s] -- The CXX compiler identification is GNU 11.4.0
[0.266s] -- Detecting C compiler ABI info
[0.310s] -- Detecting C compiler ABI info - done
[0.314s] -- Check for working C compiler: /usr/bin/cc - skipped
[0.314s] -- Detecting C compile features
[0.315s] -- Detecting C compile features - done
[0.317s] -- Detecting CXX compiler ABI info
[0.367s] -- Detecting CXX compiler ABI info - done
[0.374s] -- Check for working CXX compiler: /usr/bin/c++ - skipped
[0.374s] -- Detecting CXX compile features
[0.374s] -- Detecting CXX compile features - done
[0.376s] -- Found ament_cmake: 1.3.11 (/opt/ros/humble/share/ament_cmake/cmake)
[0.483s] -- Found Python3: /usr/bin/python3 (found version "3.10.12") found components: Interpreter 
[0.543s] -- Found rosidl_default_generators: 1.2.0 (/opt/ros/humble/share/rosidl_default_generators/cmake)
[0.545s] -- Using all available rosidl_typesupport_c: rosidl_typesupport_fastrtps_c;rosidl_typesupport_introspection_c
[0.550s] -- Found rosidl_adapter: 3.1.6 (/opt/ros/humble/share/rosidl_adapter/cmake)
[0.580s] -- Using all available rosidl_typesupport_cpp: rosidl_typesupport_fastrtps_cpp;rosidl_typesupport_introspection_cpp
[0.604s] -- Found geometry_msgs: 4.2.4 (/opt/ros/humble/share/geometry_msgs/cmake)
[0.716s] [31mCMake Error at /opt/ros/humble/share/rosidl_adapter/cmake/rosidl_adapt_interfaces.cmake:59 (message):
[0.716s]   execute_process(/usr/bin/python3 -m rosidl_adapter --package-name uwb_msgs
[0.716s]   --arguments-file
[0.716s]   /workspace/safmc_uwb/ros/build/uwb_msgs/rosidl_adapter__arguments__uwb_msgs.json
[0.716s]   --output-dir
[0.716s]   /workspace/safmc_uwb/ros/build/uwb_msgs/rosidl_adapter/uwb_msgs
[0.716s]   --output-file
[0.717s]   /workspace/safmc_uwb/ros/build/uwb_msgs/rosidl_adapter/uwb_msgs.idls)
[0.717s]   returned error code 1:
[0.717s] 
[0.717s]   Error processing 'range float64' of 'uwb_msgs/Range': ''range' is an
[0.717s]   invalid message name.  It should have the pattern '^[A-Z][A-Za-z0-9]*$''
[0.717s] 
[0.717s]   Traceback (most recent call last):
[0.717s] 
[0.717s]     File "/usr/lib/python3.10/runpy.py", line 196, in _run_module_as_main
[0.717s]       return _run_code(code, main_globals, None,
[0.717s]     File "/usr/lib/python3.10/runpy.py", line 86, in _run_code
[0.717s]       exec(code, run_globals)
[0.717s]     File "/opt/ros/humble/local/lib/python3.10/dist-packages/rosidl_adapter/__main__.py", line 19, in <module>
[0.717s]       sys.exit(main())
[0.717s]     File "/opt/ros/humble/local/lib/python3.10/dist-packages/rosidl_adapter/main.py", line 53, in main
[0.717s]       abs_idl_file = convert_to_idl(
[0.717s]     File "/opt/ros/humble/local/lib/python3.10/dist-packages/rosidl_adapter/__init__.py", line 19, in convert_to_idl
[0.717s]       return convert_msg_to_idl(
[0.717s]     File "/opt/ros/humble/local/lib/python3.10/dist-packages/rosidl_adapter/msg/__init__.py", line 28, in convert_msg_to_idl
[0.718s]       msg = parse_message_string(package_name, input_file.stem, content)
[0.718s]     File "/opt/ros/humble/local/lib/python3.10/dist-packages/rosidl_adapter/parser.py", line 520, in parse_message_string
[0.718s]       Type(type_string, context_package_name=pkg_name),
[0.718s]     File "/opt/ros/humble/local/lib/python3.10/dist-packages/rosidl_adapter/parser.py", line 277, in __init__
[0.718s]       super(Type, self).__init__(
[0.718s]     File "/opt/ros/humble/local/lib/python3.10/dist-packages/rosidl_adapter/parser.py", line 205, in __init__
[0.718s]       raise InvalidResourceName(
[0.718s] 
[0.718s]   rosidl_adapter.parser.InvalidResourceName: 'range' is an invalid message
[0.718s]   name.  It should have the pattern '^[A-Z][A-Za-z0-9]*$'
[0.718s] 
[0.718s] Call Stack (most recent call first):
[0.718s]   /opt/ros/humble/share/rosidl_cmake/cmake/rosidl_generate_interfaces.cmake:130 (rosidl_adapt_interfaces)
[0.718s]   CMakeLists.txt:17 (rosidl_generate_interfaces)
[0.718s] 
[0.718s] [0m
[0.718s] -- Configuring incomplete, errors occurred!
[0.718s] See also "/workspace/safmc_uwb/ros/build/uwb_msgs/CMakeFiles/CMakeOutput.log".
[0.720s] Invoked command in '/workspace/safmc_uwb/ros/build/uwb_msgs' returned '1': CMAKE_PREFIX_PATH=/opt/ros/humble /usr/bin/cmake /workspace/safmc_uwb/ros/src/uwb_msgs -DCMAKE_INSTALL_PREFIX=/workspace/safmc_uwb/ros/install/uwb_msgs
