[0.182s] DEBUG:colcon:Command line arguments: ['/usr/bin/colcon', 'build']
[0.182s] DEBUG:colcon:Parsed command line arguments: Namespace(log_base=None, log_level=None, verb_name='build', build_base='build', install_base='install', merge_install=False, symlink_install=False, test_result_base=None, continue_on_error=False, executor='parallel', parallel_workers=12, event_handlers=None, ignore_user_meta=False, metas=['./colcon.meta'], base_paths=['.'], packages_ignore=None, packages_ignore_regex=None, paths=None, packages_up_to=None, packages_up_to_regex=None, packages_above=None, packages_above_and_dependencies=None, packages_above_depth=None, packages_select_by_dep=None, packages_skip_by_dep=None, packages_skip_up_to=None, packages_select_build_failed=False, packages_skip_build_finished=False, packages_select_test_failures=False, packages_skip_test_passed=False, packages_select=None, packages_skip=None, packages_select_regex=None, packages_skip_regex=None, packages_start=None, packages_end=None, allow_overriding=[], cmake_args=None, cmake_target=None, cmake_target_skip_unavailable=False, cmake_clean_cache=False, cmake_clean_first=False, cmake_force_configure=False, ament_cmake_args=None, catkin_cmake_args=None, catkin_skip_building_tests=False, mixin_files=None, mixin=None, verb_parser=<colcon_mixin.mixin.mixin_argument.MixinArgumentDecorator object at 0x7f8b61916620>, verb_extension=<colcon_core.verb.build.BuildVerb object at 0x7f8b61a0fb80>, main=<bound method BuildVerb.main of <colcon_core.verb.build.BuildVerb object at 0x7f8b61a0fb80>>, mixin_verb=('build',))
[0.436s] Level 1:colcon.colcon_core.package_discovery:discover_packages(colcon_meta) check parameters
[0.436s] Level 1:colcon.colcon_core.package_discovery:discover_packages(recursive) check parameters
[0.437s] Level 1:colcon.colcon_core.package_discovery:discover_packages(ignore) check parameters
[0.437s] Level 1:colcon.colcon_core.package_discovery:discover_packages(path) check parameters
[0.437s] Level 1:colcon.colcon_core.package_discovery:discover_packages(colcon_meta) discover
[0.437s] Level 1:colcon.colcon_core.package_discovery:discover_packages(recursive) discover
[0.437s] INFO:colcon.colcon_core.package_discovery:Crawling recursively for packages in '/workspace/safmc_uwb/ros'
[0.437s] Level 1:colcon.colcon_core.package_identification:_identify(.) by extensions ['ignore', 'ignore_ament_install']
[0.437s] Level 1:colcon.colcon_core.package_identification:_identify(.) by extension 'ignore'
[0.437s] Level 1:colcon.colcon_core.package_identification:_identify(.) by extension 'ignore_ament_install'
[0.437s] Level 1:colcon.colcon_core.package_identification:_identify(.) by extensions ['colcon_pkg']
[0.437s] Level 1:colcon.colcon_core.package_identification:_identify(.) by extension 'colcon_pkg'
[0.437s] Level 1:colcon.colcon_core.package_identification:_identify(.) by extensions ['colcon_meta']
[0.437s] Level 1:colcon.colcon_core.package_identification:_identify(.) by extension 'colcon_meta'
[0.437s] Level 1:colcon.colcon_core.package_identification:_identify(.) by extensions ['ros']
[0.437s] Level 1:colcon.colcon_core.package_identification:_identify(.) by extension 'ros'
[0.456s] Level 1:colcon.colcon_core.package_identification:_identify(.) by extensions ['cmake', 'python']
[0.456s] Level 1:colcon.colcon_core.package_identification:_identify(.) by extension 'cmake'
[0.456s] Level 1:colcon.colcon_core.package_identification:_identify(.) by extension 'python'
[0.456s] Level 1:colcon.colcon_core.package_identification:_identify(.) by extensions ['python_setup_py']
[0.456s] Level 1:colcon.colcon_core.package_identification:_identify(.) by extension 'python_setup_py'
[0.457s] Level 1:colcon.colcon_core.package_identification:_identify(build) by extensions ['ignore', 'ignore_ament_install']
[0.457s] Level 1:colcon.colcon_core.package_identification:_identify(build) by extension 'ignore'
[0.457s] Level 1:colcon.colcon_core.package_identification:_identify(build) ignored
[0.457s] Level 1:colcon.colcon_core.package_identification:_identify(install) by extensions ['ignore', 'ignore_ament_install']
[0.458s] Level 1:colcon.colcon_core.package_identification:_identify(install) by extension 'ignore'
[0.458s] Level 1:colcon.colcon_core.package_identification:_identify(install) ignored
[0.458s] Level 1:colcon.colcon_core.package_identification:_identify(log) by extensions ['ignore', 'ignore_ament_install']
[0.458s] Level 1:colcon.colcon_core.package_identification:_identify(log) by extension 'ignore'
[0.458s] Level 1:colcon.colcon_core.package_identification:_identify(log) ignored
[0.459s] Level 1:colcon.colcon_core.package_identification:_identify(src) by extensions ['ignore', 'ignore_ament_install']
[0.459s] Level 1:colcon.colcon_core.package_identification:_identify(src) by extension 'ignore'
[0.459s] Level 1:colcon.colcon_core.package_identification:_identify(src) by extension 'ignore_ament_install'
[0.459s] Level 1:colcon.colcon_core.package_identification:_identify(src) by extensions ['colcon_pkg']
[0.459s] Level 1:colcon.colcon_core.package_identification:_identify(src) by extension 'colcon_pkg'
[0.459s] Level 1:colcon.colcon_core.package_identification:_identify(src) by extensions ['colcon_meta']
[0.459s] Level 1:colcon.colcon_core.package_identification:_identify(src) by extension 'colcon_meta'
[0.460s] Level 1:colcon.colcon_core.package_identification:_identify(src) by extensions ['ros']
[0.460s] Level 1:colcon.colcon_core.package_identification:_identify(src) by extension 'ros'
[0.460s] Level 1:colcon.colcon_core.package_identification:_identify(src) by extensions ['cmake', 'python']
[0.460s] Level 1:colcon.colcon_core.package_identification:_identify(src) by extension 'cmake'
[0.460s] Level 1:colcon.colcon_core.package_identification:_identify(src) by extension 'python'
[0.460s] Level 1:colcon.colcon_core.package_identification:_identify(src) by extensions ['python_setup_py']
[0.460s] Level 1:colcon.colcon_core.package_identification:_identify(src) by extension 'python_setup_py'
[0.460s] Level 1:colcon.colcon_core.package_identification:_identify(src/msg_folder) by extensions ['ignore', 'ignore_ament_install']
[0.460s] Level 1:colcon.colcon_core.package_identification:_identify(src/msg_folder) by extension 'ignore'
[0.461s] Level 1:colcon.colcon_core.package_identification:_identify(src/msg_folder) by extension 'ignore_ament_install'
[0.461s] Level 1:colcon.colcon_core.package_identification:_identify(src/msg_folder) by extensions ['colcon_pkg']
[0.461s] Level 1:colcon.colcon_core.package_identification:_identify(src/msg_folder) by extension 'colcon_pkg'
[0.461s] Level 1:colcon.colcon_core.package_identification:_identify(src/msg_folder) by extensions ['colcon_meta']
[0.462s] Level 1:colcon.colcon_core.package_identification:_identify(src/msg_folder) by extension 'colcon_meta'
[0.462s] Level 1:colcon.colcon_core.package_identification:_identify(src/msg_folder) by extensions ['ros']
[0.462s] Level 1:colcon.colcon_core.package_identification:_identify(src/msg_folder) by extension 'ros'
[0.466s] DEBUG:colcon.colcon_core.package_identification:Package 'src/msg_folder' with type 'ros.ament_cmake' and name 'msg_folder'
[0.466s] Level 1:colcon.colcon_core.package_identification:_identify(src/uwb) by extensions ['ignore', 'ignore_ament_install']
[0.466s] Level 1:colcon.colcon_core.package_identification:_identify(src/uwb) by extension 'ignore'
[0.466s] Level 1:colcon.colcon_core.package_identification:_identify(src/uwb) by extension 'ignore_ament_install'
[0.466s] Level 1:colcon.colcon_core.package_identification:_identify(src/uwb) by extensions ['colcon_pkg']
[0.466s] Level 1:colcon.colcon_core.package_identification:_identify(src/uwb) by extension 'colcon_pkg'
[0.466s] Level 1:colcon.colcon_core.package_identification:_identify(src/uwb) by extensions ['colcon_meta']
[0.466s] Level 1:colcon.colcon_core.package_identification:_identify(src/uwb) by extension 'colcon_meta'
[0.466s] Level 1:colcon.colcon_core.package_identification:_identify(src/uwb) by extensions ['ros']
[0.466s] Level 1:colcon.colcon_core.package_identification:_identify(src/uwb) by extension 'ros'
[0.467s] DEBUG:colcon.colcon_core.package_identification:Package 'src/uwb' with type 'ros.ament_python' and name 'uwb'
[0.468s] Level 1:colcon.colcon_core.package_identification:_identify(test) by extensions ['ignore', 'ignore_ament_install']
[0.468s] Level 1:colcon.colcon_core.package_identification:_identify(test) by extension 'ignore'
[0.468s] Level 1:colcon.colcon_core.package_identification:_identify(test) by extension 'ignore_ament_install'
[0.468s] Level 1:colcon.colcon_core.package_identification:_identify(test) by extensions ['colcon_pkg']
[0.468s] Level 1:colcon.colcon_core.package_identification:_identify(test) by extension 'colcon_pkg'
[0.468s] Level 1:colcon.colcon_core.package_identification:_identify(test) by extensions ['colcon_meta']
[0.468s] Level 1:colcon.colcon_core.package_identification:_identify(test) by extension 'colcon_meta'
[0.469s] Level 1:colcon.colcon_core.package_identification:_identify(test) by extensions ['ros']
[0.469s] Level 1:colcon.colcon_core.package_identification:_identify(test) by extension 'ros'
[0.469s] Level 1:colcon.colcon_core.package_identification:_identify(test) by extensions ['cmake', 'python']
[0.469s] Level 1:colcon.colcon_core.package_identification:_identify(test) by extension 'cmake'
[0.469s] Level 1:colcon.colcon_core.package_identification:_identify(test) by extension 'python'
[0.470s] Level 1:colcon.colcon_core.package_identification:_identify(test) by extensions ['python_setup_py']
[0.470s] Level 1:colcon.colcon_core.package_identification:_identify(test) by extension 'python_setup_py'
[0.470s] Level 1:colcon.colcon_core.package_discovery:discover_packages(recursive) using defaults
[0.470s] Level 1:colcon.colcon_core.package_discovery:discover_packages(ignore) discover
[0.470s] Level 1:colcon.colcon_core.package_discovery:discover_packages(ignore) using defaults
[0.470s] Level 1:colcon.colcon_core.package_discovery:discover_packages(path) discover
[0.470s] Level 1:colcon.colcon_core.package_discovery:discover_packages(path) using defaults
[0.513s] Level 1:colcon.colcon_core.package_discovery:discover_packages(prefix_path) check parameters
[0.513s] Level 1:colcon.colcon_core.package_discovery:discover_packages(prefix_path) discover
[0.519s] DEBUG:colcon.colcon_installed_package_information.package_discovery:Found 2 installed packages in /workspace/safmc_uwb/ros/install
[0.522s] DEBUG:colcon.colcon_installed_package_information.package_discovery:Found 284 installed packages in /opt/ros/humble
[0.554s] Level 1:colcon.colcon_core.package_discovery:discover_packages(prefix_path) using defaults
[0.629s] Level 5:colcon.colcon_core.verb:set package 'msg_folder' build argument 'cmake_args' from command line to 'None'
[0.629s] Level 5:colcon.colcon_core.verb:set package 'msg_folder' build argument 'cmake_target' from command line to 'None'
[0.629s] Level 5:colcon.colcon_core.verb:set package 'msg_folder' build argument 'cmake_target_skip_unavailable' from command line to 'False'
[0.629s] Level 5:colcon.colcon_core.verb:set package 'msg_folder' build argument 'cmake_clean_cache' from command line to 'False'
[0.629s] Level 5:colcon.colcon_core.verb:set package 'msg_folder' build argument 'cmake_clean_first' from command line to 'False'
[0.629s] Level 5:colcon.colcon_core.verb:set package 'msg_folder' build argument 'cmake_force_configure' from command line to 'False'
[0.629s] Level 5:colcon.colcon_core.verb:set package 'msg_folder' build argument 'ament_cmake_args' from command line to 'None'
[0.629s] Level 5:colcon.colcon_core.verb:set package 'msg_folder' build argument 'catkin_cmake_args' from command line to 'None'
[0.629s] Level 5:colcon.colcon_core.verb:set package 'msg_folder' build argument 'catkin_skip_building_tests' from command line to 'False'
[0.629s] DEBUG:colcon.colcon_core.verb:Building package 'msg_folder' with the following arguments: {'ament_cmake_args': None, 'build_base': '/workspace/safmc_uwb/ros/build/msg_folder', 'catkin_cmake_args': None, 'catkin_skip_building_tests': False, 'cmake_args': None, 'cmake_clean_cache': False, 'cmake_clean_first': False, 'cmake_force_configure': False, 'cmake_target': None, 'cmake_target_skip_unavailable': False, 'install_base': '/workspace/safmc_uwb/ros/install/msg_folder', 'merge_install': False, 'path': '/workspace/safmc_uwb/ros/src/msg_folder', 'symlink_install': False, 'test_result_base': None}
[0.630s] Level 5:colcon.colcon_core.verb:set package 'uwb' build argument 'cmake_args' from command line to 'None'
[0.630s] Level 5:colcon.colcon_core.verb:set package 'uwb' build argument 'cmake_target' from command line to 'None'
[0.630s] Level 5:colcon.colcon_core.verb:set package 'uwb' build argument 'cmake_target_skip_unavailable' from command line to 'False'
[0.630s] Level 5:colcon.colcon_core.verb:set package 'uwb' build argument 'cmake_clean_cache' from command line to 'False'
[0.630s] Level 5:colcon.colcon_core.verb:set package 'uwb' build argument 'cmake_clean_first' from command line to 'False'
[0.630s] Level 5:colcon.colcon_core.verb:set package 'uwb' build argument 'cmake_force_configure' from command line to 'False'
[0.630s] Level 5:colcon.colcon_core.verb:set package 'uwb' build argument 'ament_cmake_args' from command line to 'None'
[0.630s] Level 5:colcon.colcon_core.verb:set package 'uwb' build argument 'catkin_cmake_args' from command line to 'None'
[0.630s] Level 5:colcon.colcon_core.verb:set package 'uwb' build argument 'catkin_skip_building_tests' from command line to 'False'
[0.630s] DEBUG:colcon.colcon_core.verb:Building package 'uwb' with the following arguments: {'ament_cmake_args': None, 'build_base': '/workspace/safmc_uwb/ros/build/uwb', 'catkin_cmake_args': None, 'catkin_skip_building_tests': False, 'cmake_args': None, 'cmake_clean_cache': False, 'cmake_clean_first': False, 'cmake_force_configure': False, 'cmake_target': None, 'cmake_target_skip_unavailable': False, 'install_base': '/workspace/safmc_uwb/ros/install/uwb', 'merge_install': False, 'path': '/workspace/safmc_uwb/ros/src/uwb', 'symlink_install': False, 'test_result_base': None}
[0.631s] INFO:colcon.colcon_core.executor:Executing jobs using 'parallel' executor
[0.633s] DEBUG:colcon.colcon_parallel_executor.executor.parallel:run_until_complete
[0.633s] INFO:colcon.colcon_ros.task.ament_cmake.build:Building ROS package in '/workspace/safmc_uwb/ros/src/msg_folder' with build type 'ament_cmake'
[0.633s] INFO:colcon.colcon_cmake.task.cmake.build:Building CMake package in '/workspace/safmc_uwb/ros/src/msg_folder'
[0.638s] INFO:colcon.colcon_core.plugin_system:Skipping extension 'colcon_core.shell.bat': Not used on non-Windows systems
[0.638s] INFO:colcon.colcon_core.shell:Skip shell extension 'powershell' for command environment: Not usable outside of PowerShell
[0.638s] DEBUG:colcon.colcon_core.shell:Skip shell extension 'dsv' for command environment
[0.660s] DEBUG:colcon.colcon_core.event_handler.log_command:Invoking command in '/workspace/safmc_uwb/ros/build/msg_folder': CMAKE_PREFIX_PATH=${CMAKE_PREFIX_PATH}:/workspace/safmc_uwb/ros/install/uwb:/opt/ros/humble /usr/bin/cmake --build /workspace/safmc_uwb/ros/build/msg_folder -- -j12 -l12
[0.726s] DEBUG:colcon.colcon_core.event_handler.log_command:Invoked command in '/workspace/safmc_uwb/ros/build/msg_folder' returned '2': CMAKE_PREFIX_PATH=${CMAKE_PREFIX_PATH}:/workspace/safmc_uwb/ros/install/uwb:/opt/ros/humble /usr/bin/cmake --build /workspace/safmc_uwb/ros/build/msg_folder -- -j12 -l12
[0.726s] Level 1:colcon.colcon_core.environment:create_environment_scripts_only(msg_folder)
[0.731s] Level 1:colcon.colcon_core.environment:checking '/workspace/safmc_uwb/ros/install/msg_folder' for CMake module files
[0.733s] Level 1:colcon.colcon_core.environment:checking '/workspace/safmc_uwb/ros/install/msg_folder' for CMake config files
[0.734s] Level 1:colcon.colcon_core.shell:create_environment_hook('msg_folder', 'cmake_prefix_path')
[0.734s] INFO:colcon.colcon_core.shell:Creating environment hook '/workspace/safmc_uwb/ros/install/msg_folder/share/msg_folder/hook/cmake_prefix_path.ps1'
[0.735s] INFO:colcon.colcon_core.shell:Creating environment descriptor '/workspace/safmc_uwb/ros/install/msg_folder/share/msg_folder/hook/cmake_prefix_path.dsv'
[0.736s] INFO:colcon.colcon_core.shell:Creating environment hook '/workspace/safmc_uwb/ros/install/msg_folder/share/msg_folder/hook/cmake_prefix_path.sh'
[0.737s] Level 1:colcon.colcon_core.environment:checking '/workspace/safmc_uwb/ros/install/msg_folder/lib'
[0.738s] Level 1:colcon.colcon_core.shell:create_environment_hook('msg_folder', 'ld_library_path_lib')
[0.738s] INFO:colcon.colcon_core.shell:Creating environment hook '/workspace/safmc_uwb/ros/install/msg_folder/share/msg_folder/hook/ld_library_path_lib.ps1'
[0.739s] INFO:colcon.colcon_core.shell:Creating environment descriptor '/workspace/safmc_uwb/ros/install/msg_folder/share/msg_folder/hook/ld_library_path_lib.dsv'
[0.739s] INFO:colcon.colcon_core.shell:Creating environment hook '/workspace/safmc_uwb/ros/install/msg_folder/share/msg_folder/hook/ld_library_path_lib.sh'
[0.740s] Level 1:colcon.colcon_core.environment:checking '/workspace/safmc_uwb/ros/install/msg_folder/bin'
[0.740s] Level 1:colcon.colcon_core.environment:checking '/workspace/safmc_uwb/ros/install/msg_folder/lib/pkgconfig/msg_folder.pc'
[0.740s] Level 1:colcon.colcon_core.environment:checking '/workspace/safmc_uwb/ros/install/msg_folder/lib/python3.10/site-packages'
[0.741s] Level 1:colcon.colcon_core.environment:checking '/workspace/safmc_uwb/ros/install/msg_folder/bin'
[0.741s] INFO:colcon.colcon_core.shell:Creating package script '/workspace/safmc_uwb/ros/install/msg_folder/share/msg_folder/package.ps1'
[0.742s] INFO:colcon.colcon_core.shell:Creating package descriptor '/workspace/safmc_uwb/ros/install/msg_folder/share/msg_folder/package.dsv'
[0.744s] INFO:colcon.colcon_core.shell:Creating package script '/workspace/safmc_uwb/ros/install/msg_folder/share/msg_folder/package.sh'
[0.745s] INFO:colcon.colcon_core.shell:Creating package script '/workspace/safmc_uwb/ros/install/msg_folder/share/msg_folder/package.bash'
[0.746s] INFO:colcon.colcon_core.shell:Creating package script '/workspace/safmc_uwb/ros/install/msg_folder/share/msg_folder/package.zsh'
[0.747s] Level 1:colcon.colcon_core.environment:create_file_with_runtime_dependencies(/workspace/safmc_uwb/ros/install/msg_folder/share/colcon-core/packages/msg_folder)
[0.759s] DEBUG:colcon.colcon_parallel_executor.executor.parallel:closing loop
[0.759s] DEBUG:colcon.colcon_parallel_executor.executor.parallel:loop closed
[0.759s] DEBUG:colcon.colcon_parallel_executor.executor.parallel:run_until_complete finished with '2'
[0.760s] DEBUG:colcon.colcon_core.event_reactor:joining thread
[0.770s] INFO:colcon.colcon_core.plugin_system:Skipping extension 'colcon_notification.desktop_notification.notify_send': Could not find 'notify-send'
[0.770s] INFO:colcon.colcon_core.plugin_system:Skipping extension 'colcon_notification.desktop_notification.terminal_notifier': Not used on non-Darwin systems
[0.770s] INFO:colcon.colcon_core.plugin_system:Skipping extension 'colcon_notification.desktop_notification.win32': Not used on non-Windows systems
[0.770s] INFO:colcon.colcon_notification.desktop_notification:Sending desktop notification using 'notify2'
[0.776s] DEBUG:colcon.colcon_notification.desktop_notification.notify2:Failed to initialize notify2: org.freedesktop.DBus.Error.Spawn.ExecFailed: /usr/bin/dbus-launch terminated abnormally without any error message
[0.777s] DEBUG:colcon.colcon_core.event_reactor:joined thread
[0.778s] INFO:colcon.colcon_core.shell:Creating prefix script '/workspace/safmc_uwb/ros/install/local_setup.ps1'
[0.780s] INFO:colcon.colcon_core.shell:Creating prefix util module '/workspace/safmc_uwb/ros/install/_local_setup_util_ps1.py'
[0.783s] INFO:colcon.colcon_core.shell:Creating prefix chain script '/workspace/safmc_uwb/ros/install/setup.ps1'
[0.785s] INFO:colcon.colcon_core.shell:Creating prefix script '/workspace/safmc_uwb/ros/install/local_setup.sh'
[0.787s] INFO:colcon.colcon_core.shell:Creating prefix util module '/workspace/safmc_uwb/ros/install/_local_setup_util_sh.py'
[0.788s] INFO:colcon.colcon_core.shell:Creating prefix chain script '/workspace/safmc_uwb/ros/install/setup.sh'
[0.790s] INFO:colcon.colcon_core.shell:Creating prefix script '/workspace/safmc_uwb/ros/install/local_setup.bash'
[0.791s] INFO:colcon.colcon_core.shell:Creating prefix chain script '/workspace/safmc_uwb/ros/install/setup.bash'
[0.793s] INFO:colcon.colcon_core.shell:Creating prefix script '/workspace/safmc_uwb/ros/install/local_setup.zsh'
[0.793s] INFO:colcon.colcon_core.shell:Creating prefix chain script '/workspace/safmc_uwb/ros/install/setup.zsh'
