[0.000000] (-) TimerEvent: {}
[0.000420] (uwb) JobQueued: {'identifier': 'uwb', 'dependencies': OrderedDict()}
[0.000469] (uwb_msgs) JobQueued: {'identifier': 'uwb_msgs', 'dependencies': OrderedDict()}
[0.000483] (uwb) JobStarted: {'identifier': 'uwb'}
[0.004017] (uwb_msgs) JobStarted: {'identifier': 'uwb_msgs'}
[0.099872] (-) TimerEvent: {}
[0.134034] (uwb_msgs) JobProgress: {'identifier': 'uwb_msgs', 'progress': 'cmake'}
[0.134349] (uwb_msgs) Command: {'cmd': ['/usr/bin/cmake', '/workspace/safmc_uwb/ros/src/uwb_msgs', '-DCMAKE_INSTALL_PREFIX=/workspace/safmc_uwb/ros/install/uwb_msgs'], 'cwd': '/workspace/safmc_uwb/ros/build/uwb_msgs', 'env': OrderedDict([('HOSTNAME', 'a26e13bd7583'), ('GIT_ASKPASS', '/vscode/vscode-server/bin/linux-x64/fabdb6a30b49f79a7aba0f2ad9df9b399473380f/extensions/git/dist/askpass.sh'), ('SHLVL', '2'), ('LD_LIBRARY_PATH', '/opt/ros/humble/opt/rviz_ogre_vendor/lib:/opt/ros/humble/lib/x86_64-linux-gnu:/opt/ros/humble/lib'), ('BROWSER', '/vscode/vscode-server/bin/linux-x64/fabdb6a30b49f79a7aba0f2ad9df9b399473380f/bin/helpers/browser.sh'), ('HOME', '/home/user'), ('OLDPWD', '/workspace/safmc_uwb/ros/src'), ('TERM_PROGRAM_VERSION', '1.96.2'), ('VSCODE_IPC_HOOK_CLI', '/tmp/vscode-ipc-87935dc3-2200-4820-b3bd-e115c7be4d03.sock'), ('DEBUGPY_ADAPTER_ENDPOINTS', '/tmp/noConfigDebugAdapterEndpoints-2765dd6f6483dc79d6d1/debuggerAdapterEndpoint.txt'), ('ROS_PYTHON_VERSION', '3'), ('VSCODE_GIT_ASKPASS_MAIN', '/vscode/vscode-server/bin/linux-x64/fabdb6a30b49f79a7aba0f2ad9df9b399473380f/extensions/git/dist/askpass-main.js'), ('VSCODE_GIT_ASKPASS_NODE', '/vscode/vscode-server/bin/linux-x64/fabdb6a30b49f79a7aba0f2ad9df9b399473380f/node'), ('PYDEVD_DISABLE_FILE_VALIDATION', '1'), ('BUNDLED_DEBUGPY_PATH', '/home/user/.vscode-server/extensions/ms-python.debugpy-2025.0.0-linux-x64/bundled/libs/debugpy'), ('COLORTERM', 'truecolor'), ('REMOTE_CONTAINERS', 'true'), ('ROS_DISTRO', 'humble'), ('REMOTE_CONTAINERS_IPC', '/tmp/vscode-remote-containers-ipc-cb06e396-3ad0-40ec-80dd-5625de81e1e7.sock'), ('_', '/usr/bin/colcon'), ('ROS_VERSION', '2'), ('NVIDIA_DRIVER_CAPABILITIES', 'all'), ('TERM', 'xterm-256color'), ('ROS_LOCALHOST_ONLY', '0'), ('PATH', '/vscode/vscode-server/bin/linux-x64/fabdb6a30b49f79a7aba0f2ad9df9b399473380f/bin/remote-cli:/opt/gcc-arm-none-eabi-9-2020-q2-update/bin:/home/user/.local/bin:/opt/ros/humble/bin:/usr/local/sbin:/usr/local/bin:/usr/sbin:/usr/bin:/sbin:/bin:/home/user/.vscode-server/extensions/ms-python.debugpy-2025.0.0-linux-x64/bundled/scripts/noConfigScripts'), ('REMOTE_CONTAINERS_SOCKETS', '["/tmp/vscode-ssh-auth-cb06e396-3ad0-40ec-80dd-5625de81e1e7.sock","/home/user/.gnupg/S.gpg-agent"]'), ('DISPLAY', ':1'), ('LANG', 'en_US.UTF-8'), ('VSCODE_GIT_IPC_HANDLE', '/tmp/vscode-git-aba0144230.sock'), ('TERM_PROGRAM', 'vscode'), ('SSH_AUTH_SOCK', '/tmp/vscode-ssh-auth-cb06e396-3ad0-40ec-80dd-5625de81e1e7.sock'), ('AMENT_PREFIX_PATH', '/opt/ros/humble'), ('DEBIAN_FRONTEND', 'noninteractive'), ('SHELL', '/bin/bash'), ('VSCODE_GIT_ASKPASS_EXTRA_ARGS', ''), ('PWD', '/workspace/safmc_uwb/ros/build/uwb_msgs'), ('PYTHONPATH', '/opt/ros/humble/lib/python3.10/site-packages:/opt/ros/humble/local/lib/python3.10/dist-packages'), ('COLCON', '1'), ('CMAKE_PREFIX_PATH', '/opt/ros/humble')]), 'shell': False}
[0.142640] (uwb_msgs) StdoutLine: {'line': b'-- Found ament_cmake: 1.3.11 (/opt/ros/humble/share/ament_cmake/cmake)\n'}
[0.199949] (-) TimerEvent: {}
[0.215438] (uwb_msgs) StdoutLine: {'line': b'-- Found rosidl_default_generators: 1.2.0 (/opt/ros/humble/share/rosidl_default_generators/cmake)\n'}
[0.216188] (uwb_msgs) StdoutLine: {'line': b'-- Using all available rosidl_typesupport_c: rosidl_typesupport_fastrtps_c;rosidl_typesupport_introspection_c\n'}
[0.217695] (uwb_msgs) StdoutLine: {'line': b'-- Found rosidl_adapter: 3.1.6 (/opt/ros/humble/share/rosidl_adapter/cmake)\n'}
[0.235090] (uwb_msgs) StdoutLine: {'line': b'-- Using all available rosidl_typesupport_cpp: rosidl_typesupport_fastrtps_cpp;rosidl_typesupport_introspection_cpp\n'}
[0.248681] (uwb_msgs) StdoutLine: {'line': b'-- Found geometry_msgs: 4.2.4 (/opt/ros/humble/share/geometry_msgs/cmake)\n'}
[0.300026] (-) TimerEvent: {}
[0.320901] (uwb) Command: {'cmd': ['/usr/bin/python3', '-W', 'ignore:setup.py install is deprecated', '-W', 'ignore:easy_install command is deprecated', 'setup.py', 'egg_info', '--egg-base', '../../build/uwb', 'build', '--build-base', '/workspace/safmc_uwb/ros/build/uwb/build', 'install', '--record', '/workspace/safmc_uwb/ros/build/uwb/install.log', '--single-version-externally-managed', 'install_data'], 'cwd': '/workspace/safmc_uwb/ros/src/uwb', 'env': {'HOSTNAME': 'a26e13bd7583', 'GIT_ASKPASS': '/vscode/vscode-server/bin/linux-x64/fabdb6a30b49f79a7aba0f2ad9df9b399473380f/extensions/git/dist/askpass.sh', 'SHLVL': '2', 'LD_LIBRARY_PATH': '/opt/ros/humble/opt/rviz_ogre_vendor/lib:/opt/ros/humble/lib/x86_64-linux-gnu:/opt/ros/humble/lib', 'BROWSER': '/vscode/vscode-server/bin/linux-x64/fabdb6a30b49f79a7aba0f2ad9df9b399473380f/bin/helpers/browser.sh', 'HOME': '/home/user', 'OLDPWD': '/workspace/safmc_uwb/ros/src', 'TERM_PROGRAM_VERSION': '1.96.2', 'VSCODE_IPC_HOOK_CLI': '/tmp/vscode-ipc-87935dc3-2200-4820-b3bd-e115c7be4d03.sock', 'DEBUGPY_ADAPTER_ENDPOINTS': '/tmp/noConfigDebugAdapterEndpoints-2765dd6f6483dc79d6d1/debuggerAdapterEndpoint.txt', 'ROS_PYTHON_VERSION': '3', 'VSCODE_GIT_ASKPASS_MAIN': '/vscode/vscode-server/bin/linux-x64/fabdb6a30b49f79a7aba0f2ad9df9b399473380f/extensions/git/dist/askpass-main.js', 'VSCODE_GIT_ASKPASS_NODE': '/vscode/vscode-server/bin/linux-x64/fabdb6a30b49f79a7aba0f2ad9df9b399473380f/node', 'PYDEVD_DISABLE_FILE_VALIDATION': '1', 'BUNDLED_DEBUGPY_PATH': '/home/user/.vscode-server/extensions/ms-python.debugpy-2025.0.0-linux-x64/bundled/libs/debugpy', 'COLORTERM': 'truecolor', 'REMOTE_CONTAINERS': 'true', 'ROS_DISTRO': 'humble', 'REMOTE_CONTAINERS_IPC': '/tmp/vscode-remote-containers-ipc-cb06e396-3ad0-40ec-80dd-5625de81e1e7.sock', '_': '/usr/bin/colcon', 'ROS_VERSION': '2', 'NVIDIA_DRIVER_CAPABILITIES': 'all', 'TERM': 'xterm-256color', 'ROS_LOCALHOST_ONLY': '0', 'PATH': '/vscode/vscode-server/bin/linux-x64/fabdb6a30b49f79a7aba0f2ad9df9b399473380f/bin/remote-cli:/opt/gcc-arm-none-eabi-9-2020-q2-update/bin:/home/user/.local/bin:/opt/ros/humble/bin:/usr/local/sbin:/usr/local/bin:/usr/sbin:/usr/bin:/sbin:/bin:/home/user/.vscode-server/extensions/ms-python.debugpy-2025.0.0-linux-x64/bundled/scripts/noConfigScripts', 'REMOTE_CONTAINERS_SOCKETS': '["/tmp/vscode-ssh-auth-cb06e396-3ad0-40ec-80dd-5625de81e1e7.sock","/home/user/.gnupg/S.gpg-agent"]', 'DISPLAY': ':1', 'LANG': 'en_US.UTF-8', 'VSCODE_GIT_IPC_HANDLE': '/tmp/vscode-git-aba0144230.sock', 'TERM_PROGRAM': 'vscode', 'SSH_AUTH_SOCK': '/tmp/vscode-ssh-auth-cb06e396-3ad0-40ec-80dd-5625de81e1e7.sock', 'AMENT_PREFIX_PATH': '/opt/ros/humble', 'DEBIAN_FRONTEND': 'noninteractive', 'SHELL': '/bin/bash', 'VSCODE_GIT_ASKPASS_EXTRA_ARGS': '', 'PWD': '/workspace/safmc_uwb/ros/build/uwb', 'PYTHONPATH': '/workspace/safmc_uwb/ros/build/uwb/prefix_override:/usr/lib/python3/dist-packages/colcon_core/task/python/colcon_distutils_commands:/workspace/safmc_uwb/ros/install/uwb/lib/python3.10/site-packages:/opt/ros/humble/lib/python3.10/site-packages:/opt/ros/humble/local/lib/python3.10/dist-packages', 'COLCON': '1'}, 'shell': False}
[0.400108] (-) TimerEvent: {}
[0.440467] (uwb_msgs) StdoutLine: {'line': b'-- Found ament_cmake_ros: 0.10.0 (/opt/ros/humble/share/ament_cmake_ros/cmake)\n'}
[0.440587] (uwb) StdoutLine: {'line': b'running egg_info\n'}
[0.440915] (uwb) StdoutLine: {'line': b'writing ../../build/uwb/uwb.egg-info/PKG-INFO\n'}
[0.441028] (uwb) StdoutLine: {'line': b'writing dependency_links to ../../build/uwb/uwb.egg-info/dependency_links.txt\n'}
[0.441083] (uwb) StdoutLine: {'line': b'writing entry points to ../../build/uwb/uwb.egg-info/entry_points.txt\n'}
[0.441121] (uwb) StdoutLine: {'line': b'writing requirements to ../../build/uwb/uwb.egg-info/requires.txt\n'}
[0.441156] (uwb) StdoutLine: {'line': b'writing top-level names to ../../build/uwb/uwb.egg-info/top_level.txt\n'}
[0.441971] (uwb) StdoutLine: {'line': b"reading manifest file '../../build/uwb/uwb.egg-info/SOURCES.txt'\n"}
[0.442347] (uwb) StdoutLine: {'line': b"writing manifest file '../../build/uwb/uwb.egg-info/SOURCES.txt'\n"}
[0.442397] (uwb) StdoutLine: {'line': b'running build\n'}
[0.442426] (uwb) StdoutLine: {'line': b'running build_py\n'}
[0.442569] (uwb) StdoutLine: {'line': b'running install\n'}
[0.442731] (uwb) StdoutLine: {'line': b'running install_lib\n'}
[0.443315] (uwb) StdoutLine: {'line': b'running install_data\n'}
[0.443370] (uwb) StdoutLine: {'line': b'running install_egg_info\n'}
[0.444380] (uwb) StdoutLine: {'line': b"removing '/workspace/safmc_uwb/ros/install/uwb/lib/python3.10/site-packages/uwb-0.0.0-py3.10.egg-info' (and everything under it)\n"}
[0.444498] (uwb) StdoutLine: {'line': b'Copying ../../build/uwb/uwb.egg-info to /workspace/safmc_uwb/ros/install/uwb/lib/python3.10/site-packages/uwb-0.0.0-py3.10.egg-info\n'}
[0.444802] (uwb) StdoutLine: {'line': b'running install_scripts\n'}
[0.456584] (uwb) StdoutLine: {'line': b"writing list of installed files to '/workspace/safmc_uwb/ros/build/uwb/install.log'\n"}
[0.470439] (uwb) CommandEnded: {'returncode': 0}
[0.475841] (uwb) JobEnded: {'identifier': 'uwb', 'rc': 0}
[0.500219] (-) TimerEvent: {}
[0.591258] (uwb_msgs) StdoutLine: {'line': b'-- Using all available rosidl_typesupport_c: rosidl_typesupport_fastrtps_c;rosidl_typesupport_introspection_c\n'}
[0.600298] (-) TimerEvent: {}
[0.700538] (-) TimerEvent: {}
[0.788119] (uwb_msgs) StdoutLine: {'line': b'-- Using all available rosidl_typesupport_cpp: rosidl_typesupport_fastrtps_cpp;rosidl_typesupport_introspection_cpp\n'}
[0.800623] (-) TimerEvent: {}
[0.802227] (uwb_msgs) StdoutLine: {'line': b'-- Found PythonInterp: /usr/bin/python3 (found suitable version "3.10.12", minimum required is "3.6") \n'}
[0.803298] (uwb_msgs) StdoutLine: {'line': b'-- Found python_cmake_module: 0.10.0 (/opt/ros/humble/share/python_cmake_module/cmake)\n'}
[0.820163] (uwb_msgs) StdoutLine: {'line': b'-- Found PythonLibs: /usr/lib/x86_64-linux-gnu/libpython3.10.so (found suitable version "3.10.12", minimum required is "3.5") \n'}
[0.820336] (uwb_msgs) StdoutLine: {'line': b'-- Using PYTHON_EXECUTABLE: /usr/bin/python3\n'}
[0.820414] (uwb_msgs) StdoutLine: {'line': b'-- Using PYTHON_INCLUDE_DIRS: /usr/include/python3.10\n'}
[0.820487] (uwb_msgs) StdoutLine: {'line': b'-- Using PYTHON_LIBRARIES: /usr/lib/x86_64-linux-gnu/libpython3.10.so\n'}
[0.833201] (uwb_msgs) StdoutLine: {'line': b'-- Found PythonExtra: .so  \n'}
[0.866628] (uwb_msgs) StdoutLine: {'line': b'-- Found ament_lint_auto: 0.12.11 (/opt/ros/humble/share/ament_lint_auto/cmake)\n'}
[0.880688] (uwb_msgs) StdoutLine: {'line': b"-- Added test 'lint_cmake' to check CMake code style\n"}
[0.881371] (uwb_msgs) StdoutLine: {'line': b"-- Added test 'xmllint' to check XML markup files\n"}
[0.882716] (uwb_msgs) StdoutLine: {'line': b'-- Configuring done\n'}
[0.899864] (uwb_msgs) StdoutLine: {'line': b'-- Generating done\n'}
[0.900680] (-) TimerEvent: {}
[0.906179] (uwb_msgs) StdoutLine: {'line': b'-- Build files have been written to: /workspace/safmc_uwb/ros/build/uwb_msgs\n'}
[0.910284] (uwb_msgs) CommandEnded: {'returncode': 0}
[0.910715] (uwb_msgs) JobProgress: {'identifier': 'uwb_msgs', 'progress': 'build'}
[0.911337] (uwb_msgs) Command: {'cmd': ['/usr/bin/cmake', '--build', '/workspace/safmc_uwb/ros/build/uwb_msgs', '--', '-j16', '-l16'], 'cwd': '/workspace/safmc_uwb/ros/build/uwb_msgs', 'env': OrderedDict([('HOSTNAME', 'a26e13bd7583'), ('GIT_ASKPASS', '/vscode/vscode-server/bin/linux-x64/fabdb6a30b49f79a7aba0f2ad9df9b399473380f/extensions/git/dist/askpass.sh'), ('SHLVL', '2'), ('LD_LIBRARY_PATH', '/opt/ros/humble/opt/rviz_ogre_vendor/lib:/opt/ros/humble/lib/x86_64-linux-gnu:/opt/ros/humble/lib'), ('BROWSER', '/vscode/vscode-server/bin/linux-x64/fabdb6a30b49f79a7aba0f2ad9df9b399473380f/bin/helpers/browser.sh'), ('HOME', '/home/user'), ('OLDPWD', '/workspace/safmc_uwb/ros/src'), ('TERM_PROGRAM_VERSION', '1.96.2'), ('VSCODE_IPC_HOOK_CLI', '/tmp/vscode-ipc-87935dc3-2200-4820-b3bd-e115c7be4d03.sock'), ('DEBUGPY_ADAPTER_ENDPOINTS', '/tmp/noConfigDebugAdapterEndpoints-2765dd6f6483dc79d6d1/debuggerAdapterEndpoint.txt'), ('ROS_PYTHON_VERSION', '3'), ('VSCODE_GIT_ASKPASS_MAIN', '/vscode/vscode-server/bin/linux-x64/fabdb6a30b49f79a7aba0f2ad9df9b399473380f/extensions/git/dist/askpass-main.js'), ('VSCODE_GIT_ASKPASS_NODE', '/vscode/vscode-server/bin/linux-x64/fabdb6a30b49f79a7aba0f2ad9df9b399473380f/node'), ('PYDEVD_DISABLE_FILE_VALIDATION', '1'), ('BUNDLED_DEBUGPY_PATH', '/home/user/.vscode-server/extensions/ms-python.debugpy-2025.0.0-linux-x64/bundled/libs/debugpy'), ('COLORTERM', 'truecolor'), ('REMOTE_CONTAINERS', 'true'), ('ROS_DISTRO', 'humble'), ('REMOTE_CONTAINERS_IPC', '/tmp/vscode-remote-containers-ipc-cb06e396-3ad0-40ec-80dd-5625de81e1e7.sock'), ('_', '/usr/bin/colcon'), ('ROS_VERSION', '2'), ('NVIDIA_DRIVER_CAPABILITIES', 'all'), ('TERM', 'xterm-256color'), ('ROS_LOCALHOST_ONLY', '0'), ('PATH', '/vscode/vscode-server/bin/linux-x64/fabdb6a30b49f79a7aba0f2ad9df9b399473380f/bin/remote-cli:/opt/gcc-arm-none-eabi-9-2020-q2-update/bin:/home/user/.local/bin:/opt/ros/humble/bin:/usr/local/sbin:/usr/local/bin:/usr/sbin:/usr/bin:/sbin:/bin:/home/user/.vscode-server/extensions/ms-python.debugpy-2025.0.0-linux-x64/bundled/scripts/noConfigScripts'), ('REMOTE_CONTAINERS_SOCKETS', '["/tmp/vscode-ssh-auth-cb06e396-3ad0-40ec-80dd-5625de81e1e7.sock","/home/user/.gnupg/S.gpg-agent"]'), ('DISPLAY', ':1'), ('LANG', 'en_US.UTF-8'), ('VSCODE_GIT_IPC_HANDLE', '/tmp/vscode-git-aba0144230.sock'), ('TERM_PROGRAM', 'vscode'), ('SSH_AUTH_SOCK', '/tmp/vscode-ssh-auth-cb06e396-3ad0-40ec-80dd-5625de81e1e7.sock'), ('AMENT_PREFIX_PATH', '/opt/ros/humble'), ('DEBIAN_FRONTEND', 'noninteractive'), ('SHELL', '/bin/bash'), ('VSCODE_GIT_ASKPASS_EXTRA_ARGS', ''), ('PWD', '/workspace/safmc_uwb/ros/build/uwb_msgs'), ('PYTHONPATH', '/opt/ros/humble/lib/python3.10/site-packages:/opt/ros/humble/local/lib/python3.10/dist-packages'), ('COLCON', '1'), ('CMAKE_PREFIX_PATH', '/opt/ros/humble')]), 'shell': False}
[0.935746] (uwb_msgs) StdoutLine: {'line': b'[  3%] \x1b[34m\x1b[1mGenerating C code for ROS interfaces\x1b[0m\n'}
[0.940146] (uwb_msgs) StdoutLine: {'line': b'[  6%] \x1b[34m\x1b[1mGenerating C++ code for ROS interfaces\x1b[0m\n'}
[0.947175] (uwb_msgs) StdoutLine: {'line': b'[  6%] Built target ament_cmake_python_copy_uwb_msgs\n'}
[1.000767] (-) TimerEvent: {}
[1.071624] (uwb_msgs) StdoutLine: {'line': b'running egg_info\n'}
[1.072044] (uwb_msgs) StdoutLine: {'line': b'creating uwb_msgs.egg-info\n'}
[1.072130] (uwb_msgs) StdoutLine: {'line': b'writing uwb_msgs.egg-info/PKG-INFO\n'}
[1.072231] (uwb_msgs) StdoutLine: {'line': b'writing dependency_links to uwb_msgs.egg-info/dependency_links.txt\n'}
[1.072301] (uwb_msgs) StdoutLine: {'line': b'writing top-level names to uwb_msgs.egg-info/top_level.txt\n'}
[1.072375] (uwb_msgs) StdoutLine: {'line': b"writing manifest file 'uwb_msgs.egg-info/SOURCES.txt'\n"}
[1.073383] (uwb_msgs) StdoutLine: {'line': b"reading manifest file 'uwb_msgs.egg-info/SOURCES.txt'\n"}
[1.073681] (uwb_msgs) StdoutLine: {'line': b"writing manifest file 'uwb_msgs.egg-info/SOURCES.txt'\n"}
[1.074626] (uwb_msgs) StdoutLine: {'line': b'[  6%] Built target uwb_msgs__cpp\n'}
[1.076910] (uwb_msgs) StdoutLine: {'line': b'[  9%] \x1b[32mBuilding C object CMakeFiles/uwb_msgs__rosidl_generator_c.dir/rosidl_generator_c/uwb_msgs/msg/detail/range__functions.c.o\x1b[0m\n'}
[1.080995] (uwb_msgs) StdoutLine: {'line': b'[ 12%] \x1b[34m\x1b[1mGenerating C++ type support for eProsima Fast-RTPS\x1b[0m\n'}
[1.081732] (uwb_msgs) StdoutLine: {'line': b'[ 16%] \x1b[34m\x1b[1mGenerating C++ type support dispatch for ROS interfaces\x1b[0m\n'}
[1.082007] (uwb_msgs) StdoutLine: {'line': b'[ 19%] \x1b[34m\x1b[1mGenerating C++ introspection for ROS interfaces\x1b[0m\n'}
[1.090506] (uwb_msgs) StdoutLine: {'line': b'[ 19%] Built target ament_cmake_python_build_uwb_msgs_egg\n'}
[1.100845] (-) TimerEvent: {}
[1.118815] (uwb_msgs) StdoutLine: {'line': b'[ 22%] \x1b[32m\x1b[1mLinking C shared library libuwb_msgs__rosidl_generator_c.so\x1b[0m\n'}
[1.146554] (uwb_msgs) StdoutLine: {'line': b'[ 22%] Built target uwb_msgs__rosidl_generator_c\n'}
[1.152447] (uwb_msgs) StdoutLine: {'line': b'[ 25%] \x1b[34m\x1b[1mGenerating C type support for eProsima Fast-RTPS\x1b[0m\n'}
[1.152659] (uwb_msgs) StdoutLine: {'line': b'[ 29%] \x1b[34m\x1b[1mGenerating C type support dispatch for ROS interfaces\x1b[0m\n'}
[1.155010] (uwb_msgs) StdoutLine: {'line': b'[ 32%] \x1b[34m\x1b[1mGenerating C introspection for ROS interfaces\x1b[0m\n'}
[1.200948] (-) TimerEvent: {}
[1.205982] (uwb_msgs) StdoutLine: {'line': b'[ 35%] \x1b[32mBuilding CXX object CMakeFiles/uwb_msgs__rosidl_typesupport_cpp.dir/rosidl_typesupport_cpp/uwb_msgs/msg/range__type_support.cpp.o\x1b[0m\n'}
[1.208780] (uwb_msgs) StdoutLine: {'line': b'[ 38%] \x1b[32mBuilding CXX object CMakeFiles/uwb_msgs__rosidl_typesupport_introspection_cpp.dir/rosidl_typesupport_introspection_cpp/uwb_msgs/msg/detail/range__type_support.cpp.o\x1b[0m\n'}
[1.218676] (uwb_msgs) StdoutLine: {'line': b'[ 41%] \x1b[32mBuilding CXX object CMakeFiles/uwb_msgs__rosidl_typesupport_fastrtps_cpp.dir/rosidl_typesupport_fastrtps_cpp/uwb_msgs/msg/detail/dds_fastrtps/range__type_support.cpp.o\x1b[0m\n'}
[1.292939] (uwb_msgs) StdoutLine: {'line': b'[ 45%] \x1b[32mBuilding CXX object CMakeFiles/uwb_msgs__rosidl_typesupport_fastrtps_c.dir/rosidl_typesupport_fastrtps_c/uwb_msgs/msg/detail/range__type_support_c.cpp.o\x1b[0m\n'}
[1.293237] (uwb_msgs) StdoutLine: {'line': b'[ 48%] \x1b[32mBuilding C object CMakeFiles/uwb_msgs__rosidl_typesupport_introspection_c.dir/rosidl_typesupport_introspection_c/uwb_msgs/msg/detail/range__type_support.c.o\x1b[0m\n'}
[1.301046] (-) TimerEvent: {}
[1.314137] (uwb_msgs) StdoutLine: {'line': b'[ 51%] \x1b[32mBuilding CXX object CMakeFiles/uwb_msgs__rosidl_typesupport_c.dir/rosidl_typesupport_c/uwb_msgs/msg/range__type_support.cpp.o\x1b[0m\n'}
[1.318970] (uwb_msgs) StdoutLine: {'line': b'[ 54%] \x1b[32m\x1b[1mLinking C shared library libuwb_msgs__rosidl_typesupport_introspection_c.so\x1b[0m\n'}
[1.334891] (uwb_msgs) StdoutLine: {'line': b'[ 58%] \x1b[32m\x1b[1mLinking CXX shared library libuwb_msgs__rosidl_typesupport_c.so\x1b[0m\n'}
[1.341055] (uwb_msgs) StdoutLine: {'line': b'[ 58%] Built target uwb_msgs__rosidl_typesupport_introspection_c\n'}
[1.358686] (uwb_msgs) StdoutLine: {'line': b'[ 61%] \x1b[32m\x1b[1mLinking CXX shared library libuwb_msgs__rosidl_typesupport_cpp.so\x1b[0m\n'}
[1.361433] (uwb_msgs) StdoutLine: {'line': b'[ 61%] Built target uwb_msgs__rosidl_typesupport_c\n'}
[1.385636] (uwb_msgs) StdoutLine: {'line': b'[ 61%] Built target uwb_msgs__rosidl_typesupport_cpp\n'}
[1.401129] (-) TimerEvent: {}
[1.424652] (uwb_msgs) StdoutLine: {'line': b'[ 64%] \x1b[32m\x1b[1mLinking CXX shared library libuwb_msgs__rosidl_typesupport_introspection_cpp.so\x1b[0m\n'}
[1.429350] (uwb_msgs) StdoutLine: {'line': b'[ 67%] \x1b[32m\x1b[1mLinking CXX shared library libuwb_msgs__rosidl_typesupport_fastrtps_cpp.so\x1b[0m\n'}
[1.466194] (uwb_msgs) StdoutLine: {'line': b'[ 67%] Built target uwb_msgs__rosidl_typesupport_introspection_cpp\n'}
[1.474144] (uwb_msgs) StdoutLine: {'line': b'[ 67%] Built target uwb_msgs__rosidl_typesupport_fastrtps_cpp\n'}
[1.474913] (uwb_msgs) StdoutLine: {'line': b'[ 70%] \x1b[32m\x1b[1mLinking CXX shared library libuwb_msgs__rosidl_typesupport_fastrtps_c.so\x1b[0m\n'}
[1.501211] (-) TimerEvent: {}
[1.519220] (uwb_msgs) StdoutLine: {'line': b'[ 70%] Built target uwb_msgs__rosidl_typesupport_fastrtps_c\n'}
[1.530374] (uwb_msgs) StdoutLine: {'line': b'[ 70%] Built target uwb_msgs\n'}
[1.543508] (uwb_msgs) StdoutLine: {'line': b'[ 74%] \x1b[34m\x1b[1mGenerating Python code for ROS interfaces\x1b[0m\n'}
[1.601334] (-) TimerEvent: {}
[1.701382] (uwb_msgs) StdoutLine: {'line': b'[ 74%] Built target uwb_msgs__py\n'}
[1.701530] (-) TimerEvent: {}
[1.716333] (uwb_msgs) StdoutLine: {'line': b'[ 77%] \x1b[32mBuilding C object CMakeFiles/uwb_msgs__rosidl_generator_py.dir/rosidl_generator_py/uwb_msgs/msg/_range_s.c.o\x1b[0m\n'}
[1.793005] (uwb_msgs) StdoutLine: {'line': b'[ 80%] \x1b[32m\x1b[1mLinking C shared library rosidl_generator_py/uwb_msgs/libuwb_msgs__rosidl_generator_py.so\x1b[0m\n'}
[1.801608] (-) TimerEvent: {}
[1.830109] (uwb_msgs) StdoutLine: {'line': b'[ 80%] Built target uwb_msgs__rosidl_generator_py\n'}
[1.855785] (uwb_msgs) StdoutLine: {'line': b'[ 90%] \x1b[32mBuilding C object CMakeFiles/uwb_msgs__rosidl_typesupport_fastrtps_c__pyext.dir/rosidl_generator_py/uwb_msgs/_uwb_msgs_s.ep.rosidl_typesupport_fastrtps_c.c.o\x1b[0m\n'}
[1.856035] (uwb_msgs) StdoutLine: {'line': b'[ 90%] \x1b[32mBuilding C object CMakeFiles/uwb_msgs__rosidl_typesupport_introspection_c__pyext.dir/rosidl_generator_py/uwb_msgs/_uwb_msgs_s.ep.rosidl_typesupport_introspection_c.c.o\x1b[0m\n'}
[1.856253] (uwb_msgs) StdoutLine: {'line': b'[ 90%] \x1b[32mBuilding C object CMakeFiles/uwb_msgs__rosidl_typesupport_c__pyext.dir/rosidl_generator_py/uwb_msgs/_uwb_msgs_s.ep.rosidl_typesupport_c.c.o\x1b[0m\n'}
[1.901708] (-) TimerEvent: {}
[1.920178] (uwb_msgs) StdoutLine: {'line': b'[ 93%] \x1b[32m\x1b[1mLinking C shared library rosidl_generator_py/uwb_msgs/uwb_msgs_s__rosidl_typesupport_introspection_c.cpython-310-x86_64-linux-gnu.so\x1b[0m\n'}
[1.920791] (uwb_msgs) StdoutLine: {'line': b'[ 96%] \x1b[32m\x1b[1mLinking C shared library rosidl_generator_py/uwb_msgs/uwb_msgs_s__rosidl_typesupport_c.cpython-310-x86_64-linux-gnu.so\x1b[0m\n'}
[1.921746] (uwb_msgs) StdoutLine: {'line': b'[100%] \x1b[32m\x1b[1mLinking C shared library rosidl_generator_py/uwb_msgs/uwb_msgs_s__rosidl_typesupport_fastrtps_c.cpython-310-x86_64-linux-gnu.so\x1b[0m\n'}
[1.944038] (uwb_msgs) StdoutLine: {'line': b'[100%] Built target uwb_msgs__rosidl_typesupport_introspection_c__pyext\n'}
[1.945131] (uwb_msgs) StdoutLine: {'line': b'[100%] Built target uwb_msgs__rosidl_typesupport_fastrtps_c__pyext\n'}
[1.945315] (uwb_msgs) StdoutLine: {'line': b'[100%] Built target uwb_msgs__rosidl_typesupport_c__pyext\n'}
[1.951056] (uwb_msgs) CommandEnded: {'returncode': 0}
[1.951402] (uwb_msgs) JobProgress: {'identifier': 'uwb_msgs', 'progress': 'install'}
[1.956013] (uwb_msgs) Command: {'cmd': ['/usr/bin/cmake', '--install', '/workspace/safmc_uwb/ros/build/uwb_msgs'], 'cwd': '/workspace/safmc_uwb/ros/build/uwb_msgs', 'env': OrderedDict([('HOSTNAME', 'a26e13bd7583'), ('GIT_ASKPASS', '/vscode/vscode-server/bin/linux-x64/fabdb6a30b49f79a7aba0f2ad9df9b399473380f/extensions/git/dist/askpass.sh'), ('SHLVL', '2'), ('LD_LIBRARY_PATH', '/opt/ros/humble/opt/rviz_ogre_vendor/lib:/opt/ros/humble/lib/x86_64-linux-gnu:/opt/ros/humble/lib'), ('BROWSER', '/vscode/vscode-server/bin/linux-x64/fabdb6a30b49f79a7aba0f2ad9df9b399473380f/bin/helpers/browser.sh'), ('HOME', '/home/user'), ('OLDPWD', '/workspace/safmc_uwb/ros/src'), ('TERM_PROGRAM_VERSION', '1.96.2'), ('VSCODE_IPC_HOOK_CLI', '/tmp/vscode-ipc-87935dc3-2200-4820-b3bd-e115c7be4d03.sock'), ('DEBUGPY_ADAPTER_ENDPOINTS', '/tmp/noConfigDebugAdapterEndpoints-2765dd6f6483dc79d6d1/debuggerAdapterEndpoint.txt'), ('ROS_PYTHON_VERSION', '3'), ('VSCODE_GIT_ASKPASS_MAIN', '/vscode/vscode-server/bin/linux-x64/fabdb6a30b49f79a7aba0f2ad9df9b399473380f/extensions/git/dist/askpass-main.js'), ('VSCODE_GIT_ASKPASS_NODE', '/vscode/vscode-server/bin/linux-x64/fabdb6a30b49f79a7aba0f2ad9df9b399473380f/node'), ('PYDEVD_DISABLE_FILE_VALIDATION', '1'), ('BUNDLED_DEBUGPY_PATH', '/home/user/.vscode-server/extensions/ms-python.debugpy-2025.0.0-linux-x64/bundled/libs/debugpy'), ('COLORTERM', 'truecolor'), ('REMOTE_CONTAINERS', 'true'), ('ROS_DISTRO', 'humble'), ('REMOTE_CONTAINERS_IPC', '/tmp/vscode-remote-containers-ipc-cb06e396-3ad0-40ec-80dd-5625de81e1e7.sock'), ('_', '/usr/bin/colcon'), ('ROS_VERSION', '2'), ('NVIDIA_DRIVER_CAPABILITIES', 'all'), ('TERM', 'xterm-256color'), ('ROS_LOCALHOST_ONLY', '0'), ('PATH', '/vscode/vscode-server/bin/linux-x64/fabdb6a30b49f79a7aba0f2ad9df9b399473380f/bin/remote-cli:/opt/gcc-arm-none-eabi-9-2020-q2-update/bin:/home/user/.local/bin:/opt/ros/humble/bin:/usr/local/sbin:/usr/local/bin:/usr/sbin:/usr/bin:/sbin:/bin:/home/user/.vscode-server/extensions/ms-python.debugpy-2025.0.0-linux-x64/bundled/scripts/noConfigScripts'), ('REMOTE_CONTAINERS_SOCKETS', '["/tmp/vscode-ssh-auth-cb06e396-3ad0-40ec-80dd-5625de81e1e7.sock","/home/user/.gnupg/S.gpg-agent"]'), ('DISPLAY', ':1'), ('LANG', 'en_US.UTF-8'), ('VSCODE_GIT_IPC_HANDLE', '/tmp/vscode-git-aba0144230.sock'), ('TERM_PROGRAM', 'vscode'), ('SSH_AUTH_SOCK', '/tmp/vscode-ssh-auth-cb06e396-3ad0-40ec-80dd-5625de81e1e7.sock'), ('AMENT_PREFIX_PATH', '/opt/ros/humble'), ('DEBIAN_FRONTEND', 'noninteractive'), ('SHELL', '/bin/bash'), ('VSCODE_GIT_ASKPASS_EXTRA_ARGS', ''), ('PWD', '/workspace/safmc_uwb/ros/build/uwb_msgs'), ('PYTHONPATH', '/opt/ros/humble/lib/python3.10/site-packages:/opt/ros/humble/local/lib/python3.10/dist-packages'), ('COLCON', '1'), ('CMAKE_PREFIX_PATH', '/opt/ros/humble')]), 'shell': False}
[1.960936] (uwb_msgs) StdoutLine: {'line': b'-- Install configuration: ""\n'}
[1.961042] (uwb_msgs) StdoutLine: {'line': b'-- Installing: /workspace/safmc_uwb/ros/install/uwb_msgs/share/ament_index/resource_index/rosidl_interfaces/uwb_msgs\n'}
[1.961101] (uwb_msgs) StdoutLine: {'line': b'-- Installing: /workspace/safmc_uwb/ros/install/uwb_msgs/include/uwb_msgs/uwb_msgs\n'}
[1.961155] (uwb_msgs) StdoutLine: {'line': b'-- Installing: /workspace/safmc_uwb/ros/install/uwb_msgs/include/uwb_msgs/uwb_msgs/msg\n'}
[1.961185] (uwb_msgs) StdoutLine: {'line': b'-- Installing: /workspace/safmc_uwb/ros/install/uwb_msgs/include/uwb_msgs/uwb_msgs/msg/detail\n'}
[1.961245] (uwb_msgs) StdoutLine: {'line': b'-- Installing: /workspace/safmc_uwb/ros/install/uwb_msgs/include/uwb_msgs/uwb_msgs/msg/detail/range__functions.h\n'}
[1.961301] (uwb_msgs) StdoutLine: {'line': b'-- Installing: /workspace/safmc_uwb/ros/install/uwb_msgs/include/uwb_msgs/uwb_msgs/msg/detail/range__type_support.h\n'}
[1.961331] (uwb_msgs) StdoutLine: {'line': b'-- Installing: /workspace/safmc_uwb/ros/install/uwb_msgs/include/uwb_msgs/uwb_msgs/msg/detail/range__struct.h\n'}
[1.961387] (uwb_msgs) StdoutLine: {'line': b'-- Installing: /workspace/safmc_uwb/ros/install/uwb_msgs/include/uwb_msgs/uwb_msgs/msg/detail/range__functions.c\n'}
[1.961444] (uwb_msgs) StdoutLine: {'line': b'-- Installing: /workspace/safmc_uwb/ros/install/uwb_msgs/include/uwb_msgs/uwb_msgs/msg/range.h\n'}
[1.961493] (uwb_msgs) StdoutLine: {'line': b'-- Installing: /workspace/safmc_uwb/ros/install/uwb_msgs/include/uwb_msgs/uwb_msgs/msg/rosidl_generator_c__visibility_control.h\n'}
[1.961520] (uwb_msgs) StdoutLine: {'line': b'-- Installing: /workspace/safmc_uwb/ros/install/uwb_msgs/share/uwb_msgs/environment/library_path.sh\n'}
[1.961545] (uwb_msgs) StdoutLine: {'line': b'-- Installing: /workspace/safmc_uwb/ros/install/uwb_msgs/share/uwb_msgs/environment/library_path.dsv\n'}
[1.961589] (uwb_msgs) StdoutLine: {'line': b'-- Installing: /workspace/safmc_uwb/ros/install/uwb_msgs/lib/libuwb_msgs__rosidl_generator_c.so\n'}
[1.961669] (uwb_msgs) StdoutLine: {'line': b'-- Set runtime path of "/workspace/safmc_uwb/ros/install/uwb_msgs/lib/libuwb_msgs__rosidl_generator_c.so" to ""\n'}
[1.961726] (uwb_msgs) StdoutLine: {'line': b'-- Up-to-date: /workspace/safmc_uwb/ros/install/uwb_msgs/include/uwb_msgs/uwb_msgs\n'}
[1.961754] (uwb_msgs) StdoutLine: {'line': b'-- Up-to-date: /workspace/safmc_uwb/ros/install/uwb_msgs/include/uwb_msgs/uwb_msgs/msg\n'}
[1.961780] (uwb_msgs) StdoutLine: {'line': b'-- Up-to-date: /workspace/safmc_uwb/ros/install/uwb_msgs/include/uwb_msgs/uwb_msgs/msg/detail\n'}
[1.961829] (uwb_msgs) StdoutLine: {'line': b'-- Installing: /workspace/safmc_uwb/ros/install/uwb_msgs/include/uwb_msgs/uwb_msgs/msg/detail/range__rosidl_typesupport_fastrtps_c.h\n'}
[1.961856] (uwb_msgs) StdoutLine: {'line': b'-- Installing: /workspace/safmc_uwb/ros/install/uwb_msgs/include/uwb_msgs/uwb_msgs/msg/rosidl_typesupport_fastrtps_c__visibility_control.h\n'}
[1.961899] (uwb_msgs) StdoutLine: {'line': b'-- Installing: /workspace/safmc_uwb/ros/install/uwb_msgs/lib/libuwb_msgs__rosidl_typesupport_fastrtps_c.so\n'}
[1.961969] (uwb_msgs) StdoutLine: {'line': b'-- Set runtime path of "/workspace/safmc_uwb/ros/install/uwb_msgs/lib/libuwb_msgs__rosidl_typesupport_fastrtps_c.so" to ""\n'}
[1.962027] (uwb_msgs) StdoutLine: {'line': b'-- Up-to-date: /workspace/safmc_uwb/ros/install/uwb_msgs/include/uwb_msgs/uwb_msgs\n'}
[1.962054] (uwb_msgs) StdoutLine: {'line': b'-- Up-to-date: /workspace/safmc_uwb/ros/install/uwb_msgs/include/uwb_msgs/uwb_msgs/msg\n'}
[1.962081] (uwb_msgs) StdoutLine: {'line': b'-- Up-to-date: /workspace/safmc_uwb/ros/install/uwb_msgs/include/uwb_msgs/uwb_msgs/msg/detail\n'}
[1.962106] (uwb_msgs) StdoutLine: {'line': b'-- Installing: /workspace/safmc_uwb/ros/install/uwb_msgs/include/uwb_msgs/uwb_msgs/msg/detail/range__type_support.c\n'}
[1.962148] (uwb_msgs) StdoutLine: {'line': b'-- Installing: /workspace/safmc_uwb/ros/install/uwb_msgs/include/uwb_msgs/uwb_msgs/msg/detail/range__rosidl_typesupport_introspection_c.h\n'}
[1.962189] (uwb_msgs) StdoutLine: {'line': b'-- Installing: /workspace/safmc_uwb/ros/install/uwb_msgs/include/uwb_msgs/uwb_msgs/msg/rosidl_typesupport_introspection_c__visibility_control.h\n'}
[1.962232] (uwb_msgs) StdoutLine: {'line': b'-- Installing: /workspace/safmc_uwb/ros/install/uwb_msgs/lib/libuwb_msgs__rosidl_typesupport_introspection_c.so\n'}
[1.962271] (uwb_msgs) StdoutLine: {'line': b'-- Set runtime path of "/workspace/safmc_uwb/ros/install/uwb_msgs/lib/libuwb_msgs__rosidl_typesupport_introspection_c.so" to ""\n'}
[1.962311] (uwb_msgs) StdoutLine: {'line': b'-- Installing: /workspace/safmc_uwb/ros/install/uwb_msgs/lib/libuwb_msgs__rosidl_typesupport_c.so\n'}
[1.962381] (uwb_msgs) StdoutLine: {'line': b'-- Set runtime path of "/workspace/safmc_uwb/ros/install/uwb_msgs/lib/libuwb_msgs__rosidl_typesupport_c.so" to ""\n'}
[1.962621] (uwb_msgs) StdoutLine: {'line': b'-- Up-to-date: /workspace/safmc_uwb/ros/install/uwb_msgs/include/uwb_msgs/uwb_msgs\n'}
[1.962698] (uwb_msgs) StdoutLine: {'line': b'-- Up-to-date: /workspace/safmc_uwb/ros/install/uwb_msgs/include/uwb_msgs/uwb_msgs/msg\n'}
[1.962727] (uwb_msgs) StdoutLine: {'line': b'-- Up-to-date: /workspace/safmc_uwb/ros/install/uwb_msgs/include/uwb_msgs/uwb_msgs/msg/detail\n'}
[1.962755] (uwb_msgs) StdoutLine: {'line': b'-- Installing: /workspace/safmc_uwb/ros/install/uwb_msgs/include/uwb_msgs/uwb_msgs/msg/detail/range__struct.hpp\n'}
[1.962783] (uwb_msgs) StdoutLine: {'line': b'-- Installing: /workspace/safmc_uwb/ros/install/uwb_msgs/include/uwb_msgs/uwb_msgs/msg/detail/range__builder.hpp\n'}
[1.962812] (uwb_msgs) StdoutLine: {'line': b'-- Installing: /workspace/safmc_uwb/ros/install/uwb_msgs/include/uwb_msgs/uwb_msgs/msg/detail/range__traits.hpp\n'}
[1.962837] (uwb_msgs) StdoutLine: {'line': b'-- Installing: /workspace/safmc_uwb/ros/install/uwb_msgs/include/uwb_msgs/uwb_msgs/msg/detail/range__type_support.hpp\n'}
[1.962862] (uwb_msgs) StdoutLine: {'line': b'-- Installing: /workspace/safmc_uwb/ros/install/uwb_msgs/include/uwb_msgs/uwb_msgs/msg/rosidl_generator_cpp__visibility_control.hpp\n'}
[1.962888] (uwb_msgs) StdoutLine: {'line': b'-- Installing: /workspace/safmc_uwb/ros/install/uwb_msgs/include/uwb_msgs/uwb_msgs/msg/range.hpp\n'}
[1.962939] (uwb_msgs) StdoutLine: {'line': b'-- Up-to-date: /workspace/safmc_uwb/ros/install/uwb_msgs/include/uwb_msgs/uwb_msgs\n'}
[1.962967] (uwb_msgs) StdoutLine: {'line': b'-- Up-to-date: /workspace/safmc_uwb/ros/install/uwb_msgs/include/uwb_msgs/uwb_msgs/msg\n'}
[1.962993] (uwb_msgs) StdoutLine: {'line': b'-- Up-to-date: /workspace/safmc_uwb/ros/install/uwb_msgs/include/uwb_msgs/uwb_msgs/msg/detail\n'}
[1.963017] (uwb_msgs) StdoutLine: {'line': b'-- Installing: /workspace/safmc_uwb/ros/install/uwb_msgs/include/uwb_msgs/uwb_msgs/msg/detail/dds_fastrtps\n'}
[1.963069] (uwb_msgs) StdoutLine: {'line': b'-- Installing: /workspace/safmc_uwb/ros/install/uwb_msgs/include/uwb_msgs/uwb_msgs/msg/detail/range__rosidl_typesupport_fastrtps_cpp.hpp\n'}
[1.963096] (uwb_msgs) StdoutLine: {'line': b'-- Installing: /workspace/safmc_uwb/ros/install/uwb_msgs/include/uwb_msgs/uwb_msgs/msg/rosidl_typesupport_fastrtps_cpp__visibility_control.h\n'}
[1.963123] (uwb_msgs) StdoutLine: {'line': b'-- Installing: /workspace/safmc_uwb/ros/install/uwb_msgs/lib/libuwb_msgs__rosidl_typesupport_fastrtps_cpp.so\n'}
[1.963148] (uwb_msgs) StdoutLine: {'line': b'-- Set runtime path of "/workspace/safmc_uwb/ros/install/uwb_msgs/lib/libuwb_msgs__rosidl_typesupport_fastrtps_cpp.so" to ""\n'}
[1.963172] (uwb_msgs) StdoutLine: {'line': b'-- Up-to-date: /workspace/safmc_uwb/ros/install/uwb_msgs/include/uwb_msgs/uwb_msgs\n'}
[1.963200] (uwb_msgs) StdoutLine: {'line': b'-- Up-to-date: /workspace/safmc_uwb/ros/install/uwb_msgs/include/uwb_msgs/uwb_msgs/msg\n'}
[1.963259] (uwb_msgs) StdoutLine: {'line': b'-- Up-to-date: /workspace/safmc_uwb/ros/install/uwb_msgs/include/uwb_msgs/uwb_msgs/msg/detail\n'}
[1.963286] (uwb_msgs) StdoutLine: {'line': b'-- Installing: /workspace/safmc_uwb/ros/install/uwb_msgs/include/uwb_msgs/uwb_msgs/msg/detail/range__rosidl_typesupport_introspection_cpp.hpp\n'}
[1.963312] (uwb_msgs) StdoutLine: {'line': b'-- Installing: /workspace/safmc_uwb/ros/install/uwb_msgs/include/uwb_msgs/uwb_msgs/msg/detail/range__type_support.cpp\n'}
[1.963337] (uwb_msgs) StdoutLine: {'line': b'-- Installing: /workspace/safmc_uwb/ros/install/uwb_msgs/lib/libuwb_msgs__rosidl_typesupport_introspection_cpp.so\n'}
[1.963365] (uwb_msgs) StdoutLine: {'line': b'-- Set runtime path of "/workspace/safmc_uwb/ros/install/uwb_msgs/lib/libuwb_msgs__rosidl_typesupport_introspection_cpp.so" to ""\n'}
[1.963391] (uwb_msgs) StdoutLine: {'line': b'-- Installing: /workspace/safmc_uwb/ros/install/uwb_msgs/lib/libuwb_msgs__rosidl_typesupport_cpp.so\n'}
[1.963438] (uwb_msgs) StdoutLine: {'line': b'-- Set runtime path of "/workspace/safmc_uwb/ros/install/uwb_msgs/lib/libuwb_msgs__rosidl_typesupport_cpp.so" to ""\n'}
[1.963494] (uwb_msgs) StdoutLine: {'line': b'-- Installing: /workspace/safmc_uwb/ros/install/uwb_msgs/share/uwb_msgs/environment/pythonpath.sh\n'}
[1.963530] (uwb_msgs) StdoutLine: {'line': b'-- Installing: /workspace/safmc_uwb/ros/install/uwb_msgs/share/uwb_msgs/environment/pythonpath.dsv\n'}
[1.963557] (uwb_msgs) StdoutLine: {'line': b'-- Installing: /workspace/safmc_uwb/ros/install/uwb_msgs/local/lib/python3.10/dist-packages/uwb_msgs-0.0.0-py3.10.egg-info\n'}
[1.963581] (uwb_msgs) StdoutLine: {'line': b'-- Installing: /workspace/safmc_uwb/ros/install/uwb_msgs/local/lib/python3.10/dist-packages/uwb_msgs-0.0.0-py3.10.egg-info/PKG-INFO\n'}
[1.963607] (uwb_msgs) StdoutLine: {'line': b'-- Installing: /workspace/safmc_uwb/ros/install/uwb_msgs/local/lib/python3.10/dist-packages/uwb_msgs-0.0.0-py3.10.egg-info/dependency_links.txt\n'}
[1.963632] (uwb_msgs) StdoutLine: {'line': b'-- Installing: /workspace/safmc_uwb/ros/install/uwb_msgs/local/lib/python3.10/dist-packages/uwb_msgs-0.0.0-py3.10.egg-info/top_level.txt\n'}
[1.963672] (uwb_msgs) StdoutLine: {'line': b'-- Installing: /workspace/safmc_uwb/ros/install/uwb_msgs/local/lib/python3.10/dist-packages/uwb_msgs-0.0.0-py3.10.egg-info/SOURCES.txt\n'}
[1.963721] (uwb_msgs) StdoutLine: {'line': b'-- Installing: /workspace/safmc_uwb/ros/install/uwb_msgs/local/lib/python3.10/dist-packages/uwb_msgs\n'}
[1.963746] (uwb_msgs) StdoutLine: {'line': b'-- Installing: /workspace/safmc_uwb/ros/install/uwb_msgs/local/lib/python3.10/dist-packages/uwb_msgs/uwb_msgs_s__rosidl_typesupport_introspection_c.cpython-310-x86_64-linux-gnu.so\n'}
[1.963772] (uwb_msgs) StdoutLine: {'line': b'-- Installing: /workspace/safmc_uwb/ros/install/uwb_msgs/local/lib/python3.10/dist-packages/uwb_msgs/_uwb_msgs_s.ep.rosidl_typesupport_introspection_c.c\n'}
[1.963795] (uwb_msgs) StdoutLine: {'line': b'-- Installing: /workspace/safmc_uwb/ros/install/uwb_msgs/local/lib/python3.10/dist-packages/uwb_msgs/uwb_msgs_s__rosidl_typesupport_fastrtps_c.cpython-310-x86_64-linux-gnu.so\n'}
[1.963839] (uwb_msgs) StdoutLine: {'line': b'-- Installing: /workspace/safmc_uwb/ros/install/uwb_msgs/local/lib/python3.10/dist-packages/uwb_msgs/libuwb_msgs__rosidl_generator_py.so\n'}
[1.963898] (uwb_msgs) StdoutLine: {'line': b'-- Installing: /workspace/safmc_uwb/ros/install/uwb_msgs/local/lib/python3.10/dist-packages/uwb_msgs/msg\n'}
[1.963924] (uwb_msgs) StdoutLine: {'line': b'-- Installing: /workspace/safmc_uwb/ros/install/uwb_msgs/local/lib/python3.10/dist-packages/uwb_msgs/msg/_range.py\n'}
[1.963949] (uwb_msgs) StdoutLine: {'line': b'-- Installing: /workspace/safmc_uwb/ros/install/uwb_msgs/local/lib/python3.10/dist-packages/uwb_msgs/msg/_range_s.c\n'}
[1.963974] (uwb_msgs) StdoutLine: {'line': b'-- Installing: /workspace/safmc_uwb/ros/install/uwb_msgs/local/lib/python3.10/dist-packages/uwb_msgs/msg/__init__.py\n'}
[1.963997] (uwb_msgs) StdoutLine: {'line': b'-- Installing: /workspace/safmc_uwb/ros/install/uwb_msgs/local/lib/python3.10/dist-packages/uwb_msgs/_uwb_msgs_s.ep.rosidl_typesupport_c.c\n'}
[1.964038] (uwb_msgs) StdoutLine: {'line': b'-- Installing: /workspace/safmc_uwb/ros/install/uwb_msgs/local/lib/python3.10/dist-packages/uwb_msgs/__init__.py\n'}
[1.964083] (uwb_msgs) StdoutLine: {'line': b'-- Installing: /workspace/safmc_uwb/ros/install/uwb_msgs/local/lib/python3.10/dist-packages/uwb_msgs/_uwb_msgs_s.ep.rosidl_typesupport_fastrtps_c.c\n'}
[1.964109] (uwb_msgs) StdoutLine: {'line': b'-- Installing: /workspace/safmc_uwb/ros/install/uwb_msgs/local/lib/python3.10/dist-packages/uwb_msgs/uwb_msgs_s__rosidl_typesupport_c.cpython-310-x86_64-linux-gnu.so\n'}
[1.982845] (uwb_msgs) StdoutLine: {'line': b"Listing '/workspace/safmc_uwb/ros/install/uwb_msgs/local/lib/python3.10/dist-packages/uwb_msgs'...\n"}
[1.983013] (uwb_msgs) StdoutLine: {'line': b"Compiling '/workspace/safmc_uwb/ros/install/uwb_msgs/local/lib/python3.10/dist-packages/uwb_msgs/__init__.py'...\n"}
[1.983090] (uwb_msgs) StdoutLine: {'line': b"Listing '/workspace/safmc_uwb/ros/install/uwb_msgs/local/lib/python3.10/dist-packages/uwb_msgs/msg'...\n"}
[1.983158] (uwb_msgs) StdoutLine: {'line': b"Compiling '/workspace/safmc_uwb/ros/install/uwb_msgs/local/lib/python3.10/dist-packages/uwb_msgs/msg/__init__.py'...\n"}
[1.983227] (uwb_msgs) StdoutLine: {'line': b"Compiling '/workspace/safmc_uwb/ros/install/uwb_msgs/local/lib/python3.10/dist-packages/uwb_msgs/msg/_range.py'...\n"}
[1.985559] (uwb_msgs) StdoutLine: {'line': b'-- Installing: /workspace/safmc_uwb/ros/install/uwb_msgs/local/lib/python3.10/dist-packages/uwb_msgs/uwb_msgs_s__rosidl_typesupport_fastrtps_c.cpython-310-x86_64-linux-gnu.so\n'}
[1.985727] (uwb_msgs) StdoutLine: {'line': b'-- Set runtime path of "/workspace/safmc_uwb/ros/install/uwb_msgs/local/lib/python3.10/dist-packages/uwb_msgs/uwb_msgs_s__rosidl_typesupport_fastrtps_c.cpython-310-x86_64-linux-gnu.so" to ""\n'}
[1.985809] (uwb_msgs) StdoutLine: {'line': b'-- Installing: /workspace/safmc_uwb/ros/install/uwb_msgs/local/lib/python3.10/dist-packages/uwb_msgs/uwb_msgs_s__rosidl_typesupport_introspection_c.cpython-310-x86_64-linux-gnu.so\n'}
[1.985919] (uwb_msgs) StdoutLine: {'line': b'-- Set runtime path of "/workspace/safmc_uwb/ros/install/uwb_msgs/local/lib/python3.10/dist-packages/uwb_msgs/uwb_msgs_s__rosidl_typesupport_introspection_c.cpython-310-x86_64-linux-gnu.so" to ""\n'}
[1.986016] (uwb_msgs) StdoutLine: {'line': b'-- Installing: /workspace/safmc_uwb/ros/install/uwb_msgs/local/lib/python3.10/dist-packages/uwb_msgs/uwb_msgs_s__rosidl_typesupport_c.cpython-310-x86_64-linux-gnu.so\n'}
[1.986113] (uwb_msgs) StdoutLine: {'line': b'-- Set runtime path of "/workspace/safmc_uwb/ros/install/uwb_msgs/local/lib/python3.10/dist-packages/uwb_msgs/uwb_msgs_s__rosidl_typesupport_c.cpython-310-x86_64-linux-gnu.so" to ""\n'}
[1.986249] (uwb_msgs) StdoutLine: {'line': b'-- Installing: /workspace/safmc_uwb/ros/install/uwb_msgs/lib/libuwb_msgs__rosidl_generator_py.so\n'}
[1.986358] (uwb_msgs) StdoutLine: {'line': b'-- Set runtime path of "/workspace/safmc_uwb/ros/install/uwb_msgs/lib/libuwb_msgs__rosidl_generator_py.so" to ""\n'}
[1.986424] (uwb_msgs) StdoutLine: {'line': b'-- Installing: /workspace/safmc_uwb/ros/install/uwb_msgs/share/uwb_msgs/msg/Range.idl\n'}
[1.986486] (uwb_msgs) StdoutLine: {'line': b'-- Installing: /workspace/safmc_uwb/ros/install/uwb_msgs/share/uwb_msgs/msg/Range.msg\n'}
[1.986514] (uwb_msgs) StdoutLine: {'line': b'-- Installing: /workspace/safmc_uwb/ros/install/uwb_msgs/share/ament_index/resource_index/package_run_dependencies/uwb_msgs\n'}
[1.986559] (uwb_msgs) StdoutLine: {'line': b'-- Installing: /workspace/safmc_uwb/ros/install/uwb_msgs/share/ament_index/resource_index/parent_prefix_path/uwb_msgs\n'}
[1.986596] (uwb_msgs) StdoutLine: {'line': b'-- Installing: /workspace/safmc_uwb/ros/install/uwb_msgs/share/uwb_msgs/environment/ament_prefix_path.sh\n'}
[1.986643] (uwb_msgs) StdoutLine: {'line': b'-- Installing: /workspace/safmc_uwb/ros/install/uwb_msgs/share/uwb_msgs/environment/ament_prefix_path.dsv\n'}
[1.986685] (uwb_msgs) StdoutLine: {'line': b'-- Installing: /workspace/safmc_uwb/ros/install/uwb_msgs/share/uwb_msgs/environment/path.sh\n'}
[1.986721] (uwb_msgs) StdoutLine: {'line': b'-- Installing: /workspace/safmc_uwb/ros/install/uwb_msgs/share/uwb_msgs/environment/path.dsv\n'}
[1.986757] (uwb_msgs) StdoutLine: {'line': b'-- Installing: /workspace/safmc_uwb/ros/install/uwb_msgs/share/uwb_msgs/local_setup.bash\n'}
[1.986794] (uwb_msgs) StdoutLine: {'line': b'-- Installing: /workspace/safmc_uwb/ros/install/uwb_msgs/share/uwb_msgs/local_setup.sh\n'}
[1.986838] (uwb_msgs) StdoutLine: {'line': b'-- Installing: /workspace/safmc_uwb/ros/install/uwb_msgs/share/uwb_msgs/local_setup.zsh\n'}
[1.986876] (uwb_msgs) StdoutLine: {'line': b'-- Installing: /workspace/safmc_uwb/ros/install/uwb_msgs/share/uwb_msgs/local_setup.dsv\n'}
[1.986916] (uwb_msgs) StdoutLine: {'line': b'-- Installing: /workspace/safmc_uwb/ros/install/uwb_msgs/share/uwb_msgs/package.dsv\n'}
[1.986974] (uwb_msgs) StdoutLine: {'line': b'-- Installing: /workspace/safmc_uwb/ros/install/uwb_msgs/share/ament_index/resource_index/packages/uwb_msgs\n'}
[1.987031] (uwb_msgs) StdoutLine: {'line': b'-- Installing: /workspace/safmc_uwb/ros/install/uwb_msgs/share/uwb_msgs/cmake/export_uwb_msgs__rosidl_generator_cExport.cmake\n'}
[1.987083] (uwb_msgs) StdoutLine: {'line': b'-- Installing: /workspace/safmc_uwb/ros/install/uwb_msgs/share/uwb_msgs/cmake/export_uwb_msgs__rosidl_generator_cExport-noconfig.cmake\n'}
[1.987128] (uwb_msgs) StdoutLine: {'line': b'-- Installing: /workspace/safmc_uwb/ros/install/uwb_msgs/share/uwb_msgs/cmake/export_uwb_msgs__rosidl_typesupport_fastrtps_cExport.cmake\n'}
[1.987173] (uwb_msgs) StdoutLine: {'line': b'-- Installing: /workspace/safmc_uwb/ros/install/uwb_msgs/share/uwb_msgs/cmake/export_uwb_msgs__rosidl_typesupport_fastrtps_cExport-noconfig.cmake\n'}
[1.987221] (uwb_msgs) StdoutLine: {'line': b'-- Installing: /workspace/safmc_uwb/ros/install/uwb_msgs/share/uwb_msgs/cmake/uwb_msgs__rosidl_typesupport_introspection_cExport.cmake\n'}
[1.987260] (uwb_msgs) StdoutLine: {'line': b'-- Installing: /workspace/safmc_uwb/ros/install/uwb_msgs/share/uwb_msgs/cmake/uwb_msgs__rosidl_typesupport_introspection_cExport-noconfig.cmake\n'}
[1.987308] (uwb_msgs) StdoutLine: {'line': b'-- Installing: /workspace/safmc_uwb/ros/install/uwb_msgs/share/uwb_msgs/cmake/uwb_msgs__rosidl_typesupport_cExport.cmake\n'}
[1.987351] (uwb_msgs) StdoutLine: {'line': b'-- Installing: /workspace/safmc_uwb/ros/install/uwb_msgs/share/uwb_msgs/cmake/uwb_msgs__rosidl_typesupport_cExport-noconfig.cmake\n'}
[1.987397] (uwb_msgs) StdoutLine: {'line': b'-- Installing: /workspace/safmc_uwb/ros/install/uwb_msgs/share/uwb_msgs/cmake/export_uwb_msgs__rosidl_generator_cppExport.cmake\n'}
[1.987443] (uwb_msgs) StdoutLine: {'line': b'-- Installing: /workspace/safmc_uwb/ros/install/uwb_msgs/share/uwb_msgs/cmake/export_uwb_msgs__rosidl_typesupport_fastrtps_cppExport.cmake\n'}
[1.987488] (uwb_msgs) StdoutLine: {'line': b'-- Installing: /workspace/safmc_uwb/ros/install/uwb_msgs/share/uwb_msgs/cmake/export_uwb_msgs__rosidl_typesupport_fastrtps_cppExport-noconfig.cmake\n'}
[1.987531] (uwb_msgs) StdoutLine: {'line': b'-- Installing: /workspace/safmc_uwb/ros/install/uwb_msgs/share/uwb_msgs/cmake/uwb_msgs__rosidl_typesupport_introspection_cppExport.cmake\n'}
[1.987576] (uwb_msgs) StdoutLine: {'line': b'-- Installing: /workspace/safmc_uwb/ros/install/uwb_msgs/share/uwb_msgs/cmake/uwb_msgs__rosidl_typesupport_introspection_cppExport-noconfig.cmake\n'}
[1.987625] (uwb_msgs) StdoutLine: {'line': b'-- Installing: /workspace/safmc_uwb/ros/install/uwb_msgs/share/uwb_msgs/cmake/uwb_msgs__rosidl_typesupport_cppExport.cmake\n'}
[1.987672] (uwb_msgs) StdoutLine: {'line': b'-- Installing: /workspace/safmc_uwb/ros/install/uwb_msgs/share/uwb_msgs/cmake/uwb_msgs__rosidl_typesupport_cppExport-noconfig.cmake\n'}
[1.987717] (uwb_msgs) StdoutLine: {'line': b'-- Installing: /workspace/safmc_uwb/ros/install/uwb_msgs/share/uwb_msgs/cmake/export_uwb_msgs__rosidl_generator_pyExport.cmake\n'}
[1.987758] (uwb_msgs) StdoutLine: {'line': b'-- Installing: /workspace/safmc_uwb/ros/install/uwb_msgs/share/uwb_msgs/cmake/export_uwb_msgs__rosidl_generator_pyExport-noconfig.cmake\n'}
[1.987799] (uwb_msgs) StdoutLine: {'line': b'-- Installing: /workspace/safmc_uwb/ros/install/uwb_msgs/share/uwb_msgs/cmake/rosidl_cmake-extras.cmake\n'}
[1.987839] (uwb_msgs) StdoutLine: {'line': b'-- Installing: /workspace/safmc_uwb/ros/install/uwb_msgs/share/uwb_msgs/cmake/ament_cmake_export_dependencies-extras.cmake\n'}
[1.987884] (uwb_msgs) StdoutLine: {'line': b'-- Installing: /workspace/safmc_uwb/ros/install/uwb_msgs/share/uwb_msgs/cmake/ament_cmake_export_include_directories-extras.cmake\n'}
[1.987922] (uwb_msgs) StdoutLine: {'line': b'-- Installing: /workspace/safmc_uwb/ros/install/uwb_msgs/share/uwb_msgs/cmake/ament_cmake_export_libraries-extras.cmake\n'}
[1.987964] (uwb_msgs) StdoutLine: {'line': b'-- Installing: /workspace/safmc_uwb/ros/install/uwb_msgs/share/uwb_msgs/cmake/ament_cmake_export_targets-extras.cmake\n'}
[1.988006] (uwb_msgs) StdoutLine: {'line': b'-- Installing: /workspace/safmc_uwb/ros/install/uwb_msgs/share/uwb_msgs/cmake/rosidl_cmake_export_typesupport_targets-extras.cmake\n'}
[1.988049] (uwb_msgs) StdoutLine: {'line': b'-- Installing: /workspace/safmc_uwb/ros/install/uwb_msgs/share/uwb_msgs/cmake/rosidl_cmake_export_typesupport_libraries-extras.cmake\n'}
[1.988087] (uwb_msgs) StdoutLine: {'line': b'-- Installing: /workspace/safmc_uwb/ros/install/uwb_msgs/share/uwb_msgs/cmake/uwb_msgsConfig.cmake\n'}
[1.988129] (uwb_msgs) StdoutLine: {'line': b'-- Installing: /workspace/safmc_uwb/ros/install/uwb_msgs/share/uwb_msgs/cmake/uwb_msgsConfig-version.cmake\n'}
[1.988202] (uwb_msgs) StdoutLine: {'line': b'-- Installing: /workspace/safmc_uwb/ros/install/uwb_msgs/share/uwb_msgs/package.xml\n'}
[1.989436] (uwb_msgs) CommandEnded: {'returncode': 0}
[1.997310] (uwb_msgs) JobEnded: {'identifier': 'uwb_msgs', 'rc': 0}
[1.997682] (-) EventReactorShutdown: {}
