[0.023s] Invoking command in '/home/Judy/safmc_uwb/build/uwb_msgs': CMAKE_PREFIX_PATH=/opt/ros/humble /usr/bin/cmake /home/Judy/safmc_uwb/ros_enfu/src/uwb_msgs -DCMAKE_INSTALL_PREFIX=/home/Judy/safmc_uwb/install/uwb_msgs
[0.326s] -- The C compiler identification is GNU 11.4.0
[0.985s] -- The CXX compiler identification is GNU 11.4.0
[1.433s] -- Detecting C compiler ABI info
[1.606s] -- Detecting C compiler ABI info - done
[1.611s] -- Check for working C compiler: /usr/bin/cc - skipped
[1.611s] -- Detecting C compile features
[1.612s] -- Detecting C compile features - done
[1.616s] -- Detecting CXX compiler ABI info
[1.792s] -- Detecting CXX compiler ABI info - done
[1.798s] -- Check for working CXX compiler: /usr/bin/c++ - skipped
[1.798s] -- Detecting CXX compile features
[1.799s] -- Detecting CXX compile features - done
[1.815s] -- Found ament_cmake: 1.3.11 (/opt/ros/humble/share/ament_cmake/cmake)
[1.937s] -- Found Python3: /usr/bin/python3 (found version "3.10.12") found components: Interpreter 
[2.044s] -- Found rosidl_default_generators: 1.2.0 (/opt/ros/humble/share/rosidl_default_generators/cmake)
[2.051s] -- Using all available rosidl_typesupport_c: rosidl_typesupport_fastrtps_c;rosidl_typesupport_introspection_c
[2.061s] -- Found rosidl_adapter: 3.1.6 (/opt/ros/humble/share/rosidl_adapter/cmake)
[2.298s] -- Using all available rosidl_typesupport_cpp: rosidl_typesupport_fastrtps_cpp;rosidl_typesupport_introspection_cpp
[2.347s] -- Found geometry_msgs: 4.2.4 (/opt/ros/humble/share/geometry_msgs/cmake)
[2.618s] -- Found ament_cmake_ros: 0.10.0 (/opt/ros/humble/share/ament_cmake_ros/cmake)
[2.812s] -- Using all available rosidl_typesupport_c: rosidl_typesupport_fastrtps_c;rosidl_typesupport_introspection_c
[3.070s] -- Using all available rosidl_typesupport_cpp: rosidl_typesupport_fastrtps_cpp;rosidl_typesupport_introspection_cpp
[3.228s] -- Found PythonInterp: /usr/bin/python3 (found suitable version "3.10.12", minimum required is "3.6") 
[3.230s] -- Found python_cmake_module: 0.10.0 (/opt/ros/humble/share/python_cmake_module/cmake)
[3.688s] -- Found PythonLibs: /usr/lib/x86_64-linux-gnu/libpython3.10.so (found suitable version "3.10.12", minimum required is "3.5") 
[3.688s] -- Using PYTHON_EXECUTABLE: /usr/bin/python3
[3.688s] -- Using PYTHON_INCLUDE_DIRS: /usr/include/python3.10
[3.688s] -- Using PYTHON_LIBRARIES: /usr/lib/x86_64-linux-gnu/libpython3.10.so
[3.706s] -- Found PythonExtra: .so  
[3.799s] -- Found ament_lint_auto: 0.12.11 (/opt/ros/humble/share/ament_lint_auto/cmake)
[3.838s] -- Added test 'lint_cmake' to check CMake code style
[3.840s] -- Added test 'xmllint' to check XML markup files
[3.844s] -- Configuring done
[3.909s] -- Generating done
[3.920s] -- Build files have been written to: /home/Judy/safmc_uwb/build/uwb_msgs
[3.931s] Invoked command in '/home/Judy/safmc_uwb/build/uwb_msgs' returned '0': CMAKE_PREFIX_PATH=/opt/ros/humble /usr/bin/cmake /home/Judy/safmc_uwb/ros_enfu/src/uwb_msgs -DCMAKE_INSTALL_PREFIX=/home/Judy/safmc_uwb/install/uwb_msgs
[3.934s] Invoking command in '/home/Judy/safmc_uwb/build/uwb_msgs': CMAKE_PREFIX_PATH=/opt/ros/humble /usr/bin/cmake --build /home/Judy/safmc_uwb/build/uwb_msgs -- -j12 -l12
[3.964s] [  3%] [34m[1mGenerating C code for ROS interfaces[0m
[3.971s] [  6%] [34m[1mGenerating C++ code for ROS interfaces[0m
[3.979s] [  6%] Built target ament_cmake_python_copy_uwb_msgs
[4.169s] [  6%] Built target uwb_msgs__cpp
[4.177s] [ 12%] [32mBuilding C object CMakeFiles/uwb_msgs__rosidl_generator_c.dir/rosidl_generator_c/uwb_msgs/msg/detail/range__functions.c.o[0m
[4.177s] [ 12%] [34m[1mGenerating C++ type support for eProsima Fast-RTPS[0m
[4.177s] [ 16%] [34m[1mGenerating C++ type support dispatch for ROS interfaces[0m
[4.177s] [ 19%] [34m[1mGenerating C++ introspection for ROS interfaces[0m
[4.209s] running egg_info
[4.210s] creating uwb_msgs.egg-info
[4.211s] writing uwb_msgs.egg-info/PKG-INFO
[4.211s] writing dependency_links to uwb_msgs.egg-info/dependency_links.txt
[4.212s] writing top-level names to uwb_msgs.egg-info/top_level.txt
[4.212s] writing manifest file 'uwb_msgs.egg-info/SOURCES.txt'
[4.215s] reading manifest file 'uwb_msgs.egg-info/SOURCES.txt'
[4.216s] writing manifest file 'uwb_msgs.egg-info/SOURCES.txt'
[4.268s] [ 22%] Built target ament_cmake_python_build_uwb_msgs_egg
[4.268s] [ 22%] [32m[1mLinking C shared library libuwb_msgs__rosidl_generator_c.so[0m
[4.370s] [ 25%] [32mBuilding CXX object CMakeFiles/uwb_msgs__rosidl_typesupport_cpp.dir/rosidl_typesupport_cpp/uwb_msgs/msg/range__type_support.cpp.o[0m
[4.386s] [ 32%] [32mBuilding CXX object CMakeFiles/uwb_msgs__rosidl_typesupport_introspection_cpp.dir/rosidl_typesupport_introspection_cpp/uwb_msgs/msg/detail/range__type_support.cpp.o[0m
[4.386s] [ 32%] [32mBuilding CXX object CMakeFiles/uwb_msgs__rosidl_typesupport_fastrtps_cpp.dir/rosidl_typesupport_fastrtps_cpp/uwb_msgs/msg/detail/dds_fastrtps/range__type_support.cpp.o[0m
[4.397s] [ 32%] Built target uwb_msgs__rosidl_generator_c
[4.406s] [ 41%] [34m[1mGenerating C type support for eProsima Fast-RTPS[0m
[4.406s] [ 41%] [34m[1mGenerating C introspection for ROS interfaces[0m
[4.406s] [ 41%] [34m[1mGenerating C type support dispatch for ROS interfaces[0m
[4.622s] [ 45%] [32mBuilding CXX object CMakeFiles/uwb_msgs__rosidl_typesupport_c.dir/rosidl_typesupport_c/uwb_msgs/msg/range__type_support.cpp.o[0m
[4.654s] [ 51%] [32mBuilding CXX object CMakeFiles/uwb_msgs__rosidl_typesupport_fastrtps_c.dir/rosidl_typesupport_fastrtps_c/uwb_msgs/msg/detail/range__type_support_c.cpp.o[0m
[4.655s] [ 51%] [32mBuilding C object CMakeFiles/uwb_msgs__rosidl_typesupport_introspection_c.dir/rosidl_typesupport_introspection_c/uwb_msgs/msg/detail/range__type_support.c.o[0m
[4.661s] [ 54%] [32m[1mLinking CXX shared library libuwb_msgs__rosidl_typesupport_c.so[0m
[4.697s] [ 58%] [32m[1mLinking C shared library libuwb_msgs__rosidl_typesupport_introspection_c.so[0m
[4.704s] [ 61%] [32m[1mLinking CXX shared library libuwb_msgs__rosidl_typesupport_cpp.so[0m
[4.830s] [ 61%] Built target uwb_msgs__rosidl_typesupport_c
[4.848s] [ 61%] Built target uwb_msgs__rosidl_typesupport_introspection_c
[4.864s] [ 64%] [32m[1mLinking CXX shared library libuwb_msgs__rosidl_typesupport_introspection_cpp.so[0m
[4.864s] [ 64%] Built target uwb_msgs__rosidl_typesupport_cpp
[4.866s] [ 67%] [32m[1mLinking CXX shared library libuwb_msgs__rosidl_typesupport_fastrtps_cpp.so[0m
[4.985s] [ 70%] [32m[1mLinking CXX shared library libuwb_msgs__rosidl_typesupport_fastrtps_c.so[0m
[5.000s] [ 70%] Built target uwb_msgs__rosidl_typesupport_introspection_cpp
[5.003s] [ 70%] Built target uwb_msgs__rosidl_typesupport_fastrtps_cpp
[5.149s] [ 70%] Built target uwb_msgs__rosidl_typesupport_fastrtps_c
[5.166s] [ 70%] Built target uwb_msgs
[5.183s] [ 74%] [34m[1mGenerating Python code for ROS interfaces[0m
[5.413s] [ 74%] Built target uwb_msgs__py
[5.430s] [ 77%] [32mBuilding C object CMakeFiles/uwb_msgs__rosidl_generator_py.dir/rosidl_generator_py/uwb_msgs/msg/_range_s.c.o[0m
[5.547s] [ 80%] [32m[1mLinking C shared library rosidl_generator_py/uwb_msgs/libuwb_msgs__rosidl_generator_py.so[0m
[5.674s] [ 80%] Built target uwb_msgs__rosidl_generator_py
[5.690s] [ 90%] [32mBuilding C object CMakeFiles/uwb_msgs__rosidl_typesupport_fastrtps_c__pyext.dir/rosidl_generator_py/uwb_msgs/_uwb_msgs_s.ep.rosidl_typesupport_fastrtps_c.c.o[0m
[5.690s] [ 90%] [32mBuilding C object CMakeFiles/uwb_msgs__rosidl_typesupport_c__pyext.dir/rosidl_generator_py/uwb_msgs/_uwb_msgs_s.ep.rosidl_typesupport_c.c.o[0m
[5.690s] [ 90%] [32mBuilding C object CMakeFiles/uwb_msgs__rosidl_typesupport_introspection_c__pyext.dir/rosidl_generator_py/uwb_msgs/_uwb_msgs_s.ep.rosidl_typesupport_introspection_c.c.o[0m
[5.768s] [ 96%] [32m[1mLinking C shared library rosidl_generator_py/uwb_msgs/uwb_msgs_s__rosidl_typesupport_introspection_c.cpython-310-x86_64-linux-gnu.so[0m
[5.769s] [ 96%] [32m[1mLinking C shared library rosidl_generator_py/uwb_msgs/uwb_msgs_s__rosidl_typesupport_fastrtps_c.cpython-310-x86_64-linux-gnu.so[0m
[5.776s] [100%] [32m[1mLinking C shared library rosidl_generator_py/uwb_msgs/uwb_msgs_s__rosidl_typesupport_c.cpython-310-x86_64-linux-gnu.so[0m
[5.871s] [100%] Built target uwb_msgs__rosidl_typesupport_fastrtps_c__pyext
[5.871s] [100%] Built target uwb_msgs__rosidl_typesupport_introspection_c__pyext
[5.910s] [100%] Built target uwb_msgs__rosidl_typesupport_c__pyext
[5.920s] Invoked command in '/home/Judy/safmc_uwb/build/uwb_msgs' returned '0': CMAKE_PREFIX_PATH=/opt/ros/humble /usr/bin/cmake --build /home/Judy/safmc_uwb/build/uwb_msgs -- -j12 -l12
[5.929s] Invoking command in '/home/Judy/safmc_uwb/build/uwb_msgs': CMAKE_PREFIX_PATH=/opt/ros/humble /usr/bin/cmake --install /home/Judy/safmc_uwb/build/uwb_msgs
[5.935s] -- Install configuration: ""
[5.937s] -- Installing: /home/Judy/safmc_uwb/install/uwb_msgs/share/ament_index/resource_index/rosidl_interfaces/uwb_msgs
[5.937s] -- Installing: /home/Judy/safmc_uwb/install/uwb_msgs/include/uwb_msgs/uwb_msgs
[5.938s] -- Installing: /home/Judy/safmc_uwb/install/uwb_msgs/include/uwb_msgs/uwb_msgs/msg
[5.938s] -- Installing: /home/Judy/safmc_uwb/install/uwb_msgs/include/uwb_msgs/uwb_msgs/msg/detail
[5.939s] -- Installing: /home/Judy/safmc_uwb/install/uwb_msgs/include/uwb_msgs/uwb_msgs/msg/detail/range__type_support.h
[5.939s] -- Installing: /home/Judy/safmc_uwb/install/uwb_msgs/include/uwb_msgs/uwb_msgs/msg/detail/range__functions.c
[5.939s] -- Installing: /home/Judy/safmc_uwb/install/uwb_msgs/include/uwb_msgs/uwb_msgs/msg/detail/range__functions.h
[5.939s] -- Installing: /home/Judy/safmc_uwb/install/uwb_msgs/include/uwb_msgs/uwb_msgs/msg/detail/range__struct.h
[5.939s] -- Installing: /home/Judy/safmc_uwb/install/uwb_msgs/include/uwb_msgs/uwb_msgs/msg/range.h
[5.939s] -- Installing: /home/Judy/safmc_uwb/install/uwb_msgs/include/uwb_msgs/uwb_msgs/msg/rosidl_generator_c__visibility_control.h
[5.941s] -- Installing: /home/Judy/safmc_uwb/install/uwb_msgs/share/uwb_msgs/environment/library_path.sh
[5.941s] -- Installing: /home/Judy/safmc_uwb/install/uwb_msgs/share/uwb_msgs/environment/library_path.dsv
[5.941s] -- Installing: /home/Judy/safmc_uwb/install/uwb_msgs/lib/libuwb_msgs__rosidl_generator_c.so
[5.942s] -- Set runtime path of "/home/Judy/safmc_uwb/install/uwb_msgs/lib/libuwb_msgs__rosidl_generator_c.so" to ""
[5.942s] -- Up-to-date: /home/Judy/safmc_uwb/install/uwb_msgs/include/uwb_msgs/uwb_msgs
[5.942s] -- Up-to-date: /home/Judy/safmc_uwb/install/uwb_msgs/include/uwb_msgs/uwb_msgs/msg
[5.942s] -- Installing: /home/Judy/safmc_uwb/install/uwb_msgs/include/uwb_msgs/uwb_msgs/msg/rosidl_typesupport_fastrtps_c__visibility_control.h
[5.942s] -- Up-to-date: /home/Judy/safmc_uwb/install/uwb_msgs/include/uwb_msgs/uwb_msgs/msg/detail
[5.943s] -- Installing: /home/Judy/safmc_uwb/install/uwb_msgs/include/uwb_msgs/uwb_msgs/msg/detail/range__rosidl_typesupport_fastrtps_c.h
[5.943s] -- Installing: /home/Judy/safmc_uwb/install/uwb_msgs/lib/libuwb_msgs__rosidl_typesupport_fastrtps_c.so
[5.943s] -- Set runtime path of "/home/Judy/safmc_uwb/install/uwb_msgs/lib/libuwb_msgs__rosidl_typesupport_fastrtps_c.so" to ""
[5.943s] -- Up-to-date: /home/Judy/safmc_uwb/install/uwb_msgs/include/uwb_msgs/uwb_msgs
[5.943s] -- Up-to-date: /home/Judy/safmc_uwb/install/uwb_msgs/include/uwb_msgs/uwb_msgs/msg
[5.943s] -- Up-to-date: /home/Judy/safmc_uwb/install/uwb_msgs/include/uwb_msgs/uwb_msgs/msg/detail
[5.943s] -- Installing: /home/Judy/safmc_uwb/install/uwb_msgs/include/uwb_msgs/uwb_msgs/msg/detail/range__type_support.c
[5.943s] -- Installing: /home/Judy/safmc_uwb/install/uwb_msgs/include/uwb_msgs/uwb_msgs/msg/detail/range__rosidl_typesupport_introspection_c.h
[5.943s] -- Installing: /home/Judy/safmc_uwb/install/uwb_msgs/include/uwb_msgs/uwb_msgs/msg/rosidl_typesupport_introspection_c__visibility_control.h
[5.943s] -- Installing: /home/Judy/safmc_uwb/install/uwb_msgs/lib/libuwb_msgs__rosidl_typesupport_introspection_c.so
[5.944s] -- Set runtime path of "/home/Judy/safmc_uwb/install/uwb_msgs/lib/libuwb_msgs__rosidl_typesupport_introspection_c.so" to ""
[5.944s] -- Installing: /home/Judy/safmc_uwb/install/uwb_msgs/lib/libuwb_msgs__rosidl_typesupport_c.so
[5.944s] -- Set runtime path of "/home/Judy/safmc_uwb/install/uwb_msgs/lib/libuwb_msgs__rosidl_typesupport_c.so" to ""
[5.944s] -- Up-to-date: /home/Judy/safmc_uwb/install/uwb_msgs/include/uwb_msgs/uwb_msgs
[5.944s] -- Up-to-date: /home/Judy/safmc_uwb/install/uwb_msgs/include/uwb_msgs/uwb_msgs/msg
[5.945s] -- Up-to-date: /home/Judy/safmc_uwb/install/uwb_msgs/include/uwb_msgs/uwb_msgs/msg/detail
[5.945s] -- Installing: /home/Judy/safmc_uwb/install/uwb_msgs/include/uwb_msgs/uwb_msgs/msg/detail/range__struct.hpp
[5.945s] -- Installing: /home/Judy/safmc_uwb/install/uwb_msgs/include/uwb_msgs/uwb_msgs/msg/detail/range__traits.hpp
[5.945s] -- Installing: /home/Judy/safmc_uwb/install/uwb_msgs/include/uwb_msgs/uwb_msgs/msg/detail/range__type_support.hpp
[5.945s] -- Installing: /home/Judy/safmc_uwb/install/uwb_msgs/include/uwb_msgs/uwb_msgs/msg/detail/range__builder.hpp
[5.945s] -- Installing: /home/Judy/safmc_uwb/install/uwb_msgs/include/uwb_msgs/uwb_msgs/msg/range.hpp
[5.945s] -- Installing: /home/Judy/safmc_uwb/install/uwb_msgs/include/uwb_msgs/uwb_msgs/msg/rosidl_generator_cpp__visibility_control.hpp
[5.946s] -- Up-to-date: /home/Judy/safmc_uwb/install/uwb_msgs/include/uwb_msgs/uwb_msgs
[5.946s] -- Up-to-date: /home/Judy/safmc_uwb/install/uwb_msgs/include/uwb_msgs/uwb_msgs/msg
[5.946s] -- Installing: /home/Judy/safmc_uwb/install/uwb_msgs/include/uwb_msgs/uwb_msgs/msg/rosidl_typesupport_fastrtps_cpp__visibility_control.h
[5.946s] -- Up-to-date: /home/Judy/safmc_uwb/install/uwb_msgs/include/uwb_msgs/uwb_msgs/msg/detail
[5.946s] -- Installing: /home/Judy/safmc_uwb/install/uwb_msgs/include/uwb_msgs/uwb_msgs/msg/detail/range__rosidl_typesupport_fastrtps_cpp.hpp
[5.946s] -- Installing: /home/Judy/safmc_uwb/install/uwb_msgs/include/uwb_msgs/uwb_msgs/msg/detail/dds_fastrtps
[5.946s] -- Installing: /home/Judy/safmc_uwb/install/uwb_msgs/lib/libuwb_msgs__rosidl_typesupport_fastrtps_cpp.so
[5.946s] -- Set runtime path of "/home/Judy/safmc_uwb/install/uwb_msgs/lib/libuwb_msgs__rosidl_typesupport_fastrtps_cpp.so" to ""
[5.947s] -- Up-to-date: /home/Judy/safmc_uwb/install/uwb_msgs/include/uwb_msgs/uwb_msgs
[5.947s] -- Up-to-date: /home/Judy/safmc_uwb/install/uwb_msgs/include/uwb_msgs/uwb_msgs/msg
[5.947s] -- Up-to-date: /home/Judy/safmc_uwb/install/uwb_msgs/include/uwb_msgs/uwb_msgs/msg/detail
[5.947s] -- Installing: /home/Judy/safmc_uwb/install/uwb_msgs/include/uwb_msgs/uwb_msgs/msg/detail/range__rosidl_typesupport_introspection_cpp.hpp
[5.947s] -- Installing: /home/Judy/safmc_uwb/install/uwb_msgs/include/uwb_msgs/uwb_msgs/msg/detail/range__type_support.cpp
[5.947s] -- Installing: /home/Judy/safmc_uwb/install/uwb_msgs/lib/libuwb_msgs__rosidl_typesupport_introspection_cpp.so
[5.947s] -- Set runtime path of "/home/Judy/safmc_uwb/install/uwb_msgs/lib/libuwb_msgs__rosidl_typesupport_introspection_cpp.so" to ""
[5.947s] -- Installing: /home/Judy/safmc_uwb/install/uwb_msgs/lib/libuwb_msgs__rosidl_typesupport_cpp.so
[5.948s] -- Set runtime path of "/home/Judy/safmc_uwb/install/uwb_msgs/lib/libuwb_msgs__rosidl_typesupport_cpp.so" to ""
[5.948s] -- Installing: /home/Judy/safmc_uwb/install/uwb_msgs/share/uwb_msgs/environment/pythonpath.sh
[5.948s] -- Installing: /home/Judy/safmc_uwb/install/uwb_msgs/share/uwb_msgs/environment/pythonpath.dsv
[5.948s] -- Installing: /home/Judy/safmc_uwb/install/uwb_msgs/local/lib/python3.10/dist-packages/uwb_msgs-0.0.0-py3.10.egg-info
[5.950s] -- Installing: /home/Judy/safmc_uwb/install/uwb_msgs/local/lib/python3.10/dist-packages/uwb_msgs-0.0.0-py3.10.egg-info/top_level.txt
[5.950s] -- Installing: /home/Judy/safmc_uwb/install/uwb_msgs/local/lib/python3.10/dist-packages/uwb_msgs-0.0.0-py3.10.egg-info/SOURCES.txt
[5.950s] -- Installing: /home/Judy/safmc_uwb/install/uwb_msgs/local/lib/python3.10/dist-packages/uwb_msgs-0.0.0-py3.10.egg-info/PKG-INFO
[5.951s] -- Installing: /home/Judy/safmc_uwb/install/uwb_msgs/local/lib/python3.10/dist-packages/uwb_msgs-0.0.0-py3.10.egg-info/dependency_links.txt
[5.951s] -- Installing: /home/Judy/safmc_uwb/install/uwb_msgs/local/lib/python3.10/dist-packages/uwb_msgs
[5.951s] -- Installing: /home/Judy/safmc_uwb/install/uwb_msgs/local/lib/python3.10/dist-packages/uwb_msgs/uwb_msgs_s__rosidl_typesupport_fastrtps_c.cpython-310-x86_64-linux-gnu.so
[5.951s] -- Installing: /home/Judy/safmc_uwb/install/uwb_msgs/local/lib/python3.10/dist-packages/uwb_msgs/msg
[5.952s] -- Installing: /home/Judy/safmc_uwb/install/uwb_msgs/local/lib/python3.10/dist-packages/uwb_msgs/msg/_range_s.c
[5.952s] -- Installing: /home/Judy/safmc_uwb/install/uwb_msgs/local/lib/python3.10/dist-packages/uwb_msgs/msg/_range.py
[5.952s] -- Installing: /home/Judy/safmc_uwb/install/uwb_msgs/local/lib/python3.10/dist-packages/uwb_msgs/msg/__init__.py
[5.952s] -- Installing: /home/Judy/safmc_uwb/install/uwb_msgs/local/lib/python3.10/dist-packages/uwb_msgs/_uwb_msgs_s.ep.rosidl_typesupport_introspection_c.c
[5.952s] -- Installing: /home/Judy/safmc_uwb/install/uwb_msgs/local/lib/python3.10/dist-packages/uwb_msgs/uwb_msgs_s__rosidl_typesupport_c.cpython-310-x86_64-linux-gnu.so
[5.953s] -- Installing: /home/Judy/safmc_uwb/install/uwb_msgs/local/lib/python3.10/dist-packages/uwb_msgs/libuwb_msgs__rosidl_generator_py.so
[5.953s] -- Installing: /home/Judy/safmc_uwb/install/uwb_msgs/local/lib/python3.10/dist-packages/uwb_msgs/_uwb_msgs_s.ep.rosidl_typesupport_c.c
[5.953s] -- Installing: /home/Judy/safmc_uwb/install/uwb_msgs/local/lib/python3.10/dist-packages/uwb_msgs/_uwb_msgs_s.ep.rosidl_typesupport_fastrtps_c.c
[5.953s] -- Installing: /home/Judy/safmc_uwb/install/uwb_msgs/local/lib/python3.10/dist-packages/uwb_msgs/uwb_msgs_s__rosidl_typesupport_introspection_c.cpython-310-x86_64-linux-gnu.so
[5.959s] -- Installing: /home/Judy/safmc_uwb/install/uwb_msgs/local/lib/python3.10/dist-packages/uwb_msgs/__init__.py
[5.985s] Listing '/home/Judy/safmc_uwb/install/uwb_msgs/local/lib/python3.10/dist-packages/uwb_msgs'...
[5.985s] Compiling '/home/Judy/safmc_uwb/install/uwb_msgs/local/lib/python3.10/dist-packages/uwb_msgs/__init__.py'...
[5.985s] Listing '/home/Judy/safmc_uwb/install/uwb_msgs/local/lib/python3.10/dist-packages/uwb_msgs/msg'...
[5.985s] Compiling '/home/Judy/safmc_uwb/install/uwb_msgs/local/lib/python3.10/dist-packages/uwb_msgs/msg/__init__.py'...
[5.986s] Compiling '/home/Judy/safmc_uwb/install/uwb_msgs/local/lib/python3.10/dist-packages/uwb_msgs/msg/_range.py'...
[5.989s] -- Installing: /home/Judy/safmc_uwb/install/uwb_msgs/local/lib/python3.10/dist-packages/uwb_msgs/uwb_msgs_s__rosidl_typesupport_fastrtps_c.cpython-310-x86_64-linux-gnu.so
[5.989s] -- Set runtime path of "/home/Judy/safmc_uwb/install/uwb_msgs/local/lib/python3.10/dist-packages/uwb_msgs/uwb_msgs_s__rosidl_typesupport_fastrtps_c.cpython-310-x86_64-linux-gnu.so" to ""
[5.990s] -- Installing: /home/Judy/safmc_uwb/install/uwb_msgs/local/lib/python3.10/dist-packages/uwb_msgs/uwb_msgs_s__rosidl_typesupport_introspection_c.cpython-310-x86_64-linux-gnu.so
[5.990s] -- Set runtime path of "/home/Judy/safmc_uwb/install/uwb_msgs/local/lib/python3.10/dist-packages/uwb_msgs/uwb_msgs_s__rosidl_typesupport_introspection_c.cpython-310-x86_64-linux-gnu.so" to ""
[5.990s] -- Installing: /home/Judy/safmc_uwb/install/uwb_msgs/local/lib/python3.10/dist-packages/uwb_msgs/uwb_msgs_s__rosidl_typesupport_c.cpython-310-x86_64-linux-gnu.so
[5.990s] -- Set runtime path of "/home/Judy/safmc_uwb/install/uwb_msgs/local/lib/python3.10/dist-packages/uwb_msgs/uwb_msgs_s__rosidl_typesupport_c.cpython-310-x86_64-linux-gnu.so" to ""
[5.991s] -- Installing: /home/Judy/safmc_uwb/install/uwb_msgs/lib/libuwb_msgs__rosidl_generator_py.so
[5.991s] -- Set runtime path of "/home/Judy/safmc_uwb/install/uwb_msgs/lib/libuwb_msgs__rosidl_generator_py.so" to ""
[5.991s] -- Installing: /home/Judy/safmc_uwb/install/uwb_msgs/share/uwb_msgs/msg/Range.idl
[5.991s] -- Installing: /home/Judy/safmc_uwb/install/uwb_msgs/share/uwb_msgs/msg/Range.msg
[5.992s] -- Installing: /home/Judy/safmc_uwb/install/uwb_msgs/share/ament_index/resource_index/package_run_dependencies/uwb_msgs
[5.992s] -- Installing: /home/Judy/safmc_uwb/install/uwb_msgs/share/ament_index/resource_index/parent_prefix_path/uwb_msgs
[5.993s] -- Installing: /home/Judy/safmc_uwb/install/uwb_msgs/share/uwb_msgs/environment/ament_prefix_path.sh
[5.993s] -- Installing: /home/Judy/safmc_uwb/install/uwb_msgs/share/uwb_msgs/environment/ament_prefix_path.dsv
[5.993s] -- Installing: /home/Judy/safmc_uwb/install/uwb_msgs/share/uwb_msgs/environment/path.sh
[5.993s] -- Installing: /home/Judy/safmc_uwb/install/uwb_msgs/share/uwb_msgs/environment/path.dsv
[5.993s] -- Installing: /home/Judy/safmc_uwb/install/uwb_msgs/share/uwb_msgs/local_setup.bash
[5.994s] -- Installing: /home/Judy/safmc_uwb/install/uwb_msgs/share/uwb_msgs/local_setup.sh
[5.994s] -- Installing: /home/Judy/safmc_uwb/install/uwb_msgs/share/uwb_msgs/local_setup.zsh
[5.994s] -- Installing: /home/Judy/safmc_uwb/install/uwb_msgs/share/uwb_msgs/local_setup.dsv
[5.994s] -- Installing: /home/Judy/safmc_uwb/install/uwb_msgs/share/uwb_msgs/package.dsv
[5.995s] -- Installing: /home/Judy/safmc_uwb/install/uwb_msgs/share/ament_index/resource_index/packages/uwb_msgs
[5.995s] -- Installing: /home/Judy/safmc_uwb/install/uwb_msgs/share/uwb_msgs/cmake/export_uwb_msgs__rosidl_generator_cExport.cmake
[5.996s] -- Installing: /home/Judy/safmc_uwb/install/uwb_msgs/share/uwb_msgs/cmake/export_uwb_msgs__rosidl_generator_cExport-noconfig.cmake
[5.996s] -- Installing: /home/Judy/safmc_uwb/install/uwb_msgs/share/uwb_msgs/cmake/export_uwb_msgs__rosidl_typesupport_fastrtps_cExport.cmake
[5.996s] -- Installing: /home/Judy/safmc_uwb/install/uwb_msgs/share/uwb_msgs/cmake/export_uwb_msgs__rosidl_typesupport_fastrtps_cExport-noconfig.cmake
[5.996s] -- Installing: /home/Judy/safmc_uwb/install/uwb_msgs/share/uwb_msgs/cmake/uwb_msgs__rosidl_typesupport_introspection_cExport.cmake
[5.996s] -- Installing: /home/Judy/safmc_uwb/install/uwb_msgs/share/uwb_msgs/cmake/uwb_msgs__rosidl_typesupport_introspection_cExport-noconfig.cmake
[5.996s] -- Installing: /home/Judy/safmc_uwb/install/uwb_msgs/share/uwb_msgs/cmake/uwb_msgs__rosidl_typesupport_cExport.cmake
[5.997s] -- Installing: /home/Judy/safmc_uwb/install/uwb_msgs/share/uwb_msgs/cmake/uwb_msgs__rosidl_typesupport_cExport-noconfig.cmake
[5.997s] -- Installing: /home/Judy/safmc_uwb/install/uwb_msgs/share/uwb_msgs/cmake/export_uwb_msgs__rosidl_generator_cppExport.cmake
[5.997s] -- Installing: /home/Judy/safmc_uwb/install/uwb_msgs/share/uwb_msgs/cmake/export_uwb_msgs__rosidl_typesupport_fastrtps_cppExport.cmake
[5.997s] -- Installing: /home/Judy/safmc_uwb/install/uwb_msgs/share/uwb_msgs/cmake/export_uwb_msgs__rosidl_typesupport_fastrtps_cppExport-noconfig.cmake
[5.997s] -- Installing: /home/Judy/safmc_uwb/install/uwb_msgs/share/uwb_msgs/cmake/uwb_msgs__rosidl_typesupport_introspection_cppExport.cmake
[5.997s] -- Installing: /home/Judy/safmc_uwb/install/uwb_msgs/share/uwb_msgs/cmake/uwb_msgs__rosidl_typesupport_introspection_cppExport-noconfig.cmake
[5.998s] -- Installing: /home/Judy/safmc_uwb/install/uwb_msgs/share/uwb_msgs/cmake/uwb_msgs__rosidl_typesupport_cppExport.cmake
[5.998s] -- Installing: /home/Judy/safmc_uwb/install/uwb_msgs/share/uwb_msgs/cmake/uwb_msgs__rosidl_typesupport_cppExport-noconfig.cmake
[5.998s] -- Installing: /home/Judy/safmc_uwb/install/uwb_msgs/share/uwb_msgs/cmake/export_uwb_msgs__rosidl_generator_pyExport.cmake
[5.998s] -- Installing: /home/Judy/safmc_uwb/install/uwb_msgs/share/uwb_msgs/cmake/export_uwb_msgs__rosidl_generator_pyExport-noconfig.cmake
[5.998s] -- Installing: /home/Judy/safmc_uwb/install/uwb_msgs/share/uwb_msgs/cmake/rosidl_cmake-extras.cmake
[5.999s] -- Installing: /home/Judy/safmc_uwb/install/uwb_msgs/share/uwb_msgs/cmake/ament_cmake_export_dependencies-extras.cmake
[5.999s] -- Installing: /home/Judy/safmc_uwb/install/uwb_msgs/share/uwb_msgs/cmake/ament_cmake_export_include_directories-extras.cmake
[5.999s] -- Installing: /home/Judy/safmc_uwb/install/uwb_msgs/share/uwb_msgs/cmake/ament_cmake_export_libraries-extras.cmake
[5.999s] -- Installing: /home/Judy/safmc_uwb/install/uwb_msgs/share/uwb_msgs/cmake/ament_cmake_export_targets-extras.cmake
[5.999s] -- Installing: /home/Judy/safmc_uwb/install/uwb_msgs/share/uwb_msgs/cmake/rosidl_cmake_export_typesupport_targets-extras.cmake
[5.999s] -- Installing: /home/Judy/safmc_uwb/install/uwb_msgs/share/uwb_msgs/cmake/rosidl_cmake_export_typesupport_libraries-extras.cmake
[5.999s] -- Installing: /home/Judy/safmc_uwb/install/uwb_msgs/share/uwb_msgs/cmake/uwb_msgsConfig.cmake
[6.000s] -- Installing: /home/Judy/safmc_uwb/install/uwb_msgs/share/uwb_msgs/cmake/uwb_msgsConfig-version.cmake
[6.000s] -- Installing: /home/Judy/safmc_uwb/install/uwb_msgs/share/uwb_msgs/package.xml
[6.003s] Invoked command in '/home/Judy/safmc_uwb/build/uwb_msgs' returned '0': CMAKE_PREFIX_PATH=/opt/ros/humble /usr/bin/cmake --install /home/Judy/safmc_uwb/build/uwb_msgs
