-- Found ament_cmake: 1.3.11 (/opt/ros/humble/share/ament_cmake/cmake)
-- Found rosidl_default_generators: 1.2.0 (/opt/ros/humble/share/rosidl_default_generators/cmake)
-- Using all available rosidl_typesupport_c: rosidl_typesupport_fastrtps_c;rosidl_typesupport_introspection_c
-- Found rosidl_adapter: 3.1.6 (/opt/ros/humble/share/rosidl_adapter/cmake)
-- Using all available rosidl_typesupport_cpp: rosidl_typesupport_fastrtps_cpp;rosidl_typesupport_introspection_cpp
-- Found geometry_msgs: 4.2.4 (/opt/ros/humble/share/geometry_msgs/cmake)
-- Found ament_cmake_ros: 0.10.0 (/opt/ros/humble/share/ament_cmake_ros/cmake)
-- Using all available rosidl_typesupport_c: rosidl_typesupport_fastrtps_c;rosidl_typesupport_introspection_c
-- Using all available rosidl_typesupport_cpp: rosidl_typesupport_fastrtps_cpp;rosidl_typesupport_introspection_cpp
-- Found PythonInterp: /usr/bin/python3 (found suitable version "3.10.12", minimum required is "3.6") 
-- Found python_cmake_module: 0.10.0 (/opt/ros/humble/share/python_cmake_module/cmake)
-- Found PythonLibs: /usr/lib/x86_64-linux-gnu/libpython3.10.so (found suitable version "3.10.12", minimum required is "3.5") 
-- Using PYTHON_EXECUTABLE: /usr/bin/python3
-- Using PYTHON_INCLUDE_DIRS: /usr/include/python3.10
-- Using PYTHON_LIBRARIES: /usr/lib/x86_64-linux-gnu/libpython3.10.so
-- Found PythonExtra: .so  
-- Found ament_lint_auto: 0.12.11 (/opt/ros/humble/share/ament_lint_auto/cmake)
-- Added test 'lint_cmake' to check CMake code style
-- Added test 'xmllint' to check XML markup files
-- Configuring done
-- Generating done
-- Build files have been written to: /home/Judy/safmc_uwb/ros/build/uwb_msgs
[  2%] [34m[1mGenerating C code for ROS interfaces[0m
[  4%] [34m[1mGenerating C++ code for ROS interfaces[0m
[  4%] Built target ament_cmake_python_copy_uwb_msgs
running egg_info
creating uwb_msgs.egg-info
[ 10%] [32mBuilding C object CMakeFiles/uwb_msgs__rosidl_generator_c.dir/rosidl_generator_c/uwb_msgs/msg/detail/tag_position__functions.c.o[0m
[ 10%] [32mBuilding C object CMakeFiles/uwb_msgs__rosidl_generator_c.dir/rosidl_generator_c/uwb_msgs/msg/detail/pose__functions.c.o[0m
[ 10%] [32mBuilding C object CMakeFiles/uwb_msgs__rosidl_generator_c.dir/rosidl_generator_c/uwb_msgs/msg/detail/range__functions.c.o[0m
writing uwb_msgs.egg-info/PKG-INFO
writing dependency_links to uwb_msgs.egg-info/dependency_links.txt
writing top-level names to uwb_msgs.egg-info/top_level.txt
writing manifest file 'uwb_msgs.egg-info/SOURCES.txt'
reading manifest file 'uwb_msgs.egg-info/SOURCES.txt'
writing manifest file 'uwb_msgs.egg-info/SOURCES.txt'
[ 10%] Built target ament_cmake_python_build_uwb_msgs_egg
[ 10%] Built target uwb_msgs__cpp
[ 12%] [32m[1mLinking C shared library libuwb_msgs__rosidl_generator_c.so[0m
[ 17%] [34m[1mGenerating C++ type support for eProsima Fast-RTPS[0m
[ 17%] [34m[1mGenerating C++ type support dispatch for ROS interfaces[0m
[ 19%] [34m[1mGenerating C++ introspection for ROS interfaces[0m
[ 19%] Built target uwb_msgs__rosidl_generator_c
[ 21%] [34m[1mGenerating C type support dispatch for ROS interfaces[0m
[ 25%] [34m[1mGenerating C introspection for ROS interfaces[0m
[ 25%] [34m[1mGenerating C type support for eProsima Fast-RTPS[0m
[ 31%] [32mBuilding CXX object CMakeFiles/uwb_msgs__rosidl_typesupport_cpp.dir/rosidl_typesupport_cpp/uwb_msgs/msg/range__type_support.cpp.o[0m
[ 31%] [32mBuilding CXX object CMakeFiles/uwb_msgs__rosidl_typesupport_cpp.dir/rosidl_typesupport_cpp/uwb_msgs/msg/tag_position__type_support.cpp.o[0m
[ 31%] [32mBuilding CXX object CMakeFiles/uwb_msgs__rosidl_typesupport_cpp.dir/rosidl_typesupport_cpp/uwb_msgs/msg/pose__type_support.cpp.o[0m
[ 36%] [32mBuilding CXX object CMakeFiles/uwb_msgs__rosidl_typesupport_introspection_cpp.dir/rosidl_typesupport_introspection_cpp/uwb_msgs/msg/detail/tag_position__type_support.cpp.o[0m
[ 36%] [32mBuilding CXX object CMakeFiles/uwb_msgs__rosidl_typesupport_introspection_cpp.dir/rosidl_typesupport_introspection_cpp/uwb_msgs/msg/detail/range__type_support.cpp.o[0m
[ 38%] [32mBuilding CXX object CMakeFiles/uwb_msgs__rosidl_typesupport_introspection_cpp.dir/rosidl_typesupport_introspection_cpp/uwb_msgs/msg/detail/pose__type_support.cpp.o[0m
[ 40%] [32mBuilding CXX object CMakeFiles/uwb_msgs__rosidl_typesupport_fastrtps_cpp.dir/rosidl_typesupport_fastrtps_cpp/uwb_msgs/msg/detail/dds_fastrtps/range__type_support.cpp.o[0m
[ 42%] [32mBuilding CXX object CMakeFiles/uwb_msgs__rosidl_typesupport_fastrtps_cpp.dir/rosidl_typesupport_fastrtps_cpp/uwb_msgs/msg/detail/dds_fastrtps/pose__type_support.cpp.o[0m
[ 44%] [32mBuilding CXX object CMakeFiles/uwb_msgs__rosidl_typesupport_fastrtps_cpp.dir/rosidl_typesupport_fastrtps_cpp/uwb_msgs/msg/detail/dds_fastrtps/tag_position__type_support.cpp.o[0m
[ 46%] [32mBuilding CXX object CMakeFiles/uwb_msgs__rosidl_typesupport_c.dir/rosidl_typesupport_c/uwb_msgs/msg/range__type_support.cpp.o[0m
[ 48%] [32mBuilding CXX object CMakeFiles/uwb_msgs__rosidl_typesupport_c.dir/rosidl_typesupport_c/uwb_msgs/msg/pose__type_support.cpp.o[0m
[ 51%] [32mBuilding CXX object CMakeFiles/uwb_msgs__rosidl_typesupport_c.dir/rosidl_typesupport_c/uwb_msgs/msg/tag_position__type_support.cpp.o[0m
[ 53%] [32mBuilding CXX object CMakeFiles/uwb_msgs__rosidl_typesupport_fastrtps_c.dir/rosidl_typesupport_fastrtps_c/uwb_msgs/msg/detail/range__type_support_c.cpp.o[0m
[ 55%] [32m[1mLinking CXX shared library libuwb_msgs__rosidl_typesupport_cpp.so[0m
[ 57%] [32mBuilding CXX object CMakeFiles/uwb_msgs__rosidl_typesupport_fastrtps_c.dir/rosidl_typesupport_fastrtps_c/uwb_msgs/msg/detail/pose__type_support_c.cpp.o[0m
[ 59%] [32mBuilding C object CMakeFiles/uwb_msgs__rosidl_typesupport_introspection_c.dir/rosidl_typesupport_introspection_c/uwb_msgs/msg/detail/range__type_support.c.o[0m
[ 61%] [32m[1mLinking CXX shared library libuwb_msgs__rosidl_typesupport_c.so[0m
[ 63%] [32mBuilding C object CMakeFiles/uwb_msgs__rosidl_typesupport_introspection_c.dir/rosidl_typesupport_introspection_c/uwb_msgs/msg/detail/pose__type_support.c.o[0m
[ 65%] [32mBuilding C object CMakeFiles/uwb_msgs__rosidl_typesupport_introspection_c.dir/rosidl_typesupport_introspection_c/uwb_msgs/msg/detail/tag_position__type_support.c.o[0m
[ 68%] [32mBuilding CXX object CMakeFiles/uwb_msgs__rosidl_typesupport_fastrtps_c.dir/rosidl_typesupport_fastrtps_c/uwb_msgs/msg/detail/tag_position__type_support_c.cpp.o[0m
[ 70%] [32m[1mLinking C shared library libuwb_msgs__rosidl_typesupport_introspection_c.so[0m
[ 70%] Built target uwb_msgs__rosidl_typesupport_cpp
[ 70%] Built target uwb_msgs__rosidl_typesupport_c
[ 72%] [32m[1mLinking CXX shared library libuwb_msgs__rosidl_typesupport_introspection_cpp.so[0m
[ 72%] Built target uwb_msgs__rosidl_typesupport_introspection_c
[ 74%] [32m[1mLinking CXX shared library libuwb_msgs__rosidl_typesupport_fastrtps_cpp.so[0m
[ 74%] Built target uwb_msgs__rosidl_typesupport_introspection_cpp
[ 74%] Built target uwb_msgs__rosidl_typesupport_fastrtps_cpp
[ 76%] [32m[1mLinking CXX shared library libuwb_msgs__rosidl_typesupport_fastrtps_c.so[0m
[ 76%] Built target uwb_msgs__rosidl_typesupport_fastrtps_c
[ 76%] Built target uwb_msgs
[ 78%] [34m[1mGenerating Python code for ROS interfaces[0m
[ 78%] Built target uwb_msgs__py
[ 82%] [32mBuilding C object CMakeFiles/uwb_msgs__rosidl_generator_py.dir/rosidl_generator_py/uwb_msgs/msg/_pose_s.c.o[0m
[ 82%] [32mBuilding C object CMakeFiles/uwb_msgs__rosidl_generator_py.dir/rosidl_generator_py/uwb_msgs/msg/_range_s.c.o[0m
[ 85%] [32mBuilding C object CMakeFiles/uwb_msgs__rosidl_generator_py.dir/rosidl_generator_py/uwb_msgs/msg/_tag_position_s.c.o[0m
[ 87%] [32m[1mLinking C shared library rosidl_generator_py/uwb_msgs/libuwb_msgs__rosidl_generator_py.so[0m
[ 87%] Built target uwb_msgs__rosidl_generator_py
[ 91%] [32mBuilding C object CMakeFiles/uwb_msgs__rosidl_typesupport_c__pyext.dir/rosidl_generator_py/uwb_msgs/_uwb_msgs_s.ep.rosidl_typesupport_c.c.o[0m
[ 91%] [32mBuilding C object CMakeFiles/uwb_msgs__rosidl_typesupport_introspection_c__pyext.dir/rosidl_generator_py/uwb_msgs/_uwb_msgs_s.ep.rosidl_typesupport_introspection_c.c.o[0m
[ 93%] [32mBuilding C object CMakeFiles/uwb_msgs__rosidl_typesupport_fastrtps_c__pyext.dir/rosidl_generator_py/uwb_msgs/_uwb_msgs_s.ep.rosidl_typesupport_fastrtps_c.c.o[0m
[ 97%] [32m[1mLinking C shared library rosidl_generator_py/uwb_msgs/uwb_msgs_s__rosidl_typesupport_introspection_c.cpython-310-x86_64-linux-gnu.so[0m
[ 97%] [32m[1mLinking C shared library rosidl_generator_py/uwb_msgs/uwb_msgs_s__rosidl_typesupport_fastrtps_c.cpython-310-x86_64-linux-gnu.so[0m
[100%] [32m[1mLinking C shared library rosidl_generator_py/uwb_msgs/uwb_msgs_s__rosidl_typesupport_c.cpython-310-x86_64-linux-gnu.so[0m
[100%] Built target uwb_msgs__rosidl_typesupport_fastrtps_c__pyext
[100%] Built target uwb_msgs__rosidl_typesupport_introspection_c__pyext
[100%] Built target uwb_msgs__rosidl_typesupport_c__pyext
-- Install configuration: ""
-- Installing: /home/Judy/safmc_uwb/ros/install/uwb_msgs/share/ament_index/resource_index/rosidl_interfaces/uwb_msgs
-- Installing: /home/Judy/safmc_uwb/ros/install/uwb_msgs/include/uwb_msgs/uwb_msgs
-- Installing: /home/Judy/safmc_uwb/ros/install/uwb_msgs/include/uwb_msgs/uwb_msgs/msg
-- Installing: /home/Judy/safmc_uwb/ros/install/uwb_msgs/include/uwb_msgs/uwb_msgs/msg/detail
-- Installing: /home/Judy/safmc_uwb/ros/install/uwb_msgs/include/uwb_msgs/uwb_msgs/msg/detail/tag_position__struct.h
-- Installing: /home/Judy/safmc_uwb/ros/install/uwb_msgs/include/uwb_msgs/uwb_msgs/msg/detail/range__type_support.h
-- Installing: /home/Judy/safmc_uwb/ros/install/uwb_msgs/include/uwb_msgs/uwb_msgs/msg/detail/pose__functions.h
-- Installing: /home/Judy/safmc_uwb/ros/install/uwb_msgs/include/uwb_msgs/uwb_msgs/msg/detail/pose__functions.c
-- Installing: /home/Judy/safmc_uwb/ros/install/uwb_msgs/include/uwb_msgs/uwb_msgs/msg/detail/pose__type_support.h
-- Installing: /home/Judy/safmc_uwb/ros/install/uwb_msgs/include/uwb_msgs/uwb_msgs/msg/detail/range__functions.c
-- Installing: /home/Judy/safmc_uwb/ros/install/uwb_msgs/include/uwb_msgs/uwb_msgs/msg/detail/range__functions.h
-- Installing: /home/Judy/safmc_uwb/ros/install/uwb_msgs/include/uwb_msgs/uwb_msgs/msg/detail/range__struct.h
-- Installing: /home/Judy/safmc_uwb/ros/install/uwb_msgs/include/uwb_msgs/uwb_msgs/msg/detail/pose__struct.h
-- Installing: /home/Judy/safmc_uwb/ros/install/uwb_msgs/include/uwb_msgs/uwb_msgs/msg/detail/tag_position__type_support.h
-- Installing: /home/Judy/safmc_uwb/ros/install/uwb_msgs/include/uwb_msgs/uwb_msgs/msg/detail/tag_position__functions.c
-- Installing: /home/Judy/safmc_uwb/ros/install/uwb_msgs/include/uwb_msgs/uwb_msgs/msg/detail/tag_position__functions.h
-- Installing: /home/Judy/safmc_uwb/ros/install/uwb_msgs/include/uwb_msgs/uwb_msgs/msg/tag_position.h
-- Installing: /home/Judy/safmc_uwb/ros/install/uwb_msgs/include/uwb_msgs/uwb_msgs/msg/range.h
-- Installing: /home/Judy/safmc_uwb/ros/install/uwb_msgs/include/uwb_msgs/uwb_msgs/msg/pose.h
-- Installing: /home/Judy/safmc_uwb/ros/install/uwb_msgs/include/uwb_msgs/uwb_msgs/msg/rosidl_generator_c__visibility_control.h
-- Installing: /home/Judy/safmc_uwb/ros/install/uwb_msgs/share/uwb_msgs/environment/library_path.sh
-- Installing: /home/Judy/safmc_uwb/ros/install/uwb_msgs/share/uwb_msgs/environment/library_path.dsv
-- Installing: /home/Judy/safmc_uwb/ros/install/uwb_msgs/lib/libuwb_msgs__rosidl_generator_c.so
-- Set runtime path of "/home/Judy/safmc_uwb/ros/install/uwb_msgs/lib/libuwb_msgs__rosidl_generator_c.so" to ""
-- Up-to-date: /home/Judy/safmc_uwb/ros/install/uwb_msgs/include/uwb_msgs/uwb_msgs
-- Up-to-date: /home/Judy/safmc_uwb/ros/install/uwb_msgs/include/uwb_msgs/uwb_msgs/msg
-- Installing: /home/Judy/safmc_uwb/ros/install/uwb_msgs/include/uwb_msgs/uwb_msgs/msg/rosidl_typesupport_fastrtps_c__visibility_control.h
-- Up-to-date: /home/Judy/safmc_uwb/ros/install/uwb_msgs/include/uwb_msgs/uwb_msgs/msg/detail
-- Installing: /home/Judy/safmc_uwb/ros/install/uwb_msgs/include/uwb_msgs/uwb_msgs/msg/detail/pose__rosidl_typesupport_fastrtps_c.h
-- Installing: /home/Judy/safmc_uwb/ros/install/uwb_msgs/include/uwb_msgs/uwb_msgs/msg/detail/range__rosidl_typesupport_fastrtps_c.h
-- Installing: /home/Judy/safmc_uwb/ros/install/uwb_msgs/include/uwb_msgs/uwb_msgs/msg/detail/tag_position__rosidl_typesupport_fastrtps_c.h
-- Installing: /home/Judy/safmc_uwb/ros/install/uwb_msgs/lib/libuwb_msgs__rosidl_typesupport_fastrtps_c.so
-- Set runtime path of "/home/Judy/safmc_uwb/ros/install/uwb_msgs/lib/libuwb_msgs__rosidl_typesupport_fastrtps_c.so" to ""
-- Up-to-date: /home/Judy/safmc_uwb/ros/install/uwb_msgs/include/uwb_msgs/uwb_msgs
-- Up-to-date: /home/Judy/safmc_uwb/ros/install/uwb_msgs/include/uwb_msgs/uwb_msgs/msg
-- Up-to-date: /home/Judy/safmc_uwb/ros/install/uwb_msgs/include/uwb_msgs/uwb_msgs/msg/detail
-- Installing: /home/Judy/safmc_uwb/ros/install/uwb_msgs/include/uwb_msgs/uwb_msgs/msg/detail/tag_position__rosidl_typesupport_introspection_c.h
-- Installing: /home/Judy/safmc_uwb/ros/install/uwb_msgs/include/uwb_msgs/uwb_msgs/msg/detail/pose__rosidl_typesupport_introspection_c.h
-- Installing: /home/Judy/safmc_uwb/ros/install/uwb_msgs/include/uwb_msgs/uwb_msgs/msg/detail/pose__type_support.c
-- Installing: /home/Judy/safmc_uwb/ros/install/uwb_msgs/include/uwb_msgs/uwb_msgs/msg/detail/range__type_support.c
-- Installing: /home/Judy/safmc_uwb/ros/install/uwb_msgs/include/uwb_msgs/uwb_msgs/msg/detail/range__rosidl_typesupport_introspection_c.h
-- Installing: /home/Judy/safmc_uwb/ros/install/uwb_msgs/include/uwb_msgs/uwb_msgs/msg/detail/tag_position__type_support.c
-- Installing: /home/Judy/safmc_uwb/ros/install/uwb_msgs/include/uwb_msgs/uwb_msgs/msg/rosidl_typesupport_introspection_c__visibility_control.h
-- Installing: /home/Judy/safmc_uwb/ros/install/uwb_msgs/lib/libuwb_msgs__rosidl_typesupport_introspection_c.so
-- Set runtime path of "/home/Judy/safmc_uwb/ros/install/uwb_msgs/lib/libuwb_msgs__rosidl_typesupport_introspection_c.so" to ""
-- Installing: /home/Judy/safmc_uwb/ros/install/uwb_msgs/lib/libuwb_msgs__rosidl_typesupport_c.so
-- Set runtime path of "/home/Judy/safmc_uwb/ros/install/uwb_msgs/lib/libuwb_msgs__rosidl_typesupport_c.so" to ""
-- Up-to-date: /home/Judy/safmc_uwb/ros/install/uwb_msgs/include/uwb_msgs/uwb_msgs
-- Up-to-date: /home/Judy/safmc_uwb/ros/install/uwb_msgs/include/uwb_msgs/uwb_msgs/msg
-- Installing: /home/Judy/safmc_uwb/ros/install/uwb_msgs/include/uwb_msgs/uwb_msgs/msg/tag_position.hpp
-- Up-to-date: /home/Judy/safmc_uwb/ros/install/uwb_msgs/include/uwb_msgs/uwb_msgs/msg/detail
-- Installing: /home/Judy/safmc_uwb/ros/install/uwb_msgs/include/uwb_msgs/uwb_msgs/msg/detail/pose__type_support.hpp
-- Installing: /home/Judy/safmc_uwb/ros/install/uwb_msgs/include/uwb_msgs/uwb_msgs/msg/detail/tag_position__traits.hpp
-- Installing: /home/Judy/safmc_uwb/ros/install/uwb_msgs/include/uwb_msgs/uwb_msgs/msg/detail/pose__builder.hpp
-- Installing: /home/Judy/safmc_uwb/ros/install/uwb_msgs/include/uwb_msgs/uwb_msgs/msg/detail/tag_position__struct.hpp
-- Installing: /home/Judy/safmc_uwb/ros/install/uwb_msgs/include/uwb_msgs/uwb_msgs/msg/detail/range__struct.hpp
-- Installing: /home/Judy/safmc_uwb/ros/install/uwb_msgs/include/uwb_msgs/uwb_msgs/msg/detail/tag_position__builder.hpp
-- Installing: /home/Judy/safmc_uwb/ros/install/uwb_msgs/include/uwb_msgs/uwb_msgs/msg/detail/range__traits.hpp
-- Installing: /home/Judy/safmc_uwb/ros/install/uwb_msgs/include/uwb_msgs/uwb_msgs/msg/detail/pose__traits.hpp
-- Installing: /home/Judy/safmc_uwb/ros/install/uwb_msgs/include/uwb_msgs/uwb_msgs/msg/detail/tag_position__type_support.hpp
-- Installing: /home/Judy/safmc_uwb/ros/install/uwb_msgs/include/uwb_msgs/uwb_msgs/msg/detail/range__type_support.hpp
-- Installing: /home/Judy/safmc_uwb/ros/install/uwb_msgs/include/uwb_msgs/uwb_msgs/msg/detail/range__builder.hpp
-- Installing: /home/Judy/safmc_uwb/ros/install/uwb_msgs/include/uwb_msgs/uwb_msgs/msg/detail/pose__struct.hpp
-- Installing: /home/Judy/safmc_uwb/ros/install/uwb_msgs/include/uwb_msgs/uwb_msgs/msg/range.hpp
-- Installing: /home/Judy/safmc_uwb/ros/install/uwb_msgs/include/uwb_msgs/uwb_msgs/msg/pose.hpp
-- Installing: /home/Judy/safmc_uwb/ros/install/uwb_msgs/include/uwb_msgs/uwb_msgs/msg/rosidl_generator_cpp__visibility_control.hpp
-- Up-to-date: /home/Judy/safmc_uwb/ros/install/uwb_msgs/include/uwb_msgs/uwb_msgs
-- Up-to-date: /home/Judy/safmc_uwb/ros/install/uwb_msgs/include/uwb_msgs/uwb_msgs/msg
-- Installing: /home/Judy/safmc_uwb/ros/install/uwb_msgs/include/uwb_msgs/uwb_msgs/msg/rosidl_typesupport_fastrtps_cpp__visibility_control.h
-- Up-to-date: /home/Judy/safmc_uwb/ros/install/uwb_msgs/include/uwb_msgs/uwb_msgs/msg/detail
-- Installing: /home/Judy/safmc_uwb/ros/install/uwb_msgs/include/uwb_msgs/uwb_msgs/msg/detail/range__rosidl_typesupport_fastrtps_cpp.hpp
-- Installing: /home/Judy/safmc_uwb/ros/install/uwb_msgs/include/uwb_msgs/uwb_msgs/msg/detail/pose__rosidl_typesupport_fastrtps_cpp.hpp
-- Installing: /home/Judy/safmc_uwb/ros/install/uwb_msgs/include/uwb_msgs/uwb_msgs/msg/detail/tag_position__rosidl_typesupport_fastrtps_cpp.hpp
-- Installing: /home/Judy/safmc_uwb/ros/install/uwb_msgs/include/uwb_msgs/uwb_msgs/msg/detail/dds_fastrtps
-- Installing: /home/Judy/safmc_uwb/ros/install/uwb_msgs/lib/libuwb_msgs__rosidl_typesupport_fastrtps_cpp.so
-- Set runtime path of "/home/Judy/safmc_uwb/ros/install/uwb_msgs/lib/libuwb_msgs__rosidl_typesupport_fastrtps_cpp.so" to ""
-- Up-to-date: /home/Judy/safmc_uwb/ros/install/uwb_msgs/include/uwb_msgs/uwb_msgs
-- Up-to-date: /home/Judy/safmc_uwb/ros/install/uwb_msgs/include/uwb_msgs/uwb_msgs/msg
-- Up-to-date: /home/Judy/safmc_uwb/ros/install/uwb_msgs/include/uwb_msgs/uwb_msgs/msg/detail
-- Installing: /home/Judy/safmc_uwb/ros/install/uwb_msgs/include/uwb_msgs/uwb_msgs/msg/detail/range__rosidl_typesupport_introspection_cpp.hpp
-- Installing: /home/Judy/safmc_uwb/ros/install/uwb_msgs/include/uwb_msgs/uwb_msgs/msg/detail/pose__type_support.cpp
-- Installing: /home/Judy/safmc_uwb/ros/install/uwb_msgs/include/uwb_msgs/uwb_msgs/msg/detail/tag_position__type_support.cpp
-- Installing: /home/Judy/safmc_uwb/ros/install/uwb_msgs/include/uwb_msgs/uwb_msgs/msg/detail/range__type_support.cpp
-- Installing: /home/Judy/safmc_uwb/ros/install/uwb_msgs/include/uwb_msgs/uwb_msgs/msg/detail/pose__rosidl_typesupport_introspection_cpp.hpp
-- Installing: /home/Judy/safmc_uwb/ros/install/uwb_msgs/include/uwb_msgs/uwb_msgs/msg/detail/tag_position__rosidl_typesupport_introspection_cpp.hpp
-- Installing: /home/Judy/safmc_uwb/ros/install/uwb_msgs/lib/libuwb_msgs__rosidl_typesupport_introspection_cpp.so
-- Set runtime path of "/home/Judy/safmc_uwb/ros/install/uwb_msgs/lib/libuwb_msgs__rosidl_typesupport_introspection_cpp.so" to ""
-- Installing: /home/Judy/safmc_uwb/ros/install/uwb_msgs/lib/libuwb_msgs__rosidl_typesupport_cpp.so
-- Set runtime path of "/home/Judy/safmc_uwb/ros/install/uwb_msgs/lib/libuwb_msgs__rosidl_typesupport_cpp.so" to ""
-- Installing: /home/Judy/safmc_uwb/ros/install/uwb_msgs/share/uwb_msgs/environment/pythonpath.sh
-- Installing: /home/Judy/safmc_uwb/ros/install/uwb_msgs/share/uwb_msgs/environment/pythonpath.dsv
-- Installing: /home/Judy/safmc_uwb/ros/install/uwb_msgs/local/lib/python3.10/dist-packages/uwb_msgs-0.0.0-py3.10.egg-info
-- Installing: /home/Judy/safmc_uwb/ros/install/uwb_msgs/local/lib/python3.10/dist-packages/uwb_msgs-0.0.0-py3.10.egg-info/top_level.txt
-- Installing: /home/Judy/safmc_uwb/ros/install/uwb_msgs/local/lib/python3.10/dist-packages/uwb_msgs-0.0.0-py3.10.egg-info/SOURCES.txt
-- Installing: /home/Judy/safmc_uwb/ros/install/uwb_msgs/local/lib/python3.10/dist-packages/uwb_msgs-0.0.0-py3.10.egg-info/PKG-INFO
-- Installing: /home/Judy/safmc_uwb/ros/install/uwb_msgs/local/lib/python3.10/dist-packages/uwb_msgs-0.0.0-py3.10.egg-info/dependency_links.txt
-- Installing: /home/Judy/safmc_uwb/ros/install/uwb_msgs/local/lib/python3.10/dist-packages/uwb_msgs
-- Installing: /home/Judy/safmc_uwb/ros/install/uwb_msgs/local/lib/python3.10/dist-packages/uwb_msgs/uwb_msgs_s__rosidl_typesupport_fastrtps_c.cpython-310-x86_64-linux-gnu.so
-- Installing: /home/Judy/safmc_uwb/ros/install/uwb_msgs/local/lib/python3.10/dist-packages/uwb_msgs/msg
-- Installing: /home/Judy/safmc_uwb/ros/install/uwb_msgs/local/lib/python3.10/dist-packages/uwb_msgs/msg/_range_s.c
-- Installing: /home/Judy/safmc_uwb/ros/install/uwb_msgs/local/lib/python3.10/dist-packages/uwb_msgs/msg/_tag_position.py
-- Installing: /home/Judy/safmc_uwb/ros/install/uwb_msgs/local/lib/python3.10/dist-packages/uwb_msgs/msg/_range.py
-- Installing: /home/Judy/safmc_uwb/ros/install/uwb_msgs/local/lib/python3.10/dist-packages/uwb_msgs/msg/_pose_s.c
-- Installing: /home/Judy/safmc_uwb/ros/install/uwb_msgs/local/lib/python3.10/dist-packages/uwb_msgs/msg/_tag_position_s.c
-- Installing: /home/Judy/safmc_uwb/ros/install/uwb_msgs/local/lib/python3.10/dist-packages/uwb_msgs/msg/_pose.py
-- Installing: /home/Judy/safmc_uwb/ros/install/uwb_msgs/local/lib/python3.10/dist-packages/uwb_msgs/msg/__init__.py
-- Installing: /home/Judy/safmc_uwb/ros/install/uwb_msgs/local/lib/python3.10/dist-packages/uwb_msgs/_uwb_msgs_s.ep.rosidl_typesupport_introspection_c.c
-- Installing: /home/Judy/safmc_uwb/ros/install/uwb_msgs/local/lib/python3.10/dist-packages/uwb_msgs/uwb_msgs_s__rosidl_typesupport_c.cpython-310-x86_64-linux-gnu.so
-- Installing: /home/Judy/safmc_uwb/ros/install/uwb_msgs/local/lib/python3.10/dist-packages/uwb_msgs/libuwb_msgs__rosidl_generator_py.so
-- Installing: /home/Judy/safmc_uwb/ros/install/uwb_msgs/local/lib/python3.10/dist-packages/uwb_msgs/_uwb_msgs_s.ep.rosidl_typesupport_c.c
-- Installing: /home/Judy/safmc_uwb/ros/install/uwb_msgs/local/lib/python3.10/dist-packages/uwb_msgs/_uwb_msgs_s.ep.rosidl_typesupport_fastrtps_c.c
-- Installing: /home/Judy/safmc_uwb/ros/install/uwb_msgs/local/lib/python3.10/dist-packages/uwb_msgs/uwb_msgs_s__rosidl_typesupport_introspection_c.cpython-310-x86_64-linux-gnu.so
-- Installing: /home/Judy/safmc_uwb/ros/install/uwb_msgs/local/lib/python3.10/dist-packages/uwb_msgs/__init__.py
Listing '/home/Judy/safmc_uwb/ros/install/uwb_msgs/local/lib/python3.10/dist-packages/uwb_msgs'...
Compiling '/home/Judy/safmc_uwb/ros/install/uwb_msgs/local/lib/python3.10/dist-packages/uwb_msgs/__init__.py'...
Listing '/home/Judy/safmc_uwb/ros/install/uwb_msgs/local/lib/python3.10/dist-packages/uwb_msgs/msg'...
Compiling '/home/Judy/safmc_uwb/ros/install/uwb_msgs/local/lib/python3.10/dist-packages/uwb_msgs/msg/__init__.py'...
Compiling '/home/Judy/safmc_uwb/ros/install/uwb_msgs/local/lib/python3.10/dist-packages/uwb_msgs/msg/_pose.py'...
Compiling '/home/Judy/safmc_uwb/ros/install/uwb_msgs/local/lib/python3.10/dist-packages/uwb_msgs/msg/_range.py'...
Compiling '/home/Judy/safmc_uwb/ros/install/uwb_msgs/local/lib/python3.10/dist-packages/uwb_msgs/msg/_tag_position.py'...
-- Installing: /home/Judy/safmc_uwb/ros/install/uwb_msgs/local/lib/python3.10/dist-packages/uwb_msgs/uwb_msgs_s__rosidl_typesupport_fastrtps_c.cpython-310-x86_64-linux-gnu.so
-- Set runtime path of "/home/Judy/safmc_uwb/ros/install/uwb_msgs/local/lib/python3.10/dist-packages/uwb_msgs/uwb_msgs_s__rosidl_typesupport_fastrtps_c.cpython-310-x86_64-linux-gnu.so" to ""
-- Installing: /home/Judy/safmc_uwb/ros/install/uwb_msgs/local/lib/python3.10/dist-packages/uwb_msgs/uwb_msgs_s__rosidl_typesupport_introspection_c.cpython-310-x86_64-linux-gnu.so
-- Set runtime path of "/home/Judy/safmc_uwb/ros/install/uwb_msgs/local/lib/python3.10/dist-packages/uwb_msgs/uwb_msgs_s__rosidl_typesupport_introspection_c.cpython-310-x86_64-linux-gnu.so" to ""
-- Installing: /home/Judy/safmc_uwb/ros/install/uwb_msgs/local/lib/python3.10/dist-packages/uwb_msgs/uwb_msgs_s__rosidl_typesupport_c.cpython-310-x86_64-linux-gnu.so
-- Set runtime path of "/home/Judy/safmc_uwb/ros/install/uwb_msgs/local/lib/python3.10/dist-packages/uwb_msgs/uwb_msgs_s__rosidl_typesupport_c.cpython-310-x86_64-linux-gnu.so" to ""
-- Installing: /home/Judy/safmc_uwb/ros/install/uwb_msgs/lib/libuwb_msgs__rosidl_generator_py.so
-- Set runtime path of "/home/Judy/safmc_uwb/ros/install/uwb_msgs/lib/libuwb_msgs__rosidl_generator_py.so" to ""
-- Installing: /home/Judy/safmc_uwb/ros/install/uwb_msgs/share/uwb_msgs/msg/Range.idl
-- Installing: /home/Judy/safmc_uwb/ros/install/uwb_msgs/share/uwb_msgs/msg/Pose.idl
-- Installing: /home/Judy/safmc_uwb/ros/install/uwb_msgs/share/uwb_msgs/msg/TagPosition.idl
-- Installing: /home/Judy/safmc_uwb/ros/install/uwb_msgs/share/uwb_msgs/msg/Range.msg
-- Installing: /home/Judy/safmc_uwb/ros/install/uwb_msgs/share/uwb_msgs/msg/Pose.msg
-- Installing: /home/Judy/safmc_uwb/ros/install/uwb_msgs/share/uwb_msgs/msg/TagPosition.msg
-- Installing: /home/Judy/safmc_uwb/ros/install/uwb_msgs/share/ament_index/resource_index/package_run_dependencies/uwb_msgs
-- Installing: /home/Judy/safmc_uwb/ros/install/uwb_msgs/share/ament_index/resource_index/parent_prefix_path/uwb_msgs
-- Installing: /home/Judy/safmc_uwb/ros/install/uwb_msgs/share/uwb_msgs/environment/ament_prefix_path.sh
-- Installing: /home/Judy/safmc_uwb/ros/install/uwb_msgs/share/uwb_msgs/environment/ament_prefix_path.dsv
-- Installing: /home/Judy/safmc_uwb/ros/install/uwb_msgs/share/uwb_msgs/environment/path.sh
-- Installing: /home/Judy/safmc_uwb/ros/install/uwb_msgs/share/uwb_msgs/environment/path.dsv
-- Installing: /home/Judy/safmc_uwb/ros/install/uwb_msgs/share/uwb_msgs/local_setup.bash
-- Installing: /home/Judy/safmc_uwb/ros/install/uwb_msgs/share/uwb_msgs/local_setup.sh
-- Installing: /home/Judy/safmc_uwb/ros/install/uwb_msgs/share/uwb_msgs/local_setup.zsh
-- Installing: /home/Judy/safmc_uwb/ros/install/uwb_msgs/share/uwb_msgs/local_setup.dsv
-- Installing: /home/Judy/safmc_uwb/ros/install/uwb_msgs/share/uwb_msgs/package.dsv
-- Installing: /home/Judy/safmc_uwb/ros/install/uwb_msgs/share/ament_index/resource_index/packages/uwb_msgs
-- Installing: /home/Judy/safmc_uwb/ros/install/uwb_msgs/share/uwb_msgs/cmake/export_uwb_msgs__rosidl_generator_cExport.cmake
-- Installing: /home/Judy/safmc_uwb/ros/install/uwb_msgs/share/uwb_msgs/cmake/export_uwb_msgs__rosidl_generator_cExport-noconfig.cmake
-- Installing: /home/Judy/safmc_uwb/ros/install/uwb_msgs/share/uwb_msgs/cmake/export_uwb_msgs__rosidl_typesupport_fastrtps_cExport.cmake
-- Installing: /home/Judy/safmc_uwb/ros/install/uwb_msgs/share/uwb_msgs/cmake/export_uwb_msgs__rosidl_typesupport_fastrtps_cExport-noconfig.cmake
-- Installing: /home/Judy/safmc_uwb/ros/install/uwb_msgs/share/uwb_msgs/cmake/uwb_msgs__rosidl_typesupport_introspection_cExport.cmake
-- Installing: /home/Judy/safmc_uwb/ros/install/uwb_msgs/share/uwb_msgs/cmake/uwb_msgs__rosidl_typesupport_introspection_cExport-noconfig.cmake
-- Installing: /home/Judy/safmc_uwb/ros/install/uwb_msgs/share/uwb_msgs/cmake/uwb_msgs__rosidl_typesupport_cExport.cmake
-- Installing: /home/Judy/safmc_uwb/ros/install/uwb_msgs/share/uwb_msgs/cmake/uwb_msgs__rosidl_typesupport_cExport-noconfig.cmake
-- Installing: /home/Judy/safmc_uwb/ros/install/uwb_msgs/share/uwb_msgs/cmake/export_uwb_msgs__rosidl_generator_cppExport.cmake
-- Installing: /home/Judy/safmc_uwb/ros/install/uwb_msgs/share/uwb_msgs/cmake/export_uwb_msgs__rosidl_typesupport_fastrtps_cppExport.cmake
-- Installing: /home/Judy/safmc_uwb/ros/install/uwb_msgs/share/uwb_msgs/cmake/export_uwb_msgs__rosidl_typesupport_fastrtps_cppExport-noconfig.cmake
-- Installing: /home/Judy/safmc_uwb/ros/install/uwb_msgs/share/uwb_msgs/cmake/uwb_msgs__rosidl_typesupport_introspection_cppExport.cmake
-- Installing: /home/Judy/safmc_uwb/ros/install/uwb_msgs/share/uwb_msgs/cmake/uwb_msgs__rosidl_typesupport_introspection_cppExport-noconfig.cmake
-- Installing: /home/Judy/safmc_uwb/ros/install/uwb_msgs/share/uwb_msgs/cmake/uwb_msgs__rosidl_typesupport_cppExport.cmake
-- Installing: /home/Judy/safmc_uwb/ros/install/uwb_msgs/share/uwb_msgs/cmake/uwb_msgs__rosidl_typesupport_cppExport-noconfig.cmake
-- Installing: /home/Judy/safmc_uwb/ros/install/uwb_msgs/share/uwb_msgs/cmake/export_uwb_msgs__rosidl_generator_pyExport.cmake
-- Installing: /home/Judy/safmc_uwb/ros/install/uwb_msgs/share/uwb_msgs/cmake/export_uwb_msgs__rosidl_generator_pyExport-noconfig.cmake
-- Installing: /home/Judy/safmc_uwb/ros/install/uwb_msgs/share/uwb_msgs/cmake/rosidl_cmake-extras.cmake
-- Installing: /home/Judy/safmc_uwb/ros/install/uwb_msgs/share/uwb_msgs/cmake/ament_cmake_export_dependencies-extras.cmake
-- Installing: /home/Judy/safmc_uwb/ros/install/uwb_msgs/share/uwb_msgs/cmake/ament_cmake_export_include_directories-extras.cmake
-- Installing: /home/Judy/safmc_uwb/ros/install/uwb_msgs/share/uwb_msgs/cmake/ament_cmake_export_libraries-extras.cmake
-- Installing: /home/Judy/safmc_uwb/ros/install/uwb_msgs/share/uwb_msgs/cmake/ament_cmake_export_targets-extras.cmake
-- Installing: /home/Judy/safmc_uwb/ros/install/uwb_msgs/share/uwb_msgs/cmake/rosidl_cmake_export_typesupport_targets-extras.cmake
-- Installing: /home/Judy/safmc_uwb/ros/install/uwb_msgs/share/uwb_msgs/cmake/rosidl_cmake_export_typesupport_libraries-extras.cmake
-- Installing: /home/Judy/safmc_uwb/ros/install/uwb_msgs/share/uwb_msgs/cmake/uwb_msgsConfig.cmake
-- Installing: /home/Judy/safmc_uwb/ros/install/uwb_msgs/share/uwb_msgs/cmake/uwb_msgsConfig-version.cmake
-- Installing: /home/Judy/safmc_uwb/ros/install/uwb_msgs/share/uwb_msgs/package.xml
