[0.010s] Invoking command in '/home/Judy/safmc_uwb/ros/build/uwb_msgs': CMAKE_PREFIX_PATH=${CMAKE_PREFIX_PATH}:/home/Judy/safmc_uwb/ros/install/uwb:/home/Judy/safmc_uwb/ros_enfu/install/uwb:/opt/ros/humble /usr/bin/cmake /home/Judy/safmc_uwb/ros/src/uwb_msgs -DCMAKE_INSTALL_PREFIX=/home/Judy/safmc_uwb/ros/install/uwb_msgs
[0.019s] -- Found ament_cmake: 1.3.11 (/opt/ros/humble/share/ament_cmake/cmake)
[0.113s] -- Found rosidl_default_generators: 1.2.0 (/opt/ros/humble/share/rosidl_default_generators/cmake)
[0.114s] -- Using all available rosidl_typesupport_c: rosidl_typesupport_fastrtps_c;rosidl_typesupport_introspection_c
[0.116s] -- Found rosidl_adapter: 3.1.6 (/opt/ros/humble/share/rosidl_adapter/cmake)
[0.273s] -- Using all available rosidl_typesupport_cpp: rosidl_typesupport_fastrtps_cpp;rosidl_typesupport_introspection_cpp
[0.290s] -- Found geometry_msgs: 4.2.4 (/opt/ros/humble/share/geometry_msgs/cmake)
[0.523s] -- Found ament_cmake_ros: 0.10.0 (/opt/ros/humble/share/ament_cmake_ros/cmake)
[0.708s] -- Using all available rosidl_typesupport_c: rosidl_typesupport_fastrtps_c;rosidl_typesupport_introspection_c
[0.948s] -- Using all available rosidl_typesupport_cpp: rosidl_typesupport_fastrtps_cpp;rosidl_typesupport_introspection_cpp
[1.079s] -- Found PythonInterp: /usr/bin/python3 (found suitable version "3.10.12", minimum required is "3.6") 
[1.080s] -- Found python_cmake_module: 0.10.0 (/opt/ros/humble/share/python_cmake_module/cmake)
[1.464s] -- Found PythonLibs: /usr/lib/x86_64-linux-gnu/libpython3.10.so (found suitable version "3.10.12", minimum required is "3.5") 
[1.464s] -- Using PYTHON_EXECUTABLE: /usr/bin/python3
[1.464s] -- Using PYTHON_INCLUDE_DIRS: /usr/include/python3.10
[1.464s] -- Using PYTHON_LIBRARIES: /usr/lib/x86_64-linux-gnu/libpython3.10.so
[1.482s] -- Found PythonExtra: .so  
[1.569s] -- Found ament_lint_auto: 0.12.11 (/opt/ros/humble/share/ament_lint_auto/cmake)
[1.589s] -- Added test 'lint_cmake' to check CMake code style
[1.590s] -- Added test 'xmllint' to check XML markup files
[1.593s] -- Configuring done
[1.649s] -- Generating done
[1.659s] -- Build files have been written to: /home/Judy/safmc_uwb/ros/build/uwb_msgs
[1.667s] Invoked command in '/home/Judy/safmc_uwb/ros/build/uwb_msgs' returned '0': CMAKE_PREFIX_PATH=${CMAKE_PREFIX_PATH}:/home/Judy/safmc_uwb/ros/install/uwb:/home/Judy/safmc_uwb/ros_enfu/install/uwb:/opt/ros/humble /usr/bin/cmake /home/Judy/safmc_uwb/ros/src/uwb_msgs -DCMAKE_INSTALL_PREFIX=/home/Judy/safmc_uwb/ros/install/uwb_msgs
[1.669s] Invoking command in '/home/Judy/safmc_uwb/ros/build/uwb_msgs': CMAKE_PREFIX_PATH=${CMAKE_PREFIX_PATH}:/home/Judy/safmc_uwb/ros/install/uwb:/home/Judy/safmc_uwb/ros_enfu/install/uwb:/opt/ros/humble /usr/bin/cmake --build /home/Judy/safmc_uwb/ros/build/uwb_msgs -- -j12 -l12
[1.700s] [  2%] [34m[1mGenerating C code for ROS interfaces[0m
[1.707s] [  4%] [34m[1mGenerating C++ code for ROS interfaces[0m
[1.714s] [  4%] Built target ament_cmake_python_copy_uwb_msgs
[1.950s] running egg_info
[1.951s] creating uwb_msgs.egg-info
[1.952s] [ 10%] [32mBuilding C object CMakeFiles/uwb_msgs__rosidl_generator_c.dir/rosidl_generator_c/uwb_msgs/msg/detail/tag_position__functions.c.o[0m
[1.952s] [ 10%] [32mBuilding C object CMakeFiles/uwb_msgs__rosidl_generator_c.dir/rosidl_generator_c/uwb_msgs/msg/detail/pose__functions.c.o[0m
[1.952s] [ 10%] [32mBuilding C object CMakeFiles/uwb_msgs__rosidl_generator_c.dir/rosidl_generator_c/uwb_msgs/msg/detail/range__functions.c.o[0m
[1.954s] writing uwb_msgs.egg-info/PKG-INFO
[1.954s] writing dependency_links to uwb_msgs.egg-info/dependency_links.txt
[1.954s] writing top-level names to uwb_msgs.egg-info/top_level.txt
[1.955s] writing manifest file 'uwb_msgs.egg-info/SOURCES.txt'
[1.957s] reading manifest file 'uwb_msgs.egg-info/SOURCES.txt'
[1.958s] writing manifest file 'uwb_msgs.egg-info/SOURCES.txt'
[2.003s] [ 10%] Built target ament_cmake_python_build_uwb_msgs_egg
[2.004s] [ 10%] Built target uwb_msgs__cpp
[2.005s] [ 12%] [32m[1mLinking C shared library libuwb_msgs__rosidl_generator_c.so[0m
[2.013s] [ 17%] [34m[1mGenerating C++ type support for eProsima Fast-RTPS[0m
[2.014s] [ 17%] [34m[1mGenerating C++ type support dispatch for ROS interfaces[0m
[2.014s] [ 19%] [34m[1mGenerating C++ introspection for ROS interfaces[0m
[2.132s] [ 19%] Built target uwb_msgs__rosidl_generator_c
[2.141s] [ 21%] [34m[1mGenerating C type support dispatch for ROS interfaces[0m
[2.141s] [ 25%] [34m[1mGenerating C introspection for ROS interfaces[0m
[2.141s] [ 25%] [34m[1mGenerating C type support for eProsima Fast-RTPS[0m
[2.242s] [ 31%] [32mBuilding CXX object CMakeFiles/uwb_msgs__rosidl_typesupport_cpp.dir/rosidl_typesupport_cpp/uwb_msgs/msg/range__type_support.cpp.o[0m
[2.243s] [ 31%] [32mBuilding CXX object CMakeFiles/uwb_msgs__rosidl_typesupport_cpp.dir/rosidl_typesupport_cpp/uwb_msgs/msg/tag_position__type_support.cpp.o[0m
[2.243s] [ 31%] [32mBuilding CXX object CMakeFiles/uwb_msgs__rosidl_typesupport_cpp.dir/rosidl_typesupport_cpp/uwb_msgs/msg/pose__type_support.cpp.o[0m
[2.273s] [ 36%] [32mBuilding CXX object CMakeFiles/uwb_msgs__rosidl_typesupport_introspection_cpp.dir/rosidl_typesupport_introspection_cpp/uwb_msgs/msg/detail/tag_position__type_support.cpp.o[0m
[2.273s] [ 36%] [32mBuilding CXX object CMakeFiles/uwb_msgs__rosidl_typesupport_introspection_cpp.dir/rosidl_typesupport_introspection_cpp/uwb_msgs/msg/detail/range__type_support.cpp.o[0m
[2.288s] [ 38%] [32mBuilding CXX object CMakeFiles/uwb_msgs__rosidl_typesupport_introspection_cpp.dir/rosidl_typesupport_introspection_cpp/uwb_msgs/msg/detail/pose__type_support.cpp.o[0m
[2.325s] [ 40%] [32mBuilding CXX object CMakeFiles/uwb_msgs__rosidl_typesupport_fastrtps_cpp.dir/rosidl_typesupport_fastrtps_cpp/uwb_msgs/msg/detail/dds_fastrtps/range__type_support.cpp.o[0m
[2.325s] [ 42%] [32mBuilding CXX object CMakeFiles/uwb_msgs__rosidl_typesupport_fastrtps_cpp.dir/rosidl_typesupport_fastrtps_cpp/uwb_msgs/msg/detail/dds_fastrtps/pose__type_support.cpp.o[0m
[2.340s] [ 44%] [32mBuilding CXX object CMakeFiles/uwb_msgs__rosidl_typesupport_fastrtps_cpp.dir/rosidl_typesupport_fastrtps_cpp/uwb_msgs/msg/detail/dds_fastrtps/tag_position__type_support.cpp.o[0m
[2.600s] [ 46%] [32mBuilding CXX object CMakeFiles/uwb_msgs__rosidl_typesupport_c.dir/rosidl_typesupport_c/uwb_msgs/msg/range__type_support.cpp.o[0m
[2.731s] [ 48%] [32mBuilding CXX object CMakeFiles/uwb_msgs__rosidl_typesupport_c.dir/rosidl_typesupport_c/uwb_msgs/msg/pose__type_support.cpp.o[0m
[2.757s] [ 51%] [32mBuilding CXX object CMakeFiles/uwb_msgs__rosidl_typesupport_c.dir/rosidl_typesupport_c/uwb_msgs/msg/tag_position__type_support.cpp.o[0m
[2.762s] [ 53%] [32mBuilding CXX object CMakeFiles/uwb_msgs__rosidl_typesupport_fastrtps_c.dir/rosidl_typesupport_fastrtps_c/uwb_msgs/msg/detail/range__type_support_c.cpp.o[0m
[2.762s] [ 55%] [32m[1mLinking CXX shared library libuwb_msgs__rosidl_typesupport_cpp.so[0m
[2.769s] [ 57%] [32mBuilding CXX object CMakeFiles/uwb_msgs__rosidl_typesupport_fastrtps_c.dir/rosidl_typesupport_fastrtps_c/uwb_msgs/msg/detail/pose__type_support_c.cpp.o[0m
[2.791s] [ 59%] [32mBuilding C object CMakeFiles/uwb_msgs__rosidl_typesupport_introspection_c.dir/rosidl_typesupport_introspection_c/uwb_msgs/msg/detail/range__type_support.c.o[0m
[2.877s] [ 61%] [32m[1mLinking CXX shared library libuwb_msgs__rosidl_typesupport_c.so[0m
[2.895s] [ 63%] [32mBuilding C object CMakeFiles/uwb_msgs__rosidl_typesupport_introspection_c.dir/rosidl_typesupport_introspection_c/uwb_msgs/msg/detail/pose__type_support.c.o[0m
[2.920s] [ 65%] [32mBuilding C object CMakeFiles/uwb_msgs__rosidl_typesupport_introspection_c.dir/rosidl_typesupport_introspection_c/uwb_msgs/msg/detail/tag_position__type_support.c.o[0m
[3.051s] [ 68%] [32mBuilding CXX object CMakeFiles/uwb_msgs__rosidl_typesupport_fastrtps_c.dir/rosidl_typesupport_fastrtps_c/uwb_msgs/msg/detail/tag_position__type_support_c.cpp.o[0m
[3.084s] [ 70%] [32m[1mLinking C shared library libuwb_msgs__rosidl_typesupport_introspection_c.so[0m
[3.112s] [ 70%] Built target uwb_msgs__rosidl_typesupport_cpp
[3.131s] [ 70%] Built target uwb_msgs__rosidl_typesupport_c
[3.136s] [ 72%] [32m[1mLinking CXX shared library libuwb_msgs__rosidl_typesupport_introspection_cpp.so[0m
[3.276s] [ 72%] Built target uwb_msgs__rosidl_typesupport_introspection_c
[3.287s] [ 74%] [32m[1mLinking CXX shared library libuwb_msgs__rosidl_typesupport_fastrtps_cpp.so[0m
[3.345s] [ 74%] Built target uwb_msgs__rosidl_typesupport_introspection_cpp
[3.468s] [ 74%] Built target uwb_msgs__rosidl_typesupport_fastrtps_cpp
[3.478s] [ 76%] [32m[1mLinking CXX shared library libuwb_msgs__rosidl_typesupport_fastrtps_c.so[0m
[3.670s] [ 76%] Built target uwb_msgs__rosidl_typesupport_fastrtps_c
[3.688s] [ 76%] Built target uwb_msgs
[3.707s] [ 78%] [34m[1mGenerating Python code for ROS interfaces[0m
[4.030s] [ 78%] Built target uwb_msgs__py
[4.047s] [ 82%] [32mBuilding C object CMakeFiles/uwb_msgs__rosidl_generator_py.dir/rosidl_generator_py/uwb_msgs/msg/_pose_s.c.o[0m
[4.047s] [ 82%] [32mBuilding C object CMakeFiles/uwb_msgs__rosidl_generator_py.dir/rosidl_generator_py/uwb_msgs/msg/_range_s.c.o[0m
[4.047s] [ 85%] [32mBuilding C object CMakeFiles/uwb_msgs__rosidl_generator_py.dir/rosidl_generator_py/uwb_msgs/msg/_tag_position_s.c.o[0m
[4.128s] [ 87%] [32m[1mLinking C shared library rosidl_generator_py/uwb_msgs/libuwb_msgs__rosidl_generator_py.so[0m
[4.238s] [ 87%] Built target uwb_msgs__rosidl_generator_py
[4.254s] [ 91%] [32mBuilding C object CMakeFiles/uwb_msgs__rosidl_typesupport_c__pyext.dir/rosidl_generator_py/uwb_msgs/_uwb_msgs_s.ep.rosidl_typesupport_c.c.o[0m
[4.255s] [ 91%] [32mBuilding C object CMakeFiles/uwb_msgs__rosidl_typesupport_introspection_c__pyext.dir/rosidl_generator_py/uwb_msgs/_uwb_msgs_s.ep.rosidl_typesupport_introspection_c.c.o[0m
[4.255s] [ 93%] [32mBuilding C object CMakeFiles/uwb_msgs__rosidl_typesupport_fastrtps_c__pyext.dir/rosidl_generator_py/uwb_msgs/_uwb_msgs_s.ep.rosidl_typesupport_fastrtps_c.c.o[0m
[4.345s] [ 97%] [32m[1mLinking C shared library rosidl_generator_py/uwb_msgs/uwb_msgs_s__rosidl_typesupport_introspection_c.cpython-310-x86_64-linux-gnu.so[0m
[4.345s] [ 97%] [32m[1mLinking C shared library rosidl_generator_py/uwb_msgs/uwb_msgs_s__rosidl_typesupport_fastrtps_c.cpython-310-x86_64-linux-gnu.so[0m
[4.355s] [100%] [32m[1mLinking C shared library rosidl_generator_py/uwb_msgs/uwb_msgs_s__rosidl_typesupport_c.cpython-310-x86_64-linux-gnu.so[0m
[4.434s] [100%] Built target uwb_msgs__rosidl_typesupport_fastrtps_c__pyext
[4.434s] [100%] Built target uwb_msgs__rosidl_typesupport_introspection_c__pyext
[4.481s] [100%] Built target uwb_msgs__rosidl_typesupport_c__pyext
[4.493s] Invoked command in '/home/Judy/safmc_uwb/ros/build/uwb_msgs' returned '0': CMAKE_PREFIX_PATH=${CMAKE_PREFIX_PATH}:/home/Judy/safmc_uwb/ros/install/uwb:/home/Judy/safmc_uwb/ros_enfu/install/uwb:/opt/ros/humble /usr/bin/cmake --build /home/Judy/safmc_uwb/ros/build/uwb_msgs -- -j12 -l12
[4.502s] Invoking command in '/home/Judy/safmc_uwb/ros/build/uwb_msgs': CMAKE_PREFIX_PATH=${CMAKE_PREFIX_PATH}:/home/Judy/safmc_uwb/ros/install/uwb:/home/Judy/safmc_uwb/ros_enfu/install/uwb:/opt/ros/humble /usr/bin/cmake --install /home/Judy/safmc_uwb/ros/build/uwb_msgs
[4.508s] -- Install configuration: ""
[4.509s] -- Installing: /home/Judy/safmc_uwb/ros/install/uwb_msgs/share/ament_index/resource_index/rosidl_interfaces/uwb_msgs
[4.509s] -- Installing: /home/Judy/safmc_uwb/ros/install/uwb_msgs/include/uwb_msgs/uwb_msgs
[4.511s] -- Installing: /home/Judy/safmc_uwb/ros/install/uwb_msgs/include/uwb_msgs/uwb_msgs/msg
[4.511s] -- Installing: /home/Judy/safmc_uwb/ros/install/uwb_msgs/include/uwb_msgs/uwb_msgs/msg/detail
[4.512s] -- Installing: /home/Judy/safmc_uwb/ros/install/uwb_msgs/include/uwb_msgs/uwb_msgs/msg/detail/tag_position__struct.h
[4.512s] -- Installing: /home/Judy/safmc_uwb/ros/install/uwb_msgs/include/uwb_msgs/uwb_msgs/msg/detail/range__type_support.h
[4.512s] -- Installing: /home/Judy/safmc_uwb/ros/install/uwb_msgs/include/uwb_msgs/uwb_msgs/msg/detail/pose__functions.h
[4.512s] -- Installing: /home/Judy/safmc_uwb/ros/install/uwb_msgs/include/uwb_msgs/uwb_msgs/msg/detail/pose__functions.c
[4.513s] -- Installing: /home/Judy/safmc_uwb/ros/install/uwb_msgs/include/uwb_msgs/uwb_msgs/msg/detail/pose__type_support.h
[4.513s] -- Installing: /home/Judy/safmc_uwb/ros/install/uwb_msgs/include/uwb_msgs/uwb_msgs/msg/detail/range__functions.c
[4.513s] -- Installing: /home/Judy/safmc_uwb/ros/install/uwb_msgs/include/uwb_msgs/uwb_msgs/msg/detail/range__functions.h
[4.513s] -- Installing: /home/Judy/safmc_uwb/ros/install/uwb_msgs/include/uwb_msgs/uwb_msgs/msg/detail/range__struct.h
[4.513s] -- Installing: /home/Judy/safmc_uwb/ros/install/uwb_msgs/include/uwb_msgs/uwb_msgs/msg/detail/pose__struct.h
[4.513s] -- Installing: /home/Judy/safmc_uwb/ros/install/uwb_msgs/include/uwb_msgs/uwb_msgs/msg/detail/tag_position__type_support.h
[4.514s] -- Installing: /home/Judy/safmc_uwb/ros/install/uwb_msgs/include/uwb_msgs/uwb_msgs/msg/detail/tag_position__functions.c
[4.514s] -- Installing: /home/Judy/safmc_uwb/ros/install/uwb_msgs/include/uwb_msgs/uwb_msgs/msg/detail/tag_position__functions.h
[4.514s] -- Installing: /home/Judy/safmc_uwb/ros/install/uwb_msgs/include/uwb_msgs/uwb_msgs/msg/tag_position.h
[4.514s] -- Installing: /home/Judy/safmc_uwb/ros/install/uwb_msgs/include/uwb_msgs/uwb_msgs/msg/range.h
[4.514s] -- Installing: /home/Judy/safmc_uwb/ros/install/uwb_msgs/include/uwb_msgs/uwb_msgs/msg/pose.h
[4.514s] -- Installing: /home/Judy/safmc_uwb/ros/install/uwb_msgs/include/uwb_msgs/uwb_msgs/msg/rosidl_generator_c__visibility_control.h
[4.515s] -- Installing: /home/Judy/safmc_uwb/ros/install/uwb_msgs/share/uwb_msgs/environment/library_path.sh
[4.515s] -- Installing: /home/Judy/safmc_uwb/ros/install/uwb_msgs/share/uwb_msgs/environment/library_path.dsv
[4.516s] -- Installing: /home/Judy/safmc_uwb/ros/install/uwb_msgs/lib/libuwb_msgs__rosidl_generator_c.so
[4.516s] -- Set runtime path of "/home/Judy/safmc_uwb/ros/install/uwb_msgs/lib/libuwb_msgs__rosidl_generator_c.so" to ""
[4.516s] -- Up-to-date: /home/Judy/safmc_uwb/ros/install/uwb_msgs/include/uwb_msgs/uwb_msgs
[4.516s] -- Up-to-date: /home/Judy/safmc_uwb/ros/install/uwb_msgs/include/uwb_msgs/uwb_msgs/msg
[4.517s] -- Installing: /home/Judy/safmc_uwb/ros/install/uwb_msgs/include/uwb_msgs/uwb_msgs/msg/rosidl_typesupport_fastrtps_c__visibility_control.h
[4.517s] -- Up-to-date: /home/Judy/safmc_uwb/ros/install/uwb_msgs/include/uwb_msgs/uwb_msgs/msg/detail
[4.517s] -- Installing: /home/Judy/safmc_uwb/ros/install/uwb_msgs/include/uwb_msgs/uwb_msgs/msg/detail/pose__rosidl_typesupport_fastrtps_c.h
[4.517s] -- Installing: /home/Judy/safmc_uwb/ros/install/uwb_msgs/include/uwb_msgs/uwb_msgs/msg/detail/range__rosidl_typesupport_fastrtps_c.h
[4.517s] -- Installing: /home/Judy/safmc_uwb/ros/install/uwb_msgs/include/uwb_msgs/uwb_msgs/msg/detail/tag_position__rosidl_typesupport_fastrtps_c.h
[4.517s] -- Installing: /home/Judy/safmc_uwb/ros/install/uwb_msgs/lib/libuwb_msgs__rosidl_typesupport_fastrtps_c.so
[4.517s] -- Set runtime path of "/home/Judy/safmc_uwb/ros/install/uwb_msgs/lib/libuwb_msgs__rosidl_typesupport_fastrtps_c.so" to ""
[4.518s] -- Up-to-date: /home/Judy/safmc_uwb/ros/install/uwb_msgs/include/uwb_msgs/uwb_msgs
[4.518s] -- Up-to-date: /home/Judy/safmc_uwb/ros/install/uwb_msgs/include/uwb_msgs/uwb_msgs/msg
[4.518s] -- Up-to-date: /home/Judy/safmc_uwb/ros/install/uwb_msgs/include/uwb_msgs/uwb_msgs/msg/detail
[4.518s] -- Installing: /home/Judy/safmc_uwb/ros/install/uwb_msgs/include/uwb_msgs/uwb_msgs/msg/detail/tag_position__rosidl_typesupport_introspection_c.h
[4.518s] -- Installing: /home/Judy/safmc_uwb/ros/install/uwb_msgs/include/uwb_msgs/uwb_msgs/msg/detail/pose__rosidl_typesupport_introspection_c.h
[4.518s] -- Installing: /home/Judy/safmc_uwb/ros/install/uwb_msgs/include/uwb_msgs/uwb_msgs/msg/detail/pose__type_support.c
[4.519s] -- Installing: /home/Judy/safmc_uwb/ros/install/uwb_msgs/include/uwb_msgs/uwb_msgs/msg/detail/range__type_support.c
[4.519s] -- Installing: /home/Judy/safmc_uwb/ros/install/uwb_msgs/include/uwb_msgs/uwb_msgs/msg/detail/range__rosidl_typesupport_introspection_c.h
[4.519s] -- Installing: /home/Judy/safmc_uwb/ros/install/uwb_msgs/include/uwb_msgs/uwb_msgs/msg/detail/tag_position__type_support.c
[4.519s] -- Installing: /home/Judy/safmc_uwb/ros/install/uwb_msgs/include/uwb_msgs/uwb_msgs/msg/rosidl_typesupport_introspection_c__visibility_control.h
[4.519s] -- Installing: /home/Judy/safmc_uwb/ros/install/uwb_msgs/lib/libuwb_msgs__rosidl_typesupport_introspection_c.so
[4.519s] -- Set runtime path of "/home/Judy/safmc_uwb/ros/install/uwb_msgs/lib/libuwb_msgs__rosidl_typesupport_introspection_c.so" to ""
[4.519s] -- Installing: /home/Judy/safmc_uwb/ros/install/uwb_msgs/lib/libuwb_msgs__rosidl_typesupport_c.so
[4.520s] -- Set runtime path of "/home/Judy/safmc_uwb/ros/install/uwb_msgs/lib/libuwb_msgs__rosidl_typesupport_c.so" to ""
[4.520s] -- Up-to-date: /home/Judy/safmc_uwb/ros/install/uwb_msgs/include/uwb_msgs/uwb_msgs
[4.520s] -- Up-to-date: /home/Judy/safmc_uwb/ros/install/uwb_msgs/include/uwb_msgs/uwb_msgs/msg
[4.520s] -- Installing: /home/Judy/safmc_uwb/ros/install/uwb_msgs/include/uwb_msgs/uwb_msgs/msg/tag_position.hpp
[4.520s] -- Up-to-date: /home/Judy/safmc_uwb/ros/install/uwb_msgs/include/uwb_msgs/uwb_msgs/msg/detail
[4.521s] -- Installing: /home/Judy/safmc_uwb/ros/install/uwb_msgs/include/uwb_msgs/uwb_msgs/msg/detail/pose__type_support.hpp
[4.521s] -- Installing: /home/Judy/safmc_uwb/ros/install/uwb_msgs/include/uwb_msgs/uwb_msgs/msg/detail/tag_position__traits.hpp
[4.521s] -- Installing: /home/Judy/safmc_uwb/ros/install/uwb_msgs/include/uwb_msgs/uwb_msgs/msg/detail/pose__builder.hpp
[4.521s] -- Installing: /home/Judy/safmc_uwb/ros/install/uwb_msgs/include/uwb_msgs/uwb_msgs/msg/detail/tag_position__struct.hpp
[4.521s] -- Installing: /home/Judy/safmc_uwb/ros/install/uwb_msgs/include/uwb_msgs/uwb_msgs/msg/detail/range__struct.hpp
[4.521s] -- Installing: /home/Judy/safmc_uwb/ros/install/uwb_msgs/include/uwb_msgs/uwb_msgs/msg/detail/tag_position__builder.hpp
[4.521s] -- Installing: /home/Judy/safmc_uwb/ros/install/uwb_msgs/include/uwb_msgs/uwb_msgs/msg/detail/range__traits.hpp
[4.522s] -- Installing: /home/Judy/safmc_uwb/ros/install/uwb_msgs/include/uwb_msgs/uwb_msgs/msg/detail/pose__traits.hpp
[4.522s] -- Installing: /home/Judy/safmc_uwb/ros/install/uwb_msgs/include/uwb_msgs/uwb_msgs/msg/detail/tag_position__type_support.hpp
[4.522s] -- Installing: /home/Judy/safmc_uwb/ros/install/uwb_msgs/include/uwb_msgs/uwb_msgs/msg/detail/range__type_support.hpp
[4.522s] -- Installing: /home/Judy/safmc_uwb/ros/install/uwb_msgs/include/uwb_msgs/uwb_msgs/msg/detail/range__builder.hpp
[4.522s] -- Installing: /home/Judy/safmc_uwb/ros/install/uwb_msgs/include/uwb_msgs/uwb_msgs/msg/detail/pose__struct.hpp
[4.522s] -- Installing: /home/Judy/safmc_uwb/ros/install/uwb_msgs/include/uwb_msgs/uwb_msgs/msg/range.hpp
[4.522s] -- Installing: /home/Judy/safmc_uwb/ros/install/uwb_msgs/include/uwb_msgs/uwb_msgs/msg/pose.hpp
[4.523s] -- Installing: /home/Judy/safmc_uwb/ros/install/uwb_msgs/include/uwb_msgs/uwb_msgs/msg/rosidl_generator_cpp__visibility_control.hpp
[4.523s] -- Up-to-date: /home/Judy/safmc_uwb/ros/install/uwb_msgs/include/uwb_msgs/uwb_msgs
[4.523s] -- Up-to-date: /home/Judy/safmc_uwb/ros/install/uwb_msgs/include/uwb_msgs/uwb_msgs/msg
[4.523s] -- Installing: /home/Judy/safmc_uwb/ros/install/uwb_msgs/include/uwb_msgs/uwb_msgs/msg/rosidl_typesupport_fastrtps_cpp__visibility_control.h
[4.523s] -- Up-to-date: /home/Judy/safmc_uwb/ros/install/uwb_msgs/include/uwb_msgs/uwb_msgs/msg/detail
[4.523s] -- Installing: /home/Judy/safmc_uwb/ros/install/uwb_msgs/include/uwb_msgs/uwb_msgs/msg/detail/range__rosidl_typesupport_fastrtps_cpp.hpp
[4.523s] -- Installing: /home/Judy/safmc_uwb/ros/install/uwb_msgs/include/uwb_msgs/uwb_msgs/msg/detail/pose__rosidl_typesupport_fastrtps_cpp.hpp
[4.523s] -- Installing: /home/Judy/safmc_uwb/ros/install/uwb_msgs/include/uwb_msgs/uwb_msgs/msg/detail/tag_position__rosidl_typesupport_fastrtps_cpp.hpp
[4.523s] -- Installing: /home/Judy/safmc_uwb/ros/install/uwb_msgs/include/uwb_msgs/uwb_msgs/msg/detail/dds_fastrtps
[4.524s] -- Installing: /home/Judy/safmc_uwb/ros/install/uwb_msgs/lib/libuwb_msgs__rosidl_typesupport_fastrtps_cpp.so
[4.524s] -- Set runtime path of "/home/Judy/safmc_uwb/ros/install/uwb_msgs/lib/libuwb_msgs__rosidl_typesupport_fastrtps_cpp.so" to ""
[4.524s] -- Up-to-date: /home/Judy/safmc_uwb/ros/install/uwb_msgs/include/uwb_msgs/uwb_msgs
[4.525s] -- Up-to-date: /home/Judy/safmc_uwb/ros/install/uwb_msgs/include/uwb_msgs/uwb_msgs/msg
[4.525s] -- Up-to-date: /home/Judy/safmc_uwb/ros/install/uwb_msgs/include/uwb_msgs/uwb_msgs/msg/detail
[4.525s] -- Installing: /home/Judy/safmc_uwb/ros/install/uwb_msgs/include/uwb_msgs/uwb_msgs/msg/detail/range__rosidl_typesupport_introspection_cpp.hpp
[4.525s] -- Installing: /home/Judy/safmc_uwb/ros/install/uwb_msgs/include/uwb_msgs/uwb_msgs/msg/detail/pose__type_support.cpp
[4.525s] -- Installing: /home/Judy/safmc_uwb/ros/install/uwb_msgs/include/uwb_msgs/uwb_msgs/msg/detail/tag_position__type_support.cpp
[4.525s] -- Installing: /home/Judy/safmc_uwb/ros/install/uwb_msgs/include/uwb_msgs/uwb_msgs/msg/detail/range__type_support.cpp
[4.525s] -- Installing: /home/Judy/safmc_uwb/ros/install/uwb_msgs/include/uwb_msgs/uwb_msgs/msg/detail/pose__rosidl_typesupport_introspection_cpp.hpp
[4.526s] -- Installing: /home/Judy/safmc_uwb/ros/install/uwb_msgs/include/uwb_msgs/uwb_msgs/msg/detail/tag_position__rosidl_typesupport_introspection_cpp.hpp
[4.526s] -- Installing: /home/Judy/safmc_uwb/ros/install/uwb_msgs/lib/libuwb_msgs__rosidl_typesupport_introspection_cpp.so
[4.526s] -- Set runtime path of "/home/Judy/safmc_uwb/ros/install/uwb_msgs/lib/libuwb_msgs__rosidl_typesupport_introspection_cpp.so" to ""
[4.526s] -- Installing: /home/Judy/safmc_uwb/ros/install/uwb_msgs/lib/libuwb_msgs__rosidl_typesupport_cpp.so
[4.526s] -- Set runtime path of "/home/Judy/safmc_uwb/ros/install/uwb_msgs/lib/libuwb_msgs__rosidl_typesupport_cpp.so" to ""
[4.526s] -- Installing: /home/Judy/safmc_uwb/ros/install/uwb_msgs/share/uwb_msgs/environment/pythonpath.sh
[4.526s] -- Installing: /home/Judy/safmc_uwb/ros/install/uwb_msgs/share/uwb_msgs/environment/pythonpath.dsv
[4.527s] -- Installing: /home/Judy/safmc_uwb/ros/install/uwb_msgs/local/lib/python3.10/dist-packages/uwb_msgs-0.0.0-py3.10.egg-info
[4.528s] -- Installing: /home/Judy/safmc_uwb/ros/install/uwb_msgs/local/lib/python3.10/dist-packages/uwb_msgs-0.0.0-py3.10.egg-info/top_level.txt
[4.528s] -- Installing: /home/Judy/safmc_uwb/ros/install/uwb_msgs/local/lib/python3.10/dist-packages/uwb_msgs-0.0.0-py3.10.egg-info/SOURCES.txt
[4.528s] -- Installing: /home/Judy/safmc_uwb/ros/install/uwb_msgs/local/lib/python3.10/dist-packages/uwb_msgs-0.0.0-py3.10.egg-info/PKG-INFO
[4.528s] -- Installing: /home/Judy/safmc_uwb/ros/install/uwb_msgs/local/lib/python3.10/dist-packages/uwb_msgs-0.0.0-py3.10.egg-info/dependency_links.txt
[4.528s] -- Installing: /home/Judy/safmc_uwb/ros/install/uwb_msgs/local/lib/python3.10/dist-packages/uwb_msgs
[4.528s] -- Installing: /home/Judy/safmc_uwb/ros/install/uwb_msgs/local/lib/python3.10/dist-packages/uwb_msgs/uwb_msgs_s__rosidl_typesupport_fastrtps_c.cpython-310-x86_64-linux-gnu.so
[4.529s] -- Installing: /home/Judy/safmc_uwb/ros/install/uwb_msgs/local/lib/python3.10/dist-packages/uwb_msgs/msg
[4.529s] -- Installing: /home/Judy/safmc_uwb/ros/install/uwb_msgs/local/lib/python3.10/dist-packages/uwb_msgs/msg/_range_s.c
[4.529s] -- Installing: /home/Judy/safmc_uwb/ros/install/uwb_msgs/local/lib/python3.10/dist-packages/uwb_msgs/msg/_tag_position.py
[4.529s] -- Installing: /home/Judy/safmc_uwb/ros/install/uwb_msgs/local/lib/python3.10/dist-packages/uwb_msgs/msg/_range.py
[4.530s] -- Installing: /home/Judy/safmc_uwb/ros/install/uwb_msgs/local/lib/python3.10/dist-packages/uwb_msgs/msg/_pose_s.c
[4.530s] -- Installing: /home/Judy/safmc_uwb/ros/install/uwb_msgs/local/lib/python3.10/dist-packages/uwb_msgs/msg/_tag_position_s.c
[4.530s] -- Installing: /home/Judy/safmc_uwb/ros/install/uwb_msgs/local/lib/python3.10/dist-packages/uwb_msgs/msg/_pose.py
[4.530s] -- Installing: /home/Judy/safmc_uwb/ros/install/uwb_msgs/local/lib/python3.10/dist-packages/uwb_msgs/msg/__init__.py
[4.530s] -- Installing: /home/Judy/safmc_uwb/ros/install/uwb_msgs/local/lib/python3.10/dist-packages/uwb_msgs/_uwb_msgs_s.ep.rosidl_typesupport_introspection_c.c
[4.530s] -- Installing: /home/Judy/safmc_uwb/ros/install/uwb_msgs/local/lib/python3.10/dist-packages/uwb_msgs/uwb_msgs_s__rosidl_typesupport_c.cpython-310-x86_64-linux-gnu.so
[4.530s] -- Installing: /home/Judy/safmc_uwb/ros/install/uwb_msgs/local/lib/python3.10/dist-packages/uwb_msgs/libuwb_msgs__rosidl_generator_py.so
[4.530s] -- Installing: /home/Judy/safmc_uwb/ros/install/uwb_msgs/local/lib/python3.10/dist-packages/uwb_msgs/_uwb_msgs_s.ep.rosidl_typesupport_c.c
[4.531s] -- Installing: /home/Judy/safmc_uwb/ros/install/uwb_msgs/local/lib/python3.10/dist-packages/uwb_msgs/_uwb_msgs_s.ep.rosidl_typesupport_fastrtps_c.c
[4.531s] -- Installing: /home/Judy/safmc_uwb/ros/install/uwb_msgs/local/lib/python3.10/dist-packages/uwb_msgs/uwb_msgs_s__rosidl_typesupport_introspection_c.cpython-310-x86_64-linux-gnu.so
[4.531s] -- Installing: /home/Judy/safmc_uwb/ros/install/uwb_msgs/local/lib/python3.10/dist-packages/uwb_msgs/__init__.py
[4.563s] Listing '/home/Judy/safmc_uwb/ros/install/uwb_msgs/local/lib/python3.10/dist-packages/uwb_msgs'...
[4.564s] Compiling '/home/Judy/safmc_uwb/ros/install/uwb_msgs/local/lib/python3.10/dist-packages/uwb_msgs/__init__.py'...
[4.564s] Listing '/home/Judy/safmc_uwb/ros/install/uwb_msgs/local/lib/python3.10/dist-packages/uwb_msgs/msg'...
[4.564s] Compiling '/home/Judy/safmc_uwb/ros/install/uwb_msgs/local/lib/python3.10/dist-packages/uwb_msgs/msg/__init__.py'...
[4.564s] Compiling '/home/Judy/safmc_uwb/ros/install/uwb_msgs/local/lib/python3.10/dist-packages/uwb_msgs/msg/_pose.py'...
[4.564s] Compiling '/home/Judy/safmc_uwb/ros/install/uwb_msgs/local/lib/python3.10/dist-packages/uwb_msgs/msg/_range.py'...
[4.564s] Compiling '/home/Judy/safmc_uwb/ros/install/uwb_msgs/local/lib/python3.10/dist-packages/uwb_msgs/msg/_tag_position.py'...
[4.568s] -- Installing: /home/Judy/safmc_uwb/ros/install/uwb_msgs/local/lib/python3.10/dist-packages/uwb_msgs/uwb_msgs_s__rosidl_typesupport_fastrtps_c.cpython-310-x86_64-linux-gnu.so
[4.568s] -- Set runtime path of "/home/Judy/safmc_uwb/ros/install/uwb_msgs/local/lib/python3.10/dist-packages/uwb_msgs/uwb_msgs_s__rosidl_typesupport_fastrtps_c.cpython-310-x86_64-linux-gnu.so" to ""
[4.568s] -- Installing: /home/Judy/safmc_uwb/ros/install/uwb_msgs/local/lib/python3.10/dist-packages/uwb_msgs/uwb_msgs_s__rosidl_typesupport_introspection_c.cpython-310-x86_64-linux-gnu.so
[4.569s] -- Set runtime path of "/home/Judy/safmc_uwb/ros/install/uwb_msgs/local/lib/python3.10/dist-packages/uwb_msgs/uwb_msgs_s__rosidl_typesupport_introspection_c.cpython-310-x86_64-linux-gnu.so" to ""
[4.569s] -- Installing: /home/Judy/safmc_uwb/ros/install/uwb_msgs/local/lib/python3.10/dist-packages/uwb_msgs/uwb_msgs_s__rosidl_typesupport_c.cpython-310-x86_64-linux-gnu.so
[4.569s] -- Set runtime path of "/home/Judy/safmc_uwb/ros/install/uwb_msgs/local/lib/python3.10/dist-packages/uwb_msgs/uwb_msgs_s__rosidl_typesupport_c.cpython-310-x86_64-linux-gnu.so" to ""
[4.569s] -- Installing: /home/Judy/safmc_uwb/ros/install/uwb_msgs/lib/libuwb_msgs__rosidl_generator_py.so
[4.570s] -- Set runtime path of "/home/Judy/safmc_uwb/ros/install/uwb_msgs/lib/libuwb_msgs__rosidl_generator_py.so" to ""
[4.570s] -- Installing: /home/Judy/safmc_uwb/ros/install/uwb_msgs/share/uwb_msgs/msg/Range.idl
[4.571s] -- Installing: /home/Judy/safmc_uwb/ros/install/uwb_msgs/share/uwb_msgs/msg/Pose.idl
[4.571s] -- Installing: /home/Judy/safmc_uwb/ros/install/uwb_msgs/share/uwb_msgs/msg/TagPosition.idl
[4.571s] -- Installing: /home/Judy/safmc_uwb/ros/install/uwb_msgs/share/uwb_msgs/msg/Range.msg
[4.571s] -- Installing: /home/Judy/safmc_uwb/ros/install/uwb_msgs/share/uwb_msgs/msg/Pose.msg
[4.572s] -- Installing: /home/Judy/safmc_uwb/ros/install/uwb_msgs/share/uwb_msgs/msg/TagPosition.msg
[4.572s] -- Installing: /home/Judy/safmc_uwb/ros/install/uwb_msgs/share/ament_index/resource_index/package_run_dependencies/uwb_msgs
[4.573s] -- Installing: /home/Judy/safmc_uwb/ros/install/uwb_msgs/share/ament_index/resource_index/parent_prefix_path/uwb_msgs
[4.573s] -- Installing: /home/Judy/safmc_uwb/ros/install/uwb_msgs/share/uwb_msgs/environment/ament_prefix_path.sh
[4.573s] -- Installing: /home/Judy/safmc_uwb/ros/install/uwb_msgs/share/uwb_msgs/environment/ament_prefix_path.dsv
[4.573s] -- Installing: /home/Judy/safmc_uwb/ros/install/uwb_msgs/share/uwb_msgs/environment/path.sh
[4.574s] -- Installing: /home/Judy/safmc_uwb/ros/install/uwb_msgs/share/uwb_msgs/environment/path.dsv
[4.574s] -- Installing: /home/Judy/safmc_uwb/ros/install/uwb_msgs/share/uwb_msgs/local_setup.bash
[4.574s] -- Installing: /home/Judy/safmc_uwb/ros/install/uwb_msgs/share/uwb_msgs/local_setup.sh
[4.574s] -- Installing: /home/Judy/safmc_uwb/ros/install/uwb_msgs/share/uwb_msgs/local_setup.zsh
[4.574s] -- Installing: /home/Judy/safmc_uwb/ros/install/uwb_msgs/share/uwb_msgs/local_setup.dsv
[4.574s] -- Installing: /home/Judy/safmc_uwb/ros/install/uwb_msgs/share/uwb_msgs/package.dsv
[4.575s] -- Installing: /home/Judy/safmc_uwb/ros/install/uwb_msgs/share/ament_index/resource_index/packages/uwb_msgs
[4.575s] -- Installing: /home/Judy/safmc_uwb/ros/install/uwb_msgs/share/uwb_msgs/cmake/export_uwb_msgs__rosidl_generator_cExport.cmake
[4.576s] -- Installing: /home/Judy/safmc_uwb/ros/install/uwb_msgs/share/uwb_msgs/cmake/export_uwb_msgs__rosidl_generator_cExport-noconfig.cmake
[4.576s] -- Installing: /home/Judy/safmc_uwb/ros/install/uwb_msgs/share/uwb_msgs/cmake/export_uwb_msgs__rosidl_typesupport_fastrtps_cExport.cmake
[4.576s] -- Installing: /home/Judy/safmc_uwb/ros/install/uwb_msgs/share/uwb_msgs/cmake/export_uwb_msgs__rosidl_typesupport_fastrtps_cExport-noconfig.cmake
[4.576s] -- Installing: /home/Judy/safmc_uwb/ros/install/uwb_msgs/share/uwb_msgs/cmake/uwb_msgs__rosidl_typesupport_introspection_cExport.cmake
[4.577s] -- Installing: /home/Judy/safmc_uwb/ros/install/uwb_msgs/share/uwb_msgs/cmake/uwb_msgs__rosidl_typesupport_introspection_cExport-noconfig.cmake
[4.577s] -- Installing: /home/Judy/safmc_uwb/ros/install/uwb_msgs/share/uwb_msgs/cmake/uwb_msgs__rosidl_typesupport_cExport.cmake
[4.577s] -- Installing: /home/Judy/safmc_uwb/ros/install/uwb_msgs/share/uwb_msgs/cmake/uwb_msgs__rosidl_typesupport_cExport-noconfig.cmake
[4.577s] -- Installing: /home/Judy/safmc_uwb/ros/install/uwb_msgs/share/uwb_msgs/cmake/export_uwb_msgs__rosidl_generator_cppExport.cmake
[4.577s] -- Installing: /home/Judy/safmc_uwb/ros/install/uwb_msgs/share/uwb_msgs/cmake/export_uwb_msgs__rosidl_typesupport_fastrtps_cppExport.cmake
[4.577s] -- Installing: /home/Judy/safmc_uwb/ros/install/uwb_msgs/share/uwb_msgs/cmake/export_uwb_msgs__rosidl_typesupport_fastrtps_cppExport-noconfig.cmake
[4.578s] -- Installing: /home/Judy/safmc_uwb/ros/install/uwb_msgs/share/uwb_msgs/cmake/uwb_msgs__rosidl_typesupport_introspection_cppExport.cmake
[4.578s] -- Installing: /home/Judy/safmc_uwb/ros/install/uwb_msgs/share/uwb_msgs/cmake/uwb_msgs__rosidl_typesupport_introspection_cppExport-noconfig.cmake
[4.578s] -- Installing: /home/Judy/safmc_uwb/ros/install/uwb_msgs/share/uwb_msgs/cmake/uwb_msgs__rosidl_typesupport_cppExport.cmake
[4.578s] -- Installing: /home/Judy/safmc_uwb/ros/install/uwb_msgs/share/uwb_msgs/cmake/uwb_msgs__rosidl_typesupport_cppExport-noconfig.cmake
[4.578s] -- Installing: /home/Judy/safmc_uwb/ros/install/uwb_msgs/share/uwb_msgs/cmake/export_uwb_msgs__rosidl_generator_pyExport.cmake
[4.579s] -- Installing: /home/Judy/safmc_uwb/ros/install/uwb_msgs/share/uwb_msgs/cmake/export_uwb_msgs__rosidl_generator_pyExport-noconfig.cmake
[4.579s] -- Installing: /home/Judy/safmc_uwb/ros/install/uwb_msgs/share/uwb_msgs/cmake/rosidl_cmake-extras.cmake
[4.579s] -- Installing: /home/Judy/safmc_uwb/ros/install/uwb_msgs/share/uwb_msgs/cmake/ament_cmake_export_dependencies-extras.cmake
[4.579s] -- Installing: /home/Judy/safmc_uwb/ros/install/uwb_msgs/share/uwb_msgs/cmake/ament_cmake_export_include_directories-extras.cmake
[4.579s] -- Installing: /home/Judy/safmc_uwb/ros/install/uwb_msgs/share/uwb_msgs/cmake/ament_cmake_export_libraries-extras.cmake
[4.579s] -- Installing: /home/Judy/safmc_uwb/ros/install/uwb_msgs/share/uwb_msgs/cmake/ament_cmake_export_targets-extras.cmake
[4.580s] -- Installing: /home/Judy/safmc_uwb/ros/install/uwb_msgs/share/uwb_msgs/cmake/rosidl_cmake_export_typesupport_targets-extras.cmake
[4.580s] -- Installing: /home/Judy/safmc_uwb/ros/install/uwb_msgs/share/uwb_msgs/cmake/rosidl_cmake_export_typesupport_libraries-extras.cmake
[4.580s] -- Installing: /home/Judy/safmc_uwb/ros/install/uwb_msgs/share/uwb_msgs/cmake/uwb_msgsConfig.cmake
[4.580s] -- Installing: /home/Judy/safmc_uwb/ros/install/uwb_msgs/share/uwb_msgs/cmake/uwb_msgsConfig-version.cmake
[4.580s] -- Installing: /home/Judy/safmc_uwb/ros/install/uwb_msgs/share/uwb_msgs/package.xml
[4.583s] Invoked command in '/home/Judy/safmc_uwb/ros/build/uwb_msgs' returned '0': CMAKE_PREFIX_PATH=${CMAKE_PREFIX_PATH}:/home/Judy/safmc_uwb/ros/install/uwb:/home/Judy/safmc_uwb/ros_enfu/install/uwb:/opt/ros/humble /usr/bin/cmake --install /home/Judy/safmc_uwb/ros/build/uwb_msgs
