[0.321s] DEBUG:colcon:Command line arguments: ['/usr/bin/colcon', 'build', '--packages-select', 'msg_folder']
[0.321s] DEBUG:colcon:Parsed command line arguments: Namespace(log_base=None, log_level=None, verb_name='build', build_base='build', install_base='install', merge_install=False, symlink_install=False, test_result_base=None, continue_on_error=False, executor='parallel', parallel_workers=12, event_handlers=None, ignore_user_meta=False, metas=['./colcon.meta'], base_paths=['.'], packages_ignore=None, packages_ignore_regex=None, paths=None, packages_up_to=None, packages_up_to_regex=None, packages_above=None, packages_above_and_dependencies=None, packages_above_depth=None, packages_select_by_dep=None, packages_skip_by_dep=None, packages_skip_up_to=None, packages_select_build_failed=False, packages_skip_build_finished=False, packages_select_test_failures=False, packages_skip_test_passed=False, packages_select=['msg_folder'], packages_skip=None, packages_select_regex=None, packages_skip_regex=None, packages_start=None, packages_end=None, allow_overriding=[], cmake_args=None, cmake_target=None, cmake_target_skip_unavailable=False, cmake_clean_cache=False, cmake_clean_first=False, cmake_force_configure=False, ament_cmake_args=None, catkin_cmake_args=None, catkin_skip_building_tests=False, mixin_files=None, mixin=None, verb_parser=<colcon_mixin.mixin.mixin_argument.MixinArgumentDecorator object at 0x7f3d53c3f130>, verb_extension=<colcon_core.verb.build.BuildVerb object at 0x7f3d53d846d0>, main=<bound method BuildVerb.main of <colcon_core.verb.build.BuildVerb object at 0x7f3d53d846d0>>, mixin_verb=('build',))
[0.599s] Level 1:colcon.colcon_core.package_discovery:discover_packages(colcon_meta) check parameters
[0.599s] Level 1:colcon.colcon_core.package_discovery:discover_packages(recursive) check parameters
[0.599s] Level 1:colcon.colcon_core.package_discovery:discover_packages(ignore) check parameters
[0.599s] Level 1:colcon.colcon_core.package_discovery:discover_packages(path) check parameters
[0.599s] Level 1:colcon.colcon_core.package_discovery:discover_packages(colcon_meta) discover
[0.599s] Level 1:colcon.colcon_core.package_discovery:discover_packages(recursive) discover
[0.599s] INFO:colcon.colcon_core.package_discovery:Crawling recursively for packages in '/home/Judy/safmc_uwb/ros'
[0.600s] Level 1:colcon.colcon_core.package_identification:_identify(.) by extensions ['ignore', 'ignore_ament_install']
[0.600s] Level 1:colcon.colcon_core.package_identification:_identify(.) by extension 'ignore'
[0.600s] Level 1:colcon.colcon_core.package_identification:_identify(.) by extension 'ignore_ament_install'
[0.600s] Level 1:colcon.colcon_core.package_identification:_identify(.) by extensions ['colcon_pkg']
[0.600s] Level 1:colcon.colcon_core.package_identification:_identify(.) by extension 'colcon_pkg'
[0.601s] Level 1:colcon.colcon_core.package_identification:_identify(.) by extensions ['colcon_meta']
[0.601s] Level 1:colcon.colcon_core.package_identification:_identify(.) by extension 'colcon_meta'
[0.601s] Level 1:colcon.colcon_core.package_identification:_identify(.) by extensions ['ros']
[0.601s] Level 1:colcon.colcon_core.package_identification:_identify(.) by extension 'ros'
[0.617s] Level 1:colcon.colcon_core.package_identification:_identify(.) by extensions ['cmake', 'python']
[0.617s] Level 1:colcon.colcon_core.package_identification:_identify(.) by extension 'cmake'
[0.617s] Level 1:colcon.colcon_core.package_identification:_identify(.) by extension 'python'
[0.617s] Level 1:colcon.colcon_core.package_identification:_identify(.) by extensions ['python_setup_py']
[0.617s] Level 1:colcon.colcon_core.package_identification:_identify(.) by extension 'python_setup_py'
[0.618s] Level 1:colcon.colcon_core.package_identification:_identify(build) by extensions ['ignore', 'ignore_ament_install']
[0.618s] Level 1:colcon.colcon_core.package_identification:_identify(build) by extension 'ignore'
[0.618s] Level 1:colcon.colcon_core.package_identification:_identify(build) ignored
[0.618s] Level 1:colcon.colcon_core.package_identification:_identify(install) by extensions ['ignore', 'ignore_ament_install']
[0.618s] Level 1:colcon.colcon_core.package_identification:_identify(install) by extension 'ignore'
[0.618s] Level 1:colcon.colcon_core.package_identification:_identify(install) ignored
[0.619s] Level 1:colcon.colcon_core.package_identification:_identify(log) by extensions ['ignore', 'ignore_ament_install']
[0.619s] Level 1:colcon.colcon_core.package_identification:_identify(log) by extension 'ignore'
[0.619s] Level 1:colcon.colcon_core.package_identification:_identify(log) ignored
[0.619s] Level 1:colcon.colcon_core.package_identification:_identify(src) by extensions ['ignore', 'ignore_ament_install']
[0.619s] Level 1:colcon.colcon_core.package_identification:_identify(src) by extension 'ignore'
[0.619s] Level 1:colcon.colcon_core.package_identification:_identify(src) by extension 'ignore_ament_install'
[0.619s] Level 1:colcon.colcon_core.package_identification:_identify(src) by extensions ['colcon_pkg']
[0.619s] Level 1:colcon.colcon_core.package_identification:_identify(src) by extension 'colcon_pkg'
[0.619s] Level 1:colcon.colcon_core.package_identification:_identify(src) by extensions ['colcon_meta']
[0.619s] Level 1:colcon.colcon_core.package_identification:_identify(src) by extension 'colcon_meta'
[0.619s] Level 1:colcon.colcon_core.package_identification:_identify(src) by extensions ['ros']
[0.619s] Level 1:colcon.colcon_core.package_identification:_identify(src) by extension 'ros'
[0.620s] Level 1:colcon.colcon_core.package_identification:_identify(src) by extensions ['cmake', 'python']
[0.620s] Level 1:colcon.colcon_core.package_identification:_identify(src) by extension 'cmake'
[0.620s] Level 1:colcon.colcon_core.package_identification:_identify(src) by extension 'python'
[0.620s] Level 1:colcon.colcon_core.package_identification:_identify(src) by extensions ['python_setup_py']
[0.620s] Level 1:colcon.colcon_core.package_identification:_identify(src) by extension 'python_setup_py'
[0.620s] Level 1:colcon.colcon_core.package_identification:_identify(src/msg_folder) by extensions ['ignore', 'ignore_ament_install']
[0.620s] Level 1:colcon.colcon_core.package_identification:_identify(src/msg_folder) by extension 'ignore'
[0.620s] Level 1:colcon.colcon_core.package_identification:_identify(src/msg_folder) by extension 'ignore_ament_install'
[0.620s] Level 1:colcon.colcon_core.package_identification:_identify(src/msg_folder) by extensions ['colcon_pkg']
[0.620s] Level 1:colcon.colcon_core.package_identification:_identify(src/msg_folder) by extension 'colcon_pkg'
[0.620s] Level 1:colcon.colcon_core.package_identification:_identify(src/msg_folder) by extensions ['colcon_meta']
[0.620s] Level 1:colcon.colcon_core.package_identification:_identify(src/msg_folder) by extension 'colcon_meta'
[0.621s] Level 1:colcon.colcon_core.package_identification:_identify(src/msg_folder) by extensions ['ros']
[0.621s] Level 1:colcon.colcon_core.package_identification:_identify(src/msg_folder) by extension 'ros'
[0.624s] DEBUG:colcon.colcon_core.package_identification:Package 'src/msg_folder' with type 'ros.ament_cmake' and name 'msg_folder'
[0.624s] Level 1:colcon.colcon_core.package_identification:_identify(src/uwb) by extensions ['ignore', 'ignore_ament_install']
[0.624s] Level 1:colcon.colcon_core.package_identification:_identify(src/uwb) by extension 'ignore'
[0.624s] Level 1:colcon.colcon_core.package_identification:_identify(src/uwb) by extension 'ignore_ament_install'
[0.624s] Level 1:colcon.colcon_core.package_identification:_identify(src/uwb) by extensions ['colcon_pkg']
[0.624s] Level 1:colcon.colcon_core.package_identification:_identify(src/uwb) by extension 'colcon_pkg'
[0.624s] Level 1:colcon.colcon_core.package_identification:_identify(src/uwb) by extensions ['colcon_meta']
[0.624s] Level 1:colcon.colcon_core.package_identification:_identify(src/uwb) by extension 'colcon_meta'
[0.624s] Level 1:colcon.colcon_core.package_identification:_identify(src/uwb) by extensions ['ros']
[0.624s] Level 1:colcon.colcon_core.package_identification:_identify(src/uwb) by extension 'ros'
[0.625s] DEBUG:colcon.colcon_core.package_identification:Package 'src/uwb' with type 'ros.ament_python' and name 'uwb'
[0.625s] Level 1:colcon.colcon_core.package_identification:_identify(test) by extensions ['ignore', 'ignore_ament_install']
[0.625s] Level 1:colcon.colcon_core.package_identification:_identify(test) by extension 'ignore'
[0.625s] Level 1:colcon.colcon_core.package_identification:_identify(test) by extension 'ignore_ament_install'
[0.625s] Level 1:colcon.colcon_core.package_identification:_identify(test) by extensions ['colcon_pkg']
[0.625s] Level 1:colcon.colcon_core.package_identification:_identify(test) by extension 'colcon_pkg'
[0.625s] Level 1:colcon.colcon_core.package_identification:_identify(test) by extensions ['colcon_meta']
[0.626s] Level 1:colcon.colcon_core.package_identification:_identify(test) by extension 'colcon_meta'
[0.626s] Level 1:colcon.colcon_core.package_identification:_identify(test) by extensions ['ros']
[0.626s] Level 1:colcon.colcon_core.package_identification:_identify(test) by extension 'ros'
[0.626s] Level 1:colcon.colcon_core.package_identification:_identify(test) by extensions ['cmake', 'python']
[0.626s] Level 1:colcon.colcon_core.package_identification:_identify(test) by extension 'cmake'
[0.626s] Level 1:colcon.colcon_core.package_identification:_identify(test) by extension 'python'
[0.626s] Level 1:colcon.colcon_core.package_identification:_identify(test) by extensions ['python_setup_py']
[0.626s] Level 1:colcon.colcon_core.package_identification:_identify(test) by extension 'python_setup_py'
[0.626s] Level 1:colcon.colcon_core.package_discovery:discover_packages(recursive) using defaults
[0.626s] Level 1:colcon.colcon_core.package_discovery:discover_packages(ignore) discover
[0.626s] Level 1:colcon.colcon_core.package_discovery:discover_packages(ignore) using defaults
[0.626s] Level 1:colcon.colcon_core.package_discovery:discover_packages(path) discover
[0.626s] Level 1:colcon.colcon_core.package_discovery:discover_packages(path) using defaults
[0.673s] INFO:colcon.colcon_core.package_selection:Skipping not selected package 'uwb' in 'src/uwb'
[0.674s] Level 1:colcon.colcon_core.package_discovery:discover_packages(prefix_path) check parameters
[0.674s] Level 1:colcon.colcon_core.package_discovery:discover_packages(prefix_path) discover
[0.677s] DEBUG:colcon.colcon_installed_package_information.package_discovery:Found 2 installed packages in /home/Judy/safmc_uwb/ros_enfu/install
[0.679s] DEBUG:colcon.colcon_installed_package_information.package_discovery:Found 317 installed packages in /opt/ros/humble
[0.681s] Level 1:colcon.colcon_core.package_discovery:discover_packages(prefix_path) using defaults
[0.742s] Level 5:colcon.colcon_core.verb:set package 'msg_folder' build argument 'cmake_args' from command line to 'None'
[0.743s] Level 5:colcon.colcon_core.verb:set package 'msg_folder' build argument 'cmake_target' from command line to 'None'
[0.743s] Level 5:colcon.colcon_core.verb:set package 'msg_folder' build argument 'cmake_target_skip_unavailable' from command line to 'False'
[0.743s] Level 5:colcon.colcon_core.verb:set package 'msg_folder' build argument 'cmake_clean_cache' from command line to 'False'
[0.743s] Level 5:colcon.colcon_core.verb:set package 'msg_folder' build argument 'cmake_clean_first' from command line to 'False'
[0.743s] Level 5:colcon.colcon_core.verb:set package 'msg_folder' build argument 'cmake_force_configure' from command line to 'False'
[0.743s] Level 5:colcon.colcon_core.verb:set package 'msg_folder' build argument 'ament_cmake_args' from command line to 'None'
[0.743s] Level 5:colcon.colcon_core.verb:set package 'msg_folder' build argument 'catkin_cmake_args' from command line to 'None'
[0.743s] Level 5:colcon.colcon_core.verb:set package 'msg_folder' build argument 'catkin_skip_building_tests' from command line to 'False'
[0.743s] DEBUG:colcon.colcon_core.verb:Building package 'msg_folder' with the following arguments: {'ament_cmake_args': None, 'build_base': '/home/Judy/safmc_uwb/ros/build/msg_folder', 'catkin_cmake_args': None, 'catkin_skip_building_tests': False, 'cmake_args': None, 'cmake_clean_cache': False, 'cmake_clean_first': False, 'cmake_force_configure': False, 'cmake_target': None, 'cmake_target_skip_unavailable': False, 'install_base': '/home/Judy/safmc_uwb/ros/install/msg_folder', 'merge_install': False, 'path': '/home/Judy/safmc_uwb/ros/src/msg_folder', 'symlink_install': False, 'test_result_base': None}
[0.743s] INFO:colcon.colcon_core.executor:Executing jobs using 'parallel' executor
[0.746s] DEBUG:colcon.colcon_parallel_executor.executor.parallel:run_until_complete
[0.746s] INFO:colcon.colcon_ros.task.ament_cmake.build:Building ROS package in '/home/Judy/safmc_uwb/ros/src/msg_folder' with build type 'ament_cmake'
[0.747s] INFO:colcon.colcon_cmake.task.cmake.build:Building CMake package in '/home/Judy/safmc_uwb/ros/src/msg_folder'
[0.750s] INFO:colcon.colcon_core.plugin_system:Skipping extension 'colcon_core.shell.bat': Not used on non-Windows systems
[0.751s] INFO:colcon.colcon_core.shell:Skip shell extension 'powershell' for command environment: Not usable outside of PowerShell
[0.751s] DEBUG:colcon.colcon_core.shell:Skip shell extension 'dsv' for command environment
[0.769s] DEBUG:colcon.colcon_core.event_handler.log_command:Invoking command in '/home/Judy/safmc_uwb/ros/build/msg_folder': CMAKE_PREFIX_PATH=${CMAKE_PREFIX_PATH}:/opt/ros/humble:/home/Judy/safmc_uwb/ros_enfu/install/uwb /usr/bin/cmake --build /home/Judy/safmc_uwb/ros/build/msg_folder -- -j12 -l12
[1.417s] DEBUG:colcon.colcon_core.event_handler.log_command:Invoked command in '/home/Judy/safmc_uwb/ros/build/msg_folder' returned '2': CMAKE_PREFIX_PATH=${CMAKE_PREFIX_PATH}:/opt/ros/humble:/home/Judy/safmc_uwb/ros_enfu/install/uwb /usr/bin/cmake --build /home/Judy/safmc_uwb/ros/build/msg_folder -- -j12 -l12
[1.417s] Level 1:colcon.colcon_core.environment:create_environment_scripts_only(msg_folder)
[1.420s] Level 1:colcon.colcon_core.environment:checking '/home/Judy/safmc_uwb/ros/install/msg_folder' for CMake module files
[1.421s] Level 1:colcon.colcon_core.environment:checking '/home/Judy/safmc_uwb/ros/install/msg_folder' for CMake config files
[1.422s] Level 1:colcon.colcon_core.shell:create_environment_hook('msg_folder', 'cmake_prefix_path')
[1.422s] INFO:colcon.colcon_core.shell:Creating environment hook '/home/Judy/safmc_uwb/ros/install/msg_folder/share/msg_folder/hook/cmake_prefix_path.ps1'
[1.423s] INFO:colcon.colcon_core.shell:Creating environment descriptor '/home/Judy/safmc_uwb/ros/install/msg_folder/share/msg_folder/hook/cmake_prefix_path.dsv'
[1.424s] INFO:colcon.colcon_core.shell:Creating environment hook '/home/Judy/safmc_uwb/ros/install/msg_folder/share/msg_folder/hook/cmake_prefix_path.sh'
[1.425s] Level 1:colcon.colcon_core.environment:checking '/home/Judy/safmc_uwb/ros/install/msg_folder/lib'
[1.425s] Level 1:colcon.colcon_core.shell:create_environment_hook('msg_folder', 'ld_library_path_lib')
[1.426s] INFO:colcon.colcon_core.shell:Creating environment hook '/home/Judy/safmc_uwb/ros/install/msg_folder/share/msg_folder/hook/ld_library_path_lib.ps1'
[1.426s] INFO:colcon.colcon_core.shell:Creating environment descriptor '/home/Judy/safmc_uwb/ros/install/msg_folder/share/msg_folder/hook/ld_library_path_lib.dsv'
[1.427s] INFO:colcon.colcon_core.shell:Creating environment hook '/home/Judy/safmc_uwb/ros/install/msg_folder/share/msg_folder/hook/ld_library_path_lib.sh'
[1.427s] Level 1:colcon.colcon_core.environment:checking '/home/Judy/safmc_uwb/ros/install/msg_folder/bin'
[1.427s] Level 1:colcon.colcon_core.environment:checking '/home/Judy/safmc_uwb/ros/install/msg_folder/lib/pkgconfig/msg_folder.pc'
[1.428s] Level 1:colcon.colcon_core.environment:checking '/home/Judy/safmc_uwb/ros/install/msg_folder/lib/python3.10/site-packages'
[1.428s] Level 1:colcon.colcon_core.environment:checking '/home/Judy/safmc_uwb/ros/install/msg_folder/bin'
[1.429s] INFO:colcon.colcon_core.shell:Creating package script '/home/Judy/safmc_uwb/ros/install/msg_folder/share/msg_folder/package.ps1'
[1.431s] INFO:colcon.colcon_core.shell:Creating package descriptor '/home/Judy/safmc_uwb/ros/install/msg_folder/share/msg_folder/package.dsv'
[1.432s] INFO:colcon.colcon_core.shell:Creating package script '/home/Judy/safmc_uwb/ros/install/msg_folder/share/msg_folder/package.sh'
[1.433s] INFO:colcon.colcon_core.shell:Creating package script '/home/Judy/safmc_uwb/ros/install/msg_folder/share/msg_folder/package.bash'
[1.434s] INFO:colcon.colcon_core.shell:Creating package script '/home/Judy/safmc_uwb/ros/install/msg_folder/share/msg_folder/package.zsh'
[1.435s] Level 1:colcon.colcon_core.environment:create_file_with_runtime_dependencies(/home/Judy/safmc_uwb/ros/install/msg_folder/share/colcon-core/packages/msg_folder)
[1.436s] DEBUG:colcon.colcon_parallel_executor.executor.parallel:closing loop
[1.436s] DEBUG:colcon.colcon_parallel_executor.executor.parallel:loop closed
[1.437s] DEBUG:colcon.colcon_parallel_executor.executor.parallel:run_until_complete finished with '2'
[1.437s] DEBUG:colcon.colcon_core.event_reactor:joining thread
[1.444s] INFO:colcon.colcon_core.plugin_system:Skipping extension 'colcon_notification.desktop_notification.terminal_notifier': Not used on non-Darwin systems
[1.444s] INFO:colcon.colcon_core.plugin_system:Skipping extension 'colcon_notification.desktop_notification.win32': Not used on non-Windows systems
[1.444s] INFO:colcon.colcon_notification.desktop_notification:Sending desktop notification using 'notify2'
[1.451s] DEBUG:colcon.colcon_core.event_reactor:joined thread
[1.452s] INFO:colcon.colcon_core.shell:Creating prefix script '/home/Judy/safmc_uwb/ros/install/local_setup.ps1'
[1.454s] INFO:colcon.colcon_core.shell:Creating prefix util module '/home/Judy/safmc_uwb/ros/install/_local_setup_util_ps1.py'
[1.456s] INFO:colcon.colcon_core.shell:Creating prefix chain script '/home/Judy/safmc_uwb/ros/install/setup.ps1'
[1.457s] INFO:colcon.colcon_core.shell:Creating prefix script '/home/Judy/safmc_uwb/ros/install/local_setup.sh'
[1.458s] INFO:colcon.colcon_core.shell:Creating prefix util module '/home/Judy/safmc_uwb/ros/install/_local_setup_util_sh.py'
[1.459s] INFO:colcon.colcon_core.shell:Creating prefix chain script '/home/Judy/safmc_uwb/ros/install/setup.sh'
[1.462s] INFO:colcon.colcon_core.shell:Creating prefix script '/home/Judy/safmc_uwb/ros/install/local_setup.bash'
[1.463s] INFO:colcon.colcon_core.shell:Creating prefix chain script '/home/Judy/safmc_uwb/ros/install/setup.bash'
[1.465s] INFO:colcon.colcon_core.shell:Creating prefix script '/home/Judy/safmc_uwb/ros/install/local_setup.zsh'
[1.467s] INFO:colcon.colcon_core.shell:Creating prefix chain script '/home/Judy/safmc_uwb/ros/install/setup.zsh'
