[0.000000] (-) TimerEvent: {}
[0.000275] (uwb_msgs) JobQueued: {'identifier': 'uwb_msgs', 'dependencies': OrderedDict()}
[0.000320] (uwb) JobQueued: {'identifier': 'uwb', 'dependencies': OrderedDict([('uwb_msgs', '/workspace/safmc_uwb/ros/install/uwb_msgs')])}
[0.000377] (uwb_msgs) JobStarted: {'identifier': 'uwb_msgs'}
[0.004583] (uwb_msgs) JobProgress: {'identifier': 'uwb_msgs', 'progress': 'cmake'}
[0.004869] (uwb_msgs) JobProgress: {'identifier': 'uwb_msgs', 'progress': 'build'}
[0.005262] (uwb_msgs) Command: {'cmd': ['/usr/bin/cmake', '--build', '/workspace/safmc_uwb/ros/build/uwb_msgs', '--', '-j20', '-l20'], 'cwd': '/workspace/safmc_uwb/ros/build/uwb_msgs', 'env': OrderedDict([('SUDO_GID', '1000'), ('MAIL', '/var/mail/root'), ('USER', 'root'), ('HOSTNAME', 'huixin'), ('SHLVL', '1'), ('LD_LIBRARY_PATH', '/workspace/safmc_uwb/ros/install/uwb_msgs/lib:/opt/ros/humble/opt/rviz_ogre_vendor/lib:/opt/ros/humble/lib/x86_64-linux-gnu:/opt/ros/humble/lib'), ('HOME', '/root'), ('ROS_PYTHON_VERSION', '3'), ('COLORTERM', 'truecolor'), ('COLCON_PREFIX_PATH', '/workspace/safmc_uwb/ros/install'), ('SUDO_UID', '1000'), ('ROS_DISTRO', 'humble'), ('LOGNAME', 'root'), ('_', '/usr/bin/colcon'), ('ROS_VERSION', '2'), ('TERM', 'xterm-256color'), ('ROS_LOCALHOST_ONLY', '0'), ('PATH', '/opt/ros/humble/bin:/usr/local/sbin:/usr/local/bin:/usr/sbin:/usr/bin:/sbin:/bin'), ('DISPLAY', ':0'), ('LANG', 'en_US.UTF-8'), ('SUDO_COMMAND', '/usr/bin/su'), ('AMENT_PREFIX_PATH', '/workspace/safmc_uwb/ros/install/uwb:/workspace/safmc_uwb/ros/install/uwb_msgs:/opt/ros/humble'), ('DEBIAN_FRONTEND', 'noninteractive'), ('SHELL', '/bin/bash'), ('SUDO_USER', 'user'), ('PWD', '/workspace/safmc_uwb/ros/build/uwb_msgs'), ('LC_ALL', 'en_US.UTF-8'), ('PYTHONPATH', '/workspace/safmc_uwb/ros/install/uwb/lib/python3.10/site-packages:/workspace/safmc_uwb/ros/install/uwb_msgs/local/lib/python3.10/dist-packages:/opt/ros/humble/lib/python3.10/site-packages:/opt/ros/humble/local/lib/python3.10/dist-packages'), ('COLCON', '1'), ('CMAKE_PREFIX_PATH', '/workspace/safmc_uwb/ros/install/uwb_msgs:/workspace/safmc_uwb/ros/install/uwb:/opt/ros/humble')]), 'shell': False}
[0.042469] (uwb_msgs) StdoutLine: {'line': b'[  2%] Built target uwb_msgs__cpp\n'}
[0.043400] (uwb_msgs) StdoutLine: {'line': b'[ 12%] Built target uwb_msgs__rosidl_generator_c\n'}
[0.054054] (uwb_msgs) StdoutLine: {'line': b'[ 12%] Built target ament_cmake_python_symlink_uwb_msgs\n'}
[0.071133] (uwb_msgs) StdoutLine: {'line': b'[ 23%] Built target uwb_msgs__rosidl_typesupport_introspection_cpp\n'}
[0.071757] (uwb_msgs) StdoutLine: {'line': b'[ 34%] Built target uwb_msgs__rosidl_typesupport_introspection_c\n'}
[0.074714] (uwb_msgs) StdoutLine: {'line': b'[ 44%] Built target uwb_msgs__rosidl_typesupport_cpp\n'}
[0.075099] (uwb_msgs) StdoutLine: {'line': b'[ 55%] Built target uwb_msgs__rosidl_typesupport_c\n'}
[0.075710] (uwb_msgs) StdoutLine: {'line': b'[ 65%] Built target uwb_msgs__rosidl_typesupport_fastrtps_cpp\n'}
[0.078743] (uwb_msgs) StdoutLine: {'line': b'[ 76%] Built target uwb_msgs__rosidl_typesupport_fastrtps_c\n'}
[0.092982] (uwb_msgs) StdoutLine: {'line': b'[ 76%] Built target uwb_msgs\n'}
[0.099779] (-) TimerEvent: {}
[0.107548] (uwb_msgs) StdoutLine: {'line': b'[ 78%] Built target uwb_msgs__py\n'}
[0.125780] (uwb_msgs) StdoutLine: {'line': b'[ 87%] Built target uwb_msgs__rosidl_generator_py\n'}
[0.141734] (uwb_msgs) StdoutLine: {'line': b'[ 91%] Built target uwb_msgs__rosidl_typesupport_fastrtps_c__pyext\n'}
[0.141931] (uwb_msgs) StdoutLine: {'line': b'[ 95%] Built target uwb_msgs__rosidl_typesupport_c__pyext\n'}
[0.142314] (uwb_msgs) StdoutLine: {'line': b'[100%] Built target uwb_msgs__rosidl_typesupport_introspection_c__pyext\n'}
[0.193131] (uwb_msgs) StdoutLine: {'line': b'running egg_info\n'}
[0.194981] (uwb_msgs) StdoutLine: {'line': b'writing uwb_msgs.egg-info/PKG-INFO\n'}
[0.195232] (uwb_msgs) StdoutLine: {'line': b'writing dependency_links to uwb_msgs.egg-info/dependency_links.txt\n'}
[0.195318] (uwb_msgs) StdoutLine: {'line': b'writing top-level names to uwb_msgs.egg-info/top_level.txt\n'}
[0.196365] (uwb_msgs) StdoutLine: {'line': b"reading manifest file 'uwb_msgs.egg-info/SOURCES.txt'\n"}
[0.196548] (uwb_msgs) StdoutLine: {'line': b"writing manifest file 'uwb_msgs.egg-info/SOURCES.txt'\n"}
[0.199887] (-) TimerEvent: {}
[0.212113] (uwb_msgs) StdoutLine: {'line': b'[100%] Built target ament_cmake_python_build_uwb_msgs_egg\n'}
[0.220418] (uwb_msgs) CommandEnded: {'returncode': 0}
[0.220909] (uwb_msgs) JobProgress: {'identifier': 'uwb_msgs', 'progress': 'install'}
[0.229073] (uwb_msgs) Command: {'cmd': ['/usr/bin/cmake', '--install', '/workspace/safmc_uwb/ros/build/uwb_msgs'], 'cwd': '/workspace/safmc_uwb/ros/build/uwb_msgs', 'env': OrderedDict([('SUDO_GID', '1000'), ('MAIL', '/var/mail/root'), ('USER', 'root'), ('HOSTNAME', 'huixin'), ('SHLVL', '1'), ('LD_LIBRARY_PATH', '/workspace/safmc_uwb/ros/install/uwb_msgs/lib:/opt/ros/humble/opt/rviz_ogre_vendor/lib:/opt/ros/humble/lib/x86_64-linux-gnu:/opt/ros/humble/lib'), ('HOME', '/root'), ('ROS_PYTHON_VERSION', '3'), ('COLORTERM', 'truecolor'), ('COLCON_PREFIX_PATH', '/workspace/safmc_uwb/ros/install'), ('SUDO_UID', '1000'), ('ROS_DISTRO', 'humble'), ('LOGNAME', 'root'), ('_', '/usr/bin/colcon'), ('ROS_VERSION', '2'), ('TERM', 'xterm-256color'), ('ROS_LOCALHOST_ONLY', '0'), ('PATH', '/opt/ros/humble/bin:/usr/local/sbin:/usr/local/bin:/usr/sbin:/usr/bin:/sbin:/bin'), ('DISPLAY', ':0'), ('LANG', 'en_US.UTF-8'), ('SUDO_COMMAND', '/usr/bin/su'), ('AMENT_PREFIX_PATH', '/workspace/safmc_uwb/ros/install/uwb:/workspace/safmc_uwb/ros/install/uwb_msgs:/opt/ros/humble'), ('DEBIAN_FRONTEND', 'noninteractive'), ('SHELL', '/bin/bash'), ('SUDO_USER', 'user'), ('PWD', '/workspace/safmc_uwb/ros/build/uwb_msgs'), ('LC_ALL', 'en_US.UTF-8'), ('PYTHONPATH', '/workspace/safmc_uwb/ros/install/uwb/lib/python3.10/site-packages:/workspace/safmc_uwb/ros/install/uwb_msgs/local/lib/python3.10/dist-packages:/opt/ros/humble/lib/python3.10/site-packages:/opt/ros/humble/local/lib/python3.10/dist-packages'), ('COLCON', '1'), ('CMAKE_PREFIX_PATH', '/workspace/safmc_uwb/ros/install/uwb_msgs:/workspace/safmc_uwb/ros/install/uwb:/opt/ros/humble')]), 'shell': False}
[0.233725] (uwb_msgs) StdoutLine: {'line': b'-- Install configuration: ""\n'}
[0.234022] (uwb_msgs) StdoutLine: {'line': b'-- Execute custom install script\n'}
[0.234131] (uwb_msgs) StdoutLine: {'line': b'-- Up-to-date symlink: /workspace/safmc_uwb/ros/install/uwb_msgs/share/ament_index/resource_index/rosidl_interfaces/uwb_msgs\n'}
[0.234311] (uwb_msgs) StdoutLine: {'line': b'-- Up-to-date symlink: /workspace/safmc_uwb/ros/install/uwb_msgs/include/uwb_msgs/uwb_msgs/msg/detail/pose__functions.h\n'}
[0.234446] (uwb_msgs) StdoutLine: {'line': b'-- Up-to-date symlink: /workspace/safmc_uwb/ros/install/uwb_msgs/include/uwb_msgs/uwb_msgs/msg/detail/pose__struct.h\n'}
[0.234535] (uwb_msgs) StdoutLine: {'line': b'-- Up-to-date symlink: /workspace/safmc_uwb/ros/install/uwb_msgs/include/uwb_msgs/uwb_msgs/msg/detail/pose__type_support.h\n'}
[0.234575] (uwb_msgs) StdoutLine: {'line': b'-- Up-to-date symlink: /workspace/safmc_uwb/ros/install/uwb_msgs/include/uwb_msgs/uwb_msgs/msg/detail/range__functions.h\n'}
[0.234640] (uwb_msgs) StdoutLine: {'line': b'-- Up-to-date symlink: /workspace/safmc_uwb/ros/install/uwb_msgs/include/uwb_msgs/uwb_msgs/msg/detail/range__struct.h\n'}
[0.234685] (uwb_msgs) StdoutLine: {'line': b'-- Up-to-date symlink: /workspace/safmc_uwb/ros/install/uwb_msgs/include/uwb_msgs/uwb_msgs/msg/detail/range__type_support.h\n'}
[0.234717] (uwb_msgs) StdoutLine: {'line': b'-- Up-to-date symlink: /workspace/safmc_uwb/ros/install/uwb_msgs/include/uwb_msgs/uwb_msgs/msg/detail/tag_position__functions.h\n'}
[0.234770] (uwb_msgs) StdoutLine: {'line': b'-- Up-to-date symlink: /workspace/safmc_uwb/ros/install/uwb_msgs/include/uwb_msgs/uwb_msgs/msg/detail/tag_position__struct.h\n'}
[0.234852] (uwb_msgs) StdoutLine: {'line': b'-- Up-to-date symlink: /workspace/safmc_uwb/ros/install/uwb_msgs/include/uwb_msgs/uwb_msgs/msg/detail/tag_position__type_support.h\n'}
[0.234920] (uwb_msgs) StdoutLine: {'line': b'-- Up-to-date symlink: /workspace/safmc_uwb/ros/install/uwb_msgs/include/uwb_msgs/uwb_msgs/msg/pose.h\n'}
[0.235187] (uwb_msgs) StdoutLine: {'line': b'-- Up-to-date symlink: /workspace/safmc_uwb/ros/install/uwb_msgs/include/uwb_msgs/uwb_msgs/msg/range.h\n'}
[0.235254] (uwb_msgs) StdoutLine: {'line': b'-- Up-to-date symlink: /workspace/safmc_uwb/ros/install/uwb_msgs/include/uwb_msgs/uwb_msgs/msg/rosidl_generator_c__visibility_control.h\n'}
[0.235292] (uwb_msgs) StdoutLine: {'line': b'-- Up-to-date symlink: /workspace/safmc_uwb/ros/install/uwb_msgs/include/uwb_msgs/uwb_msgs/msg/tag_position.h\n'}
[0.235325] (uwb_msgs) StdoutLine: {'line': b'-- Up-to-date symlink: /workspace/safmc_uwb/ros/install/uwb_msgs/share/uwb_msgs/environment/library_path.sh\n'}
[0.235357] (uwb_msgs) StdoutLine: {'line': b'-- Up-to-date symlink: /workspace/safmc_uwb/ros/install/uwb_msgs/share/uwb_msgs/environment/library_path.dsv\n'}
[0.235420] (uwb_msgs) StdoutLine: {'line': b'-- Up-to-date symlink: /workspace/safmc_uwb/ros/install/uwb_msgs/include/uwb_msgs/uwb_msgs/msg/detail/pose__rosidl_typesupport_fastrtps_c.h\n'}
[0.235472] (uwb_msgs) StdoutLine: {'line': b'-- Up-to-date symlink: /workspace/safmc_uwb/ros/install/uwb_msgs/include/uwb_msgs/uwb_msgs/msg/detail/range__rosidl_typesupport_fastrtps_c.h\n'}
[0.235521] (uwb_msgs) StdoutLine: {'line': b'-- Up-to-date symlink: /workspace/safmc_uwb/ros/install/uwb_msgs/include/uwb_msgs/uwb_msgs/msg/detail/tag_position__rosidl_typesupport_fastrtps_c.h\n'}
[0.235574] (uwb_msgs) StdoutLine: {'line': b'-- Up-to-date symlink: /workspace/safmc_uwb/ros/install/uwb_msgs/include/uwb_msgs/uwb_msgs/msg/rosidl_typesupport_fastrtps_c__visibility_control.h\n'}
[0.235769] (uwb_msgs) StdoutLine: {'line': b'-- Up-to-date symlink: /workspace/safmc_uwb/ros/install/uwb_msgs/include/uwb_msgs/uwb_msgs/msg/detail/pose__rosidl_typesupport_introspection_c.h\n'}
[0.235847] (uwb_msgs) StdoutLine: {'line': b'-- Up-to-date symlink: /workspace/safmc_uwb/ros/install/uwb_msgs/include/uwb_msgs/uwb_msgs/msg/detail/range__rosidl_typesupport_introspection_c.h\n'}
[0.235902] (uwb_msgs) StdoutLine: {'line': b'-- Up-to-date symlink: /workspace/safmc_uwb/ros/install/uwb_msgs/include/uwb_msgs/uwb_msgs/msg/detail/tag_position__rosidl_typesupport_introspection_c.h\n'}
[0.235953] (uwb_msgs) StdoutLine: {'line': b'-- Up-to-date symlink: /workspace/safmc_uwb/ros/install/uwb_msgs/include/uwb_msgs/uwb_msgs/msg/rosidl_typesupport_introspection_c__visibility_control.h\n'}
[0.236218] (uwb_msgs) StdoutLine: {'line': b'-- Up-to-date symlink: /workspace/safmc_uwb/ros/install/uwb_msgs/include/uwb_msgs/uwb_msgs/msg/detail/pose__builder.hpp\n'}
[0.236722] (uwb_msgs) StdoutLine: {'line': b'-- Up-to-date symlink: /workspace/safmc_uwb/ros/install/uwb_msgs/include/uwb_msgs/uwb_msgs/msg/detail/pose__struct.hpp\n'}
[0.236801] (uwb_msgs) StdoutLine: {'line': b'-- Up-to-date symlink: /workspace/safmc_uwb/ros/install/uwb_msgs/include/uwb_msgs/uwb_msgs/msg/detail/pose__traits.hpp\n'}
[0.236840] (uwb_msgs) StdoutLine: {'line': b'-- Up-to-date symlink: /workspace/safmc_uwb/ros/install/uwb_msgs/include/uwb_msgs/uwb_msgs/msg/detail/pose__type_support.hpp\n'}
[0.236874] (uwb_msgs) StdoutLine: {'line': b'-- Up-to-date symlink: /workspace/safmc_uwb/ros/install/uwb_msgs/include/uwb_msgs/uwb_msgs/msg/detail/range__builder.hpp\n'}
[0.236907] (uwb_msgs) StdoutLine: {'line': b'-- Up-to-date symlink: /workspace/safmc_uwb/ros/install/uwb_msgs/include/uwb_msgs/uwb_msgs/msg/detail/range__struct.hpp\n'}
[0.236941] (uwb_msgs) StdoutLine: {'line': b'-- Up-to-date symlink: /workspace/safmc_uwb/ros/install/uwb_msgs/include/uwb_msgs/uwb_msgs/msg/detail/range__traits.hpp\n'}
[0.236973] (uwb_msgs) StdoutLine: {'line': b'-- Up-to-date symlink: /workspace/safmc_uwb/ros/install/uwb_msgs/include/uwb_msgs/uwb_msgs/msg/detail/range__type_support.hpp\n'}
[0.237005] (uwb_msgs) StdoutLine: {'line': b'-- Up-to-date symlink: /workspace/safmc_uwb/ros/install/uwb_msgs/include/uwb_msgs/uwb_msgs/msg/detail/tag_position__builder.hpp\n'}
[0.237037] (uwb_msgs) StdoutLine: {'line': b'-- Up-to-date symlink: /workspace/safmc_uwb/ros/install/uwb_msgs/include/uwb_msgs/uwb_msgs/msg/detail/tag_position__struct.hpp\n'}
[0.237090] (uwb_msgs) StdoutLine: {'line': b'-- Up-to-date symlink: /workspace/safmc_uwb/ros/install/uwb_msgs/include/uwb_msgs/uwb_msgs/msg/detail/tag_position__traits.hpp\n'}
[0.237120] (uwb_msgs) StdoutLine: {'line': b'-- Up-to-date symlink: /workspace/safmc_uwb/ros/install/uwb_msgs/include/uwb_msgs/uwb_msgs/msg/detail/tag_position__type_support.hpp\n'}
[0.237151] (uwb_msgs) StdoutLine: {'line': b'-- Up-to-date symlink: /workspace/safmc_uwb/ros/install/uwb_msgs/include/uwb_msgs/uwb_msgs/msg/pose.hpp\n'}
[0.237182] (uwb_msgs) StdoutLine: {'line': b'-- Up-to-date symlink: /workspace/safmc_uwb/ros/install/uwb_msgs/include/uwb_msgs/uwb_msgs/msg/range.hpp\n'}
[0.237212] (uwb_msgs) StdoutLine: {'line': b'-- Up-to-date symlink: /workspace/safmc_uwb/ros/install/uwb_msgs/include/uwb_msgs/uwb_msgs/msg/rosidl_generator_cpp__visibility_control.hpp\n'}
[0.237241] (uwb_msgs) StdoutLine: {'line': b'-- Up-to-date symlink: /workspace/safmc_uwb/ros/install/uwb_msgs/include/uwb_msgs/uwb_msgs/msg/tag_position.hpp\n'}
[0.237312] (uwb_msgs) StdoutLine: {'line': b'-- Up-to-date symlink: /workspace/safmc_uwb/ros/install/uwb_msgs/include/uwb_msgs/uwb_msgs/msg/detail/pose__rosidl_typesupport_fastrtps_cpp.hpp\n'}
[0.237436] (uwb_msgs) StdoutLine: {'line': b'-- Up-to-date symlink: /workspace/safmc_uwb/ros/install/uwb_msgs/include/uwb_msgs/uwb_msgs/msg/detail/range__rosidl_typesupport_fastrtps_cpp.hpp\n'}
[0.237540] (uwb_msgs) StdoutLine: {'line': b'-- Up-to-date symlink: /workspace/safmc_uwb/ros/install/uwb_msgs/include/uwb_msgs/uwb_msgs/msg/detail/tag_position__rosidl_typesupport_fastrtps_cpp.hpp\n'}
[0.237630] (uwb_msgs) StdoutLine: {'line': b'-- Up-to-date symlink: /workspace/safmc_uwb/ros/install/uwb_msgs/include/uwb_msgs/uwb_msgs/msg/rosidl_typesupport_fastrtps_cpp__visibility_control.h\n'}
[0.237708] (uwb_msgs) StdoutLine: {'line': b'-- Up-to-date symlink: /workspace/safmc_uwb/ros/install/uwb_msgs/include/uwb_msgs/uwb_msgs/msg/detail/pose__rosidl_typesupport_introspection_cpp.hpp\n'}
[0.237798] (uwb_msgs) StdoutLine: {'line': b'-- Up-to-date symlink: /workspace/safmc_uwb/ros/install/uwb_msgs/include/uwb_msgs/uwb_msgs/msg/detail/range__rosidl_typesupport_introspection_cpp.hpp\n'}
[0.237875] (uwb_msgs) StdoutLine: {'line': b'-- Up-to-date symlink: /workspace/safmc_uwb/ros/install/uwb_msgs/include/uwb_msgs/uwb_msgs/msg/detail/tag_position__rosidl_typesupport_introspection_cpp.hpp\n'}
[0.237939] (uwb_msgs) StdoutLine: {'line': b'-- Up-to-date symlink: /workspace/safmc_uwb/ros/install/uwb_msgs/share/uwb_msgs/environment/pythonpath.sh\n'}
[0.238020] (uwb_msgs) StdoutLine: {'line': b'-- Up-to-date symlink: /workspace/safmc_uwb/ros/install/uwb_msgs/share/uwb_msgs/environment/pythonpath.dsv\n'}
[0.238098] (uwb_msgs) StdoutLine: {'line': b'-- Up-to-date symlink: /workspace/safmc_uwb/ros/install/uwb_msgs/local/lib/python3.10/dist-packages/uwb_msgs-0.0.0-py3.10.egg-info/PKG-INFO\n'}
[0.238179] (uwb_msgs) StdoutLine: {'line': b'-- Up-to-date symlink: /workspace/safmc_uwb/ros/install/uwb_msgs/local/lib/python3.10/dist-packages/uwb_msgs-0.0.0-py3.10.egg-info/SOURCES.txt\n'}
[0.238252] (uwb_msgs) StdoutLine: {'line': b'-- Up-to-date symlink: /workspace/safmc_uwb/ros/install/uwb_msgs/local/lib/python3.10/dist-packages/uwb_msgs-0.0.0-py3.10.egg-info/dependency_links.txt\n'}
[0.238332] (uwb_msgs) StdoutLine: {'line': b'-- Up-to-date symlink: /workspace/safmc_uwb/ros/install/uwb_msgs/local/lib/python3.10/dist-packages/uwb_msgs-0.0.0-py3.10.egg-info/top_level.txt\n'}
[0.238567] (uwb_msgs) StdoutLine: {'line': b'-- Up-to-date symlink: /workspace/safmc_uwb/ros/install/uwb_msgs/local/lib/python3.10/dist-packages/uwb_msgs/__init__.py\n'}
[0.238648] (uwb_msgs) StdoutLine: {'line': b'-- Up-to-date symlink: /workspace/safmc_uwb/ros/install/uwb_msgs/local/lib/python3.10/dist-packages/uwb_msgs/_uwb_msgs_s.ep.rosidl_typesupport_c.c\n'}
[0.238726] (uwb_msgs) StdoutLine: {'line': b'-- Up-to-date symlink: /workspace/safmc_uwb/ros/install/uwb_msgs/local/lib/python3.10/dist-packages/uwb_msgs/_uwb_msgs_s.ep.rosidl_typesupport_fastrtps_c.c\n'}
[0.238824] (uwb_msgs) StdoutLine: {'line': b'-- Up-to-date symlink: /workspace/safmc_uwb/ros/install/uwb_msgs/local/lib/python3.10/dist-packages/uwb_msgs/_uwb_msgs_s.ep.rosidl_typesupport_introspection_c.c\n'}
[0.238936] (uwb_msgs) StdoutLine: {'line': b'-- Up-to-date symlink: /workspace/safmc_uwb/ros/install/uwb_msgs/local/lib/python3.10/dist-packages/uwb_msgs/libuwb_msgs__rosidl_generator_py.so\n'}
[0.238983] (uwb_msgs) StdoutLine: {'line': b'-- Up-to-date symlink: /workspace/safmc_uwb/ros/install/uwb_msgs/local/lib/python3.10/dist-packages/uwb_msgs/msg/__init__.py\n'}
[0.239019] (uwb_msgs) StdoutLine: {'line': b'-- Up-to-date symlink: /workspace/safmc_uwb/ros/install/uwb_msgs/local/lib/python3.10/dist-packages/uwb_msgs/msg/_pose.py\n'}
[0.239073] (uwb_msgs) StdoutLine: {'line': b'-- Up-to-date symlink: /workspace/safmc_uwb/ros/install/uwb_msgs/local/lib/python3.10/dist-packages/uwb_msgs/msg/_pose_s.c\n'}
[0.239144] (uwb_msgs) StdoutLine: {'line': b'-- Up-to-date symlink: /workspace/safmc_uwb/ros/install/uwb_msgs/local/lib/python3.10/dist-packages/uwb_msgs/msg/_range.py\n'}
[0.239180] (uwb_msgs) StdoutLine: {'line': b'-- Up-to-date symlink: /workspace/safmc_uwb/ros/install/uwb_msgs/local/lib/python3.10/dist-packages/uwb_msgs/msg/_range_s.c\n'}
[0.239214] (uwb_msgs) StdoutLine: {'line': b'-- Up-to-date symlink: /workspace/safmc_uwb/ros/install/uwb_msgs/local/lib/python3.10/dist-packages/uwb_msgs/msg/_tag_position.py\n'}
[0.239248] (uwb_msgs) StdoutLine: {'line': b'-- Up-to-date symlink: /workspace/safmc_uwb/ros/install/uwb_msgs/local/lib/python3.10/dist-packages/uwb_msgs/msg/_tag_position_s.c\n'}
[0.239312] (uwb_msgs) StdoutLine: {'line': b'-- Up-to-date symlink: /workspace/safmc_uwb/ros/install/uwb_msgs/local/lib/python3.10/dist-packages/uwb_msgs/uwb_msgs_s__rosidl_typesupport_c.cpython-310-x86_64-linux-gnu.so\n'}
[0.239347] (uwb_msgs) StdoutLine: {'line': b'-- Up-to-date symlink: /workspace/safmc_uwb/ros/install/uwb_msgs/local/lib/python3.10/dist-packages/uwb_msgs/uwb_msgs_s__rosidl_typesupport_fastrtps_c.cpython-310-x86_64-linux-gnu.so\n'}
[0.239379] (uwb_msgs) StdoutLine: {'line': b'-- Up-to-date symlink: /workspace/safmc_uwb/ros/install/uwb_msgs/local/lib/python3.10/dist-packages/uwb_msgs/uwb_msgs_s__rosidl_typesupport_introspection_c.cpython-310-x86_64-linux-gnu.so\n'}
[0.239489] (uwb_msgs) StdoutLine: {'line': b'-- Up-to-date symlink: /workspace/safmc_uwb/ros/install/uwb_msgs/local/lib/python3.10/dist-packages/uwb_msgs/uwb_msgs_s__rosidl_typesupport_fastrtps_c.cpython-310-x86_64-linux-gnu.so\n'}
[0.239628] (uwb_msgs) StdoutLine: {'line': b'-- Up-to-date symlink: /workspace/safmc_uwb/ros/install/uwb_msgs/local/lib/python3.10/dist-packages/uwb_msgs/uwb_msgs_s__rosidl_typesupport_introspection_c.cpython-310-x86_64-linux-gnu.so\n'}
[0.239756] (uwb_msgs) StdoutLine: {'line': b'-- Up-to-date symlink: /workspace/safmc_uwb/ros/install/uwb_msgs/local/lib/python3.10/dist-packages/uwb_msgs/uwb_msgs_s__rosidl_typesupport_c.cpython-310-x86_64-linux-gnu.so\n'}
[0.239855] (uwb_msgs) StdoutLine: {'line': b'-- Up-to-date symlink: /workspace/safmc_uwb/ros/install/uwb_msgs/share/uwb_msgs/msg/Range.idl\n'}
[0.239930] (uwb_msgs) StdoutLine: {'line': b'-- Up-to-date symlink: /workspace/safmc_uwb/ros/install/uwb_msgs/share/uwb_msgs/msg/Pose.idl\n'}
[0.240011] (uwb_msgs) StdoutLine: {'line': b'-- Up-to-date symlink: /workspace/safmc_uwb/ros/install/uwb_msgs/share/uwb_msgs/msg/TagPosition.idl\n'}
[0.240089] (uwb_msgs) StdoutLine: {'line': b'-- Up-to-date symlink: /workspace/safmc_uwb/ros/install/uwb_msgs/share/uwb_msgs/msg/Range.msg\n'}
[0.240164] (uwb_msgs) StdoutLine: {'line': b'-- Up-to-date symlink: /workspace/safmc_uwb/ros/install/uwb_msgs/share/uwb_msgs/msg/Pose.msg\n'}
[0.240241] (uwb_msgs) StdoutLine: {'line': b'-- Up-to-date symlink: /workspace/safmc_uwb/ros/install/uwb_msgs/share/uwb_msgs/msg/TagPosition.msg\n'}
[0.240327] (uwb_msgs) StdoutLine: {'line': b'-- Up-to-date symlink: /workspace/safmc_uwb/ros/install/uwb_msgs/share/ament_index/resource_index/package_run_dependencies/uwb_msgs\n'}
[0.240409] (uwb_msgs) StdoutLine: {'line': b'-- Up-to-date symlink: /workspace/safmc_uwb/ros/install/uwb_msgs/share/ament_index/resource_index/parent_prefix_path/uwb_msgs\n'}
[0.240495] (uwb_msgs) StdoutLine: {'line': b'-- Up-to-date symlink: /workspace/safmc_uwb/ros/install/uwb_msgs/share/uwb_msgs/environment/ament_prefix_path.sh\n'}
[0.240568] (uwb_msgs) StdoutLine: {'line': b'-- Up-to-date symlink: /workspace/safmc_uwb/ros/install/uwb_msgs/share/uwb_msgs/environment/ament_prefix_path.dsv\n'}
[0.240640] (uwb_msgs) StdoutLine: {'line': b'-- Up-to-date symlink: /workspace/safmc_uwb/ros/install/uwb_msgs/share/uwb_msgs/environment/path.sh\n'}
[0.240709] (uwb_msgs) StdoutLine: {'line': b'-- Up-to-date symlink: /workspace/safmc_uwb/ros/install/uwb_msgs/share/uwb_msgs/environment/path.dsv\n'}
[0.240800] (uwb_msgs) StdoutLine: {'line': b'-- Up-to-date symlink: /workspace/safmc_uwb/ros/install/uwb_msgs/share/uwb_msgs/local_setup.bash\n'}
[0.240853] (uwb_msgs) StdoutLine: {'line': b'-- Up-to-date symlink: /workspace/safmc_uwb/ros/install/uwb_msgs/share/uwb_msgs/local_setup.sh\n'}
[0.240926] (uwb_msgs) StdoutLine: {'line': b'-- Up-to-date symlink: /workspace/safmc_uwb/ros/install/uwb_msgs/share/uwb_msgs/local_setup.zsh\n'}
[0.240993] (uwb_msgs) StdoutLine: {'line': b'-- Up-to-date symlink: /workspace/safmc_uwb/ros/install/uwb_msgs/share/uwb_msgs/local_setup.dsv\n'}
[0.241046] (uwb_msgs) StdoutLine: {'line': b'-- Symlinking: /workspace/safmc_uwb/ros/install/uwb_msgs/share/uwb_msgs/package.dsv\n'}
[0.248513] (uwb_msgs) StdoutLine: {'line': b'-- Up-to-date symlink: /workspace/safmc_uwb/ros/install/uwb_msgs/share/ament_index/resource_index/packages/uwb_msgs\n'}
[0.248609] (uwb_msgs) StdoutLine: {'line': b'-- Up-to-date symlink: /workspace/safmc_uwb/ros/install/uwb_msgs/share/uwb_msgs/cmake/rosidl_cmake-extras.cmake\n'}
[0.248667] (uwb_msgs) StdoutLine: {'line': b'-- Up-to-date symlink: /workspace/safmc_uwb/ros/install/uwb_msgs/share/uwb_msgs/cmake/ament_cmake_export_dependencies-extras.cmake\n'}
[0.248718] (uwb_msgs) StdoutLine: {'line': b'-- Up-to-date symlink: /workspace/safmc_uwb/ros/install/uwb_msgs/share/uwb_msgs/cmake/ament_cmake_export_include_directories-extras.cmake\n'}
[0.248774] (uwb_msgs) StdoutLine: {'line': b'-- Up-to-date symlink: /workspace/safmc_uwb/ros/install/uwb_msgs/share/uwb_msgs/cmake/ament_cmake_export_libraries-extras.cmake\n'}
[0.248821] (uwb_msgs) StdoutLine: {'line': b'-- Up-to-date symlink: /workspace/safmc_uwb/ros/install/uwb_msgs/share/uwb_msgs/cmake/ament_cmake_export_targets-extras.cmake\n'}
[0.248877] (uwb_msgs) StdoutLine: {'line': b'-- Up-to-date symlink: /workspace/safmc_uwb/ros/install/uwb_msgs/share/uwb_msgs/cmake/rosidl_cmake_export_typesupport_targets-extras.cmake\n'}
[0.248949] (uwb_msgs) StdoutLine: {'line': b'-- Up-to-date symlink: /workspace/safmc_uwb/ros/install/uwb_msgs/share/uwb_msgs/cmake/rosidl_cmake_export_typesupport_libraries-extras.cmake\n'}
[0.249027] (uwb_msgs) StdoutLine: {'line': b'-- Up-to-date symlink: /workspace/safmc_uwb/ros/install/uwb_msgs/share/uwb_msgs/cmake/uwb_msgsConfig.cmake\n'}
[0.249080] (uwb_msgs) StdoutLine: {'line': b'-- Up-to-date symlink: /workspace/safmc_uwb/ros/install/uwb_msgs/share/uwb_msgs/cmake/uwb_msgsConfig-version.cmake\n'}
[0.249166] (uwb_msgs) StdoutLine: {'line': b'-- Up-to-date symlink: /workspace/safmc_uwb/ros/install/uwb_msgs/share/uwb_msgs/package.xml\n'}
[0.249334] (uwb_msgs) StdoutLine: {'line': b'-- Up-to-date: /workspace/safmc_uwb/ros/install/uwb_msgs/lib/libuwb_msgs__rosidl_generator_c.so\n'}
[0.249504] (uwb_msgs) StdoutLine: {'line': b'-- Up-to-date: /workspace/safmc_uwb/ros/install/uwb_msgs/lib/libuwb_msgs__rosidl_typesupport_fastrtps_c.so\n'}
[0.249644] (uwb_msgs) StdoutLine: {'line': b'-- Up-to-date: /workspace/safmc_uwb/ros/install/uwb_msgs/lib/libuwb_msgs__rosidl_typesupport_introspection_c.so\n'}
[0.249774] (uwb_msgs) StdoutLine: {'line': b'-- Up-to-date: /workspace/safmc_uwb/ros/install/uwb_msgs/lib/libuwb_msgs__rosidl_typesupport_c.so\n'}
[0.249931] (uwb_msgs) StdoutLine: {'line': b'-- Up-to-date: /workspace/safmc_uwb/ros/install/uwb_msgs/lib/libuwb_msgs__rosidl_typesupport_fastrtps_cpp.so\n'}
[0.250067] (uwb_msgs) StdoutLine: {'line': b'-- Up-to-date: /workspace/safmc_uwb/ros/install/uwb_msgs/lib/libuwb_msgs__rosidl_typesupport_introspection_cpp.so\n'}
[0.250196] (uwb_msgs) StdoutLine: {'line': b'-- Up-to-date: /workspace/safmc_uwb/ros/install/uwb_msgs/lib/libuwb_msgs__rosidl_typesupport_cpp.so\n'}
[0.274405] (uwb_msgs) StdoutLine: {'line': b"Listing '/workspace/safmc_uwb/ros/install/uwb_msgs/local/lib/python3.10/dist-packages/uwb_msgs'...\n"}
[0.274552] (uwb_msgs) StdoutLine: {'line': b"Listing '/workspace/safmc_uwb/ros/install/uwb_msgs/local/lib/python3.10/dist-packages/uwb_msgs/msg'...\n"}
[0.277690] (uwb_msgs) StdoutLine: {'line': b'-- Up-to-date: /workspace/safmc_uwb/ros/install/uwb_msgs/lib/libuwb_msgs__rosidl_generator_py.so\n'}
[0.277751] (uwb_msgs) StdoutLine: {'line': b'-- Up-to-date: /workspace/safmc_uwb/ros/install/uwb_msgs/share/uwb_msgs/cmake/export_uwb_msgs__rosidl_generator_cExport.cmake\n'}
[0.277795] (uwb_msgs) StdoutLine: {'line': b'-- Up-to-date: /workspace/safmc_uwb/ros/install/uwb_msgs/share/uwb_msgs/cmake/export_uwb_msgs__rosidl_generator_cExport-noconfig.cmake\n'}
[0.277834] (uwb_msgs) StdoutLine: {'line': b'-- Up-to-date: /workspace/safmc_uwb/ros/install/uwb_msgs/share/uwb_msgs/cmake/export_uwb_msgs__rosidl_typesupport_fastrtps_cExport.cmake\n'}
[0.277888] (uwb_msgs) StdoutLine: {'line': b'-- Up-to-date: /workspace/safmc_uwb/ros/install/uwb_msgs/share/uwb_msgs/cmake/export_uwb_msgs__rosidl_typesupport_fastrtps_cExport-noconfig.cmake\n'}
[0.277977] (uwb_msgs) StdoutLine: {'line': b'-- Up-to-date: /workspace/safmc_uwb/ros/install/uwb_msgs/share/uwb_msgs/cmake/uwb_msgs__rosidl_typesupport_introspection_cExport.cmake\n'}
[0.278009] (uwb_msgs) StdoutLine: {'line': b'-- Up-to-date: /workspace/safmc_uwb/ros/install/uwb_msgs/share/uwb_msgs/cmake/uwb_msgs__rosidl_typesupport_introspection_cExport-noconfig.cmake\n'}
[0.278041] (uwb_msgs) StdoutLine: {'line': b'-- Up-to-date: /workspace/safmc_uwb/ros/install/uwb_msgs/share/uwb_msgs/cmake/uwb_msgs__rosidl_typesupport_cExport.cmake\n'}
[0.278072] (uwb_msgs) StdoutLine: {'line': b'-- Up-to-date: /workspace/safmc_uwb/ros/install/uwb_msgs/share/uwb_msgs/cmake/uwb_msgs__rosidl_typesupport_cExport-noconfig.cmake\n'}
[0.278105] (uwb_msgs) StdoutLine: {'line': b'-- Up-to-date: /workspace/safmc_uwb/ros/install/uwb_msgs/share/uwb_msgs/cmake/export_uwb_msgs__rosidl_generator_cppExport.cmake\n'}
[0.278136] (uwb_msgs) StdoutLine: {'line': b'-- Up-to-date: /workspace/safmc_uwb/ros/install/uwb_msgs/share/uwb_msgs/cmake/export_uwb_msgs__rosidl_typesupport_fastrtps_cppExport.cmake\n'}
[0.278166] (uwb_msgs) StdoutLine: {'line': b'-- Up-to-date: /workspace/safmc_uwb/ros/install/uwb_msgs/share/uwb_msgs/cmake/export_uwb_msgs__rosidl_typesupport_fastrtps_cppExport-noconfig.cmake\n'}
[0.278196] (uwb_msgs) StdoutLine: {'line': b'-- Up-to-date: /workspace/safmc_uwb/ros/install/uwb_msgs/share/uwb_msgs/cmake/uwb_msgs__rosidl_typesupport_introspection_cppExport.cmake\n'}
[0.278242] (uwb_msgs) StdoutLine: {'line': b'-- Up-to-date: /workspace/safmc_uwb/ros/install/uwb_msgs/share/uwb_msgs/cmake/uwb_msgs__rosidl_typesupport_introspection_cppExport-noconfig.cmake\n'}
[0.278273] (uwb_msgs) StdoutLine: {'line': b'-- Up-to-date: /workspace/safmc_uwb/ros/install/uwb_msgs/share/uwb_msgs/cmake/uwb_msgs__rosidl_typesupport_cppExport.cmake\n'}
[0.278326] (uwb_msgs) StdoutLine: {'line': b'-- Up-to-date: /workspace/safmc_uwb/ros/install/uwb_msgs/share/uwb_msgs/cmake/uwb_msgs__rosidl_typesupport_cppExport-noconfig.cmake\n'}
[0.278359] (uwb_msgs) StdoutLine: {'line': b'-- Up-to-date: /workspace/safmc_uwb/ros/install/uwb_msgs/share/uwb_msgs/cmake/export_uwb_msgs__rosidl_generator_pyExport.cmake\n'}
[0.278388] (uwb_msgs) StdoutLine: {'line': b'-- Up-to-date: /workspace/safmc_uwb/ros/install/uwb_msgs/share/uwb_msgs/cmake/export_uwb_msgs__rosidl_generator_pyExport-noconfig.cmake\n'}
[0.279824] (uwb_msgs) CommandEnded: {'returncode': 0}
[0.293095] (uwb_msgs) JobEnded: {'identifier': 'uwb_msgs', 'rc': 0}
[0.293914] (uwb) JobStarted: {'identifier': 'uwb'}
[0.299948] (-) TimerEvent: {}
[0.400215] (-) TimerEvent: {}
[0.500444] (-) TimerEvent: {}
[0.600684] (-) TimerEvent: {}
[0.636696] (uwb) Command: {'cmd': ['/usr/bin/python3', '-W', 'ignore:setup.py install is deprecated', '-W', 'ignore:easy_install command is deprecated', 'setup.py', 'egg_info', '--egg-base', '../../build/uwb', 'build', '--build-base', '/workspace/safmc_uwb/ros/build/uwb/build', 'install', '--record', '/workspace/safmc_uwb/ros/build/uwb/install.log', '--single-version-externally-managed', 'install_data'], 'cwd': '/workspace/safmc_uwb/ros/src/uwb', 'env': {'SUDO_GID': '1000', 'MAIL': '/var/mail/root', 'USER': 'root', 'HOSTNAME': 'huixin', 'SHLVL': '1', 'LD_LIBRARY_PATH': '/workspace/safmc_uwb/ros/install/uwb_msgs/lib:/opt/ros/humble/opt/rviz_ogre_vendor/lib:/opt/ros/humble/lib/x86_64-linux-gnu:/opt/ros/humble/lib', 'HOME': '/root', 'ROS_PYTHON_VERSION': '3', 'COLORTERM': 'truecolor', 'COLCON_PREFIX_PATH': '/workspace/safmc_uwb/ros/install', 'SUDO_UID': '1000', 'ROS_DISTRO': 'humble', 'LOGNAME': 'root', '_': '/usr/bin/colcon', 'ROS_VERSION': '2', 'TERM': 'xterm-256color', 'ROS_LOCALHOST_ONLY': '0', 'PATH': '/opt/ros/humble/bin:/usr/local/sbin:/usr/local/bin:/usr/sbin:/usr/bin:/sbin:/bin', 'DISPLAY': ':0', 'LANG': 'en_US.UTF-8', 'SUDO_COMMAND': '/usr/bin/su', 'AMENT_PREFIX_PATH': '/workspace/safmc_uwb/ros/install/uwb:/workspace/safmc_uwb/ros/install/uwb_msgs:/opt/ros/humble', 'DEBIAN_FRONTEND': 'noninteractive', 'SHELL': '/bin/bash', 'SUDO_USER': 'user', 'PWD': '/workspace/safmc_uwb/ros/build/uwb', 'LC_ALL': 'en_US.UTF-8', 'PYTHONPATH': '/workspace/safmc_uwb/ros/build/uwb/prefix_override:/usr/lib/python3/dist-packages/colcon_core/task/python/colcon_distutils_commands:/workspace/safmc_uwb/ros/install/uwb/lib/python3.10/site-packages:/workspace/safmc_uwb/ros/install/uwb/lib/python3.10/site-packages:/workspace/safmc_uwb/ros/install/uwb_msgs/local/lib/python3.10/dist-packages:/opt/ros/humble/lib/python3.10/site-packages:/opt/ros/humble/local/lib/python3.10/dist-packages', 'COLCON': '1', 'CMAKE_PREFIX_PATH': '/workspace/safmc_uwb/ros/install/uwb_msgs'}, 'shell': False}
[0.700947] (-) TimerEvent: {}
[0.762239] (uwb) StdoutLine: {'line': b'running egg_info\n'}
[0.762687] (uwb) StdoutLine: {'line': b'writing ../../build/uwb/uwb.egg-info/PKG-INFO\n'}
[0.762934] (uwb) StdoutLine: {'line': b'writing dependency_links to ../../build/uwb/uwb.egg-info/dependency_links.txt\n'}
[0.763018] (uwb) StdoutLine: {'line': b'writing entry points to ../../build/uwb/uwb.egg-info/entry_points.txt\n'}
[0.763055] (uwb) StdoutLine: {'line': b'writing requirements to ../../build/uwb/uwb.egg-info/requires.txt\n'}
[0.763187] (uwb) StdoutLine: {'line': b'writing top-level names to ../../build/uwb/uwb.egg-info/top_level.txt\n'}
[0.764077] (uwb) StdoutLine: {'line': b"reading manifest file '../../build/uwb/uwb.egg-info/SOURCES.txt'\n"}
[0.764588] (uwb) StdoutLine: {'line': b"writing manifest file '../../build/uwb/uwb.egg-info/SOURCES.txt'\n"}
[0.764683] (uwb) StdoutLine: {'line': b'running build\n'}
[0.764724] (uwb) StdoutLine: {'line': b'running build_py\n'}
[0.764872] (uwb) StdoutLine: {'line': b'copying uwb/uwb.py -> /workspace/safmc_uwb/ros/build/uwb/build/lib/uwb\n'}
[0.765072] (uwb) StdoutLine: {'line': b'copying uwb/uwb_5v8.py -> /workspace/safmc_uwb/ros/build/uwb/build/lib/uwb\n'}
[0.765294] (uwb) StdoutLine: {'line': b'running install\n'}
[0.765393] (uwb) StdoutLine: {'line': b'running install_lib\n'}
[0.765997] (uwb) StdoutLine: {'line': b'copying /workspace/safmc_uwb/ros/build/uwb/build/lib/uwb/uwb.py -> /workspace/safmc_uwb/ros/install/uwb/lib/python3.10/site-packages/uwb\n'}
[0.766103] (uwb) StdoutLine: {'line': b'copying /workspace/safmc_uwb/ros/build/uwb/build/lib/uwb/uwb_5v8.py -> /workspace/safmc_uwb/ros/install/uwb/lib/python3.10/site-packages/uwb\n'}
[0.766605] (uwb) StdoutLine: {'line': b'byte-compiling /workspace/safmc_uwb/ros/install/uwb/lib/python3.10/site-packages/uwb/uwb.py to uwb.cpython-310.pyc\n'}
[0.769298] (uwb) StdoutLine: {'line': b'byte-compiling /workspace/safmc_uwb/ros/install/uwb/lib/python3.10/site-packages/uwb/uwb_5v8.py to uwb_5v8.cpython-310.pyc\n'}
[0.771563] (uwb) StdoutLine: {'line': b'running install_data\n'}
[0.771673] (uwb) StdoutLine: {'line': b'running install_egg_info\n'}
[0.772732] (uwb) StdoutLine: {'line': b"removing '/workspace/safmc_uwb/ros/install/uwb/lib/python3.10/site-packages/uwb-0.0.0-py3.10.egg-info' (and everything under it)\n"}
[0.772927] (uwb) StdoutLine: {'line': b'Copying ../../build/uwb/uwb.egg-info to /workspace/safmc_uwb/ros/install/uwb/lib/python3.10/site-packages/uwb-0.0.0-py3.10.egg-info\n'}
[0.773243] (uwb) StdoutLine: {'line': b'running install_scripts\n'}
[0.785046] (uwb) StdoutLine: {'line': b'Installing uwb script to /workspace/safmc_uwb/ros/install/uwb/lib/uwb\n'}
[0.785161] (uwb) StdoutLine: {'line': b"writing list of installed files to '/workspace/safmc_uwb/ros/build/uwb/install.log'\n"}
[0.799455] (uwb) CommandEnded: {'returncode': 0}
[0.801001] (-) TimerEvent: {}
[0.803338] (uwb) JobEnded: {'identifier': 'uwb', 'rc': 0}
[0.803711] (-) EventReactorShutdown: {}
