[0.169s] DEBUG:colcon:Command line arguments: ['/usr/bin/colcon', 'build']
[0.169s] DEBUG:colcon:Parsed command line arguments: Namespace(log_base=None, log_level=None, verb_name='build', build_base='build', install_base='install', merge_install=False, symlink_install=False, test_result_base=None, continue_on_error=False, executor='parallel', parallel_workers=12, event_handlers=None, ignore_user_meta=False, metas=['./colcon.meta'], base_paths=['.'], packages_ignore=None, packages_ignore_regex=None, paths=None, packages_up_to=None, packages_up_to_regex=None, packages_above=None, packages_above_and_dependencies=None, packages_above_depth=None, packages_select_by_dep=None, packages_skip_by_dep=None, packages_skip_up_to=None, packages_select_build_failed=False, packages_skip_build_finished=False, packages_select_test_failures=False, packages_skip_test_passed=False, packages_select=None, packages_skip=None, packages_select_regex=None, packages_skip_regex=None, packages_start=None, packages_end=None, allow_overriding=[], cmake_args=None, cmake_target=None, cmake_target_skip_unavailable=False, cmake_clean_cache=False, cmake_clean_first=False, cmake_force_configure=False, ament_cmake_args=None, catkin_cmake_args=None, catkin_skip_building_tests=False, mixin_files=None, mixin=None, verb_parser=<colcon_mixin.mixin.mixin_argument.MixinArgumentDecorator object at 0x7f86e71c24a0>, verb_extension=<colcon_core.verb.build.BuildVerb object at 0x7f86e72bfa90>, main=<bound method BuildVerb.main of <colcon_core.verb.build.BuildVerb object at 0x7f86e72bfa90>>, mixin_verb=('build',))
[0.426s] Level 1:colcon.colcon_core.package_discovery:discover_packages(colcon_meta) check parameters
[0.426s] Level 1:colcon.colcon_core.package_discovery:discover_packages(recursive) check parameters
[0.426s] Level 1:colcon.colcon_core.package_discovery:discover_packages(ignore) check parameters
[0.426s] Level 1:colcon.colcon_core.package_discovery:discover_packages(path) check parameters
[0.427s] Level 1:colcon.colcon_core.package_discovery:discover_packages(colcon_meta) discover
[0.427s] Level 1:colcon.colcon_core.package_discovery:discover_packages(recursive) discover
[0.427s] INFO:colcon.colcon_core.package_discovery:Crawling recursively for packages in '/workspace/safmc_uwb/ros'
[0.427s] Level 1:colcon.colcon_core.package_identification:_identify(.) by extensions ['ignore', 'ignore_ament_install']
[0.427s] Level 1:colcon.colcon_core.package_identification:_identify(.) by extension 'ignore'
[0.427s] Level 1:colcon.colcon_core.package_identification:_identify(.) by extension 'ignore_ament_install'
[0.427s] Level 1:colcon.colcon_core.package_identification:_identify(.) by extensions ['colcon_pkg']
[0.427s] Level 1:colcon.colcon_core.package_identification:_identify(.) by extension 'colcon_pkg'
[0.427s] Level 1:colcon.colcon_core.package_identification:_identify(.) by extensions ['colcon_meta']
[0.428s] Level 1:colcon.colcon_core.package_identification:_identify(.) by extension 'colcon_meta'
[0.428s] Level 1:colcon.colcon_core.package_identification:_identify(.) by extensions ['ros']
[0.428s] Level 1:colcon.colcon_core.package_identification:_identify(.) by extension 'ros'
[0.445s] Level 1:colcon.colcon_core.package_identification:_identify(.) by extensions ['cmake', 'python']
[0.445s] Level 1:colcon.colcon_core.package_identification:_identify(.) by extension 'cmake'
[0.445s] Level 1:colcon.colcon_core.package_identification:_identify(.) by extension 'python'
[0.445s] Level 1:colcon.colcon_core.package_identification:_identify(.) by extensions ['python_setup_py']
[0.445s] Level 1:colcon.colcon_core.package_identification:_identify(.) by extension 'python_setup_py'
[0.446s] Level 1:colcon.colcon_core.package_identification:_identify(build) by extensions ['ignore', 'ignore_ament_install']
[0.446s] Level 1:colcon.colcon_core.package_identification:_identify(build) by extension 'ignore'
[0.446s] Level 1:colcon.colcon_core.package_identification:_identify(build) ignored
[0.446s] Level 1:colcon.colcon_core.package_identification:_identify(install) by extensions ['ignore', 'ignore_ament_install']
[0.446s] Level 1:colcon.colcon_core.package_identification:_identify(install) by extension 'ignore'
[0.446s] Level 1:colcon.colcon_core.package_identification:_identify(install) ignored
[0.447s] Level 1:colcon.colcon_core.package_identification:_identify(log) by extensions ['ignore', 'ignore_ament_install']
[0.447s] Level 1:colcon.colcon_core.package_identification:_identify(log) by extension 'ignore'
[0.447s] Level 1:colcon.colcon_core.package_identification:_identify(log) ignored
[0.447s] Level 1:colcon.colcon_core.package_identification:_identify(output) by extensions ['ignore', 'ignore_ament_install']
[0.447s] Level 1:colcon.colcon_core.package_identification:_identify(output) by extension 'ignore'
[0.447s] Level 1:colcon.colcon_core.package_identification:_identify(output) by extension 'ignore_ament_install'
[0.447s] Level 1:colcon.colcon_core.package_identification:_identify(output) by extensions ['colcon_pkg']
[0.447s] Level 1:colcon.colcon_core.package_identification:_identify(output) by extension 'colcon_pkg'
[0.448s] Level 1:colcon.colcon_core.package_identification:_identify(output) by extensions ['colcon_meta']
[0.448s] Level 1:colcon.colcon_core.package_identification:_identify(output) by extension 'colcon_meta'
[0.448s] Level 1:colcon.colcon_core.package_identification:_identify(output) by extensions ['ros']
[0.448s] Level 1:colcon.colcon_core.package_identification:_identify(output) by extension 'ros'
[0.448s] Level 1:colcon.colcon_core.package_identification:_identify(output) by extensions ['cmake', 'python']
[0.448s] Level 1:colcon.colcon_core.package_identification:_identify(output) by extension 'cmake'
[0.448s] Level 1:colcon.colcon_core.package_identification:_identify(output) by extension 'python'
[0.448s] Level 1:colcon.colcon_core.package_identification:_identify(output) by extensions ['python_setup_py']
[0.448s] Level 1:colcon.colcon_core.package_identification:_identify(output) by extension 'python_setup_py'
[0.448s] Level 1:colcon.colcon_core.package_identification:_identify(src) by extensions ['ignore', 'ignore_ament_install']
[0.448s] Level 1:colcon.colcon_core.package_identification:_identify(src) by extension 'ignore'
[0.448s] Level 1:colcon.colcon_core.package_identification:_identify(src) by extension 'ignore_ament_install'
[0.449s] Level 1:colcon.colcon_core.package_identification:_identify(src) by extensions ['colcon_pkg']
[0.449s] Level 1:colcon.colcon_core.package_identification:_identify(src) by extension 'colcon_pkg'
[0.449s] Level 1:colcon.colcon_core.package_identification:_identify(src) by extensions ['colcon_meta']
[0.449s] Level 1:colcon.colcon_core.package_identification:_identify(src) by extension 'colcon_meta'
[0.449s] Level 1:colcon.colcon_core.package_identification:_identify(src) by extensions ['ros']
[0.449s] Level 1:colcon.colcon_core.package_identification:_identify(src) by extension 'ros'
[0.449s] Level 1:colcon.colcon_core.package_identification:_identify(src) by extensions ['cmake', 'python']
[0.449s] Level 1:colcon.colcon_core.package_identification:_identify(src) by extension 'cmake'
[0.449s] Level 1:colcon.colcon_core.package_identification:_identify(src) by extension 'python'
[0.450s] Level 1:colcon.colcon_core.package_identification:_identify(src) by extensions ['python_setup_py']
[0.450s] Level 1:colcon.colcon_core.package_identification:_identify(src) by extension 'python_setup_py'
[0.450s] Level 1:colcon.colcon_core.package_identification:_identify(src/build) by extensions ['ignore', 'ignore_ament_install']
[0.450s] Level 1:colcon.colcon_core.package_identification:_identify(src/build) by extension 'ignore'
[0.450s] Level 1:colcon.colcon_core.package_identification:_identify(src/build) ignored
[0.450s] Level 1:colcon.colcon_core.package_identification:_identify(src/install) by extensions ['ignore', 'ignore_ament_install']
[0.451s] Level 1:colcon.colcon_core.package_identification:_identify(src/install) by extension 'ignore'
[0.451s] Level 1:colcon.colcon_core.package_identification:_identify(src/install) ignored
[0.451s] Level 1:colcon.colcon_core.package_identification:_identify(src/log) by extensions ['ignore', 'ignore_ament_install']
[0.451s] Level 1:colcon.colcon_core.package_identification:_identify(src/log) by extension 'ignore'
[0.451s] Level 1:colcon.colcon_core.package_identification:_identify(src/log) ignored
[0.452s] Level 1:colcon.colcon_core.package_identification:_identify(src/uwb) by extensions ['ignore', 'ignore_ament_install']
[0.452s] Level 1:colcon.colcon_core.package_identification:_identify(src/uwb) by extension 'ignore'
[0.452s] Level 1:colcon.colcon_core.package_identification:_identify(src/uwb) by extension 'ignore_ament_install'
[0.452s] Level 1:colcon.colcon_core.package_identification:_identify(src/uwb) by extensions ['colcon_pkg']
[0.452s] Level 1:colcon.colcon_core.package_identification:_identify(src/uwb) by extension 'colcon_pkg'
[0.452s] Level 1:colcon.colcon_core.package_identification:_identify(src/uwb) by extensions ['colcon_meta']
[0.452s] Level 1:colcon.colcon_core.package_identification:_identify(src/uwb) by extension 'colcon_meta'
[0.452s] Level 1:colcon.colcon_core.package_identification:_identify(src/uwb) by extensions ['ros']
[0.452s] Level 1:colcon.colcon_core.package_identification:_identify(src/uwb) by extension 'ros'
[0.456s] DEBUG:colcon.colcon_core.package_identification:Package 'src/uwb' with type 'ros.ament_python' and name 'uwb'
[0.456s] Level 1:colcon.colcon_core.package_identification:_identify(src/uwb_msgs) by extensions ['ignore', 'ignore_ament_install']
[0.456s] Level 1:colcon.colcon_core.package_identification:_identify(src/uwb_msgs) by extension 'ignore'
[0.456s] Level 1:colcon.colcon_core.package_identification:_identify(src/uwb_msgs) by extension 'ignore_ament_install'
[0.456s] Level 1:colcon.colcon_core.package_identification:_identify(src/uwb_msgs) by extensions ['colcon_pkg']
[0.456s] Level 1:colcon.colcon_core.package_identification:_identify(src/uwb_msgs) by extension 'colcon_pkg'
[0.457s] Level 1:colcon.colcon_core.package_identification:_identify(src/uwb_msgs) by extensions ['colcon_meta']
[0.457s] Level 1:colcon.colcon_core.package_identification:_identify(src/uwb_msgs) by extension 'colcon_meta'
[0.457s] Level 1:colcon.colcon_core.package_identification:_identify(src/uwb_msgs) by extensions ['ros']
[0.457s] Level 1:colcon.colcon_core.package_identification:_identify(src/uwb_msgs) by extension 'ros'
[0.457s] DEBUG:colcon.colcon_core.package_identification:Package 'src/uwb_msgs' with type 'ros.ament_cmake' and name 'uwb_msgs'
[0.458s] Level 1:colcon.colcon_core.package_identification:_identify(test) by extensions ['ignore', 'ignore_ament_install']
[0.458s] Level 1:colcon.colcon_core.package_identification:_identify(test) by extension 'ignore'
[0.458s] Level 1:colcon.colcon_core.package_identification:_identify(test) by extension 'ignore_ament_install'
[0.458s] Level 1:colcon.colcon_core.package_identification:_identify(test) by extensions ['colcon_pkg']
[0.458s] Level 1:colcon.colcon_core.package_identification:_identify(test) by extension 'colcon_pkg'
[0.458s] Level 1:colcon.colcon_core.package_identification:_identify(test) by extensions ['colcon_meta']
[0.458s] Level 1:colcon.colcon_core.package_identification:_identify(test) by extension 'colcon_meta'
[0.458s] Level 1:colcon.colcon_core.package_identification:_identify(test) by extensions ['ros']
[0.458s] Level 1:colcon.colcon_core.package_identification:_identify(test) by extension 'ros'
[0.458s] Level 1:colcon.colcon_core.package_identification:_identify(test) by extensions ['cmake', 'python']
[0.458s] Level 1:colcon.colcon_core.package_identification:_identify(test) by extension 'cmake'
[0.458s] Level 1:colcon.colcon_core.package_identification:_identify(test) by extension 'python'
[0.458s] Level 1:colcon.colcon_core.package_identification:_identify(test) by extensions ['python_setup_py']
[0.458s] Level 1:colcon.colcon_core.package_identification:_identify(test) by extension 'python_setup_py'
[0.458s] Level 1:colcon.colcon_core.package_discovery:discover_packages(recursive) using defaults
[0.459s] Level 1:colcon.colcon_core.package_discovery:discover_packages(ignore) discover
[0.459s] Level 1:colcon.colcon_core.package_discovery:discover_packages(ignore) using defaults
[0.459s] Level 1:colcon.colcon_core.package_discovery:discover_packages(path) discover
[0.459s] Level 1:colcon.colcon_core.package_discovery:discover_packages(path) using defaults
[0.502s] Level 1:colcon.colcon_core.package_discovery:discover_packages(prefix_path) check parameters
[0.502s] Level 1:colcon.colcon_core.package_discovery:discover_packages(prefix_path) discover
[0.505s] DEBUG:colcon.colcon_installed_package_information.package_discovery:Found 3 installed packages in /workspace/safmc_uwb/ros/install
[0.507s] DEBUG:colcon.colcon_installed_package_information.package_discovery:Found 284 installed packages in /opt/ros/humble
[0.509s] Level 1:colcon.colcon_core.package_discovery:discover_packages(prefix_path) using defaults
[0.566s] Level 5:colcon.colcon_core.verb:set package 'uwb_msgs' build argument 'cmake_args' from command line to 'None'
[0.566s] Level 5:colcon.colcon_core.verb:set package 'uwb_msgs' build argument 'cmake_target' from command line to 'None'
[0.567s] Level 5:colcon.colcon_core.verb:set package 'uwb_msgs' build argument 'cmake_target_skip_unavailable' from command line to 'False'
[0.567s] Level 5:colcon.colcon_core.verb:set package 'uwb_msgs' build argument 'cmake_clean_cache' from command line to 'False'
[0.567s] Level 5:colcon.colcon_core.verb:set package 'uwb_msgs' build argument 'cmake_clean_first' from command line to 'False'
[0.567s] Level 5:colcon.colcon_core.verb:set package 'uwb_msgs' build argument 'cmake_force_configure' from command line to 'False'
[0.567s] Level 5:colcon.colcon_core.verb:set package 'uwb_msgs' build argument 'ament_cmake_args' from command line to 'None'
[0.567s] Level 5:colcon.colcon_core.verb:set package 'uwb_msgs' build argument 'catkin_cmake_args' from command line to 'None'
[0.567s] Level 5:colcon.colcon_core.verb:set package 'uwb_msgs' build argument 'catkin_skip_building_tests' from command line to 'False'
[0.567s] DEBUG:colcon.colcon_core.verb:Building package 'uwb_msgs' with the following arguments: {'ament_cmake_args': None, 'build_base': '/workspace/safmc_uwb/ros/build/uwb_msgs', 'catkin_cmake_args': None, 'catkin_skip_building_tests': False, 'cmake_args': None, 'cmake_clean_cache': False, 'cmake_clean_first': False, 'cmake_force_configure': False, 'cmake_target': None, 'cmake_target_skip_unavailable': False, 'install_base': '/workspace/safmc_uwb/ros/install/uwb_msgs', 'merge_install': False, 'path': '/workspace/safmc_uwb/ros/src/uwb_msgs', 'symlink_install': False, 'test_result_base': None}
[0.568s] Level 5:colcon.colcon_core.verb:set package 'uwb' build argument 'cmake_args' from command line to 'None'
[0.568s] Level 5:colcon.colcon_core.verb:set package 'uwb' build argument 'cmake_target' from command line to 'None'
[0.568s] Level 5:colcon.colcon_core.verb:set package 'uwb' build argument 'cmake_target_skip_unavailable' from command line to 'False'
[0.568s] Level 5:colcon.colcon_core.verb:set package 'uwb' build argument 'cmake_clean_cache' from command line to 'False'
[0.568s] Level 5:colcon.colcon_core.verb:set package 'uwb' build argument 'cmake_clean_first' from command line to 'False'
[0.568s] Level 5:colcon.colcon_core.verb:set package 'uwb' build argument 'cmake_force_configure' from command line to 'False'
[0.568s] Level 5:colcon.colcon_core.verb:set package 'uwb' build argument 'ament_cmake_args' from command line to 'None'
[0.568s] Level 5:colcon.colcon_core.verb:set package 'uwb' build argument 'catkin_cmake_args' from command line to 'None'
[0.568s] Level 5:colcon.colcon_core.verb:set package 'uwb' build argument 'catkin_skip_building_tests' from command line to 'False'
[0.568s] DEBUG:colcon.colcon_core.verb:Building package 'uwb' with the following arguments: {'ament_cmake_args': None, 'build_base': '/workspace/safmc_uwb/ros/build/uwb', 'catkin_cmake_args': None, 'catkin_skip_building_tests': False, 'cmake_args': None, 'cmake_clean_cache': False, 'cmake_clean_first': False, 'cmake_force_configure': False, 'cmake_target': None, 'cmake_target_skip_unavailable': False, 'install_base': '/workspace/safmc_uwb/ros/install/uwb', 'merge_install': False, 'path': '/workspace/safmc_uwb/ros/src/uwb', 'symlink_install': False, 'test_result_base': None}
[0.569s] INFO:colcon.colcon_core.executor:Executing jobs using 'parallel' executor
[0.571s] DEBUG:colcon.colcon_parallel_executor.executor.parallel:run_until_complete
[0.572s] INFO:colcon.colcon_ros.task.ament_cmake.build:Building ROS package in '/workspace/safmc_uwb/ros/src/uwb_msgs' with build type 'ament_cmake'
[0.572s] INFO:colcon.colcon_cmake.task.cmake.build:Building CMake package in '/workspace/safmc_uwb/ros/src/uwb_msgs'
[0.576s] INFO:colcon.colcon_core.plugin_system:Skipping extension 'colcon_core.shell.bat': Not used on non-Windows systems
[0.576s] INFO:colcon.colcon_core.shell:Skip shell extension 'powershell' for command environment: Not usable outside of PowerShell
[0.576s] DEBUG:colcon.colcon_core.shell:Skip shell extension 'dsv' for command environment
[0.595s] DEBUG:colcon.colcon_core.event_handler.log_command:Invoking command in '/workspace/safmc_uwb/ros/build/uwb_msgs': CMAKE_PREFIX_PATH=${CMAKE_PREFIX_PATH}:/workspace/safmc_uwb/ros/install/uwb:/opt/ros/humble /usr/bin/cmake /workspace/safmc_uwb/ros/src/uwb_msgs -DCMAKE_INSTALL_PREFIX=/workspace/safmc_uwb/ros/install/uwb_msgs
[3.814s] DEBUG:colcon.colcon_core.event_handler.log_command:Invoked command in '/workspace/safmc_uwb/ros/build/uwb_msgs' returned '0': CMAKE_PREFIX_PATH=${CMAKE_PREFIX_PATH}:/workspace/safmc_uwb/ros/install/uwb:/opt/ros/humble /usr/bin/cmake /workspace/safmc_uwb/ros/src/uwb_msgs -DCMAKE_INSTALL_PREFIX=/workspace/safmc_uwb/ros/install/uwb_msgs
[3.818s] DEBUG:colcon.colcon_core.event_handler.log_command:Invoking command in '/workspace/safmc_uwb/ros/build/uwb_msgs': CMAKE_PREFIX_PATH=${CMAKE_PREFIX_PATH}:/workspace/safmc_uwb/ros/install/uwb:/opt/ros/humble /usr/bin/cmake --build /workspace/safmc_uwb/ros/build/uwb_msgs -- -j12 -l12
[7.968s] DEBUG:colcon.colcon_core.event_handler.log_command:Invoked command in '/workspace/safmc_uwb/ros/build/uwb_msgs' returned '0': CMAKE_PREFIX_PATH=${CMAKE_PREFIX_PATH}:/workspace/safmc_uwb/ros/install/uwb:/opt/ros/humble /usr/bin/cmake --build /workspace/safmc_uwb/ros/build/uwb_msgs -- -j12 -l12
[7.986s] DEBUG:colcon.colcon_core.event_handler.log_command:Invoking command in '/workspace/safmc_uwb/ros/build/uwb_msgs': CMAKE_PREFIX_PATH=${CMAKE_PREFIX_PATH}:/workspace/safmc_uwb/ros/install/uwb:/opt/ros/humble /usr/bin/cmake --install /workspace/safmc_uwb/ros/build/uwb_msgs
[8.121s] Level 1:colcon.colcon_core.environment:create_environment_scripts_only(uwb_msgs)
[8.122s] DEBUG:colcon.colcon_core.event_handler.log_command:Invoked command in '/workspace/safmc_uwb/ros/build/uwb_msgs' returned '0': CMAKE_PREFIX_PATH=${CMAKE_PREFIX_PATH}:/workspace/safmc_uwb/ros/install/uwb:/opt/ros/humble /usr/bin/cmake --install /workspace/safmc_uwb/ros/build/uwb_msgs
[8.127s] Level 1:colcon.colcon_core.environment:checking '/workspace/safmc_uwb/ros/install/uwb_msgs' for CMake module files
[8.128s] Level 1:colcon.colcon_core.environment:checking '/workspace/safmc_uwb/ros/install/uwb_msgs' for CMake config files
[8.129s] Level 1:colcon.colcon_core.shell:create_environment_hook('uwb_msgs', 'cmake_prefix_path')
[8.129s] INFO:colcon.colcon_core.shell:Creating environment hook '/workspace/safmc_uwb/ros/install/uwb_msgs/share/uwb_msgs/hook/cmake_prefix_path.ps1'
[8.131s] INFO:colcon.colcon_core.shell:Creating environment descriptor '/workspace/safmc_uwb/ros/install/uwb_msgs/share/uwb_msgs/hook/cmake_prefix_path.dsv'
[8.131s] INFO:colcon.colcon_core.shell:Creating environment hook '/workspace/safmc_uwb/ros/install/uwb_msgs/share/uwb_msgs/hook/cmake_prefix_path.sh'
[8.133s] Level 1:colcon.colcon_core.environment:checking '/workspace/safmc_uwb/ros/install/uwb_msgs/lib'
[8.133s] Level 1:colcon.colcon_core.shell:create_environment_hook('uwb_msgs', 'ld_library_path_lib')
[8.134s] INFO:colcon.colcon_core.shell:Creating environment hook '/workspace/safmc_uwb/ros/install/uwb_msgs/share/uwb_msgs/hook/ld_library_path_lib.ps1'
[8.135s] INFO:colcon.colcon_core.shell:Creating environment descriptor '/workspace/safmc_uwb/ros/install/uwb_msgs/share/uwb_msgs/hook/ld_library_path_lib.dsv'
[8.136s] INFO:colcon.colcon_core.shell:Creating environment hook '/workspace/safmc_uwb/ros/install/uwb_msgs/share/uwb_msgs/hook/ld_library_path_lib.sh'
[8.136s] Level 1:colcon.colcon_core.environment:checking '/workspace/safmc_uwb/ros/install/uwb_msgs/bin'
[8.137s] Level 1:colcon.colcon_core.environment:checking '/workspace/safmc_uwb/ros/install/uwb_msgs/lib/pkgconfig/uwb_msgs.pc'
[8.137s] Level 1:colcon.colcon_core.environment:checking '/workspace/safmc_uwb/ros/install/uwb_msgs/lib/python3.10/site-packages'
[8.137s] Level 1:colcon.colcon_core.environment:checking '/workspace/safmc_uwb/ros/install/uwb_msgs/bin'
[8.138s] INFO:colcon.colcon_core.shell:Creating package script '/workspace/safmc_uwb/ros/install/uwb_msgs/share/uwb_msgs/package.ps1'
[8.139s] INFO:colcon.colcon_core.shell:Creating package descriptor '/workspace/safmc_uwb/ros/install/uwb_msgs/share/uwb_msgs/package.dsv'
[8.140s] INFO:colcon.colcon_core.shell:Creating package script '/workspace/safmc_uwb/ros/install/uwb_msgs/share/uwb_msgs/package.sh'
[8.141s] INFO:colcon.colcon_core.shell:Creating package script '/workspace/safmc_uwb/ros/install/uwb_msgs/share/uwb_msgs/package.bash'
[8.142s] INFO:colcon.colcon_core.shell:Creating package script '/workspace/safmc_uwb/ros/install/uwb_msgs/share/uwb_msgs/package.zsh'
[8.143s] Level 1:colcon.colcon_core.environment:create_file_with_runtime_dependencies(/workspace/safmc_uwb/ros/install/uwb_msgs/share/colcon-core/packages/uwb_msgs)
[8.144s] Level 1:colcon.colcon_core.environment:create_environment_scripts_only(uwb_msgs)
[8.144s] Level 1:colcon.colcon_core.environment:checking '/workspace/safmc_uwb/ros/install/uwb_msgs' for CMake module files
[8.145s] Level 1:colcon.colcon_core.environment:checking '/workspace/safmc_uwb/ros/install/uwb_msgs' for CMake config files
[8.146s] Level 1:colcon.colcon_core.shell:create_environment_hook('uwb_msgs', 'cmake_prefix_path')
[8.146s] INFO:colcon.colcon_core.shell:Creating environment hook '/workspace/safmc_uwb/ros/install/uwb_msgs/share/uwb_msgs/hook/cmake_prefix_path.ps1'
[8.147s] INFO:colcon.colcon_core.shell:Creating environment descriptor '/workspace/safmc_uwb/ros/install/uwb_msgs/share/uwb_msgs/hook/cmake_prefix_path.dsv'
[8.148s] INFO:colcon.colcon_core.shell:Creating environment hook '/workspace/safmc_uwb/ros/install/uwb_msgs/share/uwb_msgs/hook/cmake_prefix_path.sh'
[8.148s] Level 1:colcon.colcon_core.environment:checking '/workspace/safmc_uwb/ros/install/uwb_msgs/lib'
[8.149s] Level 1:colcon.colcon_core.shell:create_environment_hook('uwb_msgs', 'ld_library_path_lib')
[8.149s] INFO:colcon.colcon_core.shell:Creating environment hook '/workspace/safmc_uwb/ros/install/uwb_msgs/share/uwb_msgs/hook/ld_library_path_lib.ps1'
[8.150s] INFO:colcon.colcon_core.shell:Creating environment descriptor '/workspace/safmc_uwb/ros/install/uwb_msgs/share/uwb_msgs/hook/ld_library_path_lib.dsv'
[8.150s] INFO:colcon.colcon_core.shell:Creating environment hook '/workspace/safmc_uwb/ros/install/uwb_msgs/share/uwb_msgs/hook/ld_library_path_lib.sh'
[8.151s] Level 1:colcon.colcon_core.environment:checking '/workspace/safmc_uwb/ros/install/uwb_msgs/bin'
[8.151s] Level 1:colcon.colcon_core.environment:checking '/workspace/safmc_uwb/ros/install/uwb_msgs/lib/pkgconfig/uwb_msgs.pc'
[8.151s] Level 1:colcon.colcon_core.environment:checking '/workspace/safmc_uwb/ros/install/uwb_msgs/lib/python3.10/site-packages'
[8.152s] Level 1:colcon.colcon_core.environment:checking '/workspace/safmc_uwb/ros/install/uwb_msgs/bin'
[8.152s] INFO:colcon.colcon_core.shell:Creating package script '/workspace/safmc_uwb/ros/install/uwb_msgs/share/uwb_msgs/package.ps1'
[8.153s] INFO:colcon.colcon_core.shell:Creating package descriptor '/workspace/safmc_uwb/ros/install/uwb_msgs/share/uwb_msgs/package.dsv'
[8.154s] INFO:colcon.colcon_core.shell:Creating package script '/workspace/safmc_uwb/ros/install/uwb_msgs/share/uwb_msgs/package.sh'
[8.155s] INFO:colcon.colcon_core.shell:Creating package script '/workspace/safmc_uwb/ros/install/uwb_msgs/share/uwb_msgs/package.bash'
[8.156s] INFO:colcon.colcon_core.shell:Creating package script '/workspace/safmc_uwb/ros/install/uwb_msgs/share/uwb_msgs/package.zsh'
[8.157s] Level 1:colcon.colcon_core.environment:create_file_with_runtime_dependencies(/workspace/safmc_uwb/ros/install/uwb_msgs/share/colcon-core/packages/uwb_msgs)
[8.158s] INFO:colcon.colcon_ros.task.ament_python.build:Building ROS package in '/workspace/safmc_uwb/ros/src/uwb' with build type 'ament_python'
[8.158s] Level 1:colcon.colcon_core.shell:create_environment_hook('uwb', 'ament_prefix_path')
[8.159s] INFO:colcon.colcon_core.shell:Creating environment hook '/workspace/safmc_uwb/ros/install/uwb/share/uwb/hook/ament_prefix_path.ps1'
[8.161s] INFO:colcon.colcon_core.shell:Creating environment descriptor '/workspace/safmc_uwb/ros/install/uwb/share/uwb/hook/ament_prefix_path.dsv'
[8.161s] INFO:colcon.colcon_core.shell:Creating environment hook '/workspace/safmc_uwb/ros/install/uwb/share/uwb/hook/ament_prefix_path.sh'
[8.162s] INFO:colcon.colcon_core.shell:Skip shell extension 'powershell' for command environment: Not usable outside of PowerShell
[8.162s] DEBUG:colcon.colcon_core.shell:Skip shell extension 'dsv' for command environment
[8.613s] INFO:colcon.colcon_core.task.python.build:Building Python package in '/workspace/safmc_uwb/ros/src/uwb'
[8.614s] INFO:colcon.colcon_core.shell:Skip shell extension 'powershell' for command environment: Not usable outside of PowerShell
[8.614s] DEBUG:colcon.colcon_core.shell:Skip shell extension 'dsv' for command environment
[9.224s] DEBUG:colcon.colcon_core.event_handler.log_command:Invoking command in '/workspace/safmc_uwb/ros/src/uwb': PYTHONPATH=/workspace/safmc_uwb/ros/build/uwb/prefix_override:/usr/lib/python3/dist-packages/colcon_core/task/python/colcon_distutils_commands:/workspace/safmc_uwb/ros/install/uwb/lib/python3.10/site-packages:${PYTHONPATH} /usr/bin/python3 -W ignore:setup.py install is deprecated -W ignore:easy_install command is deprecated setup.py egg_info --egg-base ../../build/uwb build --build-base /workspace/safmc_uwb/ros/build/uwb/build install --record /workspace/safmc_uwb/ros/build/uwb/install.log --single-version-externally-managed install_data
[9.696s] Level 1:colcon.colcon_core.environment:checking '/workspace/safmc_uwb/ros/install/uwb' for CMake module files
[9.697s] DEBUG:colcon.colcon_core.event_handler.log_command:Invoked command in '/workspace/safmc_uwb/ros/src/uwb' returned '0': PYTHONPATH=/workspace/safmc_uwb/ros/build/uwb/prefix_override:/usr/lib/python3/dist-packages/colcon_core/task/python/colcon_distutils_commands:/workspace/safmc_uwb/ros/install/uwb/lib/python3.10/site-packages:${PYTHONPATH} /usr/bin/python3 -W ignore:setup.py install is deprecated -W ignore:easy_install command is deprecated setup.py egg_info --egg-base ../../build/uwb build --build-base /workspace/safmc_uwb/ros/build/uwb/build install --record /workspace/safmc_uwb/ros/build/uwb/install.log --single-version-externally-managed install_data
[9.698s] Level 1:colcon.colcon_core.environment:checking '/workspace/safmc_uwb/ros/install/uwb' for CMake config files
[9.699s] Level 1:colcon.colcon_core.environment:checking '/workspace/safmc_uwb/ros/install/uwb/lib'
[9.699s] Level 1:colcon.colcon_core.environment:checking '/workspace/safmc_uwb/ros/install/uwb/bin'
[9.700s] Level 1:colcon.colcon_core.environment:checking '/workspace/safmc_uwb/ros/install/uwb/lib/pkgconfig/uwb.pc'
[9.700s] Level 1:colcon.colcon_core.environment:checking '/workspace/safmc_uwb/ros/install/uwb/lib/python3.10/site-packages'
[9.700s] Level 1:colcon.colcon_core.shell:create_environment_hook('uwb', 'pythonpath')
[9.701s] INFO:colcon.colcon_core.shell:Creating environment hook '/workspace/safmc_uwb/ros/install/uwb/share/uwb/hook/pythonpath.ps1'
[9.701s] INFO:colcon.colcon_core.shell:Creating environment descriptor '/workspace/safmc_uwb/ros/install/uwb/share/uwb/hook/pythonpath.dsv'
[9.702s] INFO:colcon.colcon_core.shell:Creating environment hook '/workspace/safmc_uwb/ros/install/uwb/share/uwb/hook/pythonpath.sh'
[9.703s] Level 1:colcon.colcon_core.environment:checking '/workspace/safmc_uwb/ros/install/uwb/bin'
[9.703s] Level 1:colcon.colcon_core.environment:create_environment_scripts_only(uwb)
[9.703s] INFO:colcon.colcon_core.shell:Creating package script '/workspace/safmc_uwb/ros/install/uwb/share/uwb/package.ps1'
[9.704s] INFO:colcon.colcon_core.shell:Creating package descriptor '/workspace/safmc_uwb/ros/install/uwb/share/uwb/package.dsv'
[9.705s] INFO:colcon.colcon_core.shell:Creating package script '/workspace/safmc_uwb/ros/install/uwb/share/uwb/package.sh'
[9.706s] INFO:colcon.colcon_core.shell:Creating package script '/workspace/safmc_uwb/ros/install/uwb/share/uwb/package.bash'
[9.706s] INFO:colcon.colcon_core.shell:Creating package script '/workspace/safmc_uwb/ros/install/uwb/share/uwb/package.zsh'
[9.707s] Level 1:colcon.colcon_core.environment:create_file_with_runtime_dependencies(/workspace/safmc_uwb/ros/install/uwb/share/colcon-core/packages/uwb)
[9.708s] DEBUG:colcon.colcon_parallel_executor.executor.parallel:closing loop
[9.709s] DEBUG:colcon.colcon_parallel_executor.executor.parallel:loop closed
[9.709s] DEBUG:colcon.colcon_parallel_executor.executor.parallel:run_until_complete finished with '0'
[9.709s] DEBUG:colcon.colcon_core.event_reactor:joining thread
[9.717s] INFO:colcon.colcon_core.plugin_system:Skipping extension 'colcon_notification.desktop_notification.notify_send': Could not find 'notify-send'
[9.717s] INFO:colcon.colcon_core.plugin_system:Skipping extension 'colcon_notification.desktop_notification.terminal_notifier': Not used on non-Darwin systems
[9.717s] INFO:colcon.colcon_core.plugin_system:Skipping extension 'colcon_notification.desktop_notification.win32': Not used on non-Windows systems
[9.717s] INFO:colcon.colcon_notification.desktop_notification:Sending desktop notification using 'notify2'
[9.721s] DEBUG:colcon.colcon_notification.desktop_notification.notify2:Failed to initialize notify2: org.freedesktop.DBus.Error.Spawn.ExecFailed: /usr/bin/dbus-launch terminated abnormally without any error message
[9.721s] DEBUG:colcon.colcon_core.event_reactor:joined thread
[9.723s] INFO:colcon.colcon_core.shell:Creating prefix script '/workspace/safmc_uwb/ros/install/local_setup.ps1'
[9.725s] INFO:colcon.colcon_core.shell:Creating prefix util module '/workspace/safmc_uwb/ros/install/_local_setup_util_ps1.py'
[9.727s] INFO:colcon.colcon_core.shell:Creating prefix chain script '/workspace/safmc_uwb/ros/install/setup.ps1'
[9.729s] INFO:colcon.colcon_core.shell:Creating prefix script '/workspace/safmc_uwb/ros/install/local_setup.sh'
[9.730s] INFO:colcon.colcon_core.shell:Creating prefix util module '/workspace/safmc_uwb/ros/install/_local_setup_util_sh.py'
[9.731s] INFO:colcon.colcon_core.shell:Creating prefix chain script '/workspace/safmc_uwb/ros/install/setup.sh'
[9.733s] INFO:colcon.colcon_core.shell:Creating prefix script '/workspace/safmc_uwb/ros/install/local_setup.bash'
[9.734s] INFO:colcon.colcon_core.shell:Creating prefix chain script '/workspace/safmc_uwb/ros/install/setup.bash'
[9.736s] INFO:colcon.colcon_core.shell:Creating prefix script '/workspace/safmc_uwb/ros/install/local_setup.zsh'
[9.736s] INFO:colcon.colcon_core.shell:Creating prefix chain script '/workspace/safmc_uwb/ros/install/setup.zsh'
