[0.000000] (-) TimerEvent: {}
[0.000340] (uwb) JobQueued: {'identifier': 'uwb', 'dependencies': OrderedDict()}
[0.000421] (uwb_msgs) JobQueued: {'identifier': 'uwb_msgs', 'dependencies': OrderedDict()}
[0.000454] (uwb) JobStarted: {'identifier': 'uwb'}
[0.004441] (uwb_msgs) JobStarted: {'identifier': 'uwb_msgs'}
[0.099849] (-) TimerEvent: {}
[0.138953] (uwb_msgs) JobProgress: {'identifier': 'uwb_msgs', 'progress': 'cmake'}
[0.139309] (uwb_msgs) Command: {'cmd': ['/usr/bin/cmake', '/workspace/safmc_uwb/ros/src/uwb_msgs', '-DCMAKE_INSTALL_PREFIX=/workspace/safmc_uwb/ros/install/uwb_msgs'], 'cwd': '/workspace/safmc_uwb/ros/build/uwb_msgs', 'env': OrderedDict([('HOSTNAME', 'a26e13bd7583'), ('GIT_ASKPASS', '/vscode/vscode-server/bin/linux-x64/fabdb6a30b49f79a7aba0f2ad9df9b399473380f/extensions/git/dist/askpass.sh'), ('SHLVL', '2'), ('LD_LIBRARY_PATH', '/opt/ros/humble/opt/rviz_ogre_vendor/lib:/opt/ros/humble/lib/x86_64-linux-gnu:/opt/ros/humble/lib'), ('BROWSER', '/vscode/vscode-server/bin/linux-x64/fabdb6a30b49f79a7aba0f2ad9df9b399473380f/bin/helpers/browser.sh'), ('HOME', '/home/user'), ('OLDPWD', '/workspace/safmc_uwb/ros/src'), ('TERM_PROGRAM_VERSION', '1.96.2'), ('VSCODE_IPC_HOOK_CLI', '/tmp/vscode-ipc-87935dc3-2200-4820-b3bd-e115c7be4d03.sock'), ('DEBUGPY_ADAPTER_ENDPOINTS', '/tmp/noConfigDebugAdapterEndpoints-2765dd6f6483dc79d6d1/debuggerAdapterEndpoint.txt'), ('ROS_PYTHON_VERSION', '3'), ('VSCODE_GIT_ASKPASS_MAIN', '/vscode/vscode-server/bin/linux-x64/fabdb6a30b49f79a7aba0f2ad9df9b399473380f/extensions/git/dist/askpass-main.js'), ('VSCODE_GIT_ASKPASS_NODE', '/vscode/vscode-server/bin/linux-x64/fabdb6a30b49f79a7aba0f2ad9df9b399473380f/node'), ('PYDEVD_DISABLE_FILE_VALIDATION', '1'), ('BUNDLED_DEBUGPY_PATH', '/home/user/.vscode-server/extensions/ms-python.debugpy-2025.0.0-linux-x64/bundled/libs/debugpy'), ('COLORTERM', 'truecolor'), ('REMOTE_CONTAINERS', 'true'), ('ROS_DISTRO', 'humble'), ('REMOTE_CONTAINERS_IPC', '/tmp/vscode-remote-containers-ipc-cb06e396-3ad0-40ec-80dd-5625de81e1e7.sock'), ('_', '/usr/bin/colcon'), ('ROS_VERSION', '2'), ('NVIDIA_DRIVER_CAPABILITIES', 'all'), ('TERM', 'xterm-256color'), ('ROS_LOCALHOST_ONLY', '0'), ('PATH', '/vscode/vscode-server/bin/linux-x64/fabdb6a30b49f79a7aba0f2ad9df9b399473380f/bin/remote-cli:/opt/gcc-arm-none-eabi-9-2020-q2-update/bin:/home/user/.local/bin:/opt/ros/humble/bin:/usr/local/sbin:/usr/local/bin:/usr/sbin:/usr/bin:/sbin:/bin:/home/user/.vscode-server/extensions/ms-python.debugpy-2025.0.0-linux-x64/bundled/scripts/noConfigScripts'), ('REMOTE_CONTAINERS_SOCKETS', '["/tmp/vscode-ssh-auth-cb06e396-3ad0-40ec-80dd-5625de81e1e7.sock","/home/user/.gnupg/S.gpg-agent"]'), ('DISPLAY', ':1'), ('LANG', 'en_US.UTF-8'), ('VSCODE_GIT_IPC_HANDLE', '/tmp/vscode-git-aba0144230.sock'), ('TERM_PROGRAM', 'vscode'), ('SSH_AUTH_SOCK', '/tmp/vscode-ssh-auth-cb06e396-3ad0-40ec-80dd-5625de81e1e7.sock'), ('AMENT_PREFIX_PATH', '/opt/ros/humble'), ('DEBIAN_FRONTEND', 'noninteractive'), ('SHELL', '/bin/bash'), ('VSCODE_GIT_ASKPASS_EXTRA_ARGS', ''), ('PWD', '/workspace/safmc_uwb/ros/build/uwb_msgs'), ('PYTHONPATH', '/opt/ros/humble/lib/python3.10/site-packages:/opt/ros/humble/local/lib/python3.10/dist-packages'), ('COLCON', '1'), ('CMAKE_PREFIX_PATH', '/opt/ros/humble')]), 'shell': False}
[0.148393] (uwb_msgs) StdoutLine: {'line': b'-- Found ament_cmake: 1.3.11 (/opt/ros/humble/share/ament_cmake/cmake)\n'}
[0.199921] (-) TimerEvent: {}
[0.226293] (uwb_msgs) StdoutLine: {'line': b'-- Found rosidl_default_generators: 1.2.0 (/opt/ros/humble/share/rosidl_default_generators/cmake)\n'}
[0.227126] (uwb_msgs) StdoutLine: {'line': b'-- Using all available rosidl_typesupport_c: rosidl_typesupport_fastrtps_c;rosidl_typesupport_introspection_c\n'}
[0.228633] (uwb_msgs) StdoutLine: {'line': b'-- Found rosidl_adapter: 3.1.6 (/opt/ros/humble/share/rosidl_adapter/cmake)\n'}
[0.245908] (uwb_msgs) StdoutLine: {'line': b'-- Using all available rosidl_typesupport_cpp: rosidl_typesupport_fastrtps_cpp;rosidl_typesupport_introspection_cpp\n'}
[0.259556] (uwb_msgs) StdoutLine: {'line': b'-- Found geometry_msgs: 4.2.4 (/opt/ros/humble/share/geometry_msgs/cmake)\n'}
[0.300058] (-) TimerEvent: {}
[0.327221] (uwb) Command: {'cmd': ['/usr/bin/python3', '-W', 'ignore:setup.py install is deprecated', '-W', 'ignore:easy_install command is deprecated', 'setup.py', 'egg_info', '--egg-base', '../../build/uwb', 'build', '--build-base', '/workspace/safmc_uwb/ros/build/uwb/build', 'install', '--record', '/workspace/safmc_uwb/ros/build/uwb/install.log', '--single-version-externally-managed', 'install_data'], 'cwd': '/workspace/safmc_uwb/ros/src/uwb', 'env': {'HOSTNAME': 'a26e13bd7583', 'GIT_ASKPASS': '/vscode/vscode-server/bin/linux-x64/fabdb6a30b49f79a7aba0f2ad9df9b399473380f/extensions/git/dist/askpass.sh', 'SHLVL': '2', 'LD_LIBRARY_PATH': '/opt/ros/humble/opt/rviz_ogre_vendor/lib:/opt/ros/humble/lib/x86_64-linux-gnu:/opt/ros/humble/lib', 'BROWSER': '/vscode/vscode-server/bin/linux-x64/fabdb6a30b49f79a7aba0f2ad9df9b399473380f/bin/helpers/browser.sh', 'HOME': '/home/user', 'OLDPWD': '/workspace/safmc_uwb/ros/src', 'TERM_PROGRAM_VERSION': '1.96.2', 'VSCODE_IPC_HOOK_CLI': '/tmp/vscode-ipc-87935dc3-2200-4820-b3bd-e115c7be4d03.sock', 'DEBUGPY_ADAPTER_ENDPOINTS': '/tmp/noConfigDebugAdapterEndpoints-2765dd6f6483dc79d6d1/debuggerAdapterEndpoint.txt', 'ROS_PYTHON_VERSION': '3', 'VSCODE_GIT_ASKPASS_MAIN': '/vscode/vscode-server/bin/linux-x64/fabdb6a30b49f79a7aba0f2ad9df9b399473380f/extensions/git/dist/askpass-main.js', 'VSCODE_GIT_ASKPASS_NODE': '/vscode/vscode-server/bin/linux-x64/fabdb6a30b49f79a7aba0f2ad9df9b399473380f/node', 'PYDEVD_DISABLE_FILE_VALIDATION': '1', 'BUNDLED_DEBUGPY_PATH': '/home/user/.vscode-server/extensions/ms-python.debugpy-2025.0.0-linux-x64/bundled/libs/debugpy', 'COLORTERM': 'truecolor', 'REMOTE_CONTAINERS': 'true', 'ROS_DISTRO': 'humble', 'REMOTE_CONTAINERS_IPC': '/tmp/vscode-remote-containers-ipc-cb06e396-3ad0-40ec-80dd-5625de81e1e7.sock', '_': '/usr/bin/colcon', 'ROS_VERSION': '2', 'NVIDIA_DRIVER_CAPABILITIES': 'all', 'TERM': 'xterm-256color', 'ROS_LOCALHOST_ONLY': '0', 'PATH': '/vscode/vscode-server/bin/linux-x64/fabdb6a30b49f79a7aba0f2ad9df9b399473380f/bin/remote-cli:/opt/gcc-arm-none-eabi-9-2020-q2-update/bin:/home/user/.local/bin:/opt/ros/humble/bin:/usr/local/sbin:/usr/local/bin:/usr/sbin:/usr/bin:/sbin:/bin:/home/user/.vscode-server/extensions/ms-python.debugpy-2025.0.0-linux-x64/bundled/scripts/noConfigScripts', 'REMOTE_CONTAINERS_SOCKETS': '["/tmp/vscode-ssh-auth-cb06e396-3ad0-40ec-80dd-5625de81e1e7.sock","/home/user/.gnupg/S.gpg-agent"]', 'DISPLAY': ':1', 'LANG': 'en_US.UTF-8', 'VSCODE_GIT_IPC_HANDLE': '/tmp/vscode-git-aba0144230.sock', 'TERM_PROGRAM': 'vscode', 'SSH_AUTH_SOCK': '/tmp/vscode-ssh-auth-cb06e396-3ad0-40ec-80dd-5625de81e1e7.sock', 'AMENT_PREFIX_PATH': '/opt/ros/humble', 'DEBIAN_FRONTEND': 'noninteractive', 'SHELL': '/bin/bash', 'VSCODE_GIT_ASKPASS_EXTRA_ARGS': '', 'PWD': '/workspace/safmc_uwb/ros/build/uwb', 'PYTHONPATH': '/workspace/safmc_uwb/ros/build/uwb/prefix_override:/usr/lib/python3/dist-packages/colcon_core/task/python/colcon_distutils_commands:/workspace/safmc_uwb/ros/install/uwb/lib/python3.10/site-packages:/opt/ros/humble/lib/python3.10/site-packages:/opt/ros/humble/local/lib/python3.10/dist-packages', 'COLCON': '1'}, 'shell': False}
[0.389981] (uwb_msgs) StderrLine: {'line': b'\x1b[31mCMake Error at /opt/ros/humble/share/rosidl_cmake/cmake/rosidl_generate_interfaces.cmake:229 (message):\n'}
[0.390190] (uwb_msgs) StderrLine: {'line': b'  Packages installing interfaces must include\n'}
[0.390263] (uwb_msgs) StderrLine: {'line': b"  '<member_of_group>rosidl_interface_packages</member_of_group>' in their\n"}
[0.390326] (uwb_msgs) StderrLine: {'line': b'  package.xml\n'}
[0.390384] (uwb_msgs) StderrLine: {'line': b'Call Stack (most recent call first):\n'}
[0.390442] (uwb_msgs) StderrLine: {'line': b'  CMakeLists.txt:17 (rosidl_generate_interfaces)\n'}
[0.390498] (uwb_msgs) StderrLine: {'line': b'\n'}
[0.390554] (uwb_msgs) StderrLine: {'line': b'\x1b[0m\n'}
[0.390609] (uwb_msgs) StdoutLine: {'line': b'-- Configuring incomplete, errors occurred!\n'}
[0.390672] (uwb_msgs) StdoutLine: {'line': b'See also "/workspace/safmc_uwb/ros/build/uwb_msgs/CMakeFiles/CMakeOutput.log".\n'}
[0.393358] (uwb_msgs) CommandEnded: {'returncode': 1}
[0.400126] (-) TimerEvent: {}
[0.407847] (uwb_msgs) JobEnded: {'identifier': 'uwb_msgs', 'rc': 1}
[0.447913] (uwb) StdoutLine: {'line': b'running egg_info\n'}
[0.448329] (uwb) StdoutLine: {'line': b'writing ../../build/uwb/uwb.egg-info/PKG-INFO\n'}
[0.448446] (uwb) StdoutLine: {'line': b'writing dependency_links to ../../build/uwb/uwb.egg-info/dependency_links.txt\n'}
[0.448495] (uwb) StdoutLine: {'line': b'writing entry points to ../../build/uwb/uwb.egg-info/entry_points.txt\n'}
[0.448537] (uwb) StdoutLine: {'line': b'writing requirements to ../../build/uwb/uwb.egg-info/requires.txt\n'}
[0.448587] (uwb) StdoutLine: {'line': b'writing top-level names to ../../build/uwb/uwb.egg-info/top_level.txt\n'}
[0.449453] (uwb) StdoutLine: {'line': b"reading manifest file '../../build/uwb/uwb.egg-info/SOURCES.txt'\n"}
[0.449867] (uwb) StdoutLine: {'line': b"writing manifest file '../../build/uwb/uwb.egg-info/SOURCES.txt'\n"}
[0.449930] (uwb) StdoutLine: {'line': b'running build\n'}
[0.449956] (uwb) StdoutLine: {'line': b'running build_py\n'}
[0.450094] (uwb) StdoutLine: {'line': b'running install\n'}
[0.450260] (uwb) StdoutLine: {'line': b'running install_lib\n'}
[0.450856] (uwb) StdoutLine: {'line': b'running install_data\n'}
[0.450911] (uwb) StdoutLine: {'line': b'running install_egg_info\n'}
[0.451963] (uwb) StdoutLine: {'line': b"removing '/workspace/safmc_uwb/ros/install/uwb/lib/python3.10/site-packages/uwb-0.0.0-py3.10.egg-info' (and everything under it)\n"}
[0.452095] (uwb) StdoutLine: {'line': b'Copying ../../build/uwb/uwb.egg-info to /workspace/safmc_uwb/ros/install/uwb/lib/python3.10/site-packages/uwb-0.0.0-py3.10.egg-info\n'}
[0.452428] (uwb) StdoutLine: {'line': b'running install_scripts\n'}
[0.464859] (uwb) StdoutLine: {'line': b"writing list of installed files to '/workspace/safmc_uwb/ros/build/uwb/install.log'\n"}
[0.478302] (uwb) JobEnded: {'identifier': 'uwb', 'rc': 'SIGINT'}
[0.488732] (-) EventReactorShutdown: {}
