[0.335s] Invoking command in '/workspace/safmc_uwb/ros/src/uwb': PYTHONPATH=/workspace/safmc_uwb/ros/build/uwb/prefix_override:/usr/lib/python3/dist-packages/colcon_core/task/python/colcon_distutils_commands:/workspace/safmc_uwb/ros/install/uwb/lib/python3.10/site-packages:${PYTHONPATH} /usr/bin/python3 -W ignore:setup.py install is deprecated -W ignore:easy_install command is deprecated setup.py egg_info --egg-base ../../build/uwb build --build-base /workspace/safmc_uwb/ros/build/uwb/build install --record /workspace/safmc_uwb/ros/build/uwb/install.log --single-version-externally-managed install_data
[0.459s] running egg_info
[0.459s] writing ../../build/uwb/uwb.egg-info/PKG-INFO
[0.459s] writing dependency_links to ../../build/uwb/uwb.egg-info/dependency_links.txt
[0.459s] writing entry points to ../../build/uwb/uwb.egg-info/entry_points.txt
[0.459s] writing requirements to ../../build/uwb/uwb.egg-info/requires.txt
[0.460s] writing top-level names to ../../build/uwb/uwb.egg-info/top_level.txt
[0.460s] reading manifest file '../../build/uwb/uwb.egg-info/SOURCES.txt'
[0.461s] writing manifest file '../../build/uwb/uwb.egg-info/SOURCES.txt'
[0.461s] running build
[0.461s] running build_py
[0.461s] copying uwb/range_publisher.py -> /workspace/safmc_uwb/ros/build/uwb/build/lib/uwb
[0.461s] running install
[0.461s] running install_lib
[0.462s] copying /workspace/safmc_uwb/ros/build/uwb/build/lib/uwb/range_publisher.py -> /workspace/safmc_uwb/ros/install/uwb/lib/python3.10/site-packages/uwb
[0.462s] byte-compiling /workspace/safmc_uwb/ros/install/uwb/lib/python3.10/site-packages/uwb/range_publisher.py to range_publisher.cpython-310.pyc
[0.462s] running install_data
[0.462s] running install_egg_info
[0.464s] removing '/workspace/safmc_uwb/ros/install/uwb/lib/python3.10/site-packages/uwb-0.0.0-py3.10.egg-info' (and everything under it)
[0.464s] Copying ../../build/uwb/uwb.egg-info to /workspace/safmc_uwb/ros/install/uwb/lib/python3.10/site-packages/uwb-0.0.0-py3.10.egg-info
[0.464s] running install_scripts
[0.476s] Installing range_publisher script to /workspace/safmc_uwb/ros/install/uwb/lib/uwb
[0.476s] writing list of installed files to '/workspace/safmc_uwb/ros/build/uwb/install.log'
[0.490s] Invoked command in '/workspace/safmc_uwb/ros/src/uwb' returned '0': PYTHONPATH=/workspace/safmc_uwb/ros/build/uwb/prefix_override:/usr/lib/python3/dist-packages/colcon_core/task/python/colcon_distutils_commands:/workspace/safmc_uwb/ros/install/uwb/lib/python3.10/site-packages:${PYTHONPATH} /usr/bin/python3 -W ignore:setup.py install is deprecated -W ignore:easy_install command is deprecated setup.py egg_info --egg-base ../../build/uwb build --build-base /workspace/safmc_uwb/ros/build/uwb/build install --record /workspace/safmc_uwb/ros/build/uwb/install.log --single-version-externally-managed install_data
