[0.000000] (-) TimerEvent: {}
[0.000422] (uwb_msgs) JobQueued: {'identifier': 'uwb_msgs', 'dependencies': OrderedDict()}
[0.000459] (uwb) JobQueued: {'identifier': 'uwb', 'dependencies': OrderedDict([('uwb_msgs', '/workspace/safmc_uwb/ros/install/uwb_msgs')])}
[0.000511] (uwb_msgs) JobStarted: {'identifier': 'uwb_msgs'}
[0.004683] (uwb_msgs) JobProgress: {'identifier': 'uwb_msgs', 'progress': 'cmake'}
[0.004818] (uwb_msgs) JobProgress: {'identifier': 'uwb_msgs', 'progress': 'build'}
[0.005209] (uwb_msgs) Command: {'cmd': ['/usr/bin/cmake', '--build', '/workspace/safmc_uwb/ros/build/uwb_msgs', '--', '-j20', '-l20'], 'cwd': '/workspace/safmc_uwb/ros/build/uwb_msgs', 'env': OrderedDict([('SUDO_GID', '1000'), ('MAIL', '/var/mail/root'), ('USER', 'root'), ('HOSTNAME', 'huixin'), ('SHLVL', '1'), ('LD_LIBRARY_PATH', '/workspace/safmc_uwb/ros/install/uwb_msgs/lib:/opt/ros/humble/opt/rviz_ogre_vendor/lib:/opt/ros/humble/lib/x86_64-linux-gnu:/opt/ros/humble/lib'), ('HOME', '/root'), ('ROS_PYTHON_VERSION', '3'), ('COLORTERM', 'truecolor'), ('COLCON_PREFIX_PATH', '/workspace/safmc_uwb/ros/install'), ('SUDO_UID', '1000'), ('ROS_DISTRO', 'humble'), ('LOGNAME', 'root'), ('_', '/usr/bin/colcon'), ('ROS_VERSION', '2'), ('TERM', 'xterm-256color'), ('ROS_LOCALHOST_ONLY', '0'), ('PATH', '/opt/ros/humble/bin:/usr/local/sbin:/usr/local/bin:/usr/sbin:/usr/bin:/sbin:/bin'), ('DISPLAY', ':0'), ('LANG', 'en_US.UTF-8'), ('SUDO_COMMAND', '/usr/bin/su'), ('AMENT_PREFIX_PATH', '/workspace/safmc_uwb/ros/install/uwb:/workspace/safmc_uwb/ros/install/uwb_msgs:/opt/ros/humble'), ('DEBIAN_FRONTEND', 'noninteractive'), ('SHELL', '/bin/bash'), ('SUDO_USER', 'user'), ('PWD', '/workspace/safmc_uwb/ros/build/uwb_msgs'), ('LC_ALL', 'en_US.UTF-8'), ('PYTHONPATH', '/workspace/safmc_uwb/ros/install/uwb/lib/python3.10/site-packages:/workspace/safmc_uwb/ros/install/uwb_msgs/local/lib/python3.10/dist-packages:/opt/ros/humble/lib/python3.10/site-packages:/opt/ros/humble/local/lib/python3.10/dist-packages'), ('COLCON', '1'), ('CMAKE_PREFIX_PATH', '/workspace/safmc_uwb/ros/install/uwb_msgs:/workspace/safmc_uwb/ros/install/uwb:/opt/ros/humble')]), 'shell': False}
[0.044047] (uwb_msgs) StdoutLine: {'line': b'[  2%] Built target uwb_msgs__cpp\n'}
[0.046865] (uwb_msgs) StdoutLine: {'line': b'[ 12%] Built target uwb_msgs__rosidl_generator_c\n'}
[0.051829] (uwb_msgs) StdoutLine: {'line': b'[ 12%] Built target ament_cmake_python_symlink_uwb_msgs\n'}
[0.060593] (uwb_msgs) StdoutLine: {'line': b'[ 23%] Built target uwb_msgs__rosidl_typesupport_introspection_cpp\n'}
[0.060789] (uwb_msgs) StdoutLine: {'line': b'[ 34%] Built target uwb_msgs__rosidl_typesupport_cpp\n'}
[0.061166] (uwb_msgs) StdoutLine: {'line': b'[ 44%] Built target uwb_msgs__rosidl_typesupport_fastrtps_cpp\n'}
[0.061431] (uwb_msgs) StdoutLine: {'line': b'[ 65%] Built target uwb_msgs__rosidl_typesupport_c\n'}
[0.061505] (uwb_msgs) StdoutLine: {'line': b'[ 65%] Built target uwb_msgs__rosidl_typesupport_introspection_c\n'}
[0.063667] (uwb_msgs) StdoutLine: {'line': b'[ 76%] Built target uwb_msgs__rosidl_typesupport_fastrtps_c\n'}
[0.076326] (uwb_msgs) StdoutLine: {'line': b'[ 76%] Built target uwb_msgs\n'}
[0.090398] (uwb_msgs) StdoutLine: {'line': b'[ 78%] Built target uwb_msgs__py\n'}
[0.100041] (-) TimerEvent: {}
[0.107002] (uwb_msgs) StdoutLine: {'line': b'[ 87%] Built target uwb_msgs__rosidl_generator_py\n'}
[0.125063] (uwb_msgs) StdoutLine: {'line': b'[ 91%] Built target uwb_msgs__rosidl_typesupport_fastrtps_c__pyext\n'}
[0.125286] (uwb_msgs) StdoutLine: {'line': b'[100%] Built target uwb_msgs__rosidl_typesupport_introspection_c__pyext\n'}
[0.125361] (uwb_msgs) StdoutLine: {'line': b'[100%] Built target uwb_msgs__rosidl_typesupport_c__pyext\n'}
[0.179812] (uwb_msgs) StdoutLine: {'line': b'running egg_info\n'}
[0.180091] (uwb_msgs) StdoutLine: {'line': b'writing uwb_msgs.egg-info/PKG-INFO\n'}
[0.180298] (uwb_msgs) StdoutLine: {'line': b'writing dependency_links to uwb_msgs.egg-info/dependency_links.txt\n'}
[0.180456] (uwb_msgs) StdoutLine: {'line': b'writing top-level names to uwb_msgs.egg-info/top_level.txt\n'}
[0.181478] (uwb_msgs) StdoutLine: {'line': b"reading manifest file 'uwb_msgs.egg-info/SOURCES.txt'\n"}
[0.181736] (uwb_msgs) StdoutLine: {'line': b"writing manifest file 'uwb_msgs.egg-info/SOURCES.txt'\n"}
[0.197188] (uwb_msgs) StdoutLine: {'line': b'[100%] Built target ament_cmake_python_build_uwb_msgs_egg\n'}
[0.200256] (-) TimerEvent: {}
[0.206617] (uwb_msgs) CommandEnded: {'returncode': 0}
[0.206863] (uwb_msgs) JobProgress: {'identifier': 'uwb_msgs', 'progress': 'install'}
[0.212227] (uwb_msgs) Command: {'cmd': ['/usr/bin/cmake', '--install', '/workspace/safmc_uwb/ros/build/uwb_msgs'], 'cwd': '/workspace/safmc_uwb/ros/build/uwb_msgs', 'env': OrderedDict([('SUDO_GID', '1000'), ('MAIL', '/var/mail/root'), ('USER', 'root'), ('HOSTNAME', 'huixin'), ('SHLVL', '1'), ('LD_LIBRARY_PATH', '/workspace/safmc_uwb/ros/install/uwb_msgs/lib:/opt/ros/humble/opt/rviz_ogre_vendor/lib:/opt/ros/humble/lib/x86_64-linux-gnu:/opt/ros/humble/lib'), ('HOME', '/root'), ('ROS_PYTHON_VERSION', '3'), ('COLORTERM', 'truecolor'), ('COLCON_PREFIX_PATH', '/workspace/safmc_uwb/ros/install'), ('SUDO_UID', '1000'), ('ROS_DISTRO', 'humble'), ('LOGNAME', 'root'), ('_', '/usr/bin/colcon'), ('ROS_VERSION', '2'), ('TERM', 'xterm-256color'), ('ROS_LOCALHOST_ONLY', '0'), ('PATH', '/opt/ros/humble/bin:/usr/local/sbin:/usr/local/bin:/usr/sbin:/usr/bin:/sbin:/bin'), ('DISPLAY', ':0'), ('LANG', 'en_US.UTF-8'), ('SUDO_COMMAND', '/usr/bin/su'), ('AMENT_PREFIX_PATH', '/workspace/safmc_uwb/ros/install/uwb:/workspace/safmc_uwb/ros/install/uwb_msgs:/opt/ros/humble'), ('DEBIAN_FRONTEND', 'noninteractive'), ('SHELL', '/bin/bash'), ('SUDO_USER', 'user'), ('PWD', '/workspace/safmc_uwb/ros/build/uwb_msgs'), ('LC_ALL', 'en_US.UTF-8'), ('PYTHONPATH', '/workspace/safmc_uwb/ros/install/uwb/lib/python3.10/site-packages:/workspace/safmc_uwb/ros/install/uwb_msgs/local/lib/python3.10/dist-packages:/opt/ros/humble/lib/python3.10/site-packages:/opt/ros/humble/local/lib/python3.10/dist-packages'), ('COLCON', '1'), ('CMAKE_PREFIX_PATH', '/workspace/safmc_uwb/ros/install/uwb_msgs:/workspace/safmc_uwb/ros/install/uwb:/opt/ros/humble')]), 'shell': False}
[0.217430] (uwb_msgs) StdoutLine: {'line': b'-- Install configuration: ""\n'}
[0.217808] (uwb_msgs) StdoutLine: {'line': b'-- Execute custom install script\n'}
[0.217952] (uwb_msgs) StdoutLine: {'line': b'-- Up-to-date symlink: /workspace/safmc_uwb/ros/install/uwb_msgs/share/ament_index/resource_index/rosidl_interfaces/uwb_msgs\n'}
[0.218304] (uwb_msgs) StdoutLine: {'line': b'-- Up-to-date symlink: /workspace/safmc_uwb/ros/install/uwb_msgs/include/uwb_msgs/uwb_msgs/msg/detail/pose__functions.h\n'}
[0.218393] (uwb_msgs) StdoutLine: {'line': b'-- Up-to-date symlink: /workspace/safmc_uwb/ros/install/uwb_msgs/include/uwb_msgs/uwb_msgs/msg/detail/pose__struct.h\n'}
[0.218478] (uwb_msgs) StdoutLine: {'line': b'-- Up-to-date symlink: /workspace/safmc_uwb/ros/install/uwb_msgs/include/uwb_msgs/uwb_msgs/msg/detail/pose__type_support.h\n'}
[0.218551] (uwb_msgs) StdoutLine: {'line': b'-- Up-to-date symlink: /workspace/safmc_uwb/ros/install/uwb_msgs/include/uwb_msgs/uwb_msgs/msg/detail/range__functions.h\n'}
[0.218631] (uwb_msgs) StdoutLine: {'line': b'-- Up-to-date symlink: /workspace/safmc_uwb/ros/install/uwb_msgs/include/uwb_msgs/uwb_msgs/msg/detail/range__struct.h\n'}
[0.218703] (uwb_msgs) StdoutLine: {'line': b'-- Up-to-date symlink: /workspace/safmc_uwb/ros/install/uwb_msgs/include/uwb_msgs/uwb_msgs/msg/detail/range__type_support.h\n'}
[0.218783] (uwb_msgs) StdoutLine: {'line': b'-- Up-to-date symlink: /workspace/safmc_uwb/ros/install/uwb_msgs/include/uwb_msgs/uwb_msgs/msg/detail/tag_position__functions.h\n'}
[0.218855] (uwb_msgs) StdoutLine: {'line': b'-- Up-to-date symlink: /workspace/safmc_uwb/ros/install/uwb_msgs/include/uwb_msgs/uwb_msgs/msg/detail/tag_position__struct.h\n'}
[0.218933] (uwb_msgs) StdoutLine: {'line': b'-- Up-to-date symlink: /workspace/safmc_uwb/ros/install/uwb_msgs/include/uwb_msgs/uwb_msgs/msg/detail/tag_position__type_support.h\n'}
[0.218992] (uwb_msgs) StdoutLine: {'line': b'-- Up-to-date symlink: /workspace/safmc_uwb/ros/install/uwb_msgs/include/uwb_msgs/uwb_msgs/msg/pose.h\n'}
[0.219085] (uwb_msgs) StdoutLine: {'line': b'-- Up-to-date symlink: /workspace/safmc_uwb/ros/install/uwb_msgs/include/uwb_msgs/uwb_msgs/msg/range.h\n'}
[0.219188] (uwb_msgs) StdoutLine: {'line': b'-- Up-to-date symlink: /workspace/safmc_uwb/ros/install/uwb_msgs/include/uwb_msgs/uwb_msgs/msg/rosidl_generator_c__visibility_control.h\n'}
[0.219250] (uwb_msgs) StdoutLine: {'line': b'-- Up-to-date symlink: /workspace/safmc_uwb/ros/install/uwb_msgs/include/uwb_msgs/uwb_msgs/msg/tag_position.h\n'}
[0.219310] (uwb_msgs) StdoutLine: {'line': b'-- Up-to-date symlink: /workspace/safmc_uwb/ros/install/uwb_msgs/share/uwb_msgs/environment/library_path.sh\n'}
[0.219370] (uwb_msgs) StdoutLine: {'line': b'-- Up-to-date symlink: /workspace/safmc_uwb/ros/install/uwb_msgs/share/uwb_msgs/environment/library_path.dsv\n'}
[0.219460] (uwb_msgs) StdoutLine: {'line': b'-- Up-to-date symlink: /workspace/safmc_uwb/ros/install/uwb_msgs/include/uwb_msgs/uwb_msgs/msg/detail/pose__rosidl_typesupport_fastrtps_c.h\n'}
[0.219523] (uwb_msgs) StdoutLine: {'line': b'-- Up-to-date symlink: /workspace/safmc_uwb/ros/install/uwb_msgs/include/uwb_msgs/uwb_msgs/msg/detail/range__rosidl_typesupport_fastrtps_c.h\n'}
[0.219585] (uwb_msgs) StdoutLine: {'line': b'-- Up-to-date symlink: /workspace/safmc_uwb/ros/install/uwb_msgs/include/uwb_msgs/uwb_msgs/msg/detail/tag_position__rosidl_typesupport_fastrtps_c.h\n'}
[0.219664] (uwb_msgs) StdoutLine: {'line': b'-- Up-to-date symlink: /workspace/safmc_uwb/ros/install/uwb_msgs/include/uwb_msgs/uwb_msgs/msg/rosidl_typesupport_fastrtps_c__visibility_control.h\n'}
[0.219744] (uwb_msgs) StdoutLine: {'line': b'-- Up-to-date symlink: /workspace/safmc_uwb/ros/install/uwb_msgs/include/uwb_msgs/uwb_msgs/msg/detail/pose__rosidl_typesupport_introspection_c.h\n'}
[0.219823] (uwb_msgs) StdoutLine: {'line': b'-- Up-to-date symlink: /workspace/safmc_uwb/ros/install/uwb_msgs/include/uwb_msgs/uwb_msgs/msg/detail/range__rosidl_typesupport_introspection_c.h\n'}
[0.219907] (uwb_msgs) StdoutLine: {'line': b'-- Up-to-date symlink: /workspace/safmc_uwb/ros/install/uwb_msgs/include/uwb_msgs/uwb_msgs/msg/detail/tag_position__rosidl_typesupport_introspection_c.h\n'}
[0.219974] (uwb_msgs) StdoutLine: {'line': b'-- Up-to-date symlink: /workspace/safmc_uwb/ros/install/uwb_msgs/include/uwb_msgs/uwb_msgs/msg/rosidl_typesupport_introspection_c__visibility_control.h\n'}
[0.220060] (uwb_msgs) StdoutLine: {'line': b'-- Up-to-date symlink: /workspace/safmc_uwb/ros/install/uwb_msgs/include/uwb_msgs/uwb_msgs/msg/detail/pose__builder.hpp\n'}
[0.220138] (uwb_msgs) StdoutLine: {'line': b'-- Up-to-date symlink: /workspace/safmc_uwb/ros/install/uwb_msgs/include/uwb_msgs/uwb_msgs/msg/detail/pose__struct.hpp\n'}
[0.220220] (uwb_msgs) StdoutLine: {'line': b'-- Up-to-date symlink: /workspace/safmc_uwb/ros/install/uwb_msgs/include/uwb_msgs/uwb_msgs/msg/detail/pose__traits.hpp\n'}
[0.220303] (uwb_msgs) StdoutLine: {'line': b'-- Up-to-date symlink: /workspace/safmc_uwb/ros/install/uwb_msgs/include/uwb_msgs/uwb_msgs/msg/detail/pose__type_support.hpp\n'}
[0.220365] (uwb_msgs) StdoutLine: {'line': b'-- Up-to-date symlink: /workspace/safmc_uwb/ros/install/uwb_msgs/include/uwb_msgs/uwb_msgs/msg/detail/range__builder.hpp\n'}
[0.220445] (uwb_msgs) StdoutLine: {'line': b'-- Up-to-date symlink: /workspace/safmc_uwb/ros/install/uwb_msgs/include/uwb_msgs/uwb_msgs/msg/detail/range__struct.hpp\n'}
[0.220507] (uwb_msgs) StdoutLine: {'line': b'-- Up-to-date symlink: /workspace/safmc_uwb/ros/install/uwb_msgs/include/uwb_msgs/uwb_msgs/msg/detail/range__traits.hpp\n'}
[0.220568] (uwb_msgs) StdoutLine: {'line': b'-- Up-to-date symlink: /workspace/safmc_uwb/ros/install/uwb_msgs/include/uwb_msgs/uwb_msgs/msg/detail/range__type_support.hpp\n'}
[0.220628] (uwb_msgs) StdoutLine: {'line': b'-- Up-to-date symlink: /workspace/safmc_uwb/ros/install/uwb_msgs/include/uwb_msgs/uwb_msgs/msg/detail/tag_position__builder.hpp\n'}
[0.220737] (uwb_msgs) StdoutLine: {'line': b'-- Up-to-date symlink: /workspace/safmc_uwb/ros/install/uwb_msgs/include/uwb_msgs/uwb_msgs/msg/detail/tag_position__struct.hpp\n'}
[0.220804] (uwb_msgs) StdoutLine: {'line': b'-- Up-to-date symlink: /workspace/safmc_uwb/ros/install/uwb_msgs/include/uwb_msgs/uwb_msgs/msg/detail/tag_position__traits.hpp\n'}
[0.220863] (uwb_msgs) StdoutLine: {'line': b'-- Up-to-date symlink: /workspace/safmc_uwb/ros/install/uwb_msgs/include/uwb_msgs/uwb_msgs/msg/detail/tag_position__type_support.hpp\n'}
[0.220922] (uwb_msgs) StdoutLine: {'line': b'-- Up-to-date symlink: /workspace/safmc_uwb/ros/install/uwb_msgs/include/uwb_msgs/uwb_msgs/msg/pose.hpp\n'}
[0.220985] (uwb_msgs) StdoutLine: {'line': b'-- Up-to-date symlink: /workspace/safmc_uwb/ros/install/uwb_msgs/include/uwb_msgs/uwb_msgs/msg/range.hpp\n'}
[0.221087] (uwb_msgs) StdoutLine: {'line': b'-- Up-to-date symlink: /workspace/safmc_uwb/ros/install/uwb_msgs/include/uwb_msgs/uwb_msgs/msg/rosidl_generator_cpp__visibility_control.hpp\n'}
[0.221172] (uwb_msgs) StdoutLine: {'line': b'-- Up-to-date symlink: /workspace/safmc_uwb/ros/install/uwb_msgs/include/uwb_msgs/uwb_msgs/msg/tag_position.hpp\n'}
[0.221230] (uwb_msgs) StdoutLine: {'line': b'-- Up-to-date symlink: /workspace/safmc_uwb/ros/install/uwb_msgs/include/uwb_msgs/uwb_msgs/msg/detail/pose__rosidl_typesupport_fastrtps_cpp.hpp\n'}
[0.221290] (uwb_msgs) StdoutLine: {'line': b'-- Up-to-date symlink: /workspace/safmc_uwb/ros/install/uwb_msgs/include/uwb_msgs/uwb_msgs/msg/detail/range__rosidl_typesupport_fastrtps_cpp.hpp\n'}
[0.221351] (uwb_msgs) StdoutLine: {'line': b'-- Up-to-date symlink: /workspace/safmc_uwb/ros/install/uwb_msgs/include/uwb_msgs/uwb_msgs/msg/detail/tag_position__rosidl_typesupport_fastrtps_cpp.hpp\n'}
[0.221412] (uwb_msgs) StdoutLine: {'line': b'-- Up-to-date symlink: /workspace/safmc_uwb/ros/install/uwb_msgs/include/uwb_msgs/uwb_msgs/msg/rosidl_typesupport_fastrtps_cpp__visibility_control.h\n'}
[0.221493] (uwb_msgs) StdoutLine: {'line': b'-- Up-to-date symlink: /workspace/safmc_uwb/ros/install/uwb_msgs/include/uwb_msgs/uwb_msgs/msg/detail/pose__rosidl_typesupport_introspection_cpp.hpp\n'}
[0.221572] (uwb_msgs) StdoutLine: {'line': b'-- Up-to-date symlink: /workspace/safmc_uwb/ros/install/uwb_msgs/include/uwb_msgs/uwb_msgs/msg/detail/range__rosidl_typesupport_introspection_cpp.hpp\n'}
[0.221631] (uwb_msgs) StdoutLine: {'line': b'-- Up-to-date symlink: /workspace/safmc_uwb/ros/install/uwb_msgs/include/uwb_msgs/uwb_msgs/msg/detail/tag_position__rosidl_typesupport_introspection_cpp.hpp\n'}
[0.221688] (uwb_msgs) StdoutLine: {'line': b'-- Up-to-date symlink: /workspace/safmc_uwb/ros/install/uwb_msgs/share/uwb_msgs/environment/pythonpath.sh\n'}
[0.221749] (uwb_msgs) StdoutLine: {'line': b'-- Up-to-date symlink: /workspace/safmc_uwb/ros/install/uwb_msgs/share/uwb_msgs/environment/pythonpath.dsv\n'}
[0.221826] (uwb_msgs) StdoutLine: {'line': b'-- Up-to-date symlink: /workspace/safmc_uwb/ros/install/uwb_msgs/local/lib/python3.10/dist-packages/uwb_msgs-0.0.0-py3.10.egg-info/PKG-INFO\n'}
[0.221911] (uwb_msgs) StdoutLine: {'line': b'-- Up-to-date symlink: /workspace/safmc_uwb/ros/install/uwb_msgs/local/lib/python3.10/dist-packages/uwb_msgs-0.0.0-py3.10.egg-info/SOURCES.txt\n'}
[0.221970] (uwb_msgs) StdoutLine: {'line': b'-- Up-to-date symlink: /workspace/safmc_uwb/ros/install/uwb_msgs/local/lib/python3.10/dist-packages/uwb_msgs-0.0.0-py3.10.egg-info/dependency_links.txt\n'}
[0.222027] (uwb_msgs) StdoutLine: {'line': b'-- Up-to-date symlink: /workspace/safmc_uwb/ros/install/uwb_msgs/local/lib/python3.10/dist-packages/uwb_msgs-0.0.0-py3.10.egg-info/top_level.txt\n'}
[0.222118] (uwb_msgs) StdoutLine: {'line': b'-- Up-to-date symlink: /workspace/safmc_uwb/ros/install/uwb_msgs/local/lib/python3.10/dist-packages/uwb_msgs/__init__.py\n'}
[0.222200] (uwb_msgs) StdoutLine: {'line': b'-- Up-to-date symlink: /workspace/safmc_uwb/ros/install/uwb_msgs/local/lib/python3.10/dist-packages/uwb_msgs/_uwb_msgs_s.ep.rosidl_typesupport_c.c\n'}
[0.222344] (uwb_msgs) StdoutLine: {'line': b'-- Up-to-date symlink: /workspace/safmc_uwb/ros/install/uwb_msgs/local/lib/python3.10/dist-packages/uwb_msgs/_uwb_msgs_s.ep.rosidl_typesupport_fastrtps_c.c\n'}
[0.222424] (uwb_msgs) StdoutLine: {'line': b'-- Up-to-date symlink: /workspace/safmc_uwb/ros/install/uwb_msgs/local/lib/python3.10/dist-packages/uwb_msgs/_uwb_msgs_s.ep.rosidl_typesupport_introspection_c.c\n'}
[0.222460] (uwb_msgs) StdoutLine: {'line': b'-- Up-to-date symlink: /workspace/safmc_uwb/ros/install/uwb_msgs/local/lib/python3.10/dist-packages/uwb_msgs/libuwb_msgs__rosidl_generator_py.so\n'}
[0.222597] (uwb_msgs) StdoutLine: {'line': b'-- Up-to-date symlink: /workspace/safmc_uwb/ros/install/uwb_msgs/local/lib/python3.10/dist-packages/uwb_msgs/msg/__init__.py\n'}
[0.222675] (uwb_msgs) StdoutLine: {'line': b'-- Up-to-date symlink: /workspace/safmc_uwb/ros/install/uwb_msgs/local/lib/python3.10/dist-packages/uwb_msgs/msg/_pose.py\n'}
[0.222714] (uwb_msgs) StdoutLine: {'line': b'-- Up-to-date symlink: /workspace/safmc_uwb/ros/install/uwb_msgs/local/lib/python3.10/dist-packages/uwb_msgs/msg/_pose_s.c\n'}
[0.222748] (uwb_msgs) StdoutLine: {'line': b'-- Up-to-date symlink: /workspace/safmc_uwb/ros/install/uwb_msgs/local/lib/python3.10/dist-packages/uwb_msgs/msg/_range.py\n'}
[0.222780] (uwb_msgs) StdoutLine: {'line': b'-- Up-to-date symlink: /workspace/safmc_uwb/ros/install/uwb_msgs/local/lib/python3.10/dist-packages/uwb_msgs/msg/_range_s.c\n'}
[0.222851] (uwb_msgs) StdoutLine: {'line': b'-- Up-to-date symlink: /workspace/safmc_uwb/ros/install/uwb_msgs/local/lib/python3.10/dist-packages/uwb_msgs/msg/_tag_position.py\n'}
[0.222892] (uwb_msgs) StdoutLine: {'line': b'-- Up-to-date symlink: /workspace/safmc_uwb/ros/install/uwb_msgs/local/lib/python3.10/dist-packages/uwb_msgs/msg/_tag_position_s.c\n'}
[0.222921] (uwb_msgs) StdoutLine: {'line': b'-- Up-to-date symlink: /workspace/safmc_uwb/ros/install/uwb_msgs/local/lib/python3.10/dist-packages/uwb_msgs/uwb_msgs_s__rosidl_typesupport_c.cpython-310-x86_64-linux-gnu.so\n'}
[0.222950] (uwb_msgs) StdoutLine: {'line': b'-- Up-to-date symlink: /workspace/safmc_uwb/ros/install/uwb_msgs/local/lib/python3.10/dist-packages/uwb_msgs/uwb_msgs_s__rosidl_typesupport_fastrtps_c.cpython-310-x86_64-linux-gnu.so\n'}
[0.223003] (uwb_msgs) StdoutLine: {'line': b'-- Up-to-date symlink: /workspace/safmc_uwb/ros/install/uwb_msgs/local/lib/python3.10/dist-packages/uwb_msgs/uwb_msgs_s__rosidl_typesupport_introspection_c.cpython-310-x86_64-linux-gnu.so\n'}
[0.223034] (uwb_msgs) StdoutLine: {'line': b'-- Up-to-date symlink: /workspace/safmc_uwb/ros/install/uwb_msgs/local/lib/python3.10/dist-packages/uwb_msgs/uwb_msgs_s__rosidl_typesupport_fastrtps_c.cpython-310-x86_64-linux-gnu.so\n'}
[0.223138] (uwb_msgs) StdoutLine: {'line': b'-- Up-to-date symlink: /workspace/safmc_uwb/ros/install/uwb_msgs/local/lib/python3.10/dist-packages/uwb_msgs/uwb_msgs_s__rosidl_typesupport_introspection_c.cpython-310-x86_64-linux-gnu.so\n'}
[0.223393] (uwb_msgs) StdoutLine: {'line': b'-- Up-to-date symlink: /workspace/safmc_uwb/ros/install/uwb_msgs/local/lib/python3.10/dist-packages/uwb_msgs/uwb_msgs_s__rosidl_typesupport_c.cpython-310-x86_64-linux-gnu.so\n'}
[0.223501] (uwb_msgs) StdoutLine: {'line': b'-- Up-to-date symlink: /workspace/safmc_uwb/ros/install/uwb_msgs/share/uwb_msgs/msg/Range.idl\n'}
[0.223545] (uwb_msgs) StdoutLine: {'line': b'-- Up-to-date symlink: /workspace/safmc_uwb/ros/install/uwb_msgs/share/uwb_msgs/msg/Pose.idl\n'}
[0.223818] (uwb_msgs) StdoutLine: {'line': b'-- Up-to-date symlink: /workspace/safmc_uwb/ros/install/uwb_msgs/share/uwb_msgs/msg/TagPosition.idl\n'}
[0.223942] (uwb_msgs) StdoutLine: {'line': b'-- Up-to-date symlink: /workspace/safmc_uwb/ros/install/uwb_msgs/share/uwb_msgs/msg/Range.msg\n'}
[0.224057] (uwb_msgs) StdoutLine: {'line': b'-- Up-to-date symlink: /workspace/safmc_uwb/ros/install/uwb_msgs/share/uwb_msgs/msg/Pose.msg\n'}
[0.224126] (uwb_msgs) StdoutLine: {'line': b'-- Up-to-date symlink: /workspace/safmc_uwb/ros/install/uwb_msgs/share/uwb_msgs/msg/TagPosition.msg\n'}
[0.224167] (uwb_msgs) StdoutLine: {'line': b'-- Up-to-date symlink: /workspace/safmc_uwb/ros/install/uwb_msgs/share/ament_index/resource_index/package_run_dependencies/uwb_msgs\n'}
[0.224202] (uwb_msgs) StdoutLine: {'line': b'-- Up-to-date symlink: /workspace/safmc_uwb/ros/install/uwb_msgs/share/ament_index/resource_index/parent_prefix_path/uwb_msgs\n'}
[0.224292] (uwb_msgs) StdoutLine: {'line': b'-- Up-to-date symlink: /workspace/safmc_uwb/ros/install/uwb_msgs/share/uwb_msgs/environment/ament_prefix_path.sh\n'}
[0.224326] (uwb_msgs) StdoutLine: {'line': b'-- Up-to-date symlink: /workspace/safmc_uwb/ros/install/uwb_msgs/share/uwb_msgs/environment/ament_prefix_path.dsv\n'}
[0.224382] (uwb_msgs) StdoutLine: {'line': b'-- Up-to-date symlink: /workspace/safmc_uwb/ros/install/uwb_msgs/share/uwb_msgs/environment/path.sh\n'}
[0.224435] (uwb_msgs) StdoutLine: {'line': b'-- Up-to-date symlink: /workspace/safmc_uwb/ros/install/uwb_msgs/share/uwb_msgs/environment/path.dsv\n'}
[0.224485] (uwb_msgs) StdoutLine: {'line': b'-- Up-to-date symlink: /workspace/safmc_uwb/ros/install/uwb_msgs/share/uwb_msgs/local_setup.bash\n'}
[0.224531] (uwb_msgs) StdoutLine: {'line': b'-- Up-to-date symlink: /workspace/safmc_uwb/ros/install/uwb_msgs/share/uwb_msgs/local_setup.sh\n'}
[0.224578] (uwb_msgs) StdoutLine: {'line': b'-- Up-to-date symlink: /workspace/safmc_uwb/ros/install/uwb_msgs/share/uwb_msgs/local_setup.zsh\n'}
[0.224641] (uwb_msgs) StdoutLine: {'line': b'-- Up-to-date symlink: /workspace/safmc_uwb/ros/install/uwb_msgs/share/uwb_msgs/local_setup.dsv\n'}
[0.224694] (uwb_msgs) StdoutLine: {'line': b'-- Symlinking: /workspace/safmc_uwb/ros/install/uwb_msgs/share/uwb_msgs/package.dsv\n'}
[0.231928] (uwb_msgs) StdoutLine: {'line': b'-- Up-to-date symlink: /workspace/safmc_uwb/ros/install/uwb_msgs/share/ament_index/resource_index/packages/uwb_msgs\n'}
[0.232012] (uwb_msgs) StdoutLine: {'line': b'-- Up-to-date symlink: /workspace/safmc_uwb/ros/install/uwb_msgs/share/uwb_msgs/cmake/rosidl_cmake-extras.cmake\n'}
[0.232107] (uwb_msgs) StdoutLine: {'line': b'-- Up-to-date symlink: /workspace/safmc_uwb/ros/install/uwb_msgs/share/uwb_msgs/cmake/ament_cmake_export_dependencies-extras.cmake\n'}
[0.232252] (uwb_msgs) StdoutLine: {'line': b'-- Up-to-date symlink: /workspace/safmc_uwb/ros/install/uwb_msgs/share/uwb_msgs/cmake/ament_cmake_export_include_directories-extras.cmake\n'}
[0.232302] (uwb_msgs) StdoutLine: {'line': b'-- Up-to-date symlink: /workspace/safmc_uwb/ros/install/uwb_msgs/share/uwb_msgs/cmake/ament_cmake_export_libraries-extras.cmake\n'}
[0.232358] (uwb_msgs) StdoutLine: {'line': b'-- Up-to-date symlink: /workspace/safmc_uwb/ros/install/uwb_msgs/share/uwb_msgs/cmake/ament_cmake_export_targets-extras.cmake\n'}
[0.232418] (uwb_msgs) StdoutLine: {'line': b'-- Up-to-date symlink: /workspace/safmc_uwb/ros/install/uwb_msgs/share/uwb_msgs/cmake/rosidl_cmake_export_typesupport_targets-extras.cmake\n'}
[0.232450] (uwb_msgs) StdoutLine: {'line': b'-- Up-to-date symlink: /workspace/safmc_uwb/ros/install/uwb_msgs/share/uwb_msgs/cmake/rosidl_cmake_export_typesupport_libraries-extras.cmake\n'}
[0.232499] (uwb_msgs) StdoutLine: {'line': b'-- Up-to-date symlink: /workspace/safmc_uwb/ros/install/uwb_msgs/share/uwb_msgs/cmake/uwb_msgsConfig.cmake\n'}
[0.232549] (uwb_msgs) StdoutLine: {'line': b'-- Up-to-date symlink: /workspace/safmc_uwb/ros/install/uwb_msgs/share/uwb_msgs/cmake/uwb_msgsConfig-version.cmake\n'}
[0.232595] (uwb_msgs) StdoutLine: {'line': b'-- Up-to-date symlink: /workspace/safmc_uwb/ros/install/uwb_msgs/share/uwb_msgs/package.xml\n'}
[0.232714] (uwb_msgs) StdoutLine: {'line': b'-- Up-to-date: /workspace/safmc_uwb/ros/install/uwb_msgs/lib/libuwb_msgs__rosidl_generator_c.so\n'}
[0.232860] (uwb_msgs) StdoutLine: {'line': b'-- Up-to-date: /workspace/safmc_uwb/ros/install/uwb_msgs/lib/libuwb_msgs__rosidl_typesupport_fastrtps_c.so\n'}
[0.232991] (uwb_msgs) StdoutLine: {'line': b'-- Up-to-date: /workspace/safmc_uwb/ros/install/uwb_msgs/lib/libuwb_msgs__rosidl_typesupport_introspection_c.so\n'}
[0.233112] (uwb_msgs) StdoutLine: {'line': b'-- Up-to-date: /workspace/safmc_uwb/ros/install/uwb_msgs/lib/libuwb_msgs__rosidl_typesupport_c.so\n'}
[0.233239] (uwb_msgs) StdoutLine: {'line': b'-- Up-to-date: /workspace/safmc_uwb/ros/install/uwb_msgs/lib/libuwb_msgs__rosidl_typesupport_fastrtps_cpp.so\n'}
[0.233368] (uwb_msgs) StdoutLine: {'line': b'-- Up-to-date: /workspace/safmc_uwb/ros/install/uwb_msgs/lib/libuwb_msgs__rosidl_typesupport_introspection_cpp.so\n'}
[0.233485] (uwb_msgs) StdoutLine: {'line': b'-- Up-to-date: /workspace/safmc_uwb/ros/install/uwb_msgs/lib/libuwb_msgs__rosidl_typesupport_cpp.so\n'}
[0.252666] (uwb_msgs) StdoutLine: {'line': b"Listing '/workspace/safmc_uwb/ros/install/uwb_msgs/local/lib/python3.10/dist-packages/uwb_msgs'...\n"}
[0.252847] (uwb_msgs) StdoutLine: {'line': b"Listing '/workspace/safmc_uwb/ros/install/uwb_msgs/local/lib/python3.10/dist-packages/uwb_msgs/msg'...\n"}
[0.255798] (uwb_msgs) StdoutLine: {'line': b'-- Up-to-date: /workspace/safmc_uwb/ros/install/uwb_msgs/lib/libuwb_msgs__rosidl_generator_py.so\n'}
[0.255916] (uwb_msgs) StdoutLine: {'line': b'-- Up-to-date: /workspace/safmc_uwb/ros/install/uwb_msgs/share/uwb_msgs/cmake/export_uwb_msgs__rosidl_generator_cExport.cmake\n'}
[0.255957] (uwb_msgs) StdoutLine: {'line': b'-- Up-to-date: /workspace/safmc_uwb/ros/install/uwb_msgs/share/uwb_msgs/cmake/export_uwb_msgs__rosidl_generator_cExport-noconfig.cmake\n'}
[0.256068] (uwb_msgs) StdoutLine: {'line': b'-- Up-to-date: /workspace/safmc_uwb/ros/install/uwb_msgs/share/uwb_msgs/cmake/export_uwb_msgs__rosidl_typesupport_fastrtps_cExport.cmake\n'}
[0.256116] (uwb_msgs) StdoutLine: {'line': b'-- Up-to-date: /workspace/safmc_uwb/ros/install/uwb_msgs/share/uwb_msgs/cmake/export_uwb_msgs__rosidl_typesupport_fastrtps_cExport-noconfig.cmake\n'}
[0.256153] (uwb_msgs) StdoutLine: {'line': b'-- Up-to-date: /workspace/safmc_uwb/ros/install/uwb_msgs/share/uwb_msgs/cmake/uwb_msgs__rosidl_typesupport_introspection_cExport.cmake\n'}
[0.256188] (uwb_msgs) StdoutLine: {'line': b'-- Up-to-date: /workspace/safmc_uwb/ros/install/uwb_msgs/share/uwb_msgs/cmake/uwb_msgs__rosidl_typesupport_introspection_cExport-noconfig.cmake\n'}
[0.256257] (uwb_msgs) StdoutLine: {'line': b'-- Up-to-date: /workspace/safmc_uwb/ros/install/uwb_msgs/share/uwb_msgs/cmake/uwb_msgs__rosidl_typesupport_cExport.cmake\n'}
[0.256289] (uwb_msgs) StdoutLine: {'line': b'-- Up-to-date: /workspace/safmc_uwb/ros/install/uwb_msgs/share/uwb_msgs/cmake/uwb_msgs__rosidl_typesupport_cExport-noconfig.cmake\n'}
[0.256392] (uwb_msgs) StdoutLine: {'line': b'-- Up-to-date: /workspace/safmc_uwb/ros/install/uwb_msgs/share/uwb_msgs/cmake/export_uwb_msgs__rosidl_generator_cppExport.cmake\n'}
[0.256424] (uwb_msgs) StdoutLine: {'line': b'-- Up-to-date: /workspace/safmc_uwb/ros/install/uwb_msgs/share/uwb_msgs/cmake/export_uwb_msgs__rosidl_typesupport_fastrtps_cppExport.cmake\n'}
[0.256451] (uwb_msgs) StdoutLine: {'line': b'-- Up-to-date: /workspace/safmc_uwb/ros/install/uwb_msgs/share/uwb_msgs/cmake/export_uwb_msgs__rosidl_typesupport_fastrtps_cppExport-noconfig.cmake\n'}
[0.256481] (uwb_msgs) StdoutLine: {'line': b'-- Up-to-date: /workspace/safmc_uwb/ros/install/uwb_msgs/share/uwb_msgs/cmake/uwb_msgs__rosidl_typesupport_introspection_cppExport.cmake\n'}
[0.256521] (uwb_msgs) StdoutLine: {'line': b'-- Up-to-date: /workspace/safmc_uwb/ros/install/uwb_msgs/share/uwb_msgs/cmake/uwb_msgs__rosidl_typesupport_introspection_cppExport-noconfig.cmake\n'}
[0.256551] (uwb_msgs) StdoutLine: {'line': b'-- Up-to-date: /workspace/safmc_uwb/ros/install/uwb_msgs/share/uwb_msgs/cmake/uwb_msgs__rosidl_typesupport_cppExport.cmake\n'}
[0.256580] (uwb_msgs) StdoutLine: {'line': b'-- Up-to-date: /workspace/safmc_uwb/ros/install/uwb_msgs/share/uwb_msgs/cmake/uwb_msgs__rosidl_typesupport_cppExport-noconfig.cmake\n'}
[0.256608] (uwb_msgs) StdoutLine: {'line': b'-- Up-to-date: /workspace/safmc_uwb/ros/install/uwb_msgs/share/uwb_msgs/cmake/export_uwb_msgs__rosidl_generator_pyExport.cmake\n'}
[0.256663] (uwb_msgs) StdoutLine: {'line': b'-- Up-to-date: /workspace/safmc_uwb/ros/install/uwb_msgs/share/uwb_msgs/cmake/export_uwb_msgs__rosidl_generator_pyExport-noconfig.cmake\n'}
[0.257820] (uwb_msgs) CommandEnded: {'returncode': 0}
[0.270934] (uwb_msgs) JobEnded: {'identifier': 'uwb_msgs', 'rc': 0}
[0.271415] (uwb) JobStarted: {'identifier': 'uwb'}
[0.300342] (-) TimerEvent: {}
[0.400664] (-) TimerEvent: {}
[0.500881] (-) TimerEvent: {}
[0.595579] (uwb) Command: {'cmd': ['/usr/bin/python3', '-W', 'ignore:setup.py install is deprecated', '-W', 'ignore:easy_install command is deprecated', 'setup.py', 'egg_info', '--egg-base', '../../build/uwb', 'build', '--build-base', '/workspace/safmc_uwb/ros/build/uwb/build', 'install', '--record', '/workspace/safmc_uwb/ros/build/uwb/install.log', '--single-version-externally-managed', 'install_data'], 'cwd': '/workspace/safmc_uwb/ros/src/uwb', 'env': {'SUDO_GID': '1000', 'MAIL': '/var/mail/root', 'USER': 'root', 'HOSTNAME': 'huixin', 'SHLVL': '1', 'LD_LIBRARY_PATH': '/workspace/safmc_uwb/ros/install/uwb_msgs/lib:/opt/ros/humble/opt/rviz_ogre_vendor/lib:/opt/ros/humble/lib/x86_64-linux-gnu:/opt/ros/humble/lib', 'HOME': '/root', 'ROS_PYTHON_VERSION': '3', 'COLORTERM': 'truecolor', 'COLCON_PREFIX_PATH': '/workspace/safmc_uwb/ros/install', 'SUDO_UID': '1000', 'ROS_DISTRO': 'humble', 'LOGNAME': 'root', '_': '/usr/bin/colcon', 'ROS_VERSION': '2', 'TERM': 'xterm-256color', 'ROS_LOCALHOST_ONLY': '0', 'PATH': '/opt/ros/humble/bin:/usr/local/sbin:/usr/local/bin:/usr/sbin:/usr/bin:/sbin:/bin', 'DISPLAY': ':0', 'LANG': 'en_US.UTF-8', 'SUDO_COMMAND': '/usr/bin/su', 'AMENT_PREFIX_PATH': '/workspace/safmc_uwb/ros/install/uwb:/workspace/safmc_uwb/ros/install/uwb_msgs:/opt/ros/humble', 'DEBIAN_FRONTEND': 'noninteractive', 'SHELL': '/bin/bash', 'SUDO_USER': 'user', 'PWD': '/workspace/safmc_uwb/ros/build/uwb', 'LC_ALL': 'en_US.UTF-8', 'PYTHONPATH': '/workspace/safmc_uwb/ros/build/uwb/prefix_override:/usr/lib/python3/dist-packages/colcon_core/task/python/colcon_distutils_commands:/workspace/safmc_uwb/ros/install/uwb/lib/python3.10/site-packages:/workspace/safmc_uwb/ros/install/uwb/lib/python3.10/site-packages:/workspace/safmc_uwb/ros/install/uwb_msgs/local/lib/python3.10/dist-packages:/opt/ros/humble/lib/python3.10/site-packages:/opt/ros/humble/local/lib/python3.10/dist-packages', 'COLCON': '1', 'CMAKE_PREFIX_PATH': '/workspace/safmc_uwb/ros/install/uwb_msgs'}, 'shell': False}
[0.600988] (-) TimerEvent: {}
[0.701242] (-) TimerEvent: {}
[0.714318] (uwb) StdoutLine: {'line': b'running egg_info\n'}
[0.714581] (uwb) StdoutLine: {'line': b'writing ../../build/uwb/uwb.egg-info/PKG-INFO\n'}
[0.714649] (uwb) StdoutLine: {'line': b'writing dependency_links to ../../build/uwb/uwb.egg-info/dependency_links.txt\n'}
[0.714831] (uwb) StdoutLine: {'line': b'writing entry points to ../../build/uwb/uwb.egg-info/entry_points.txt\n'}
[0.714904] (uwb) StdoutLine: {'line': b'writing requirements to ../../build/uwb/uwb.egg-info/requires.txt\n'}
[0.714939] (uwb) StdoutLine: {'line': b'writing top-level names to ../../build/uwb/uwb.egg-info/top_level.txt\n'}
[0.715985] (uwb) StdoutLine: {'line': b"reading manifest file '../../build/uwb/uwb.egg-info/SOURCES.txt'\n"}
[0.716491] (uwb) StdoutLine: {'line': b"writing manifest file '../../build/uwb/uwb.egg-info/SOURCES.txt'\n"}
[0.716677] (uwb) StdoutLine: {'line': b'running build\n'}
[0.716762] (uwb) StdoutLine: {'line': b'running build_py\n'}
[0.716937] (uwb) StdoutLine: {'line': b'copying uwb/uwb.py -> /workspace/safmc_uwb/ros/build/uwb/build/lib/uwb\n'}
[0.717020] (uwb) StdoutLine: {'line': b'copying uwb/uwb_5v8.py -> /workspace/safmc_uwb/ros/build/uwb/build/lib/uwb\n'}
[0.717111] (uwb) StdoutLine: {'line': b'running install\n'}
[0.717309] (uwb) StdoutLine: {'line': b'running install_lib\n'}
[0.717973] (uwb) StdoutLine: {'line': b'copying /workspace/safmc_uwb/ros/build/uwb/build/lib/uwb/uwb.py -> /workspace/safmc_uwb/ros/install/uwb/lib/python3.10/site-packages/uwb\n'}
[0.718061] (uwb) StdoutLine: {'line': b'copying /workspace/safmc_uwb/ros/build/uwb/build/lib/uwb/uwb_5v8.py -> /workspace/safmc_uwb/ros/install/uwb/lib/python3.10/site-packages/uwb\n'}
[0.718603] (uwb) StdoutLine: {'line': b'byte-compiling /workspace/safmc_uwb/ros/install/uwb/lib/python3.10/site-packages/uwb/uwb.py to uwb.cpython-310.pyc\n'}
[0.721377] (uwb) StdoutLine: {'line': b'byte-compiling /workspace/safmc_uwb/ros/install/uwb/lib/python3.10/site-packages/uwb/uwb_5v8.py to uwb_5v8.cpython-310.pyc\n'}
[0.723503] (uwb) StdoutLine: {'line': b'running install_data\n'}
[0.723591] (uwb) StdoutLine: {'line': b'running install_egg_info\n'}
[0.724808] (uwb) StdoutLine: {'line': b"removing '/workspace/safmc_uwb/ros/install/uwb/lib/python3.10/site-packages/uwb-0.0.0-py3.10.egg-info' (and everything under it)\n"}
[0.724897] (uwb) StdoutLine: {'line': b'Copying ../../build/uwb/uwb.egg-info to /workspace/safmc_uwb/ros/install/uwb/lib/python3.10/site-packages/uwb-0.0.0-py3.10.egg-info\n'}
[0.725224] (uwb) StdoutLine: {'line': b'running install_scripts\n'}
[0.744732] (uwb) StdoutLine: {'line': b'Installing uwb script to /workspace/safmc_uwb/ros/install/uwb/lib/uwb\n'}
[0.745200] (uwb) StdoutLine: {'line': b"writing list of installed files to '/workspace/safmc_uwb/ros/build/uwb/install.log'\n"}
[0.763769] (uwb) CommandEnded: {'returncode': 0}
[0.769747] (uwb) JobEnded: {'identifier': 'uwb', 'rc': 0}
[0.770327] (-) EventReactorShutdown: {}
