[0.073s] Invoking command in '/workspace/safmc_uwb/ros/src/uwb_msgs/build/uwb_msgs': CMAKE_PREFIX_PATH=${CMAKE_PREFIX_PATH}:/workspace/safmc_uwb/ros/install/uwb:/opt/ros/humble /usr/bin/cmake /workspace/safmc_uwb/ros/src/uwb_msgs -DCMAKE_INSTALL_PREFIX=/workspace/safmc_uwb/ros/src/uwb_msgs/install/uwb_msgs
[0.699s] -- The C compiler identification is GNU 11.4.0
[1.136s] -- The CXX compiler identification is GNU 11.4.0
[1.165s] -- Detecting C compiler ABI info
[1.363s] -- Detecting C compiler ABI info - done
[1.373s] -- Check for working C compiler: /usr/bin/cc - skipped
[1.374s] -- Detecting C compile features
[1.375s] -- Detecting C compile features - done
[1.383s] -- Detecting CXX compiler ABI info
[1.675s] -- Detecting CXX compiler ABI info - done
[1.685s] -- Check for working CXX compiler: /usr/bin/c++ - skipped
[1.685s] -- Detecting CXX compile features
[1.686s] -- Detecting CXX compile features - done
[1.711s] -- Found ament_cmake: 1.3.11 (/opt/ros/humble/share/ament_cmake/cmake)
[2.084s] -- Found Python3: /usr/bin/python3 (found version "3.10.12") found components: Interpreter 
[2.389s] -- Found rosidl_default_generators: 1.2.0 (/opt/ros/humble/share/rosidl_default_generators/cmake)
[2.403s] -- Using all available rosidl_typesupport_c: rosidl_typesupport_fastrtps_c;rosidl_typesupport_introspection_c
[2.425s] -- Found rosidl_adapter: 3.1.6 (/opt/ros/humble/share/rosidl_adapter/cmake)
[2.640s] -- Using all available rosidl_typesupport_cpp: rosidl_typesupport_fastrtps_cpp;rosidl_typesupport_introspection_cpp
[2.743s] -- Found geometry_msgs: 4.2.4 (/opt/ros/humble/share/geometry_msgs/cmake)
[3.640s] -- Found ament_cmake_ros: 0.10.0 (/opt/ros/humble/share/ament_cmake_ros/cmake)
[4.060s] -- Using all available rosidl_typesupport_c: rosidl_typesupport_fastrtps_c;rosidl_typesupport_introspection_c
[4.741s] -- Using all available rosidl_typesupport_cpp: rosidl_typesupport_fastrtps_cpp;rosidl_typesupport_introspection_cpp
[4.815s] -- Found PythonInterp: /usr/bin/python3 (found suitable version "3.10.12", minimum required is "3.6") 
[4.822s] -- Found python_cmake_module: 0.10.0 (/opt/ros/humble/share/python_cmake_module/cmake)
[4.885s] -- Found PythonLibs: /usr/lib/x86_64-linux-gnu/libpython3.10.so (found suitable version "3.10.12", minimum required is "3.5") 
[4.885s] -- Using PYTHON_EXECUTABLE: /usr/bin/python3
[4.886s] -- Using PYTHON_INCLUDE_DIRS: /usr/include/python3.10
[4.886s] -- Using PYTHON_LIBRARIES: /usr/lib/x86_64-linux-gnu/libpython3.10.so
[4.915s] -- Found PythonExtra: .so  
[5.098s] -- Found ament_lint_auto: 0.12.11 (/opt/ros/humble/share/ament_lint_auto/cmake)
[5.182s] -- Added test 'cppcheck' to perform static code analysis on C / C++ code
[5.183s] -- Configured cppcheck include dirs: $<BUILD_INTERFACE:/workspace/safmc_uwb/ros/src/uwb_msgs/build/uwb_msgs/rosidl_generator_c>;$<BUILD_INTERFACE:/workspace/safmc_uwb/ros/src/uwb_msgs/build/uwb_msgs/rosidl_typesupport_fastrtps_c>;$<BUILD_INTERFACE:/workspace/safmc_uwb/ros/src/uwb_msgs/build/uwb_msgs/rosidl_typesupport_introspection_c>;$<BUILD_INTERFACE:/workspace/safmc_uwb/ros/src/uwb_msgs/build/uwb_msgs/rosidl_generator_cpp>;$<BUILD_INTERFACE:/workspace/safmc_uwb/ros/src/uwb_msgs/build/uwb_msgs/rosidl_typesupport_fastrtps_cpp>;$<BUILD_INTERFACE:/workspace/safmc_uwb/ros/src/uwb_msgs/build/uwb_msgs/rosidl_typesupport_introspection_cpp>;/workspace/safmc_uwb/ros/src/uwb_msgs/build/uwb_msgs/rosidl_generator_c;/workspace/safmc_uwb/ros/src/uwb_msgs/build/uwb_msgs/rosidl_generator_py
[5.183s] -- Configured cppcheck exclude dirs and/or files: 
[5.187s] -- Added test 'flake8' to check Python code syntax and style conventions
[5.195s] -- Added test 'lint_cmake' to check CMake code style
[5.203s] -- Added test 'pep257' to check Python code against some of the docstring style conventions in PEP 257
[5.221s] -- Added test 'uncrustify' to check C / C++ code style
[5.221s] -- Configured uncrustify additional arguments: 
[5.225s] -- Added test 'xmllint' to check XML markup files
[5.233s] -- Configuring done
[5.359s] -- Generating done
[5.389s] -- Build files have been written to: /workspace/safmc_uwb/ros/src/uwb_msgs/build/uwb_msgs
[5.408s] Invoked command in '/workspace/safmc_uwb/ros/src/uwb_msgs/build/uwb_msgs' returned '0': CMAKE_PREFIX_PATH=${CMAKE_PREFIX_PATH}:/workspace/safmc_uwb/ros/install/uwb:/opt/ros/humble /usr/bin/cmake /workspace/safmc_uwb/ros/src/uwb_msgs -DCMAKE_INSTALL_PREFIX=/workspace/safmc_uwb/ros/src/uwb_msgs/install/uwb_msgs
[5.413s] Invoking command in '/workspace/safmc_uwb/ros/src/uwb_msgs/build/uwb_msgs': CMAKE_PREFIX_PATH=${CMAKE_PREFIX_PATH}:/workspace/safmc_uwb/ros/install/uwb:/opt/ros/humble /usr/bin/cmake --build /workspace/safmc_uwb/ros/src/uwb_msgs/build/uwb_msgs -- -j12 -l12
[5.543s] [  2%] [34m[1mGenerating C code for ROS interfaces[0m
[5.586s] [  2%] Built target ament_cmake_python_copy_uwb_msgs
[5.595s] [  4%] [34m[1mGenerating C++ code for ROS interfaces[0m
[6.332s] running egg_info
[6.334s] creating uwb_msgs.egg-info
[6.335s] writing uwb_msgs.egg-info/PKG-INFO
[6.336s] writing dependency_links to uwb_msgs.egg-info/dependency_links.txt
[6.338s] writing top-level names to uwb_msgs.egg-info/top_level.txt
[6.344s] writing manifest file 'uwb_msgs.egg-info/SOURCES.txt'
[6.357s] reading manifest file 'uwb_msgs.egg-info/SOURCES.txt'
[6.358s] writing manifest file 'uwb_msgs.egg-info/SOURCES.txt'
[6.416s] [  4%] Built target uwb_msgs__cpp
[6.427s] [  6%] [32mBuilding C object CMakeFiles/uwb_msgs__rosidl_generator_c.dir/rosidl_generator_c/uwb_msgs/msg/detail/tag_position__functions.c.o[0m
[6.427s] [  8%] [32mBuilding C object CMakeFiles/uwb_msgs__rosidl_generator_c.dir/rosidl_generator_c/uwb_msgs/msg/detail/range__functions.c.o[0m
[6.427s] [ 10%] [32mBuilding C object CMakeFiles/uwb_msgs__rosidl_generator_c.dir/rosidl_generator_c/uwb_msgs/msg/detail/pose__functions.c.o[0m
[6.429s] [ 10%] Built target ament_cmake_python_build_uwb_msgs_egg
[6.438s] [ 17%] [34m[1mGenerating C++ introspection for ROS interfaces[0m
[6.438s] [ 17%] [34m[1mGenerating C++ type support dispatch for ROS interfaces[0m
[6.438s] [ 17%] [34m[1mGenerating C++ type support for eProsima Fast-RTPS[0m
[6.597s] [ 19%] [32m[1mLinking C shared library libuwb_msgs__rosidl_generator_c.so[0m
[6.730s] [ 19%] Built target uwb_msgs__rosidl_generator_c
[6.746s] [ 21%] [34m[1mGenerating C introspection for ROS interfaces[0m
[6.748s] [ 23%] [34m[1mGenerating C type support dispatch for ROS interfaces[0m
[6.749s] [ 25%] [34m[1mGenerating C type support for eProsima Fast-RTPS[0m
[6.904s] [ 27%] [32mBuilding CXX object CMakeFiles/uwb_msgs__rosidl_typesupport_cpp.dir/rosidl_typesupport_cpp/uwb_msgs/msg/tag_position__type_support.cpp.o[0m
[6.906s] [ 29%] [32mBuilding CXX object CMakeFiles/uwb_msgs__rosidl_typesupport_cpp.dir/rosidl_typesupport_cpp/uwb_msgs/msg/pose__type_support.cpp.o[0m
[6.907s] [ 31%] [32mBuilding CXX object CMakeFiles/uwb_msgs__rosidl_typesupport_cpp.dir/rosidl_typesupport_cpp/uwb_msgs/msg/range__type_support.cpp.o[0m
[6.960s] [ 34%] [32mBuilding CXX object CMakeFiles/uwb_msgs__rosidl_typesupport_introspection_cpp.dir/rosidl_typesupport_introspection_cpp/uwb_msgs/msg/detail/tag_position__type_support.cpp.o[0m
[6.962s] [ 36%] [32mBuilding CXX object CMakeFiles/uwb_msgs__rosidl_typesupport_introspection_cpp.dir/rosidl_typesupport_introspection_cpp/uwb_msgs/msg/detail/range__type_support.cpp.o[0m
[6.962s] [ 38%] [32mBuilding CXX object CMakeFiles/uwb_msgs__rosidl_typesupport_introspection_cpp.dir/rosidl_typesupport_introspection_cpp/uwb_msgs/msg/detail/pose__type_support.cpp.o[0m
[7.047s] [ 40%] [32mBuilding CXX object CMakeFiles/uwb_msgs__rosidl_typesupport_fastrtps_cpp.dir/rosidl_typesupport_fastrtps_cpp/uwb_msgs/msg/detail/dds_fastrtps/range__type_support.cpp.o[0m
[7.048s] [ 42%] [32mBuilding CXX object CMakeFiles/uwb_msgs__rosidl_typesupport_fastrtps_cpp.dir/rosidl_typesupport_fastrtps_cpp/uwb_msgs/msg/detail/dds_fastrtps/pose__type_support.cpp.o[0m
[7.063s] [ 44%] [32mBuilding CXX object CMakeFiles/uwb_msgs__rosidl_typesupport_fastrtps_cpp.dir/rosidl_typesupport_fastrtps_cpp/uwb_msgs/msg/detail/dds_fastrtps/tag_position__type_support.cpp.o[0m
[7.420s] [ 46%] [32mBuilding CXX object CMakeFiles/uwb_msgs__rosidl_typesupport_c.dir/rosidl_typesupport_c/uwb_msgs/msg/range__type_support.cpp.o[0m
[7.552s] [ 48%] [32mBuilding CXX object CMakeFiles/uwb_msgs__rosidl_typesupport_c.dir/rosidl_typesupport_c/uwb_msgs/msg/pose__type_support.cpp.o[0m
[7.601s] [ 51%] [32mBuilding C object CMakeFiles/uwb_msgs__rosidl_typesupport_introspection_c.dir/rosidl_typesupport_introspection_c/uwb_msgs/msg/detail/range__type_support.c.o[0m
[7.673s] [ 53%] [32mBuilding CXX object CMakeFiles/uwb_msgs__rosidl_typesupport_c.dir/rosidl_typesupport_c/uwb_msgs/msg/tag_position__type_support.cpp.o[0m
[7.707s] [ 55%] [32mBuilding CXX object CMakeFiles/uwb_msgs__rosidl_typesupport_fastrtps_c.dir/rosidl_typesupport_fastrtps_c/uwb_msgs/msg/detail/range__type_support_c.cpp.o[0m
[7.767s] [ 57%] [32mBuilding C object CMakeFiles/uwb_msgs__rosidl_typesupport_introspection_c.dir/rosidl_typesupport_introspection_c/uwb_msgs/msg/detail/pose__type_support.c.o[0m
[7.794s] [ 59%] [32m[1mLinking CXX shared library libuwb_msgs__rosidl_typesupport_c.so[0m
[7.918s] [ 61%] [32mBuilding C object CMakeFiles/uwb_msgs__rosidl_typesupport_introspection_c.dir/rosidl_typesupport_introspection_c/uwb_msgs/msg/detail/tag_position__type_support.c.o[0m
[8.008s] [ 61%] Built target uwb_msgs__rosidl_typesupport_c
[8.031s] [ 63%] [32mBuilding CXX object CMakeFiles/uwb_msgs__rosidl_typesupport_fastrtps_c.dir/rosidl_typesupport_fastrtps_c/uwb_msgs/msg/detail/pose__type_support_c.cpp.o[0m
[8.048s] [ 65%] [32m[1mLinking C shared library libuwb_msgs__rosidl_typesupport_introspection_c.so[0m
[8.136s] [ 68%] [32mBuilding CXX object CMakeFiles/uwb_msgs__rosidl_typesupport_fastrtps_c.dir/rosidl_typesupport_fastrtps_c/uwb_msgs/msg/detail/tag_position__type_support_c.cpp.o[0m
[8.163s] [ 68%] Built target uwb_msgs__rosidl_typesupport_introspection_c
[8.170s] [ 70%] [32m[1mLinking CXX shared library libuwb_msgs__rosidl_typesupport_cpp.so[0m
[8.359s] [ 70%] Built target uwb_msgs__rosidl_typesupport_cpp
[8.506s] [ 72%] [32m[1mLinking CXX shared library libuwb_msgs__rosidl_typesupport_introspection_cpp.so[0m
[8.588s] [ 74%] [32m[1mLinking CXX shared library libuwb_msgs__rosidl_typesupport_fastrtps_cpp.so[0m
[8.636s] [ 74%] Built target uwb_msgs__rosidl_typesupport_introspection_cpp
[8.779s] [ 74%] Built target uwb_msgs__rosidl_typesupport_fastrtps_cpp
[8.874s] [ 76%] [32m[1mLinking CXX shared library libuwb_msgs__rosidl_typesupport_fastrtps_c.so[0m
[8.993s] [ 76%] Built target uwb_msgs__rosidl_typesupport_fastrtps_c
[9.023s] [ 76%] Built target uwb_msgs
[9.059s] [ 78%] [34m[1mGenerating Python code for ROS interfaces[0m
[9.776s] [ 78%] Built target uwb_msgs__py
[9.806s] [ 85%] [32mBuilding C object CMakeFiles/uwb_msgs__rosidl_generator_py.dir/rosidl_generator_py/uwb_msgs/msg/_pose_s.c.o[0m
[9.807s] [ 85%] [32mBuilding C object CMakeFiles/uwb_msgs__rosidl_generator_py.dir/rosidl_generator_py/uwb_msgs/msg/_range_s.c.o[0m
[9.807s] [ 85%] [32mBuilding C object CMakeFiles/uwb_msgs__rosidl_generator_py.dir/rosidl_generator_py/uwb_msgs/msg/_tag_position_s.c.o[0m
[10.061s] [ 87%] [32m[1mLinking C shared library rosidl_generator_py/uwb_msgs/libuwb_msgs__rosidl_generator_py.so[0m
[10.131s] [ 87%] Built target uwb_msgs__rosidl_generator_py
[10.164s] [ 91%] [32mBuilding C object CMakeFiles/uwb_msgs__rosidl_typesupport_fastrtps_c__pyext.dir/rosidl_generator_py/uwb_msgs/_uwb_msgs_s.ep.rosidl_typesupport_fastrtps_c.c.o[0m
[10.165s] [ 91%] [32mBuilding C object CMakeFiles/uwb_msgs__rosidl_typesupport_introspection_c__pyext.dir/rosidl_generator_py/uwb_msgs/_uwb_msgs_s.ep.rosidl_typesupport_introspection_c.c.o[0m
[10.168s] [ 93%] [32mBuilding C object CMakeFiles/uwb_msgs__rosidl_typesupport_c__pyext.dir/rosidl_generator_py/uwb_msgs/_uwb_msgs_s.ep.rosidl_typesupport_c.c.o[0m
[10.362s] [ 97%] [32m[1mLinking C shared library rosidl_generator_py/uwb_msgs/uwb_msgs_s__rosidl_typesupport_introspection_c.cpython-310-x86_64-linux-gnu.so[0m
[10.362s] [ 97%] [32m[1mLinking C shared library rosidl_generator_py/uwb_msgs/uwb_msgs_s__rosidl_typesupport_c.cpython-310-x86_64-linux-gnu.so[0m
[10.372s] [100%] [32m[1mLinking C shared library rosidl_generator_py/uwb_msgs/uwb_msgs_s__rosidl_typesupport_fastrtps_c.cpython-310-x86_64-linux-gnu.so[0m
[10.427s] [100%] Built target uwb_msgs__rosidl_typesupport_c__pyext
[10.427s] [100%] Built target uwb_msgs__rosidl_typesupport_introspection_c__pyext
[10.443s] [100%] Built target uwb_msgs__rosidl_typesupport_fastrtps_c__pyext
[10.463s] Invoked command in '/workspace/safmc_uwb/ros/src/uwb_msgs/build/uwb_msgs' returned '0': CMAKE_PREFIX_PATH=${CMAKE_PREFIX_PATH}:/workspace/safmc_uwb/ros/install/uwb:/opt/ros/humble /usr/bin/cmake --build /workspace/safmc_uwb/ros/src/uwb_msgs/build/uwb_msgs -- -j12 -l12
[10.479s] Invoking command in '/workspace/safmc_uwb/ros/src/uwb_msgs/build/uwb_msgs': CMAKE_PREFIX_PATH=${CMAKE_PREFIX_PATH}:/workspace/safmc_uwb/ros/install/uwb:/opt/ros/humble /usr/bin/cmake --install /workspace/safmc_uwb/ros/src/uwb_msgs/build/uwb_msgs
[10.490s] -- Install configuration: ""
[10.491s] -- Installing: /workspace/safmc_uwb/ros/src/uwb_msgs/install/uwb_msgs/share/ament_index/resource_index/rosidl_interfaces/uwb_msgs
[10.492s] -- Installing: /workspace/safmc_uwb/ros/src/uwb_msgs/install/uwb_msgs/include/uwb_msgs/uwb_msgs
[10.493s] -- Installing: /workspace/safmc_uwb/ros/src/uwb_msgs/install/uwb_msgs/include/uwb_msgs/uwb_msgs/msg
[10.494s] -- Installing: /workspace/safmc_uwb/ros/src/uwb_msgs/install/uwb_msgs/include/uwb_msgs/uwb_msgs/msg/detail
[10.494s] -- Installing: /workspace/safmc_uwb/ros/src/uwb_msgs/install/uwb_msgs/include/uwb_msgs/uwb_msgs/msg/detail/tag_position__struct.h
[10.495s] -- Installing: /workspace/safmc_uwb/ros/src/uwb_msgs/install/uwb_msgs/include/uwb_msgs/uwb_msgs/msg/detail/range__type_support.h
[10.495s] -- Installing: /workspace/safmc_uwb/ros/src/uwb_msgs/install/uwb_msgs/include/uwb_msgs/uwb_msgs/msg/detail/pose__functions.h
[10.495s] -- Installing: /workspace/safmc_uwb/ros/src/uwb_msgs/install/uwb_msgs/include/uwb_msgs/uwb_msgs/msg/detail/pose__functions.c
[10.496s] -- Installing: /workspace/safmc_uwb/ros/src/uwb_msgs/install/uwb_msgs/include/uwb_msgs/uwb_msgs/msg/detail/pose__type_support.h
[10.496s] -- Installing: /workspace/safmc_uwb/ros/src/uwb_msgs/install/uwb_msgs/include/uwb_msgs/uwb_msgs/msg/detail/range__functions.c
[10.496s] -- Installing: /workspace/safmc_uwb/ros/src/uwb_msgs/install/uwb_msgs/include/uwb_msgs/uwb_msgs/msg/detail/range__functions.h
[10.497s] -- Installing: /workspace/safmc_uwb/ros/src/uwb_msgs/install/uwb_msgs/include/uwb_msgs/uwb_msgs/msg/detail/range__struct.h
[10.497s] -- Installing: /workspace/safmc_uwb/ros/src/uwb_msgs/install/uwb_msgs/include/uwb_msgs/uwb_msgs/msg/detail/pose__struct.h
[10.497s] -- Installing: /workspace/safmc_uwb/ros/src/uwb_msgs/install/uwb_msgs/include/uwb_msgs/uwb_msgs/msg/detail/tag_position__type_support.h
[10.498s] -- Installing: /workspace/safmc_uwb/ros/src/uwb_msgs/install/uwb_msgs/include/uwb_msgs/uwb_msgs/msg/detail/tag_position__functions.c
[10.498s] -- Installing: /workspace/safmc_uwb/ros/src/uwb_msgs/install/uwb_msgs/include/uwb_msgs/uwb_msgs/msg/detail/tag_position__functions.h
[10.499s] -- Installing: /workspace/safmc_uwb/ros/src/uwb_msgs/install/uwb_msgs/include/uwb_msgs/uwb_msgs/msg/tag_position.h
[10.499s] -- Installing: /workspace/safmc_uwb/ros/src/uwb_msgs/install/uwb_msgs/include/uwb_msgs/uwb_msgs/msg/range.h
[10.499s] -- Installing: /workspace/safmc_uwb/ros/src/uwb_msgs/install/uwb_msgs/include/uwb_msgs/uwb_msgs/msg/pose.h
[10.499s] -- Installing: /workspace/safmc_uwb/ros/src/uwb_msgs/install/uwb_msgs/include/uwb_msgs/uwb_msgs/msg/rosidl_generator_c__visibility_control.h
[10.501s] -- Installing: /workspace/safmc_uwb/ros/src/uwb_msgs/install/uwb_msgs/share/uwb_msgs/environment/library_path.sh
[10.501s] -- Installing: /workspace/safmc_uwb/ros/src/uwb_msgs/install/uwb_msgs/share/uwb_msgs/environment/library_path.dsv
[10.502s] -- Installing: /workspace/safmc_uwb/ros/src/uwb_msgs/install/uwb_msgs/lib/libuwb_msgs__rosidl_generator_c.so
[10.503s] -- Set runtime path of "/workspace/safmc_uwb/ros/src/uwb_msgs/install/uwb_msgs/lib/libuwb_msgs__rosidl_generator_c.so" to ""
[10.503s] -- Up-to-date: /workspace/safmc_uwb/ros/src/uwb_msgs/install/uwb_msgs/include/uwb_msgs/uwb_msgs
[10.504s] -- Up-to-date: /workspace/safmc_uwb/ros/src/uwb_msgs/install/uwb_msgs/include/uwb_msgs/uwb_msgs/msg
[10.504s] -- Installing: /workspace/safmc_uwb/ros/src/uwb_msgs/install/uwb_msgs/include/uwb_msgs/uwb_msgs/msg/rosidl_typesupport_fastrtps_c__visibility_control.h
[10.504s] -- Up-to-date: /workspace/safmc_uwb/ros/src/uwb_msgs/install/uwb_msgs/include/uwb_msgs/uwb_msgs/msg/detail
[10.505s] -- Installing: /workspace/safmc_uwb/ros/src/uwb_msgs/install/uwb_msgs/include/uwb_msgs/uwb_msgs/msg/detail/pose__rosidl_typesupport_fastrtps_c.h
[10.505s] -- Installing: /workspace/safmc_uwb/ros/src/uwb_msgs/install/uwb_msgs/include/uwb_msgs/uwb_msgs/msg/detail/range__rosidl_typesupport_fastrtps_c.h
[10.505s] -- Installing: /workspace/safmc_uwb/ros/src/uwb_msgs/install/uwb_msgs/include/uwb_msgs/uwb_msgs/msg/detail/tag_position__rosidl_typesupport_fastrtps_c.h
[10.505s] -- Installing: /workspace/safmc_uwb/ros/src/uwb_msgs/install/uwb_msgs/lib/libuwb_msgs__rosidl_typesupport_fastrtps_c.so
[10.506s] -- Set runtime path of "/workspace/safmc_uwb/ros/src/uwb_msgs/install/uwb_msgs/lib/libuwb_msgs__rosidl_typesupport_fastrtps_c.so" to ""
[10.506s] -- Up-to-date: /workspace/safmc_uwb/ros/src/uwb_msgs/install/uwb_msgs/include/uwb_msgs/uwb_msgs
[10.507s] -- Up-to-date: /workspace/safmc_uwb/ros/src/uwb_msgs/install/uwb_msgs/include/uwb_msgs/uwb_msgs/msg
[10.507s] -- Up-to-date: /workspace/safmc_uwb/ros/src/uwb_msgs/install/uwb_msgs/include/uwb_msgs/uwb_msgs/msg/detail
[10.507s] -- Installing: /workspace/safmc_uwb/ros/src/uwb_msgs/install/uwb_msgs/include/uwb_msgs/uwb_msgs/msg/detail/tag_position__rosidl_typesupport_introspection_c.h
[10.508s] -- Installing: /workspace/safmc_uwb/ros/src/uwb_msgs/install/uwb_msgs/include/uwb_msgs/uwb_msgs/msg/detail/pose__rosidl_typesupport_introspection_c.h
[10.508s] -- Installing: /workspace/safmc_uwb/ros/src/uwb_msgs/install/uwb_msgs/include/uwb_msgs/uwb_msgs/msg/detail/pose__type_support.c
[10.508s] -- Installing: /workspace/safmc_uwb/ros/src/uwb_msgs/install/uwb_msgs/include/uwb_msgs/uwb_msgs/msg/detail/range__type_support.c
[10.508s] -- Installing: /workspace/safmc_uwb/ros/src/uwb_msgs/install/uwb_msgs/include/uwb_msgs/uwb_msgs/msg/detail/range__rosidl_typesupport_introspection_c.h
[10.509s] -- Installing: /workspace/safmc_uwb/ros/src/uwb_msgs/install/uwb_msgs/include/uwb_msgs/uwb_msgs/msg/detail/tag_position__type_support.c
[10.509s] -- Installing: /workspace/safmc_uwb/ros/src/uwb_msgs/install/uwb_msgs/include/uwb_msgs/uwb_msgs/msg/rosidl_typesupport_introspection_c__visibility_control.h
[10.509s] -- Installing: /workspace/safmc_uwb/ros/src/uwb_msgs/install/uwb_msgs/lib/libuwb_msgs__rosidl_typesupport_introspection_c.so
[10.509s] -- Set runtime path of "/workspace/safmc_uwb/ros/src/uwb_msgs/install/uwb_msgs/lib/libuwb_msgs__rosidl_typesupport_introspection_c.so" to ""
[10.509s] -- Installing: /workspace/safmc_uwb/ros/src/uwb_msgs/install/uwb_msgs/lib/libuwb_msgs__rosidl_typesupport_c.so
[10.510s] -- Set runtime path of "/workspace/safmc_uwb/ros/src/uwb_msgs/install/uwb_msgs/lib/libuwb_msgs__rosidl_typesupport_c.so" to ""
[10.510s] -- Up-to-date: /workspace/safmc_uwb/ros/src/uwb_msgs/install/uwb_msgs/include/uwb_msgs/uwb_msgs
[10.511s] -- Up-to-date: /workspace/safmc_uwb/ros/src/uwb_msgs/install/uwb_msgs/include/uwb_msgs/uwb_msgs/msg
[10.511s] -- Installing: /workspace/safmc_uwb/ros/src/uwb_msgs/install/uwb_msgs/include/uwb_msgs/uwb_msgs/msg/tag_position.hpp
[10.511s] -- Up-to-date: /workspace/safmc_uwb/ros/src/uwb_msgs/install/uwb_msgs/include/uwb_msgs/uwb_msgs/msg/detail
[10.512s] -- Installing: /workspace/safmc_uwb/ros/src/uwb_msgs/install/uwb_msgs/include/uwb_msgs/uwb_msgs/msg/detail/pose__type_support.hpp
[10.512s] -- Installing: /workspace/safmc_uwb/ros/src/uwb_msgs/install/uwb_msgs/include/uwb_msgs/uwb_msgs/msg/detail/tag_position__traits.hpp
[10.513s] -- Installing: /workspace/safmc_uwb/ros/src/uwb_msgs/install/uwb_msgs/include/uwb_msgs/uwb_msgs/msg/detail/pose__builder.hpp
[10.513s] -- Installing: /workspace/safmc_uwb/ros/src/uwb_msgs/install/uwb_msgs/include/uwb_msgs/uwb_msgs/msg/detail/tag_position__struct.hpp
[10.513s] -- Installing: /workspace/safmc_uwb/ros/src/uwb_msgs/install/uwb_msgs/include/uwb_msgs/uwb_msgs/msg/detail/range__struct.hpp
[10.514s] -- Installing: /workspace/safmc_uwb/ros/src/uwb_msgs/install/uwb_msgs/include/uwb_msgs/uwb_msgs/msg/detail/tag_position__builder.hpp
[10.514s] -- Installing: /workspace/safmc_uwb/ros/src/uwb_msgs/install/uwb_msgs/include/uwb_msgs/uwb_msgs/msg/detail/range__traits.hpp
[10.514s] -- Installing: /workspace/safmc_uwb/ros/src/uwb_msgs/install/uwb_msgs/include/uwb_msgs/uwb_msgs/msg/detail/pose__traits.hpp
[10.514s] -- Installing: /workspace/safmc_uwb/ros/src/uwb_msgs/install/uwb_msgs/include/uwb_msgs/uwb_msgs/msg/detail/tag_position__type_support.hpp
[10.515s] -- Installing: /workspace/safmc_uwb/ros/src/uwb_msgs/install/uwb_msgs/include/uwb_msgs/uwb_msgs/msg/detail/range__type_support.hpp
[10.515s] -- Installing: /workspace/safmc_uwb/ros/src/uwb_msgs/install/uwb_msgs/include/uwb_msgs/uwb_msgs/msg/detail/range__builder.hpp
[10.515s] -- Installing: /workspace/safmc_uwb/ros/src/uwb_msgs/install/uwb_msgs/include/uwb_msgs/uwb_msgs/msg/detail/pose__struct.hpp
[10.515s] -- Installing: /workspace/safmc_uwb/ros/src/uwb_msgs/install/uwb_msgs/include/uwb_msgs/uwb_msgs/msg/range.hpp
[10.516s] -- Installing: /workspace/safmc_uwb/ros/src/uwb_msgs/install/uwb_msgs/include/uwb_msgs/uwb_msgs/msg/pose.hpp
[10.516s] -- Installing: /workspace/safmc_uwb/ros/src/uwb_msgs/install/uwb_msgs/include/uwb_msgs/uwb_msgs/msg/rosidl_generator_cpp__visibility_control.hpp
[10.517s] -- Up-to-date: /workspace/safmc_uwb/ros/src/uwb_msgs/install/uwb_msgs/include/uwb_msgs/uwb_msgs
[10.517s] -- Up-to-date: /workspace/safmc_uwb/ros/src/uwb_msgs/install/uwb_msgs/include/uwb_msgs/uwb_msgs/msg
[10.517s] -- Installing: /workspace/safmc_uwb/ros/src/uwb_msgs/install/uwb_msgs/include/uwb_msgs/uwb_msgs/msg/rosidl_typesupport_fastrtps_cpp__visibility_control.h
[10.517s] -- Up-to-date: /workspace/safmc_uwb/ros/src/uwb_msgs/install/uwb_msgs/include/uwb_msgs/uwb_msgs/msg/detail
[10.517s] -- Installing: /workspace/safmc_uwb/ros/src/uwb_msgs/install/uwb_msgs/include/uwb_msgs/uwb_msgs/msg/detail/range__rosidl_typesupport_fastrtps_cpp.hpp
[10.517s] -- Installing: /workspace/safmc_uwb/ros/src/uwb_msgs/install/uwb_msgs/include/uwb_msgs/uwb_msgs/msg/detail/pose__rosidl_typesupport_fastrtps_cpp.hpp
[10.517s] -- Installing: /workspace/safmc_uwb/ros/src/uwb_msgs/install/uwb_msgs/include/uwb_msgs/uwb_msgs/msg/detail/tag_position__rosidl_typesupport_fastrtps_cpp.hpp
[10.518s] -- Installing: /workspace/safmc_uwb/ros/src/uwb_msgs/install/uwb_msgs/include/uwb_msgs/uwb_msgs/msg/detail/dds_fastrtps
[10.518s] -- Installing: /workspace/safmc_uwb/ros/src/uwb_msgs/install/uwb_msgs/lib/libuwb_msgs__rosidl_typesupport_fastrtps_cpp.so
[10.518s] -- Set runtime path of "/workspace/safmc_uwb/ros/src/uwb_msgs/install/uwb_msgs/lib/libuwb_msgs__rosidl_typesupport_fastrtps_cpp.so" to ""
[10.518s] -- Up-to-date: /workspace/safmc_uwb/ros/src/uwb_msgs/install/uwb_msgs/include/uwb_msgs/uwb_msgs
[10.519s] -- Up-to-date: /workspace/safmc_uwb/ros/src/uwb_msgs/install/uwb_msgs/include/uwb_msgs/uwb_msgs/msg
[10.519s] -- Up-to-date: /workspace/safmc_uwb/ros/src/uwb_msgs/install/uwb_msgs/include/uwb_msgs/uwb_msgs/msg/detail
[10.519s] -- Installing: /workspace/safmc_uwb/ros/src/uwb_msgs/install/uwb_msgs/include/uwb_msgs/uwb_msgs/msg/detail/range__rosidl_typesupport_introspection_cpp.hpp
[10.519s] -- Installing: /workspace/safmc_uwb/ros/src/uwb_msgs/install/uwb_msgs/include/uwb_msgs/uwb_msgs/msg/detail/pose__type_support.cpp
[10.519s] -- Installing: /workspace/safmc_uwb/ros/src/uwb_msgs/install/uwb_msgs/include/uwb_msgs/uwb_msgs/msg/detail/tag_position__type_support.cpp
[10.519s] -- Installing: /workspace/safmc_uwb/ros/src/uwb_msgs/install/uwb_msgs/include/uwb_msgs/uwb_msgs/msg/detail/range__type_support.cpp
[10.520s] -- Installing: /workspace/safmc_uwb/ros/src/uwb_msgs/install/uwb_msgs/include/uwb_msgs/uwb_msgs/msg/detail/pose__rosidl_typesupport_introspection_cpp.hpp
[10.520s] -- Installing: /workspace/safmc_uwb/ros/src/uwb_msgs/install/uwb_msgs/include/uwb_msgs/uwb_msgs/msg/detail/tag_position__rosidl_typesupport_introspection_cpp.hpp
[10.520s] -- Installing: /workspace/safmc_uwb/ros/src/uwb_msgs/install/uwb_msgs/lib/libuwb_msgs__rosidl_typesupport_introspection_cpp.so
[10.521s] -- Set runtime path of "/workspace/safmc_uwb/ros/src/uwb_msgs/install/uwb_msgs/lib/libuwb_msgs__rosidl_typesupport_introspection_cpp.so" to ""
[10.521s] -- Installing: /workspace/safmc_uwb/ros/src/uwb_msgs/install/uwb_msgs/lib/libuwb_msgs__rosidl_typesupport_cpp.so
[10.522s] -- Set runtime path of "/workspace/safmc_uwb/ros/src/uwb_msgs/install/uwb_msgs/lib/libuwb_msgs__rosidl_typesupport_cpp.so" to ""
[10.522s] -- Installing: /workspace/safmc_uwb/ros/src/uwb_msgs/install/uwb_msgs/share/uwb_msgs/environment/pythonpath.sh
[10.523s] -- Installing: /workspace/safmc_uwb/ros/src/uwb_msgs/install/uwb_msgs/share/uwb_msgs/environment/pythonpath.dsv
[10.523s] -- Installing: /workspace/safmc_uwb/ros/src/uwb_msgs/install/uwb_msgs/local/lib/python3.10/dist-packages/uwb_msgs-0.0.0-py3.10.egg-info
[10.524s] -- Installing: /workspace/safmc_uwb/ros/src/uwb_msgs/install/uwb_msgs/local/lib/python3.10/dist-packages/uwb_msgs-0.0.0-py3.10.egg-info/top_level.txt
[10.525s] -- Installing: /workspace/safmc_uwb/ros/src/uwb_msgs/install/uwb_msgs/local/lib/python3.10/dist-packages/uwb_msgs-0.0.0-py3.10.egg-info/SOURCES.txt
[10.525s] -- Installing: /workspace/safmc_uwb/ros/src/uwb_msgs/install/uwb_msgs/local/lib/python3.10/dist-packages/uwb_msgs-0.0.0-py3.10.egg-info/PKG-INFO
[10.525s] -- Installing: /workspace/safmc_uwb/ros/src/uwb_msgs/install/uwb_msgs/local/lib/python3.10/dist-packages/uwb_msgs-0.0.0-py3.10.egg-info/dependency_links.txt
[10.526s] -- Installing: /workspace/safmc_uwb/ros/src/uwb_msgs/install/uwb_msgs/local/lib/python3.10/dist-packages/uwb_msgs
[10.526s] -- Installing: /workspace/safmc_uwb/ros/src/uwb_msgs/install/uwb_msgs/local/lib/python3.10/dist-packages/uwb_msgs/uwb_msgs_s__rosidl_typesupport_fastrtps_c.cpython-310-x86_64-linux-gnu.so
[10.526s] -- Installing: /workspace/safmc_uwb/ros/src/uwb_msgs/install/uwb_msgs/local/lib/python3.10/dist-packages/uwb_msgs/msg
[10.527s] -- Installing: /workspace/safmc_uwb/ros/src/uwb_msgs/install/uwb_msgs/local/lib/python3.10/dist-packages/uwb_msgs/msg/_range_s.c
[10.527s] -- Installing: /workspace/safmc_uwb/ros/src/uwb_msgs/install/uwb_msgs/local/lib/python3.10/dist-packages/uwb_msgs/msg/_tag_position.py
[10.527s] -- Installing: /workspace/safmc_uwb/ros/src/uwb_msgs/install/uwb_msgs/local/lib/python3.10/dist-packages/uwb_msgs/msg/_range.py
[10.528s] -- Installing: /workspace/safmc_uwb/ros/src/uwb_msgs/install/uwb_msgs/local/lib/python3.10/dist-packages/uwb_msgs/msg/_pose_s.c
[10.528s] -- Installing: /workspace/safmc_uwb/ros/src/uwb_msgs/install/uwb_msgs/local/lib/python3.10/dist-packages/uwb_msgs/msg/_tag_position_s.c
[10.528s] -- Installing: /workspace/safmc_uwb/ros/src/uwb_msgs/install/uwb_msgs/local/lib/python3.10/dist-packages/uwb_msgs/msg/_pose.py
[10.529s] -- Installing: /workspace/safmc_uwb/ros/src/uwb_msgs/install/uwb_msgs/local/lib/python3.10/dist-packages/uwb_msgs/msg/__init__.py
[10.529s] -- Installing: /workspace/safmc_uwb/ros/src/uwb_msgs/install/uwb_msgs/local/lib/python3.10/dist-packages/uwb_msgs/_uwb_msgs_s.ep.rosidl_typesupport_introspection_c.c
[10.529s] -- Installing: /workspace/safmc_uwb/ros/src/uwb_msgs/install/uwb_msgs/local/lib/python3.10/dist-packages/uwb_msgs/uwb_msgs_s__rosidl_typesupport_c.cpython-310-x86_64-linux-gnu.so
[10.529s] -- Installing: /workspace/safmc_uwb/ros/src/uwb_msgs/install/uwb_msgs/local/lib/python3.10/dist-packages/uwb_msgs/libuwb_msgs__rosidl_generator_py.so
[10.530s] -- Installing: /workspace/safmc_uwb/ros/src/uwb_msgs/install/uwb_msgs/local/lib/python3.10/dist-packages/uwb_msgs/_uwb_msgs_s.ep.rosidl_typesupport_c.c
[10.530s] -- Installing: /workspace/safmc_uwb/ros/src/uwb_msgs/install/uwb_msgs/local/lib/python3.10/dist-packages/uwb_msgs/_uwb_msgs_s.ep.rosidl_typesupport_fastrtps_c.c
[10.531s] -- Installing: /workspace/safmc_uwb/ros/src/uwb_msgs/install/uwb_msgs/local/lib/python3.10/dist-packages/uwb_msgs/uwb_msgs_s__rosidl_typesupport_introspection_c.cpython-310-x86_64-linux-gnu.so
[10.531s] -- Installing: /workspace/safmc_uwb/ros/src/uwb_msgs/install/uwb_msgs/local/lib/python3.10/dist-packages/uwb_msgs/__init__.py
[10.606s] Listing '/workspace/safmc_uwb/ros/src/uwb_msgs/install/uwb_msgs/local/lib/python3.10/dist-packages/uwb_msgs'...
[10.606s] Compiling '/workspace/safmc_uwb/ros/src/uwb_msgs/install/uwb_msgs/local/lib/python3.10/dist-packages/uwb_msgs/__init__.py'...
[10.606s] Listing '/workspace/safmc_uwb/ros/src/uwb_msgs/install/uwb_msgs/local/lib/python3.10/dist-packages/uwb_msgs/msg'...
[10.606s] Compiling '/workspace/safmc_uwb/ros/src/uwb_msgs/install/uwb_msgs/local/lib/python3.10/dist-packages/uwb_msgs/msg/__init__.py'...
[10.607s] Compiling '/workspace/safmc_uwb/ros/src/uwb_msgs/install/uwb_msgs/local/lib/python3.10/dist-packages/uwb_msgs/msg/_pose.py'...
[10.607s] Compiling '/workspace/safmc_uwb/ros/src/uwb_msgs/install/uwb_msgs/local/lib/python3.10/dist-packages/uwb_msgs/msg/_range.py'...
[10.607s] Compiling '/workspace/safmc_uwb/ros/src/uwb_msgs/install/uwb_msgs/local/lib/python3.10/dist-packages/uwb_msgs/msg/_tag_position.py'...
[10.618s] -- Installing: /workspace/safmc_uwb/ros/src/uwb_msgs/install/uwb_msgs/local/lib/python3.10/dist-packages/uwb_msgs/uwb_msgs_s__rosidl_typesupport_fastrtps_c.cpython-310-x86_64-linux-gnu.so
[10.619s] -- Set runtime path of "/workspace/safmc_uwb/ros/src/uwb_msgs/install/uwb_msgs/local/lib/python3.10/dist-packages/uwb_msgs/uwb_msgs_s__rosidl_typesupport_fastrtps_c.cpython-310-x86_64-linux-gnu.so" to ""
[10.619s] -- Installing: /workspace/safmc_uwb/ros/src/uwb_msgs/install/uwb_msgs/local/lib/python3.10/dist-packages/uwb_msgs/uwb_msgs_s__rosidl_typesupport_introspection_c.cpython-310-x86_64-linux-gnu.so
[10.620s] -- Set runtime path of "/workspace/safmc_uwb/ros/src/uwb_msgs/install/uwb_msgs/local/lib/python3.10/dist-packages/uwb_msgs/uwb_msgs_s__rosidl_typesupport_introspection_c.cpython-310-x86_64-linux-gnu.so" to ""
[10.620s] -- Installing: /workspace/safmc_uwb/ros/src/uwb_msgs/install/uwb_msgs/local/lib/python3.10/dist-packages/uwb_msgs/uwb_msgs_s__rosidl_typesupport_c.cpython-310-x86_64-linux-gnu.so
[10.622s] -- Set runtime path of "/workspace/safmc_uwb/ros/src/uwb_msgs/install/uwb_msgs/local/lib/python3.10/dist-packages/uwb_msgs/uwb_msgs_s__rosidl_typesupport_c.cpython-310-x86_64-linux-gnu.so" to ""
[10.622s] -- Installing: /workspace/safmc_uwb/ros/src/uwb_msgs/install/uwb_msgs/lib/libuwb_msgs__rosidl_generator_py.so
[10.622s] -- Set runtime path of "/workspace/safmc_uwb/ros/src/uwb_msgs/install/uwb_msgs/lib/libuwb_msgs__rosidl_generator_py.so" to ""
[10.623s] -- Installing: /workspace/safmc_uwb/ros/src/uwb_msgs/install/uwb_msgs/share/uwb_msgs/msg/Range.idl
[10.624s] -- Installing: /workspace/safmc_uwb/ros/src/uwb_msgs/install/uwb_msgs/share/uwb_msgs/msg/Pose.idl
[10.624s] -- Installing: /workspace/safmc_uwb/ros/src/uwb_msgs/install/uwb_msgs/share/uwb_msgs/msg/TagPosition.idl
[10.625s] -- Installing: /workspace/safmc_uwb/ros/src/uwb_msgs/install/uwb_msgs/share/uwb_msgs/msg/Range.msg
[10.625s] -- Installing: /workspace/safmc_uwb/ros/src/uwb_msgs/install/uwb_msgs/share/uwb_msgs/msg/Pose.msg
[10.625s] -- Installing: /workspace/safmc_uwb/ros/src/uwb_msgs/install/uwb_msgs/share/uwb_msgs/msg/TagPosition.msg
[10.626s] -- Installing: /workspace/safmc_uwb/ros/src/uwb_msgs/install/uwb_msgs/share/ament_index/resource_index/package_run_dependencies/uwb_msgs
[10.627s] -- Installing: /workspace/safmc_uwb/ros/src/uwb_msgs/install/uwb_msgs/share/ament_index/resource_index/parent_prefix_path/uwb_msgs
[10.628s] -- Installing: /workspace/safmc_uwb/ros/src/uwb_msgs/install/uwb_msgs/share/uwb_msgs/environment/ament_prefix_path.sh
[10.628s] -- Installing: /workspace/safmc_uwb/ros/src/uwb_msgs/install/uwb_msgs/share/uwb_msgs/environment/ament_prefix_path.dsv
[10.629s] -- Installing: /workspace/safmc_uwb/ros/src/uwb_msgs/install/uwb_msgs/share/uwb_msgs/environment/path.sh
[10.629s] -- Installing: /workspace/safmc_uwb/ros/src/uwb_msgs/install/uwb_msgs/share/uwb_msgs/environment/path.dsv
[10.630s] -- Installing: /workspace/safmc_uwb/ros/src/uwb_msgs/install/uwb_msgs/share/uwb_msgs/local_setup.bash
[10.630s] -- Installing: /workspace/safmc_uwb/ros/src/uwb_msgs/install/uwb_msgs/share/uwb_msgs/local_setup.sh
[10.631s] -- Installing: /workspace/safmc_uwb/ros/src/uwb_msgs/install/uwb_msgs/share/uwb_msgs/local_setup.zsh
[10.631s] -- Installing: /workspace/safmc_uwb/ros/src/uwb_msgs/install/uwb_msgs/share/uwb_msgs/local_setup.dsv
[10.632s] -- Installing: /workspace/safmc_uwb/ros/src/uwb_msgs/install/uwb_msgs/share/uwb_msgs/package.dsv
[10.633s] -- Installing: /workspace/safmc_uwb/ros/src/uwb_msgs/install/uwb_msgs/share/ament_index/resource_index/packages/uwb_msgs
[10.635s] -- Installing: /workspace/safmc_uwb/ros/src/uwb_msgs/install/uwb_msgs/share/uwb_msgs/cmake/export_uwb_msgs__rosidl_generator_cExport.cmake
[10.635s] -- Installing: /workspace/safmc_uwb/ros/src/uwb_msgs/install/uwb_msgs/share/uwb_msgs/cmake/export_uwb_msgs__rosidl_generator_cExport-noconfig.cmake
[10.636s] -- Installing: /workspace/safmc_uwb/ros/src/uwb_msgs/install/uwb_msgs/share/uwb_msgs/cmake/export_uwb_msgs__rosidl_typesupport_fastrtps_cExport.cmake
[10.636s] -- Installing: /workspace/safmc_uwb/ros/src/uwb_msgs/install/uwb_msgs/share/uwb_msgs/cmake/export_uwb_msgs__rosidl_typesupport_fastrtps_cExport-noconfig.cmake
[10.637s] -- Installing: /workspace/safmc_uwb/ros/src/uwb_msgs/install/uwb_msgs/share/uwb_msgs/cmake/uwb_msgs__rosidl_typesupport_introspection_cExport.cmake
[10.637s] -- Installing: /workspace/safmc_uwb/ros/src/uwb_msgs/install/uwb_msgs/share/uwb_msgs/cmake/uwb_msgs__rosidl_typesupport_introspection_cExport-noconfig.cmake
[10.637s] -- Installing: /workspace/safmc_uwb/ros/src/uwb_msgs/install/uwb_msgs/share/uwb_msgs/cmake/uwb_msgs__rosidl_typesupport_cExport.cmake
[10.638s] -- Installing: /workspace/safmc_uwb/ros/src/uwb_msgs/install/uwb_msgs/share/uwb_msgs/cmake/uwb_msgs__rosidl_typesupport_cExport-noconfig.cmake
[10.639s] -- Installing: /workspace/safmc_uwb/ros/src/uwb_msgs/install/uwb_msgs/share/uwb_msgs/cmake/export_uwb_msgs__rosidl_generator_cppExport.cmake
[10.639s] -- Installing: /workspace/safmc_uwb/ros/src/uwb_msgs/install/uwb_msgs/share/uwb_msgs/cmake/export_uwb_msgs__rosidl_typesupport_fastrtps_cppExport.cmake
[10.639s] -- Installing: /workspace/safmc_uwb/ros/src/uwb_msgs/install/uwb_msgs/share/uwb_msgs/cmake/export_uwb_msgs__rosidl_typesupport_fastrtps_cppExport-noconfig.cmake
[10.640s] -- Installing: /workspace/safmc_uwb/ros/src/uwb_msgs/install/uwb_msgs/share/uwb_msgs/cmake/uwb_msgs__rosidl_typesupport_introspection_cppExport.cmake
[10.640s] -- Installing: /workspace/safmc_uwb/ros/src/uwb_msgs/install/uwb_msgs/share/uwb_msgs/cmake/uwb_msgs__rosidl_typesupport_introspection_cppExport-noconfig.cmake
[10.641s] -- Installing: /workspace/safmc_uwb/ros/src/uwb_msgs/install/uwb_msgs/share/uwb_msgs/cmake/uwb_msgs__rosidl_typesupport_cppExport.cmake
[10.641s] -- Installing: /workspace/safmc_uwb/ros/src/uwb_msgs/install/uwb_msgs/share/uwb_msgs/cmake/uwb_msgs__rosidl_typesupport_cppExport-noconfig.cmake
[10.641s] -- Installing: /workspace/safmc_uwb/ros/src/uwb_msgs/install/uwb_msgs/share/uwb_msgs/cmake/export_uwb_msgs__rosidl_generator_pyExport.cmake
[10.642s] -- Installing: /workspace/safmc_uwb/ros/src/uwb_msgs/install/uwb_msgs/share/uwb_msgs/cmake/export_uwb_msgs__rosidl_generator_pyExport-noconfig.cmake
[10.642s] -- Installing: /workspace/safmc_uwb/ros/src/uwb_msgs/install/uwb_msgs/share/uwb_msgs/cmake/rosidl_cmake-extras.cmake
[10.643s] -- Installing: /workspace/safmc_uwb/ros/src/uwb_msgs/install/uwb_msgs/share/uwb_msgs/cmake/ament_cmake_export_dependencies-extras.cmake
[10.643s] -- Installing: /workspace/safmc_uwb/ros/src/uwb_msgs/install/uwb_msgs/share/uwb_msgs/cmake/ament_cmake_export_include_directories-extras.cmake
[10.644s] -- Installing: /workspace/safmc_uwb/ros/src/uwb_msgs/install/uwb_msgs/share/uwb_msgs/cmake/ament_cmake_export_libraries-extras.cmake
[10.644s] -- Installing: /workspace/safmc_uwb/ros/src/uwb_msgs/install/uwb_msgs/share/uwb_msgs/cmake/ament_cmake_export_targets-extras.cmake
[10.644s] -- Installing: /workspace/safmc_uwb/ros/src/uwb_msgs/install/uwb_msgs/share/uwb_msgs/cmake/rosidl_cmake_export_typesupport_targets-extras.cmake
[10.645s] -- Installing: /workspace/safmc_uwb/ros/src/uwb_msgs/install/uwb_msgs/share/uwb_msgs/cmake/rosidl_cmake_export_typesupport_libraries-extras.cmake
[10.645s] -- Installing: /workspace/safmc_uwb/ros/src/uwb_msgs/install/uwb_msgs/share/uwb_msgs/cmake/uwb_msgsConfig.cmake
[10.646s] -- Installing: /workspace/safmc_uwb/ros/src/uwb_msgs/install/uwb_msgs/share/uwb_msgs/cmake/uwb_msgsConfig-version.cmake
[10.646s] -- Installing: /workspace/safmc_uwb/ros/src/uwb_msgs/install/uwb_msgs/share/uwb_msgs/package.xml
[10.652s] Invoked command in '/workspace/safmc_uwb/ros/src/uwb_msgs/build/uwb_msgs' returned '0': CMAKE_PREFIX_PATH=${CMAKE_PREFIX_PATH}:/workspace/safmc_uwb/ros/install/uwb:/opt/ros/humble /usr/bin/cmake --install /workspace/safmc_uwb/ros/src/uwb_msgs/build/uwb_msgs
