[1.447s] Invoking command in '/home/Judy/safmc_uwb/ros/src/uwb': PYTHONPATH=/home/Judy/safmc_uwb/ros/build/uwb/prefix_override:/usr/lib/python3/dist-packages/colcon_core/task/python/colcon_distutils_commands:/home/Judy/safmc_uwb/ros/install/uwb/lib/python3.10/site-packages:${PYTHONPATH} /usr/bin/python3 -W ignore:setup.py install is deprecated -W ignore:easy_install command is deprecated setup.py egg_info --egg-base ../../build/uwb build --build-base /home/Judy/safmc_uwb/ros/build/uwb/build install --record /home/Judy/safmc_uwb/ros/build/uwb/install.log --single-version-externally-managed install_data
[1.956s] running egg_info
[1.957s] writing ../../build/uwb/uwb.egg-info/PKG-INFO
[1.958s] writing dependency_links to ../../build/uwb/uwb.egg-info/dependency_links.txt
[1.958s] writing entry points to ../../build/uwb/uwb.egg-info/entry_points.txt
[1.959s] writing requirements to ../../build/uwb/uwb.egg-info/requires.txt
[1.959s] writing top-level names to ../../build/uwb/uwb.egg-info/top_level.txt
[1.964s] reading manifest file '../../build/uwb/uwb.egg-info/SOURCES.txt'
[1.964s] writing manifest file '../../build/uwb/uwb.egg-info/SOURCES.txt'
[1.965s] running build
[1.965s] running build_py
[1.966s] running install
[1.966s] running install_lib
[1.968s] byte-compiling /home/Judy/safmc_uwb/ros/install/uwb/lib/python3.10/site-packages/uwb/uwb.py to uwb.cpython-310.pyc
[1.969s]   File "/home/Judy/safmc_uwb/ros/install/uwb/lib/python3.10/site-packages/uwb/uwb.py", line 24
[1.969s]     from scipy import minimizesudo apt update
[1.970s]                                    ^^^
[1.970s] SyntaxError: invalid syntax
[1.970s] 
[1.970s] running install_data
[1.970s] running install_egg_info
[1.972s] removing '/home/Judy/safmc_uwb/ros/install/uwb/lib/python3.10/site-packages/uwb-0.0.0-py3.10.egg-info' (and everything under it)
[1.973s] Copying ../../build/uwb/uwb.egg-info to /home/Judy/safmc_uwb/ros/install/uwb/lib/python3.10/site-packages/uwb-0.0.0-py3.10.egg-info
[1.974s] running install_scripts
[2.007s] Installing uwb script to /home/Judy/safmc_uwb/ros/install/uwb/lib/uwb
[2.008s] writing list of installed files to '/home/Judy/safmc_uwb/ros/build/uwb/install.log'
[2.054s] Invoked command in '/home/Judy/safmc_uwb/ros/src/uwb' returned '0': PYTHONPATH=/home/Judy/safmc_uwb/ros/build/uwb/prefix_override:/usr/lib/python3/dist-packages/colcon_core/task/python/colcon_distutils_commands:/home/Judy/safmc_uwb/ros/install/uwb/lib/python3.10/site-packages:${PYTHONPATH} /usr/bin/python3 -W ignore:setup.py install is deprecated -W ignore:easy_install command is deprecated setup.py egg_info --egg-base ../../build/uwb build --build-base /home/Judy/safmc_uwb/ros/build/uwb/build install --record /home/Judy/safmc_uwb/ros/build/uwb/install.log --single-version-externally-managed install_data
