[0.216s] DEBUG:colcon:Command line arguments: ['/usr/bin/colcon', 'build']
[0.217s] DEBUG:colcon:Parsed command line arguments: Namespace(log_base=None, log_level=None, verb_name='build', build_base='build', install_base='install', merge_install=False, symlink_install=False, test_result_base=None, continue_on_error=False, executor='parallel', parallel_workers=12, event_handlers=None, ignore_user_meta=False, metas=['./colcon.meta'], base_paths=['.'], packages_ignore=None, packages_ignore_regex=None, paths=None, packages_up_to=None, packages_up_to_regex=None, packages_above=None, packages_above_and_dependencies=None, packages_above_depth=None, packages_select_by_dep=None, packages_skip_by_dep=None, packages_skip_up_to=None, packages_select_build_failed=False, packages_skip_build_finished=False, packages_select_test_failures=False, packages_skip_test_passed=False, packages_select=None, packages_skip=None, packages_select_regex=None, packages_skip_regex=None, packages_start=None, packages_end=None, allow_overriding=[], cmake_args=None, cmake_target=None, cmake_target_skip_unavailable=False, cmake_clean_cache=False, cmake_clean_first=False, cmake_force_configure=False, ament_cmake_args=None, catkin_cmake_args=None, catkin_skip_building_tests=False, mixin_files=None, mixin=None, verb_parser=<colcon_mixin.mixin.mixin_argument.MixinArgumentDecorator object at 0x7f5f18f36620>, verb_extension=<colcon_core.verb.build.BuildVerb object at 0x7f5f1902fb80>, main=<bound method BuildVerb.main of <colcon_core.verb.build.BuildVerb object at 0x7f5f1902fb80>>, mixin_verb=('build',))
[0.541s] Level 1:colcon.colcon_core.package_discovery:discover_packages(colcon_meta) check parameters
[0.541s] Level 1:colcon.colcon_core.package_discovery:discover_packages(recursive) check parameters
[0.541s] Level 1:colcon.colcon_core.package_discovery:discover_packages(ignore) check parameters
[0.541s] Level 1:colcon.colcon_core.package_discovery:discover_packages(path) check parameters
[0.541s] Level 1:colcon.colcon_core.package_discovery:discover_packages(colcon_meta) discover
[0.542s] Level 1:colcon.colcon_core.package_discovery:discover_packages(recursive) discover
[0.542s] INFO:colcon.colcon_core.package_discovery:Crawling recursively for packages in '/workspace/safmc_uwb/ros/src'
[0.542s] Level 1:colcon.colcon_core.package_identification:_identify(.) by extensions ['ignore', 'ignore_ament_install']
[0.542s] Level 1:colcon.colcon_core.package_identification:_identify(.) by extension 'ignore'
[0.542s] Level 1:colcon.colcon_core.package_identification:_identify(.) by extension 'ignore_ament_install'
[0.543s] Level 1:colcon.colcon_core.package_identification:_identify(.) by extensions ['colcon_pkg']
[0.543s] Level 1:colcon.colcon_core.package_identification:_identify(.) by extension 'colcon_pkg'
[0.543s] Level 1:colcon.colcon_core.package_identification:_identify(.) by extensions ['colcon_meta']
[0.543s] Level 1:colcon.colcon_core.package_identification:_identify(.) by extension 'colcon_meta'
[0.543s] Level 1:colcon.colcon_core.package_identification:_identify(.) by extensions ['ros']
[0.543s] Level 1:colcon.colcon_core.package_identification:_identify(.) by extension 'ros'
[0.571s] Level 1:colcon.colcon_core.package_identification:_identify(.) by extensions ['cmake', 'python']
[0.571s] Level 1:colcon.colcon_core.package_identification:_identify(.) by extension 'cmake'
[0.571s] Level 1:colcon.colcon_core.package_identification:_identify(.) by extension 'python'
[0.571s] Level 1:colcon.colcon_core.package_identification:_identify(.) by extensions ['python_setup_py']
[0.571s] Level 1:colcon.colcon_core.package_identification:_identify(.) by extension 'python_setup_py'
[0.572s] Level 1:colcon.colcon_core.package_identification:_identify(build) by extensions ['ignore', 'ignore_ament_install']
[0.572s] Level 1:colcon.colcon_core.package_identification:_identify(build) by extension 'ignore'
[0.572s] Level 1:colcon.colcon_core.package_identification:_identify(build) ignored
[0.572s] Level 1:colcon.colcon_core.package_identification:_identify(install) by extensions ['ignore', 'ignore_ament_install']
[0.573s] Level 1:colcon.colcon_core.package_identification:_identify(install) by extension 'ignore'
[0.573s] Level 1:colcon.colcon_core.package_identification:_identify(install) ignored
[0.573s] Level 1:colcon.colcon_core.package_identification:_identify(log) by extensions ['ignore', 'ignore_ament_install']
[0.573s] Level 1:colcon.colcon_core.package_identification:_identify(log) by extension 'ignore'
[0.573s] Level 1:colcon.colcon_core.package_identification:_identify(log) ignored
[0.573s] Level 1:colcon.colcon_core.package_identification:_identify(uwb) by extensions ['ignore', 'ignore_ament_install']
[0.574s] Level 1:colcon.colcon_core.package_identification:_identify(uwb) by extension 'ignore'
[0.574s] Level 1:colcon.colcon_core.package_identification:_identify(uwb) by extension 'ignore_ament_install'
[0.574s] Level 1:colcon.colcon_core.package_identification:_identify(uwb) by extensions ['colcon_pkg']
[0.574s] Level 1:colcon.colcon_core.package_identification:_identify(uwb) by extension 'colcon_pkg'
[0.574s] Level 1:colcon.colcon_core.package_identification:_identify(uwb) by extensions ['colcon_meta']
[0.574s] Level 1:colcon.colcon_core.package_identification:_identify(uwb) by extension 'colcon_meta'
[0.574s] Level 1:colcon.colcon_core.package_identification:_identify(uwb) by extensions ['ros']
[0.574s] Level 1:colcon.colcon_core.package_identification:_identify(uwb) by extension 'ros'
[0.579s] DEBUG:colcon.colcon_core.package_identification:Package 'uwb' with type 'ros.ament_python' and name 'uwb'
[0.580s] Level 1:colcon.colcon_core.package_identification:_identify(uwb_msgs) by extensions ['ignore', 'ignore_ament_install']
[0.580s] Level 1:colcon.colcon_core.package_identification:_identify(uwb_msgs) by extension 'ignore'
[0.580s] Level 1:colcon.colcon_core.package_identification:_identify(uwb_msgs) by extension 'ignore_ament_install'
[0.580s] Level 1:colcon.colcon_core.package_identification:_identify(uwb_msgs) by extensions ['colcon_pkg']
[0.580s] Level 1:colcon.colcon_core.package_identification:_identify(uwb_msgs) by extension 'colcon_pkg'
[0.580s] Level 1:colcon.colcon_core.package_identification:_identify(uwb_msgs) by extensions ['colcon_meta']
[0.580s] Level 1:colcon.colcon_core.package_identification:_identify(uwb_msgs) by extension 'colcon_meta'
[0.580s] Level 1:colcon.colcon_core.package_identification:_identify(uwb_msgs) by extensions ['ros']
[0.580s] Level 1:colcon.colcon_core.package_identification:_identify(uwb_msgs) by extension 'ros'
[0.581s] DEBUG:colcon.colcon_core.package_identification:Package 'uwb_msgs' with type 'ros.ament_cmake' and name 'uwb_msgs'
[0.582s] Level 1:colcon.colcon_core.package_discovery:discover_packages(recursive) using defaults
[0.582s] Level 1:colcon.colcon_core.package_discovery:discover_packages(ignore) discover
[0.582s] Level 1:colcon.colcon_core.package_discovery:discover_packages(ignore) using defaults
[0.582s] Level 1:colcon.colcon_core.package_discovery:discover_packages(path) discover
[0.582s] Level 1:colcon.colcon_core.package_discovery:discover_packages(path) using defaults
[0.661s] Level 1:colcon.colcon_core.package_discovery:discover_packages(prefix_path) check parameters
[0.662s] Level 1:colcon.colcon_core.package_discovery:discover_packages(prefix_path) discover
[0.668s] DEBUG:colcon.colcon_installed_package_information.package_discovery:Found 3 installed packages in /workspace/safmc_uwb/ros/install
[0.671s] DEBUG:colcon.colcon_installed_package_information.package_discovery:Found 284 installed packages in /opt/ros/humble
[0.708s] Level 1:colcon.colcon_core.package_discovery:discover_packages(prefix_path) using defaults
[0.779s] Level 5:colcon.colcon_core.verb:set package 'uwb_msgs' build argument 'cmake_args' from command line to 'None'
[0.779s] Level 5:colcon.colcon_core.verb:set package 'uwb_msgs' build argument 'cmake_target' from command line to 'None'
[0.779s] Level 5:colcon.colcon_core.verb:set package 'uwb_msgs' build argument 'cmake_target_skip_unavailable' from command line to 'False'
[0.779s] Level 5:colcon.colcon_core.verb:set package 'uwb_msgs' build argument 'cmake_clean_cache' from command line to 'False'
[0.780s] Level 5:colcon.colcon_core.verb:set package 'uwb_msgs' build argument 'cmake_clean_first' from command line to 'False'
[0.780s] Level 5:colcon.colcon_core.verb:set package 'uwb_msgs' build argument 'cmake_force_configure' from command line to 'False'
[0.780s] Level 5:colcon.colcon_core.verb:set package 'uwb_msgs' build argument 'ament_cmake_args' from command line to 'None'
[0.780s] Level 5:colcon.colcon_core.verb:set package 'uwb_msgs' build argument 'catkin_cmake_args' from command line to 'None'
[0.780s] Level 5:colcon.colcon_core.verb:set package 'uwb_msgs' build argument 'catkin_skip_building_tests' from command line to 'False'
[0.780s] DEBUG:colcon.colcon_core.verb:Building package 'uwb_msgs' with the following arguments: {'ament_cmake_args': None, 'build_base': '/workspace/safmc_uwb/ros/src/build/uwb_msgs', 'catkin_cmake_args': None, 'catkin_skip_building_tests': False, 'cmake_args': None, 'cmake_clean_cache': False, 'cmake_clean_first': False, 'cmake_force_configure': False, 'cmake_target': None, 'cmake_target_skip_unavailable': False, 'install_base': '/workspace/safmc_uwb/ros/src/install/uwb_msgs', 'merge_install': False, 'path': '/workspace/safmc_uwb/ros/src/uwb_msgs', 'symlink_install': False, 'test_result_base': None}
[0.780s] Level 5:colcon.colcon_core.verb:set package 'uwb' build argument 'cmake_args' from command line to 'None'
[0.780s] Level 5:colcon.colcon_core.verb:set package 'uwb' build argument 'cmake_target' from command line to 'None'
[0.781s] Level 5:colcon.colcon_core.verb:set package 'uwb' build argument 'cmake_target_skip_unavailable' from command line to 'False'
[0.781s] Level 5:colcon.colcon_core.verb:set package 'uwb' build argument 'cmake_clean_cache' from command line to 'False'
[0.781s] Level 5:colcon.colcon_core.verb:set package 'uwb' build argument 'cmake_clean_first' from command line to 'False'
[0.781s] Level 5:colcon.colcon_core.verb:set package 'uwb' build argument 'cmake_force_configure' from command line to 'False'
[0.781s] Level 5:colcon.colcon_core.verb:set package 'uwb' build argument 'ament_cmake_args' from command line to 'None'
[0.781s] Level 5:colcon.colcon_core.verb:set package 'uwb' build argument 'catkin_cmake_args' from command line to 'None'
[0.781s] Level 5:colcon.colcon_core.verb:set package 'uwb' build argument 'catkin_skip_building_tests' from command line to 'False'
[0.781s] DEBUG:colcon.colcon_core.verb:Building package 'uwb' with the following arguments: {'ament_cmake_args': None, 'build_base': '/workspace/safmc_uwb/ros/src/build/uwb', 'catkin_cmake_args': None, 'catkin_skip_building_tests': False, 'cmake_args': None, 'cmake_clean_cache': False, 'cmake_clean_first': False, 'cmake_force_configure': False, 'cmake_target': None, 'cmake_target_skip_unavailable': False, 'install_base': '/workspace/safmc_uwb/ros/src/install/uwb', 'merge_install': False, 'path': '/workspace/safmc_uwb/ros/src/uwb', 'symlink_install': False, 'test_result_base': None}
[0.781s] INFO:colcon.colcon_core.executor:Executing jobs using 'parallel' executor
[0.784s] DEBUG:colcon.colcon_parallel_executor.executor.parallel:run_until_complete
[0.784s] INFO:colcon.colcon_ros.task.ament_cmake.build:Building ROS package in '/workspace/safmc_uwb/ros/src/uwb_msgs' with build type 'ament_cmake'
[0.785s] INFO:colcon.colcon_cmake.task.cmake.build:Building CMake package in '/workspace/safmc_uwb/ros/src/uwb_msgs'
[0.788s] INFO:colcon.colcon_core.plugin_system:Skipping extension 'colcon_core.shell.bat': Not used on non-Windows systems
[0.789s] INFO:colcon.colcon_core.shell:Skip shell extension 'powershell' for command environment: Not usable outside of PowerShell
[0.789s] DEBUG:colcon.colcon_core.shell:Skip shell extension 'dsv' for command environment
[0.855s] DEBUG:colcon.colcon_core.event_handler.log_command:Invoking command in '/workspace/safmc_uwb/ros/src/build/uwb_msgs': CMAKE_PREFIX_PATH=${CMAKE_PREFIX_PATH}:/workspace/safmc_uwb/ros/install/uwb:/opt/ros/humble /usr/bin/cmake /workspace/safmc_uwb/ros/src/uwb_msgs -DCMAKE_INSTALL_PREFIX=/workspace/safmc_uwb/ros/src/install/uwb_msgs
[4.882s] DEBUG:colcon.colcon_core.event_handler.log_command:Invoked command in '/workspace/safmc_uwb/ros/src/build/uwb_msgs' returned '0': CMAKE_PREFIX_PATH=${CMAKE_PREFIX_PATH}:/workspace/safmc_uwb/ros/install/uwb:/opt/ros/humble /usr/bin/cmake /workspace/safmc_uwb/ros/src/uwb_msgs -DCMAKE_INSTALL_PREFIX=/workspace/safmc_uwb/ros/src/install/uwb_msgs
[4.886s] DEBUG:colcon.colcon_core.event_handler.log_command:Invoking command in '/workspace/safmc_uwb/ros/src/build/uwb_msgs': CMAKE_PREFIX_PATH=${CMAKE_PREFIX_PATH}:/workspace/safmc_uwb/ros/install/uwb:/opt/ros/humble /usr/bin/cmake --build /workspace/safmc_uwb/ros/src/build/uwb_msgs -- -j12 -l12
[9.090s] DEBUG:colcon.colcon_core.event_handler.log_command:Invoked command in '/workspace/safmc_uwb/ros/src/build/uwb_msgs' returned '0': CMAKE_PREFIX_PATH=${CMAKE_PREFIX_PATH}:/workspace/safmc_uwb/ros/install/uwb:/opt/ros/humble /usr/bin/cmake --build /workspace/safmc_uwb/ros/src/build/uwb_msgs -- -j12 -l12
[9.111s] DEBUG:colcon.colcon_core.event_handler.log_command:Invoking command in '/workspace/safmc_uwb/ros/src/build/uwb_msgs': CMAKE_PREFIX_PATH=${CMAKE_PREFIX_PATH}:/workspace/safmc_uwb/ros/install/uwb:/opt/ros/humble /usr/bin/cmake --install /workspace/safmc_uwb/ros/src/build/uwb_msgs
[9.278s] Level 1:colcon.colcon_core.environment:create_environment_scripts_only(uwb_msgs)
[9.279s] DEBUG:colcon.colcon_core.event_handler.log_command:Invoked command in '/workspace/safmc_uwb/ros/src/build/uwb_msgs' returned '0': CMAKE_PREFIX_PATH=${CMAKE_PREFIX_PATH}:/workspace/safmc_uwb/ros/install/uwb:/opt/ros/humble /usr/bin/cmake --install /workspace/safmc_uwb/ros/src/build/uwb_msgs
[9.284s] Level 1:colcon.colcon_core.environment:checking '/workspace/safmc_uwb/ros/src/install/uwb_msgs' for CMake module files
[9.286s] Level 1:colcon.colcon_core.environment:checking '/workspace/safmc_uwb/ros/src/install/uwb_msgs' for CMake config files
[9.286s] Level 1:colcon.colcon_core.shell:create_environment_hook('uwb_msgs', 'cmake_prefix_path')
[9.287s] INFO:colcon.colcon_core.shell:Creating environment hook '/workspace/safmc_uwb/ros/src/install/uwb_msgs/share/uwb_msgs/hook/cmake_prefix_path.ps1'
[9.289s] INFO:colcon.colcon_core.shell:Creating environment descriptor '/workspace/safmc_uwb/ros/src/install/uwb_msgs/share/uwb_msgs/hook/cmake_prefix_path.dsv'
[9.290s] INFO:colcon.colcon_core.shell:Creating environment hook '/workspace/safmc_uwb/ros/src/install/uwb_msgs/share/uwb_msgs/hook/cmake_prefix_path.sh'
[9.292s] Level 1:colcon.colcon_core.environment:checking '/workspace/safmc_uwb/ros/src/install/uwb_msgs/lib'
[9.292s] Level 1:colcon.colcon_core.shell:create_environment_hook('uwb_msgs', 'ld_library_path_lib')
[9.293s] INFO:colcon.colcon_core.shell:Creating environment hook '/workspace/safmc_uwb/ros/src/install/uwb_msgs/share/uwb_msgs/hook/ld_library_path_lib.ps1'
[9.294s] INFO:colcon.colcon_core.shell:Creating environment descriptor '/workspace/safmc_uwb/ros/src/install/uwb_msgs/share/uwb_msgs/hook/ld_library_path_lib.dsv'
[9.294s] INFO:colcon.colcon_core.shell:Creating environment hook '/workspace/safmc_uwb/ros/src/install/uwb_msgs/share/uwb_msgs/hook/ld_library_path_lib.sh'
[9.295s] Level 1:colcon.colcon_core.environment:checking '/workspace/safmc_uwb/ros/src/install/uwb_msgs/bin'
[9.295s] Level 1:colcon.colcon_core.environment:checking '/workspace/safmc_uwb/ros/src/install/uwb_msgs/lib/pkgconfig/uwb_msgs.pc'
[9.296s] Level 1:colcon.colcon_core.environment:checking '/workspace/safmc_uwb/ros/src/install/uwb_msgs/lib/python3.10/site-packages'
[9.296s] Level 1:colcon.colcon_core.environment:checking '/workspace/safmc_uwb/ros/src/install/uwb_msgs/bin'
[9.297s] INFO:colcon.colcon_core.shell:Creating package script '/workspace/safmc_uwb/ros/src/install/uwb_msgs/share/uwb_msgs/package.ps1'
[9.298s] INFO:colcon.colcon_core.shell:Creating package descriptor '/workspace/safmc_uwb/ros/src/install/uwb_msgs/share/uwb_msgs/package.dsv'
[9.299s] INFO:colcon.colcon_core.shell:Creating package script '/workspace/safmc_uwb/ros/src/install/uwb_msgs/share/uwb_msgs/package.sh'
[9.300s] INFO:colcon.colcon_core.shell:Creating package script '/workspace/safmc_uwb/ros/src/install/uwb_msgs/share/uwb_msgs/package.bash'
[9.302s] INFO:colcon.colcon_core.shell:Creating package script '/workspace/safmc_uwb/ros/src/install/uwb_msgs/share/uwb_msgs/package.zsh'
[9.304s] Level 1:colcon.colcon_core.environment:create_file_with_runtime_dependencies(/workspace/safmc_uwb/ros/src/install/uwb_msgs/share/colcon-core/packages/uwb_msgs)
[9.306s] Level 1:colcon.colcon_core.environment:create_environment_scripts_only(uwb_msgs)
[9.306s] Level 1:colcon.colcon_core.environment:checking '/workspace/safmc_uwb/ros/src/install/uwb_msgs' for CMake module files
[9.307s] Level 1:colcon.colcon_core.environment:checking '/workspace/safmc_uwb/ros/src/install/uwb_msgs' for CMake config files
[9.308s] Level 1:colcon.colcon_core.shell:create_environment_hook('uwb_msgs', 'cmake_prefix_path')
[9.308s] INFO:colcon.colcon_core.shell:Creating environment hook '/workspace/safmc_uwb/ros/src/install/uwb_msgs/share/uwb_msgs/hook/cmake_prefix_path.ps1'
[9.309s] INFO:colcon.colcon_core.shell:Creating environment descriptor '/workspace/safmc_uwb/ros/src/install/uwb_msgs/share/uwb_msgs/hook/cmake_prefix_path.dsv'
[9.309s] INFO:colcon.colcon_core.shell:Creating environment hook '/workspace/safmc_uwb/ros/src/install/uwb_msgs/share/uwb_msgs/hook/cmake_prefix_path.sh'
[9.310s] Level 1:colcon.colcon_core.environment:checking '/workspace/safmc_uwb/ros/src/install/uwb_msgs/lib'
[9.311s] Level 1:colcon.colcon_core.shell:create_environment_hook('uwb_msgs', 'ld_library_path_lib')
[9.311s] INFO:colcon.colcon_core.shell:Creating environment hook '/workspace/safmc_uwb/ros/src/install/uwb_msgs/share/uwb_msgs/hook/ld_library_path_lib.ps1'
[9.312s] INFO:colcon.colcon_core.shell:Creating environment descriptor '/workspace/safmc_uwb/ros/src/install/uwb_msgs/share/uwb_msgs/hook/ld_library_path_lib.dsv'
[9.312s] INFO:colcon.colcon_core.shell:Creating environment hook '/workspace/safmc_uwb/ros/src/install/uwb_msgs/share/uwb_msgs/hook/ld_library_path_lib.sh'
[9.313s] Level 1:colcon.colcon_core.environment:checking '/workspace/safmc_uwb/ros/src/install/uwb_msgs/bin'
[9.313s] Level 1:colcon.colcon_core.environment:checking '/workspace/safmc_uwb/ros/src/install/uwb_msgs/lib/pkgconfig/uwb_msgs.pc'
[9.314s] Level 1:colcon.colcon_core.environment:checking '/workspace/safmc_uwb/ros/src/install/uwb_msgs/lib/python3.10/site-packages'
[9.314s] Level 1:colcon.colcon_core.environment:checking '/workspace/safmc_uwb/ros/src/install/uwb_msgs/bin'
[9.314s] INFO:colcon.colcon_core.shell:Creating package script '/workspace/safmc_uwb/ros/src/install/uwb_msgs/share/uwb_msgs/package.ps1'
[9.315s] INFO:colcon.colcon_core.shell:Creating package descriptor '/workspace/safmc_uwb/ros/src/install/uwb_msgs/share/uwb_msgs/package.dsv'
[9.316s] INFO:colcon.colcon_core.shell:Creating package script '/workspace/safmc_uwb/ros/src/install/uwb_msgs/share/uwb_msgs/package.sh'
[9.317s] INFO:colcon.colcon_core.shell:Creating package script '/workspace/safmc_uwb/ros/src/install/uwb_msgs/share/uwb_msgs/package.bash'
[9.318s] INFO:colcon.colcon_core.shell:Creating package script '/workspace/safmc_uwb/ros/src/install/uwb_msgs/share/uwb_msgs/package.zsh'
[9.318s] Level 1:colcon.colcon_core.environment:create_file_with_runtime_dependencies(/workspace/safmc_uwb/ros/src/install/uwb_msgs/share/colcon-core/packages/uwb_msgs)
[9.319s] INFO:colcon.colcon_ros.task.ament_python.build:Building ROS package in '/workspace/safmc_uwb/ros/src/uwb' with build type 'ament_python'
[9.320s] Level 1:colcon.colcon_core.shell:create_environment_hook('uwb', 'ament_prefix_path')
[9.321s] INFO:colcon.colcon_core.shell:Creating environment hook '/workspace/safmc_uwb/ros/src/install/uwb/share/uwb/hook/ament_prefix_path.ps1'
[9.323s] INFO:colcon.colcon_core.shell:Creating environment descriptor '/workspace/safmc_uwb/ros/src/install/uwb/share/uwb/hook/ament_prefix_path.dsv'
[9.324s] INFO:colcon.colcon_core.shell:Creating environment hook '/workspace/safmc_uwb/ros/src/install/uwb/share/uwb/hook/ament_prefix_path.sh'
[9.325s] INFO:colcon.colcon_core.shell:Skip shell extension 'powershell' for command environment: Not usable outside of PowerShell
[9.325s] DEBUG:colcon.colcon_core.shell:Skip shell extension 'dsv' for command environment
[9.786s] INFO:colcon.colcon_core.task.python.build:Building Python package in '/workspace/safmc_uwb/ros/src/uwb'
[9.786s] INFO:colcon.colcon_core.shell:Skip shell extension 'powershell' for command environment: Not usable outside of PowerShell
[9.787s] DEBUG:colcon.colcon_core.shell:Skip shell extension 'dsv' for command environment
[10.534s] DEBUG:colcon.colcon_core.event_handler.log_command:Invoking command in '/workspace/safmc_uwb/ros/src/uwb': AMENT_PREFIX_PATH=/workspace/safmc_uwb/ros/src/install/uwb_msgs:${AMENT_PREFIX_PATH} CMAKE_PREFIX_PATH=/workspace/safmc_uwb/ros/src/install/uwb_msgs:${CMAKE_PREFIX_PATH} LD_LIBRARY_PATH=/workspace/safmc_uwb/ros/src/install/uwb_msgs/lib:${LD_LIBRARY_PATH} PYTHONPATH=/workspace/safmc_uwb/ros/src/build/uwb/prefix_override:/usr/lib/python3/dist-packages/colcon_core/task/python/colcon_distutils_commands:/workspace/safmc_uwb/ros/src/install/uwb/lib/python3.10/site-packages:/workspace/safmc_uwb/ros/src/install/uwb_msgs/local/lib/python3.10/dist-packages:${PYTHONPATH} /usr/bin/python3 -W ignore:setup.py install is deprecated -W ignore:easy_install command is deprecated setup.py egg_info --egg-base ../build/uwb build --build-base /workspace/safmc_uwb/ros/src/build/uwb/build install --record /workspace/safmc_uwb/ros/src/build/uwb/install.log --single-version-externally-managed install_data
[10.973s] Level 1:colcon.colcon_core.environment:checking '/workspace/safmc_uwb/ros/src/install/uwb' for CMake module files
[10.974s] DEBUG:colcon.colcon_core.event_handler.log_command:Invoked command in '/workspace/safmc_uwb/ros/src/uwb' returned '0': AMENT_PREFIX_PATH=/workspace/safmc_uwb/ros/src/install/uwb_msgs:${AMENT_PREFIX_PATH} CMAKE_PREFIX_PATH=/workspace/safmc_uwb/ros/src/install/uwb_msgs:${CMAKE_PREFIX_PATH} LD_LIBRARY_PATH=/workspace/safmc_uwb/ros/src/install/uwb_msgs/lib:${LD_LIBRARY_PATH} PYTHONPATH=/workspace/safmc_uwb/ros/src/build/uwb/prefix_override:/usr/lib/python3/dist-packages/colcon_core/task/python/colcon_distutils_commands:/workspace/safmc_uwb/ros/src/install/uwb/lib/python3.10/site-packages:/workspace/safmc_uwb/ros/src/install/uwb_msgs/local/lib/python3.10/dist-packages:${PYTHONPATH} /usr/bin/python3 -W ignore:setup.py install is deprecated -W ignore:easy_install command is deprecated setup.py egg_info --egg-base ../build/uwb build --build-base /workspace/safmc_uwb/ros/src/build/uwb/build install --record /workspace/safmc_uwb/ros/src/build/uwb/install.log --single-version-externally-managed install_data
[10.991s] Level 1:colcon.colcon_core.environment:checking '/workspace/safmc_uwb/ros/src/install/uwb' for CMake config files
[10.992s] Level 1:colcon.colcon_core.environment:checking '/workspace/safmc_uwb/ros/src/install/uwb/lib'
[10.993s] Level 1:colcon.colcon_core.environment:checking '/workspace/safmc_uwb/ros/src/install/uwb/bin'
[10.993s] Level 1:colcon.colcon_core.environment:checking '/workspace/safmc_uwb/ros/src/install/uwb/lib/pkgconfig/uwb.pc'
[10.993s] Level 1:colcon.colcon_core.environment:checking '/workspace/safmc_uwb/ros/src/install/uwb/lib/python3.10/site-packages'
[10.993s] Level 1:colcon.colcon_core.shell:create_environment_hook('uwb', 'pythonpath')
[10.993s] INFO:colcon.colcon_core.shell:Creating environment hook '/workspace/safmc_uwb/ros/src/install/uwb/share/uwb/hook/pythonpath.ps1'
[10.994s] INFO:colcon.colcon_core.shell:Creating environment descriptor '/workspace/safmc_uwb/ros/src/install/uwb/share/uwb/hook/pythonpath.dsv'
[10.995s] INFO:colcon.colcon_core.shell:Creating environment hook '/workspace/safmc_uwb/ros/src/install/uwb/share/uwb/hook/pythonpath.sh'
[10.996s] Level 1:colcon.colcon_core.environment:checking '/workspace/safmc_uwb/ros/src/install/uwb/bin'
[10.996s] Level 1:colcon.colcon_core.environment:create_environment_scripts_only(uwb)
[10.996s] INFO:colcon.colcon_core.shell:Creating package script '/workspace/safmc_uwb/ros/src/install/uwb/share/uwb/package.ps1'
[10.997s] INFO:colcon.colcon_core.shell:Creating package descriptor '/workspace/safmc_uwb/ros/src/install/uwb/share/uwb/package.dsv'
[10.998s] INFO:colcon.colcon_core.shell:Creating package script '/workspace/safmc_uwb/ros/src/install/uwb/share/uwb/package.sh'
[10.998s] INFO:colcon.colcon_core.shell:Creating package script '/workspace/safmc_uwb/ros/src/install/uwb/share/uwb/package.bash'
[10.999s] INFO:colcon.colcon_core.shell:Creating package script '/workspace/safmc_uwb/ros/src/install/uwb/share/uwb/package.zsh'
[10.999s] Level 1:colcon.colcon_core.environment:create_file_with_runtime_dependencies(/workspace/safmc_uwb/ros/src/install/uwb/share/colcon-core/packages/uwb)
[11.001s] DEBUG:colcon.colcon_parallel_executor.executor.parallel:closing loop
[11.002s] DEBUG:colcon.colcon_parallel_executor.executor.parallel:loop closed
[11.003s] DEBUG:colcon.colcon_parallel_executor.executor.parallel:run_until_complete finished with '0'
[11.003s] DEBUG:colcon.colcon_core.event_reactor:joining thread
[11.017s] INFO:colcon.colcon_core.plugin_system:Skipping extension 'colcon_notification.desktop_notification.notify_send': Could not find 'notify-send'
[11.017s] INFO:colcon.colcon_core.plugin_system:Skipping extension 'colcon_notification.desktop_notification.terminal_notifier': Not used on non-Darwin systems
[11.017s] INFO:colcon.colcon_core.plugin_system:Skipping extension 'colcon_notification.desktop_notification.win32': Not used on non-Windows systems
[11.018s] INFO:colcon.colcon_notification.desktop_notification:Sending desktop notification using 'notify2'
[11.022s] DEBUG:colcon.colcon_notification.desktop_notification.notify2:Failed to initialize notify2: org.freedesktop.DBus.Error.Spawn.ExecFailed: /usr/bin/dbus-launch terminated abnormally without any error message
[11.023s] DEBUG:colcon.colcon_core.event_reactor:joined thread
[11.024s] INFO:colcon.colcon_core.shell:Creating prefix script '/workspace/safmc_uwb/ros/src/install/local_setup.ps1'
[11.027s] INFO:colcon.colcon_core.shell:Creating prefix util module '/workspace/safmc_uwb/ros/src/install/_local_setup_util_ps1.py'
[11.029s] INFO:colcon.colcon_core.shell:Creating prefix chain script '/workspace/safmc_uwb/ros/src/install/setup.ps1'
[11.031s] INFO:colcon.colcon_core.shell:Creating prefix script '/workspace/safmc_uwb/ros/src/install/local_setup.sh'
[11.033s] INFO:colcon.colcon_core.shell:Creating prefix util module '/workspace/safmc_uwb/ros/src/install/_local_setup_util_sh.py'
[11.034s] INFO:colcon.colcon_core.shell:Creating prefix chain script '/workspace/safmc_uwb/ros/src/install/setup.sh'
[11.036s] INFO:colcon.colcon_core.shell:Creating prefix script '/workspace/safmc_uwb/ros/src/install/local_setup.bash'
[11.037s] INFO:colcon.colcon_core.shell:Creating prefix chain script '/workspace/safmc_uwb/ros/src/install/setup.bash'
[11.039s] INFO:colcon.colcon_core.shell:Creating prefix script '/workspace/safmc_uwb/ros/src/install/local_setup.zsh'
[11.041s] INFO:colcon.colcon_core.shell:Creating prefix chain script '/workspace/safmc_uwb/ros/src/install/setup.zsh'
