[0.539s] Invoking command in '/home/Judy/safmc_uwb/ros/build/uwb_msgs': CMAKE_PREFIX_PATH=${CMAKE_PREFIX_PATH}:/home/Judy/safmc_uwb/ros/install/uwb:/opt/ros/humble /usr/bin/cmake --build /home/Judy/safmc_uwb/ros/build/uwb_msgs -- -j12 -l12
[0.623s] [  6%] Built target uwb_msgs__cpp
[0.623s] [ 12%] Built target uwb_msgs__rosidl_generator_c
[0.642s] [ 12%] Built target ament_cmake_python_copy_uwb_msgs
[0.671s] [ 25%] Built target uwb_msgs__rosidl_typesupport_introspection_cpp
[0.671s] [ 44%] Built target uwb_msgs__rosidl_typesupport_cpp
[0.671s] [ 44%] Built target uwb_msgs__rosidl_typesupport_introspection_c
[0.675s] [ 61%] Built target uwb_msgs__rosidl_typesupport_c
[0.675s] [ 65%] Built target uwb_msgs__rosidl_typesupport_fastrtps_cpp
[0.678s] [ 76%] Built target uwb_msgs__rosidl_typesupport_fastrtps_c
[0.719s] [ 76%] Built target uwb_msgs
[0.756s] [ 78%] Built target uwb_msgs__py
[0.787s] [ 87%] Built target uwb_msgs__rosidl_generator_py
[0.826s] [ 91%] Built target uwb_msgs__rosidl_typesupport_c__pyext
[0.827s] [100%] Built target uwb_msgs__rosidl_typesupport_fastrtps_c__pyext
[0.827s] [100%] Built target uwb_msgs__rosidl_typesupport_introspection_c__pyext
[1.118s] running egg_info
[1.119s] writing uwb_msgs.egg-info/PKG-INFO
[1.120s] writing dependency_links to uwb_msgs.egg-info/dependency_links.txt
[1.121s] writing top-level names to uwb_msgs.egg-info/top_level.txt
[1.124s] reading manifest file 'uwb_msgs.egg-info/SOURCES.txt'
[1.125s] writing manifest file 'uwb_msgs.egg-info/SOURCES.txt'
[1.172s] [100%] Built target ament_cmake_python_build_uwb_msgs_egg
[1.190s] Invoked command in '/home/Judy/safmc_uwb/ros/build/uwb_msgs' returned '0': CMAKE_PREFIX_PATH=${CMAKE_PREFIX_PATH}:/home/Judy/safmc_uwb/ros/install/uwb:/opt/ros/humble /usr/bin/cmake --build /home/Judy/safmc_uwb/ros/build/uwb_msgs -- -j12 -l12
[1.209s] Invoking command in '/home/Judy/safmc_uwb/ros/build/uwb_msgs': CMAKE_PREFIX_PATH=${CMAKE_PREFIX_PATH}:/home/Judy/safmc_uwb/ros/install/uwb:/opt/ros/humble /usr/bin/cmake --install /home/Judy/safmc_uwb/ros/build/uwb_msgs
[1.221s] -- Install configuration: ""
[1.221s] -- Up-to-date: /home/Judy/safmc_uwb/ros/install/uwb_msgs/share/ament_index/resource_index/rosidl_interfaces/uwb_msgs
[1.222s] -- Up-to-date: /home/Judy/safmc_uwb/ros/install/uwb_msgs/include/uwb_msgs/uwb_msgs
[1.223s] -- Up-to-date: /home/Judy/safmc_uwb/ros/install/uwb_msgs/include/uwb_msgs/uwb_msgs/msg
[1.223s] -- Up-to-date: /home/Judy/safmc_uwb/ros/install/uwb_msgs/include/uwb_msgs/uwb_msgs/msg/detail
[1.224s] -- Up-to-date: /home/Judy/safmc_uwb/ros/install/uwb_msgs/include/uwb_msgs/uwb_msgs/msg/detail/tag_position__struct.h
[1.224s] -- Up-to-date: /home/Judy/safmc_uwb/ros/install/uwb_msgs/include/uwb_msgs/uwb_msgs/msg/detail/range__type_support.h
[1.225s] -- Up-to-date: /home/Judy/safmc_uwb/ros/install/uwb_msgs/include/uwb_msgs/uwb_msgs/msg/detail/pose__functions.h
[1.225s] -- Up-to-date: /home/Judy/safmc_uwb/ros/install/uwb_msgs/include/uwb_msgs/uwb_msgs/msg/detail/pose__functions.c
[1.225s] -- Up-to-date: /home/Judy/safmc_uwb/ros/install/uwb_msgs/include/uwb_msgs/uwb_msgs/msg/detail/pose__type_support.h
[1.226s] -- Up-to-date: /home/Judy/safmc_uwb/ros/install/uwb_msgs/include/uwb_msgs/uwb_msgs/msg/detail/range__functions.c
[1.226s] -- Up-to-date: /home/Judy/safmc_uwb/ros/install/uwb_msgs/include/uwb_msgs/uwb_msgs/msg/detail/range__functions.h
[1.226s] -- Up-to-date: /home/Judy/safmc_uwb/ros/install/uwb_msgs/include/uwb_msgs/uwb_msgs/msg/detail/range__struct.h
[1.227s] -- Up-to-date: /home/Judy/safmc_uwb/ros/install/uwb_msgs/include/uwb_msgs/uwb_msgs/msg/detail/pose__struct.h
[1.227s] -- Up-to-date: /home/Judy/safmc_uwb/ros/install/uwb_msgs/include/uwb_msgs/uwb_msgs/msg/detail/tag_position__type_support.h
[1.227s] -- Up-to-date: /home/Judy/safmc_uwb/ros/install/uwb_msgs/include/uwb_msgs/uwb_msgs/msg/detail/tag_position__functions.c
[1.228s] -- Up-to-date: /home/Judy/safmc_uwb/ros/install/uwb_msgs/include/uwb_msgs/uwb_msgs/msg/detail/tag_position__functions.h
[1.228s] -- Up-to-date: /home/Judy/safmc_uwb/ros/install/uwb_msgs/include/uwb_msgs/uwb_msgs/msg/tag_position.h
[1.229s] -- Up-to-date: /home/Judy/safmc_uwb/ros/install/uwb_msgs/include/uwb_msgs/uwb_msgs/msg/range.h
[1.229s] -- Up-to-date: /home/Judy/safmc_uwb/ros/install/uwb_msgs/include/uwb_msgs/uwb_msgs/msg/pose.h
[1.230s] -- Up-to-date: /home/Judy/safmc_uwb/ros/install/uwb_msgs/include/uwb_msgs/uwb_msgs/msg/rosidl_generator_c__visibility_control.h
[1.230s] -- Up-to-date: /home/Judy/safmc_uwb/ros/install/uwb_msgs/share/uwb_msgs/environment/library_path.sh
[1.230s] -- Up-to-date: /home/Judy/safmc_uwb/ros/install/uwb_msgs/share/uwb_msgs/environment/library_path.dsv
[1.231s] -- Up-to-date: /home/Judy/safmc_uwb/ros/install/uwb_msgs/lib/libuwb_msgs__rosidl_generator_c.so
[1.231s] -- Up-to-date: /home/Judy/safmc_uwb/ros/install/uwb_msgs/include/uwb_msgs/uwb_msgs
[1.231s] -- Up-to-date: /home/Judy/safmc_uwb/ros/install/uwb_msgs/include/uwb_msgs/uwb_msgs/msg
[1.237s] -- Up-to-date: /home/Judy/safmc_uwb/ros/install/uwb_msgs/include/uwb_msgs/uwb_msgs/msg/rosidl_typesupport_fastrtps_c__visibility_control.h
[1.237s] -- Up-to-date: /home/Judy/safmc_uwb/ros/install/uwb_msgs/include/uwb_msgs/uwb_msgs/msg/detail
[1.237s] -- Up-to-date: /home/Judy/safmc_uwb/ros/install/uwb_msgs/include/uwb_msgs/uwb_msgs/msg/detail/pose__rosidl_typesupport_fastrtps_c.h
[1.237s] -- Up-to-date: /home/Judy/safmc_uwb/ros/install/uwb_msgs/include/uwb_msgs/uwb_msgs/msg/detail/range__rosidl_typesupport_fastrtps_c.h
[1.237s] -- Up-to-date: /home/Judy/safmc_uwb/ros/install/uwb_msgs/include/uwb_msgs/uwb_msgs/msg/detail/tag_position__rosidl_typesupport_fastrtps_c.h
[1.237s] -- Up-to-date: /home/Judy/safmc_uwb/ros/install/uwb_msgs/lib/libuwb_msgs__rosidl_typesupport_fastrtps_c.so
[1.237s] -- Up-to-date: /home/Judy/safmc_uwb/ros/install/uwb_msgs/include/uwb_msgs/uwb_msgs
[1.237s] -- Up-to-date: /home/Judy/safmc_uwb/ros/install/uwb_msgs/include/uwb_msgs/uwb_msgs/msg
[1.238s] -- Up-to-date: /home/Judy/safmc_uwb/ros/install/uwb_msgs/include/uwb_msgs/uwb_msgs/msg/detail
[1.238s] -- Up-to-date: /home/Judy/safmc_uwb/ros/install/uwb_msgs/include/uwb_msgs/uwb_msgs/msg/detail/tag_position__rosidl_typesupport_introspection_c.h
[1.238s] -- Up-to-date: /home/Judy/safmc_uwb/ros/install/uwb_msgs/include/uwb_msgs/uwb_msgs/msg/detail/pose__rosidl_typesupport_introspection_c.h
[1.238s] -- Up-to-date: /home/Judy/safmc_uwb/ros/install/uwb_msgs/include/uwb_msgs/uwb_msgs/msg/detail/pose__type_support.c
[1.238s] -- Up-to-date: /home/Judy/safmc_uwb/ros/install/uwb_msgs/include/uwb_msgs/uwb_msgs/msg/detail/range__type_support.c
[1.238s] -- Up-to-date: /home/Judy/safmc_uwb/ros/install/uwb_msgs/include/uwb_msgs/uwb_msgs/msg/detail/range__rosidl_typesupport_introspection_c.h
[1.238s] -- Up-to-date: /home/Judy/safmc_uwb/ros/install/uwb_msgs/include/uwb_msgs/uwb_msgs/msg/detail/tag_position__type_support.c
[1.238s] -- Up-to-date: /home/Judy/safmc_uwb/ros/install/uwb_msgs/include/uwb_msgs/uwb_msgs/msg/rosidl_typesupport_introspection_c__visibility_control.h
[1.238s] -- Up-to-date: /home/Judy/safmc_uwb/ros/install/uwb_msgs/lib/libuwb_msgs__rosidl_typesupport_introspection_c.so
[1.238s] -- Up-to-date: /home/Judy/safmc_uwb/ros/install/uwb_msgs/lib/libuwb_msgs__rosidl_typesupport_c.so
[1.238s] -- Up-to-date: /home/Judy/safmc_uwb/ros/install/uwb_msgs/include/uwb_msgs/uwb_msgs
[1.239s] -- Up-to-date: /home/Judy/safmc_uwb/ros/install/uwb_msgs/include/uwb_msgs/uwb_msgs/msg
[1.239s] -- Up-to-date: /home/Judy/safmc_uwb/ros/install/uwb_msgs/include/uwb_msgs/uwb_msgs/msg/tag_position.hpp
[1.239s] -- Up-to-date: /home/Judy/safmc_uwb/ros/install/uwb_msgs/include/uwb_msgs/uwb_msgs/msg/detail
[1.239s] -- Up-to-date: /home/Judy/safmc_uwb/ros/install/uwb_msgs/include/uwb_msgs/uwb_msgs/msg/detail/pose__type_support.hpp
[1.239s] -- Up-to-date: /home/Judy/safmc_uwb/ros/install/uwb_msgs/include/uwb_msgs/uwb_msgs/msg/detail/tag_position__traits.hpp
[1.239s] -- Up-to-date: /home/Judy/safmc_uwb/ros/install/uwb_msgs/include/uwb_msgs/uwb_msgs/msg/detail/pose__builder.hpp
[1.239s] -- Up-to-date: /home/Judy/safmc_uwb/ros/install/uwb_msgs/include/uwb_msgs/uwb_msgs/msg/detail/tag_position__struct.hpp
[1.239s] -- Up-to-date: /home/Judy/safmc_uwb/ros/install/uwb_msgs/include/uwb_msgs/uwb_msgs/msg/detail/range__struct.hpp
[1.239s] -- Up-to-date: /home/Judy/safmc_uwb/ros/install/uwb_msgs/include/uwb_msgs/uwb_msgs/msg/detail/tag_position__builder.hpp
[1.239s] -- Up-to-date: /home/Judy/safmc_uwb/ros/install/uwb_msgs/include/uwb_msgs/uwb_msgs/msg/detail/range__traits.hpp
[1.239s] -- Up-to-date: /home/Judy/safmc_uwb/ros/install/uwb_msgs/include/uwb_msgs/uwb_msgs/msg/detail/pose__traits.hpp
[1.240s] -- Up-to-date: /home/Judy/safmc_uwb/ros/install/uwb_msgs/include/uwb_msgs/uwb_msgs/msg/detail/tag_position__type_support.hpp
[1.240s] -- Up-to-date: /home/Judy/safmc_uwb/ros/install/uwb_msgs/include/uwb_msgs/uwb_msgs/msg/detail/range__type_support.hpp
[1.240s] -- Up-to-date: /home/Judy/safmc_uwb/ros/install/uwb_msgs/include/uwb_msgs/uwb_msgs/msg/detail/range__builder.hpp
[1.240s] -- Up-to-date: /home/Judy/safmc_uwb/ros/install/uwb_msgs/include/uwb_msgs/uwb_msgs/msg/detail/pose__struct.hpp
[1.240s] -- Up-to-date: /home/Judy/safmc_uwb/ros/install/uwb_msgs/include/uwb_msgs/uwb_msgs/msg/range.hpp
[1.240s] -- Up-to-date: /home/Judy/safmc_uwb/ros/install/uwb_msgs/include/uwb_msgs/uwb_msgs/msg/pose.hpp
[1.240s] -- Up-to-date: /home/Judy/safmc_uwb/ros/install/uwb_msgs/include/uwb_msgs/uwb_msgs/msg/rosidl_generator_cpp__visibility_control.hpp
[1.240s] -- Up-to-date: /home/Judy/safmc_uwb/ros/install/uwb_msgs/include/uwb_msgs/uwb_msgs
[1.240s] -- Up-to-date: /home/Judy/safmc_uwb/ros/install/uwb_msgs/include/uwb_msgs/uwb_msgs/msg
[1.240s] -- Up-to-date: /home/Judy/safmc_uwb/ros/install/uwb_msgs/include/uwb_msgs/uwb_msgs/msg/rosidl_typesupport_fastrtps_cpp__visibility_control.h
[1.240s] -- Up-to-date: /home/Judy/safmc_uwb/ros/install/uwb_msgs/include/uwb_msgs/uwb_msgs/msg/detail
[1.241s] -- Up-to-date: /home/Judy/safmc_uwb/ros/install/uwb_msgs/include/uwb_msgs/uwb_msgs/msg/detail/range__rosidl_typesupport_fastrtps_cpp.hpp
[1.241s] -- Up-to-date: /home/Judy/safmc_uwb/ros/install/uwb_msgs/include/uwb_msgs/uwb_msgs/msg/detail/pose__rosidl_typesupport_fastrtps_cpp.hpp
[1.241s] -- Up-to-date: /home/Judy/safmc_uwb/ros/install/uwb_msgs/include/uwb_msgs/uwb_msgs/msg/detail/tag_position__rosidl_typesupport_fastrtps_cpp.hpp
[1.241s] -- Up-to-date: /home/Judy/safmc_uwb/ros/install/uwb_msgs/include/uwb_msgs/uwb_msgs/msg/detail/dds_fastrtps
[1.241s] -- Up-to-date: /home/Judy/safmc_uwb/ros/install/uwb_msgs/lib/libuwb_msgs__rosidl_typesupport_fastrtps_cpp.so
[1.241s] -- Up-to-date: /home/Judy/safmc_uwb/ros/install/uwb_msgs/include/uwb_msgs/uwb_msgs
[1.241s] -- Up-to-date: /home/Judy/safmc_uwb/ros/install/uwb_msgs/include/uwb_msgs/uwb_msgs/msg
[1.241s] -- Up-to-date: /home/Judy/safmc_uwb/ros/install/uwb_msgs/include/uwb_msgs/uwb_msgs/msg/detail
[1.241s] -- Up-to-date: /home/Judy/safmc_uwb/ros/install/uwb_msgs/include/uwb_msgs/uwb_msgs/msg/detail/range__rosidl_typesupport_introspection_cpp.hpp
[1.241s] -- Up-to-date: /home/Judy/safmc_uwb/ros/install/uwb_msgs/include/uwb_msgs/uwb_msgs/msg/detail/pose__type_support.cpp
[1.241s] -- Up-to-date: /home/Judy/safmc_uwb/ros/install/uwb_msgs/include/uwb_msgs/uwb_msgs/msg/detail/tag_position__type_support.cpp
[1.241s] -- Up-to-date: /home/Judy/safmc_uwb/ros/install/uwb_msgs/include/uwb_msgs/uwb_msgs/msg/detail/range__type_support.cpp
[1.241s] -- Up-to-date: /home/Judy/safmc_uwb/ros/install/uwb_msgs/include/uwb_msgs/uwb_msgs/msg/detail/pose__rosidl_typesupport_introspection_cpp.hpp
[1.241s] -- Up-to-date: /home/Judy/safmc_uwb/ros/install/uwb_msgs/include/uwb_msgs/uwb_msgs/msg/detail/tag_position__rosidl_typesupport_introspection_cpp.hpp
[1.242s] -- Up-to-date: /home/Judy/safmc_uwb/ros/install/uwb_msgs/lib/libuwb_msgs__rosidl_typesupport_introspection_cpp.so
[1.242s] -- Up-to-date: /home/Judy/safmc_uwb/ros/install/uwb_msgs/lib/libuwb_msgs__rosidl_typesupport_cpp.so
[1.242s] -- Up-to-date: /home/Judy/safmc_uwb/ros/install/uwb_msgs/share/uwb_msgs/environment/pythonpath.sh
[1.242s] -- Up-to-date: /home/Judy/safmc_uwb/ros/install/uwb_msgs/share/uwb_msgs/environment/pythonpath.dsv
[1.242s] -- Up-to-date: /home/Judy/safmc_uwb/ros/install/uwb_msgs/local/lib/python3.10/dist-packages/uwb_msgs-0.0.0-py3.10.egg-info
[1.242s] -- Installing: /home/Judy/safmc_uwb/ros/install/uwb_msgs/local/lib/python3.10/dist-packages/uwb_msgs-0.0.0-py3.10.egg-info/top_level.txt
[1.242s] -- Installing: /home/Judy/safmc_uwb/ros/install/uwb_msgs/local/lib/python3.10/dist-packages/uwb_msgs-0.0.0-py3.10.egg-info/SOURCES.txt
[1.242s] -- Installing: /home/Judy/safmc_uwb/ros/install/uwb_msgs/local/lib/python3.10/dist-packages/uwb_msgs-0.0.0-py3.10.egg-info/PKG-INFO
[1.242s] -- Installing: /home/Judy/safmc_uwb/ros/install/uwb_msgs/local/lib/python3.10/dist-packages/uwb_msgs-0.0.0-py3.10.egg-info/dependency_links.txt
[1.242s] -- Up-to-date: /home/Judy/safmc_uwb/ros/install/uwb_msgs/local/lib/python3.10/dist-packages/uwb_msgs
[1.243s] -- Up-to-date: /home/Judy/safmc_uwb/ros/install/uwb_msgs/local/lib/python3.10/dist-packages/uwb_msgs/uwb_msgs_s__rosidl_typesupport_fastrtps_c.cpython-310-x86_64-linux-gnu.so
[1.243s] -- Up-to-date: /home/Judy/safmc_uwb/ros/install/uwb_msgs/local/lib/python3.10/dist-packages/uwb_msgs/msg
[1.243s] -- Up-to-date: /home/Judy/safmc_uwb/ros/install/uwb_msgs/local/lib/python3.10/dist-packages/uwb_msgs/msg/_range_s.c
[1.243s] -- Up-to-date: /home/Judy/safmc_uwb/ros/install/uwb_msgs/local/lib/python3.10/dist-packages/uwb_msgs/msg/_tag_position.py
[1.244s] -- Up-to-date: /home/Judy/safmc_uwb/ros/install/uwb_msgs/local/lib/python3.10/dist-packages/uwb_msgs/msg/_range.py
[1.244s] -- Up-to-date: /home/Judy/safmc_uwb/ros/install/uwb_msgs/local/lib/python3.10/dist-packages/uwb_msgs/msg/_pose_s.c
[1.244s] -- Up-to-date: /home/Judy/safmc_uwb/ros/install/uwb_msgs/local/lib/python3.10/dist-packages/uwb_msgs/msg/_tag_position_s.c
[1.244s] -- Up-to-date: /home/Judy/safmc_uwb/ros/install/uwb_msgs/local/lib/python3.10/dist-packages/uwb_msgs/msg/_pose.py
[1.244s] -- Up-to-date: /home/Judy/safmc_uwb/ros/install/uwb_msgs/local/lib/python3.10/dist-packages/uwb_msgs/msg/__init__.py
[1.244s] -- Up-to-date: /home/Judy/safmc_uwb/ros/install/uwb_msgs/local/lib/python3.10/dist-packages/uwb_msgs/_uwb_msgs_s.ep.rosidl_typesupport_introspection_c.c
[1.245s] -- Up-to-date: /home/Judy/safmc_uwb/ros/install/uwb_msgs/local/lib/python3.10/dist-packages/uwb_msgs/uwb_msgs_s__rosidl_typesupport_c.cpython-310-x86_64-linux-gnu.so
[1.245s] -- Up-to-date: /home/Judy/safmc_uwb/ros/install/uwb_msgs/local/lib/python3.10/dist-packages/uwb_msgs/libuwb_msgs__rosidl_generator_py.so
[1.245s] -- Up-to-date: /home/Judy/safmc_uwb/ros/install/uwb_msgs/local/lib/python3.10/dist-packages/uwb_msgs/_uwb_msgs_s.ep.rosidl_typesupport_c.c
[1.245s] -- Up-to-date: /home/Judy/safmc_uwb/ros/install/uwb_msgs/local/lib/python3.10/dist-packages/uwb_msgs/_uwb_msgs_s.ep.rosidl_typesupport_fastrtps_c.c
[1.245s] -- Up-to-date: /home/Judy/safmc_uwb/ros/install/uwb_msgs/local/lib/python3.10/dist-packages/uwb_msgs/uwb_msgs_s__rosidl_typesupport_introspection_c.cpython-310-x86_64-linux-gnu.so
[1.245s] -- Up-to-date: /home/Judy/safmc_uwb/ros/install/uwb_msgs/local/lib/python3.10/dist-packages/uwb_msgs/__init__.py
[1.279s] Listing '/home/Judy/safmc_uwb/ros/install/uwb_msgs/local/lib/python3.10/dist-packages/uwb_msgs'...
[1.280s] Listing '/home/Judy/safmc_uwb/ros/install/uwb_msgs/local/lib/python3.10/dist-packages/uwb_msgs/msg'...
[1.286s] -- Up-to-date: /home/Judy/safmc_uwb/ros/install/uwb_msgs/local/lib/python3.10/dist-packages/uwb_msgs/uwb_msgs_s__rosidl_typesupport_fastrtps_c.cpython-310-x86_64-linux-gnu.so
[1.286s] -- Up-to-date: /home/Judy/safmc_uwb/ros/install/uwb_msgs/local/lib/python3.10/dist-packages/uwb_msgs/uwb_msgs_s__rosidl_typesupport_introspection_c.cpython-310-x86_64-linux-gnu.so
[1.287s] -- Up-to-date: /home/Judy/safmc_uwb/ros/install/uwb_msgs/local/lib/python3.10/dist-packages/uwb_msgs/uwb_msgs_s__rosidl_typesupport_c.cpython-310-x86_64-linux-gnu.so
[1.287s] -- Up-to-date: /home/Judy/safmc_uwb/ros/install/uwb_msgs/lib/libuwb_msgs__rosidl_generator_py.so
[1.288s] -- Up-to-date: /home/Judy/safmc_uwb/ros/install/uwb_msgs/share/uwb_msgs/msg/Range.idl
[1.289s] -- Up-to-date: /home/Judy/safmc_uwb/ros/install/uwb_msgs/share/uwb_msgs/msg/Pose.idl
[1.289s] -- Up-to-date: /home/Judy/safmc_uwb/ros/install/uwb_msgs/share/uwb_msgs/msg/TagPosition.idl
[1.290s] -- Up-to-date: /home/Judy/safmc_uwb/ros/install/uwb_msgs/share/uwb_msgs/msg/Range.msg
[1.290s] -- Up-to-date: /home/Judy/safmc_uwb/ros/install/uwb_msgs/share/uwb_msgs/msg/Pose.msg
[1.290s] -- Up-to-date: /home/Judy/safmc_uwb/ros/install/uwb_msgs/share/uwb_msgs/msg/TagPosition.msg
[1.291s] -- Up-to-date: /home/Judy/safmc_uwb/ros/install/uwb_msgs/share/ament_index/resource_index/package_run_dependencies/uwb_msgs
[1.291s] -- Up-to-date: /home/Judy/safmc_uwb/ros/install/uwb_msgs/share/ament_index/resource_index/parent_prefix_path/uwb_msgs
[1.291s] -- Up-to-date: /home/Judy/safmc_uwb/ros/install/uwb_msgs/share/uwb_msgs/environment/ament_prefix_path.sh
[1.291s] -- Up-to-date: /home/Judy/safmc_uwb/ros/install/uwb_msgs/share/uwb_msgs/environment/ament_prefix_path.dsv
[1.292s] -- Up-to-date: /home/Judy/safmc_uwb/ros/install/uwb_msgs/share/uwb_msgs/environment/path.sh
[1.292s] -- Up-to-date: /home/Judy/safmc_uwb/ros/install/uwb_msgs/share/uwb_msgs/environment/path.dsv
[1.292s] -- Up-to-date: /home/Judy/safmc_uwb/ros/install/uwb_msgs/share/uwb_msgs/local_setup.bash
[1.293s] -- Up-to-date: /home/Judy/safmc_uwb/ros/install/uwb_msgs/share/uwb_msgs/local_setup.sh
[1.293s] -- Up-to-date: /home/Judy/safmc_uwb/ros/install/uwb_msgs/share/uwb_msgs/local_setup.zsh
[1.293s] -- Up-to-date: /home/Judy/safmc_uwb/ros/install/uwb_msgs/share/uwb_msgs/local_setup.dsv
[1.294s] -- Installing: /home/Judy/safmc_uwb/ros/install/uwb_msgs/share/uwb_msgs/package.dsv
[1.294s] -- Up-to-date: /home/Judy/safmc_uwb/ros/install/uwb_msgs/share/ament_index/resource_index/packages/uwb_msgs
[1.294s] -- Up-to-date: /home/Judy/safmc_uwb/ros/install/uwb_msgs/share/uwb_msgs/cmake/export_uwb_msgs__rosidl_generator_cExport.cmake
[1.295s] -- Up-to-date: /home/Judy/safmc_uwb/ros/install/uwb_msgs/share/uwb_msgs/cmake/export_uwb_msgs__rosidl_generator_cExport-noconfig.cmake
[1.295s] -- Up-to-date: /home/Judy/safmc_uwb/ros/install/uwb_msgs/share/uwb_msgs/cmake/export_uwb_msgs__rosidl_typesupport_fastrtps_cExport.cmake
[1.295s] -- Up-to-date: /home/Judy/safmc_uwb/ros/install/uwb_msgs/share/uwb_msgs/cmake/export_uwb_msgs__rosidl_typesupport_fastrtps_cExport-noconfig.cmake
[1.295s] -- Up-to-date: /home/Judy/safmc_uwb/ros/install/uwb_msgs/share/uwb_msgs/cmake/uwb_msgs__rosidl_typesupport_introspection_cExport.cmake
[1.295s] -- Up-to-date: /home/Judy/safmc_uwb/ros/install/uwb_msgs/share/uwb_msgs/cmake/uwb_msgs__rosidl_typesupport_introspection_cExport-noconfig.cmake
[1.295s] -- Up-to-date: /home/Judy/safmc_uwb/ros/install/uwb_msgs/share/uwb_msgs/cmake/uwb_msgs__rosidl_typesupport_cExport.cmake
[1.296s] -- Up-to-date: /home/Judy/safmc_uwb/ros/install/uwb_msgs/share/uwb_msgs/cmake/uwb_msgs__rosidl_typesupport_cExport-noconfig.cmake
[1.296s] -- Up-to-date: /home/Judy/safmc_uwb/ros/install/uwb_msgs/share/uwb_msgs/cmake/export_uwb_msgs__rosidl_generator_cppExport.cmake
[1.296s] -- Up-to-date: /home/Judy/safmc_uwb/ros/install/uwb_msgs/share/uwb_msgs/cmake/export_uwb_msgs__rosidl_typesupport_fastrtps_cppExport.cmake
[1.296s] -- Up-to-date: /home/Judy/safmc_uwb/ros/install/uwb_msgs/share/uwb_msgs/cmake/export_uwb_msgs__rosidl_typesupport_fastrtps_cppExport-noconfig.cmake
[1.296s] -- Up-to-date: /home/Judy/safmc_uwb/ros/install/uwb_msgs/share/uwb_msgs/cmake/uwb_msgs__rosidl_typesupport_introspection_cppExport.cmake
[1.296s] -- Up-to-date: /home/Judy/safmc_uwb/ros/install/uwb_msgs/share/uwb_msgs/cmake/uwb_msgs__rosidl_typesupport_introspection_cppExport-noconfig.cmake
[1.296s] -- Up-to-date: /home/Judy/safmc_uwb/ros/install/uwb_msgs/share/uwb_msgs/cmake/uwb_msgs__rosidl_typesupport_cppExport.cmake
[1.296s] -- Up-to-date: /home/Judy/safmc_uwb/ros/install/uwb_msgs/share/uwb_msgs/cmake/uwb_msgs__rosidl_typesupport_cppExport-noconfig.cmake
[1.297s] -- Up-to-date: /home/Judy/safmc_uwb/ros/install/uwb_msgs/share/uwb_msgs/cmake/export_uwb_msgs__rosidl_generator_pyExport.cmake
[1.297s] -- Up-to-date: /home/Judy/safmc_uwb/ros/install/uwb_msgs/share/uwb_msgs/cmake/export_uwb_msgs__rosidl_generator_pyExport-noconfig.cmake
[1.297s] -- Up-to-date: /home/Judy/safmc_uwb/ros/install/uwb_msgs/share/uwb_msgs/cmake/rosidl_cmake-extras.cmake
[1.297s] -- Up-to-date: /home/Judy/safmc_uwb/ros/install/uwb_msgs/share/uwb_msgs/cmake/ament_cmake_export_dependencies-extras.cmake
[1.297s] -- Up-to-date: /home/Judy/safmc_uwb/ros/install/uwb_msgs/share/uwb_msgs/cmake/ament_cmake_export_include_directories-extras.cmake
[1.297s] -- Up-to-date: /home/Judy/safmc_uwb/ros/install/uwb_msgs/share/uwb_msgs/cmake/ament_cmake_export_libraries-extras.cmake
[1.297s] -- Up-to-date: /home/Judy/safmc_uwb/ros/install/uwb_msgs/share/uwb_msgs/cmake/ament_cmake_export_targets-extras.cmake
[1.297s] -- Up-to-date: /home/Judy/safmc_uwb/ros/install/uwb_msgs/share/uwb_msgs/cmake/rosidl_cmake_export_typesupport_targets-extras.cmake
[1.298s] -- Up-to-date: /home/Judy/safmc_uwb/ros/install/uwb_msgs/share/uwb_msgs/cmake/rosidl_cmake_export_typesupport_libraries-extras.cmake
[1.298s] -- Up-to-date: /home/Judy/safmc_uwb/ros/install/uwb_msgs/share/uwb_msgs/cmake/uwb_msgsConfig.cmake
[1.298s] -- Up-to-date: /home/Judy/safmc_uwb/ros/install/uwb_msgs/share/uwb_msgs/cmake/uwb_msgsConfig-version.cmake
[1.298s] -- Up-to-date: /home/Judy/safmc_uwb/ros/install/uwb_msgs/share/uwb_msgs/package.xml
[1.300s] Invoked command in '/home/Judy/safmc_uwb/ros/build/uwb_msgs' returned '0': CMAKE_PREFIX_PATH=${CMAKE_PREFIX_PATH}:/home/Judy/safmc_uwb/ros/install/uwb:/opt/ros/humble /usr/bin/cmake --install /home/Judy/safmc_uwb/ros/build/uwb_msgs
