[0.000000] (-) TimerEvent: {}
[0.000329] (agent_msgs) JobQueued: {'identifier': 'agent_msgs', 'dependencies': OrderedDict()}
[0.000431] (uwb) JobQueued: {'identifier': 'uwb', 'dependencies': OrderedDict()}
[0.000470] (agent_msgs) JobStarted: {'identifier': 'agent_msgs'}
[0.003778] (uwb) JobStarted: {'identifier': 'uwb'}
[0.007495] (agent_msgs) JobProgress: {'identifier': 'agent_msgs', 'progress': 'cmake'}
[0.008061] (agent_msgs) JobProgress: {'identifier': 'agent_msgs', 'progress': 'build'}
[0.008165] (agent_msgs) Command: {'cmd': ['/usr/bin/cmake', '--build', '/workspace/tmp/safmc_uwb/ros/build/agent_msgs', '--', '-j20', '-l20'], 'cwd': '/workspace/tmp/safmc_uwb/ros/build/agent_msgs', 'env': OrderedDict([('SUDO_GID', '1000'), ('MAIL', '/var/mail/root'), ('USER', 'root'), ('HOSTNAME', 'huixin'), ('SHLVL', '1'), ('LD_LIBRARY_PATH', '/workspace/tmp/safmc_uwb/ros/install/agent_msgs/lib:/workspace/safmc_uwb/ros/install/agent_msgs/lib:/opt/ros/humble/opt/rviz_ogre_vendor/lib:/opt/ros/humble/lib/x86_64-linux-gnu:/opt/ros/humble/lib'), ('HOME', '/root'), ('ROS_PYTHON_VERSION', '3'), ('COLORTERM', 'truecolor'), ('COLCON_PREFIX_PATH', '/workspace/tmp/safmc_uwb/ros/install:/workspace/safmc_uwb/ros/install'), ('SUDO_UID', '1000'), ('ROS_DISTRO', 'humble'), ('LOGNAME', 'root'), ('_', '/usr/bin/colcon'), ('ROS_VERSION', '2'), ('TERM', 'xterm-256color'), ('ROS_LOCALHOST_ONLY', '0'), ('PATH', '/opt/ros/humble/bin:/usr/local/sbin:/usr/local/bin:/usr/sbin:/usr/bin:/sbin:/bin'), ('DISPLAY', ':0'), ('LANG', 'en_US.UTF-8'), ('SUDO_COMMAND', '/usr/bin/su'), ('AMENT_PREFIX_PATH', '/workspace/tmp/safmc_uwb/ros/install/uwb:/workspace/tmp/safmc_uwb/ros/install/agent_msgs:/workspace/safmc_uwb/ros/install/uwb:/workspace/safmc_uwb/ros/install/agent_msgs:/opt/ros/humble'), ('DEBIAN_FRONTEND', 'noninteractive'), ('SHELL', '/bin/bash'), ('SUDO_USER', 'user'), ('PWD', '/workspace/tmp/safmc_uwb/ros/build/agent_msgs'), ('LC_ALL', 'en_US.UTF-8'), ('PYTHONPATH', '/workspace/tmp/safmc_uwb/ros/install/uwb/lib/python3.10/site-packages:/workspace/tmp/safmc_uwb/ros/install/agent_msgs/local/lib/python3.10/dist-packages:/workspace/safmc_uwb/ros/install/uwb/lib/python3.10/site-packages:/workspace/safmc_uwb/ros/install/agent_msgs/local/lib/python3.10/dist-packages:/opt/ros/humble/lib/python3.10/site-packages:/opt/ros/humble/local/lib/python3.10/dist-packages'), ('COLCON', '1'), ('CMAKE_PREFIX_PATH', '/workspace/tmp/safmc_uwb/ros/install/agent_msgs:/workspace/safmc_uwb/ros/install/agent_msgs:/workspace/tmp/safmc_uwb/ros/install/uwb:/workspace/safmc_uwb/ros/install/uwb:/opt/ros/humble')]), 'shell': False}
[0.044641] (agent_msgs) StdoutLine: {'line': b'\x1b[35m\x1b[1mConsolidate compiler generated dependencies of target agent_msgs__rosidl_generator_c\x1b[0m\n'}
[0.052704] (agent_msgs) StdoutLine: {'line': b'[  2%] Built target agent_msgs__cpp\n'}
[0.054411] (agent_msgs) StdoutLine: {'line': b'[ 12%] Built target agent_msgs__rosidl_generator_c\n'}
[0.058858] (agent_msgs) StdoutLine: {'line': b'[ 12%] Built target ament_cmake_python_copy_agent_msgs\n'}
[0.060198] (agent_msgs) StdoutLine: {'line': b'\x1b[35m\x1b[1mConsolidate compiler generated dependencies of target agent_msgs__rosidl_typesupport_cpp\x1b[0m\n'}
[0.061726] (agent_msgs) StdoutLine: {'line': b'\x1b[35m\x1b[1mConsolidate compiler generated dependencies of target agent_msgs__rosidl_typesupport_introspection_c\x1b[0m\n'}
[0.062516] (agent_msgs) StdoutLine: {'line': b'\x1b[35m\x1b[1mConsolidate compiler generated dependencies of target agent_msgs__rosidl_typesupport_fastrtps_c\x1b[0m\n'}
[0.062636] (agent_msgs) StdoutLine: {'line': b'\x1b[35m\x1b[1mConsolidate compiler generated dependencies of target agent_msgs__rosidl_typesupport_introspection_cpp\x1b[0m\n'}
[0.062751] (agent_msgs) StdoutLine: {'line': b'\x1b[35m\x1b[1mConsolidate compiler generated dependencies of target agent_msgs__rosidl_typesupport_fastrtps_cpp\x1b[0m\n'}
[0.063004] (agent_msgs) StdoutLine: {'line': b'\x1b[35m\x1b[1mConsolidate compiler generated dependencies of target agent_msgs__rosidl_typesupport_c\x1b[0m\n'}
[0.070107] (agent_msgs) StdoutLine: {'line': b'[ 23%] Built target agent_msgs__rosidl_typesupport_introspection_c\n'}
[0.071430] (agent_msgs) StdoutLine: {'line': b'[ 34%] Built target agent_msgs__rosidl_typesupport_c\n'}
[0.073278] (agent_msgs) StdoutLine: {'line': b'[ 44%] Built target agent_msgs__rosidl_typesupport_cpp\n'}
[0.073662] (agent_msgs) StdoutLine: {'line': b'[ 55%] Built target agent_msgs__rosidl_typesupport_fastrtps_c\n'}
[0.075551] (agent_msgs) StdoutLine: {'line': b'[ 65%] Built target agent_msgs__rosidl_typesupport_introspection_cpp\n'}
[0.077615] (agent_msgs) StdoutLine: {'line': b'[ 76%] Built target agent_msgs__rosidl_typesupport_fastrtps_cpp\n'}
[0.092796] (agent_msgs) StdoutLine: {'line': b'[ 76%] Built target agent_msgs\n'}
[0.099749] (-) TimerEvent: {}
[0.108517] (agent_msgs) StdoutLine: {'line': b'[ 78%] Built target agent_msgs__py\n'}
[0.117217] (agent_msgs) StdoutLine: {'line': b'\x1b[35m\x1b[1mConsolidate compiler generated dependencies of target agent_msgs__rosidl_generator_py\x1b[0m\n'}
[0.129060] (agent_msgs) StdoutLine: {'line': b'[ 87%] Built target agent_msgs__rosidl_generator_py\n'}
[0.137744] (agent_msgs) StdoutLine: {'line': b'\x1b[35m\x1b[1mConsolidate compiler generated dependencies of target agent_msgs__rosidl_typesupport_introspection_c__pyext\x1b[0m\n'}
[0.137899] (agent_msgs) StdoutLine: {'line': b'\x1b[35m\x1b[1mConsolidate compiler generated dependencies of target agent_msgs__rosidl_typesupport_fastrtps_c__pyext\x1b[0m\n'}
[0.137973] (agent_msgs) StdoutLine: {'line': b'\x1b[35m\x1b[1mConsolidate compiler generated dependencies of target agent_msgs__rosidl_typesupport_c__pyext\x1b[0m\n'}
[0.150325] (agent_msgs) StdoutLine: {'line': b'[100%] Built target agent_msgs__rosidl_typesupport_c__pyext\n'}
[0.150499] (agent_msgs) StdoutLine: {'line': b'[100%] Built target agent_msgs__rosidl_typesupport_fastrtps_c__pyext\n'}
[0.150581] (agent_msgs) StdoutLine: {'line': b'[100%] Built target agent_msgs__rosidl_typesupport_introspection_c__pyext\n'}
[0.199845] (-) TimerEvent: {}
[0.212071] (agent_msgs) StdoutLine: {'line': b'running egg_info\n'}
[0.212525] (agent_msgs) StdoutLine: {'line': b'writing agent_msgs.egg-info/PKG-INFO\n'}
[0.212844] (agent_msgs) StdoutLine: {'line': b'writing dependency_links to agent_msgs.egg-info/dependency_links.txt\n'}
[0.212939] (agent_msgs) StdoutLine: {'line': b'writing top-level names to agent_msgs.egg-info/top_level.txt\n'}
[0.214323] (agent_msgs) StdoutLine: {'line': b"reading manifest file 'agent_msgs.egg-info/SOURCES.txt'\n"}
[0.214580] (agent_msgs) StdoutLine: {'line': b"writing manifest file 'agent_msgs.egg-info/SOURCES.txt'\n"}
[0.232684] (agent_msgs) StdoutLine: {'line': b'[100%] Built target ament_cmake_python_build_agent_msgs_egg\n'}
[0.241224] (agent_msgs) CommandEnded: {'returncode': 0}
[0.242146] (agent_msgs) JobProgress: {'identifier': 'agent_msgs', 'progress': 'install'}
[0.250005] (agent_msgs) Command: {'cmd': ['/usr/bin/cmake', '--install', '/workspace/tmp/safmc_uwb/ros/build/agent_msgs'], 'cwd': '/workspace/tmp/safmc_uwb/ros/build/agent_msgs', 'env': OrderedDict([('SUDO_GID', '1000'), ('MAIL', '/var/mail/root'), ('USER', 'root'), ('HOSTNAME', 'huixin'), ('SHLVL', '1'), ('LD_LIBRARY_PATH', '/workspace/tmp/safmc_uwb/ros/install/agent_msgs/lib:/workspace/safmc_uwb/ros/install/agent_msgs/lib:/opt/ros/humble/opt/rviz_ogre_vendor/lib:/opt/ros/humble/lib/x86_64-linux-gnu:/opt/ros/humble/lib'), ('HOME', '/root'), ('ROS_PYTHON_VERSION', '3'), ('COLORTERM', 'truecolor'), ('COLCON_PREFIX_PATH', '/workspace/tmp/safmc_uwb/ros/install:/workspace/safmc_uwb/ros/install'), ('SUDO_UID', '1000'), ('ROS_DISTRO', 'humble'), ('LOGNAME', 'root'), ('_', '/usr/bin/colcon'), ('ROS_VERSION', '2'), ('TERM', 'xterm-256color'), ('ROS_LOCALHOST_ONLY', '0'), ('PATH', '/opt/ros/humble/bin:/usr/local/sbin:/usr/local/bin:/usr/sbin:/usr/bin:/sbin:/bin'), ('DISPLAY', ':0'), ('LANG', 'en_US.UTF-8'), ('SUDO_COMMAND', '/usr/bin/su'), ('AMENT_PREFIX_PATH', '/workspace/tmp/safmc_uwb/ros/install/uwb:/workspace/tmp/safmc_uwb/ros/install/agent_msgs:/workspace/safmc_uwb/ros/install/uwb:/workspace/safmc_uwb/ros/install/agent_msgs:/opt/ros/humble'), ('DEBIAN_FRONTEND', 'noninteractive'), ('SHELL', '/bin/bash'), ('SUDO_USER', 'user'), ('PWD', '/workspace/tmp/safmc_uwb/ros/build/agent_msgs'), ('LC_ALL', 'en_US.UTF-8'), ('PYTHONPATH', '/workspace/tmp/safmc_uwb/ros/install/uwb/lib/python3.10/site-packages:/workspace/tmp/safmc_uwb/ros/install/agent_msgs/local/lib/python3.10/dist-packages:/workspace/safmc_uwb/ros/install/uwb/lib/python3.10/site-packages:/workspace/safmc_uwb/ros/install/agent_msgs/local/lib/python3.10/dist-packages:/opt/ros/humble/lib/python3.10/site-packages:/opt/ros/humble/local/lib/python3.10/dist-packages'), ('COLCON', '1'), ('CMAKE_PREFIX_PATH', '/workspace/tmp/safmc_uwb/ros/install/agent_msgs:/workspace/safmc_uwb/ros/install/agent_msgs:/workspace/tmp/safmc_uwb/ros/install/uwb:/workspace/safmc_uwb/ros/install/uwb:/opt/ros/humble')]), 'shell': False}
[0.255002] (agent_msgs) StdoutLine: {'line': b'-- Install configuration: ""\n'}
[0.255142] (agent_msgs) StdoutLine: {'line': b'-- Up-to-date: /workspace/tmp/safmc_uwb/ros/install/agent_msgs/share/ament_index/resource_index/rosidl_interfaces/agent_msgs\n'}
[0.255185] (agent_msgs) StdoutLine: {'line': b'-- Up-to-date: /workspace/tmp/safmc_uwb/ros/install/agent_msgs/include/agent_msgs/agent_msgs\n'}
[0.255223] (agent_msgs) StdoutLine: {'line': b'-- Up-to-date: /workspace/tmp/safmc_uwb/ros/install/agent_msgs/include/agent_msgs/agent_msgs/msg\n'}
[0.255259] (agent_msgs) StdoutLine: {'line': b'-- Up-to-date: /workspace/tmp/safmc_uwb/ros/install/agent_msgs/include/agent_msgs/agent_msgs/msg/pose.h\n'}
[0.255295] (agent_msgs) StdoutLine: {'line': b'-- Up-to-date: /workspace/tmp/safmc_uwb/ros/install/agent_msgs/include/agent_msgs/agent_msgs/msg/tag_position.h\n'}
[0.255358] (agent_msgs) StdoutLine: {'line': b'-- Up-to-date: /workspace/tmp/safmc_uwb/ros/install/agent_msgs/include/agent_msgs/agent_msgs/msg/rosidl_generator_c__visibility_control.h\n'}
[0.255397] (agent_msgs) StdoutLine: {'line': b'-- Up-to-date: /workspace/tmp/safmc_uwb/ros/install/agent_msgs/include/agent_msgs/agent_msgs/msg/detail\n'}
[0.255448] (agent_msgs) StdoutLine: {'line': b'-- Up-to-date: /workspace/tmp/safmc_uwb/ros/install/agent_msgs/include/agent_msgs/agent_msgs/msg/detail/range__type_support.h\n'}
[0.255484] (agent_msgs) StdoutLine: {'line': b'-- Up-to-date: /workspace/tmp/safmc_uwb/ros/install/agent_msgs/include/agent_msgs/agent_msgs/msg/detail/pose__struct.h\n'}
[0.255520] (agent_msgs) StdoutLine: {'line': b'-- Up-to-date: /workspace/tmp/safmc_uwb/ros/install/agent_msgs/include/agent_msgs/agent_msgs/msg/detail/tag_position__type_support.h\n'}
[0.255556] (agent_msgs) StdoutLine: {'line': b'-- Up-to-date: /workspace/tmp/safmc_uwb/ros/install/agent_msgs/include/agent_msgs/agent_msgs/msg/detail/tag_position__struct.h\n'}
[0.255591] (agent_msgs) StdoutLine: {'line': b'-- Up-to-date: /workspace/tmp/safmc_uwb/ros/install/agent_msgs/include/agent_msgs/agent_msgs/msg/detail/pose__functions.h\n'}
[0.255626] (agent_msgs) StdoutLine: {'line': b'-- Up-to-date: /workspace/tmp/safmc_uwb/ros/install/agent_msgs/include/agent_msgs/agent_msgs/msg/detail/pose__type_support.h\n'}
[0.255662] (agent_msgs) StdoutLine: {'line': b'-- Up-to-date: /workspace/tmp/safmc_uwb/ros/install/agent_msgs/include/agent_msgs/agent_msgs/msg/detail/tag_position__functions.h\n'}
[0.255697] (agent_msgs) StdoutLine: {'line': b'-- Up-to-date: /workspace/tmp/safmc_uwb/ros/install/agent_msgs/include/agent_msgs/agent_msgs/msg/detail/pose__functions.c\n'}
[0.255790] (agent_msgs) StdoutLine: {'line': b'-- Up-to-date: /workspace/tmp/safmc_uwb/ros/install/agent_msgs/include/agent_msgs/agent_msgs/msg/detail/tag_position__functions.c\n'}
[0.255825] (agent_msgs) StdoutLine: {'line': b'-- Up-to-date: /workspace/tmp/safmc_uwb/ros/install/agent_msgs/include/agent_msgs/agent_msgs/msg/detail/range__functions.c\n'}
[0.255879] (agent_msgs) StdoutLine: {'line': b'-- Up-to-date: /workspace/tmp/safmc_uwb/ros/install/agent_msgs/include/agent_msgs/agent_msgs/msg/detail/range__functions.h\n'}
[0.255913] (agent_msgs) StdoutLine: {'line': b'-- Up-to-date: /workspace/tmp/safmc_uwb/ros/install/agent_msgs/include/agent_msgs/agent_msgs/msg/detail/range__struct.h\n'}
[0.255947] (agent_msgs) StdoutLine: {'line': b'-- Up-to-date: /workspace/tmp/safmc_uwb/ros/install/agent_msgs/include/agent_msgs/agent_msgs/msg/range.h\n'}
[0.255978] (agent_msgs) StdoutLine: {'line': b'-- Up-to-date: /workspace/tmp/safmc_uwb/ros/install/agent_msgs/share/agent_msgs/environment/library_path.sh\n'}
[0.256014] (agent_msgs) StdoutLine: {'line': b'-- Up-to-date: /workspace/tmp/safmc_uwb/ros/install/agent_msgs/share/agent_msgs/environment/library_path.dsv\n'}
[0.256048] (agent_msgs) StdoutLine: {'line': b'-- Up-to-date: /workspace/tmp/safmc_uwb/ros/install/agent_msgs/lib/libagent_msgs__rosidl_generator_c.so\n'}
[0.256082] (agent_msgs) StdoutLine: {'line': b'-- Up-to-date: /workspace/tmp/safmc_uwb/ros/install/agent_msgs/include/agent_msgs/agent_msgs\n'}
[0.256116] (agent_msgs) StdoutLine: {'line': b'-- Up-to-date: /workspace/tmp/safmc_uwb/ros/install/agent_msgs/include/agent_msgs/agent_msgs/msg\n'}
[0.256162] (agent_msgs) StdoutLine: {'line': b'-- Up-to-date: /workspace/tmp/safmc_uwb/ros/install/agent_msgs/include/agent_msgs/agent_msgs/msg/rosidl_typesupport_fastrtps_c__visibility_control.h\n'}
[0.256197] (agent_msgs) StdoutLine: {'line': b'-- Up-to-date: /workspace/tmp/safmc_uwb/ros/install/agent_msgs/include/agent_msgs/agent_msgs/msg/detail\n'}
[0.256230] (agent_msgs) StdoutLine: {'line': b'-- Up-to-date: /workspace/tmp/safmc_uwb/ros/install/agent_msgs/include/agent_msgs/agent_msgs/msg/detail/tag_position__rosidl_typesupport_fastrtps_c.h\n'}
[0.256264] (agent_msgs) StdoutLine: {'line': b'-- Up-to-date: /workspace/tmp/safmc_uwb/ros/install/agent_msgs/include/agent_msgs/agent_msgs/msg/detail/pose__rosidl_typesupport_fastrtps_c.h\n'}
[0.256298] (agent_msgs) StdoutLine: {'line': b'-- Up-to-date: /workspace/tmp/safmc_uwb/ros/install/agent_msgs/include/agent_msgs/agent_msgs/msg/detail/range__rosidl_typesupport_fastrtps_c.h\n'}
[0.256332] (agent_msgs) StdoutLine: {'line': b'-- Up-to-date: /workspace/tmp/safmc_uwb/ros/install/agent_msgs/lib/libagent_msgs__rosidl_typesupport_fastrtps_c.so\n'}
[0.256367] (agent_msgs) StdoutLine: {'line': b'-- Up-to-date: /workspace/tmp/safmc_uwb/ros/install/agent_msgs/include/agent_msgs/agent_msgs\n'}
[0.256403] (agent_msgs) StdoutLine: {'line': b'-- Up-to-date: /workspace/tmp/safmc_uwb/ros/install/agent_msgs/include/agent_msgs/agent_msgs/msg\n'}
[0.256468] (agent_msgs) StdoutLine: {'line': b'-- Up-to-date: /workspace/tmp/safmc_uwb/ros/install/agent_msgs/include/agent_msgs/agent_msgs/msg/rosidl_typesupport_introspection_c__visibility_control.h\n'}
[0.256502] (agent_msgs) StdoutLine: {'line': b'-- Up-to-date: /workspace/tmp/safmc_uwb/ros/install/agent_msgs/include/agent_msgs/agent_msgs/msg/detail\n'}
[0.256536] (agent_msgs) StdoutLine: {'line': b'-- Up-to-date: /workspace/tmp/safmc_uwb/ros/install/agent_msgs/include/agent_msgs/agent_msgs/msg/detail/pose__type_support.c\n'}
[0.256570] (agent_msgs) StdoutLine: {'line': b'-- Up-to-date: /workspace/tmp/safmc_uwb/ros/install/agent_msgs/include/agent_msgs/agent_msgs/msg/detail/tag_position__rosidl_typesupport_introspection_c.h\n'}
[0.256648] (agent_msgs) StdoutLine: {'line': b'-- Up-to-date: /workspace/tmp/safmc_uwb/ros/install/agent_msgs/include/agent_msgs/agent_msgs/msg/detail/range__rosidl_typesupport_introspection_c.h\n'}
[0.256682] (agent_msgs) StdoutLine: {'line': b'-- Up-to-date: /workspace/tmp/safmc_uwb/ros/install/agent_msgs/include/agent_msgs/agent_msgs/msg/detail/tag_position__type_support.c\n'}
[0.256716] (agent_msgs) StdoutLine: {'line': b'-- Up-to-date: /workspace/tmp/safmc_uwb/ros/install/agent_msgs/include/agent_msgs/agent_msgs/msg/detail/pose__rosidl_typesupport_introspection_c.h\n'}
[0.256749] (agent_msgs) StdoutLine: {'line': b'-- Up-to-date: /workspace/tmp/safmc_uwb/ros/install/agent_msgs/include/agent_msgs/agent_msgs/msg/detail/range__type_support.c\n'}
[0.256816] (agent_msgs) StdoutLine: {'line': b'-- Up-to-date: /workspace/tmp/safmc_uwb/ros/install/agent_msgs/lib/libagent_msgs__rosidl_typesupport_introspection_c.so\n'}
[0.256848] (agent_msgs) StdoutLine: {'line': b'-- Up-to-date: /workspace/tmp/safmc_uwb/ros/install/agent_msgs/lib/libagent_msgs__rosidl_typesupport_c.so\n'}
[0.256883] (agent_msgs) StdoutLine: {'line': b'-- Up-to-date: /workspace/tmp/safmc_uwb/ros/install/agent_msgs/include/agent_msgs/agent_msgs\n'}
[0.256918] (agent_msgs) StdoutLine: {'line': b'-- Up-to-date: /workspace/tmp/safmc_uwb/ros/install/agent_msgs/include/agent_msgs/agent_msgs/msg\n'}
[0.256952] (agent_msgs) StdoutLine: {'line': b'-- Up-to-date: /workspace/tmp/safmc_uwb/ros/install/agent_msgs/include/agent_msgs/agent_msgs/msg/range.hpp\n'}
[0.256986] (agent_msgs) StdoutLine: {'line': b'-- Up-to-date: /workspace/tmp/safmc_uwb/ros/install/agent_msgs/include/agent_msgs/agent_msgs/msg/pose.hpp\n'}
[0.257020] (agent_msgs) StdoutLine: {'line': b'-- Up-to-date: /workspace/tmp/safmc_uwb/ros/install/agent_msgs/include/agent_msgs/agent_msgs/msg/tag_position.hpp\n'}
[0.257053] (agent_msgs) StdoutLine: {'line': b'-- Up-to-date: /workspace/tmp/safmc_uwb/ros/install/agent_msgs/include/agent_msgs/agent_msgs/msg/detail\n'}
[0.257128] (agent_msgs) StdoutLine: {'line': b'-- Up-to-date: /workspace/tmp/safmc_uwb/ros/install/agent_msgs/include/agent_msgs/agent_msgs/msg/detail/pose__struct.hpp\n'}
[0.257160] (agent_msgs) StdoutLine: {'line': b'-- Up-to-date: /workspace/tmp/safmc_uwb/ros/install/agent_msgs/include/agent_msgs/agent_msgs/msg/detail/pose__type_support.hpp\n'}
[0.257194] (agent_msgs) StdoutLine: {'line': b'-- Up-to-date: /workspace/tmp/safmc_uwb/ros/install/agent_msgs/include/agent_msgs/agent_msgs/msg/detail/tag_position__traits.hpp\n'}
[0.257228] (agent_msgs) StdoutLine: {'line': b'-- Up-to-date: /workspace/tmp/safmc_uwb/ros/install/agent_msgs/include/agent_msgs/agent_msgs/msg/detail/range__struct.hpp\n'}
[0.257261] (agent_msgs) StdoutLine: {'line': b'-- Up-to-date: /workspace/tmp/safmc_uwb/ros/install/agent_msgs/include/agent_msgs/agent_msgs/msg/detail/tag_position__type_support.hpp\n'}
[0.257294] (agent_msgs) StdoutLine: {'line': b'-- Up-to-date: /workspace/tmp/safmc_uwb/ros/install/agent_msgs/include/agent_msgs/agent_msgs/msg/detail/pose__builder.hpp\n'}
[0.257328] (agent_msgs) StdoutLine: {'line': b'-- Up-to-date: /workspace/tmp/safmc_uwb/ros/install/agent_msgs/include/agent_msgs/agent_msgs/msg/detail/range__builder.hpp\n'}
[0.257361] (agent_msgs) StdoutLine: {'line': b'-- Up-to-date: /workspace/tmp/safmc_uwb/ros/install/agent_msgs/include/agent_msgs/agent_msgs/msg/detail/pose__traits.hpp\n'}
[0.257409] (agent_msgs) StdoutLine: {'line': b'-- Up-to-date: /workspace/tmp/safmc_uwb/ros/install/agent_msgs/include/agent_msgs/agent_msgs/msg/detail/range__type_support.hpp\n'}
[0.257481] (agent_msgs) StdoutLine: {'line': b'-- Up-to-date: /workspace/tmp/safmc_uwb/ros/install/agent_msgs/include/agent_msgs/agent_msgs/msg/detail/tag_position__struct.hpp\n'}
[0.257517] (agent_msgs) StdoutLine: {'line': b'-- Up-to-date: /workspace/tmp/safmc_uwb/ros/install/agent_msgs/include/agent_msgs/agent_msgs/msg/detail/range__traits.hpp\n'}
[0.257553] (agent_msgs) StdoutLine: {'line': b'-- Up-to-date: /workspace/tmp/safmc_uwb/ros/install/agent_msgs/include/agent_msgs/agent_msgs/msg/detail/tag_position__builder.hpp\n'}
[0.257587] (agent_msgs) StdoutLine: {'line': b'-- Up-to-date: /workspace/tmp/safmc_uwb/ros/install/agent_msgs/include/agent_msgs/agent_msgs/msg/rosidl_generator_cpp__visibility_control.hpp\n'}
[0.257622] (agent_msgs) StdoutLine: {'line': b'-- Up-to-date: /workspace/tmp/safmc_uwb/ros/install/agent_msgs/include/agent_msgs/agent_msgs\n'}
[0.257657] (agent_msgs) StdoutLine: {'line': b'-- Up-to-date: /workspace/tmp/safmc_uwb/ros/install/agent_msgs/include/agent_msgs/agent_msgs/msg\n'}
[0.257692] (agent_msgs) StdoutLine: {'line': b'-- Up-to-date: /workspace/tmp/safmc_uwb/ros/install/agent_msgs/include/agent_msgs/agent_msgs/msg/detail\n'}
[0.257754] (agent_msgs) StdoutLine: {'line': b'-- Up-to-date: /workspace/tmp/safmc_uwb/ros/install/agent_msgs/include/agent_msgs/agent_msgs/msg/detail/range__rosidl_typesupport_fastrtps_cpp.hpp\n'}
[0.257787] (agent_msgs) StdoutLine: {'line': b'-- Up-to-date: /workspace/tmp/safmc_uwb/ros/install/agent_msgs/include/agent_msgs/agent_msgs/msg/detail/pose__rosidl_typesupport_fastrtps_cpp.hpp\n'}
[0.257821] (agent_msgs) StdoutLine: {'line': b'-- Up-to-date: /workspace/tmp/safmc_uwb/ros/install/agent_msgs/include/agent_msgs/agent_msgs/msg/detail/dds_fastrtps\n'}
[0.257853] (agent_msgs) StdoutLine: {'line': b'-- Up-to-date: /workspace/tmp/safmc_uwb/ros/install/agent_msgs/include/agent_msgs/agent_msgs/msg/detail/tag_position__rosidl_typesupport_fastrtps_cpp.hpp\n'}
[0.257885] (agent_msgs) StdoutLine: {'line': b'-- Up-to-date: /workspace/tmp/safmc_uwb/ros/install/agent_msgs/include/agent_msgs/agent_msgs/msg/rosidl_typesupport_fastrtps_cpp__visibility_control.h\n'}
[0.257916] (agent_msgs) StdoutLine: {'line': b'-- Up-to-date: /workspace/tmp/safmc_uwb/ros/install/agent_msgs/lib/libagent_msgs__rosidl_typesupport_fastrtps_cpp.so\n'}
[0.257947] (agent_msgs) StdoutLine: {'line': b'-- Up-to-date: /workspace/tmp/safmc_uwb/ros/install/agent_msgs/include/agent_msgs/agent_msgs\n'}
[0.257980] (agent_msgs) StdoutLine: {'line': b'-- Up-to-date: /workspace/tmp/safmc_uwb/ros/install/agent_msgs/include/agent_msgs/agent_msgs/msg\n'}
[0.258013] (agent_msgs) StdoutLine: {'line': b'-- Up-to-date: /workspace/tmp/safmc_uwb/ros/install/agent_msgs/include/agent_msgs/agent_msgs/msg/detail\n'}
[0.258045] (agent_msgs) StdoutLine: {'line': b'-- Up-to-date: /workspace/tmp/safmc_uwb/ros/install/agent_msgs/include/agent_msgs/agent_msgs/msg/detail/tag_position__rosidl_typesupport_introspection_cpp.hpp\n'}
[0.258077] (agent_msgs) StdoutLine: {'line': b'-- Up-to-date: /workspace/tmp/safmc_uwb/ros/install/agent_msgs/include/agent_msgs/agent_msgs/msg/detail/tag_position__type_support.cpp\n'}
[0.258108] (agent_msgs) StdoutLine: {'line': b'-- Up-to-date: /workspace/tmp/safmc_uwb/ros/install/agent_msgs/include/agent_msgs/agent_msgs/msg/detail/range__type_support.cpp\n'}
[0.258139] (agent_msgs) StdoutLine: {'line': b'-- Up-to-date: /workspace/tmp/safmc_uwb/ros/install/agent_msgs/include/agent_msgs/agent_msgs/msg/detail/range__rosidl_typesupport_introspection_cpp.hpp\n'}
[0.258171] (agent_msgs) StdoutLine: {'line': b'-- Up-to-date: /workspace/tmp/safmc_uwb/ros/install/agent_msgs/include/agent_msgs/agent_msgs/msg/detail/pose__rosidl_typesupport_introspection_cpp.hpp\n'}
[0.258202] (agent_msgs) StdoutLine: {'line': b'-- Up-to-date: /workspace/tmp/safmc_uwb/ros/install/agent_msgs/include/agent_msgs/agent_msgs/msg/detail/pose__type_support.cpp\n'}
[0.258234] (agent_msgs) StdoutLine: {'line': b'-- Up-to-date: /workspace/tmp/safmc_uwb/ros/install/agent_msgs/lib/libagent_msgs__rosidl_typesupport_introspection_cpp.so\n'}
[0.258267] (agent_msgs) StdoutLine: {'line': b'-- Up-to-date: /workspace/tmp/safmc_uwb/ros/install/agent_msgs/lib/libagent_msgs__rosidl_typesupport_cpp.so\n'}
[0.258300] (agent_msgs) StdoutLine: {'line': b'-- Up-to-date: /workspace/tmp/safmc_uwb/ros/install/agent_msgs/share/agent_msgs/environment/pythonpath.sh\n'}
[0.258331] (agent_msgs) StdoutLine: {'line': b'-- Up-to-date: /workspace/tmp/safmc_uwb/ros/install/agent_msgs/share/agent_msgs/environment/pythonpath.dsv\n'}
[0.258363] (agent_msgs) StdoutLine: {'line': b'-- Up-to-date: /workspace/tmp/safmc_uwb/ros/install/agent_msgs/local/lib/python3.10/dist-packages/agent_msgs-0.0.0-py3.10.egg-info\n'}
[0.258399] (agent_msgs) StdoutLine: {'line': b'-- Installing: /workspace/tmp/safmc_uwb/ros/install/agent_msgs/local/lib/python3.10/dist-packages/agent_msgs-0.0.0-py3.10.egg-info/top_level.txt\n'}
[0.258431] (agent_msgs) StdoutLine: {'line': b'-- Installing: /workspace/tmp/safmc_uwb/ros/install/agent_msgs/local/lib/python3.10/dist-packages/agent_msgs-0.0.0-py3.10.egg-info/SOURCES.txt\n'}
[0.258462] (agent_msgs) StdoutLine: {'line': b'-- Installing: /workspace/tmp/safmc_uwb/ros/install/agent_msgs/local/lib/python3.10/dist-packages/agent_msgs-0.0.0-py3.10.egg-info/dependency_links.txt\n'}
[0.258492] (agent_msgs) StdoutLine: {'line': b'-- Installing: /workspace/tmp/safmc_uwb/ros/install/agent_msgs/local/lib/python3.10/dist-packages/agent_msgs-0.0.0-py3.10.egg-info/PKG-INFO\n'}
[0.258528] (agent_msgs) StdoutLine: {'line': b'-- Up-to-date: /workspace/tmp/safmc_uwb/ros/install/agent_msgs/local/lib/python3.10/dist-packages/agent_msgs\n'}
[0.258558] (agent_msgs) StdoutLine: {'line': b'-- Up-to-date: /workspace/tmp/safmc_uwb/ros/install/agent_msgs/local/lib/python3.10/dist-packages/agent_msgs/agent_msgs_s__rosidl_typesupport_c.cpython-310-x86_64-linux-gnu.so\n'}
[0.258590] (agent_msgs) StdoutLine: {'line': b'-- Up-to-date: /workspace/tmp/safmc_uwb/ros/install/agent_msgs/local/lib/python3.10/dist-packages/agent_msgs/msg\n'}
[0.258620] (agent_msgs) StdoutLine: {'line': b'-- Up-to-date: /workspace/tmp/safmc_uwb/ros/install/agent_msgs/local/lib/python3.10/dist-packages/agent_msgs/msg/_range_s.c\n'}
[0.258651] (agent_msgs) StdoutLine: {'line': b'-- Up-to-date: /workspace/tmp/safmc_uwb/ros/install/agent_msgs/local/lib/python3.10/dist-packages/agent_msgs/msg/_tag_position.py\n'}
[0.258681] (agent_msgs) StdoutLine: {'line': b'-- Up-to-date: /workspace/tmp/safmc_uwb/ros/install/agent_msgs/local/lib/python3.10/dist-packages/agent_msgs/msg/_tag_position_s.c\n'}
[0.258711] (agent_msgs) StdoutLine: {'line': b'-- Up-to-date: /workspace/tmp/safmc_uwb/ros/install/agent_msgs/local/lib/python3.10/dist-packages/agent_msgs/msg/_pose_s.c\n'}
[0.258743] (agent_msgs) StdoutLine: {'line': b'-- Up-to-date: /workspace/tmp/safmc_uwb/ros/install/agent_msgs/local/lib/python3.10/dist-packages/agent_msgs/msg/_pose.py\n'}
[0.258777] (agent_msgs) StdoutLine: {'line': b'-- Up-to-date: /workspace/tmp/safmc_uwb/ros/install/agent_msgs/local/lib/python3.10/dist-packages/agent_msgs/msg/__init__.py\n'}
[0.258809] (agent_msgs) StdoutLine: {'line': b'-- Up-to-date: /workspace/tmp/safmc_uwb/ros/install/agent_msgs/local/lib/python3.10/dist-packages/agent_msgs/msg/_range.py\n'}
[0.258840] (agent_msgs) StdoutLine: {'line': b'-- Up-to-date: /workspace/tmp/safmc_uwb/ros/install/agent_msgs/local/lib/python3.10/dist-packages/agent_msgs/_agent_msgs_s.ep.rosidl_typesupport_c.c\n'}
[0.258870] (agent_msgs) StdoutLine: {'line': b'-- Up-to-date: /workspace/tmp/safmc_uwb/ros/install/agent_msgs/local/lib/python3.10/dist-packages/agent_msgs/agent_msgs_s__rosidl_typesupport_fastrtps_c.cpython-310-x86_64-linux-gnu.so\n'}
[0.258902] (agent_msgs) StdoutLine: {'line': b'-- Up-to-date: /workspace/tmp/safmc_uwb/ros/install/agent_msgs/local/lib/python3.10/dist-packages/agent_msgs/_agent_msgs_s.ep.rosidl_typesupport_fastrtps_c.c\n'}
[0.258934] (agent_msgs) StdoutLine: {'line': b'-- Up-to-date: /workspace/tmp/safmc_uwb/ros/install/agent_msgs/local/lib/python3.10/dist-packages/agent_msgs/agent_msgs_s__rosidl_typesupport_introspection_c.cpython-310-x86_64-linux-gnu.so\n'}
[0.258965] (agent_msgs) StdoutLine: {'line': b'-- Up-to-date: /workspace/tmp/safmc_uwb/ros/install/agent_msgs/local/lib/python3.10/dist-packages/agent_msgs/_agent_msgs_s.ep.rosidl_typesupport_introspection_c.c\n'}
[0.258997] (agent_msgs) StdoutLine: {'line': b'-- Up-to-date: /workspace/tmp/safmc_uwb/ros/install/agent_msgs/local/lib/python3.10/dist-packages/agent_msgs/__init__.py\n'}
[0.259029] (agent_msgs) StdoutLine: {'line': b'-- Up-to-date: /workspace/tmp/safmc_uwb/ros/install/agent_msgs/local/lib/python3.10/dist-packages/agent_msgs/libagent_msgs__rosidl_generator_py.so\n'}
[0.281038] (agent_msgs) StdoutLine: {'line': b"Listing '/workspace/tmp/safmc_uwb/ros/install/agent_msgs/local/lib/python3.10/dist-packages/agent_msgs'...\n"}
[0.281140] (agent_msgs) StdoutLine: {'line': b"Listing '/workspace/tmp/safmc_uwb/ros/install/agent_msgs/local/lib/python3.10/dist-packages/agent_msgs/msg'...\n"}
[0.284071] (agent_msgs) StdoutLine: {'line': b'-- Up-to-date: /workspace/tmp/safmc_uwb/ros/install/agent_msgs/local/lib/python3.10/dist-packages/agent_msgs/agent_msgs_s__rosidl_typesupport_fastrtps_c.cpython-310-x86_64-linux-gnu.so\n'}
[0.284200] (agent_msgs) StdoutLine: {'line': b'-- Up-to-date: /workspace/tmp/safmc_uwb/ros/install/agent_msgs/local/lib/python3.10/dist-packages/agent_msgs/agent_msgs_s__rosidl_typesupport_introspection_c.cpython-310-x86_64-linux-gnu.so\n'}
[0.284285] (agent_msgs) StdoutLine: {'line': b'-- Up-to-date: /workspace/tmp/safmc_uwb/ros/install/agent_msgs/local/lib/python3.10/dist-packages/agent_msgs/agent_msgs_s__rosidl_typesupport_c.cpython-310-x86_64-linux-gnu.so\n'}
[0.284387] (agent_msgs) StdoutLine: {'line': b'-- Up-to-date: /workspace/tmp/safmc_uwb/ros/install/agent_msgs/lib/libagent_msgs__rosidl_generator_py.so\n'}
[0.284523] (agent_msgs) StdoutLine: {'line': b'-- Up-to-date: /workspace/tmp/safmc_uwb/ros/install/agent_msgs/share/agent_msgs/msg/Range.idl\n'}
[0.284615] (agent_msgs) StdoutLine: {'line': b'-- Up-to-date: /workspace/tmp/safmc_uwb/ros/install/agent_msgs/share/agent_msgs/msg/Pose.idl\n'}
[0.284712] (agent_msgs) StdoutLine: {'line': b'-- Up-to-date: /workspace/tmp/safmc_uwb/ros/install/agent_msgs/share/agent_msgs/msg/TagPosition.idl\n'}
[0.284813] (agent_msgs) StdoutLine: {'line': b'-- Up-to-date: /workspace/tmp/safmc_uwb/ros/install/agent_msgs/share/agent_msgs/msg/Range.msg\n'}
[0.284877] (agent_msgs) StdoutLine: {'line': b'-- Up-to-date: /workspace/tmp/safmc_uwb/ros/install/agent_msgs/share/agent_msgs/msg/Pose.msg\n'}
[0.284956] (agent_msgs) StdoutLine: {'line': b'-- Up-to-date: /workspace/tmp/safmc_uwb/ros/install/agent_msgs/share/agent_msgs/msg/TagPosition.msg\n'}
[0.285046] (agent_msgs) StdoutLine: {'line': b'-- Up-to-date: /workspace/tmp/safmc_uwb/ros/install/agent_msgs/share/ament_index/resource_index/package_run_dependencies/agent_msgs\n'}
[0.285146] (agent_msgs) StdoutLine: {'line': b'-- Up-to-date: /workspace/tmp/safmc_uwb/ros/install/agent_msgs/share/ament_index/resource_index/parent_prefix_path/agent_msgs\n'}
[0.285226] (agent_msgs) StdoutLine: {'line': b'-- Up-to-date: /workspace/tmp/safmc_uwb/ros/install/agent_msgs/share/agent_msgs/environment/ament_prefix_path.sh\n'}
[0.285313] (agent_msgs) StdoutLine: {'line': b'-- Up-to-date: /workspace/tmp/safmc_uwb/ros/install/agent_msgs/share/agent_msgs/environment/ament_prefix_path.dsv\n'}
[0.285406] (agent_msgs) StdoutLine: {'line': b'-- Up-to-date: /workspace/tmp/safmc_uwb/ros/install/agent_msgs/share/agent_msgs/environment/path.sh\n'}
[0.285476] (agent_msgs) StdoutLine: {'line': b'-- Up-to-date: /workspace/tmp/safmc_uwb/ros/install/agent_msgs/share/agent_msgs/environment/path.dsv\n'}
[0.285540] (agent_msgs) StdoutLine: {'line': b'-- Up-to-date: /workspace/tmp/safmc_uwb/ros/install/agent_msgs/share/agent_msgs/local_setup.bash\n'}
[0.285601] (agent_msgs) StdoutLine: {'line': b'-- Up-to-date: /workspace/tmp/safmc_uwb/ros/install/agent_msgs/share/agent_msgs/local_setup.sh\n'}
[0.285663] (agent_msgs) StdoutLine: {'line': b'-- Up-to-date: /workspace/tmp/safmc_uwb/ros/install/agent_msgs/share/agent_msgs/local_setup.zsh\n'}
[0.285724] (agent_msgs) StdoutLine: {'line': b'-- Up-to-date: /workspace/tmp/safmc_uwb/ros/install/agent_msgs/share/agent_msgs/local_setup.dsv\n'}
[0.285853] (agent_msgs) StdoutLine: {'line': b'-- Installing: /workspace/tmp/safmc_uwb/ros/install/agent_msgs/share/agent_msgs/package.dsv\n'}
[0.285919] (agent_msgs) StdoutLine: {'line': b'-- Up-to-date: /workspace/tmp/safmc_uwb/ros/install/agent_msgs/share/ament_index/resource_index/packages/agent_msgs\n'}
[0.285980] (agent_msgs) StdoutLine: {'line': b'-- Up-to-date: /workspace/tmp/safmc_uwb/ros/install/agent_msgs/share/agent_msgs/cmake/export_agent_msgs__rosidl_generator_cExport.cmake\n'}
[0.286042] (agent_msgs) StdoutLine: {'line': b'-- Up-to-date: /workspace/tmp/safmc_uwb/ros/install/agent_msgs/share/agent_msgs/cmake/export_agent_msgs__rosidl_generator_cExport-noconfig.cmake\n'}
[0.286105] (agent_msgs) StdoutLine: {'line': b'-- Up-to-date: /workspace/tmp/safmc_uwb/ros/install/agent_msgs/share/agent_msgs/cmake/export_agent_msgs__rosidl_typesupport_fastrtps_cExport.cmake\n'}
[0.286165] (agent_msgs) StdoutLine: {'line': b'-- Up-to-date: /workspace/tmp/safmc_uwb/ros/install/agent_msgs/share/agent_msgs/cmake/export_agent_msgs__rosidl_typesupport_fastrtps_cExport-noconfig.cmake\n'}
[0.286226] (agent_msgs) StdoutLine: {'line': b'-- Up-to-date: /workspace/tmp/safmc_uwb/ros/install/agent_msgs/share/agent_msgs/cmake/agent_msgs__rosidl_typesupport_introspection_cExport.cmake\n'}
[0.286291] (agent_msgs) StdoutLine: {'line': b'-- Up-to-date: /workspace/tmp/safmc_uwb/ros/install/agent_msgs/share/agent_msgs/cmake/agent_msgs__rosidl_typesupport_introspection_cExport-noconfig.cmake\n'}
[0.286352] (agent_msgs) StdoutLine: {'line': b'-- Up-to-date: /workspace/tmp/safmc_uwb/ros/install/agent_msgs/share/agent_msgs/cmake/agent_msgs__rosidl_typesupport_cExport.cmake\n'}
[0.286421] (agent_msgs) StdoutLine: {'line': b'-- Up-to-date: /workspace/tmp/safmc_uwb/ros/install/agent_msgs/share/agent_msgs/cmake/agent_msgs__rosidl_typesupport_cExport-noconfig.cmake\n'}
[0.286484] (agent_msgs) StdoutLine: {'line': b'-- Up-to-date: /workspace/tmp/safmc_uwb/ros/install/agent_msgs/share/agent_msgs/cmake/export_agent_msgs__rosidl_generator_cppExport.cmake\n'}
[0.286543] (agent_msgs) StdoutLine: {'line': b'-- Up-to-date: /workspace/tmp/safmc_uwb/ros/install/agent_msgs/share/agent_msgs/cmake/export_agent_msgs__rosidl_typesupport_fastrtps_cppExport.cmake\n'}
[0.286604] (agent_msgs) StdoutLine: {'line': b'-- Up-to-date: /workspace/tmp/safmc_uwb/ros/install/agent_msgs/share/agent_msgs/cmake/export_agent_msgs__rosidl_typesupport_fastrtps_cppExport-noconfig.cmake\n'}
[0.286664] (agent_msgs) StdoutLine: {'line': b'-- Up-to-date: /workspace/tmp/safmc_uwb/ros/install/agent_msgs/share/agent_msgs/cmake/agent_msgs__rosidl_typesupport_introspection_cppExport.cmake\n'}
[0.286789] (agent_msgs) StdoutLine: {'line': b'-- Up-to-date: /workspace/tmp/safmc_uwb/ros/install/agent_msgs/share/agent_msgs/cmake/agent_msgs__rosidl_typesupport_introspection_cppExport-noconfig.cmake\n'}
[0.286851] (agent_msgs) StdoutLine: {'line': b'-- Up-to-date: /workspace/tmp/safmc_uwb/ros/install/agent_msgs/share/agent_msgs/cmake/agent_msgs__rosidl_typesupport_cppExport.cmake\n'}
[0.286914] (agent_msgs) StdoutLine: {'line': b'-- Up-to-date: /workspace/tmp/safmc_uwb/ros/install/agent_msgs/share/agent_msgs/cmake/agent_msgs__rosidl_typesupport_cppExport-noconfig.cmake\n'}
[0.286984] (agent_msgs) StdoutLine: {'line': b'-- Up-to-date: /workspace/tmp/safmc_uwb/ros/install/agent_msgs/share/agent_msgs/cmake/export_agent_msgs__rosidl_generator_pyExport.cmake\n'}
[0.287081] (agent_msgs) StdoutLine: {'line': b'-- Up-to-date: /workspace/tmp/safmc_uwb/ros/install/agent_msgs/share/agent_msgs/cmake/export_agent_msgs__rosidl_generator_pyExport-noconfig.cmake\n'}
[0.287155] (agent_msgs) StdoutLine: {'line': b'-- Up-to-date: /workspace/tmp/safmc_uwb/ros/install/agent_msgs/share/agent_msgs/cmake/rosidl_cmake-extras.cmake\n'}
[0.287325] (agent_msgs) StdoutLine: {'line': b'-- Up-to-date: /workspace/tmp/safmc_uwb/ros/install/agent_msgs/share/agent_msgs/cmake/ament_cmake_export_dependencies-extras.cmake\n'}
[0.287528] (agent_msgs) StdoutLine: {'line': b'-- Up-to-date: /workspace/tmp/safmc_uwb/ros/install/agent_msgs/share/agent_msgs/cmake/ament_cmake_export_include_directories-extras.cmake\n'}
[0.288127] (agent_msgs) StdoutLine: {'line': b'-- Up-to-date: /workspace/tmp/safmc_uwb/ros/install/agent_msgs/share/agent_msgs/cmake/ament_cmake_export_libraries-extras.cmake\n'}
[0.288260] (agent_msgs) StdoutLine: {'line': b'-- Up-to-date: /workspace/tmp/safmc_uwb/ros/install/agent_msgs/share/agent_msgs/cmake/ament_cmake_export_targets-extras.cmake\n'}
[0.288357] (agent_msgs) StdoutLine: {'line': b'-- Up-to-date: /workspace/tmp/safmc_uwb/ros/install/agent_msgs/share/agent_msgs/cmake/rosidl_cmake_export_typesupport_targets-extras.cmake\n'}
[0.288413] (agent_msgs) StdoutLine: {'line': b'-- Up-to-date: /workspace/tmp/safmc_uwb/ros/install/agent_msgs/share/agent_msgs/cmake/rosidl_cmake_export_typesupport_libraries-extras.cmake\n'}
[0.288500] (agent_msgs) StdoutLine: {'line': b'-- Up-to-date: /workspace/tmp/safmc_uwb/ros/install/agent_msgs/share/agent_msgs/cmake/agent_msgsConfig.cmake\n'}
[0.288582] (agent_msgs) StdoutLine: {'line': b'-- Up-to-date: /workspace/tmp/safmc_uwb/ros/install/agent_msgs/share/agent_msgs/cmake/agent_msgsConfig-version.cmake\n'}
[0.288801] (agent_msgs) StdoutLine: {'line': b'-- Up-to-date: /workspace/tmp/safmc_uwb/ros/install/agent_msgs/share/agent_msgs/package.xml\n'}
[0.288892] (agent_msgs) CommandEnded: {'returncode': 0}
[0.300056] (-) TimerEvent: {}
[0.300593] (agent_msgs) JobEnded: {'identifier': 'agent_msgs', 'rc': 0}
[0.379345] (uwb) Command: {'cmd': ['/usr/bin/python3', '-W', 'ignore:setup.py install is deprecated', '-W', 'ignore:easy_install command is deprecated', 'setup.py', 'egg_info', '--egg-base', '../../build/uwb', 'build', '--build-base', '/workspace/tmp/safmc_uwb/ros/build/uwb/build', 'install', '--record', '/workspace/tmp/safmc_uwb/ros/build/uwb/install.log', '--single-version-externally-managed', 'install_data'], 'cwd': '/workspace/tmp/safmc_uwb/ros/src/uwb', 'env': {'SUDO_GID': '1000', 'MAIL': '/var/mail/root', 'USER': 'root', 'HOSTNAME': 'huixin', 'SHLVL': '1', 'LD_LIBRARY_PATH': '/workspace/tmp/safmc_uwb/ros/install/agent_msgs/lib:/workspace/safmc_uwb/ros/install/agent_msgs/lib:/opt/ros/humble/opt/rviz_ogre_vendor/lib:/opt/ros/humble/lib/x86_64-linux-gnu:/opt/ros/humble/lib', 'HOME': '/root', 'ROS_PYTHON_VERSION': '3', 'COLORTERM': 'truecolor', 'COLCON_PREFIX_PATH': '/workspace/tmp/safmc_uwb/ros/install:/workspace/safmc_uwb/ros/install', 'SUDO_UID': '1000', 'ROS_DISTRO': 'humble', 'LOGNAME': 'root', '_': '/usr/bin/colcon', 'ROS_VERSION': '2', 'TERM': 'xterm-256color', 'ROS_LOCALHOST_ONLY': '0', 'PATH': '/opt/ros/humble/bin:/usr/local/sbin:/usr/local/bin:/usr/sbin:/usr/bin:/sbin:/bin', 'DISPLAY': ':0', 'LANG': 'en_US.UTF-8', 'SUDO_COMMAND': '/usr/bin/su', 'AMENT_PREFIX_PATH': '/workspace/tmp/safmc_uwb/ros/install/uwb:/workspace/tmp/safmc_uwb/ros/install/agent_msgs:/workspace/safmc_uwb/ros/install/uwb:/workspace/safmc_uwb/ros/install/agent_msgs:/opt/ros/humble', 'DEBIAN_FRONTEND': 'noninteractive', 'SHELL': '/bin/bash', 'SUDO_USER': 'user', 'PWD': '/workspace/tmp/safmc_uwb/ros/build/uwb', 'LC_ALL': 'en_US.UTF-8', 'PYTHONPATH': '/workspace/tmp/safmc_uwb/ros/build/uwb/prefix_override:/usr/lib/python3/dist-packages/colcon_core/task/python/colcon_distutils_commands:/workspace/tmp/safmc_uwb/ros/install/uwb/lib/python3.10/site-packages:/workspace/tmp/safmc_uwb/ros/install/uwb/lib/python3.10/site-packages:/workspace/tmp/safmc_uwb/ros/install/agent_msgs/local/lib/python3.10/dist-packages:/workspace/safmc_uwb/ros/install/uwb/lib/python3.10/site-packages:/workspace/safmc_uwb/ros/install/agent_msgs/local/lib/python3.10/dist-packages:/opt/ros/humble/lib/python3.10/site-packages:/opt/ros/humble/local/lib/python3.10/dist-packages', 'COLCON': '1', 'CMAKE_PREFIX_PATH': '/workspace/tmp/safmc_uwb/ros/install/agent_msgs:/workspace/safmc_uwb/ros/install/agent_msgs'}, 'shell': False}
[0.400137] (-) TimerEvent: {}
[0.500431] (-) TimerEvent: {}
[0.517077] (uwb) StdoutLine: {'line': b'running egg_info\n'}
[0.517348] (uwb) StdoutLine: {'line': b'writing ../../build/uwb/uwb.egg-info/PKG-INFO\n'}
[0.517518] (uwb) StdoutLine: {'line': b'writing dependency_links to ../../build/uwb/uwb.egg-info/dependency_links.txt\n'}
[0.517751] (uwb) StdoutLine: {'line': b'writing entry points to ../../build/uwb/uwb.egg-info/entry_points.txt\n'}
[0.517845] (uwb) StdoutLine: {'line': b'writing requirements to ../../build/uwb/uwb.egg-info/requires.txt\n'}
[0.517912] (uwb) StdoutLine: {'line': b'writing top-level names to ../../build/uwb/uwb.egg-info/top_level.txt\n'}
[0.519014] (uwb) StdoutLine: {'line': b"reading manifest file '../../build/uwb/uwb.egg-info/SOURCES.txt'\n"}
[0.519424] (uwb) StdoutLine: {'line': b"writing manifest file '../../build/uwb/uwb.egg-info/SOURCES.txt'\n"}
[0.519620] (uwb) StdoutLine: {'line': b'running build\n'}
[0.519708] (uwb) StdoutLine: {'line': b'running build_py\n'}
[0.519856] (uwb) StdoutLine: {'line': b'copying uwb/uwb_rewrite_3.py -> /workspace/tmp/safmc_uwb/ros/build/uwb/build/lib/uwb\n'}
[0.519946] (uwb) StdoutLine: {'line': b'copying uwb/uwb.py -> /workspace/tmp/safmc_uwb/ros/build/uwb/build/lib/uwb\n'}
[0.520033] (uwb) StdoutLine: {'line': b'running install\n'}
[0.520220] (uwb) StdoutLine: {'line': b'running install_lib\n'}
[0.520783] (uwb) StdoutLine: {'line': b'copying /workspace/tmp/safmc_uwb/ros/build/uwb/build/lib/uwb/uwb_rewrite_3.py -> /workspace/tmp/safmc_uwb/ros/install/uwb/lib/python3.10/site-packages/uwb\n'}
[0.520887] (uwb) StdoutLine: {'line': b'copying /workspace/tmp/safmc_uwb/ros/build/uwb/build/lib/uwb/uwb.py -> /workspace/tmp/safmc_uwb/ros/install/uwb/lib/python3.10/site-packages/uwb\n'}
[0.521219] (uwb) StdoutLine: {'line': b'byte-compiling /workspace/tmp/safmc_uwb/ros/install/uwb/lib/python3.10/site-packages/uwb/uwb_rewrite_3.py to uwb_rewrite_3.cpython-310.pyc\n'}
[0.523766] (uwb) StdoutLine: {'line': b'byte-compiling /workspace/tmp/safmc_uwb/ros/install/uwb/lib/python3.10/site-packages/uwb/uwb.py to uwb.cpython-310.pyc\n'}
[0.525801] (uwb) StdoutLine: {'line': b'running install_data\n'}
[0.525963] (uwb) StdoutLine: {'line': b'running install_egg_info\n'}
[0.527059] (uwb) StdoutLine: {'line': b"removing '/workspace/tmp/safmc_uwb/ros/install/uwb/lib/python3.10/site-packages/uwb-0.0.0-py3.10.egg-info' (and everything under it)\n"}
[0.527209] (uwb) StdoutLine: {'line': b'Copying ../../build/uwb/uwb.egg-info to /workspace/tmp/safmc_uwb/ros/install/uwb/lib/python3.10/site-packages/uwb-0.0.0-py3.10.egg-info\n'}
[0.527619] (uwb) StdoutLine: {'line': b'running install_scripts\n'}
[0.541010] (uwb) StdoutLine: {'line': b'Installing uwb script to /workspace/tmp/safmc_uwb/ros/install/uwb/lib/uwb\n'}
[0.541224] (uwb) StdoutLine: {'line': b"writing list of installed files to '/workspace/tmp/safmc_uwb/ros/build/uwb/install.log'\n"}
[0.556179] (uwb) CommandEnded: {'returncode': 0}
[0.560213] (uwb) JobEnded: {'identifier': 'uwb', 'rc': 0}
[0.560640] (-) EventReactorShutdown: {}
