[1.280s] Invoking command in '/home/Judy/safmc_uwb/ros/src/uwb': PYTHONPATH=/home/Judy/safmc_uwb/ros/build/uwb/prefix_override:/usr/lib/python3/dist-packages/colcon_core/task/python/colcon_distutils_commands:/home/Judy/safmc_uwb/ros/install/uwb/lib/python3.10/site-packages:${PYTHONPATH} /usr/bin/python3 -W ignore:setup.py install is deprecated -W ignore:easy_install command is deprecated setup.py egg_info --egg-base ../../build/uwb build --build-base /home/Judy/safmc_uwb/ros/build/uwb/build install --record /home/Judy/safmc_uwb/ros/build/uwb/install.log --single-version-externally-managed install_data
[1.677s] running egg_info
[1.678s] writing ../../build/uwb/uwb.egg-info/PKG-INFO
[1.680s] writing dependency_links to ../../build/uwb/uwb.egg-info/dependency_links.txt
[1.680s] writing entry points to ../../build/uwb/uwb.egg-info/entry_points.txt
[1.681s] writing requirements to ../../build/uwb/uwb.egg-info/requires.txt
[1.681s] writing top-level names to ../../build/uwb/uwb.egg-info/top_level.txt
[1.684s] reading manifest file '../../build/uwb/uwb.egg-info/SOURCES.txt'
[1.686s] writing manifest file '../../build/uwb/uwb.egg-info/SOURCES.txt'
[1.686s] running build
[1.686s] running build_py
[1.687s] copying uwb/uwb.py -> /home/Judy/safmc_uwb/ros/build/uwb/build/lib/uwb
[1.687s] copying uwb/uwb_rewrite.py -> /home/Judy/safmc_uwb/ros/build/uwb/build/lib/uwb
[1.688s] copying uwb/uwb_rewrite_2.py -> /home/Judy/safmc_uwb/ros/build/uwb/build/lib/uwb
[1.688s] running install
[1.689s] running install_lib
[1.690s] copying /home/Judy/safmc_uwb/ros/build/uwb/build/lib/uwb/uwb.py -> /home/Judy/safmc_uwb/ros/install/uwb/lib/python3.10/site-packages/uwb
[1.691s] copying /home/Judy/safmc_uwb/ros/build/uwb/build/lib/uwb/uwb_rewrite.py -> /home/Judy/safmc_uwb/ros/install/uwb/lib/python3.10/site-packages/uwb
[1.691s] copying /home/Judy/safmc_uwb/ros/build/uwb/build/lib/uwb/uwb_rewrite_2.py -> /home/Judy/safmc_uwb/ros/install/uwb/lib/python3.10/site-packages/uwb
[1.692s] byte-compiling /home/Judy/safmc_uwb/ros/install/uwb/lib/python3.10/site-packages/uwb/uwb.py to uwb.cpython-310.pyc
[1.696s] byte-compiling /home/Judy/safmc_uwb/ros/install/uwb/lib/python3.10/site-packages/uwb/uwb_rewrite.py to uwb_rewrite.cpython-310.pyc
[1.700s] byte-compiling /home/Judy/safmc_uwb/ros/install/uwb/lib/python3.10/site-packages/uwb/uwb_rewrite_2.py to uwb_rewrite_2.cpython-310.pyc
[1.704s] running install_data
[1.704s] running install_egg_info
[1.707s] removing '/home/Judy/safmc_uwb/ros/install/uwb/lib/python3.10/site-packages/uwb-0.0.0-py3.10.egg-info' (and everything under it)
[1.708s] Copying ../../build/uwb/uwb.egg-info to /home/Judy/safmc_uwb/ros/install/uwb/lib/python3.10/site-packages/uwb-0.0.0-py3.10.egg-info
[1.711s] running install_scripts
[1.747s] Installing uwb script to /home/Judy/safmc_uwb/ros/install/uwb/lib/uwb
[1.747s] writing list of installed files to '/home/Judy/safmc_uwb/ros/build/uwb/install.log'
[1.793s] Invoked command in '/home/Judy/safmc_uwb/ros/src/uwb' returned '0': PYTHONPATH=/home/Judy/safmc_uwb/ros/build/uwb/prefix_override:/usr/lib/python3/dist-packages/colcon_core/task/python/colcon_distutils_commands:/home/Judy/safmc_uwb/ros/install/uwb/lib/python3.10/site-packages:${PYTHONPATH} /usr/bin/python3 -W ignore:setup.py install is deprecated -W ignore:easy_install command is deprecated setup.py egg_info --egg-base ../../build/uwb build --build-base /home/Judy/safmc_uwb/ros/build/uwb/build install --record /home/Judy/safmc_uwb/ros/build/uwb/install.log --single-version-externally-managed install_data
