[0.000000] (-) TimerEvent: {}
[0.000487] (uwb_msgs) JobQueued: {'identifier': 'uwb_msgs', 'dependencies': OrderedDict()}
[0.001354] (uwb) JobQueued: {'identifier': 'uwb', 'dependencies': OrderedDict([('uwb_msgs', '/workspace/safmc_uwb/ros/install/uwb_msgs')])}
[0.001442] (uwb_msgs) JobStarted: {'identifier': 'uwb_msgs'}
[0.018948] (uwb_msgs) JobProgress: {'identifier': 'uwb_msgs', 'progress': 'cmake'}
[0.020472] (uwb_msgs) JobProgress: {'identifier': 'uwb_msgs', 'progress': 'build'}
[0.021685] (uwb_msgs) Command: {'cmd': ['/usr/bin/cmake', '--build', '/workspace/safmc_uwb/ros/build/uwb_msgs', '--', '-j16', '-l16'], 'cwd': '/workspace/safmc_uwb/ros/build/uwb_msgs', 'env': OrderedDict([('SUDO_GID', '1000'), ('MAIL', '/var/mail/root'), ('USER', 'root'), ('HOSTNAME', 'Debian-KevinPan'), ('SHLVL', '1'), ('LD_LIBRARY_PATH', '/workspace/safmc_uwb/ros/install/uwb_msgs/lib:/opt/ros/humble/opt/rviz_ogre_vendor/lib:/opt/ros/humble/lib/x86_64-linux-gnu:/opt/ros/humble/lib'), ('HOME', '/root'), ('OLDPWD', '/workspace/safmc_uwb/ros/src/uwb/uwb'), ('ROS_PYTHON_VERSION', '3'), ('COLORTERM', 'truecolor'), ('COLCON_PREFIX_PATH', '/workspace/safmc_uwb/ros/install'), ('SUDO_UID', '1000'), ('ROS_DISTRO', 'humble'), ('LOGNAME', 'root'), ('_', '/usr/bin/colcon'), ('ROS_VERSION', '2'), ('TERM', 'xterm-256color'), ('ROS_LOCALHOST_ONLY', '0'), ('PATH', '/opt/ros/humble/bin:/usr/local/sbin:/usr/local/bin:/usr/sbin:/usr/bin:/sbin:/bin'), ('DISPLAY', ':0'), ('LANG', 'en_US.UTF-8'), ('SUDO_COMMAND', '/usr/bin/su'), ('AMENT_PREFIX_PATH', '/workspace/safmc_uwb/ros/install/uwb_msgs:/opt/ros/humble'), ('DEBIAN_FRONTEND', 'noninteractive'), ('SHELL', '/bin/bash'), ('SUDO_USER', 'user'), ('PWD', '/workspace/safmc_uwb/ros/build/uwb_msgs'), ('LC_ALL', 'en_US.UTF-8'), ('PYTHONPATH', '/workspace/safmc_uwb/ros/install/uwb_msgs/local/lib/python3.10/dist-packages:/opt/ros/humble/lib/python3.10/site-packages:/opt/ros/humble/local/lib/python3.10/dist-packages'), ('COLCON', '1'), ('CMAKE_PREFIX_PATH', '/workspace/safmc_uwb/ros/install/uwb_msgs:/opt/ros/humble')]), 'shell': False}
[0.099633] (-) TimerEvent: {}
[0.125832] (uwb_msgs) StdoutLine: {'line': b'\x1b[35m\x1b[1mConsolidate compiler generated dependencies of target uwb_msgs__rosidl_generator_c\x1b[0m\n'}
[0.142587] (uwb_msgs) StdoutLine: {'line': b'[  2%] Built target uwb_msgs__cpp\n'}
[0.147182] (uwb_msgs) StdoutLine: {'line': b'[ 12%] Built target uwb_msgs__rosidl_generator_c\n'}
[0.154512] (uwb_msgs) StdoutLine: {'line': b'[ 12%] Built target ament_cmake_python_symlink_uwb_msgs\n'}
[0.163108] (uwb_msgs) StdoutLine: {'line': b'\x1b[35m\x1b[1mConsolidate compiler generated dependencies of target uwb_msgs__rosidl_typesupport_introspection_cpp\x1b[0m\n'}
[0.163669] (uwb_msgs) StdoutLine: {'line': b'\x1b[35m\x1b[1mConsolidate compiler generated dependencies of target uwb_msgs__rosidl_typesupport_cpp\x1b[0m\n'}
[0.165527] (uwb_msgs) StdoutLine: {'line': b'\x1b[35m\x1b[1mConsolidate compiler generated dependencies of target uwb_msgs__rosidl_typesupport_introspection_c\x1b[0m\n'}
[0.166179] (uwb_msgs) StdoutLine: {'line': b'\x1b[35m\x1b[1mConsolidate compiler generated dependencies of target uwb_msgs__rosidl_typesupport_fastrtps_cpp\x1b[0m\n'}
[0.166469] (uwb_msgs) StdoutLine: {'line': b'\x1b[35m\x1b[1mConsolidate compiler generated dependencies of target uwb_msgs__rosidl_typesupport_c\x1b[0m\n'}
[0.168726] (uwb_msgs) StdoutLine: {'line': b'\x1b[35m\x1b[1mConsolidate compiler generated dependencies of target uwb_msgs__rosidl_typesupport_fastrtps_c\x1b[0m\n'}
[0.191321] (uwb_msgs) StdoutLine: {'line': b'[ 23%] Built target uwb_msgs__rosidl_typesupport_c\n'}
[0.193002] (uwb_msgs) StdoutLine: {'line': b'[ 34%] Built target uwb_msgs__rosidl_typesupport_introspection_c\n'}
[0.196111] (uwb_msgs) StdoutLine: {'line': b'[ 44%] Built target uwb_msgs__rosidl_typesupport_cpp\n'}
[0.196945] (uwb_msgs) StdoutLine: {'line': b'[ 55%] Built target uwb_msgs__rosidl_typesupport_introspection_cpp\n'}
[0.198693] (uwb_msgs) StdoutLine: {'line': b'[ 65%] Built target uwb_msgs__rosidl_typesupport_fastrtps_cpp\n'}
[0.199729] (-) TimerEvent: {}
[0.204040] (uwb_msgs) StdoutLine: {'line': b'[ 76%] Built target uwb_msgs__rosidl_typesupport_fastrtps_c\n'}
[0.239308] (uwb_msgs) StdoutLine: {'line': b'[ 76%] Built target uwb_msgs\n'}
[0.274874] (uwb_msgs) StdoutLine: {'line': b'[ 78%] Built target uwb_msgs__py\n'}
[0.293727] (uwb_msgs) StdoutLine: {'line': b'\x1b[35m\x1b[1mConsolidate compiler generated dependencies of target uwb_msgs__rosidl_generator_py\x1b[0m\n'}
[0.299865] (-) TimerEvent: {}
[0.320680] (uwb_msgs) StdoutLine: {'line': b'[ 87%] Built target uwb_msgs__rosidl_generator_py\n'}
[0.339522] (uwb_msgs) StdoutLine: {'line': b'\x1b[35m\x1b[1mConsolidate compiler generated dependencies of target uwb_msgs__rosidl_typesupport_fastrtps_c__pyext\x1b[0m\n'}
[0.340461] (uwb_msgs) StdoutLine: {'line': b'\x1b[35m\x1b[1mConsolidate compiler generated dependencies of target uwb_msgs__rosidl_typesupport_c__pyext\x1b[0m\n'}
[0.340783] (uwb_msgs) StdoutLine: {'line': b'\x1b[35m\x1b[1mConsolidate compiler generated dependencies of target uwb_msgs__rosidl_typesupport_introspection_c__pyext\x1b[0m\n'}
[0.363693] (uwb_msgs) StdoutLine: {'line': b'[ 93%] Built target uwb_msgs__rosidl_typesupport_c__pyext\n'}
[0.364146] (uwb_msgs) StdoutLine: {'line': b'[ 95%] Built target uwb_msgs__rosidl_typesupport_fastrtps_c__pyext\n'}
[0.364413] (uwb_msgs) StdoutLine: {'line': b'[100%] Built target uwb_msgs__rosidl_typesupport_introspection_c__pyext\n'}
[0.400006] (-) TimerEvent: {}
[0.500416] (-) TimerEvent: {}
[0.592830] (uwb_msgs) StdoutLine: {'line': b'running egg_info\n'}
[0.594178] (uwb_msgs) StdoutLine: {'line': b'writing uwb_msgs.egg-info/PKG-INFO\n'}
[0.594750] (uwb_msgs) StdoutLine: {'line': b'writing dependency_links to uwb_msgs.egg-info/dependency_links.txt\n'}
[0.595180] (uwb_msgs) StdoutLine: {'line': b'writing top-level names to uwb_msgs.egg-info/top_level.txt\n'}
[0.599705] (uwb_msgs) StdoutLine: {'line': b"reading manifest file 'uwb_msgs.egg-info/SOURCES.txt'\n"}
[0.600489] (-) TimerEvent: {}
[0.600876] (uwb_msgs) StdoutLine: {'line': b"writing manifest file 'uwb_msgs.egg-info/SOURCES.txt'\n"}
[0.644557] (uwb_msgs) StdoutLine: {'line': b'[100%] Built target ament_cmake_python_build_uwb_msgs_egg\n'}
[0.663585] (uwb_msgs) CommandEnded: {'returncode': 0}
[0.665168] (uwb_msgs) JobProgress: {'identifier': 'uwb_msgs', 'progress': 'install'}
[0.681590] (uwb_msgs) Command: {'cmd': ['/usr/bin/cmake', '--install', '/workspace/safmc_uwb/ros/build/uwb_msgs'], 'cwd': '/workspace/safmc_uwb/ros/build/uwb_msgs', 'env': OrderedDict([('SUDO_GID', '1000'), ('MAIL', '/var/mail/root'), ('USER', 'root'), ('HOSTNAME', 'Debian-KevinPan'), ('SHLVL', '1'), ('LD_LIBRARY_PATH', '/workspace/safmc_uwb/ros/install/uwb_msgs/lib:/opt/ros/humble/opt/rviz_ogre_vendor/lib:/opt/ros/humble/lib/x86_64-linux-gnu:/opt/ros/humble/lib'), ('HOME', '/root'), ('OLDPWD', '/workspace/safmc_uwb/ros/src/uwb/uwb'), ('ROS_PYTHON_VERSION', '3'), ('COLORTERM', 'truecolor'), ('COLCON_PREFIX_PATH', '/workspace/safmc_uwb/ros/install'), ('SUDO_UID', '1000'), ('ROS_DISTRO', 'humble'), ('LOGNAME', 'root'), ('_', '/usr/bin/colcon'), ('ROS_VERSION', '2'), ('TERM', 'xterm-256color'), ('ROS_LOCALHOST_ONLY', '0'), ('PATH', '/opt/ros/humble/bin:/usr/local/sbin:/usr/local/bin:/usr/sbin:/usr/bin:/sbin:/bin'), ('DISPLAY', ':0'), ('LANG', 'en_US.UTF-8'), ('SUDO_COMMAND', '/usr/bin/su'), ('AMENT_PREFIX_PATH', '/workspace/safmc_uwb/ros/install/uwb_msgs:/opt/ros/humble'), ('DEBIAN_FRONTEND', 'noninteractive'), ('SHELL', '/bin/bash'), ('SUDO_USER', 'user'), ('PWD', '/workspace/safmc_uwb/ros/build/uwb_msgs'), ('LC_ALL', 'en_US.UTF-8'), ('PYTHONPATH', '/workspace/safmc_uwb/ros/install/uwb_msgs/local/lib/python3.10/dist-packages:/opt/ros/humble/lib/python3.10/site-packages:/opt/ros/humble/local/lib/python3.10/dist-packages'), ('COLCON', '1'), ('CMAKE_PREFIX_PATH', '/workspace/safmc_uwb/ros/install/uwb_msgs:/opt/ros/humble')]), 'shell': False}
[0.697296] (uwb_msgs) StdoutLine: {'line': b'-- Install configuration: ""\n'}
[0.698932] (uwb_msgs) StdoutLine: {'line': b'-- Execute custom install script\n'}
[0.699451] (uwb_msgs) StdoutLine: {'line': b'-- Up-to-date symlink: /workspace/safmc_uwb/ros/install/uwb_msgs/share/ament_index/resource_index/rosidl_interfaces/uwb_msgs\n'}
[0.700596] (-) TimerEvent: {}
[0.700932] (uwb_msgs) StdoutLine: {'line': b'-- Up-to-date symlink: /workspace/safmc_uwb/ros/install/uwb_msgs/include/uwb_msgs/uwb_msgs/msg/detail/pose__functions.h\n'}
[0.701267] (uwb_msgs) StdoutLine: {'line': b'-- Up-to-date symlink: /workspace/safmc_uwb/ros/install/uwb_msgs/include/uwb_msgs/uwb_msgs/msg/detail/pose__struct.h\n'}
[0.701588] (uwb_msgs) StdoutLine: {'line': b'-- Up-to-date symlink: /workspace/safmc_uwb/ros/install/uwb_msgs/include/uwb_msgs/uwb_msgs/msg/detail/pose__type_support.h\n'}
[0.701895] (uwb_msgs) StdoutLine: {'line': b'-- Up-to-date symlink: /workspace/safmc_uwb/ros/install/uwb_msgs/include/uwb_msgs/uwb_msgs/msg/detail/range__functions.h\n'}
[0.702173] (uwb_msgs) StdoutLine: {'line': b'-- Up-to-date symlink: /workspace/safmc_uwb/ros/install/uwb_msgs/include/uwb_msgs/uwb_msgs/msg/detail/range__struct.h\n'}
[0.702480] (uwb_msgs) StdoutLine: {'line': b'-- Up-to-date symlink: /workspace/safmc_uwb/ros/install/uwb_msgs/include/uwb_msgs/uwb_msgs/msg/detail/range__type_support.h\n'}
[0.702780] (uwb_msgs) StdoutLine: {'line': b'-- Up-to-date symlink: /workspace/safmc_uwb/ros/install/uwb_msgs/include/uwb_msgs/uwb_msgs/msg/detail/tag_position__functions.h\n'}
[0.703075] (uwb_msgs) StdoutLine: {'line': b'-- Up-to-date symlink: /workspace/safmc_uwb/ros/install/uwb_msgs/include/uwb_msgs/uwb_msgs/msg/detail/tag_position__struct.h\n'}
[0.703357] (uwb_msgs) StdoutLine: {'line': b'-- Up-to-date symlink: /workspace/safmc_uwb/ros/install/uwb_msgs/include/uwb_msgs/uwb_msgs/msg/detail/tag_position__type_support.h\n'}
[0.703638] (uwb_msgs) StdoutLine: {'line': b'-- Up-to-date symlink: /workspace/safmc_uwb/ros/install/uwb_msgs/include/uwb_msgs/uwb_msgs/msg/pose.h\n'}
[0.703929] (uwb_msgs) StdoutLine: {'line': b'-- Up-to-date symlink: /workspace/safmc_uwb/ros/install/uwb_msgs/include/uwb_msgs/uwb_msgs/msg/range.h\n'}
[0.704187] (uwb_msgs) StdoutLine: {'line': b'-- Up-to-date symlink: /workspace/safmc_uwb/ros/install/uwb_msgs/include/uwb_msgs/uwb_msgs/msg/rosidl_generator_c__visibility_control.h\n'}
[0.704487] (uwb_msgs) StdoutLine: {'line': b'-- Up-to-date symlink: /workspace/safmc_uwb/ros/install/uwb_msgs/include/uwb_msgs/uwb_msgs/msg/tag_position.h\n'}
[0.704908] (uwb_msgs) StdoutLine: {'line': b'-- Up-to-date symlink: /workspace/safmc_uwb/ros/install/uwb_msgs/share/uwb_msgs/environment/library_path.sh\n'}
[0.705288] (uwb_msgs) StdoutLine: {'line': b'-- Up-to-date symlink: /workspace/safmc_uwb/ros/install/uwb_msgs/share/uwb_msgs/environment/library_path.dsv\n'}
[0.706204] (uwb_msgs) StdoutLine: {'line': b'-- Up-to-date symlink: /workspace/safmc_uwb/ros/install/uwb_msgs/include/uwb_msgs/uwb_msgs/msg/detail/pose__rosidl_typesupport_fastrtps_c.h\n'}
[0.706534] (uwb_msgs) StdoutLine: {'line': b'-- Up-to-date symlink: /workspace/safmc_uwb/ros/install/uwb_msgs/include/uwb_msgs/uwb_msgs/msg/detail/range__rosidl_typesupport_fastrtps_c.h\n'}
[0.706804] (uwb_msgs) StdoutLine: {'line': b'-- Up-to-date symlink: /workspace/safmc_uwb/ros/install/uwb_msgs/include/uwb_msgs/uwb_msgs/msg/detail/tag_position__rosidl_typesupport_fastrtps_c.h\n'}
[0.707091] (uwb_msgs) StdoutLine: {'line': b'-- Up-to-date symlink: /workspace/safmc_uwb/ros/install/uwb_msgs/include/uwb_msgs/uwb_msgs/msg/rosidl_typesupport_fastrtps_c__visibility_control.h\n'}
[0.707873] (uwb_msgs) StdoutLine: {'line': b'-- Up-to-date symlink: /workspace/safmc_uwb/ros/install/uwb_msgs/include/uwb_msgs/uwb_msgs/msg/detail/pose__rosidl_typesupport_introspection_c.h\n'}
[0.708569] (uwb_msgs) StdoutLine: {'line': b'-- Up-to-date symlink: /workspace/safmc_uwb/ros/install/uwb_msgs/include/uwb_msgs/uwb_msgs/msg/detail/range__rosidl_typesupport_introspection_c.h\n'}
[0.708793] (uwb_msgs) StdoutLine: {'line': b'-- Up-to-date symlink: /workspace/safmc_uwb/ros/install/uwb_msgs/include/uwb_msgs/uwb_msgs/msg/detail/tag_position__rosidl_typesupport_introspection_c.h\n'}
[0.708967] (uwb_msgs) StdoutLine: {'line': b'-- Up-to-date symlink: /workspace/safmc_uwb/ros/install/uwb_msgs/include/uwb_msgs/uwb_msgs/msg/rosidl_typesupport_introspection_c__visibility_control.h\n'}
[0.709290] (uwb_msgs) StdoutLine: {'line': b'-- Up-to-date symlink: /workspace/safmc_uwb/ros/install/uwb_msgs/include/uwb_msgs/uwb_msgs/msg/detail/pose__builder.hpp\n'}
[0.709547] (uwb_msgs) StdoutLine: {'line': b'-- Up-to-date symlink: /workspace/safmc_uwb/ros/install/uwb_msgs/include/uwb_msgs/uwb_msgs/msg/detail/pose__struct.hpp\n'}
[0.709781] (uwb_msgs) StdoutLine: {'line': b'-- Up-to-date symlink: /workspace/safmc_uwb/ros/install/uwb_msgs/include/uwb_msgs/uwb_msgs/msg/detail/pose__traits.hpp\n'}
[0.710062] (uwb_msgs) StdoutLine: {'line': b'-- Up-to-date symlink: /workspace/safmc_uwb/ros/install/uwb_msgs/include/uwb_msgs/uwb_msgs/msg/detail/pose__type_support.hpp\n'}
[0.710331] (uwb_msgs) StdoutLine: {'line': b'-- Up-to-date symlink: /workspace/safmc_uwb/ros/install/uwb_msgs/include/uwb_msgs/uwb_msgs/msg/detail/range__builder.hpp\n'}
[0.710650] (uwb_msgs) StdoutLine: {'line': b'-- Up-to-date symlink: /workspace/safmc_uwb/ros/install/uwb_msgs/include/uwb_msgs/uwb_msgs/msg/detail/range__struct.hpp\n'}
[0.710898] (uwb_msgs) StdoutLine: {'line': b'-- Up-to-date symlink: /workspace/safmc_uwb/ros/install/uwb_msgs/include/uwb_msgs/uwb_msgs/msg/detail/range__traits.hpp\n'}
[0.711124] (uwb_msgs) StdoutLine: {'line': b'-- Up-to-date symlink: /workspace/safmc_uwb/ros/install/uwb_msgs/include/uwb_msgs/uwb_msgs/msg/detail/range__type_support.hpp\n'}
[0.711334] (uwb_msgs) StdoutLine: {'line': b'-- Up-to-date symlink: /workspace/safmc_uwb/ros/install/uwb_msgs/include/uwb_msgs/uwb_msgs/msg/detail/tag_position__builder.hpp\n'}
[0.711576] (uwb_msgs) StdoutLine: {'line': b'-- Up-to-date symlink: /workspace/safmc_uwb/ros/install/uwb_msgs/include/uwb_msgs/uwb_msgs/msg/detail/tag_position__struct.hpp\n'}
[0.711875] (uwb_msgs) StdoutLine: {'line': b'-- Up-to-date symlink: /workspace/safmc_uwb/ros/install/uwb_msgs/include/uwb_msgs/uwb_msgs/msg/detail/tag_position__traits.hpp\n'}
[0.712101] (uwb_msgs) StdoutLine: {'line': b'-- Up-to-date symlink: /workspace/safmc_uwb/ros/install/uwb_msgs/include/uwb_msgs/uwb_msgs/msg/detail/tag_position__type_support.hpp\n'}
[0.712346] (uwb_msgs) StdoutLine: {'line': b'-- Up-to-date symlink: /workspace/safmc_uwb/ros/install/uwb_msgs/include/uwb_msgs/uwb_msgs/msg/pose.hpp\n'}
[0.712586] (uwb_msgs) StdoutLine: {'line': b'-- Up-to-date symlink: /workspace/safmc_uwb/ros/install/uwb_msgs/include/uwb_msgs/uwb_msgs/msg/range.hpp\n'}
[0.713084] (uwb_msgs) StdoutLine: {'line': b'-- Up-to-date symlink: /workspace/safmc_uwb/ros/install/uwb_msgs/include/uwb_msgs/uwb_msgs/msg/rosidl_generator_cpp__visibility_control.hpp\n'}
[0.713397] (uwb_msgs) StdoutLine: {'line': b'-- Up-to-date symlink: /workspace/safmc_uwb/ros/install/uwb_msgs/include/uwb_msgs/uwb_msgs/msg/tag_position.hpp\n'}
[0.714587] (uwb_msgs) StdoutLine: {'line': b'-- Up-to-date symlink: /workspace/safmc_uwb/ros/install/uwb_msgs/include/uwb_msgs/uwb_msgs/msg/detail/pose__rosidl_typesupport_fastrtps_cpp.hpp\n'}
[0.714930] (uwb_msgs) StdoutLine: {'line': b'-- Up-to-date symlink: /workspace/safmc_uwb/ros/install/uwb_msgs/include/uwb_msgs/uwb_msgs/msg/detail/range__rosidl_typesupport_fastrtps_cpp.hpp\n'}
[0.715116] (uwb_msgs) StdoutLine: {'line': b'-- Up-to-date symlink: /workspace/safmc_uwb/ros/install/uwb_msgs/include/uwb_msgs/uwb_msgs/msg/detail/tag_position__rosidl_typesupport_fastrtps_cpp.hpp\n'}
[0.715349] (uwb_msgs) StdoutLine: {'line': b'-- Up-to-date symlink: /workspace/safmc_uwb/ros/install/uwb_msgs/include/uwb_msgs/uwb_msgs/msg/rosidl_typesupport_fastrtps_cpp__visibility_control.h\n'}
[0.715772] (uwb_msgs) StdoutLine: {'line': b'-- Up-to-date symlink: /workspace/safmc_uwb/ros/install/uwb_msgs/include/uwb_msgs/uwb_msgs/msg/detail/pose__rosidl_typesupport_introspection_cpp.hpp\n'}
[0.716171] (uwb_msgs) StdoutLine: {'line': b'-- Up-to-date symlink: /workspace/safmc_uwb/ros/install/uwb_msgs/include/uwb_msgs/uwb_msgs/msg/detail/range__rosidl_typesupport_introspection_cpp.hpp\n'}
[0.716454] (uwb_msgs) StdoutLine: {'line': b'-- Up-to-date symlink: /workspace/safmc_uwb/ros/install/uwb_msgs/include/uwb_msgs/uwb_msgs/msg/detail/tag_position__rosidl_typesupport_introspection_cpp.hpp\n'}
[0.716683] (uwb_msgs) StdoutLine: {'line': b'-- Up-to-date symlink: /workspace/safmc_uwb/ros/install/uwb_msgs/share/uwb_msgs/environment/pythonpath.sh\n'}
[0.716912] (uwb_msgs) StdoutLine: {'line': b'-- Up-to-date symlink: /workspace/safmc_uwb/ros/install/uwb_msgs/share/uwb_msgs/environment/pythonpath.dsv\n'}
[0.717455] (uwb_msgs) StdoutLine: {'line': b'-- Up-to-date symlink: /workspace/safmc_uwb/ros/install/uwb_msgs/local/lib/python3.10/dist-packages/uwb_msgs-0.0.0-py3.10.egg-info/PKG-INFO\n'}
[0.717634] (uwb_msgs) StdoutLine: {'line': b'-- Up-to-date symlink: /workspace/safmc_uwb/ros/install/uwb_msgs/local/lib/python3.10/dist-packages/uwb_msgs-0.0.0-py3.10.egg-info/SOURCES.txt\n'}
[0.717825] (uwb_msgs) StdoutLine: {'line': b'-- Up-to-date symlink: /workspace/safmc_uwb/ros/install/uwb_msgs/local/lib/python3.10/dist-packages/uwb_msgs-0.0.0-py3.10.egg-info/dependency_links.txt\n'}
[0.718016] (uwb_msgs) StdoutLine: {'line': b'-- Up-to-date symlink: /workspace/safmc_uwb/ros/install/uwb_msgs/local/lib/python3.10/dist-packages/uwb_msgs-0.0.0-py3.10.egg-info/top_level.txt\n'}
[0.719425] (uwb_msgs) StdoutLine: {'line': b'-- Up-to-date symlink: /workspace/safmc_uwb/ros/install/uwb_msgs/local/lib/python3.10/dist-packages/uwb_msgs/__init__.py\n'}
[0.719804] (uwb_msgs) StdoutLine: {'line': b'-- Up-to-date symlink: /workspace/safmc_uwb/ros/install/uwb_msgs/local/lib/python3.10/dist-packages/uwb_msgs/_uwb_msgs_s.ep.rosidl_typesupport_c.c\n'}
[0.719985] (uwb_msgs) StdoutLine: {'line': b'-- Up-to-date symlink: /workspace/safmc_uwb/ros/install/uwb_msgs/local/lib/python3.10/dist-packages/uwb_msgs/_uwb_msgs_s.ep.rosidl_typesupport_fastrtps_c.c\n'}
[0.720159] (uwb_msgs) StdoutLine: {'line': b'-- Up-to-date symlink: /workspace/safmc_uwb/ros/install/uwb_msgs/local/lib/python3.10/dist-packages/uwb_msgs/_uwb_msgs_s.ep.rosidl_typesupport_introspection_c.c\n'}
[0.720337] (uwb_msgs) StdoutLine: {'line': b'-- Up-to-date symlink: /workspace/safmc_uwb/ros/install/uwb_msgs/local/lib/python3.10/dist-packages/uwb_msgs/libuwb_msgs__rosidl_generator_py.so\n'}
[0.720525] (uwb_msgs) StdoutLine: {'line': b'-- Up-to-date symlink: /workspace/safmc_uwb/ros/install/uwb_msgs/local/lib/python3.10/dist-packages/uwb_msgs/msg/__init__.py\n'}
[0.720735] (uwb_msgs) StdoutLine: {'line': b'-- Up-to-date symlink: /workspace/safmc_uwb/ros/install/uwb_msgs/local/lib/python3.10/dist-packages/uwb_msgs/msg/_pose.py\n'}
[0.720898] (uwb_msgs) StdoutLine: {'line': b'-- Up-to-date symlink: /workspace/safmc_uwb/ros/install/uwb_msgs/local/lib/python3.10/dist-packages/uwb_msgs/msg/_pose_s.c\n'}
[0.721007] (uwb_msgs) StdoutLine: {'line': b'-- Up-to-date symlink: /workspace/safmc_uwb/ros/install/uwb_msgs/local/lib/python3.10/dist-packages/uwb_msgs/msg/_range.py\n'}
[0.721177] (uwb_msgs) StdoutLine: {'line': b'-- Up-to-date symlink: /workspace/safmc_uwb/ros/install/uwb_msgs/local/lib/python3.10/dist-packages/uwb_msgs/msg/_range_s.c\n'}
[0.721367] (uwb_msgs) StdoutLine: {'line': b'-- Up-to-date symlink: /workspace/safmc_uwb/ros/install/uwb_msgs/local/lib/python3.10/dist-packages/uwb_msgs/msg/_tag_position.py\n'}
[0.721549] (uwb_msgs) StdoutLine: {'line': b'-- Up-to-date symlink: /workspace/safmc_uwb/ros/install/uwb_msgs/local/lib/python3.10/dist-packages/uwb_msgs/msg/_tag_position_s.c\n'}
[0.721728] (uwb_msgs) StdoutLine: {'line': b'-- Up-to-date symlink: /workspace/safmc_uwb/ros/install/uwb_msgs/local/lib/python3.10/dist-packages/uwb_msgs/uwb_msgs_s__rosidl_typesupport_c.cpython-310-x86_64-linux-gnu.so\n'}
[0.721859] (uwb_msgs) StdoutLine: {'line': b'-- Up-to-date symlink: /workspace/safmc_uwb/ros/install/uwb_msgs/local/lib/python3.10/dist-packages/uwb_msgs/uwb_msgs_s__rosidl_typesupport_fastrtps_c.cpython-310-x86_64-linux-gnu.so\n'}
[0.722023] (uwb_msgs) StdoutLine: {'line': b'-- Up-to-date symlink: /workspace/safmc_uwb/ros/install/uwb_msgs/local/lib/python3.10/dist-packages/uwb_msgs/uwb_msgs_s__rosidl_typesupport_introspection_c.cpython-310-x86_64-linux-gnu.so\n'}
[0.722298] (uwb_msgs) StdoutLine: {'line': b'-- Up-to-date symlink: /workspace/safmc_uwb/ros/install/uwb_msgs/local/lib/python3.10/dist-packages/uwb_msgs/uwb_msgs_s__rosidl_typesupport_fastrtps_c.cpython-310-x86_64-linux-gnu.so\n'}
[0.722697] (uwb_msgs) StdoutLine: {'line': b'-- Up-to-date symlink: /workspace/safmc_uwb/ros/install/uwb_msgs/local/lib/python3.10/dist-packages/uwb_msgs/uwb_msgs_s__rosidl_typesupport_introspection_c.cpython-310-x86_64-linux-gnu.so\n'}
[0.723185] (uwb_msgs) StdoutLine: {'line': b'-- Up-to-date symlink: /workspace/safmc_uwb/ros/install/uwb_msgs/local/lib/python3.10/dist-packages/uwb_msgs/uwb_msgs_s__rosidl_typesupport_c.cpython-310-x86_64-linux-gnu.so\n'}
[0.723539] (uwb_msgs) StdoutLine: {'line': b'-- Up-to-date symlink: /workspace/safmc_uwb/ros/install/uwb_msgs/share/uwb_msgs/msg/Range.idl\n'}
[0.723785] (uwb_msgs) StdoutLine: {'line': b'-- Up-to-date symlink: /workspace/safmc_uwb/ros/install/uwb_msgs/share/uwb_msgs/msg/Pose.idl\n'}
[0.724025] (uwb_msgs) StdoutLine: {'line': b'-- Up-to-date symlink: /workspace/safmc_uwb/ros/install/uwb_msgs/share/uwb_msgs/msg/TagPosition.idl\n'}
[0.724258] (uwb_msgs) StdoutLine: {'line': b'-- Up-to-date symlink: /workspace/safmc_uwb/ros/install/uwb_msgs/share/uwb_msgs/msg/Range.msg\n'}
[0.724483] (uwb_msgs) StdoutLine: {'line': b'-- Up-to-date symlink: /workspace/safmc_uwb/ros/install/uwb_msgs/share/uwb_msgs/msg/Pose.msg\n'}
[0.724718] (uwb_msgs) StdoutLine: {'line': b'-- Up-to-date symlink: /workspace/safmc_uwb/ros/install/uwb_msgs/share/uwb_msgs/msg/TagPosition.msg\n'}
[0.724931] (uwb_msgs) StdoutLine: {'line': b'-- Up-to-date symlink: /workspace/safmc_uwb/ros/install/uwb_msgs/share/ament_index/resource_index/package_run_dependencies/uwb_msgs\n'}
[0.725152] (uwb_msgs) StdoutLine: {'line': b'-- Up-to-date symlink: /workspace/safmc_uwb/ros/install/uwb_msgs/share/ament_index/resource_index/parent_prefix_path/uwb_msgs\n'}
[0.725376] (uwb_msgs) StdoutLine: {'line': b'-- Up-to-date symlink: /workspace/safmc_uwb/ros/install/uwb_msgs/share/uwb_msgs/environment/ament_prefix_path.sh\n'}
[0.725599] (uwb_msgs) StdoutLine: {'line': b'-- Up-to-date symlink: /workspace/safmc_uwb/ros/install/uwb_msgs/share/uwb_msgs/environment/ament_prefix_path.dsv\n'}
[0.725828] (uwb_msgs) StdoutLine: {'line': b'-- Up-to-date symlink: /workspace/safmc_uwb/ros/install/uwb_msgs/share/uwb_msgs/environment/path.sh\n'}
[0.726073] (uwb_msgs) StdoutLine: {'line': b'-- Up-to-date symlink: /workspace/safmc_uwb/ros/install/uwb_msgs/share/uwb_msgs/environment/path.dsv\n'}
[0.726316] (uwb_msgs) StdoutLine: {'line': b'-- Up-to-date symlink: /workspace/safmc_uwb/ros/install/uwb_msgs/share/uwb_msgs/local_setup.bash\n'}
[0.726501] (uwb_msgs) StdoutLine: {'line': b'-- Up-to-date symlink: /workspace/safmc_uwb/ros/install/uwb_msgs/share/uwb_msgs/local_setup.sh\n'}
[0.726692] (uwb_msgs) StdoutLine: {'line': b'-- Up-to-date symlink: /workspace/safmc_uwb/ros/install/uwb_msgs/share/uwb_msgs/local_setup.zsh\n'}
[0.726850] (uwb_msgs) StdoutLine: {'line': b'-- Up-to-date symlink: /workspace/safmc_uwb/ros/install/uwb_msgs/share/uwb_msgs/local_setup.dsv\n'}
[0.727025] (uwb_msgs) StdoutLine: {'line': b'-- Symlinking: /workspace/safmc_uwb/ros/install/uwb_msgs/share/uwb_msgs/package.dsv\n'}
[0.743257] (uwb_msgs) StdoutLine: {'line': b'-- Up-to-date symlink: /workspace/safmc_uwb/ros/install/uwb_msgs/share/ament_index/resource_index/packages/uwb_msgs\n'}
[0.743568] (uwb_msgs) StdoutLine: {'line': b'-- Up-to-date symlink: /workspace/safmc_uwb/ros/install/uwb_msgs/share/uwb_msgs/cmake/rosidl_cmake-extras.cmake\n'}
[0.743854] (uwb_msgs) StdoutLine: {'line': b'-- Up-to-date symlink: /workspace/safmc_uwb/ros/install/uwb_msgs/share/uwb_msgs/cmake/ament_cmake_export_dependencies-extras.cmake\n'}
[0.744296] (uwb_msgs) StdoutLine: {'line': b'-- Up-to-date symlink: /workspace/safmc_uwb/ros/install/uwb_msgs/share/uwb_msgs/cmake/ament_cmake_export_include_directories-extras.cmake\n'}
[0.744745] (uwb_msgs) StdoutLine: {'line': b'-- Up-to-date symlink: /workspace/safmc_uwb/ros/install/uwb_msgs/share/uwb_msgs/cmake/ament_cmake_export_libraries-extras.cmake\n'}
[0.745154] (uwb_msgs) StdoutLine: {'line': b'-- Up-to-date symlink: /workspace/safmc_uwb/ros/install/uwb_msgs/share/uwb_msgs/cmake/ament_cmake_export_targets-extras.cmake\n'}
[0.745570] (uwb_msgs) StdoutLine: {'line': b'-- Up-to-date symlink: /workspace/safmc_uwb/ros/install/uwb_msgs/share/uwb_msgs/cmake/rosidl_cmake_export_typesupport_targets-extras.cmake\n'}
[0.745986] (uwb_msgs) StdoutLine: {'line': b'-- Up-to-date symlink: /workspace/safmc_uwb/ros/install/uwb_msgs/share/uwb_msgs/cmake/rosidl_cmake_export_typesupport_libraries-extras.cmake\n'}
[0.746411] (uwb_msgs) StdoutLine: {'line': b'-- Up-to-date symlink: /workspace/safmc_uwb/ros/install/uwb_msgs/share/uwb_msgs/cmake/uwb_msgsConfig.cmake\n'}
[0.746692] (uwb_msgs) StdoutLine: {'line': b'-- Up-to-date symlink: /workspace/safmc_uwb/ros/install/uwb_msgs/share/uwb_msgs/cmake/uwb_msgsConfig-version.cmake\n'}
[0.747111] (uwb_msgs) StdoutLine: {'line': b'-- Up-to-date symlink: /workspace/safmc_uwb/ros/install/uwb_msgs/share/uwb_msgs/package.xml\n'}
[0.747770] (uwb_msgs) StdoutLine: {'line': b'-- Up-to-date: /workspace/safmc_uwb/ros/install/uwb_msgs/lib/libuwb_msgs__rosidl_generator_c.so\n'}
[0.748266] (uwb_msgs) StdoutLine: {'line': b'-- Up-to-date: /workspace/safmc_uwb/ros/install/uwb_msgs/lib/libuwb_msgs__rosidl_typesupport_fastrtps_c.so\n'}
[0.748888] (uwb_msgs) StdoutLine: {'line': b'-- Up-to-date: /workspace/safmc_uwb/ros/install/uwb_msgs/lib/libuwb_msgs__rosidl_typesupport_introspection_c.so\n'}
[0.749528] (uwb_msgs) StdoutLine: {'line': b'-- Up-to-date: /workspace/safmc_uwb/ros/install/uwb_msgs/lib/libuwb_msgs__rosidl_typesupport_c.so\n'}
[0.749991] (uwb_msgs) StdoutLine: {'line': b'-- Up-to-date: /workspace/safmc_uwb/ros/install/uwb_msgs/lib/libuwb_msgs__rosidl_typesupport_fastrtps_cpp.so\n'}
[0.750588] (uwb_msgs) StdoutLine: {'line': b'-- Up-to-date: /workspace/safmc_uwb/ros/install/uwb_msgs/lib/libuwb_msgs__rosidl_typesupport_introspection_cpp.so\n'}
[0.751134] (uwb_msgs) StdoutLine: {'line': b'-- Up-to-date: /workspace/safmc_uwb/ros/install/uwb_msgs/lib/libuwb_msgs__rosidl_typesupport_cpp.so\n'}
[0.800737] (-) TimerEvent: {}
[0.809994] (uwb_msgs) StdoutLine: {'line': b"Listing '/workspace/safmc_uwb/ros/install/uwb_msgs/local/lib/python3.10/dist-packages/uwb_msgs'...\n"}
[0.810302] (uwb_msgs) StdoutLine: {'line': b"Listing '/workspace/safmc_uwb/ros/install/uwb_msgs/local/lib/python3.10/dist-packages/uwb_msgs/msg'...\n"}
[0.817685] (uwb_msgs) StdoutLine: {'line': b'-- Up-to-date: /workspace/safmc_uwb/ros/install/uwb_msgs/lib/libuwb_msgs__rosidl_generator_py.so\n'}
[0.818022] (uwb_msgs) StdoutLine: {'line': b'-- Up-to-date: /workspace/safmc_uwb/ros/install/uwb_msgs/share/uwb_msgs/cmake/export_uwb_msgs__rosidl_generator_cExport.cmake\n'}
[0.818278] (uwb_msgs) StdoutLine: {'line': b'-- Up-to-date: /workspace/safmc_uwb/ros/install/uwb_msgs/share/uwb_msgs/cmake/export_uwb_msgs__rosidl_generator_cExport-noconfig.cmake\n'}
[0.818567] (uwb_msgs) StdoutLine: {'line': b'-- Up-to-date: /workspace/safmc_uwb/ros/install/uwb_msgs/share/uwb_msgs/cmake/export_uwb_msgs__rosidl_typesupport_fastrtps_cExport.cmake\n'}
[0.818831] (uwb_msgs) StdoutLine: {'line': b'-- Up-to-date: /workspace/safmc_uwb/ros/install/uwb_msgs/share/uwb_msgs/cmake/export_uwb_msgs__rosidl_typesupport_fastrtps_cExport-noconfig.cmake\n'}
[0.819086] (uwb_msgs) StdoutLine: {'line': b'-- Up-to-date: /workspace/safmc_uwb/ros/install/uwb_msgs/share/uwb_msgs/cmake/uwb_msgs__rosidl_typesupport_introspection_cExport.cmake\n'}
[0.819329] (uwb_msgs) StdoutLine: {'line': b'-- Up-to-date: /workspace/safmc_uwb/ros/install/uwb_msgs/share/uwb_msgs/cmake/uwb_msgs__rosidl_typesupport_introspection_cExport-noconfig.cmake\n'}
[0.819504] (uwb_msgs) StdoutLine: {'line': b'-- Up-to-date: /workspace/safmc_uwb/ros/install/uwb_msgs/share/uwb_msgs/cmake/uwb_msgs__rosidl_typesupport_cExport.cmake\n'}
[0.819758] (uwb_msgs) StdoutLine: {'line': b'-- Up-to-date: /workspace/safmc_uwb/ros/install/uwb_msgs/share/uwb_msgs/cmake/uwb_msgs__rosidl_typesupport_cExport-noconfig.cmake\n'}
[0.819998] (uwb_msgs) StdoutLine: {'line': b'-- Up-to-date: /workspace/safmc_uwb/ros/install/uwb_msgs/share/uwb_msgs/cmake/export_uwb_msgs__rosidl_generator_cppExport.cmake\n'}
[0.820167] (uwb_msgs) StdoutLine: {'line': b'-- Up-to-date: /workspace/safmc_uwb/ros/install/uwb_msgs/share/uwb_msgs/cmake/export_uwb_msgs__rosidl_typesupport_fastrtps_cppExport.cmake\n'}
[0.820326] (uwb_msgs) StdoutLine: {'line': b'-- Up-to-date: /workspace/safmc_uwb/ros/install/uwb_msgs/share/uwb_msgs/cmake/export_uwb_msgs__rosidl_typesupport_fastrtps_cppExport-noconfig.cmake\n'}
[0.820486] (uwb_msgs) StdoutLine: {'line': b'-- Up-to-date: /workspace/safmc_uwb/ros/install/uwb_msgs/share/uwb_msgs/cmake/uwb_msgs__rosidl_typesupport_introspection_cppExport.cmake\n'}
[0.820661] (uwb_msgs) StdoutLine: {'line': b'-- Up-to-date: /workspace/safmc_uwb/ros/install/uwb_msgs/share/uwb_msgs/cmake/uwb_msgs__rosidl_typesupport_introspection_cppExport-noconfig.cmake\n'}
[0.820830] (uwb_msgs) StdoutLine: {'line': b'-- Up-to-date: /workspace/safmc_uwb/ros/install/uwb_msgs/share/uwb_msgs/cmake/uwb_msgs__rosidl_typesupport_cppExport.cmake\n'}
[0.820994] (uwb_msgs) StdoutLine: {'line': b'-- Up-to-date: /workspace/safmc_uwb/ros/install/uwb_msgs/share/uwb_msgs/cmake/uwb_msgs__rosidl_typesupport_cppExport-noconfig.cmake\n'}
[0.821157] (uwb_msgs) StdoutLine: {'line': b'-- Up-to-date: /workspace/safmc_uwb/ros/install/uwb_msgs/share/uwb_msgs/cmake/export_uwb_msgs__rosidl_generator_pyExport.cmake\n'}
[0.821318] (uwb_msgs) StdoutLine: {'line': b'-- Up-to-date: /workspace/safmc_uwb/ros/install/uwb_msgs/share/uwb_msgs/cmake/export_uwb_msgs__rosidl_generator_pyExport-noconfig.cmake\n'}
[0.823209] (uwb_msgs) CommandEnded: {'returncode': 0}
[0.867028] (uwb_msgs) JobEnded: {'identifier': 'uwb_msgs', 'rc': 0}
[0.869307] (uwb) JobStarted: {'identifier': 'uwb'}
[0.900856] (-) TimerEvent: {}
[1.001290] (-) TimerEvent: {}
[1.101782] (-) TimerEvent: {}
[1.202251] (-) TimerEvent: {}
[1.302732] (-) TimerEvent: {}
[1.403199] (-) TimerEvent: {}
[1.503668] (-) TimerEvent: {}
[1.604142] (-) TimerEvent: {}
[1.704581] (-) TimerEvent: {}
[1.805017] (-) TimerEvent: {}
[1.905512] (-) TimerEvent: {}
[2.006051] (-) TimerEvent: {}
[2.019841] (uwb) Command: {'cmd': ['/usr/bin/python3', '-W', 'ignore:setup.py install is deprecated', '-W', 'ignore:easy_install command is deprecated', 'setup.py', 'develop', '--editable', '--build-directory', '/workspace/safmc_uwb/ros/build/uwb/build', '--no-deps', 'symlink_data'], 'cwd': '/workspace/safmc_uwb/ros/build/uwb', 'env': {'SUDO_GID': '1000', 'MAIL': '/var/mail/root', 'USER': 'root', 'HOSTNAME': 'Debian-KevinPan', 'SHLVL': '1', 'LD_LIBRARY_PATH': '/workspace/safmc_uwb/ros/install/uwb_msgs/lib:/opt/ros/humble/opt/rviz_ogre_vendor/lib:/opt/ros/humble/lib/x86_64-linux-gnu:/opt/ros/humble/lib', 'HOME': '/root', 'OLDPWD': '/workspace/safmc_uwb/ros/src/uwb/uwb', 'ROS_PYTHON_VERSION': '3', 'COLORTERM': 'truecolor', 'COLCON_PREFIX_PATH': '/workspace/safmc_uwb/ros/install', 'SUDO_UID': '1000', 'ROS_DISTRO': 'humble', 'LOGNAME': 'root', '_': '/usr/bin/colcon', 'ROS_VERSION': '2', 'TERM': 'xterm-256color', 'ROS_LOCALHOST_ONLY': '0', 'PATH': '/opt/ros/humble/bin:/usr/local/sbin:/usr/local/bin:/usr/sbin:/usr/bin:/sbin:/bin', 'DISPLAY': ':0', 'LANG': 'en_US.UTF-8', 'SUDO_COMMAND': '/usr/bin/su', 'AMENT_PREFIX_PATH': '/workspace/safmc_uwb/ros/install/uwb_msgs:/opt/ros/humble', 'DEBIAN_FRONTEND': 'noninteractive', 'SHELL': '/bin/bash', 'SUDO_USER': 'user', 'PWD': '/workspace/safmc_uwb/ros/build/uwb', 'LC_ALL': 'en_US.UTF-8', 'PYTHONPATH': '/workspace/safmc_uwb/ros/build/uwb/prefix_override:/usr/lib/python3/dist-packages/colcon_core/task/python/colcon_distutils_commands:/workspace/safmc_uwb/ros/install/uwb/lib/python3.10/site-packages:/workspace/safmc_uwb/ros/install/uwb_msgs/local/lib/python3.10/dist-packages:/opt/ros/humble/lib/python3.10/site-packages:/opt/ros/humble/local/lib/python3.10/dist-packages', 'COLCON': '1', 'CMAKE_PREFIX_PATH': '/workspace/safmc_uwb/ros/install/uwb_msgs'}, 'shell': False}
[2.106205] (-) TimerEvent: {}
[2.206794] (-) TimerEvent: {}
[2.307341] (-) TimerEvent: {}
[2.407905] (-) TimerEvent: {}
[2.485016] (uwb) StdoutLine: {'line': b'running develop\n'}
[2.508035] (-) TimerEvent: {}
[2.608517] (-) TimerEvent: {}
[2.709019] (-) TimerEvent: {}
[2.747485] (uwb) StdoutLine: {'line': b'running egg_info\n'}
[2.747883] (uwb) StdoutLine: {'line': b'writing uwb.egg-info/PKG-INFO\n'}
[2.748131] (uwb) StdoutLine: {'line': b'writing dependency_links to uwb.egg-info/dependency_links.txt\n'}
[2.748392] (uwb) StdoutLine: {'line': b'writing entry points to uwb.egg-info/entry_points.txt\n'}
[2.748591] (uwb) StdoutLine: {'line': b'writing requirements to uwb.egg-info/requires.txt\n'}
[2.748817] (uwb) StdoutLine: {'line': b'writing top-level names to uwb.egg-info/top_level.txt\n'}
[2.752080] (uwb) StdoutLine: {'line': b"reading manifest file 'uwb.egg-info/SOURCES.txt'\n"}
[2.753853] (uwb) StdoutLine: {'line': b"writing manifest file 'uwb.egg-info/SOURCES.txt'\n"}
[2.756135] (uwb) StdoutLine: {'line': b'running build_ext\n'}
[2.756522] (uwb) StdoutLine: {'line': b'Creating /workspace/safmc_uwb/ros/install/uwb/lib/python3.10/site-packages/uwb.egg-link (link to .)\n'}
[2.757932] (uwb) StdoutLine: {'line': b'Installing uwb script to /workspace/safmc_uwb/ros/install/uwb/lib/uwb\n'}
[2.758345] (uwb) StdoutLine: {'line': b'\n'}
[2.758468] (uwb) StdoutLine: {'line': b'Installed /workspace/safmc_uwb/ros/build/uwb\n'}
[2.758642] (uwb) StdoutLine: {'line': b'running symlink_data\n'}
[2.758755] (uwb) StdoutLine: {'line': b'symbolically linking /workspace/safmc_uwb/ros/build/uwb/resource/uwb -> /workspace/safmc_uwb/ros/install/uwb/share/ament_index/resource_index/packages\n'}
[2.802586] (uwb) CommandEnded: {'returncode': 0}
[2.809111] (-) TimerEvent: {}
[2.823701] (uwb) JobEnded: {'identifier': 'uwb', 'rc': 0}
[2.825122] (-) EventReactorShutdown: {}
