[0.010s] Invoking command in '/workspace/safmc_uwb/ros/build/uwb_msgs': CMAKE_PREFIX_PATH=/opt/ros/humble /usr/bin/cmake /workspace/safmc_uwb/ros/src/uwb_msgs -DCMAKE_INSTALL_PREFIX=/workspace/safmc_uwb/ros/install/uwb_msgs
[0.037s] -- Found ament_cmake: 1.3.11 (/opt/ros/humble/share/ament_cmake/cmake)
[0.147s] -- Override CMake install command with custom implementation using symlinks instead of copying resources
[0.162s] -- Found rosidl_default_generators: 1.2.0 (/opt/ros/humble/share/rosidl_default_generators/cmake)
[0.164s] -- Using all available rosidl_typesupport_c: rosidl_typesupport_fastrtps_c;rosidl_typesupport_introspection_c
[0.168s] -- Found rosidl_adapter: 3.1.6 (/opt/ros/humble/share/rosidl_adapter/cmake)
[0.210s] -- Using all available rosidl_typesupport_cpp: rosidl_typesupport_fastrtps_cpp;rosidl_typesupport_introspection_cpp
[0.240s] -- Found geometry_msgs: 4.2.4 (/opt/ros/humble/share/geometry_msgs/cmake)
[0.595s] -- Found ament_cmake_ros: 0.10.0 (/opt/ros/humble/share/ament_cmake_ros/cmake)
[0.898s] -- Using all available rosidl_typesupport_c: rosidl_typesupport_fastrtps_c;rosidl_typesupport_introspection_c
[1.233s] -- Using all available rosidl_typesupport_cpp: rosidl_typesupport_fastrtps_cpp;rosidl_typesupport_introspection_cpp
[1.257s] -- Found python_cmake_module: 0.10.0 (/opt/ros/humble/share/python_cmake_module/cmake)
[1.281s] -- Using PYTHON_EXECUTABLE: /usr/bin/python3
[1.281s] -- Using PYTHON_INCLUDE_DIRS: /usr/include/python3.10
[1.282s] -- Using PYTHON_LIBRARIES: /usr/lib/x86_64-linux-gnu/libpython3.10.so
[1.314s] -- Found ament_lint_auto: 0.12.11 (/opt/ros/humble/share/ament_lint_auto/cmake)
[1.351s] -- Added test 'cppcheck' to perform static code analysis on C / C++ code
[1.351s] -- Configured cppcheck include dirs: 
[1.351s] -- Configured cppcheck exclude dirs and/or files: 
[1.354s] -- Added test 'flake8' to check Python code syntax and style conventions
[1.360s] -- Added test 'lint_cmake' to check CMake code style
[1.363s] -- Added test 'pep257' to check Python code against some of the docstring style conventions in PEP 257
[1.383s] -- Added test 'uncrustify' to check C / C++ code style
[1.383s] -- Configured uncrustify additional arguments: 
[1.386s] -- Added test 'xmllint' to check XML markup files
[1.390s] -- Configuring done
[1.431s] -- Generating done
[1.442s] -- Build files have been written to: /workspace/safmc_uwb/ros/build/uwb_msgs
[1.451s] Invoked command in '/workspace/safmc_uwb/ros/build/uwb_msgs' returned '0': CMAKE_PREFIX_PATH=/opt/ros/humble /usr/bin/cmake /workspace/safmc_uwb/ros/src/uwb_msgs -DCMAKE_INSTALL_PREFIX=/workspace/safmc_uwb/ros/install/uwb_msgs
[1.451s] Invoking command in '/workspace/safmc_uwb/ros/build/uwb_msgs': CMAKE_PREFIX_PATH=/opt/ros/humble /usr/bin/cmake --build /workspace/safmc_uwb/ros/build/uwb_msgs -- -j20 -l20
[1.496s] [35m[1mConsolidate compiler generated dependencies of target uwb_msgs__rosidl_generator_c[0m
[1.506s] [  2%] Built target uwb_msgs__cpp
[1.514s] [ 12%] Built target uwb_msgs__rosidl_generator_c
[1.515s] [ 12%] Built target ament_cmake_python_symlink_uwb_msgs
[1.523s] [35m[1mConsolidate compiler generated dependencies of target uwb_msgs__rosidl_typesupport_cpp[0m
[1.523s] [35m[1mConsolidate compiler generated dependencies of target uwb_msgs__rosidl_typesupport_fastrtps_cpp[0m
[1.527s] [35m[1mConsolidate compiler generated dependencies of target uwb_msgs__rosidl_typesupport_introspection_cpp[0m
[1.529s] [35m[1mConsolidate compiler generated dependencies of target uwb_msgs__rosidl_typesupport_c[0m
[1.529s] [35m[1mConsolidate compiler generated dependencies of target uwb_msgs__rosidl_typesupport_introspection_c[0m
[1.531s] [35m[1mConsolidate compiler generated dependencies of target uwb_msgs__rosidl_typesupport_fastrtps_c[0m
[1.544s] [ 44%] Built target uwb_msgs__rosidl_typesupport_cpp
[1.544s] [ 44%] Built target uwb_msgs__rosidl_typesupport_introspection_c
[1.544s] [ 44%] Built target uwb_msgs__rosidl_typesupport_fastrtps_cpp
[1.547s] [ 55%] Built target uwb_msgs__rosidl_typesupport_c
[1.550s] [ 65%] Built target uwb_msgs__rosidl_typesupport_introspection_cpp
[1.553s] [ 76%] Built target uwb_msgs__rosidl_typesupport_fastrtps_c
[1.581s] [ 76%] Built target uwb_msgs
[1.614s] [ 78%] Built target uwb_msgs__py
[1.631s] [35m[1mConsolidate compiler generated dependencies of target uwb_msgs__rosidl_generator_py[0m
[1.654s] [ 87%] Built target uwb_msgs__rosidl_generator_py
[1.669s] [35m[1mConsolidate compiler generated dependencies of target uwb_msgs__rosidl_typesupport_c__pyext[0m
[1.669s] [35m[1mConsolidate compiler generated dependencies of target uwb_msgs__rosidl_typesupport_fastrtps_c__pyext[0m
[1.669s] [35m[1mConsolidate compiler generated dependencies of target uwb_msgs__rosidl_typesupport_introspection_c__pyext[0m
[1.689s] [ 91%] Built target uwb_msgs__rosidl_typesupport_introspection_c__pyext
[1.689s] [ 95%] Built target uwb_msgs__rosidl_typesupport_fastrtps_c__pyext
[1.691s] [100%] Built target uwb_msgs__rosidl_typesupport_c__pyext
[1.824s] running egg_info
[1.825s] writing uwb_msgs.egg-info/PKG-INFO
[1.825s] writing dependency_links to uwb_msgs.egg-info/dependency_links.txt
[1.826s] writing top-level names to uwb_msgs.egg-info/top_level.txt
[1.829s] reading manifest file 'uwb_msgs.egg-info/SOURCES.txt'
[1.829s] writing manifest file 'uwb_msgs.egg-info/SOURCES.txt'
[1.868s] [100%] Built target ament_cmake_python_build_uwb_msgs_egg
[1.884s] Invoked command in '/workspace/safmc_uwb/ros/build/uwb_msgs' returned '0': CMAKE_PREFIX_PATH=/opt/ros/humble /usr/bin/cmake --build /workspace/safmc_uwb/ros/build/uwb_msgs -- -j20 -l20
[1.898s] Invoking command in '/workspace/safmc_uwb/ros/build/uwb_msgs': CMAKE_PREFIX_PATH=/opt/ros/humble /usr/bin/cmake --install /workspace/safmc_uwb/ros/build/uwb_msgs
[1.906s] -- Install configuration: ""
[1.907s] -- Execute custom install script
[1.907s] -- Up-to-date symlink: /workspace/safmc_uwb/ros/install/uwb_msgs/share/ament_index/resource_index/rosidl_interfaces/uwb_msgs
[1.908s] -- Up-to-date symlink: /workspace/safmc_uwb/ros/install/uwb_msgs/include/uwb_msgs/uwb_msgs/msg/detail/pose__functions.h
[1.908s] -- Up-to-date symlink: /workspace/safmc_uwb/ros/install/uwb_msgs/include/uwb_msgs/uwb_msgs/msg/detail/pose__struct.h
[1.908s] -- Up-to-date symlink: /workspace/safmc_uwb/ros/install/uwb_msgs/include/uwb_msgs/uwb_msgs/msg/detail/pose__type_support.h
[1.908s] -- Up-to-date symlink: /workspace/safmc_uwb/ros/install/uwb_msgs/include/uwb_msgs/uwb_msgs/msg/detail/range__functions.h
[1.909s] -- Up-to-date symlink: /workspace/safmc_uwb/ros/install/uwb_msgs/include/uwb_msgs/uwb_msgs/msg/detail/range__struct.h
[1.909s] -- Up-to-date symlink: /workspace/safmc_uwb/ros/install/uwb_msgs/include/uwb_msgs/uwb_msgs/msg/detail/range__type_support.h
[1.909s] -- Up-to-date symlink: /workspace/safmc_uwb/ros/install/uwb_msgs/include/uwb_msgs/uwb_msgs/msg/detail/tag_position__functions.h
[1.909s] -- Up-to-date symlink: /workspace/safmc_uwb/ros/install/uwb_msgs/include/uwb_msgs/uwb_msgs/msg/detail/tag_position__struct.h
[1.909s] -- Up-to-date symlink: /workspace/safmc_uwb/ros/install/uwb_msgs/include/uwb_msgs/uwb_msgs/msg/detail/tag_position__type_support.h
[1.909s] -- Up-to-date symlink: /workspace/safmc_uwb/ros/install/uwb_msgs/include/uwb_msgs/uwb_msgs/msg/pose.h
[1.910s] -- Up-to-date symlink: /workspace/safmc_uwb/ros/install/uwb_msgs/include/uwb_msgs/uwb_msgs/msg/range.h
[1.910s] -- Up-to-date symlink: /workspace/safmc_uwb/ros/install/uwb_msgs/include/uwb_msgs/uwb_msgs/msg/rosidl_generator_c__visibility_control.h
[1.910s] -- Up-to-date symlink: /workspace/safmc_uwb/ros/install/uwb_msgs/include/uwb_msgs/uwb_msgs/msg/tag_position.h
[1.910s] -- Up-to-date symlink: /workspace/safmc_uwb/ros/install/uwb_msgs/share/uwb_msgs/environment/library_path.sh
[1.910s] -- Up-to-date symlink: /workspace/safmc_uwb/ros/install/uwb_msgs/share/uwb_msgs/environment/library_path.dsv
[1.910s] -- Up-to-date symlink: /workspace/safmc_uwb/ros/install/uwb_msgs/include/uwb_msgs/uwb_msgs/msg/detail/pose__rosidl_typesupport_fastrtps_c.h
[1.910s] -- Up-to-date symlink: /workspace/safmc_uwb/ros/install/uwb_msgs/include/uwb_msgs/uwb_msgs/msg/detail/range__rosidl_typesupport_fastrtps_c.h
[1.910s] -- Up-to-date symlink: /workspace/safmc_uwb/ros/install/uwb_msgs/include/uwb_msgs/uwb_msgs/msg/detail/tag_position__rosidl_typesupport_fastrtps_c.h
[1.910s] -- Up-to-date symlink: /workspace/safmc_uwb/ros/install/uwb_msgs/include/uwb_msgs/uwb_msgs/msg/rosidl_typesupport_fastrtps_c__visibility_control.h
[1.911s] -- Up-to-date symlink: /workspace/safmc_uwb/ros/install/uwb_msgs/include/uwb_msgs/uwb_msgs/msg/detail/pose__rosidl_typesupport_introspection_c.h
[1.911s] -- Up-to-date symlink: /workspace/safmc_uwb/ros/install/uwb_msgs/include/uwb_msgs/uwb_msgs/msg/detail/range__rosidl_typesupport_introspection_c.h
[1.911s] -- Up-to-date symlink: /workspace/safmc_uwb/ros/install/uwb_msgs/include/uwb_msgs/uwb_msgs/msg/detail/tag_position__rosidl_typesupport_introspection_c.h
[1.911s] -- Up-to-date symlink: /workspace/safmc_uwb/ros/install/uwb_msgs/include/uwb_msgs/uwb_msgs/msg/rosidl_typesupport_introspection_c__visibility_control.h
[1.912s] -- Up-to-date symlink: /workspace/safmc_uwb/ros/install/uwb_msgs/include/uwb_msgs/uwb_msgs/msg/detail/pose__builder.hpp
[1.912s] -- Up-to-date symlink: /workspace/safmc_uwb/ros/install/uwb_msgs/include/uwb_msgs/uwb_msgs/msg/detail/pose__struct.hpp
[1.912s] -- Up-to-date symlink: /workspace/safmc_uwb/ros/install/uwb_msgs/include/uwb_msgs/uwb_msgs/msg/detail/pose__traits.hpp
[1.912s] -- Up-to-date symlink: /workspace/safmc_uwb/ros/install/uwb_msgs/include/uwb_msgs/uwb_msgs/msg/detail/pose__type_support.hpp
[1.912s] -- Up-to-date symlink: /workspace/safmc_uwb/ros/install/uwb_msgs/include/uwb_msgs/uwb_msgs/msg/detail/range__builder.hpp
[1.912s] -- Up-to-date symlink: /workspace/safmc_uwb/ros/install/uwb_msgs/include/uwb_msgs/uwb_msgs/msg/detail/range__struct.hpp
[1.912s] -- Up-to-date symlink: /workspace/safmc_uwb/ros/install/uwb_msgs/include/uwb_msgs/uwb_msgs/msg/detail/range__traits.hpp
[1.912s] -- Up-to-date symlink: /workspace/safmc_uwb/ros/install/uwb_msgs/include/uwb_msgs/uwb_msgs/msg/detail/range__type_support.hpp
[1.912s] -- Up-to-date symlink: /workspace/safmc_uwb/ros/install/uwb_msgs/include/uwb_msgs/uwb_msgs/msg/detail/tag_position__builder.hpp
[1.912s] -- Up-to-date symlink: /workspace/safmc_uwb/ros/install/uwb_msgs/include/uwb_msgs/uwb_msgs/msg/detail/tag_position__struct.hpp
[1.913s] -- Up-to-date symlink: /workspace/safmc_uwb/ros/install/uwb_msgs/include/uwb_msgs/uwb_msgs/msg/detail/tag_position__traits.hpp
[1.913s] -- Up-to-date symlink: /workspace/safmc_uwb/ros/install/uwb_msgs/include/uwb_msgs/uwb_msgs/msg/detail/tag_position__type_support.hpp
[1.913s] -- Up-to-date symlink: /workspace/safmc_uwb/ros/install/uwb_msgs/include/uwb_msgs/uwb_msgs/msg/pose.hpp
[1.913s] -- Up-to-date symlink: /workspace/safmc_uwb/ros/install/uwb_msgs/include/uwb_msgs/uwb_msgs/msg/range.hpp
[1.913s] -- Up-to-date symlink: /workspace/safmc_uwb/ros/install/uwb_msgs/include/uwb_msgs/uwb_msgs/msg/rosidl_generator_cpp__visibility_control.hpp
[1.913s] -- Up-to-date symlink: /workspace/safmc_uwb/ros/install/uwb_msgs/include/uwb_msgs/uwb_msgs/msg/tag_position.hpp
[1.914s] -- Up-to-date symlink: /workspace/safmc_uwb/ros/install/uwb_msgs/include/uwb_msgs/uwb_msgs/msg/detail/pose__rosidl_typesupport_fastrtps_cpp.hpp
[1.914s] -- Up-to-date symlink: /workspace/safmc_uwb/ros/install/uwb_msgs/include/uwb_msgs/uwb_msgs/msg/detail/range__rosidl_typesupport_fastrtps_cpp.hpp
[1.914s] -- Up-to-date symlink: /workspace/safmc_uwb/ros/install/uwb_msgs/include/uwb_msgs/uwb_msgs/msg/detail/tag_position__rosidl_typesupport_fastrtps_cpp.hpp
[1.914s] -- Up-to-date symlink: /workspace/safmc_uwb/ros/install/uwb_msgs/include/uwb_msgs/uwb_msgs/msg/rosidl_typesupport_fastrtps_cpp__visibility_control.h
[1.914s] -- Up-to-date symlink: /workspace/safmc_uwb/ros/install/uwb_msgs/include/uwb_msgs/uwb_msgs/msg/detail/pose__rosidl_typesupport_introspection_cpp.hpp
[1.914s] -- Up-to-date symlink: /workspace/safmc_uwb/ros/install/uwb_msgs/include/uwb_msgs/uwb_msgs/msg/detail/range__rosidl_typesupport_introspection_cpp.hpp
[1.914s] -- Up-to-date symlink: /workspace/safmc_uwb/ros/install/uwb_msgs/include/uwb_msgs/uwb_msgs/msg/detail/tag_position__rosidl_typesupport_introspection_cpp.hpp
[1.915s] -- Up-to-date symlink: /workspace/safmc_uwb/ros/install/uwb_msgs/share/uwb_msgs/environment/pythonpath.sh
[1.915s] -- Up-to-date symlink: /workspace/safmc_uwb/ros/install/uwb_msgs/share/uwb_msgs/environment/pythonpath.dsv
[1.915s] -- Up-to-date symlink: /workspace/safmc_uwb/ros/install/uwb_msgs/local/lib/python3.10/dist-packages/uwb_msgs-0.0.0-py3.10.egg-info/PKG-INFO
[1.915s] -- Up-to-date symlink: /workspace/safmc_uwb/ros/install/uwb_msgs/local/lib/python3.10/dist-packages/uwb_msgs-0.0.0-py3.10.egg-info/SOURCES.txt
[1.915s] -- Up-to-date symlink: /workspace/safmc_uwb/ros/install/uwb_msgs/local/lib/python3.10/dist-packages/uwb_msgs-0.0.0-py3.10.egg-info/dependency_links.txt
[1.915s] -- Up-to-date symlink: /workspace/safmc_uwb/ros/install/uwb_msgs/local/lib/python3.10/dist-packages/uwb_msgs-0.0.0-py3.10.egg-info/top_level.txt
[1.916s] -- Up-to-date symlink: /workspace/safmc_uwb/ros/install/uwb_msgs/local/lib/python3.10/dist-packages/uwb_msgs/__init__.py
[1.916s] -- Up-to-date symlink: /workspace/safmc_uwb/ros/install/uwb_msgs/local/lib/python3.10/dist-packages/uwb_msgs/_uwb_msgs_s.ep.rosidl_typesupport_c.c
[1.916s] -- Up-to-date symlink: /workspace/safmc_uwb/ros/install/uwb_msgs/local/lib/python3.10/dist-packages/uwb_msgs/_uwb_msgs_s.ep.rosidl_typesupport_fastrtps_c.c
[1.916s] -- Up-to-date symlink: /workspace/safmc_uwb/ros/install/uwb_msgs/local/lib/python3.10/dist-packages/uwb_msgs/_uwb_msgs_s.ep.rosidl_typesupport_introspection_c.c
[1.916s] -- Up-to-date symlink: /workspace/safmc_uwb/ros/install/uwb_msgs/local/lib/python3.10/dist-packages/uwb_msgs/libuwb_msgs__rosidl_generator_py.so
[1.917s] -- Up-to-date symlink: /workspace/safmc_uwb/ros/install/uwb_msgs/local/lib/python3.10/dist-packages/uwb_msgs/msg/__init__.py
[1.917s] -- Up-to-date symlink: /workspace/safmc_uwb/ros/install/uwb_msgs/local/lib/python3.10/dist-packages/uwb_msgs/msg/_pose.py
[1.917s] -- Up-to-date symlink: /workspace/safmc_uwb/ros/install/uwb_msgs/local/lib/python3.10/dist-packages/uwb_msgs/msg/_pose_s.c
[1.917s] -- Up-to-date symlink: /workspace/safmc_uwb/ros/install/uwb_msgs/local/lib/python3.10/dist-packages/uwb_msgs/msg/_range.py
[1.917s] -- Up-to-date symlink: /workspace/safmc_uwb/ros/install/uwb_msgs/local/lib/python3.10/dist-packages/uwb_msgs/msg/_range_s.c
[1.917s] -- Up-to-date symlink: /workspace/safmc_uwb/ros/install/uwb_msgs/local/lib/python3.10/dist-packages/uwb_msgs/msg/_tag_position.py
[1.917s] -- Up-to-date symlink: /workspace/safmc_uwb/ros/install/uwb_msgs/local/lib/python3.10/dist-packages/uwb_msgs/msg/_tag_position_s.c
[1.917s] -- Up-to-date symlink: /workspace/safmc_uwb/ros/install/uwb_msgs/local/lib/python3.10/dist-packages/uwb_msgs/uwb_msgs_s__rosidl_typesupport_c.cpython-310-x86_64-linux-gnu.so
[1.917s] -- Up-to-date symlink: /workspace/safmc_uwb/ros/install/uwb_msgs/local/lib/python3.10/dist-packages/uwb_msgs/uwb_msgs_s__rosidl_typesupport_fastrtps_c.cpython-310-x86_64-linux-gnu.so
[1.917s] -- Up-to-date symlink: /workspace/safmc_uwb/ros/install/uwb_msgs/local/lib/python3.10/dist-packages/uwb_msgs/uwb_msgs_s__rosidl_typesupport_introspection_c.cpython-310-x86_64-linux-gnu.so
[1.918s] -- Up-to-date symlink: /workspace/safmc_uwb/ros/install/uwb_msgs/local/lib/python3.10/dist-packages/uwb_msgs/uwb_msgs_s__rosidl_typesupport_fastrtps_c.cpython-310-x86_64-linux-gnu.so
[1.918s] -- Up-to-date symlink: /workspace/safmc_uwb/ros/install/uwb_msgs/local/lib/python3.10/dist-packages/uwb_msgs/uwb_msgs_s__rosidl_typesupport_introspection_c.cpython-310-x86_64-linux-gnu.so
[1.918s] -- Up-to-date symlink: /workspace/safmc_uwb/ros/install/uwb_msgs/local/lib/python3.10/dist-packages/uwb_msgs/uwb_msgs_s__rosidl_typesupport_c.cpython-310-x86_64-linux-gnu.so
[1.919s] -- Up-to-date symlink: /workspace/safmc_uwb/ros/install/uwb_msgs/share/uwb_msgs/msg/Range.idl
[1.919s] -- Up-to-date symlink: /workspace/safmc_uwb/ros/install/uwb_msgs/share/uwb_msgs/msg/Pose.idl
[1.919s] -- Up-to-date symlink: /workspace/safmc_uwb/ros/install/uwb_msgs/share/uwb_msgs/msg/TagPosition.idl
[1.919s] -- Up-to-date symlink: /workspace/safmc_uwb/ros/install/uwb_msgs/share/uwb_msgs/msg/Range.msg
[1.919s] -- Up-to-date symlink: /workspace/safmc_uwb/ros/install/uwb_msgs/share/uwb_msgs/msg/Pose.msg
[1.919s] -- Up-to-date symlink: /workspace/safmc_uwb/ros/install/uwb_msgs/share/uwb_msgs/msg/TagPosition.msg
[1.919s] -- Up-to-date symlink: /workspace/safmc_uwb/ros/install/uwb_msgs/share/ament_index/resource_index/package_run_dependencies/uwb_msgs
[1.920s] -- Up-to-date symlink: /workspace/safmc_uwb/ros/install/uwb_msgs/share/ament_index/resource_index/parent_prefix_path/uwb_msgs
[1.920s] -- Up-to-date symlink: /workspace/safmc_uwb/ros/install/uwb_msgs/share/uwb_msgs/environment/ament_prefix_path.sh
[1.920s] -- Up-to-date symlink: /workspace/safmc_uwb/ros/install/uwb_msgs/share/uwb_msgs/environment/ament_prefix_path.dsv
[1.920s] -- Up-to-date symlink: /workspace/safmc_uwb/ros/install/uwb_msgs/share/uwb_msgs/environment/path.sh
[1.920s] -- Up-to-date symlink: /workspace/safmc_uwb/ros/install/uwb_msgs/share/uwb_msgs/environment/path.dsv
[1.920s] -- Up-to-date symlink: /workspace/safmc_uwb/ros/install/uwb_msgs/share/uwb_msgs/local_setup.bash
[1.920s] -- Up-to-date symlink: /workspace/safmc_uwb/ros/install/uwb_msgs/share/uwb_msgs/local_setup.sh
[1.921s] -- Up-to-date symlink: /workspace/safmc_uwb/ros/install/uwb_msgs/share/uwb_msgs/local_setup.zsh
[1.921s] -- Up-to-date symlink: /workspace/safmc_uwb/ros/install/uwb_msgs/share/uwb_msgs/local_setup.dsv
[1.921s] -- Symlinking: /workspace/safmc_uwb/ros/install/uwb_msgs/share/uwb_msgs/package.dsv
[1.932s] -- Up-to-date symlink: /workspace/safmc_uwb/ros/install/uwb_msgs/share/ament_index/resource_index/packages/uwb_msgs
[1.932s] -- Up-to-date symlink: /workspace/safmc_uwb/ros/install/uwb_msgs/share/uwb_msgs/cmake/rosidl_cmake-extras.cmake
[1.932s] -- Up-to-date symlink: /workspace/safmc_uwb/ros/install/uwb_msgs/share/uwb_msgs/cmake/ament_cmake_export_dependencies-extras.cmake
[1.932s] -- Up-to-date symlink: /workspace/safmc_uwb/ros/install/uwb_msgs/share/uwb_msgs/cmake/ament_cmake_export_include_directories-extras.cmake
[1.932s] -- Up-to-date symlink: /workspace/safmc_uwb/ros/install/uwb_msgs/share/uwb_msgs/cmake/ament_cmake_export_libraries-extras.cmake
[1.933s] -- Up-to-date symlink: /workspace/safmc_uwb/ros/install/uwb_msgs/share/uwb_msgs/cmake/ament_cmake_export_targets-extras.cmake
[1.933s] -- Up-to-date symlink: /workspace/safmc_uwb/ros/install/uwb_msgs/share/uwb_msgs/cmake/rosidl_cmake_export_typesupport_targets-extras.cmake
[1.933s] -- Up-to-date symlink: /workspace/safmc_uwb/ros/install/uwb_msgs/share/uwb_msgs/cmake/rosidl_cmake_export_typesupport_libraries-extras.cmake
[1.933s] -- Up-to-date symlink: /workspace/safmc_uwb/ros/install/uwb_msgs/share/uwb_msgs/cmake/uwb_msgsConfig.cmake
[1.933s] -- Up-to-date symlink: /workspace/safmc_uwb/ros/install/uwb_msgs/share/uwb_msgs/cmake/uwb_msgsConfig-version.cmake
[1.933s] -- Up-to-date symlink: /workspace/safmc_uwb/ros/install/uwb_msgs/share/uwb_msgs/package.xml
[1.934s] -- Up-to-date: /workspace/safmc_uwb/ros/install/uwb_msgs/lib/libuwb_msgs__rosidl_generator_c.so
[1.935s] -- Up-to-date: /workspace/safmc_uwb/ros/install/uwb_msgs/lib/libuwb_msgs__rosidl_typesupport_fastrtps_c.so
[1.935s] -- Up-to-date: /workspace/safmc_uwb/ros/install/uwb_msgs/lib/libuwb_msgs__rosidl_typesupport_introspection_c.so
[1.935s] -- Up-to-date: /workspace/safmc_uwb/ros/install/uwb_msgs/lib/libuwb_msgs__rosidl_typesupport_c.so
[1.936s] -- Up-to-date: /workspace/safmc_uwb/ros/install/uwb_msgs/lib/libuwb_msgs__rosidl_typesupport_fastrtps_cpp.so
[1.937s] -- Up-to-date: /workspace/safmc_uwb/ros/install/uwb_msgs/lib/libuwb_msgs__rosidl_typesupport_introspection_cpp.so
[1.937s] -- Up-to-date: /workspace/safmc_uwb/ros/install/uwb_msgs/lib/libuwb_msgs__rosidl_typesupport_cpp.so
[1.985s] Listing '/workspace/safmc_uwb/ros/install/uwb_msgs/local/lib/python3.10/dist-packages/uwb_msgs'...
[1.985s] Compiling '/workspace/safmc_uwb/ros/install/uwb_msgs/local/lib/python3.10/dist-packages/uwb_msgs/__init__.py'...
[1.985s] Listing '/workspace/safmc_uwb/ros/install/uwb_msgs/local/lib/python3.10/dist-packages/uwb_msgs/msg'...
[1.991s] -- Up-to-date: /workspace/safmc_uwb/ros/install/uwb_msgs/lib/libuwb_msgs__rosidl_generator_py.so
[1.992s] -- Up-to-date: /workspace/safmc_uwb/ros/install/uwb_msgs/share/uwb_msgs/cmake/export_uwb_msgs__rosidl_generator_cExport.cmake
[1.992s] -- Up-to-date: /workspace/safmc_uwb/ros/install/uwb_msgs/share/uwb_msgs/cmake/export_uwb_msgs__rosidl_generator_cExport-noconfig.cmake
[1.992s] -- Up-to-date: /workspace/safmc_uwb/ros/install/uwb_msgs/share/uwb_msgs/cmake/export_uwb_msgs__rosidl_typesupport_fastrtps_cExport.cmake
[1.992s] -- Up-to-date: /workspace/safmc_uwb/ros/install/uwb_msgs/share/uwb_msgs/cmake/export_uwb_msgs__rosidl_typesupport_fastrtps_cExport-noconfig.cmake
[1.992s] -- Up-to-date: /workspace/safmc_uwb/ros/install/uwb_msgs/share/uwb_msgs/cmake/uwb_msgs__rosidl_typesupport_introspection_cExport.cmake
[1.992s] -- Up-to-date: /workspace/safmc_uwb/ros/install/uwb_msgs/share/uwb_msgs/cmake/uwb_msgs__rosidl_typesupport_introspection_cExport-noconfig.cmake
[1.992s] -- Up-to-date: /workspace/safmc_uwb/ros/install/uwb_msgs/share/uwb_msgs/cmake/uwb_msgs__rosidl_typesupport_cExport.cmake
[1.992s] -- Up-to-date: /workspace/safmc_uwb/ros/install/uwb_msgs/share/uwb_msgs/cmake/uwb_msgs__rosidl_typesupport_cExport-noconfig.cmake
[1.993s] -- Up-to-date: /workspace/safmc_uwb/ros/install/uwb_msgs/share/uwb_msgs/cmake/export_uwb_msgs__rosidl_generator_cppExport.cmake
[1.993s] -- Up-to-date: /workspace/safmc_uwb/ros/install/uwb_msgs/share/uwb_msgs/cmake/export_uwb_msgs__rosidl_typesupport_fastrtps_cppExport.cmake
[1.993s] -- Up-to-date: /workspace/safmc_uwb/ros/install/uwb_msgs/share/uwb_msgs/cmake/export_uwb_msgs__rosidl_typesupport_fastrtps_cppExport-noconfig.cmake
[1.993s] -- Up-to-date: /workspace/safmc_uwb/ros/install/uwb_msgs/share/uwb_msgs/cmake/uwb_msgs__rosidl_typesupport_introspection_cppExport.cmake
[1.993s] -- Up-to-date: /workspace/safmc_uwb/ros/install/uwb_msgs/share/uwb_msgs/cmake/uwb_msgs__rosidl_typesupport_introspection_cppExport-noconfig.cmake
[1.993s] -- Up-to-date: /workspace/safmc_uwb/ros/install/uwb_msgs/share/uwb_msgs/cmake/uwb_msgs__rosidl_typesupport_cppExport.cmake
[1.993s] -- Up-to-date: /workspace/safmc_uwb/ros/install/uwb_msgs/share/uwb_msgs/cmake/uwb_msgs__rosidl_typesupport_cppExport-noconfig.cmake
[1.993s] -- Up-to-date: /workspace/safmc_uwb/ros/install/uwb_msgs/share/uwb_msgs/cmake/export_uwb_msgs__rosidl_generator_pyExport.cmake
[1.993s] -- Up-to-date: /workspace/safmc_uwb/ros/install/uwb_msgs/share/uwb_msgs/cmake/export_uwb_msgs__rosidl_generator_pyExport-noconfig.cmake
[1.996s] Invoked command in '/workspace/safmc_uwb/ros/build/uwb_msgs' returned '0': CMAKE_PREFIX_PATH=/opt/ros/humble /usr/bin/cmake --install /workspace/safmc_uwb/ros/build/uwb_msgs
