[0.520s] Invoking command in '/home/Judy/safmc_uwb/ros/build/uwb_msgs': CMAKE_PREFIX_PATH=${CMAKE_PREFIX_PATH}:/home/Judy/safmc_uwb/ros/install/uwb:/opt/ros/humble /usr/bin/cmake --build /home/Judy/safmc_uwb/ros/build/uwb_msgs -- -j12 -l12
[0.602s] [  4%] Built target uwb_msgs__cpp
[0.603s] [ 12%] Built target uwb_msgs__rosidl_generator_c
[0.623s] [ 12%] Built target ament_cmake_python_copy_uwb_msgs
[0.643s] [ 34%] Built target uwb_msgs__rosidl_typesupport_introspection_cpp
[0.643s] [ 34%] Built target uwb_msgs__rosidl_typesupport_cpp
[0.644s] [ 44%] Built target uwb_msgs__rosidl_typesupport_fastrtps_cpp
[0.661s] [ 59%] Built target uwb_msgs__rosidl_typesupport_fastrtps_c
[0.662s] [ 76%] Built target uwb_msgs__rosidl_typesupport_introspection_c
[0.662s] [ 76%] Built target uwb_msgs__rosidl_typesupport_c
[0.695s] [ 76%] Built target uwb_msgs
[0.735s] [ 78%] Built target uwb_msgs__py
[0.771s] [ 87%] Built target uwb_msgs__rosidl_generator_py
[0.811s] [100%] Built target uwb_msgs__rosidl_typesupport_fastrtps_c__pyext
[0.811s] [100%] Built target uwb_msgs__rosidl_typesupport_c__pyext
[0.811s] [100%] Built target uwb_msgs__rosidl_typesupport_introspection_c__pyext
[1.105s] running egg_info
[1.105s] writing uwb_msgs.egg-info/PKG-INFO
[1.106s] writing dependency_links to uwb_msgs.egg-info/dependency_links.txt
[1.106s] writing top-level names to uwb_msgs.egg-info/top_level.txt
[1.110s] reading manifest file 'uwb_msgs.egg-info/SOURCES.txt'
[1.110s] writing manifest file 'uwb_msgs.egg-info/SOURCES.txt'
[1.158s] [100%] Built target ament_cmake_python_build_uwb_msgs_egg
[1.180s] Invoked command in '/home/Judy/safmc_uwb/ros/build/uwb_msgs' returned '0': CMAKE_PREFIX_PATH=${CMAKE_PREFIX_PATH}:/home/Judy/safmc_uwb/ros/install/uwb:/opt/ros/humble /usr/bin/cmake --build /home/Judy/safmc_uwb/ros/build/uwb_msgs -- -j12 -l12
[1.200s] Invoking command in '/home/Judy/safmc_uwb/ros/build/uwb_msgs': CMAKE_PREFIX_PATH=${CMAKE_PREFIX_PATH}:/home/Judy/safmc_uwb/ros/install/uwb:/opt/ros/humble /usr/bin/cmake --install /home/Judy/safmc_uwb/ros/build/uwb_msgs
[1.215s] -- Install configuration: ""
[1.215s] -- Up-to-date: /home/Judy/safmc_uwb/ros/install/uwb_msgs/share/ament_index/resource_index/rosidl_interfaces/uwb_msgs
[1.216s] -- Up-to-date: /home/Judy/safmc_uwb/ros/install/uwb_msgs/include/uwb_msgs/uwb_msgs
[1.216s] -- Up-to-date: /home/Judy/safmc_uwb/ros/install/uwb_msgs/include/uwb_msgs/uwb_msgs/msg
[1.216s] -- Up-to-date: /home/Judy/safmc_uwb/ros/install/uwb_msgs/include/uwb_msgs/uwb_msgs/msg/detail
[1.217s] -- Up-to-date: /home/Judy/safmc_uwb/ros/install/uwb_msgs/include/uwb_msgs/uwb_msgs/msg/detail/tag_position__struct.h
[1.217s] -- Up-to-date: /home/Judy/safmc_uwb/ros/install/uwb_msgs/include/uwb_msgs/uwb_msgs/msg/detail/range__type_support.h
[1.217s] -- Up-to-date: /home/Judy/safmc_uwb/ros/install/uwb_msgs/include/uwb_msgs/uwb_msgs/msg/detail/pose__functions.h
[1.217s] -- Up-to-date: /home/Judy/safmc_uwb/ros/install/uwb_msgs/include/uwb_msgs/uwb_msgs/msg/detail/pose__functions.c
[1.217s] -- Up-to-date: /home/Judy/safmc_uwb/ros/install/uwb_msgs/include/uwb_msgs/uwb_msgs/msg/detail/pose__type_support.h
[1.218s] -- Up-to-date: /home/Judy/safmc_uwb/ros/install/uwb_msgs/include/uwb_msgs/uwb_msgs/msg/detail/range__functions.c
[1.218s] -- Up-to-date: /home/Judy/safmc_uwb/ros/install/uwb_msgs/include/uwb_msgs/uwb_msgs/msg/detail/range__functions.h
[1.219s] -- Up-to-date: /home/Judy/safmc_uwb/ros/install/uwb_msgs/include/uwb_msgs/uwb_msgs/msg/detail/range__struct.h
[1.219s] -- Up-to-date: /home/Judy/safmc_uwb/ros/install/uwb_msgs/include/uwb_msgs/uwb_msgs/msg/detail/pose__struct.h
[1.219s] -- Up-to-date: /home/Judy/safmc_uwb/ros/install/uwb_msgs/include/uwb_msgs/uwb_msgs/msg/detail/tag_position__type_support.h
[1.220s] -- Up-to-date: /home/Judy/safmc_uwb/ros/install/uwb_msgs/include/uwb_msgs/uwb_msgs/msg/detail/tag_position__functions.c
[1.220s] -- Up-to-date: /home/Judy/safmc_uwb/ros/install/uwb_msgs/include/uwb_msgs/uwb_msgs/msg/detail/tag_position__functions.h
[1.220s] -- Up-to-date: /home/Judy/safmc_uwb/ros/install/uwb_msgs/include/uwb_msgs/uwb_msgs/msg/tag_position.h
[1.220s] -- Up-to-date: /home/Judy/safmc_uwb/ros/install/uwb_msgs/include/uwb_msgs/uwb_msgs/msg/range.h
[1.221s] -- Up-to-date: /home/Judy/safmc_uwb/ros/install/uwb_msgs/include/uwb_msgs/uwb_msgs/msg/pose.h
[1.221s] -- Up-to-date: /home/Judy/safmc_uwb/ros/install/uwb_msgs/include/uwb_msgs/uwb_msgs/msg/rosidl_generator_c__visibility_control.h
[1.221s] -- Up-to-date: /home/Judy/safmc_uwb/ros/install/uwb_msgs/share/uwb_msgs/environment/library_path.sh
[1.222s] -- Up-to-date: /home/Judy/safmc_uwb/ros/install/uwb_msgs/share/uwb_msgs/environment/library_path.dsv
[1.222s] -- Up-to-date: /home/Judy/safmc_uwb/ros/install/uwb_msgs/lib/libuwb_msgs__rosidl_generator_c.so
[1.223s] -- Up-to-date: /home/Judy/safmc_uwb/ros/install/uwb_msgs/include/uwb_msgs/uwb_msgs
[1.223s] -- Up-to-date: /home/Judy/safmc_uwb/ros/install/uwb_msgs/include/uwb_msgs/uwb_msgs/msg
[1.223s] -- Up-to-date: /home/Judy/safmc_uwb/ros/install/uwb_msgs/include/uwb_msgs/uwb_msgs/msg/rosidl_typesupport_fastrtps_c__visibility_control.h
[1.224s] -- Up-to-date: /home/Judy/safmc_uwb/ros/install/uwb_msgs/include/uwb_msgs/uwb_msgs/msg/detail
[1.224s] -- Up-to-date: /home/Judy/safmc_uwb/ros/install/uwb_msgs/include/uwb_msgs/uwb_msgs/msg/detail/pose__rosidl_typesupport_fastrtps_c.h
[1.224s] -- Up-to-date: /home/Judy/safmc_uwb/ros/install/uwb_msgs/include/uwb_msgs/uwb_msgs/msg/detail/range__rosidl_typesupport_fastrtps_c.h
[1.225s] -- Up-to-date: /home/Judy/safmc_uwb/ros/install/uwb_msgs/include/uwb_msgs/uwb_msgs/msg/detail/tag_position__rosidl_typesupport_fastrtps_c.h
[1.225s] -- Up-to-date: /home/Judy/safmc_uwb/ros/install/uwb_msgs/lib/libuwb_msgs__rosidl_typesupport_fastrtps_c.so
[1.226s] -- Up-to-date: /home/Judy/safmc_uwb/ros/install/uwb_msgs/include/uwb_msgs/uwb_msgs
[1.226s] -- Up-to-date: /home/Judy/safmc_uwb/ros/install/uwb_msgs/include/uwb_msgs/uwb_msgs/msg
[1.226s] -- Up-to-date: /home/Judy/safmc_uwb/ros/install/uwb_msgs/include/uwb_msgs/uwb_msgs/msg/detail
[1.227s] -- Up-to-date: /home/Judy/safmc_uwb/ros/install/uwb_msgs/include/uwb_msgs/uwb_msgs/msg/detail/tag_position__rosidl_typesupport_introspection_c.h
[1.268s] -- Up-to-date: /home/Judy/safmc_uwb/ros/install/uwb_msgs/include/uwb_msgs/uwb_msgs/msg/detail/pose__rosidl_typesupport_introspection_c.h
[1.269s] -- Up-to-date: /home/Judy/safmc_uwb/ros/install/uwb_msgs/include/uwb_msgs/uwb_msgs/msg/detail/pose__type_support.c
[1.269s] -- Up-to-date: /home/Judy/safmc_uwb/ros/install/uwb_msgs/include/uwb_msgs/uwb_msgs/msg/detail/range__type_support.c
[1.269s] -- Up-to-date: /home/Judy/safmc_uwb/ros/install/uwb_msgs/include/uwb_msgs/uwb_msgs/msg/detail/range__rosidl_typesupport_introspection_c.h
[1.269s] -- Up-to-date: /home/Judy/safmc_uwb/ros/install/uwb_msgs/include/uwb_msgs/uwb_msgs/msg/detail/tag_position__type_support.c
[1.269s] -- Up-to-date: /home/Judy/safmc_uwb/ros/install/uwb_msgs/include/uwb_msgs/uwb_msgs/msg/rosidl_typesupport_introspection_c__visibility_control.h
[1.269s] -- Up-to-date: /home/Judy/safmc_uwb/ros/install/uwb_msgs/lib/libuwb_msgs__rosidl_typesupport_introspection_c.so
[1.270s] -- Up-to-date: /home/Judy/safmc_uwb/ros/install/uwb_msgs/lib/libuwb_msgs__rosidl_typesupport_c.so
[1.270s] -- Up-to-date: /home/Judy/safmc_uwb/ros/install/uwb_msgs/include/uwb_msgs/uwb_msgs
[1.270s] -- Up-to-date: /home/Judy/safmc_uwb/ros/install/uwb_msgs/include/uwb_msgs/uwb_msgs/msg
[1.271s] -- Up-to-date: /home/Judy/safmc_uwb/ros/install/uwb_msgs/include/uwb_msgs/uwb_msgs/msg/tag_position.hpp
[1.271s] -- Up-to-date: /home/Judy/safmc_uwb/ros/install/uwb_msgs/include/uwb_msgs/uwb_msgs/msg/detail
[1.272s] -- Up-to-date: /home/Judy/safmc_uwb/ros/install/uwb_msgs/include/uwb_msgs/uwb_msgs/msg/detail/pose__type_support.hpp
[1.272s] -- Up-to-date: /home/Judy/safmc_uwb/ros/install/uwb_msgs/include/uwb_msgs/uwb_msgs/msg/detail/tag_position__traits.hpp
[1.272s] -- Up-to-date: /home/Judy/safmc_uwb/ros/install/uwb_msgs/include/uwb_msgs/uwb_msgs/msg/detail/pose__builder.hpp
[1.272s] -- Up-to-date: /home/Judy/safmc_uwb/ros/install/uwb_msgs/include/uwb_msgs/uwb_msgs/msg/detail/tag_position__struct.hpp
[1.272s] -- Up-to-date: /home/Judy/safmc_uwb/ros/install/uwb_msgs/include/uwb_msgs/uwb_msgs/msg/detail/range__struct.hpp
[1.272s] -- Up-to-date: /home/Judy/safmc_uwb/ros/install/uwb_msgs/include/uwb_msgs/uwb_msgs/msg/detail/tag_position__builder.hpp
[1.273s] -- Up-to-date: /home/Judy/safmc_uwb/ros/install/uwb_msgs/include/uwb_msgs/uwb_msgs/msg/detail/range__traits.hpp
[1.273s] -- Up-to-date: /home/Judy/safmc_uwb/ros/install/uwb_msgs/include/uwb_msgs/uwb_msgs/msg/detail/pose__traits.hpp
[1.273s] -- Up-to-date: /home/Judy/safmc_uwb/ros/install/uwb_msgs/include/uwb_msgs/uwb_msgs/msg/detail/tag_position__type_support.hpp
[1.273s] -- Up-to-date: /home/Judy/safmc_uwb/ros/install/uwb_msgs/include/uwb_msgs/uwb_msgs/msg/detail/range__type_support.hpp
[1.273s] -- Up-to-date: /home/Judy/safmc_uwb/ros/install/uwb_msgs/include/uwb_msgs/uwb_msgs/msg/detail/range__builder.hpp
[1.273s] -- Up-to-date: /home/Judy/safmc_uwb/ros/install/uwb_msgs/include/uwb_msgs/uwb_msgs/msg/detail/pose__struct.hpp
[1.274s] -- Up-to-date: /home/Judy/safmc_uwb/ros/install/uwb_msgs/include/uwb_msgs/uwb_msgs/msg/range.hpp
[1.274s] -- Up-to-date: /home/Judy/safmc_uwb/ros/install/uwb_msgs/include/uwb_msgs/uwb_msgs/msg/pose.hpp
[1.274s] -- Up-to-date: /home/Judy/safmc_uwb/ros/install/uwb_msgs/include/uwb_msgs/uwb_msgs/msg/rosidl_generator_cpp__visibility_control.hpp
[1.274s] -- Up-to-date: /home/Judy/safmc_uwb/ros/install/uwb_msgs/include/uwb_msgs/uwb_msgs
[1.274s] -- Up-to-date: /home/Judy/safmc_uwb/ros/install/uwb_msgs/include/uwb_msgs/uwb_msgs/msg
[1.274s] -- Up-to-date: /home/Judy/safmc_uwb/ros/install/uwb_msgs/include/uwb_msgs/uwb_msgs/msg/rosidl_typesupport_fastrtps_cpp__visibility_control.h
[1.274s] -- Up-to-date: /home/Judy/safmc_uwb/ros/install/uwb_msgs/include/uwb_msgs/uwb_msgs/msg/detail
[1.274s] -- Up-to-date: /home/Judy/safmc_uwb/ros/install/uwb_msgs/include/uwb_msgs/uwb_msgs/msg/detail/range__rosidl_typesupport_fastrtps_cpp.hpp
[1.275s] -- Up-to-date: /home/Judy/safmc_uwb/ros/install/uwb_msgs/include/uwb_msgs/uwb_msgs/msg/detail/pose__rosidl_typesupport_fastrtps_cpp.hpp
[1.275s] -- Up-to-date: /home/Judy/safmc_uwb/ros/install/uwb_msgs/include/uwb_msgs/uwb_msgs/msg/detail/tag_position__rosidl_typesupport_fastrtps_cpp.hpp
[1.275s] -- Up-to-date: /home/Judy/safmc_uwb/ros/install/uwb_msgs/include/uwb_msgs/uwb_msgs/msg/detail/dds_fastrtps
[1.275s] -- Up-to-date: /home/Judy/safmc_uwb/ros/install/uwb_msgs/lib/libuwb_msgs__rosidl_typesupport_fastrtps_cpp.so
[1.275s] -- Up-to-date: /home/Judy/safmc_uwb/ros/install/uwb_msgs/include/uwb_msgs/uwb_msgs
[1.275s] -- Up-to-date: /home/Judy/safmc_uwb/ros/install/uwb_msgs/include/uwb_msgs/uwb_msgs/msg
[1.275s] -- Up-to-date: /home/Judy/safmc_uwb/ros/install/uwb_msgs/include/uwb_msgs/uwb_msgs/msg/detail
[1.276s] -- Up-to-date: /home/Judy/safmc_uwb/ros/install/uwb_msgs/include/uwb_msgs/uwb_msgs/msg/detail/range__rosidl_typesupport_introspection_cpp.hpp
[1.276s] -- Up-to-date: /home/Judy/safmc_uwb/ros/install/uwb_msgs/include/uwb_msgs/uwb_msgs/msg/detail/pose__type_support.cpp
[1.276s] -- Up-to-date: /home/Judy/safmc_uwb/ros/install/uwb_msgs/include/uwb_msgs/uwb_msgs/msg/detail/tag_position__type_support.cpp
[1.278s] -- Up-to-date: /home/Judy/safmc_uwb/ros/install/uwb_msgs/include/uwb_msgs/uwb_msgs/msg/detail/range__type_support.cpp
[1.278s] -- Up-to-date: /home/Judy/safmc_uwb/ros/install/uwb_msgs/include/uwb_msgs/uwb_msgs/msg/detail/pose__rosidl_typesupport_introspection_cpp.hpp
[1.278s] -- Up-to-date: /home/Judy/safmc_uwb/ros/install/uwb_msgs/include/uwb_msgs/uwb_msgs/msg/detail/tag_position__rosidl_typesupport_introspection_cpp.hpp
[1.278s] -- Up-to-date: /home/Judy/safmc_uwb/ros/install/uwb_msgs/lib/libuwb_msgs__rosidl_typesupport_introspection_cpp.so
[1.278s] -- Up-to-date: /home/Judy/safmc_uwb/ros/install/uwb_msgs/lib/libuwb_msgs__rosidl_typesupport_cpp.so
[1.278s] -- Up-to-date: /home/Judy/safmc_uwb/ros/install/uwb_msgs/share/uwb_msgs/environment/pythonpath.sh
[1.278s] -- Up-to-date: /home/Judy/safmc_uwb/ros/install/uwb_msgs/share/uwb_msgs/environment/pythonpath.dsv
[1.279s] -- Up-to-date: /home/Judy/safmc_uwb/ros/install/uwb_msgs/local/lib/python3.10/dist-packages/uwb_msgs-0.0.0-py3.10.egg-info
[1.279s] -- Installing: /home/Judy/safmc_uwb/ros/install/uwb_msgs/local/lib/python3.10/dist-packages/uwb_msgs-0.0.0-py3.10.egg-info/top_level.txt
[1.279s] -- Installing: /home/Judy/safmc_uwb/ros/install/uwb_msgs/local/lib/python3.10/dist-packages/uwb_msgs-0.0.0-py3.10.egg-info/SOURCES.txt
[1.279s] -- Installing: /home/Judy/safmc_uwb/ros/install/uwb_msgs/local/lib/python3.10/dist-packages/uwb_msgs-0.0.0-py3.10.egg-info/PKG-INFO
[1.279s] -- Installing: /home/Judy/safmc_uwb/ros/install/uwb_msgs/local/lib/python3.10/dist-packages/uwb_msgs-0.0.0-py3.10.egg-info/dependency_links.txt
[1.279s] -- Up-to-date: /home/Judy/safmc_uwb/ros/install/uwb_msgs/local/lib/python3.10/dist-packages/uwb_msgs
[1.279s] -- Up-to-date: /home/Judy/safmc_uwb/ros/install/uwb_msgs/local/lib/python3.10/dist-packages/uwb_msgs/uwb_msgs_s__rosidl_typesupport_fastrtps_c.cpython-310-x86_64-linux-gnu.so
[1.279s] -- Up-to-date: /home/Judy/safmc_uwb/ros/install/uwb_msgs/local/lib/python3.10/dist-packages/uwb_msgs/msg
[1.279s] -- Up-to-date: /home/Judy/safmc_uwb/ros/install/uwb_msgs/local/lib/python3.10/dist-packages/uwb_msgs/msg/_range_s.c
[1.279s] -- Up-to-date: /home/Judy/safmc_uwb/ros/install/uwb_msgs/local/lib/python3.10/dist-packages/uwb_msgs/msg/_tag_position.py
[1.279s] -- Up-to-date: /home/Judy/safmc_uwb/ros/install/uwb_msgs/local/lib/python3.10/dist-packages/uwb_msgs/msg/_range.py
[1.279s] -- Up-to-date: /home/Judy/safmc_uwb/ros/install/uwb_msgs/local/lib/python3.10/dist-packages/uwb_msgs/msg/_pose_s.c
[1.279s] -- Up-to-date: /home/Judy/safmc_uwb/ros/install/uwb_msgs/local/lib/python3.10/dist-packages/uwb_msgs/msg/_tag_position_s.c
[1.280s] -- Up-to-date: /home/Judy/safmc_uwb/ros/install/uwb_msgs/local/lib/python3.10/dist-packages/uwb_msgs/msg/_pose.py
[1.280s] -- Up-to-date: /home/Judy/safmc_uwb/ros/install/uwb_msgs/local/lib/python3.10/dist-packages/uwb_msgs/msg/__init__.py
[1.280s] -- Up-to-date: /home/Judy/safmc_uwb/ros/install/uwb_msgs/local/lib/python3.10/dist-packages/uwb_msgs/_uwb_msgs_s.ep.rosidl_typesupport_introspection_c.c
[1.280s] -- Up-to-date: /home/Judy/safmc_uwb/ros/install/uwb_msgs/local/lib/python3.10/dist-packages/uwb_msgs/uwb_msgs_s__rosidl_typesupport_c.cpython-310-x86_64-linux-gnu.so
[1.280s] -- Up-to-date: /home/Judy/safmc_uwb/ros/install/uwb_msgs/local/lib/python3.10/dist-packages/uwb_msgs/libuwb_msgs__rosidl_generator_py.so
[1.280s] -- Up-to-date: /home/Judy/safmc_uwb/ros/install/uwb_msgs/local/lib/python3.10/dist-packages/uwb_msgs/_uwb_msgs_s.ep.rosidl_typesupport_c.c
[1.280s] -- Up-to-date: /home/Judy/safmc_uwb/ros/install/uwb_msgs/local/lib/python3.10/dist-packages/uwb_msgs/_uwb_msgs_s.ep.rosidl_typesupport_fastrtps_c.c
[1.280s] -- Up-to-date: /home/Judy/safmc_uwb/ros/install/uwb_msgs/local/lib/python3.10/dist-packages/uwb_msgs/uwb_msgs_s__rosidl_typesupport_introspection_c.cpython-310-x86_64-linux-gnu.so
[1.280s] -- Up-to-date: /home/Judy/safmc_uwb/ros/install/uwb_msgs/local/lib/python3.10/dist-packages/uwb_msgs/__init__.py
[1.324s] Listing '/home/Judy/safmc_uwb/ros/install/uwb_msgs/local/lib/python3.10/dist-packages/uwb_msgs'...
[1.324s] Listing '/home/Judy/safmc_uwb/ros/install/uwb_msgs/local/lib/python3.10/dist-packages/uwb_msgs/msg'...
[1.331s] -- Up-to-date: /home/Judy/safmc_uwb/ros/install/uwb_msgs/local/lib/python3.10/dist-packages/uwb_msgs/uwb_msgs_s__rosidl_typesupport_fastrtps_c.cpython-310-x86_64-linux-gnu.so
[1.332s] -- Up-to-date: /home/Judy/safmc_uwb/ros/install/uwb_msgs/local/lib/python3.10/dist-packages/uwb_msgs/uwb_msgs_s__rosidl_typesupport_introspection_c.cpython-310-x86_64-linux-gnu.so
[1.332s] -- Up-to-date: /home/Judy/safmc_uwb/ros/install/uwb_msgs/local/lib/python3.10/dist-packages/uwb_msgs/uwb_msgs_s__rosidl_typesupport_c.cpython-310-x86_64-linux-gnu.so
[1.333s] -- Up-to-date: /home/Judy/safmc_uwb/ros/install/uwb_msgs/lib/libuwb_msgs__rosidl_generator_py.so
[1.333s] -- Up-to-date: /home/Judy/safmc_uwb/ros/install/uwb_msgs/share/uwb_msgs/msg/Range.idl
[1.334s] -- Up-to-date: /home/Judy/safmc_uwb/ros/install/uwb_msgs/share/uwb_msgs/msg/Pose.idl
[1.334s] -- Up-to-date: /home/Judy/safmc_uwb/ros/install/uwb_msgs/share/uwb_msgs/msg/TagPosition.idl
[1.335s] -- Up-to-date: /home/Judy/safmc_uwb/ros/install/uwb_msgs/share/uwb_msgs/msg/Range.msg
[1.335s] -- Up-to-date: /home/Judy/safmc_uwb/ros/install/uwb_msgs/share/uwb_msgs/msg/Pose.msg
[1.335s] -- Up-to-date: /home/Judy/safmc_uwb/ros/install/uwb_msgs/share/uwb_msgs/msg/TagPosition.msg
[1.336s] -- Up-to-date: /home/Judy/safmc_uwb/ros/install/uwb_msgs/share/ament_index/resource_index/package_run_dependencies/uwb_msgs
[1.336s] -- Up-to-date: /home/Judy/safmc_uwb/ros/install/uwb_msgs/share/ament_index/resource_index/parent_prefix_path/uwb_msgs
[1.337s] -- Up-to-date: /home/Judy/safmc_uwb/ros/install/uwb_msgs/share/uwb_msgs/environment/ament_prefix_path.sh
[1.337s] -- Up-to-date: /home/Judy/safmc_uwb/ros/install/uwb_msgs/share/uwb_msgs/environment/ament_prefix_path.dsv
[1.337s] -- Up-to-date: /home/Judy/safmc_uwb/ros/install/uwb_msgs/share/uwb_msgs/environment/path.sh
[1.337s] -- Up-to-date: /home/Judy/safmc_uwb/ros/install/uwb_msgs/share/uwb_msgs/environment/path.dsv
[1.338s] -- Up-to-date: /home/Judy/safmc_uwb/ros/install/uwb_msgs/share/uwb_msgs/local_setup.bash
[1.338s] -- Up-to-date: /home/Judy/safmc_uwb/ros/install/uwb_msgs/share/uwb_msgs/local_setup.sh
[1.339s] -- Up-to-date: /home/Judy/safmc_uwb/ros/install/uwb_msgs/share/uwb_msgs/local_setup.zsh
[1.339s] -- Up-to-date: /home/Judy/safmc_uwb/ros/install/uwb_msgs/share/uwb_msgs/local_setup.dsv
[1.339s] -- Installing: /home/Judy/safmc_uwb/ros/install/uwb_msgs/share/uwb_msgs/package.dsv
[1.340s] -- Up-to-date: /home/Judy/safmc_uwb/ros/install/uwb_msgs/share/ament_index/resource_index/packages/uwb_msgs
[1.340s] -- Up-to-date: /home/Judy/safmc_uwb/ros/install/uwb_msgs/share/uwb_msgs/cmake/export_uwb_msgs__rosidl_generator_cExport.cmake
[1.341s] -- Up-to-date: /home/Judy/safmc_uwb/ros/install/uwb_msgs/share/uwb_msgs/cmake/export_uwb_msgs__rosidl_generator_cExport-noconfig.cmake
[1.341s] -- Up-to-date: /home/Judy/safmc_uwb/ros/install/uwb_msgs/share/uwb_msgs/cmake/export_uwb_msgs__rosidl_typesupport_fastrtps_cExport.cmake
[1.342s] -- Up-to-date: /home/Judy/safmc_uwb/ros/install/uwb_msgs/share/uwb_msgs/cmake/export_uwb_msgs__rosidl_typesupport_fastrtps_cExport-noconfig.cmake
[1.342s] -- Up-to-date: /home/Judy/safmc_uwb/ros/install/uwb_msgs/share/uwb_msgs/cmake/uwb_msgs__rosidl_typesupport_introspection_cExport.cmake
[1.342s] -- Up-to-date: /home/Judy/safmc_uwb/ros/install/uwb_msgs/share/uwb_msgs/cmake/uwb_msgs__rosidl_typesupport_introspection_cExport-noconfig.cmake
[1.342s] -- Up-to-date: /home/Judy/safmc_uwb/ros/install/uwb_msgs/share/uwb_msgs/cmake/uwb_msgs__rosidl_typesupport_cExport.cmake
[1.342s] -- Up-to-date: /home/Judy/safmc_uwb/ros/install/uwb_msgs/share/uwb_msgs/cmake/uwb_msgs__rosidl_typesupport_cExport-noconfig.cmake
[1.342s] -- Up-to-date: /home/Judy/safmc_uwb/ros/install/uwb_msgs/share/uwb_msgs/cmake/export_uwb_msgs__rosidl_generator_cppExport.cmake
[1.342s] -- Up-to-date: /home/Judy/safmc_uwb/ros/install/uwb_msgs/share/uwb_msgs/cmake/export_uwb_msgs__rosidl_typesupport_fastrtps_cppExport.cmake
[1.342s] -- Up-to-date: /home/Judy/safmc_uwb/ros/install/uwb_msgs/share/uwb_msgs/cmake/export_uwb_msgs__rosidl_typesupport_fastrtps_cppExport-noconfig.cmake
[1.342s] -- Up-to-date: /home/Judy/safmc_uwb/ros/install/uwb_msgs/share/uwb_msgs/cmake/uwb_msgs__rosidl_typesupport_introspection_cppExport.cmake
[1.342s] -- Up-to-date: /home/Judy/safmc_uwb/ros/install/uwb_msgs/share/uwb_msgs/cmake/uwb_msgs__rosidl_typesupport_introspection_cppExport-noconfig.cmake
[1.343s] -- Up-to-date: /home/Judy/safmc_uwb/ros/install/uwb_msgs/share/uwb_msgs/cmake/uwb_msgs__rosidl_typesupport_cppExport.cmake
[1.343s] -- Up-to-date: /home/Judy/safmc_uwb/ros/install/uwb_msgs/share/uwb_msgs/cmake/uwb_msgs__rosidl_typesupport_cppExport-noconfig.cmake
[1.343s] -- Up-to-date: /home/Judy/safmc_uwb/ros/install/uwb_msgs/share/uwb_msgs/cmake/export_uwb_msgs__rosidl_generator_pyExport.cmake
[1.343s] -- Up-to-date: /home/Judy/safmc_uwb/ros/install/uwb_msgs/share/uwb_msgs/cmake/export_uwb_msgs__rosidl_generator_pyExport-noconfig.cmake
[1.343s] -- Up-to-date: /home/Judy/safmc_uwb/ros/install/uwb_msgs/share/uwb_msgs/cmake/rosidl_cmake-extras.cmake
[1.343s] -- Up-to-date: /home/Judy/safmc_uwb/ros/install/uwb_msgs/share/uwb_msgs/cmake/ament_cmake_export_dependencies-extras.cmake
[1.343s] -- Up-to-date: /home/Judy/safmc_uwb/ros/install/uwb_msgs/share/uwb_msgs/cmake/ament_cmake_export_include_directories-extras.cmake
[1.343s] -- Up-to-date: /home/Judy/safmc_uwb/ros/install/uwb_msgs/share/uwb_msgs/cmake/ament_cmake_export_libraries-extras.cmake
[1.343s] -- Up-to-date: /home/Judy/safmc_uwb/ros/install/uwb_msgs/share/uwb_msgs/cmake/ament_cmake_export_targets-extras.cmake
[1.343s] -- Up-to-date: /home/Judy/safmc_uwb/ros/install/uwb_msgs/share/uwb_msgs/cmake/rosidl_cmake_export_typesupport_targets-extras.cmake
[1.344s] -- Up-to-date: /home/Judy/safmc_uwb/ros/install/uwb_msgs/share/uwb_msgs/cmake/rosidl_cmake_export_typesupport_libraries-extras.cmake
[1.344s] -- Up-to-date: /home/Judy/safmc_uwb/ros/install/uwb_msgs/share/uwb_msgs/cmake/uwb_msgsConfig.cmake
[1.344s] -- Up-to-date: /home/Judy/safmc_uwb/ros/install/uwb_msgs/share/uwb_msgs/cmake/uwb_msgsConfig-version.cmake
[1.344s] -- Up-to-date: /home/Judy/safmc_uwb/ros/install/uwb_msgs/share/uwb_msgs/package.xml
[1.346s] Invoked command in '/home/Judy/safmc_uwb/ros/build/uwb_msgs' returned '0': CMAKE_PREFIX_PATH=${CMAKE_PREFIX_PATH}:/home/Judy/safmc_uwb/ros/install/uwb:/opt/ros/humble /usr/bin/cmake --install /home/Judy/safmc_uwb/ros/build/uwb_msgs
