[0.725s] Invoking command in '/workspace/safmc_uwb/ros/src/uwb': PYTHONPATH=/workspace/safmc_uwb/ros/build/uwb/prefix_override:/usr/lib/python3/dist-packages/colcon_core/task/python/colcon_distutils_commands:/workspace/safmc_uwb/ros/install/uwb/lib/python3.10/site-packages:${PYTHONPATH} /usr/bin/python3 -W ignore:setup.py install is deprecated -W ignore:easy_install command is deprecated setup.py egg_info --egg-base ../../build/uwb build --build-base /workspace/safmc_uwb/ros/build/uwb/build install --record /workspace/safmc_uwb/ros/build/uwb/install.log --single-version-externally-managed install_data
[1.062s] running egg_info
[1.063s] writing ../../build/uwb/uwb.egg-info/PKG-INFO
[1.064s] writing dependency_links to ../../build/uwb/uwb.egg-info/dependency_links.txt
[1.064s] writing entry points to ../../build/uwb/uwb.egg-info/entry_points.txt
[1.064s] writing requirements to ../../build/uwb/uwb.egg-info/requires.txt
[1.064s] writing top-level names to ../../build/uwb/uwb.egg-info/top_level.txt
[1.066s] reading manifest file '../../build/uwb/uwb.egg-info/SOURCES.txt'
[1.067s] writing manifest file '../../build/uwb/uwb.egg-info/SOURCES.txt'
[1.067s] running build
[1.067s] running build_py
[1.068s] copying uwb/uwb.py -> /workspace/safmc_uwb/ros/build/uwb/build/lib/uwb
[1.068s] copying uwb/uwb_5v8.py -> /workspace/safmc_uwb/ros/build/uwb/build/lib/uwb
[1.069s] running install
[1.069s] running install_lib
[1.071s] copying /workspace/safmc_uwb/ros/build/uwb/build/lib/uwb/uwb.py -> /workspace/safmc_uwb/ros/install/uwb/lib/python3.10/site-packages/uwb
[1.072s] copying /workspace/safmc_uwb/ros/build/uwb/build/lib/uwb/uwb_5v8.py -> /workspace/safmc_uwb/ros/install/uwb/lib/python3.10/site-packages/uwb
[1.073s] byte-compiling /workspace/safmc_uwb/ros/install/uwb/lib/python3.10/site-packages/uwb/uwb.py to uwb.cpython-310.pyc
[1.077s] byte-compiling /workspace/safmc_uwb/ros/install/uwb/lib/python3.10/site-packages/uwb/uwb_5v8.py to uwb_5v8.cpython-310.pyc
[1.082s] running install_data
[1.083s] running install_egg_info
[1.085s] removing '/workspace/safmc_uwb/ros/install/uwb/lib/python3.10/site-packages/uwb-0.0.0-py3.10.egg-info' (and everything under it)
[1.085s] Copying ../../build/uwb/uwb.egg-info to /workspace/safmc_uwb/ros/install/uwb/lib/python3.10/site-packages/uwb-0.0.0-py3.10.egg-info
[1.087s] running install_scripts
[1.113s] Installing uwb script to /workspace/safmc_uwb/ros/install/uwb/lib/uwb
[1.113s] writing list of installed files to '/workspace/safmc_uwb/ros/build/uwb/install.log'
[1.147s] Invoked command in '/workspace/safmc_uwb/ros/src/uwb' returned '0': PYTHONPATH=/workspace/safmc_uwb/ros/build/uwb/prefix_override:/usr/lib/python3/dist-packages/colcon_core/task/python/colcon_distutils_commands:/workspace/safmc_uwb/ros/install/uwb/lib/python3.10/site-packages:${PYTHONPATH} /usr/bin/python3 -W ignore:setup.py install is deprecated -W ignore:easy_install command is deprecated setup.py egg_info --egg-base ../../build/uwb build --build-base /workspace/safmc_uwb/ros/build/uwb/build install --record /workspace/safmc_uwb/ros/build/uwb/install.log --single-version-externally-managed install_data
