[0.058s] Invoking command in '/home/Judy/safmc_uwb/ros/build/msg_folder': CMAKE_PREFIX_PATH=/opt/ros/humble /usr/bin/cmake /home/Judy/safmc_uwb/ros/src/msg_folder -DCMAKE_INSTALL_PREFIX=/home/Judy/safmc_uwb/ros/install/msg_folder
[0.561s] -- The C compiler identification is GNU 11.4.0
[1.661s] -- The CXX compiler identification is GNU 11.4.0
[2.433s] -- Detecting C compiler ABI info
[2.755s] -- Detecting C compiler ABI info - done
[2.764s] -- Check for working C compiler: /usr/bin/cc - skipped
[2.801s] -- Detecting C compile features
[2.803s] -- Detecting C compile features - done
[2.809s] -- Detecting CXX compiler ABI info
[3.064s] -- Detecting CXX compiler ABI info - done
[3.073s] -- Check for working CXX compiler: /usr/bin/c++ - skipped
[3.073s] -- Detecting CXX compile features
[3.074s] -- Detecting CXX compile features - done
[3.134s] -- Found ament_cmake: 1.3.11 (/opt/ros/humble/share/ament_cmake/cmake)
[3.385s] -- Found Python3: /usr/bin/python3 (found version "3.10.12") found components: Interpreter 
[3.609s] -- Found rosidl_default_generators: 1.2.0 (/opt/ros/humble/share/rosidl_default_generators/cmake)
[3.619s] -- Using all available rosidl_typesupport_c: rosidl_typesupport_fastrtps_c;rosidl_typesupport_introspection_c
[3.637s] -- Found rosidl_adapter: 3.1.6 (/opt/ros/humble/share/rosidl_adapter/cmake)
[3.996s] -- Using all available rosidl_typesupport_cpp: rosidl_typesupport_fastrtps_cpp;rosidl_typesupport_introspection_cpp
[4.387s] [31mCMake Error at /opt/ros/humble/share/rosidl_cmake/cmake/rosidl_generate_interfaces.cmake:229 (message):
[4.388s]   Packages installing interfaces must include
[4.388s]   '<member_of_group>rosidl_interface_packages</member_of_group>' in their
[4.388s]   package.xml
[4.388s] Call Stack (most recent call first):
[4.388s]   CMakeLists.txt:16 (rosidl_generate_interfaces)
[4.388s] 
[4.388s] [0m
[4.388s] -- Configuring incomplete, errors occurred!
[4.388s] See also "/home/Judy/safmc_uwb/ros/build/msg_folder/CMakeFiles/CMakeOutput.log".
[4.404s] Invoked command in '/home/Judy/safmc_uwb/ros/build/msg_folder' returned '1': CMAKE_PREFIX_PATH=/opt/ros/humble /usr/bin/cmake /home/Judy/safmc_uwb/ros/src/msg_folder -DCMAKE_INSTALL_PREFIX=/home/Judy/safmc_uwb/ros/install/msg_folder
