[1.303s] Invoking command in '/home/Judy/safmc_uwb/ros/src/uwb': PYTHONPATH=/home/Judy/safmc_uwb/ros/build/uwb/prefix_override:/usr/lib/python3/dist-packages/colcon_core/task/python/colcon_distutils_commands:/home/Judy/safmc_uwb/ros/install/uwb/lib/python3.10/site-packages:${PYTHONPATH} /usr/bin/python3 -W ignore:setup.py install is deprecated -W ignore:easy_install command is deprecated setup.py egg_info --egg-base ../../build/uwb build --build-base /home/Judy/safmc_uwb/ros/build/uwb/build install --record /home/Judy/safmc_uwb/ros/build/uwb/install.log --single-version-externally-managed install_data
[1.697s] running egg_info
[1.698s] writing ../../build/uwb/uwb.egg-info/PKG-INFO
[1.699s] writing dependency_links to ../../build/uwb/uwb.egg-info/dependency_links.txt
[1.700s] writing entry points to ../../build/uwb/uwb.egg-info/entry_points.txt
[1.700s] writing requirements to ../../build/uwb/uwb.egg-info/requires.txt
[1.700s] writing top-level names to ../../build/uwb/uwb.egg-info/top_level.txt
[1.704s] reading manifest file '../../build/uwb/uwb.egg-info/SOURCES.txt'
[1.706s] writing manifest file '../../build/uwb/uwb.egg-info/SOURCES.txt'
[1.706s] running build
[1.706s] running build_py
[1.706s] copying uwb/build_3D_coord.py -> /home/Judy/safmc_uwb/ros/build/uwb/build/lib/uwb
[1.707s] copying uwb/uwb_rewrite_2.py -> /home/Judy/safmc_uwb/ros/build/uwb/build/lib/uwb
[1.708s] running install
[1.709s] running install_lib
[1.710s] copying /home/Judy/safmc_uwb/ros/build/uwb/build/lib/uwb/build_3D_coord.py -> /home/Judy/safmc_uwb/ros/install/uwb/lib/python3.10/site-packages/uwb
[1.710s] copying /home/Judy/safmc_uwb/ros/build/uwb/build/lib/uwb/uwb_rewrite_2.py -> /home/Judy/safmc_uwb/ros/install/uwb/lib/python3.10/site-packages/uwb
[1.712s] byte-compiling /home/Judy/safmc_uwb/ros/install/uwb/lib/python3.10/site-packages/uwb/build_3D_coord.py to build_3D_coord.cpython-310.pyc
[1.714s] byte-compiling /home/Judy/safmc_uwb/ros/install/uwb/lib/python3.10/site-packages/uwb/uwb_rewrite_2.py to uwb_rewrite_2.cpython-310.pyc
[1.731s]   File "/home/Judy/safmc_uwb/ros/install/uwb/lib/python3.10/site-packages/uwb/uwb_rewrite_2.py", line 284
[1.731s]     = distance_matrix[i][0] 
[1.731s]     ^
[1.731s] SyntaxError: invalid syntax
[1.732s] 
[1.732s] running install_data
[1.732s] running install_egg_info
[1.735s] removing '/home/Judy/safmc_uwb/ros/install/uwb/lib/python3.10/site-packages/uwb-0.0.0-py3.10.egg-info' (and everything under it)
[1.736s] Copying ../../build/uwb/uwb.egg-info to /home/Judy/safmc_uwb/ros/install/uwb/lib/python3.10/site-packages/uwb-0.0.0-py3.10.egg-info
[1.744s] running install_scripts
[1.789s] Installing uwb script to /home/Judy/safmc_uwb/ros/install/uwb/lib/uwb
[1.789s] writing list of installed files to '/home/Judy/safmc_uwb/ros/build/uwb/install.log'
[1.829s] Invoked command in '/home/Judy/safmc_uwb/ros/src/uwb' returned '0': PYTHONPATH=/home/Judy/safmc_uwb/ros/build/uwb/prefix_override:/usr/lib/python3/dist-packages/colcon_core/task/python/colcon_distutils_commands:/home/Judy/safmc_uwb/ros/install/uwb/lib/python3.10/site-packages:${PYTHONPATH} /usr/bin/python3 -W ignore:setup.py install is deprecated -W ignore:easy_install command is deprecated setup.py egg_info --egg-base ../../build/uwb build --build-base /home/Judy/safmc_uwb/ros/build/uwb/build install --record /home/Judy/safmc_uwb/ros/build/uwb/install.log --single-version-externally-managed install_data
