[0.978s] Invoking command in '/workspace/safmc_uwb/ros/src/uwb': PYTHONPATH=/workspace/safmc_uwb/ros/build/uwb/prefix_override:/usr/lib/python3/dist-packages/colcon_core/task/python/colcon_distutils_commands:/workspace/safmc_uwb/ros/install/uwb/lib/python3.10/site-packages:${PYTHONPATH} /usr/bin/python3 -W ignore:setup.py install is deprecated -W ignore:easy_install command is deprecated setup.py egg_info --egg-base ../../build/uwb build --build-base /workspace/safmc_uwb/ros/build/uwb/build install --record /workspace/safmc_uwb/ros/build/uwb/install.log --single-version-externally-managed install_data
[1.355s] running egg_info
[1.356s] writing ../../build/uwb/uwb.egg-info/PKG-INFO
[1.357s] writing dependency_links to ../../build/uwb/uwb.egg-info/dependency_links.txt
[1.357s] writing entry points to ../../build/uwb/uwb.egg-info/entry_points.txt
[1.357s] writing requirements to ../../build/uwb/uwb.egg-info/requires.txt
[1.357s] writing top-level names to ../../build/uwb/uwb.egg-info/top_level.txt
[1.360s] reading manifest file '../../build/uwb/uwb.egg-info/SOURCES.txt'
[1.362s] writing manifest file '../../build/uwb/uwb.egg-info/SOURCES.txt'
[1.362s] running build
[1.362s] running build_py
[1.363s] running install
[1.364s] running install_lib
[1.367s] byte-compiling /workspace/safmc_uwb/ros/install/uwb/lib/python3.10/site-packages/uwb/uwb.py to uwb.cpython-310.pyc
[1.371s] running install_data
[1.371s] running install_egg_info
[1.374s] removing '/workspace/safmc_uwb/ros/install/uwb/lib/python3.10/site-packages/uwb-0.0.0-py3.10.egg-info' (and everything under it)
[1.375s] Copying ../../build/uwb/uwb.egg-info to /workspace/safmc_uwb/ros/install/uwb/lib/python3.10/site-packages/uwb-0.0.0-py3.10.egg-info
[1.377s] running install_scripts
[1.406s] Installing uwb script to /workspace/safmc_uwb/ros/install/uwb/lib/uwb
[1.406s] writing list of installed files to '/workspace/safmc_uwb/ros/build/uwb/install.log'
[1.444s] Invoked command in '/workspace/safmc_uwb/ros/src/uwb' returned '0': PYTHONPATH=/workspace/safmc_uwb/ros/build/uwb/prefix_override:/usr/lib/python3/dist-packages/colcon_core/task/python/colcon_distutils_commands:/workspace/safmc_uwb/ros/install/uwb/lib/python3.10/site-packages:${PYTHONPATH} /usr/bin/python3 -W ignore:setup.py install is deprecated -W ignore:easy_install command is deprecated setup.py egg_info --egg-base ../../build/uwb build --build-base /workspace/safmc_uwb/ros/build/uwb/build install --record /workspace/safmc_uwb/ros/build/uwb/install.log --single-version-externally-managed install_data
