[0.025s] Invoking command in '/home/Judy/safmc_uwb/ros/build/msg_folder': CMAKE_PREFIX_PATH=/opt/ros/humble /usr/bin/cmake /home/Judy/safmc_uwb/ros/src/msg_folder -DCMAKE_INSTALL_PREFIX=/home/Judy/safmc_uwb/ros/install/msg_folder
[0.042s] -- Found ament_cmake: 1.3.11 (/opt/ros/humble/share/ament_cmake/cmake)
[0.218s] -- Found rosidl_default_generators: 1.2.0 (/opt/ros/humble/share/rosidl_default_generators/cmake)
[0.221s] -- Using all available rosidl_typesupport_c: rosidl_typesupport_fastrtps_c;rosidl_typesupport_introspection_c
[0.226s] -- Found rosidl_adapter: 3.1.6 (/opt/ros/humble/share/rosidl_adapter/cmake)
[0.486s] -- Using all available rosidl_typesupport_cpp: rosidl_typesupport_fastrtps_cpp;rosidl_typesupport_introspection_cpp
[0.842s] -- Found ament_cmake_ros: 0.10.0 (/opt/ros/humble/share/ament_cmake_ros/cmake)
[1.143s] -- Using all available rosidl_typesupport_c: rosidl_typesupport_fastrtps_c;rosidl_typesupport_introspection_c
[1.493s] -- Using all available rosidl_typesupport_cpp: rosidl_typesupport_fastrtps_cpp;rosidl_typesupport_introspection_cpp
[1.759s] -- Found PythonInterp: /usr/bin/python3 (found suitable version "3.10.12", minimum required is "3.6") 
[1.763s] -- Found python_cmake_module: 0.10.0 (/opt/ros/humble/share/python_cmake_module/cmake)
[2.536s] -- Found PythonLibs: /usr/lib/x86_64-linux-gnu/libpython3.10.so (found suitable version "3.10.12", minimum required is "3.5") 
[2.536s] -- Using PYTHON_EXECUTABLE: /usr/bin/python3
[2.536s] -- Using PYTHON_INCLUDE_DIRS: /usr/include/python3.10
[2.536s] -- Using PYTHON_LIBRARIES: /usr/lib/x86_64-linux-gnu/libpython3.10.so
[2.561s] -- Found PythonExtra: .so  
[2.697s] -- Found ament_lint_auto: 0.12.11 (/opt/ros/humble/share/ament_lint_auto/cmake)
[2.757s] -- Added test 'lint_cmake' to check CMake code style
[2.760s] -- Added test 'xmllint' to check XML markup files
[2.767s] -- Configuring done
[2.840s] -- Generating done
[2.854s] -- Build files have been written to: /home/Judy/safmc_uwb/ros/build/msg_folder
[2.864s] Invoked command in '/home/Judy/safmc_uwb/ros/build/msg_folder' returned '0': CMAKE_PREFIX_PATH=/opt/ros/humble /usr/bin/cmake /home/Judy/safmc_uwb/ros/src/msg_folder -DCMAKE_INSTALL_PREFIX=/home/Judy/safmc_uwb/ros/install/msg_folder
[2.867s] Invoking command in '/home/Judy/safmc_uwb/ros/build/msg_folder': CMAKE_PREFIX_PATH=/opt/ros/humble /usr/bin/cmake --build /home/Judy/safmc_uwb/ros/build/msg_folder -- -j12 -l12
[2.914s] [  3%] [34m[1mGenerating C code for ROS interfaces[0m
[2.931s] [  6%] [34m[1mGenerating C++ code for ROS interfaces[0m
[2.942s] [  6%] Built target ament_cmake_python_copy_msg_folder
[3.313s] [  6%] Built target msg_folder__cpp
[3.327s] [  9%] [34m[1mGenerating C++ type support for eProsima Fast-RTPS[0m
[3.327s] [ 12%] [34m[1mGenerating C++ type support dispatch for ROS interfaces[0m
[3.327s] [ 16%] [34m[1mGenerating C++ introspection for ROS interfaces[0m
[3.337s] [ 19%] [32mBuilding C object CMakeFiles/msg_folder__rosidl_generator_c.dir/rosidl_generator_c/msg_folder/msg/detail/uwb_msg__functions.c.o[0m
[3.351s] running egg_info
[3.352s] creating msg_folder.egg-info
[3.353s] writing msg_folder.egg-info/PKG-INFO
[3.353s] writing dependency_links to msg_folder.egg-info/dependency_links.txt
[3.353s] writing top-level names to msg_folder.egg-info/top_level.txt
[3.354s] writing manifest file 'msg_folder.egg-info/SOURCES.txt'
[3.358s] reading manifest file 'msg_folder.egg-info/SOURCES.txt'
[3.358s] writing manifest file 'msg_folder.egg-info/SOURCES.txt'
[3.401s] [ 19%] Built target ament_cmake_python_build_msg_folder_egg
[3.438s] [ 22%] [32m[1mLinking C shared library libmsg_folder__rosidl_generator_c.so[0m
[3.629s] [ 25%] [32mBuilding CXX object CMakeFiles/msg_folder__rosidl_typesupport_cpp.dir/rosidl_typesupport_cpp/msg_folder/msg/uwb_msg__type_support.cpp.o[0m
[3.646s] [ 25%] Built target msg_folder__rosidl_generator_c
[3.657s] [ 29%] [32mBuilding CXX object CMakeFiles/msg_folder__rosidl_typesupport_introspection_cpp.dir/rosidl_typesupport_introspection_cpp/msg_folder/msg/detail/uwb_msg__type_support.cpp.o[0m
[3.659s] [ 35%] [34m[1mGenerating C introspection for ROS interfaces[0m
[3.659s] [ 35%] [34m[1mGenerating C type support for eProsima Fast-RTPS[0m
[3.660s] [ 38%] [34m[1mGenerating C type support dispatch for ROS interfaces[0m
[3.663s] [ 41%] [32mBuilding CXX object CMakeFiles/msg_folder__rosidl_typesupport_fastrtps_cpp.dir/rosidl_typesupport_fastrtps_cpp/msg_folder/msg/detail/dds_fastrtps/uwb_msg__type_support.cpp.o[0m
[4.008s] [ 45%] [32mBuilding CXX object CMakeFiles/msg_folder__rosidl_typesupport_c.dir/rosidl_typesupport_c/msg_folder/msg/uwb_msg__type_support.cpp.o[0m
[4.043s] [ 51%] [32mBuilding C object CMakeFiles/msg_folder__rosidl_typesupport_introspection_c.dir/rosidl_typesupport_introspection_c/msg_folder/msg/detail/uwb_msg__type_support.c.o[0m
[4.043s] [ 51%] [32mBuilding CXX object CMakeFiles/msg_folder__rosidl_typesupport_fastrtps_c.dir/rosidl_typesupport_fastrtps_c/msg_folder/msg/detail/uwb_msg__type_support_c.cpp.o[0m
[4.079s] [ 54%] [32m[1mLinking CXX shared library libmsg_folder__rosidl_typesupport_c.so[0m
[4.091s] [ 58%] [32m[1mLinking C shared library libmsg_folder__rosidl_typesupport_introspection_c.so[0m
[4.153s] [ 61%] [32m[1mLinking CXX shared library libmsg_folder__rosidl_typesupport_cpp.so[0m
[4.287s] [ 61%] Built target msg_folder__rosidl_typesupport_introspection_c
[4.308s] [ 61%] Built target msg_folder__rosidl_typesupport_c
[4.354s] [ 64%] [32m[1mLinking CXX shared library libmsg_folder__rosidl_typesupport_introspection_cpp.so[0m
[4.369s] [ 67%] [32m[1mLinking CXX shared library libmsg_folder__rosidl_typesupport_fastrtps_cpp.so[0m
[4.387s] [ 67%] Built target msg_folder__rosidl_typesupport_cpp
[4.567s] [ 70%] [32m[1mLinking CXX shared library libmsg_folder__rosidl_typesupport_fastrtps_c.so[0m
[4.621s] [ 70%] Built target msg_folder__rosidl_typesupport_introspection_cpp
[4.672s] [ 70%] Built target msg_folder__rosidl_typesupport_fastrtps_cpp
[4.832s] [ 70%] Built target msg_folder__rosidl_typesupport_fastrtps_c
[4.858s] [ 70%] Built target msg_folder
[4.885s] [ 74%] [34m[1mGenerating Python code for ROS interfaces[0m
[5.288s] [ 74%] Built target msg_folder__py
[5.311s] [ 77%] [32mBuilding C object CMakeFiles/msg_folder__rosidl_generator_py.dir/rosidl_generator_py/msg_folder/msg/_uwb_msg_s.c.o[0m
[5.496s] [ 80%] [32m[1mLinking C shared library rosidl_generator_py/msg_folder/libmsg_folder__rosidl_generator_py.so[0m
[5.729s] [ 80%] Built target msg_folder__rosidl_generator_py
[5.760s] [ 87%] [32mBuilding C object CMakeFiles/msg_folder__rosidl_typesupport_fastrtps_c__pyext.dir/rosidl_generator_py/msg_folder/_msg_folder_s.ep.rosidl_typesupport_fastrtps_c.c.o[0m
[5.761s] [ 87%] [32mBuilding C object CMakeFiles/msg_folder__rosidl_typesupport_introspection_c__pyext.dir/rosidl_generator_py/msg_folder/_msg_folder_s.ep.rosidl_typesupport_introspection_c.c.o[0m
[5.761s] [ 90%] [32mBuilding C object CMakeFiles/msg_folder__rosidl_typesupport_c__pyext.dir/rosidl_generator_py/msg_folder/_msg_folder_s.ep.rosidl_typesupport_c.c.o[0m
[5.899s] [ 93%] [32m[1mLinking C shared library rosidl_generator_py/msg_folder/msg_folder_s__rosidl_typesupport_fastrtps_c.cpython-310-x86_64-linux-gnu.so[0m
[5.899s] [ 96%] [32m[1mLinking C shared library rosidl_generator_py/msg_folder/msg_folder_s__rosidl_typesupport_c.cpython-310-x86_64-linux-gnu.so[0m
[5.900s] [100%] [32m[1mLinking C shared library rosidl_generator_py/msg_folder/msg_folder_s__rosidl_typesupport_introspection_c.cpython-310-x86_64-linux-gnu.so[0m
[6.052s] [100%] Built target msg_folder__rosidl_typesupport_c__pyext
[6.052s] [100%] Built target msg_folder__rosidl_typesupport_introspection_c__pyext
[6.052s] [100%] Built target msg_folder__rosidl_typesupport_fastrtps_c__pyext
[6.067s] Invoked command in '/home/Judy/safmc_uwb/ros/build/msg_folder' returned '0': CMAKE_PREFIX_PATH=/opt/ros/humble /usr/bin/cmake --build /home/Judy/safmc_uwb/ros/build/msg_folder -- -j12 -l12
[6.081s] Invoking command in '/home/Judy/safmc_uwb/ros/build/msg_folder': CMAKE_PREFIX_PATH=/opt/ros/humble /usr/bin/cmake --install /home/Judy/safmc_uwb/ros/build/msg_folder
[6.091s] -- Install configuration: ""
[6.092s] -- Installing: /home/Judy/safmc_uwb/ros/install/msg_folder/share/ament_index/resource_index/rosidl_interfaces/msg_folder
[6.092s] -- Installing: /home/Judy/safmc_uwb/ros/install/msg_folder/include/msg_folder/msg_folder
[6.093s] -- Installing: /home/Judy/safmc_uwb/ros/install/msg_folder/include/msg_folder/msg_folder/msg
[6.094s] -- Installing: /home/Judy/safmc_uwb/ros/install/msg_folder/include/msg_folder/msg_folder/msg/detail
[6.094s] -- Installing: /home/Judy/safmc_uwb/ros/install/msg_folder/include/msg_folder/msg_folder/msg/detail/uwb_msg__struct.h
[6.094s] -- Installing: /home/Judy/safmc_uwb/ros/install/msg_folder/include/msg_folder/msg_folder/msg/detail/uwb_msg__functions.c
[6.095s] -- Installing: /home/Judy/safmc_uwb/ros/install/msg_folder/include/msg_folder/msg_folder/msg/detail/uwb_msg__functions.h
[6.095s] -- Installing: /home/Judy/safmc_uwb/ros/install/msg_folder/include/msg_folder/msg_folder/msg/detail/uwb_msg__type_support.h
[6.095s] -- Installing: /home/Judy/safmc_uwb/ros/install/msg_folder/include/msg_folder/msg_folder/msg/uwb_msg.h
[6.096s] -- Installing: /home/Judy/safmc_uwb/ros/install/msg_folder/include/msg_folder/msg_folder/msg/rosidl_generator_c__visibility_control.h
[6.096s] -- Installing: /home/Judy/safmc_uwb/ros/install/msg_folder/share/msg_folder/environment/library_path.sh
[6.097s] -- Installing: /home/Judy/safmc_uwb/ros/install/msg_folder/share/msg_folder/environment/library_path.dsv
[6.097s] -- Installing: /home/Judy/safmc_uwb/ros/install/msg_folder/lib/libmsg_folder__rosidl_generator_c.so
[6.098s] -- Set runtime path of "/home/Judy/safmc_uwb/ros/install/msg_folder/lib/libmsg_folder__rosidl_generator_c.so" to ""
[6.098s] -- Up-to-date: /home/Judy/safmc_uwb/ros/install/msg_folder/include/msg_folder/msg_folder
[6.099s] -- Up-to-date: /home/Judy/safmc_uwb/ros/install/msg_folder/include/msg_folder/msg_folder/msg
[6.099s] -- Installing: /home/Judy/safmc_uwb/ros/install/msg_folder/include/msg_folder/msg_folder/msg/rosidl_typesupport_fastrtps_c__visibility_control.h
[6.099s] -- Up-to-date: /home/Judy/safmc_uwb/ros/install/msg_folder/include/msg_folder/msg_folder/msg/detail
[6.099s] -- Installing: /home/Judy/safmc_uwb/ros/install/msg_folder/include/msg_folder/msg_folder/msg/detail/uwb_msg__rosidl_typesupport_fastrtps_c.h
[6.099s] -- Installing: /home/Judy/safmc_uwb/ros/install/msg_folder/lib/libmsg_folder__rosidl_typesupport_fastrtps_c.so
[6.100s] -- Set runtime path of "/home/Judy/safmc_uwb/ros/install/msg_folder/lib/libmsg_folder__rosidl_typesupport_fastrtps_c.so" to ""
[6.100s] -- Up-to-date: /home/Judy/safmc_uwb/ros/install/msg_folder/include/msg_folder/msg_folder
[6.100s] -- Up-to-date: /home/Judy/safmc_uwb/ros/install/msg_folder/include/msg_folder/msg_folder/msg
[6.101s] -- Up-to-date: /home/Judy/safmc_uwb/ros/install/msg_folder/include/msg_folder/msg_folder/msg/detail
[6.101s] -- Installing: /home/Judy/safmc_uwb/ros/install/msg_folder/include/msg_folder/msg_folder/msg/detail/uwb_msg__type_support.c
[6.101s] -- Installing: /home/Judy/safmc_uwb/ros/install/msg_folder/include/msg_folder/msg_folder/msg/detail/uwb_msg__rosidl_typesupport_introspection_c.h
[6.101s] -- Installing: /home/Judy/safmc_uwb/ros/install/msg_folder/include/msg_folder/msg_folder/msg/rosidl_typesupport_introspection_c__visibility_control.h
[6.101s] -- Installing: /home/Judy/safmc_uwb/ros/install/msg_folder/lib/libmsg_folder__rosidl_typesupport_introspection_c.so
[6.102s] -- Set runtime path of "/home/Judy/safmc_uwb/ros/install/msg_folder/lib/libmsg_folder__rosidl_typesupport_introspection_c.so" to ""
[6.102s] -- Installing: /home/Judy/safmc_uwb/ros/install/msg_folder/lib/libmsg_folder__rosidl_typesupport_c.so
[6.103s] -- Set runtime path of "/home/Judy/safmc_uwb/ros/install/msg_folder/lib/libmsg_folder__rosidl_typesupport_c.so" to ""
[6.103s] -- Up-to-date: /home/Judy/safmc_uwb/ros/install/msg_folder/include/msg_folder/msg_folder
[6.103s] -- Up-to-date: /home/Judy/safmc_uwb/ros/install/msg_folder/include/msg_folder/msg_folder/msg
[6.103s] -- Up-to-date: /home/Judy/safmc_uwb/ros/install/msg_folder/include/msg_folder/msg_folder/msg/detail
[6.104s] -- Installing: /home/Judy/safmc_uwb/ros/install/msg_folder/include/msg_folder/msg_folder/msg/detail/uwb_msg__builder.hpp
[6.104s] -- Installing: /home/Judy/safmc_uwb/ros/install/msg_folder/include/msg_folder/msg_folder/msg/detail/uwb_msg__traits.hpp
[6.104s] -- Installing: /home/Judy/safmc_uwb/ros/install/msg_folder/include/msg_folder/msg_folder/msg/detail/uwb_msg__struct.hpp
[6.105s] -- Installing: /home/Judy/safmc_uwb/ros/install/msg_folder/include/msg_folder/msg_folder/msg/detail/uwb_msg__type_support.hpp
[6.105s] -- Installing: /home/Judy/safmc_uwb/ros/install/msg_folder/include/msg_folder/msg_folder/msg/rosidl_generator_cpp__visibility_control.hpp
[6.105s] -- Installing: /home/Judy/safmc_uwb/ros/install/msg_folder/include/msg_folder/msg_folder/msg/uwb_msg.hpp
[6.105s] -- Up-to-date: /home/Judy/safmc_uwb/ros/install/msg_folder/include/msg_folder/msg_folder
[6.105s] -- Up-to-date: /home/Judy/safmc_uwb/ros/install/msg_folder/include/msg_folder/msg_folder/msg
[6.105s] -- Installing: /home/Judy/safmc_uwb/ros/install/msg_folder/include/msg_folder/msg_folder/msg/rosidl_typesupport_fastrtps_cpp__visibility_control.h
[6.105s] -- Up-to-date: /home/Judy/safmc_uwb/ros/install/msg_folder/include/msg_folder/msg_folder/msg/detail
[6.106s] -- Installing: /home/Judy/safmc_uwb/ros/install/msg_folder/include/msg_folder/msg_folder/msg/detail/uwb_msg__rosidl_typesupport_fastrtps_cpp.hpp
[6.106s] -- Installing: /home/Judy/safmc_uwb/ros/install/msg_folder/include/msg_folder/msg_folder/msg/detail/dds_fastrtps
[6.106s] -- Installing: /home/Judy/safmc_uwb/ros/install/msg_folder/lib/libmsg_folder__rosidl_typesupport_fastrtps_cpp.so
[6.107s] -- Set runtime path of "/home/Judy/safmc_uwb/ros/install/msg_folder/lib/libmsg_folder__rosidl_typesupport_fastrtps_cpp.so" to ""
[6.107s] -- Up-to-date: /home/Judy/safmc_uwb/ros/install/msg_folder/include/msg_folder/msg_folder
[6.107s] -- Up-to-date: /home/Judy/safmc_uwb/ros/install/msg_folder/include/msg_folder/msg_folder/msg
[6.108s] -- Up-to-date: /home/Judy/safmc_uwb/ros/install/msg_folder/include/msg_folder/msg_folder/msg/detail
[6.108s] -- Installing: /home/Judy/safmc_uwb/ros/install/msg_folder/include/msg_folder/msg_folder/msg/detail/uwb_msg__type_support.cpp
[6.108s] -- Installing: /home/Judy/safmc_uwb/ros/install/msg_folder/include/msg_folder/msg_folder/msg/detail/uwb_msg__rosidl_typesupport_introspection_cpp.hpp
[6.108s] -- Installing: /home/Judy/safmc_uwb/ros/install/msg_folder/lib/libmsg_folder__rosidl_typesupport_introspection_cpp.so
[6.109s] -- Set runtime path of "/home/Judy/safmc_uwb/ros/install/msg_folder/lib/libmsg_folder__rosidl_typesupport_introspection_cpp.so" to ""
[6.109s] -- Installing: /home/Judy/safmc_uwb/ros/install/msg_folder/lib/libmsg_folder__rosidl_typesupport_cpp.so
[6.109s] -- Set runtime path of "/home/Judy/safmc_uwb/ros/install/msg_folder/lib/libmsg_folder__rosidl_typesupport_cpp.so" to ""
[6.109s] -- Installing: /home/Judy/safmc_uwb/ros/install/msg_folder/share/msg_folder/environment/pythonpath.sh
[6.109s] -- Installing: /home/Judy/safmc_uwb/ros/install/msg_folder/share/msg_folder/environment/pythonpath.dsv
[6.110s] -- Installing: /home/Judy/safmc_uwb/ros/install/msg_folder/local/lib/python3.10/dist-packages/msg_folder-0.0.0-py3.10.egg-info
[6.110s] -- Installing: /home/Judy/safmc_uwb/ros/install/msg_folder/local/lib/python3.10/dist-packages/msg_folder-0.0.0-py3.10.egg-info/top_level.txt
[6.111s] -- Installing: /home/Judy/safmc_uwb/ros/install/msg_folder/local/lib/python3.10/dist-packages/msg_folder-0.0.0-py3.10.egg-info/SOURCES.txt
[6.111s] -- Installing: /home/Judy/safmc_uwb/ros/install/msg_folder/local/lib/python3.10/dist-packages/msg_folder-0.0.0-py3.10.egg-info/PKG-INFO
[6.111s] -- Installing: /home/Judy/safmc_uwb/ros/install/msg_folder/local/lib/python3.10/dist-packages/msg_folder-0.0.0-py3.10.egg-info/dependency_links.txt
[6.112s] -- Installing: /home/Judy/safmc_uwb/ros/install/msg_folder/local/lib/python3.10/dist-packages/msg_folder
[6.112s] -- Installing: /home/Judy/safmc_uwb/ros/install/msg_folder/local/lib/python3.10/dist-packages/msg_folder/_msg_folder_s.ep.rosidl_typesupport_introspection_c.c
[6.112s] -- Installing: /home/Judy/safmc_uwb/ros/install/msg_folder/local/lib/python3.10/dist-packages/msg_folder/msg
[6.113s] -- Installing: /home/Judy/safmc_uwb/ros/install/msg_folder/local/lib/python3.10/dist-packages/msg_folder/msg/_uwb_msg.py
[6.113s] -- Installing: /home/Judy/safmc_uwb/ros/install/msg_folder/local/lib/python3.10/dist-packages/msg_folder/msg/_uwb_msg_s.c
[6.113s] -- Installing: /home/Judy/safmc_uwb/ros/install/msg_folder/local/lib/python3.10/dist-packages/msg_folder/msg/__init__.py
[6.130s] -- Installing: /home/Judy/safmc_uwb/ros/install/msg_folder/local/lib/python3.10/dist-packages/msg_folder/msg_folder_s__rosidl_typesupport_introspection_c.cpython-310-x86_64-linux-gnu.so
[6.131s] -- Installing: /home/Judy/safmc_uwb/ros/install/msg_folder/local/lib/python3.10/dist-packages/msg_folder/libmsg_folder__rosidl_generator_py.so
[6.131s] -- Installing: /home/Judy/safmc_uwb/ros/install/msg_folder/local/lib/python3.10/dist-packages/msg_folder/_msg_folder_s.ep.rosidl_typesupport_fastrtps_c.c
[6.131s] -- Installing: /home/Judy/safmc_uwb/ros/install/msg_folder/local/lib/python3.10/dist-packages/msg_folder/msg_folder_s__rosidl_typesupport_c.cpython-310-x86_64-linux-gnu.so
[6.132s] -- Installing: /home/Judy/safmc_uwb/ros/install/msg_folder/local/lib/python3.10/dist-packages/msg_folder/_msg_folder_s.ep.rosidl_typesupport_c.c
[6.132s] -- Installing: /home/Judy/safmc_uwb/ros/install/msg_folder/local/lib/python3.10/dist-packages/msg_folder/__init__.py
[6.132s] -- Installing: /home/Judy/safmc_uwb/ros/install/msg_folder/local/lib/python3.10/dist-packages/msg_folder/msg_folder_s__rosidl_typesupport_fastrtps_c.cpython-310-x86_64-linux-gnu.so
[6.182s] Listing '/home/Judy/safmc_uwb/ros/install/msg_folder/local/lib/python3.10/dist-packages/msg_folder'...
[6.182s] Compiling '/home/Judy/safmc_uwb/ros/install/msg_folder/local/lib/python3.10/dist-packages/msg_folder/__init__.py'...
[6.183s] Listing '/home/Judy/safmc_uwb/ros/install/msg_folder/local/lib/python3.10/dist-packages/msg_folder/msg'...
[6.183s] Compiling '/home/Judy/safmc_uwb/ros/install/msg_folder/local/lib/python3.10/dist-packages/msg_folder/msg/__init__.py'...
[6.183s] Compiling '/home/Judy/safmc_uwb/ros/install/msg_folder/local/lib/python3.10/dist-packages/msg_folder/msg/_uwb_msg.py'...
[6.189s] -- Installing: /home/Judy/safmc_uwb/ros/install/msg_folder/local/lib/python3.10/dist-packages/msg_folder/msg_folder_s__rosidl_typesupport_fastrtps_c.cpython-310-x86_64-linux-gnu.so
[6.189s] -- Set runtime path of "/home/Judy/safmc_uwb/ros/install/msg_folder/local/lib/python3.10/dist-packages/msg_folder/msg_folder_s__rosidl_typesupport_fastrtps_c.cpython-310-x86_64-linux-gnu.so" to ""
[6.190s] -- Installing: /home/Judy/safmc_uwb/ros/install/msg_folder/local/lib/python3.10/dist-packages/msg_folder/msg_folder_s__rosidl_typesupport_introspection_c.cpython-310-x86_64-linux-gnu.so
[6.190s] -- Set runtime path of "/home/Judy/safmc_uwb/ros/install/msg_folder/local/lib/python3.10/dist-packages/msg_folder/msg_folder_s__rosidl_typesupport_introspection_c.cpython-310-x86_64-linux-gnu.so" to ""
[6.190s] -- Installing: /home/Judy/safmc_uwb/ros/install/msg_folder/local/lib/python3.10/dist-packages/msg_folder/msg_folder_s__rosidl_typesupport_c.cpython-310-x86_64-linux-gnu.so
[6.191s] -- Set runtime path of "/home/Judy/safmc_uwb/ros/install/msg_folder/local/lib/python3.10/dist-packages/msg_folder/msg_folder_s__rosidl_typesupport_c.cpython-310-x86_64-linux-gnu.so" to ""
[6.191s] -- Installing: /home/Judy/safmc_uwb/ros/install/msg_folder/lib/libmsg_folder__rosidl_generator_py.so
[6.192s] -- Set runtime path of "/home/Judy/safmc_uwb/ros/install/msg_folder/lib/libmsg_folder__rosidl_generator_py.so" to ""
[6.192s] -- Installing: /home/Judy/safmc_uwb/ros/install/msg_folder/share/msg_folder/msg/UwbMsg.idl
[6.193s] -- Installing: /home/Judy/safmc_uwb/ros/install/msg_folder/share/msg_folder/msg/UwbMsg.msg
[6.193s] -- Installing: /home/Judy/safmc_uwb/ros/install/msg_folder/share/ament_index/resource_index/package_run_dependencies/msg_folder
[6.194s] -- Installing: /home/Judy/safmc_uwb/ros/install/msg_folder/share/ament_index/resource_index/parent_prefix_path/msg_folder
[6.194s] -- Installing: /home/Judy/safmc_uwb/ros/install/msg_folder/share/msg_folder/environment/ament_prefix_path.sh
[6.194s] -- Installing: /home/Judy/safmc_uwb/ros/install/msg_folder/share/msg_folder/environment/ament_prefix_path.dsv
[6.194s] -- Installing: /home/Judy/safmc_uwb/ros/install/msg_folder/share/msg_folder/environment/path.sh
[6.195s] -- Installing: /home/Judy/safmc_uwb/ros/install/msg_folder/share/msg_folder/environment/path.dsv
[6.195s] -- Installing: /home/Judy/safmc_uwb/ros/install/msg_folder/share/msg_folder/local_setup.bash
[6.195s] -- Installing: /home/Judy/safmc_uwb/ros/install/msg_folder/share/msg_folder/local_setup.sh
[6.195s] -- Installing: /home/Judy/safmc_uwb/ros/install/msg_folder/share/msg_folder/local_setup.zsh
[6.196s] -- Installing: /home/Judy/safmc_uwb/ros/install/msg_folder/share/msg_folder/local_setup.dsv
[6.196s] -- Installing: /home/Judy/safmc_uwb/ros/install/msg_folder/share/msg_folder/package.dsv
[6.196s] -- Installing: /home/Judy/safmc_uwb/ros/install/msg_folder/share/ament_index/resource_index/packages/msg_folder
[6.197s] -- Installing: /home/Judy/safmc_uwb/ros/install/msg_folder/share/msg_folder/cmake/export_msg_folder__rosidl_generator_cExport.cmake
[6.197s] -- Installing: /home/Judy/safmc_uwb/ros/install/msg_folder/share/msg_folder/cmake/export_msg_folder__rosidl_generator_cExport-noconfig.cmake
[6.198s] -- Installing: /home/Judy/safmc_uwb/ros/install/msg_folder/share/msg_folder/cmake/export_msg_folder__rosidl_typesupport_fastrtps_cExport.cmake
[6.198s] -- Installing: /home/Judy/safmc_uwb/ros/install/msg_folder/share/msg_folder/cmake/export_msg_folder__rosidl_typesupport_fastrtps_cExport-noconfig.cmake
[6.198s] -- Installing: /home/Judy/safmc_uwb/ros/install/msg_folder/share/msg_folder/cmake/msg_folder__rosidl_typesupport_introspection_cExport.cmake
[6.199s] -- Installing: /home/Judy/safmc_uwb/ros/install/msg_folder/share/msg_folder/cmake/msg_folder__rosidl_typesupport_introspection_cExport-noconfig.cmake
[6.199s] -- Installing: /home/Judy/safmc_uwb/ros/install/msg_folder/share/msg_folder/cmake/msg_folder__rosidl_typesupport_cExport.cmake
[6.199s] -- Installing: /home/Judy/safmc_uwb/ros/install/msg_folder/share/msg_folder/cmake/msg_folder__rosidl_typesupport_cExport-noconfig.cmake
[6.199s] -- Installing: /home/Judy/safmc_uwb/ros/install/msg_folder/share/msg_folder/cmake/export_msg_folder__rosidl_generator_cppExport.cmake
[6.200s] -- Installing: /home/Judy/safmc_uwb/ros/install/msg_folder/share/msg_folder/cmake/export_msg_folder__rosidl_typesupport_fastrtps_cppExport.cmake
[6.200s] -- Installing: /home/Judy/safmc_uwb/ros/install/msg_folder/share/msg_folder/cmake/export_msg_folder__rosidl_typesupport_fastrtps_cppExport-noconfig.cmake
[6.200s] -- Installing: /home/Judy/safmc_uwb/ros/install/msg_folder/share/msg_folder/cmake/msg_folder__rosidl_typesupport_introspection_cppExport.cmake
[6.201s] -- Installing: /home/Judy/safmc_uwb/ros/install/msg_folder/share/msg_folder/cmake/msg_folder__rosidl_typesupport_introspection_cppExport-noconfig.cmake
[6.201s] -- Installing: /home/Judy/safmc_uwb/ros/install/msg_folder/share/msg_folder/cmake/msg_folder__rosidl_typesupport_cppExport.cmake
[6.201s] -- Installing: /home/Judy/safmc_uwb/ros/install/msg_folder/share/msg_folder/cmake/msg_folder__rosidl_typesupport_cppExport-noconfig.cmake
[6.202s] -- Installing: /home/Judy/safmc_uwb/ros/install/msg_folder/share/msg_folder/cmake/export_msg_folder__rosidl_generator_pyExport.cmake
[6.202s] -- Installing: /home/Judy/safmc_uwb/ros/install/msg_folder/share/msg_folder/cmake/export_msg_folder__rosidl_generator_pyExport-noconfig.cmake
[6.202s] -- Installing: /home/Judy/safmc_uwb/ros/install/msg_folder/share/msg_folder/cmake/rosidl_cmake-extras.cmake
[6.202s] -- Installing: /home/Judy/safmc_uwb/ros/install/msg_folder/share/msg_folder/cmake/ament_cmake_export_include_directories-extras.cmake
[6.203s] -- Installing: /home/Judy/safmc_uwb/ros/install/msg_folder/share/msg_folder/cmake/ament_cmake_export_libraries-extras.cmake
[6.203s] -- Installing: /home/Judy/safmc_uwb/ros/install/msg_folder/share/msg_folder/cmake/ament_cmake_export_targets-extras.cmake
[6.203s] -- Installing: /home/Judy/safmc_uwb/ros/install/msg_folder/share/msg_folder/cmake/rosidl_cmake_export_typesupport_targets-extras.cmake
[6.203s] -- Installing: /home/Judy/safmc_uwb/ros/install/msg_folder/share/msg_folder/cmake/ament_cmake_export_dependencies-extras.cmake
[6.204s] -- Installing: /home/Judy/safmc_uwb/ros/install/msg_folder/share/msg_folder/cmake/rosidl_cmake_export_typesupport_libraries-extras.cmake
[6.204s] -- Installing: /home/Judy/safmc_uwb/ros/install/msg_folder/share/msg_folder/cmake/msg_folderConfig.cmake
[6.204s] -- Installing: /home/Judy/safmc_uwb/ros/install/msg_folder/share/msg_folder/cmake/msg_folderConfig-version.cmake
[6.204s] -- Installing: /home/Judy/safmc_uwb/ros/install/msg_folder/share/msg_folder/package.xml
[6.208s] Invoked command in '/home/Judy/safmc_uwb/ros/build/msg_folder' returned '0': CMAKE_PREFIX_PATH=/opt/ros/humble /usr/bin/cmake --install /home/Judy/safmc_uwb/ros/build/msg_folder
