-- The C compiler identification is GNU 11.4.0
-- The CXX compiler identification is GNU 11.4.0
-- Detecting C compiler ABI info
-- Detecting C compiler ABI info - done
-- Check for working C compiler: /usr/bin/cc - skipped
-- Detecting C compile features
-- Detecting C compile features - done
-- Detecting CXX compiler ABI info
-- Detecting CXX compiler ABI info - done
-- Check for working CXX compiler: /usr/bin/c++ - skipped
-- Detecting CXX compile features
-- Detecting CXX compile features - done
-- Found ament_cmake: 1.3.11 (/opt/ros/humble/share/ament_cmake/cmake)
-- Override CMake install command with custom implementation using symlinks instead of copying resources
-- Found rosidl_default_generators: 1.2.0 (/opt/ros/humble/share/rosidl_default_generators/cmake)
-- Using all available rosidl_typesupport_c: rosidl_typesupport_fastrtps_c;rosidl_typesupport_introspection_c
-- Found rosidl_adapter: 3.1.6 (/opt/ros/humble/share/rosidl_adapter/cmake)
-- Using all available rosidl_typesupport_cpp: rosidl_typesupport_fastrtps_cpp;rosidl_typesupport_introspection_cpp
-- Found geometry_msgs: 4.2.4 (/opt/ros/humble/share/geometry_msgs/cmake)
-- Found ament_cmake_ros: 0.10.0 (/opt/ros/humble/share/ament_cmake_ros/cmake)
-- Using all available rosidl_typesupport_c: rosidl_typesupport_fastrtps_c;rosidl_typesupport_introspection_c
-- Using all available rosidl_typesupport_cpp: rosidl_typesupport_fastrtps_cpp;rosidl_typesupport_introspection_cpp
-- Found python_cmake_module: 0.10.0 (/opt/ros/humble/share/python_cmake_module/cmake)
-- Using PYTHON_EXECUTABLE: /usr/bin/python3
-- Using PYTHON_INCLUDE_DIRS: /usr/include/python3.10
-- Using PYTHON_LIBRARIES: /usr/lib/x86_64-linux-gnu/libpython3.10.so
-- Found ament_lint_auto: 0.12.11 (/opt/ros/humble/share/ament_lint_auto/cmake)
-- Added test 'cppcheck' to perform static code analysis on C / C++ code
-- Configured cppcheck include dirs: 
-- Configured cppcheck exclude dirs and/or files: 
-- Added test 'flake8' to check Python code syntax and style conventions
-- Added test 'lint_cmake' to check CMake code style
-- Added test 'pep257' to check Python code against some of the docstring style conventions in PEP 257
-- Added test 'uncrustify' to check C / C++ code style
-- Configured uncrustify additional arguments: 
-- Added test 'xmllint' to check XML markup files
-- Configuring done
-- Generating done
-- Build files have been written to: /workspace/safmc_uwb/ros/build/uwb_msgs
[  2%] [34m[1mGenerating C code for ROS interfaces[0m
[  4%] [34m[1mGenerating C++ code for ROS interfaces[0m
[  4%] Built target ament_cmake_python_symlink_uwb_msgs
running egg_info
creating uwb_msgs.egg-info
writing uwb_msgs.egg-info/PKG-INFO
writing dependency_links to uwb_msgs.egg-info/dependency_links.txt
writing top-level names to uwb_msgs.egg-info/top_level.txt
writing manifest file 'uwb_msgs.egg-info/SOURCES.txt'
reading manifest file 'uwb_msgs.egg-info/SOURCES.txt'
writing manifest file 'uwb_msgs.egg-info/SOURCES.txt'
[  4%] Built target ament_cmake_python_build_uwb_msgs_egg
[  4%] Built target uwb_msgs__cpp
[  6%] [32mBuilding C object CMakeFiles/uwb_msgs__rosidl_generator_c.dir/rosidl_generator_c/uwb_msgs/msg/detail/range__functions.c.o[0m
[  8%] [32mBuilding C object CMakeFiles/uwb_msgs__rosidl_generator_c.dir/rosidl_generator_c/uwb_msgs/msg/detail/pose__functions.c.o[0m
[ 10%] [32mBuilding C object CMakeFiles/uwb_msgs__rosidl_generator_c.dir/rosidl_generator_c/uwb_msgs/msg/detail/tag_position__functions.c.o[0m
[ 12%] [34m[1mGenerating C++ type support for eProsima Fast-RTPS[0m
[ 14%] [34m[1mGenerating C++ introspection for ROS interfaces[0m
[ 17%] [34m[1mGenerating C++ type support dispatch for ROS interfaces[0m
[ 19%] [32m[1mLinking C shared library libuwb_msgs__rosidl_generator_c.so[0m
[ 19%] Built target uwb_msgs__rosidl_generator_c
[ 21%] [34m[1mGenerating C type support for eProsima Fast-RTPS[0m
[ 23%] [34m[1mGenerating C type support dispatch for ROS interfaces[0m
[ 25%] [34m[1mGenerating C introspection for ROS interfaces[0m
[ 27%] [32mBuilding CXX object CMakeFiles/uwb_msgs__rosidl_typesupport_cpp.dir/rosidl_typesupport_cpp/uwb_msgs/msg/pose__type_support.cpp.o[0m
[ 29%] [32mBuilding CXX object CMakeFiles/uwb_msgs__rosidl_typesupport_cpp.dir/rosidl_typesupport_cpp/uwb_msgs/msg/range__type_support.cpp.o[0m
[ 31%] [32mBuilding CXX object CMakeFiles/uwb_msgs__rosidl_typesupport_cpp.dir/rosidl_typesupport_cpp/uwb_msgs/msg/tag_position__type_support.cpp.o[0m
[ 34%] [32mBuilding CXX object CMakeFiles/uwb_msgs__rosidl_typesupport_introspection_cpp.dir/rosidl_typesupport_introspection_cpp/uwb_msgs/msg/detail/range__type_support.cpp.o[0m
[ 36%] [32mBuilding CXX object CMakeFiles/uwb_msgs__rosidl_typesupport_introspection_cpp.dir/rosidl_typesupport_introspection_cpp/uwb_msgs/msg/detail/tag_position__type_support.cpp.o[0m
[ 38%] [32mBuilding CXX object CMakeFiles/uwb_msgs__rosidl_typesupport_introspection_cpp.dir/rosidl_typesupport_introspection_cpp/uwb_msgs/msg/detail/pose__type_support.cpp.o[0m
[ 40%] [32mBuilding CXX object CMakeFiles/uwb_msgs__rosidl_typesupport_fastrtps_cpp.dir/rosidl_typesupport_fastrtps_cpp/uwb_msgs/msg/detail/dds_fastrtps/pose__type_support.cpp.o[0m
[ 44%] [32mBuilding CXX object CMakeFiles/uwb_msgs__rosidl_typesupport_fastrtps_cpp.dir/rosidl_typesupport_fastrtps_cpp/uwb_msgs/msg/detail/dds_fastrtps/tag_position__type_support.cpp.o[0m
[ 44%] [32mBuilding CXX object CMakeFiles/uwb_msgs__rosidl_typesupport_fastrtps_cpp.dir/rosidl_typesupport_fastrtps_cpp/uwb_msgs/msg/detail/dds_fastrtps/range__type_support.cpp.o[0m
[ 46%] [32mBuilding CXX object CMakeFiles/uwb_msgs__rosidl_typesupport_c.dir/rosidl_typesupport_c/uwb_msgs/msg/range__type_support.cpp.o[0m
[ 48%] [32mBuilding CXX object CMakeFiles/uwb_msgs__rosidl_typesupport_c.dir/rosidl_typesupport_c/uwb_msgs/msg/pose__type_support.cpp.o[0m
[ 51%] [32mBuilding CXX object CMakeFiles/uwb_msgs__rosidl_typesupport_c.dir/rosidl_typesupport_c/uwb_msgs/msg/tag_position__type_support.cpp.o[0m
[ 53%] [32mBuilding CXX object CMakeFiles/uwb_msgs__rosidl_typesupport_fastrtps_c.dir/rosidl_typesupport_fastrtps_c/uwb_msgs/msg/detail/range__type_support_c.cpp.o[0m
[ 55%] [32m[1mLinking CXX shared library libuwb_msgs__rosidl_typesupport_c.so[0m
[ 57%] [32mBuilding CXX object CMakeFiles/uwb_msgs__rosidl_typesupport_fastrtps_c.dir/rosidl_typesupport_fastrtps_c/uwb_msgs/msg/detail/tag_position__type_support_c.cpp.o[0m
[ 59%] [32mBuilding CXX object CMakeFiles/uwb_msgs__rosidl_typesupport_fastrtps_c.dir/rosidl_typesupport_fastrtps_c/uwb_msgs/msg/detail/pose__type_support_c.cpp.o[0m
[ 61%] [32mBuilding C object CMakeFiles/uwb_msgs__rosidl_typesupport_introspection_c.dir/rosidl_typesupport_introspection_c/uwb_msgs/msg/detail/range__type_support.c.o[0m
[ 63%] [32mBuilding C object CMakeFiles/uwb_msgs__rosidl_typesupport_introspection_c.dir/rosidl_typesupport_introspection_c/uwb_msgs/msg/detail/pose__type_support.c.o[0m
[ 65%] [32mBuilding C object CMakeFiles/uwb_msgs__rosidl_typesupport_introspection_c.dir/rosidl_typesupport_introspection_c/uwb_msgs/msg/detail/tag_position__type_support.c.o[0m
[ 65%] Built target uwb_msgs__rosidl_typesupport_c
[ 68%] [32m[1mLinking C shared library libuwb_msgs__rosidl_typesupport_introspection_c.so[0m
[ 68%] Built target uwb_msgs__rosidl_typesupport_introspection_c
[ 70%] [32m[1mLinking CXX shared library libuwb_msgs__rosidl_typesupport_cpp.so[0m
[ 70%] Built target uwb_msgs__rosidl_typesupport_cpp
[ 72%] [32m[1mLinking CXX shared library libuwb_msgs__rosidl_typesupport_introspection_cpp.so[0m
[ 72%] Built target uwb_msgs__rosidl_typesupport_introspection_cpp
[ 74%] [32m[1mLinking CXX shared library libuwb_msgs__rosidl_typesupport_fastrtps_c.so[0m
[ 76%] [32m[1mLinking CXX shared library libuwb_msgs__rosidl_typesupport_fastrtps_cpp.so[0m
[ 76%] Built target uwb_msgs__rosidl_typesupport_fastrtps_c
[ 76%] Built target uwb_msgs__rosidl_typesupport_fastrtps_cpp
[ 76%] Built target uwb_msgs
[ 78%] [34m[1mGenerating Python code for ROS interfaces[0m
[ 78%] Built target uwb_msgs__py
[ 80%] [32mBuilding C object CMakeFiles/uwb_msgs__rosidl_generator_py.dir/rosidl_generator_py/uwb_msgs/msg/_range_s.c.o[0m
[ 82%] [32mBuilding C object CMakeFiles/uwb_msgs__rosidl_generator_py.dir/rosidl_generator_py/uwb_msgs/msg/_tag_position_s.c.o[0m
[ 85%] [32mBuilding C object CMakeFiles/uwb_msgs__rosidl_generator_py.dir/rosidl_generator_py/uwb_msgs/msg/_pose_s.c.o[0m
[ 87%] [32m[1mLinking C shared library rosidl_generator_py/uwb_msgs/libuwb_msgs__rosidl_generator_py.so[0m
[ 87%] Built target uwb_msgs__rosidl_generator_py
[ 89%] [32mBuilding C object CMakeFiles/uwb_msgs__rosidl_typesupport_fastrtps_c__pyext.dir/rosidl_generator_py/uwb_msgs/_uwb_msgs_s.ep.rosidl_typesupport_fastrtps_c.c.o[0m
[ 91%] [32mBuilding C object CMakeFiles/uwb_msgs__rosidl_typesupport_introspection_c__pyext.dir/rosidl_generator_py/uwb_msgs/_uwb_msgs_s.ep.rosidl_typesupport_introspection_c.c.o[0m
[ 93%] [32mBuilding C object CMakeFiles/uwb_msgs__rosidl_typesupport_c__pyext.dir/rosidl_generator_py/uwb_msgs/_uwb_msgs_s.ep.rosidl_typesupport_c.c.o[0m
[ 95%] [32m[1mLinking C shared library rosidl_generator_py/uwb_msgs/uwb_msgs_s__rosidl_typesupport_c.cpython-310-x86_64-linux-gnu.so[0m
[ 97%] [32m[1mLinking C shared library rosidl_generator_py/uwb_msgs/uwb_msgs_s__rosidl_typesupport_fastrtps_c.cpython-310-x86_64-linux-gnu.so[0m
[100%] [32m[1mLinking C shared library rosidl_generator_py/uwb_msgs/uwb_msgs_s__rosidl_typesupport_introspection_c.cpython-310-x86_64-linux-gnu.so[0m
[100%] Built target uwb_msgs__rosidl_typesupport_c__pyext
[100%] Built target uwb_msgs__rosidl_typesupport_fastrtps_c__pyext
[100%] Built target uwb_msgs__rosidl_typesupport_introspection_c__pyext
-- Install configuration: ""
-- Execute custom install script
-- Up-to-date symlink: /workspace/safmc_uwb/ros/install/uwb_msgs/share/ament_index/resource_index/rosidl_interfaces/uwb_msgs
-- Up-to-date symlink: /workspace/safmc_uwb/ros/install/uwb_msgs/include/uwb_msgs/uwb_msgs/msg/detail/pose__functions.h
-- Up-to-date symlink: /workspace/safmc_uwb/ros/install/uwb_msgs/include/uwb_msgs/uwb_msgs/msg/detail/pose__struct.h
-- Up-to-date symlink: /workspace/safmc_uwb/ros/install/uwb_msgs/include/uwb_msgs/uwb_msgs/msg/detail/pose__type_support.h
-- Up-to-date symlink: /workspace/safmc_uwb/ros/install/uwb_msgs/include/uwb_msgs/uwb_msgs/msg/detail/range__functions.h
-- Up-to-date symlink: /workspace/safmc_uwb/ros/install/uwb_msgs/include/uwb_msgs/uwb_msgs/msg/detail/range__struct.h
-- Up-to-date symlink: /workspace/safmc_uwb/ros/install/uwb_msgs/include/uwb_msgs/uwb_msgs/msg/detail/range__type_support.h
-- Up-to-date symlink: /workspace/safmc_uwb/ros/install/uwb_msgs/include/uwb_msgs/uwb_msgs/msg/detail/tag_position__functions.h
-- Up-to-date symlink: /workspace/safmc_uwb/ros/install/uwb_msgs/include/uwb_msgs/uwb_msgs/msg/detail/tag_position__struct.h
-- Up-to-date symlink: /workspace/safmc_uwb/ros/install/uwb_msgs/include/uwb_msgs/uwb_msgs/msg/detail/tag_position__type_support.h
-- Up-to-date symlink: /workspace/safmc_uwb/ros/install/uwb_msgs/include/uwb_msgs/uwb_msgs/msg/pose.h
-- Up-to-date symlink: /workspace/safmc_uwb/ros/install/uwb_msgs/include/uwb_msgs/uwb_msgs/msg/range.h
-- Up-to-date symlink: /workspace/safmc_uwb/ros/install/uwb_msgs/include/uwb_msgs/uwb_msgs/msg/rosidl_generator_c__visibility_control.h
-- Up-to-date symlink: /workspace/safmc_uwb/ros/install/uwb_msgs/include/uwb_msgs/uwb_msgs/msg/tag_position.h
-- Up-to-date symlink: /workspace/safmc_uwb/ros/install/uwb_msgs/share/uwb_msgs/environment/library_path.sh
-- Up-to-date symlink: /workspace/safmc_uwb/ros/install/uwb_msgs/share/uwb_msgs/environment/library_path.dsv
-- Up-to-date symlink: /workspace/safmc_uwb/ros/install/uwb_msgs/include/uwb_msgs/uwb_msgs/msg/detail/pose__rosidl_typesupport_fastrtps_c.h
-- Up-to-date symlink: /workspace/safmc_uwb/ros/install/uwb_msgs/include/uwb_msgs/uwb_msgs/msg/detail/range__rosidl_typesupport_fastrtps_c.h
-- Up-to-date symlink: /workspace/safmc_uwb/ros/install/uwb_msgs/include/uwb_msgs/uwb_msgs/msg/detail/tag_position__rosidl_typesupport_fastrtps_c.h
-- Up-to-date symlink: /workspace/safmc_uwb/ros/install/uwb_msgs/include/uwb_msgs/uwb_msgs/msg/rosidl_typesupport_fastrtps_c__visibility_control.h
-- Up-to-date symlink: /workspace/safmc_uwb/ros/install/uwb_msgs/include/uwb_msgs/uwb_msgs/msg/detail/pose__rosidl_typesupport_introspection_c.h
-- Up-to-date symlink: /workspace/safmc_uwb/ros/install/uwb_msgs/include/uwb_msgs/uwb_msgs/msg/detail/range__rosidl_typesupport_introspection_c.h
-- Up-to-date symlink: /workspace/safmc_uwb/ros/install/uwb_msgs/include/uwb_msgs/uwb_msgs/msg/detail/tag_position__rosidl_typesupport_introspection_c.h
-- Up-to-date symlink: /workspace/safmc_uwb/ros/install/uwb_msgs/include/uwb_msgs/uwb_msgs/msg/rosidl_typesupport_introspection_c__visibility_control.h
-- Up-to-date symlink: /workspace/safmc_uwb/ros/install/uwb_msgs/include/uwb_msgs/uwb_msgs/msg/detail/pose__builder.hpp
-- Up-to-date symlink: /workspace/safmc_uwb/ros/install/uwb_msgs/include/uwb_msgs/uwb_msgs/msg/detail/pose__struct.hpp
-- Up-to-date symlink: /workspace/safmc_uwb/ros/install/uwb_msgs/include/uwb_msgs/uwb_msgs/msg/detail/pose__traits.hpp
-- Up-to-date symlink: /workspace/safmc_uwb/ros/install/uwb_msgs/include/uwb_msgs/uwb_msgs/msg/detail/pose__type_support.hpp
-- Up-to-date symlink: /workspace/safmc_uwb/ros/install/uwb_msgs/include/uwb_msgs/uwb_msgs/msg/detail/range__builder.hpp
-- Up-to-date symlink: /workspace/safmc_uwb/ros/install/uwb_msgs/include/uwb_msgs/uwb_msgs/msg/detail/range__struct.hpp
-- Up-to-date symlink: /workspace/safmc_uwb/ros/install/uwb_msgs/include/uwb_msgs/uwb_msgs/msg/detail/range__traits.hpp
-- Up-to-date symlink: /workspace/safmc_uwb/ros/install/uwb_msgs/include/uwb_msgs/uwb_msgs/msg/detail/range__type_support.hpp
-- Up-to-date symlink: /workspace/safmc_uwb/ros/install/uwb_msgs/include/uwb_msgs/uwb_msgs/msg/detail/tag_position__builder.hpp
-- Up-to-date symlink: /workspace/safmc_uwb/ros/install/uwb_msgs/include/uwb_msgs/uwb_msgs/msg/detail/tag_position__struct.hpp
-- Up-to-date symlink: /workspace/safmc_uwb/ros/install/uwb_msgs/include/uwb_msgs/uwb_msgs/msg/detail/tag_position__traits.hpp
-- Up-to-date symlink: /workspace/safmc_uwb/ros/install/uwb_msgs/include/uwb_msgs/uwb_msgs/msg/detail/tag_position__type_support.hpp
-- Up-to-date symlink: /workspace/safmc_uwb/ros/install/uwb_msgs/include/uwb_msgs/uwb_msgs/msg/pose.hpp
-- Up-to-date symlink: /workspace/safmc_uwb/ros/install/uwb_msgs/include/uwb_msgs/uwb_msgs/msg/range.hpp
-- Up-to-date symlink: /workspace/safmc_uwb/ros/install/uwb_msgs/include/uwb_msgs/uwb_msgs/msg/rosidl_generator_cpp__visibility_control.hpp
-- Up-to-date symlink: /workspace/safmc_uwb/ros/install/uwb_msgs/include/uwb_msgs/uwb_msgs/msg/tag_position.hpp
-- Up-to-date symlink: /workspace/safmc_uwb/ros/install/uwb_msgs/include/uwb_msgs/uwb_msgs/msg/detail/pose__rosidl_typesupport_fastrtps_cpp.hpp
-- Up-to-date symlink: /workspace/safmc_uwb/ros/install/uwb_msgs/include/uwb_msgs/uwb_msgs/msg/detail/range__rosidl_typesupport_fastrtps_cpp.hpp
-- Up-to-date symlink: /workspace/safmc_uwb/ros/install/uwb_msgs/include/uwb_msgs/uwb_msgs/msg/detail/tag_position__rosidl_typesupport_fastrtps_cpp.hpp
-- Up-to-date symlink: /workspace/safmc_uwb/ros/install/uwb_msgs/include/uwb_msgs/uwb_msgs/msg/rosidl_typesupport_fastrtps_cpp__visibility_control.h
-- Up-to-date symlink: /workspace/safmc_uwb/ros/install/uwb_msgs/include/uwb_msgs/uwb_msgs/msg/detail/pose__rosidl_typesupport_introspection_cpp.hpp
-- Up-to-date symlink: /workspace/safmc_uwb/ros/install/uwb_msgs/include/uwb_msgs/uwb_msgs/msg/detail/range__rosidl_typesupport_introspection_cpp.hpp
-- Up-to-date symlink: /workspace/safmc_uwb/ros/install/uwb_msgs/include/uwb_msgs/uwb_msgs/msg/detail/tag_position__rosidl_typesupport_introspection_cpp.hpp
-- Up-to-date symlink: /workspace/safmc_uwb/ros/install/uwb_msgs/share/uwb_msgs/environment/pythonpath.sh
-- Up-to-date symlink: /workspace/safmc_uwb/ros/install/uwb_msgs/share/uwb_msgs/environment/pythonpath.dsv
-- Up-to-date symlink: /workspace/safmc_uwb/ros/install/uwb_msgs/local/lib/python3.10/dist-packages/uwb_msgs-0.0.0-py3.10.egg-info/PKG-INFO
-- Up-to-date symlink: /workspace/safmc_uwb/ros/install/uwb_msgs/local/lib/python3.10/dist-packages/uwb_msgs-0.0.0-py3.10.egg-info/SOURCES.txt
-- Up-to-date symlink: /workspace/safmc_uwb/ros/install/uwb_msgs/local/lib/python3.10/dist-packages/uwb_msgs-0.0.0-py3.10.egg-info/dependency_links.txt
-- Up-to-date symlink: /workspace/safmc_uwb/ros/install/uwb_msgs/local/lib/python3.10/dist-packages/uwb_msgs-0.0.0-py3.10.egg-info/top_level.txt
-- Up-to-date symlink: /workspace/safmc_uwb/ros/install/uwb_msgs/local/lib/python3.10/dist-packages/uwb_msgs/__init__.py
-- Up-to-date symlink: /workspace/safmc_uwb/ros/install/uwb_msgs/local/lib/python3.10/dist-packages/uwb_msgs/_uwb_msgs_s.ep.rosidl_typesupport_c.c
-- Up-to-date symlink: /workspace/safmc_uwb/ros/install/uwb_msgs/local/lib/python3.10/dist-packages/uwb_msgs/_uwb_msgs_s.ep.rosidl_typesupport_fastrtps_c.c
-- Up-to-date symlink: /workspace/safmc_uwb/ros/install/uwb_msgs/local/lib/python3.10/dist-packages/uwb_msgs/_uwb_msgs_s.ep.rosidl_typesupport_introspection_c.c
-- Up-to-date symlink: /workspace/safmc_uwb/ros/install/uwb_msgs/local/lib/python3.10/dist-packages/uwb_msgs/libuwb_msgs__rosidl_generator_py.so
-- Up-to-date symlink: /workspace/safmc_uwb/ros/install/uwb_msgs/local/lib/python3.10/dist-packages/uwb_msgs/msg/__init__.py
-- Up-to-date symlink: /workspace/safmc_uwb/ros/install/uwb_msgs/local/lib/python3.10/dist-packages/uwb_msgs/msg/_pose.py
-- Up-to-date symlink: /workspace/safmc_uwb/ros/install/uwb_msgs/local/lib/python3.10/dist-packages/uwb_msgs/msg/_pose_s.c
-- Up-to-date symlink: /workspace/safmc_uwb/ros/install/uwb_msgs/local/lib/python3.10/dist-packages/uwb_msgs/msg/_range.py
-- Up-to-date symlink: /workspace/safmc_uwb/ros/install/uwb_msgs/local/lib/python3.10/dist-packages/uwb_msgs/msg/_range_s.c
-- Up-to-date symlink: /workspace/safmc_uwb/ros/install/uwb_msgs/local/lib/python3.10/dist-packages/uwb_msgs/msg/_tag_position.py
-- Up-to-date symlink: /workspace/safmc_uwb/ros/install/uwb_msgs/local/lib/python3.10/dist-packages/uwb_msgs/msg/_tag_position_s.c
-- Up-to-date symlink: /workspace/safmc_uwb/ros/install/uwb_msgs/local/lib/python3.10/dist-packages/uwb_msgs/uwb_msgs_s__rosidl_typesupport_c.cpython-310-x86_64-linux-gnu.so
-- Up-to-date symlink: /workspace/safmc_uwb/ros/install/uwb_msgs/local/lib/python3.10/dist-packages/uwb_msgs/uwb_msgs_s__rosidl_typesupport_fastrtps_c.cpython-310-x86_64-linux-gnu.so
-- Up-to-date symlink: /workspace/safmc_uwb/ros/install/uwb_msgs/local/lib/python3.10/dist-packages/uwb_msgs/uwb_msgs_s__rosidl_typesupport_introspection_c.cpython-310-x86_64-linux-gnu.so
-- Up-to-date symlink: /workspace/safmc_uwb/ros/install/uwb_msgs/local/lib/python3.10/dist-packages/uwb_msgs/uwb_msgs_s__rosidl_typesupport_fastrtps_c.cpython-310-x86_64-linux-gnu.so
-- Up-to-date symlink: /workspace/safmc_uwb/ros/install/uwb_msgs/local/lib/python3.10/dist-packages/uwb_msgs/uwb_msgs_s__rosidl_typesupport_introspection_c.cpython-310-x86_64-linux-gnu.so
-- Up-to-date symlink: /workspace/safmc_uwb/ros/install/uwb_msgs/local/lib/python3.10/dist-packages/uwb_msgs/uwb_msgs_s__rosidl_typesupport_c.cpython-310-x86_64-linux-gnu.so
-- Up-to-date symlink: /workspace/safmc_uwb/ros/install/uwb_msgs/share/uwb_msgs/msg/Range.idl
-- Up-to-date symlink: /workspace/safmc_uwb/ros/install/uwb_msgs/share/uwb_msgs/msg/Pose.idl
-- Up-to-date symlink: /workspace/safmc_uwb/ros/install/uwb_msgs/share/uwb_msgs/msg/TagPosition.idl
-- Up-to-date symlink: /workspace/safmc_uwb/ros/install/uwb_msgs/share/uwb_msgs/msg/Range.msg
-- Up-to-date symlink: /workspace/safmc_uwb/ros/install/uwb_msgs/share/uwb_msgs/msg/Pose.msg
-- Up-to-date symlink: /workspace/safmc_uwb/ros/install/uwb_msgs/share/uwb_msgs/msg/TagPosition.msg
-- Up-to-date symlink: /workspace/safmc_uwb/ros/install/uwb_msgs/share/ament_index/resource_index/package_run_dependencies/uwb_msgs
-- Up-to-date symlink: /workspace/safmc_uwb/ros/install/uwb_msgs/share/ament_index/resource_index/parent_prefix_path/uwb_msgs
-- Up-to-date symlink: /workspace/safmc_uwb/ros/install/uwb_msgs/share/uwb_msgs/environment/ament_prefix_path.sh
-- Up-to-date symlink: /workspace/safmc_uwb/ros/install/uwb_msgs/share/uwb_msgs/environment/ament_prefix_path.dsv
-- Up-to-date symlink: /workspace/safmc_uwb/ros/install/uwb_msgs/share/uwb_msgs/environment/path.sh
-- Up-to-date symlink: /workspace/safmc_uwb/ros/install/uwb_msgs/share/uwb_msgs/environment/path.dsv
-- Up-to-date symlink: /workspace/safmc_uwb/ros/install/uwb_msgs/share/uwb_msgs/local_setup.bash
-- Up-to-date symlink: /workspace/safmc_uwb/ros/install/uwb_msgs/share/uwb_msgs/local_setup.sh
-- Up-to-date symlink: /workspace/safmc_uwb/ros/install/uwb_msgs/share/uwb_msgs/local_setup.zsh
-- Up-to-date symlink: /workspace/safmc_uwb/ros/install/uwb_msgs/share/uwb_msgs/local_setup.dsv
-- Symlinking: /workspace/safmc_uwb/ros/install/uwb_msgs/share/uwb_msgs/package.dsv
-- Up-to-date symlink: /workspace/safmc_uwb/ros/install/uwb_msgs/share/ament_index/resource_index/packages/uwb_msgs
-- Up-to-date symlink: /workspace/safmc_uwb/ros/install/uwb_msgs/share/uwb_msgs/cmake/rosidl_cmake-extras.cmake
-- Up-to-date symlink: /workspace/safmc_uwb/ros/install/uwb_msgs/share/uwb_msgs/cmake/ament_cmake_export_dependencies-extras.cmake
-- Up-to-date symlink: /workspace/safmc_uwb/ros/install/uwb_msgs/share/uwb_msgs/cmake/ament_cmake_export_include_directories-extras.cmake
-- Up-to-date symlink: /workspace/safmc_uwb/ros/install/uwb_msgs/share/uwb_msgs/cmake/ament_cmake_export_libraries-extras.cmake
-- Up-to-date symlink: /workspace/safmc_uwb/ros/install/uwb_msgs/share/uwb_msgs/cmake/ament_cmake_export_targets-extras.cmake
-- Up-to-date symlink: /workspace/safmc_uwb/ros/install/uwb_msgs/share/uwb_msgs/cmake/rosidl_cmake_export_typesupport_targets-extras.cmake
-- Up-to-date symlink: /workspace/safmc_uwb/ros/install/uwb_msgs/share/uwb_msgs/cmake/rosidl_cmake_export_typesupport_libraries-extras.cmake
-- Up-to-date symlink: /workspace/safmc_uwb/ros/install/uwb_msgs/share/uwb_msgs/cmake/uwb_msgsConfig.cmake
-- Up-to-date symlink: /workspace/safmc_uwb/ros/install/uwb_msgs/share/uwb_msgs/cmake/uwb_msgsConfig-version.cmake
-- Up-to-date symlink: /workspace/safmc_uwb/ros/install/uwb_msgs/share/uwb_msgs/package.xml
-- Installing: /workspace/safmc_uwb/ros/install/uwb_msgs/lib/libuwb_msgs__rosidl_generator_c.so
-- Set runtime path of "/workspace/safmc_uwb/ros/install/uwb_msgs/lib/libuwb_msgs__rosidl_generator_c.so" to ""
-- Installing: /workspace/safmc_uwb/ros/install/uwb_msgs/lib/libuwb_msgs__rosidl_typesupport_fastrtps_c.so
-- Set runtime path of "/workspace/safmc_uwb/ros/install/uwb_msgs/lib/libuwb_msgs__rosidl_typesupport_fastrtps_c.so" to ""
-- Installing: /workspace/safmc_uwb/ros/install/uwb_msgs/lib/libuwb_msgs__rosidl_typesupport_introspection_c.so
-- Set runtime path of "/workspace/safmc_uwb/ros/install/uwb_msgs/lib/libuwb_msgs__rosidl_typesupport_introspection_c.so" to ""
-- Installing: /workspace/safmc_uwb/ros/install/uwb_msgs/lib/libuwb_msgs__rosidl_typesupport_c.so
-- Set runtime path of "/workspace/safmc_uwb/ros/install/uwb_msgs/lib/libuwb_msgs__rosidl_typesupport_c.so" to ""
-- Installing: /workspace/safmc_uwb/ros/install/uwb_msgs/lib/libuwb_msgs__rosidl_typesupport_fastrtps_cpp.so
-- Set runtime path of "/workspace/safmc_uwb/ros/install/uwb_msgs/lib/libuwb_msgs__rosidl_typesupport_fastrtps_cpp.so" to ""
-- Installing: /workspace/safmc_uwb/ros/install/uwb_msgs/lib/libuwb_msgs__rosidl_typesupport_introspection_cpp.so
-- Set runtime path of "/workspace/safmc_uwb/ros/install/uwb_msgs/lib/libuwb_msgs__rosidl_typesupport_introspection_cpp.so" to ""
-- Installing: /workspace/safmc_uwb/ros/install/uwb_msgs/lib/libuwb_msgs__rosidl_typesupport_cpp.so
-- Set runtime path of "/workspace/safmc_uwb/ros/install/uwb_msgs/lib/libuwb_msgs__rosidl_typesupport_cpp.so" to ""
Listing '/workspace/safmc_uwb/ros/install/uwb_msgs/local/lib/python3.10/dist-packages/uwb_msgs'...
Compiling '/workspace/safmc_uwb/ros/install/uwb_msgs/local/lib/python3.10/dist-packages/uwb_msgs/__init__.py'...
Listing '/workspace/safmc_uwb/ros/install/uwb_msgs/local/lib/python3.10/dist-packages/uwb_msgs/msg'...
Compiling '/workspace/safmc_uwb/ros/install/uwb_msgs/local/lib/python3.10/dist-packages/uwb_msgs/msg/__init__.py'...
Compiling '/workspace/safmc_uwb/ros/install/uwb_msgs/local/lib/python3.10/dist-packages/uwb_msgs/msg/_pose.py'...
Compiling '/workspace/safmc_uwb/ros/install/uwb_msgs/local/lib/python3.10/dist-packages/uwb_msgs/msg/_range.py'...
Compiling '/workspace/safmc_uwb/ros/install/uwb_msgs/local/lib/python3.10/dist-packages/uwb_msgs/msg/_tag_position.py'...
-- Installing: /workspace/safmc_uwb/ros/install/uwb_msgs/lib/libuwb_msgs__rosidl_generator_py.so
-- Set runtime path of "/workspace/safmc_uwb/ros/install/uwb_msgs/lib/libuwb_msgs__rosidl_generator_py.so" to ""
-- Installing: /workspace/safmc_uwb/ros/install/uwb_msgs/share/uwb_msgs/cmake/export_uwb_msgs__rosidl_generator_cExport.cmake
-- Installing: /workspace/safmc_uwb/ros/install/uwb_msgs/share/uwb_msgs/cmake/export_uwb_msgs__rosidl_generator_cExport-noconfig.cmake
-- Installing: /workspace/safmc_uwb/ros/install/uwb_msgs/share/uwb_msgs/cmake/export_uwb_msgs__rosidl_typesupport_fastrtps_cExport.cmake
-- Installing: /workspace/safmc_uwb/ros/install/uwb_msgs/share/uwb_msgs/cmake/export_uwb_msgs__rosidl_typesupport_fastrtps_cExport-noconfig.cmake
-- Installing: /workspace/safmc_uwb/ros/install/uwb_msgs/share/uwb_msgs/cmake/uwb_msgs__rosidl_typesupport_introspection_cExport.cmake
-- Installing: /workspace/safmc_uwb/ros/install/uwb_msgs/share/uwb_msgs/cmake/uwb_msgs__rosidl_typesupport_introspection_cExport-noconfig.cmake
-- Installing: /workspace/safmc_uwb/ros/install/uwb_msgs/share/uwb_msgs/cmake/uwb_msgs__rosidl_typesupport_cExport.cmake
-- Installing: /workspace/safmc_uwb/ros/install/uwb_msgs/share/uwb_msgs/cmake/uwb_msgs__rosidl_typesupport_cExport-noconfig.cmake
-- Installing: /workspace/safmc_uwb/ros/install/uwb_msgs/share/uwb_msgs/cmake/export_uwb_msgs__rosidl_generator_cppExport.cmake
-- Installing: /workspace/safmc_uwb/ros/install/uwb_msgs/share/uwb_msgs/cmake/export_uwb_msgs__rosidl_typesupport_fastrtps_cppExport.cmake
-- Installing: /workspace/safmc_uwb/ros/install/uwb_msgs/share/uwb_msgs/cmake/export_uwb_msgs__rosidl_typesupport_fastrtps_cppExport-noconfig.cmake
-- Installing: /workspace/safmc_uwb/ros/install/uwb_msgs/share/uwb_msgs/cmake/uwb_msgs__rosidl_typesupport_introspection_cppExport.cmake
-- Installing: /workspace/safmc_uwb/ros/install/uwb_msgs/share/uwb_msgs/cmake/uwb_msgs__rosidl_typesupport_introspection_cppExport-noconfig.cmake
-- Installing: /workspace/safmc_uwb/ros/install/uwb_msgs/share/uwb_msgs/cmake/uwb_msgs__rosidl_typesupport_cppExport.cmake
-- Installing: /workspace/safmc_uwb/ros/install/uwb_msgs/share/uwb_msgs/cmake/uwb_msgs__rosidl_typesupport_cppExport-noconfig.cmake
-- Installing: /workspace/safmc_uwb/ros/install/uwb_msgs/share/uwb_msgs/cmake/export_uwb_msgs__rosidl_generator_pyExport.cmake
-- Installing: /workspace/safmc_uwb/ros/install/uwb_msgs/share/uwb_msgs/cmake/export_uwb_msgs__rosidl_generator_pyExport-noconfig.cmake
