[0.372s] DEBUG:colcon:Command line arguments: ['/usr/bin/colcon', 'build']
[0.372s] DEBUG:colcon:Parsed command line arguments: Namespace(log_base=None, log_level=None, verb_name='build', build_base='build', install_base='install', merge_install=False, symlink_install=False, test_result_base=None, continue_on_error=False, executor='parallel', parallel_workers=12, event_handlers=None, ignore_user_meta=False, metas=['./colcon.meta'], base_paths=['.'], packages_ignore=None, packages_ignore_regex=None, paths=None, packages_up_to=None, packages_up_to_regex=None, packages_above=None, packages_above_and_dependencies=None, packages_above_depth=None, packages_select_by_dep=None, packages_skip_by_dep=None, packages_skip_up_to=None, packages_select_build_failed=False, packages_skip_build_finished=False, packages_select_test_failures=False, packages_skip_test_passed=False, packages_select=None, packages_skip=None, packages_select_regex=None, packages_skip_regex=None, packages_start=None, packages_end=None, allow_overriding=[], cmake_args=None, cmake_target=None, cmake_target_skip_unavailable=False, cmake_clean_cache=False, cmake_clean_first=False, cmake_force_configure=False, ament_cmake_args=None, catkin_cmake_args=None, catkin_skip_building_tests=False, mixin_files=None, mixin=None, verb_parser=<colcon_mixin.mixin.mixin_argument.MixinArgumentDecorator object at 0x7f6e4c8879a0>, verb_extension=<colcon_core.verb.build.BuildVerb object at 0x7f6e4ca3cf40>, main=<bound method BuildVerb.main of <colcon_core.verb.build.BuildVerb object at 0x7f6e4ca3cf40>>, mixin_verb=('build',))
[0.669s] Level 1:colcon.colcon_core.package_discovery:discover_packages(colcon_meta) check parameters
[0.669s] Level 1:colcon.colcon_core.package_discovery:discover_packages(recursive) check parameters
[0.670s] Level 1:colcon.colcon_core.package_discovery:discover_packages(ignore) check parameters
[0.670s] Level 1:colcon.colcon_core.package_discovery:discover_packages(path) check parameters
[0.670s] Level 1:colcon.colcon_core.package_discovery:discover_packages(colcon_meta) discover
[0.670s] Level 1:colcon.colcon_core.package_discovery:discover_packages(recursive) discover
[0.670s] INFO:colcon.colcon_core.package_discovery:Crawling recursively for packages in '/home/Judy/safmc_uwb/ros'
[0.670s] Level 1:colcon.colcon_core.package_identification:_identify(.) by extensions ['ignore', 'ignore_ament_install']
[0.670s] Level 1:colcon.colcon_core.package_identification:_identify(.) by extension 'ignore'
[0.670s] Level 1:colcon.colcon_core.package_identification:_identify(.) by extension 'ignore_ament_install'
[0.670s] Level 1:colcon.colcon_core.package_identification:_identify(.) by extensions ['colcon_pkg']
[0.670s] Level 1:colcon.colcon_core.package_identification:_identify(.) by extension 'colcon_pkg'
[0.671s] Level 1:colcon.colcon_core.package_identification:_identify(.) by extensions ['colcon_meta']
[0.671s] Level 1:colcon.colcon_core.package_identification:_identify(.) by extension 'colcon_meta'
[0.671s] Level 1:colcon.colcon_core.package_identification:_identify(.) by extensions ['ros']
[0.671s] Level 1:colcon.colcon_core.package_identification:_identify(.) by extension 'ros'
[0.686s] Level 1:colcon.colcon_core.package_identification:_identify(.) by extensions ['cmake', 'python']
[0.686s] Level 1:colcon.colcon_core.package_identification:_identify(.) by extension 'cmake'
[0.686s] Level 1:colcon.colcon_core.package_identification:_identify(.) by extension 'python'
[0.686s] Level 1:colcon.colcon_core.package_identification:_identify(.) by extensions ['python_setup_py']
[0.686s] Level 1:colcon.colcon_core.package_identification:_identify(.) by extension 'python_setup_py'
[0.686s] Level 1:colcon.colcon_core.package_identification:_identify(build) by extensions ['ignore', 'ignore_ament_install']
[0.687s] Level 1:colcon.colcon_core.package_identification:_identify(build) by extension 'ignore'
[0.687s] Level 1:colcon.colcon_core.package_identification:_identify(build) ignored
[0.687s] Level 1:colcon.colcon_core.package_identification:_identify(install) by extensions ['ignore', 'ignore_ament_install']
[0.687s] Level 1:colcon.colcon_core.package_identification:_identify(install) by extension 'ignore'
[0.687s] Level 1:colcon.colcon_core.package_identification:_identify(install) ignored
[0.688s] Level 1:colcon.colcon_core.package_identification:_identify(log) by extensions ['ignore', 'ignore_ament_install']
[0.688s] Level 1:colcon.colcon_core.package_identification:_identify(log) by extension 'ignore'
[0.688s] Level 1:colcon.colcon_core.package_identification:_identify(log) ignored
[0.688s] Level 1:colcon.colcon_core.package_identification:_identify(src) by extensions ['ignore', 'ignore_ament_install']
[0.688s] Level 1:colcon.colcon_core.package_identification:_identify(src) by extension 'ignore'
[0.689s] Level 1:colcon.colcon_core.package_identification:_identify(src) by extension 'ignore_ament_install'
[0.689s] Level 1:colcon.colcon_core.package_identification:_identify(src) by extensions ['colcon_pkg']
[0.689s] Level 1:colcon.colcon_core.package_identification:_identify(src) by extension 'colcon_pkg'
[0.689s] Level 1:colcon.colcon_core.package_identification:_identify(src) by extensions ['colcon_meta']
[0.689s] Level 1:colcon.colcon_core.package_identification:_identify(src) by extension 'colcon_meta'
[0.689s] Level 1:colcon.colcon_core.package_identification:_identify(src) by extensions ['ros']
[0.689s] Level 1:colcon.colcon_core.package_identification:_identify(src) by extension 'ros'
[0.689s] Level 1:colcon.colcon_core.package_identification:_identify(src) by extensions ['cmake', 'python']
[0.689s] Level 1:colcon.colcon_core.package_identification:_identify(src) by extension 'cmake'
[0.689s] Level 1:colcon.colcon_core.package_identification:_identify(src) by extension 'python'
[0.689s] Level 1:colcon.colcon_core.package_identification:_identify(src) by extensions ['python_setup_py']
[0.689s] Level 1:colcon.colcon_core.package_identification:_identify(src) by extension 'python_setup_py'
[0.690s] Level 1:colcon.colcon_core.package_identification:_identify(src/build) by extensions ['ignore', 'ignore_ament_install']
[0.690s] Level 1:colcon.colcon_core.package_identification:_identify(src/build) by extension 'ignore'
[0.690s] Level 1:colcon.colcon_core.package_identification:_identify(src/build) ignored
[0.690s] Level 1:colcon.colcon_core.package_identification:_identify(src/install) by extensions ['ignore', 'ignore_ament_install']
[0.690s] Level 1:colcon.colcon_core.package_identification:_identify(src/install) by extension 'ignore'
[0.690s] Level 1:colcon.colcon_core.package_identification:_identify(src/install) ignored
[0.690s] Level 1:colcon.colcon_core.package_identification:_identify(src/log) by extensions ['ignore', 'ignore_ament_install']
[0.691s] Level 1:colcon.colcon_core.package_identification:_identify(src/log) by extension 'ignore'
[0.691s] Level 1:colcon.colcon_core.package_identification:_identify(src/log) ignored
[0.691s] Level 1:colcon.colcon_core.package_identification:_identify(src/uwb) by extensions ['ignore', 'ignore_ament_install']
[0.691s] Level 1:colcon.colcon_core.package_identification:_identify(src/uwb) by extension 'ignore'
[0.691s] Level 1:colcon.colcon_core.package_identification:_identify(src/uwb) by extension 'ignore_ament_install'
[0.691s] Level 1:colcon.colcon_core.package_identification:_identify(src/uwb) by extensions ['colcon_pkg']
[0.691s] Level 1:colcon.colcon_core.package_identification:_identify(src/uwb) by extension 'colcon_pkg'
[0.691s] Level 1:colcon.colcon_core.package_identification:_identify(src/uwb) by extensions ['colcon_meta']
[0.692s] Level 1:colcon.colcon_core.package_identification:_identify(src/uwb) by extension 'colcon_meta'
[0.692s] Level 1:colcon.colcon_core.package_identification:_identify(src/uwb) by extensions ['ros']
[0.692s] Level 1:colcon.colcon_core.package_identification:_identify(src/uwb) by extension 'ros'
[0.695s] DEBUG:colcon.colcon_core.package_identification:Package 'src/uwb' with type 'ros.ament_python' and name 'uwb'
[0.696s] Level 1:colcon.colcon_core.package_identification:_identify(src/uwb_msgs) by extensions ['ignore', 'ignore_ament_install']
[0.696s] Level 1:colcon.colcon_core.package_identification:_identify(src/uwb_msgs) by extension 'ignore'
[0.696s] Level 1:colcon.colcon_core.package_identification:_identify(src/uwb_msgs) by extension 'ignore_ament_install'
[0.696s] Level 1:colcon.colcon_core.package_identification:_identify(src/uwb_msgs) by extensions ['colcon_pkg']
[0.696s] Level 1:colcon.colcon_core.package_identification:_identify(src/uwb_msgs) by extension 'colcon_pkg'
[0.696s] Level 1:colcon.colcon_core.package_identification:_identify(src/uwb_msgs) by extensions ['colcon_meta']
[0.696s] Level 1:colcon.colcon_core.package_identification:_identify(src/uwb_msgs) by extension 'colcon_meta'
[0.696s] Level 1:colcon.colcon_core.package_identification:_identify(src/uwb_msgs) by extensions ['ros']
[0.696s] Level 1:colcon.colcon_core.package_identification:_identify(src/uwb_msgs) by extension 'ros'
[0.697s] DEBUG:colcon.colcon_core.package_identification:Package 'src/uwb_msgs' with type 'ros.ament_cmake' and name 'uwb_msgs'
[0.697s] Level 1:colcon.colcon_core.package_identification:_identify(test) by extensions ['ignore', 'ignore_ament_install']
[0.697s] Level 1:colcon.colcon_core.package_identification:_identify(test) by extension 'ignore'
[0.697s] Level 1:colcon.colcon_core.package_identification:_identify(test) by extension 'ignore_ament_install'
[0.698s] Level 1:colcon.colcon_core.package_identification:_identify(test) by extensions ['colcon_pkg']
[0.698s] Level 1:colcon.colcon_core.package_identification:_identify(test) by extension 'colcon_pkg'
[0.698s] Level 1:colcon.colcon_core.package_identification:_identify(test) by extensions ['colcon_meta']
[0.698s] Level 1:colcon.colcon_core.package_identification:_identify(test) by extension 'colcon_meta'
[0.698s] Level 1:colcon.colcon_core.package_identification:_identify(test) by extensions ['ros']
[0.698s] Level 1:colcon.colcon_core.package_identification:_identify(test) by extension 'ros'
[0.698s] Level 1:colcon.colcon_core.package_identification:_identify(test) by extensions ['cmake', 'python']
[0.698s] Level 1:colcon.colcon_core.package_identification:_identify(test) by extension 'cmake'
[0.698s] Level 1:colcon.colcon_core.package_identification:_identify(test) by extension 'python'
[0.698s] Level 1:colcon.colcon_core.package_identification:_identify(test) by extensions ['python_setup_py']
[0.698s] Level 1:colcon.colcon_core.package_identification:_identify(test) by extension 'python_setup_py'
[0.698s] Level 1:colcon.colcon_core.package_discovery:discover_packages(recursive) using defaults
[0.699s] Level 1:colcon.colcon_core.package_discovery:discover_packages(ignore) discover
[0.699s] Level 1:colcon.colcon_core.package_discovery:discover_packages(ignore) using defaults
[0.699s] Level 1:colcon.colcon_core.package_discovery:discover_packages(path) discover
[0.699s] Level 1:colcon.colcon_core.package_discovery:discover_packages(path) using defaults
[0.753s] Level 1:colcon.colcon_core.package_discovery:discover_packages(prefix_path) check parameters
[0.753s] Level 1:colcon.colcon_core.package_discovery:discover_packages(prefix_path) discover
[0.756s] DEBUG:colcon.colcon_installed_package_information.package_discovery:Found 3 installed packages in /home/Judy/safmc_uwb/ros/install
[0.758s] DEBUG:colcon.colcon_installed_package_information.package_discovery:Found 317 installed packages in /opt/ros/humble
[0.760s] Level 1:colcon.colcon_core.package_discovery:discover_packages(prefix_path) using defaults
[0.818s] Level 5:colcon.colcon_core.verb:set package 'uwb' build argument 'cmake_args' from command line to 'None'
[0.819s] Level 5:colcon.colcon_core.verb:set package 'uwb' build argument 'cmake_target' from command line to 'None'
[0.819s] Level 5:colcon.colcon_core.verb:set package 'uwb' build argument 'cmake_target_skip_unavailable' from command line to 'False'
[0.819s] Level 5:colcon.colcon_core.verb:set package 'uwb' build argument 'cmake_clean_cache' from command line to 'False'
[0.819s] Level 5:colcon.colcon_core.verb:set package 'uwb' build argument 'cmake_clean_first' from command line to 'False'
[0.819s] Level 5:colcon.colcon_core.verb:set package 'uwb' build argument 'cmake_force_configure' from command line to 'False'
[0.819s] Level 5:colcon.colcon_core.verb:set package 'uwb' build argument 'ament_cmake_args' from command line to 'None'
[0.819s] Level 5:colcon.colcon_core.verb:set package 'uwb' build argument 'catkin_cmake_args' from command line to 'None'
[0.819s] Level 5:colcon.colcon_core.verb:set package 'uwb' build argument 'catkin_skip_building_tests' from command line to 'False'
[0.819s] DEBUG:colcon.colcon_core.verb:Building package 'uwb' with the following arguments: {'ament_cmake_args': None, 'build_base': '/home/Judy/safmc_uwb/ros/build/uwb', 'catkin_cmake_args': None, 'catkin_skip_building_tests': False, 'cmake_args': None, 'cmake_clean_cache': False, 'cmake_clean_first': False, 'cmake_force_configure': False, 'cmake_target': None, 'cmake_target_skip_unavailable': False, 'install_base': '/home/Judy/safmc_uwb/ros/install/uwb', 'merge_install': False, 'path': '/home/Judy/safmc_uwb/ros/src/uwb', 'symlink_install': False, 'test_result_base': None}
[0.820s] Level 5:colcon.colcon_core.verb:set package 'uwb_msgs' build argument 'cmake_args' from command line to 'None'
[0.820s] Level 5:colcon.colcon_core.verb:set package 'uwb_msgs' build argument 'cmake_target' from command line to 'None'
[0.820s] Level 5:colcon.colcon_core.verb:set package 'uwb_msgs' build argument 'cmake_target_skip_unavailable' from command line to 'False'
[0.820s] Level 5:colcon.colcon_core.verb:set package 'uwb_msgs' build argument 'cmake_clean_cache' from command line to 'False'
[0.820s] Level 5:colcon.colcon_core.verb:set package 'uwb_msgs' build argument 'cmake_clean_first' from command line to 'False'
[0.820s] Level 5:colcon.colcon_core.verb:set package 'uwb_msgs' build argument 'cmake_force_configure' from command line to 'False'
[0.820s] Level 5:colcon.colcon_core.verb:set package 'uwb_msgs' build argument 'ament_cmake_args' from command line to 'None'
[0.820s] Level 5:colcon.colcon_core.verb:set package 'uwb_msgs' build argument 'catkin_cmake_args' from command line to 'None'
[0.820s] Level 5:colcon.colcon_core.verb:set package 'uwb_msgs' build argument 'catkin_skip_building_tests' from command line to 'False'
[0.820s] DEBUG:colcon.colcon_core.verb:Building package 'uwb_msgs' with the following arguments: {'ament_cmake_args': None, 'build_base': '/home/Judy/safmc_uwb/ros/build/uwb_msgs', 'catkin_cmake_args': None, 'catkin_skip_building_tests': False, 'cmake_args': None, 'cmake_clean_cache': False, 'cmake_clean_first': False, 'cmake_force_configure': False, 'cmake_target': None, 'cmake_target_skip_unavailable': False, 'install_base': '/home/Judy/safmc_uwb/ros/install/uwb_msgs', 'merge_install': False, 'path': '/home/Judy/safmc_uwb/ros/src/uwb_msgs', 'symlink_install': False, 'test_result_base': None}
[0.820s] INFO:colcon.colcon_core.executor:Executing jobs using 'parallel' executor
[0.822s] DEBUG:colcon.colcon_parallel_executor.executor.parallel:run_until_complete
[0.823s] INFO:colcon.colcon_ros.task.ament_python.build:Building ROS package in '/home/Judy/safmc_uwb/ros/src/uwb' with build type 'ament_python'
[0.823s] Level 1:colcon.colcon_core.shell:create_environment_hook('uwb', 'ament_prefix_path')
[0.827s] INFO:colcon.colcon_core.plugin_system:Skipping extension 'colcon_core.shell.bat': Not used on non-Windows systems
[0.827s] INFO:colcon.colcon_core.shell:Creating environment hook '/home/Judy/safmc_uwb/ros/install/uwb/share/uwb/hook/ament_prefix_path.ps1'
[0.828s] INFO:colcon.colcon_core.shell:Creating environment descriptor '/home/Judy/safmc_uwb/ros/install/uwb/share/uwb/hook/ament_prefix_path.dsv'
[0.830s] INFO:colcon.colcon_core.shell:Creating environment hook '/home/Judy/safmc_uwb/ros/install/uwb/share/uwb/hook/ament_prefix_path.sh'
[0.833s] INFO:colcon.colcon_core.shell:Skip shell extension 'powershell' for command environment: Not usable outside of PowerShell
[0.834s] DEBUG:colcon.colcon_core.shell:Skip shell extension 'dsv' for command environment
[0.839s] INFO:colcon.colcon_ros.task.ament_cmake.build:Building ROS package in '/home/Judy/safmc_uwb/ros/src/uwb_msgs' with build type 'ament_cmake'
[0.840s] INFO:colcon.colcon_cmake.task.cmake.build:Building CMake package in '/home/Judy/safmc_uwb/ros/src/uwb_msgs'
[0.840s] INFO:colcon.colcon_core.shell:Skip shell extension 'powershell' for command environment: Not usable outside of PowerShell
[0.841s] DEBUG:colcon.colcon_core.shell:Skip shell extension 'dsv' for command environment
[1.357s] INFO:colcon.colcon_core.task.python.build:Building Python package in '/home/Judy/safmc_uwb/ros/src/uwb'
[1.358s] INFO:colcon.colcon_core.shell:Skip shell extension 'powershell' for command environment: Not usable outside of PowerShell
[1.359s] DEBUG:colcon.colcon_core.shell:Skip shell extension 'dsv' for command environment
[1.379s] DEBUG:colcon.colcon_core.event_handler.log_command:Invoking command in '/home/Judy/safmc_uwb/ros/build/uwb_msgs': CMAKE_PREFIX_PATH=${CMAKE_PREFIX_PATH}:/home/Judy/safmc_uwb/ros/install/uwb:/opt/ros/humble /usr/bin/cmake --build /home/Judy/safmc_uwb/ros/build/uwb_msgs -- -j12 -l12
[2.030s] DEBUG:colcon.colcon_core.event_handler.log_command:Invoked command in '/home/Judy/safmc_uwb/ros/build/uwb_msgs' returned '0': CMAKE_PREFIX_PATH=${CMAKE_PREFIX_PATH}:/home/Judy/safmc_uwb/ros/install/uwb:/opt/ros/humble /usr/bin/cmake --build /home/Judy/safmc_uwb/ros/build/uwb_msgs -- -j12 -l12
[2.049s] DEBUG:colcon.colcon_core.event_handler.log_command:Invoking command in '/home/Judy/safmc_uwb/ros/build/uwb_msgs': CMAKE_PREFIX_PATH=${CMAKE_PREFIX_PATH}:/home/Judy/safmc_uwb/ros/install/uwb:/opt/ros/humble /usr/bin/cmake --install /home/Judy/safmc_uwb/ros/build/uwb_msgs
[2.084s] DEBUG:colcon.colcon_core.event_handler.log_command:Invoking command in '/home/Judy/safmc_uwb/ros/src/uwb': PYTHONPATH=/home/Judy/safmc_uwb/ros/build/uwb/prefix_override:/usr/lib/python3/dist-packages/colcon_core/task/python/colcon_distutils_commands:/home/Judy/safmc_uwb/ros/install/uwb/lib/python3.10/site-packages:${PYTHONPATH} /usr/bin/python3 -W ignore:setup.py install is deprecated -W ignore:easy_install command is deprecated setup.py egg_info --egg-base ../../build/uwb build --build-base /home/Judy/safmc_uwb/ros/build/uwb/build install --record /home/Judy/safmc_uwb/ros/build/uwb/install.log --single-version-externally-managed install_data
[2.139s] Level 1:colcon.colcon_core.environment:create_environment_scripts_only(uwb_msgs)
[2.140s] DEBUG:colcon.colcon_core.event_handler.log_command:Invoked command in '/home/Judy/safmc_uwb/ros/build/uwb_msgs' returned '0': CMAKE_PREFIX_PATH=${CMAKE_PREFIX_PATH}:/home/Judy/safmc_uwb/ros/install/uwb:/opt/ros/humble /usr/bin/cmake --install /home/Judy/safmc_uwb/ros/build/uwb_msgs
[2.144s] Level 1:colcon.colcon_core.environment:checking '/home/Judy/safmc_uwb/ros/install/uwb_msgs' for CMake module files
[2.145s] Level 1:colcon.colcon_core.environment:checking '/home/Judy/safmc_uwb/ros/install/uwb_msgs' for CMake config files
[2.145s] Level 1:colcon.colcon_core.shell:create_environment_hook('uwb_msgs', 'cmake_prefix_path')
[2.145s] INFO:colcon.colcon_core.shell:Creating environment hook '/home/Judy/safmc_uwb/ros/install/uwb_msgs/share/uwb_msgs/hook/cmake_prefix_path.ps1'
[2.146s] INFO:colcon.colcon_core.shell:Creating environment descriptor '/home/Judy/safmc_uwb/ros/install/uwb_msgs/share/uwb_msgs/hook/cmake_prefix_path.dsv'
[2.147s] INFO:colcon.colcon_core.shell:Creating environment hook '/home/Judy/safmc_uwb/ros/install/uwb_msgs/share/uwb_msgs/hook/cmake_prefix_path.sh'
[2.148s] Level 1:colcon.colcon_core.environment:checking '/home/Judy/safmc_uwb/ros/install/uwb_msgs/lib'
[2.148s] Level 1:colcon.colcon_core.shell:create_environment_hook('uwb_msgs', 'ld_library_path_lib')
[2.149s] INFO:colcon.colcon_core.shell:Creating environment hook '/home/Judy/safmc_uwb/ros/install/uwb_msgs/share/uwb_msgs/hook/ld_library_path_lib.ps1'
[2.149s] INFO:colcon.colcon_core.shell:Creating environment descriptor '/home/Judy/safmc_uwb/ros/install/uwb_msgs/share/uwb_msgs/hook/ld_library_path_lib.dsv'
[2.150s] INFO:colcon.colcon_core.shell:Creating environment hook '/home/Judy/safmc_uwb/ros/install/uwb_msgs/share/uwb_msgs/hook/ld_library_path_lib.sh'
[2.151s] Level 1:colcon.colcon_core.environment:checking '/home/Judy/safmc_uwb/ros/install/uwb_msgs/bin'
[2.151s] Level 1:colcon.colcon_core.environment:checking '/home/Judy/safmc_uwb/ros/install/uwb_msgs/lib/pkgconfig/uwb_msgs.pc'
[2.151s] Level 1:colcon.colcon_core.environment:checking '/home/Judy/safmc_uwb/ros/install/uwb_msgs/lib/python3.10/site-packages'
[2.151s] Level 1:colcon.colcon_core.environment:checking '/home/Judy/safmc_uwb/ros/install/uwb_msgs/bin'
[2.152s] INFO:colcon.colcon_core.shell:Creating package script '/home/Judy/safmc_uwb/ros/install/uwb_msgs/share/uwb_msgs/package.ps1'
[2.153s] INFO:colcon.colcon_core.shell:Creating package descriptor '/home/Judy/safmc_uwb/ros/install/uwb_msgs/share/uwb_msgs/package.dsv'
[2.154s] INFO:colcon.colcon_core.shell:Creating package script '/home/Judy/safmc_uwb/ros/install/uwb_msgs/share/uwb_msgs/package.sh'
[2.155s] INFO:colcon.colcon_core.shell:Creating package script '/home/Judy/safmc_uwb/ros/install/uwb_msgs/share/uwb_msgs/package.bash'
[2.156s] INFO:colcon.colcon_core.shell:Creating package script '/home/Judy/safmc_uwb/ros/install/uwb_msgs/share/uwb_msgs/package.zsh'
[2.157s] Level 1:colcon.colcon_core.environment:create_file_with_runtime_dependencies(/home/Judy/safmc_uwb/ros/install/uwb_msgs/share/colcon-core/packages/uwb_msgs)
[2.158s] Level 1:colcon.colcon_core.environment:create_environment_scripts_only(uwb_msgs)
[2.158s] Level 1:colcon.colcon_core.environment:checking '/home/Judy/safmc_uwb/ros/install/uwb_msgs' for CMake module files
[2.159s] Level 1:colcon.colcon_core.environment:checking '/home/Judy/safmc_uwb/ros/install/uwb_msgs' for CMake config files
[2.159s] Level 1:colcon.colcon_core.shell:create_environment_hook('uwb_msgs', 'cmake_prefix_path')
[2.160s] INFO:colcon.colcon_core.shell:Creating environment hook '/home/Judy/safmc_uwb/ros/install/uwb_msgs/share/uwb_msgs/hook/cmake_prefix_path.ps1'
[2.175s] INFO:colcon.colcon_core.shell:Creating environment descriptor '/home/Judy/safmc_uwb/ros/install/uwb_msgs/share/uwb_msgs/hook/cmake_prefix_path.dsv'
[2.176s] INFO:colcon.colcon_core.shell:Creating environment hook '/home/Judy/safmc_uwb/ros/install/uwb_msgs/share/uwb_msgs/hook/cmake_prefix_path.sh'
[2.178s] Level 1:colcon.colcon_core.environment:checking '/home/Judy/safmc_uwb/ros/install/uwb_msgs/lib'
[2.178s] Level 1:colcon.colcon_core.shell:create_environment_hook('uwb_msgs', 'ld_library_path_lib')
[2.178s] INFO:colcon.colcon_core.shell:Creating environment hook '/home/Judy/safmc_uwb/ros/install/uwb_msgs/share/uwb_msgs/hook/ld_library_path_lib.ps1'
[2.179s] INFO:colcon.colcon_core.shell:Creating environment descriptor '/home/Judy/safmc_uwb/ros/install/uwb_msgs/share/uwb_msgs/hook/ld_library_path_lib.dsv'
[2.179s] INFO:colcon.colcon_core.shell:Creating environment hook '/home/Judy/safmc_uwb/ros/install/uwb_msgs/share/uwb_msgs/hook/ld_library_path_lib.sh'
[2.180s] Level 1:colcon.colcon_core.environment:checking '/home/Judy/safmc_uwb/ros/install/uwb_msgs/bin'
[2.180s] Level 1:colcon.colcon_core.environment:checking '/home/Judy/safmc_uwb/ros/install/uwb_msgs/lib/pkgconfig/uwb_msgs.pc'
[2.180s] Level 1:colcon.colcon_core.environment:checking '/home/Judy/safmc_uwb/ros/install/uwb_msgs/lib/python3.10/site-packages'
[2.181s] Level 1:colcon.colcon_core.environment:checking '/home/Judy/safmc_uwb/ros/install/uwb_msgs/bin'
[2.181s] INFO:colcon.colcon_core.shell:Creating package script '/home/Judy/safmc_uwb/ros/install/uwb_msgs/share/uwb_msgs/package.ps1'
[2.182s] INFO:colcon.colcon_core.shell:Creating package descriptor '/home/Judy/safmc_uwb/ros/install/uwb_msgs/share/uwb_msgs/package.dsv'
[2.183s] INFO:colcon.colcon_core.shell:Creating package script '/home/Judy/safmc_uwb/ros/install/uwb_msgs/share/uwb_msgs/package.sh'
[2.184s] INFO:colcon.colcon_core.shell:Creating package script '/home/Judy/safmc_uwb/ros/install/uwb_msgs/share/uwb_msgs/package.bash'
[2.185s] INFO:colcon.colcon_core.shell:Creating package script '/home/Judy/safmc_uwb/ros/install/uwb_msgs/share/uwb_msgs/package.zsh'
[2.185s] Level 1:colcon.colcon_core.environment:create_file_with_runtime_dependencies(/home/Judy/safmc_uwb/ros/install/uwb_msgs/share/colcon-core/packages/uwb_msgs)
[2.565s] Level 1:colcon.colcon_core.environment:checking '/home/Judy/safmc_uwb/ros/install/uwb' for CMake module files
[2.566s] DEBUG:colcon.colcon_core.event_handler.log_command:Invoked command in '/home/Judy/safmc_uwb/ros/src/uwb' returned '0': PYTHONPATH=/home/Judy/safmc_uwb/ros/build/uwb/prefix_override:/usr/lib/python3/dist-packages/colcon_core/task/python/colcon_distutils_commands:/home/Judy/safmc_uwb/ros/install/uwb/lib/python3.10/site-packages:${PYTHONPATH} /usr/bin/python3 -W ignore:setup.py install is deprecated -W ignore:easy_install command is deprecated setup.py egg_info --egg-base ../../build/uwb build --build-base /home/Judy/safmc_uwb/ros/build/uwb/build install --record /home/Judy/safmc_uwb/ros/build/uwb/install.log --single-version-externally-managed install_data
[2.567s] Level 1:colcon.colcon_core.environment:checking '/home/Judy/safmc_uwb/ros/install/uwb' for CMake config files
[2.568s] Level 1:colcon.colcon_core.environment:checking '/home/Judy/safmc_uwb/ros/install/uwb/lib'
[2.568s] Level 1:colcon.colcon_core.environment:checking '/home/Judy/safmc_uwb/ros/install/uwb/bin'
[2.568s] Level 1:colcon.colcon_core.environment:checking '/home/Judy/safmc_uwb/ros/install/uwb/lib/pkgconfig/uwb.pc'
[2.569s] Level 1:colcon.colcon_core.environment:checking '/home/Judy/safmc_uwb/ros/install/uwb/lib/python3.10/site-packages'
[2.569s] Level 1:colcon.colcon_core.shell:create_environment_hook('uwb', 'pythonpath')
[2.569s] INFO:colcon.colcon_core.shell:Creating environment hook '/home/Judy/safmc_uwb/ros/install/uwb/share/uwb/hook/pythonpath.ps1'
[2.570s] INFO:colcon.colcon_core.shell:Creating environment descriptor '/home/Judy/safmc_uwb/ros/install/uwb/share/uwb/hook/pythonpath.dsv'
[2.571s] INFO:colcon.colcon_core.shell:Creating environment hook '/home/Judy/safmc_uwb/ros/install/uwb/share/uwb/hook/pythonpath.sh'
[2.572s] Level 1:colcon.colcon_core.environment:checking '/home/Judy/safmc_uwb/ros/install/uwb/bin'
[2.572s] Level 1:colcon.colcon_core.environment:create_environment_scripts_only(uwb)
[2.573s] INFO:colcon.colcon_core.shell:Creating package script '/home/Judy/safmc_uwb/ros/install/uwb/share/uwb/package.ps1'
[2.574s] INFO:colcon.colcon_core.shell:Creating package descriptor '/home/Judy/safmc_uwb/ros/install/uwb/share/uwb/package.dsv'
[2.574s] INFO:colcon.colcon_core.shell:Creating package script '/home/Judy/safmc_uwb/ros/install/uwb/share/uwb/package.sh'
[2.576s] INFO:colcon.colcon_core.shell:Creating package script '/home/Judy/safmc_uwb/ros/install/uwb/share/uwb/package.bash'
[2.576s] INFO:colcon.colcon_core.shell:Creating package script '/home/Judy/safmc_uwb/ros/install/uwb/share/uwb/package.zsh'
[2.577s] Level 1:colcon.colcon_core.environment:create_file_with_runtime_dependencies(/home/Judy/safmc_uwb/ros/install/uwb/share/colcon-core/packages/uwb)
[2.578s] DEBUG:colcon.colcon_parallel_executor.executor.parallel:closing loop
[2.579s] DEBUG:colcon.colcon_parallel_executor.executor.parallel:loop closed
[2.580s] DEBUG:colcon.colcon_parallel_executor.executor.parallel:run_until_complete finished with '0'
[2.580s] DEBUG:colcon.colcon_core.event_reactor:joining thread
[2.590s] INFO:colcon.colcon_core.plugin_system:Skipping extension 'colcon_notification.desktop_notification.terminal_notifier': Not used on non-Darwin systems
[2.590s] INFO:colcon.colcon_core.plugin_system:Skipping extension 'colcon_notification.desktop_notification.win32': Not used on non-Windows systems
[2.590s] INFO:colcon.colcon_notification.desktop_notification:Sending desktop notification using 'notify2'
[2.600s] DEBUG:colcon.colcon_core.event_reactor:joined thread
[2.600s] INFO:colcon.colcon_core.shell:Creating prefix script '/home/Judy/safmc_uwb/ros/install/local_setup.ps1'
[2.603s] INFO:colcon.colcon_core.shell:Creating prefix util module '/home/Judy/safmc_uwb/ros/install/_local_setup_util_ps1.py'
[2.606s] INFO:colcon.colcon_core.shell:Creating prefix chain script '/home/Judy/safmc_uwb/ros/install/setup.ps1'
[2.609s] INFO:colcon.colcon_core.shell:Creating prefix script '/home/Judy/safmc_uwb/ros/install/local_setup.sh'
[2.610s] INFO:colcon.colcon_core.shell:Creating prefix util module '/home/Judy/safmc_uwb/ros/install/_local_setup_util_sh.py'
[2.612s] INFO:colcon.colcon_core.shell:Creating prefix chain script '/home/Judy/safmc_uwb/ros/install/setup.sh'
[2.614s] INFO:colcon.colcon_core.shell:Creating prefix script '/home/Judy/safmc_uwb/ros/install/local_setup.bash'
[2.615s] INFO:colcon.colcon_core.shell:Creating prefix chain script '/home/Judy/safmc_uwb/ros/install/setup.bash'
[2.617s] INFO:colcon.colcon_core.shell:Creating prefix script '/home/Judy/safmc_uwb/ros/install/local_setup.zsh'
[2.618s] INFO:colcon.colcon_core.shell:Creating prefix chain script '/home/Judy/safmc_uwb/ros/install/setup.zsh'
