[0.763s] Invoking command in '/workspace/safmc_uwb/ros/src/uwb': PYTHONPATH=/workspace/safmc_uwb/ros/build/uwb/prefix_override:/usr/lib/python3/dist-packages/colcon_core/task/python/colcon_distutils_commands:/workspace/safmc_uwb/ros/install/uwb/lib/python3.10/site-packages:${PYTHONPATH} /usr/bin/python3 -W ignore:setup.py install is deprecated -W ignore:easy_install command is deprecated setup.py egg_info --egg-base ../../build/uwb build --build-base /workspace/safmc_uwb/ros/build/uwb/build install --record /workspace/safmc_uwb/ros/build/uwb/install.log --single-version-externally-managed install_data
[1.053s] running egg_info
[1.053s] writing ../../build/uwb/uwb.egg-info/PKG-INFO
[1.054s] writing dependency_links to ../../build/uwb/uwb.egg-info/dependency_links.txt
[1.054s] writing entry points to ../../build/uwb/uwb.egg-info/entry_points.txt
[1.054s] writing requirements to ../../build/uwb/uwb.egg-info/requires.txt
[1.054s] writing top-level names to ../../build/uwb/uwb.egg-info/top_level.txt
[1.056s] reading manifest file '../../build/uwb/uwb.egg-info/SOURCES.txt'
[1.057s] writing manifest file '../../build/uwb/uwb.egg-info/SOURCES.txt'
[1.057s] running build
[1.057s] running build_py
[1.058s] running install
[1.058s] running install_lib
[1.060s] running install_data
[1.061s] running install_egg_info
[1.063s] removing '/workspace/safmc_uwb/ros/install/uwb/lib/python3.10/site-packages/uwb-0.0.0-py3.10.egg-info' (and everything under it)
[1.063s] Copying ../../build/uwb/uwb.egg-info to /workspace/safmc_uwb/ros/install/uwb/lib/python3.10/site-packages/uwb-0.0.0-py3.10.egg-info
[1.064s] running install_scripts
[1.092s] Installing uwb script to /workspace/safmc_uwb/ros/install/uwb/lib/uwb
[1.093s] writing list of installed files to '/workspace/safmc_uwb/ros/build/uwb/install.log'
[1.122s] Invoked command in '/workspace/safmc_uwb/ros/src/uwb' returned '0': PYTHONPATH=/workspace/safmc_uwb/ros/build/uwb/prefix_override:/usr/lib/python3/dist-packages/colcon_core/task/python/colcon_distutils_commands:/workspace/safmc_uwb/ros/install/uwb/lib/python3.10/site-packages:${PYTHONPATH} /usr/bin/python3 -W ignore:setup.py install is deprecated -W ignore:easy_install command is deprecated setup.py egg_info --egg-base ../../build/uwb build --build-base /workspace/safmc_uwb/ros/build/uwb/build install --record /workspace/safmc_uwb/ros/build/uwb/install.log --single-version-externally-managed install_data
