[0.344s] Invoking command in '/workspace/safmc_uwb/ros/src/uwb': PYTHONPATH=/workspace/safmc_uwb/ros/build/uwb/prefix_override:/usr/lib/python3/dist-packages/colcon_core/task/python/colcon_distutils_commands:/workspace/safmc_uwb/ros/install/uwb/lib/python3.10/site-packages:${PYTHONPATH} /usr/bin/python3 -W ignore:setup.py install is deprecated -W ignore:easy_install command is deprecated setup.py egg_info --egg-base ../../build/uwb build --build-base /workspace/safmc_uwb/ros/build/uwb/build install --record /workspace/safmc_uwb/ros/build/uwb/install.log --single-version-externally-managed install_data
[0.466s] running egg_info
[0.466s] creating ../../build/uwb/uwb.egg-info
[0.466s] writing ../../build/uwb/uwb.egg-info/PKG-INFO
[0.466s] writing dependency_links to ../../build/uwb/uwb.egg-info/dependency_links.txt
[0.466s] writing entry points to ../../build/uwb/uwb.egg-info/entry_points.txt
[0.466s] writing requirements to ../../build/uwb/uwb.egg-info/requires.txt
[0.466s] writing top-level names to ../../build/uwb/uwb.egg-info/top_level.txt
[0.466s] writing manifest file '../../build/uwb/uwb.egg-info/SOURCES.txt'
[0.467s] reading manifest file '../../build/uwb/uwb.egg-info/SOURCES.txt'
[0.468s] writing manifest file '../../build/uwb/uwb.egg-info/SOURCES.txt'
[0.468s] running build
[0.468s] running build_py
[0.468s] creating /workspace/safmc_uwb/ros/build/uwb/build
[0.468s] creating /workspace/safmc_uwb/ros/build/uwb/build/lib
[0.468s] creating /workspace/safmc_uwb/ros/build/uwb/build/lib/uwb
[0.468s] copying uwb/range_publisher.py -> /workspace/safmc_uwb/ros/build/uwb/build/lib/uwb
[0.468s] copying uwb/__init__.py -> /workspace/safmc_uwb/ros/build/uwb/build/lib/uwb
[0.468s] copying uwb/position_publisher.py -> /workspace/safmc_uwb/ros/build/uwb/build/lib/uwb
[0.468s] running install
[0.468s] running install_lib
[0.468s] creating /workspace/safmc_uwb/ros/install/uwb/lib/python3.10/site-packages/uwb
[0.468s] copying /workspace/safmc_uwb/ros/build/uwb/build/lib/uwb/range_publisher.py -> /workspace/safmc_uwb/ros/install/uwb/lib/python3.10/site-packages/uwb
[0.468s] copying /workspace/safmc_uwb/ros/build/uwb/build/lib/uwb/__init__.py -> /workspace/safmc_uwb/ros/install/uwb/lib/python3.10/site-packages/uwb
[0.469s] copying /workspace/safmc_uwb/ros/build/uwb/build/lib/uwb/position_publisher.py -> /workspace/safmc_uwb/ros/install/uwb/lib/python3.10/site-packages/uwb
[0.469s] byte-compiling /workspace/safmc_uwb/ros/install/uwb/lib/python3.10/site-packages/uwb/range_publisher.py to range_publisher.cpython-310.pyc
[0.469s] byte-compiling /workspace/safmc_uwb/ros/install/uwb/lib/python3.10/site-packages/uwb/__init__.py to __init__.cpython-310.pyc
[0.469s] byte-compiling /workspace/safmc_uwb/ros/install/uwb/lib/python3.10/site-packages/uwb/position_publisher.py to position_publisher.cpython-310.pyc
[0.469s] running install_data
[0.469s] creating /workspace/safmc_uwb/ros/install/uwb/share/ament_index
[0.469s] creating /workspace/safmc_uwb/ros/install/uwb/share/ament_index/resource_index
[0.469s] creating /workspace/safmc_uwb/ros/install/uwb/share/ament_index/resource_index/packages
[0.469s] copying resource/uwb -> /workspace/safmc_uwb/ros/install/uwb/share/ament_index/resource_index/packages
[0.469s] copying package.xml -> /workspace/safmc_uwb/ros/install/uwb/share/uwb
[0.469s] running install_egg_info
[0.470s] Copying ../../build/uwb/uwb.egg-info to /workspace/safmc_uwb/ros/install/uwb/lib/python3.10/site-packages/uwb-0.0.0-py3.10.egg-info
[0.471s] running install_scripts
[0.483s] writing list of installed files to '/workspace/safmc_uwb/ros/build/uwb/install.log'
[0.496s] Invoked command in '/workspace/safmc_uwb/ros/src/uwb' returned '0': PYTHONPATH=/workspace/safmc_uwb/ros/build/uwb/prefix_override:/usr/lib/python3/dist-packages/colcon_core/task/python/colcon_distutils_commands:/workspace/safmc_uwb/ros/install/uwb/lib/python3.10/site-packages:${PYTHONPATH} /usr/bin/python3 -W ignore:setup.py install is deprecated -W ignore:easy_install command is deprecated setup.py egg_info --egg-base ../../build/uwb build --build-base /workspace/safmc_uwb/ros/build/uwb/build install --record /workspace/safmc_uwb/ros/build/uwb/install.log --single-version-externally-managed install_data
