[0.302s] DEBUG:colcon:Command line arguments: ['/usr/bin/colcon', 'build']
[0.302s] DEBUG:colcon:Parsed command line arguments: Namespace(log_base=None, log_level=None, verb_name='build', build_base='build', install_base='install', merge_install=False, symlink_install=False, test_result_base=None, continue_on_error=False, executor='parallel', parallel_workers=12, event_handlers=None, ignore_user_meta=False, metas=['./colcon.meta'], base_paths=['.'], packages_ignore=None, packages_ignore_regex=None, paths=None, packages_up_to=None, packages_up_to_regex=None, packages_above=None, packages_above_and_dependencies=None, packages_above_depth=None, packages_select_by_dep=None, packages_skip_by_dep=None, packages_skip_up_to=None, packages_select_build_failed=False, packages_skip_build_finished=False, packages_select_test_failures=False, packages_skip_test_passed=False, packages_select=None, packages_skip=None, packages_select_regex=None, packages_skip_regex=None, packages_start=None, packages_end=None, allow_overriding=[], cmake_args=None, cmake_target=None, cmake_target_skip_unavailable=False, cmake_clean_cache=False, cmake_clean_first=False, cmake_force_configure=False, ament_cmake_args=None, catkin_cmake_args=None, catkin_skip_building_tests=False, mixin_files=None, mixin=None, verb_parser=<colcon_mixin.mixin.mixin_argument.MixinArgumentDecorator object at 0x7f5f1e2fb9a0>, verb_extension=<colcon_core.verb.build.BuildVerb object at 0x7f5f1e4b8f40>, main=<bound method BuildVerb.main of <colcon_core.verb.build.BuildVerb object at 0x7f5f1e4b8f40>>, mixin_verb=('build',))
[0.681s] Level 1:colcon.colcon_core.package_discovery:discover_packages(colcon_meta) check parameters
[0.682s] Level 1:colcon.colcon_core.package_discovery:discover_packages(recursive) check parameters
[0.682s] Level 1:colcon.colcon_core.package_discovery:discover_packages(ignore) check parameters
[0.682s] Level 1:colcon.colcon_core.package_discovery:discover_packages(path) check parameters
[0.682s] Level 1:colcon.colcon_core.package_discovery:discover_packages(colcon_meta) discover
[0.683s] Level 1:colcon.colcon_core.package_discovery:discover_packages(recursive) discover
[0.683s] INFO:colcon.colcon_core.package_discovery:Crawling recursively for packages in '/home/Judy/safmc_uwb/ros'
[0.683s] Level 1:colcon.colcon_core.package_identification:_identify(.) by extensions ['ignore', 'ignore_ament_install']
[0.683s] Level 1:colcon.colcon_core.package_identification:_identify(.) by extension 'ignore'
[0.684s] Level 1:colcon.colcon_core.package_identification:_identify(.) by extension 'ignore_ament_install'
[0.684s] Level 1:colcon.colcon_core.package_identification:_identify(.) by extensions ['colcon_pkg']
[0.684s] Level 1:colcon.colcon_core.package_identification:_identify(.) by extension 'colcon_pkg'
[0.684s] Level 1:colcon.colcon_core.package_identification:_identify(.) by extensions ['colcon_meta']
[0.684s] Level 1:colcon.colcon_core.package_identification:_identify(.) by extension 'colcon_meta'
[0.684s] Level 1:colcon.colcon_core.package_identification:_identify(.) by extensions ['ros']
[0.685s] Level 1:colcon.colcon_core.package_identification:_identify(.) by extension 'ros'
[0.707s] Level 1:colcon.colcon_core.package_identification:_identify(.) by extensions ['cmake', 'python']
[0.707s] Level 1:colcon.colcon_core.package_identification:_identify(.) by extension 'cmake'
[0.707s] Level 1:colcon.colcon_core.package_identification:_identify(.) by extension 'python'
[0.707s] Level 1:colcon.colcon_core.package_identification:_identify(.) by extensions ['python_setup_py']
[0.708s] Level 1:colcon.colcon_core.package_identification:_identify(.) by extension 'python_setup_py'
[0.708s] Level 1:colcon.colcon_core.package_identification:_identify(build) by extensions ['ignore', 'ignore_ament_install']
[0.708s] Level 1:colcon.colcon_core.package_identification:_identify(build) by extension 'ignore'
[0.708s] Level 1:colcon.colcon_core.package_identification:_identify(build) ignored
[0.709s] Level 1:colcon.colcon_core.package_identification:_identify(install) by extensions ['ignore', 'ignore_ament_install']
[0.709s] Level 1:colcon.colcon_core.package_identification:_identify(install) by extension 'ignore'
[0.709s] Level 1:colcon.colcon_core.package_identification:_identify(install) ignored
[0.709s] Level 1:colcon.colcon_core.package_identification:_identify(log) by extensions ['ignore', 'ignore_ament_install']
[0.709s] Level 1:colcon.colcon_core.package_identification:_identify(log) by extension 'ignore'
[0.710s] Level 1:colcon.colcon_core.package_identification:_identify(log) ignored
[0.710s] Level 1:colcon.colcon_core.package_identification:_identify(src) by extensions ['ignore', 'ignore_ament_install']
[0.710s] Level 1:colcon.colcon_core.package_identification:_identify(src) by extension 'ignore'
[0.710s] Level 1:colcon.colcon_core.package_identification:_identify(src) by extension 'ignore_ament_install'
[0.710s] Level 1:colcon.colcon_core.package_identification:_identify(src) by extensions ['colcon_pkg']
[0.710s] Level 1:colcon.colcon_core.package_identification:_identify(src) by extension 'colcon_pkg'
[0.710s] Level 1:colcon.colcon_core.package_identification:_identify(src) by extensions ['colcon_meta']
[0.711s] Level 1:colcon.colcon_core.package_identification:_identify(src) by extension 'colcon_meta'
[0.711s] Level 1:colcon.colcon_core.package_identification:_identify(src) by extensions ['ros']
[0.711s] Level 1:colcon.colcon_core.package_identification:_identify(src) by extension 'ros'
[0.711s] Level 1:colcon.colcon_core.package_identification:_identify(src) by extensions ['cmake', 'python']
[0.711s] Level 1:colcon.colcon_core.package_identification:_identify(src) by extension 'cmake'
[0.711s] Level 1:colcon.colcon_core.package_identification:_identify(src) by extension 'python'
[0.711s] Level 1:colcon.colcon_core.package_identification:_identify(src) by extensions ['python_setup_py']
[0.711s] Level 1:colcon.colcon_core.package_identification:_identify(src) by extension 'python_setup_py'
[0.711s] Level 1:colcon.colcon_core.package_identification:_identify(src/build) by extensions ['ignore', 'ignore_ament_install']
[0.712s] Level 1:colcon.colcon_core.package_identification:_identify(src/build) by extension 'ignore'
[0.712s] Level 1:colcon.colcon_core.package_identification:_identify(src/build) ignored
[0.712s] Level 1:colcon.colcon_core.package_identification:_identify(src/install) by extensions ['ignore', 'ignore_ament_install']
[0.712s] Level 1:colcon.colcon_core.package_identification:_identify(src/install) by extension 'ignore'
[0.713s] Level 1:colcon.colcon_core.package_identification:_identify(src/install) ignored
[0.713s] Level 1:colcon.colcon_core.package_identification:_identify(src/log) by extensions ['ignore', 'ignore_ament_install']
[0.713s] Level 1:colcon.colcon_core.package_identification:_identify(src/log) by extension 'ignore'
[0.713s] Level 1:colcon.colcon_core.package_identification:_identify(src/log) ignored
[0.713s] Level 1:colcon.colcon_core.package_identification:_identify(src/uwb) by extensions ['ignore', 'ignore_ament_install']
[0.714s] Level 1:colcon.colcon_core.package_identification:_identify(src/uwb) by extension 'ignore'
[0.714s] Level 1:colcon.colcon_core.package_identification:_identify(src/uwb) by extension 'ignore_ament_install'
[0.714s] Level 1:colcon.colcon_core.package_identification:_identify(src/uwb) by extensions ['colcon_pkg']
[0.714s] Level 1:colcon.colcon_core.package_identification:_identify(src/uwb) by extension 'colcon_pkg'
[0.714s] Level 1:colcon.colcon_core.package_identification:_identify(src/uwb) by extensions ['colcon_meta']
[0.714s] Level 1:colcon.colcon_core.package_identification:_identify(src/uwb) by extension 'colcon_meta'
[0.715s] Level 1:colcon.colcon_core.package_identification:_identify(src/uwb) by extensions ['ros']
[0.715s] Level 1:colcon.colcon_core.package_identification:_identify(src/uwb) by extension 'ros'
[0.720s] DEBUG:colcon.colcon_core.package_identification:Package 'src/uwb' with type 'ros.ament_python' and name 'uwb'
[0.720s] Level 1:colcon.colcon_core.package_identification:_identify(src/uwb_msgs) by extensions ['ignore', 'ignore_ament_install']
[0.721s] Level 1:colcon.colcon_core.package_identification:_identify(src/uwb_msgs) by extension 'ignore'
[0.721s] Level 1:colcon.colcon_core.package_identification:_identify(src/uwb_msgs) by extension 'ignore_ament_install'
[0.721s] Level 1:colcon.colcon_core.package_identification:_identify(src/uwb_msgs) by extensions ['colcon_pkg']
[0.721s] Level 1:colcon.colcon_core.package_identification:_identify(src/uwb_msgs) by extension 'colcon_pkg'
[0.722s] Level 1:colcon.colcon_core.package_identification:_identify(src/uwb_msgs) by extensions ['colcon_meta']
[0.722s] Level 1:colcon.colcon_core.package_identification:_identify(src/uwb_msgs) by extension 'colcon_meta'
[0.722s] Level 1:colcon.colcon_core.package_identification:_identify(src/uwb_msgs) by extensions ['ros']
[0.722s] Level 1:colcon.colcon_core.package_identification:_identify(src/uwb_msgs) by extension 'ros'
[0.723s] DEBUG:colcon.colcon_core.package_identification:Package 'src/uwb_msgs' with type 'ros.ament_cmake' and name 'uwb_msgs'
[0.724s] Level 1:colcon.colcon_core.package_identification:_identify(test) by extensions ['ignore', 'ignore_ament_install']
[0.724s] Level 1:colcon.colcon_core.package_identification:_identify(test) by extension 'ignore'
[0.724s] Level 1:colcon.colcon_core.package_identification:_identify(test) by extension 'ignore_ament_install'
[0.724s] Level 1:colcon.colcon_core.package_identification:_identify(test) by extensions ['colcon_pkg']
[0.724s] Level 1:colcon.colcon_core.package_identification:_identify(test) by extension 'colcon_pkg'
[0.725s] Level 1:colcon.colcon_core.package_identification:_identify(test) by extensions ['colcon_meta']
[0.725s] Level 1:colcon.colcon_core.package_identification:_identify(test) by extension 'colcon_meta'
[0.725s] Level 1:colcon.colcon_core.package_identification:_identify(test) by extensions ['ros']
[0.725s] Level 1:colcon.colcon_core.package_identification:_identify(test) by extension 'ros'
[0.725s] Level 1:colcon.colcon_core.package_identification:_identify(test) by extensions ['cmake', 'python']
[0.725s] Level 1:colcon.colcon_core.package_identification:_identify(test) by extension 'cmake'
[0.725s] Level 1:colcon.colcon_core.package_identification:_identify(test) by extension 'python'
[0.725s] Level 1:colcon.colcon_core.package_identification:_identify(test) by extensions ['python_setup_py']
[0.725s] Level 1:colcon.colcon_core.package_identification:_identify(test) by extension 'python_setup_py'
[0.726s] Level 1:colcon.colcon_core.package_discovery:discover_packages(recursive) using defaults
[0.726s] Level 1:colcon.colcon_core.package_discovery:discover_packages(ignore) discover
[0.726s] Level 1:colcon.colcon_core.package_discovery:discover_packages(ignore) using defaults
[0.726s] Level 1:colcon.colcon_core.package_discovery:discover_packages(path) discover
[0.726s] Level 1:colcon.colcon_core.package_discovery:discover_packages(path) using defaults
[0.810s] Level 1:colcon.colcon_core.package_discovery:discover_packages(prefix_path) check parameters
[0.811s] Level 1:colcon.colcon_core.package_discovery:discover_packages(prefix_path) discover
[0.815s] DEBUG:colcon.colcon_installed_package_information.package_discovery:Found 3 installed packages in /home/Judy/safmc_uwb/ros/install
[0.817s] DEBUG:colcon.colcon_installed_package_information.package_discovery:Found 317 installed packages in /opt/ros/humble
[0.819s] Level 1:colcon.colcon_core.package_discovery:discover_packages(prefix_path) using defaults
[0.891s] Level 5:colcon.colcon_core.verb:set package 'uwb' build argument 'cmake_args' from command line to 'None'
[0.892s] Level 5:colcon.colcon_core.verb:set package 'uwb' build argument 'cmake_target' from command line to 'None'
[0.892s] Level 5:colcon.colcon_core.verb:set package 'uwb' build argument 'cmake_target_skip_unavailable' from command line to 'False'
[0.892s] Level 5:colcon.colcon_core.verb:set package 'uwb' build argument 'cmake_clean_cache' from command line to 'False'
[0.892s] Level 5:colcon.colcon_core.verb:set package 'uwb' build argument 'cmake_clean_first' from command line to 'False'
[0.892s] Level 5:colcon.colcon_core.verb:set package 'uwb' build argument 'cmake_force_configure' from command line to 'False'
[0.892s] Level 5:colcon.colcon_core.verb:set package 'uwb' build argument 'ament_cmake_args' from command line to 'None'
[0.892s] Level 5:colcon.colcon_core.verb:set package 'uwb' build argument 'catkin_cmake_args' from command line to 'None'
[0.892s] Level 5:colcon.colcon_core.verb:set package 'uwb' build argument 'catkin_skip_building_tests' from command line to 'False'
[0.892s] DEBUG:colcon.colcon_core.verb:Building package 'uwb' with the following arguments: {'ament_cmake_args': None, 'build_base': '/home/Judy/safmc_uwb/ros/build/uwb', 'catkin_cmake_args': None, 'catkin_skip_building_tests': False, 'cmake_args': None, 'cmake_clean_cache': False, 'cmake_clean_first': False, 'cmake_force_configure': False, 'cmake_target': None, 'cmake_target_skip_unavailable': False, 'install_base': '/home/Judy/safmc_uwb/ros/install/uwb', 'merge_install': False, 'path': '/home/Judy/safmc_uwb/ros/src/uwb', 'symlink_install': False, 'test_result_base': None}
[0.893s] Level 5:colcon.colcon_core.verb:set package 'uwb_msgs' build argument 'cmake_args' from command line to 'None'
[0.893s] Level 5:colcon.colcon_core.verb:set package 'uwb_msgs' build argument 'cmake_target' from command line to 'None'
[0.893s] Level 5:colcon.colcon_core.verb:set package 'uwb_msgs' build argument 'cmake_target_skip_unavailable' from command line to 'False'
[0.893s] Level 5:colcon.colcon_core.verb:set package 'uwb_msgs' build argument 'cmake_clean_cache' from command line to 'False'
[0.893s] Level 5:colcon.colcon_core.verb:set package 'uwb_msgs' build argument 'cmake_clean_first' from command line to 'False'
[0.893s] Level 5:colcon.colcon_core.verb:set package 'uwb_msgs' build argument 'cmake_force_configure' from command line to 'False'
[0.893s] Level 5:colcon.colcon_core.verb:set package 'uwb_msgs' build argument 'ament_cmake_args' from command line to 'None'
[0.893s] Level 5:colcon.colcon_core.verb:set package 'uwb_msgs' build argument 'catkin_cmake_args' from command line to 'None'
[0.893s] Level 5:colcon.colcon_core.verb:set package 'uwb_msgs' build argument 'catkin_skip_building_tests' from command line to 'False'
[0.893s] DEBUG:colcon.colcon_core.verb:Building package 'uwb_msgs' with the following arguments: {'ament_cmake_args': None, 'build_base': '/home/Judy/safmc_uwb/ros/build/uwb_msgs', 'catkin_cmake_args': None, 'catkin_skip_building_tests': False, 'cmake_args': None, 'cmake_clean_cache': False, 'cmake_clean_first': False, 'cmake_force_configure': False, 'cmake_target': None, 'cmake_target_skip_unavailable': False, 'install_base': '/home/Judy/safmc_uwb/ros/install/uwb_msgs', 'merge_install': False, 'path': '/home/Judy/safmc_uwb/ros/src/uwb_msgs', 'symlink_install': False, 'test_result_base': None}
[0.894s] INFO:colcon.colcon_core.executor:Executing jobs using 'parallel' executor
[0.896s] DEBUG:colcon.colcon_parallel_executor.executor.parallel:run_until_complete
[0.897s] INFO:colcon.colcon_ros.task.ament_python.build:Building ROS package in '/home/Judy/safmc_uwb/ros/src/uwb' with build type 'ament_python'
[0.897s] Level 1:colcon.colcon_core.shell:create_environment_hook('uwb', 'ament_prefix_path')
[0.902s] INFO:colcon.colcon_core.plugin_system:Skipping extension 'colcon_core.shell.bat': Not used on non-Windows systems
[0.902s] INFO:colcon.colcon_core.shell:Creating environment hook '/home/Judy/safmc_uwb/ros/install/uwb/share/uwb/hook/ament_prefix_path.ps1'
[0.904s] INFO:colcon.colcon_core.shell:Creating environment descriptor '/home/Judy/safmc_uwb/ros/install/uwb/share/uwb/hook/ament_prefix_path.dsv'
[0.905s] INFO:colcon.colcon_core.shell:Creating environment hook '/home/Judy/safmc_uwb/ros/install/uwb/share/uwb/hook/ament_prefix_path.sh'
[0.908s] INFO:colcon.colcon_core.shell:Skip shell extension 'powershell' for command environment: Not usable outside of PowerShell
[0.908s] DEBUG:colcon.colcon_core.shell:Skip shell extension 'dsv' for command environment
[0.916s] INFO:colcon.colcon_ros.task.ament_cmake.build:Building ROS package in '/home/Judy/safmc_uwb/ros/src/uwb_msgs' with build type 'ament_cmake'
[0.917s] INFO:colcon.colcon_cmake.task.cmake.build:Building CMake package in '/home/Judy/safmc_uwb/ros/src/uwb_msgs'
[0.918s] INFO:colcon.colcon_core.shell:Skip shell extension 'powershell' for command environment: Not usable outside of PowerShell
[0.918s] DEBUG:colcon.colcon_core.shell:Skip shell extension 'dsv' for command environment
[1.378s] INFO:colcon.colcon_core.task.python.build:Building Python package in '/home/Judy/safmc_uwb/ros/src/uwb'
[1.379s] INFO:colcon.colcon_core.shell:Skip shell extension 'powershell' for command environment: Not usable outside of PowerShell
[1.379s] DEBUG:colcon.colcon_core.shell:Skip shell extension 'dsv' for command environment
[1.398s] DEBUG:colcon.colcon_core.event_handler.log_command:Invoking command in '/home/Judy/safmc_uwb/ros/build/uwb_msgs': CMAKE_PREFIX_PATH=${CMAKE_PREFIX_PATH}:/home/Judy/safmc_uwb/ros/install/uwb:/opt/ros/humble /usr/bin/cmake --build /home/Judy/safmc_uwb/ros/build/uwb_msgs -- -j12 -l12
[2.244s] DEBUG:colcon.colcon_core.event_handler.log_command:Invoked command in '/home/Judy/safmc_uwb/ros/build/uwb_msgs' returned '0': CMAKE_PREFIX_PATH=${CMAKE_PREFIX_PATH}:/home/Judy/safmc_uwb/ros/install/uwb:/opt/ros/humble /usr/bin/cmake --build /home/Judy/safmc_uwb/ros/build/uwb_msgs -- -j12 -l12
[2.267s] DEBUG:colcon.colcon_core.event_handler.log_command:Invoking command in '/home/Judy/safmc_uwb/ros/build/uwb_msgs': CMAKE_PREFIX_PATH=${CMAKE_PREFIX_PATH}:/home/Judy/safmc_uwb/ros/install/uwb:/opt/ros/humble /usr/bin/cmake --install /home/Judy/safmc_uwb/ros/build/uwb_msgs
[2.345s] DEBUG:colcon.colcon_core.event_handler.log_command:Invoking command in '/home/Judy/safmc_uwb/ros/src/uwb': PYTHONPATH=/home/Judy/safmc_uwb/ros/build/uwb/prefix_override:/usr/lib/python3/dist-packages/colcon_core/task/python/colcon_distutils_commands:/home/Judy/safmc_uwb/ros/install/uwb/lib/python3.10/site-packages:${PYTHONPATH} /usr/bin/python3 -W ignore:setup.py install is deprecated -W ignore:easy_install command is deprecated setup.py egg_info --egg-base ../../build/uwb build --build-base /home/Judy/safmc_uwb/ros/build/uwb/build install --record /home/Judy/safmc_uwb/ros/build/uwb/install.log --single-version-externally-managed install_data
[2.382s] Level 1:colcon.colcon_core.environment:create_environment_scripts_only(uwb_msgs)
[2.383s] DEBUG:colcon.colcon_core.event_handler.log_command:Invoked command in '/home/Judy/safmc_uwb/ros/build/uwb_msgs' returned '0': CMAKE_PREFIX_PATH=${CMAKE_PREFIX_PATH}:/home/Judy/safmc_uwb/ros/install/uwb:/opt/ros/humble /usr/bin/cmake --install /home/Judy/safmc_uwb/ros/build/uwb_msgs
[2.387s] Level 1:colcon.colcon_core.environment:checking '/home/Judy/safmc_uwb/ros/install/uwb_msgs' for CMake module files
[2.387s] Level 1:colcon.colcon_core.environment:checking '/home/Judy/safmc_uwb/ros/install/uwb_msgs' for CMake config files
[2.388s] Level 1:colcon.colcon_core.shell:create_environment_hook('uwb_msgs', 'cmake_prefix_path')
[2.389s] INFO:colcon.colcon_core.shell:Creating environment hook '/home/Judy/safmc_uwb/ros/install/uwb_msgs/share/uwb_msgs/hook/cmake_prefix_path.ps1'
[2.390s] INFO:colcon.colcon_core.shell:Creating environment descriptor '/home/Judy/safmc_uwb/ros/install/uwb_msgs/share/uwb_msgs/hook/cmake_prefix_path.dsv'
[2.390s] INFO:colcon.colcon_core.shell:Creating environment hook '/home/Judy/safmc_uwb/ros/install/uwb_msgs/share/uwb_msgs/hook/cmake_prefix_path.sh'
[2.392s] Level 1:colcon.colcon_core.environment:checking '/home/Judy/safmc_uwb/ros/install/uwb_msgs/lib'
[2.392s] Level 1:colcon.colcon_core.shell:create_environment_hook('uwb_msgs', 'ld_library_path_lib')
[2.392s] INFO:colcon.colcon_core.shell:Creating environment hook '/home/Judy/safmc_uwb/ros/install/uwb_msgs/share/uwb_msgs/hook/ld_library_path_lib.ps1'
[2.393s] INFO:colcon.colcon_core.shell:Creating environment descriptor '/home/Judy/safmc_uwb/ros/install/uwb_msgs/share/uwb_msgs/hook/ld_library_path_lib.dsv'
[2.393s] INFO:colcon.colcon_core.shell:Creating environment hook '/home/Judy/safmc_uwb/ros/install/uwb_msgs/share/uwb_msgs/hook/ld_library_path_lib.sh'
[2.394s] Level 1:colcon.colcon_core.environment:checking '/home/Judy/safmc_uwb/ros/install/uwb_msgs/bin'
[2.394s] Level 1:colcon.colcon_core.environment:checking '/home/Judy/safmc_uwb/ros/install/uwb_msgs/lib/pkgconfig/uwb_msgs.pc'
[2.395s] Level 1:colcon.colcon_core.environment:checking '/home/Judy/safmc_uwb/ros/install/uwb_msgs/lib/python3.10/site-packages'
[2.395s] Level 1:colcon.colcon_core.environment:checking '/home/Judy/safmc_uwb/ros/install/uwb_msgs/bin'
[2.396s] INFO:colcon.colcon_core.shell:Creating package script '/home/Judy/safmc_uwb/ros/install/uwb_msgs/share/uwb_msgs/package.ps1'
[2.397s] INFO:colcon.colcon_core.shell:Creating package descriptor '/home/Judy/safmc_uwb/ros/install/uwb_msgs/share/uwb_msgs/package.dsv'
[2.398s] INFO:colcon.colcon_core.shell:Creating package script '/home/Judy/safmc_uwb/ros/install/uwb_msgs/share/uwb_msgs/package.sh'
[2.400s] INFO:colcon.colcon_core.shell:Creating package script '/home/Judy/safmc_uwb/ros/install/uwb_msgs/share/uwb_msgs/package.bash'
[2.402s] INFO:colcon.colcon_core.shell:Creating package script '/home/Judy/safmc_uwb/ros/install/uwb_msgs/share/uwb_msgs/package.zsh'
[2.403s] Level 1:colcon.colcon_core.environment:create_file_with_runtime_dependencies(/home/Judy/safmc_uwb/ros/install/uwb_msgs/share/colcon-core/packages/uwb_msgs)
[2.405s] Level 1:colcon.colcon_core.environment:create_environment_scripts_only(uwb_msgs)
[2.406s] Level 1:colcon.colcon_core.environment:checking '/home/Judy/safmc_uwb/ros/install/uwb_msgs' for CMake module files
[2.408s] Level 1:colcon.colcon_core.environment:checking '/home/Judy/safmc_uwb/ros/install/uwb_msgs' for CMake config files
[2.409s] Level 1:colcon.colcon_core.shell:create_environment_hook('uwb_msgs', 'cmake_prefix_path')
[2.409s] INFO:colcon.colcon_core.shell:Creating environment hook '/home/Judy/safmc_uwb/ros/install/uwb_msgs/share/uwb_msgs/hook/cmake_prefix_path.ps1'
[2.414s] INFO:colcon.colcon_core.shell:Creating environment descriptor '/home/Judy/safmc_uwb/ros/install/uwb_msgs/share/uwb_msgs/hook/cmake_prefix_path.dsv'
[2.414s] INFO:colcon.colcon_core.shell:Creating environment hook '/home/Judy/safmc_uwb/ros/install/uwb_msgs/share/uwb_msgs/hook/cmake_prefix_path.sh'
[2.416s] Level 1:colcon.colcon_core.environment:checking '/home/Judy/safmc_uwb/ros/install/uwb_msgs/lib'
[2.416s] Level 1:colcon.colcon_core.shell:create_environment_hook('uwb_msgs', 'ld_library_path_lib')
[2.416s] INFO:colcon.colcon_core.shell:Creating environment hook '/home/Judy/safmc_uwb/ros/install/uwb_msgs/share/uwb_msgs/hook/ld_library_path_lib.ps1'
[2.417s] INFO:colcon.colcon_core.shell:Creating environment descriptor '/home/Judy/safmc_uwb/ros/install/uwb_msgs/share/uwb_msgs/hook/ld_library_path_lib.dsv'
[2.418s] INFO:colcon.colcon_core.shell:Creating environment hook '/home/Judy/safmc_uwb/ros/install/uwb_msgs/share/uwb_msgs/hook/ld_library_path_lib.sh'
[2.418s] Level 1:colcon.colcon_core.environment:checking '/home/Judy/safmc_uwb/ros/install/uwb_msgs/bin'
[2.419s] Level 1:colcon.colcon_core.environment:checking '/home/Judy/safmc_uwb/ros/install/uwb_msgs/lib/pkgconfig/uwb_msgs.pc'
[2.419s] Level 1:colcon.colcon_core.environment:checking '/home/Judy/safmc_uwb/ros/install/uwb_msgs/lib/python3.10/site-packages'
[2.420s] Level 1:colcon.colcon_core.environment:checking '/home/Judy/safmc_uwb/ros/install/uwb_msgs/bin'
[2.420s] INFO:colcon.colcon_core.shell:Creating package script '/home/Judy/safmc_uwb/ros/install/uwb_msgs/share/uwb_msgs/package.ps1'
[2.421s] INFO:colcon.colcon_core.shell:Creating package descriptor '/home/Judy/safmc_uwb/ros/install/uwb_msgs/share/uwb_msgs/package.dsv'
[2.422s] INFO:colcon.colcon_core.shell:Creating package script '/home/Judy/safmc_uwb/ros/install/uwb_msgs/share/uwb_msgs/package.sh'
[2.423s] INFO:colcon.colcon_core.shell:Creating package script '/home/Judy/safmc_uwb/ros/install/uwb_msgs/share/uwb_msgs/package.bash'
[2.423s] INFO:colcon.colcon_core.shell:Creating package script '/home/Judy/safmc_uwb/ros/install/uwb_msgs/share/uwb_msgs/package.zsh'
[2.424s] Level 1:colcon.colcon_core.environment:create_file_with_runtime_dependencies(/home/Judy/safmc_uwb/ros/install/uwb_msgs/share/colcon-core/packages/uwb_msgs)
[2.951s] Level 1:colcon.colcon_core.environment:checking '/home/Judy/safmc_uwb/ros/install/uwb' for CMake module files
[2.953s] DEBUG:colcon.colcon_core.event_handler.log_command:Invoked command in '/home/Judy/safmc_uwb/ros/src/uwb' returned '0': PYTHONPATH=/home/Judy/safmc_uwb/ros/build/uwb/prefix_override:/usr/lib/python3/dist-packages/colcon_core/task/python/colcon_distutils_commands:/home/Judy/safmc_uwb/ros/install/uwb/lib/python3.10/site-packages:${PYTHONPATH} /usr/bin/python3 -W ignore:setup.py install is deprecated -W ignore:easy_install command is deprecated setup.py egg_info --egg-base ../../build/uwb build --build-base /home/Judy/safmc_uwb/ros/build/uwb/build install --record /home/Judy/safmc_uwb/ros/build/uwb/install.log --single-version-externally-managed install_data
[2.953s] Level 1:colcon.colcon_core.environment:checking '/home/Judy/safmc_uwb/ros/install/uwb' for CMake config files
[2.954s] Level 1:colcon.colcon_core.environment:checking '/home/Judy/safmc_uwb/ros/install/uwb/lib'
[2.955s] Level 1:colcon.colcon_core.environment:checking '/home/Judy/safmc_uwb/ros/install/uwb/bin'
[2.955s] Level 1:colcon.colcon_core.environment:checking '/home/Judy/safmc_uwb/ros/install/uwb/lib/pkgconfig/uwb.pc'
[2.955s] Level 1:colcon.colcon_core.environment:checking '/home/Judy/safmc_uwb/ros/install/uwb/lib/python3.10/site-packages'
[2.955s] Level 1:colcon.colcon_core.shell:create_environment_hook('uwb', 'pythonpath')
[2.956s] INFO:colcon.colcon_core.shell:Creating environment hook '/home/Judy/safmc_uwb/ros/install/uwb/share/uwb/hook/pythonpath.ps1'
[2.957s] INFO:colcon.colcon_core.shell:Creating environment descriptor '/home/Judy/safmc_uwb/ros/install/uwb/share/uwb/hook/pythonpath.dsv'
[2.958s] INFO:colcon.colcon_core.shell:Creating environment hook '/home/Judy/safmc_uwb/ros/install/uwb/share/uwb/hook/pythonpath.sh'
[2.959s] Level 1:colcon.colcon_core.environment:checking '/home/Judy/safmc_uwb/ros/install/uwb/bin'
[2.959s] Level 1:colcon.colcon_core.environment:create_environment_scripts_only(uwb)
[2.960s] INFO:colcon.colcon_core.shell:Creating package script '/home/Judy/safmc_uwb/ros/install/uwb/share/uwb/package.ps1'
[2.961s] INFO:colcon.colcon_core.shell:Creating package descriptor '/home/Judy/safmc_uwb/ros/install/uwb/share/uwb/package.dsv'
[2.962s] INFO:colcon.colcon_core.shell:Creating package script '/home/Judy/safmc_uwb/ros/install/uwb/share/uwb/package.sh'
[2.963s] INFO:colcon.colcon_core.shell:Creating package script '/home/Judy/safmc_uwb/ros/install/uwb/share/uwb/package.bash'
[2.964s] INFO:colcon.colcon_core.shell:Creating package script '/home/Judy/safmc_uwb/ros/install/uwb/share/uwb/package.zsh'
[2.965s] Level 1:colcon.colcon_core.environment:create_file_with_runtime_dependencies(/home/Judy/safmc_uwb/ros/install/uwb/share/colcon-core/packages/uwb)
[2.965s] DEBUG:colcon.colcon_parallel_executor.executor.parallel:closing loop
[2.966s] DEBUG:colcon.colcon_parallel_executor.executor.parallel:loop closed
[2.967s] DEBUG:colcon.colcon_parallel_executor.executor.parallel:run_until_complete finished with '0'
[2.967s] DEBUG:colcon.colcon_core.event_reactor:joining thread
[2.977s] INFO:colcon.colcon_core.plugin_system:Skipping extension 'colcon_notification.desktop_notification.terminal_notifier': Not used on non-Darwin systems
[2.977s] INFO:colcon.colcon_core.plugin_system:Skipping extension 'colcon_notification.desktop_notification.win32': Not used on non-Windows systems
[2.977s] INFO:colcon.colcon_notification.desktop_notification:Sending desktop notification using 'notify2'
[2.988s] DEBUG:colcon.colcon_core.event_reactor:joined thread
[2.989s] INFO:colcon.colcon_core.shell:Creating prefix script '/home/Judy/safmc_uwb/ros/install/local_setup.ps1'
[2.991s] INFO:colcon.colcon_core.shell:Creating prefix util module '/home/Judy/safmc_uwb/ros/install/_local_setup_util_ps1.py'
[2.995s] INFO:colcon.colcon_core.shell:Creating prefix chain script '/home/Judy/safmc_uwb/ros/install/setup.ps1'
[2.998s] INFO:colcon.colcon_core.shell:Creating prefix script '/home/Judy/safmc_uwb/ros/install/local_setup.sh'
[3.000s] INFO:colcon.colcon_core.shell:Creating prefix util module '/home/Judy/safmc_uwb/ros/install/_local_setup_util_sh.py'
[3.001s] INFO:colcon.colcon_core.shell:Creating prefix chain script '/home/Judy/safmc_uwb/ros/install/setup.sh'
[3.004s] INFO:colcon.colcon_core.shell:Creating prefix script '/home/Judy/safmc_uwb/ros/install/local_setup.bash'
[3.006s] INFO:colcon.colcon_core.shell:Creating prefix chain script '/home/Judy/safmc_uwb/ros/install/setup.bash'
[3.009s] INFO:colcon.colcon_core.shell:Creating prefix script '/home/Judy/safmc_uwb/ros/install/local_setup.zsh'
[3.011s] INFO:colcon.colcon_core.shell:Creating prefix chain script '/home/Judy/safmc_uwb/ros/install/setup.zsh'
