[1.114s] Invoking command in '/workspace/safmc_uwb/ros/build/uwb': AMENT_PREFIX_PATH=/workspace/safmc_uwb/ros/install/uwb_msgs:${AMENT_PREFIX_PATH} CMAKE_PREFIX_PATH=/workspace/safmc_uwb/ros/install/uwb_msgs LD_LIBRARY_PATH=/workspace/safmc_uwb/ros/install/uwb_msgs/lib:${LD_LIBRARY_PATH} PYTHONPATH=/workspace/safmc_uwb/ros/build/uwb/prefix_override:/usr/lib/python3/dist-packages/colcon_core/task/python/colcon_distutils_commands:/workspace/safmc_uwb/ros/install/uwb/lib/python3.10/site-packages:/workspace/safmc_uwb/ros/install/uwb_msgs/local/lib/python3.10/dist-packages:${PYTHONPATH} /usr/bin/python3 -W ignore:setup.py install is deprecated -W ignore:easy_install command is deprecated setup.py develop --editable --build-directory /workspace/safmc_uwb/ros/build/uwb/build --no-deps symlink_data --force
[1.656s] running develop
[1.949s] running egg_info
[1.949s] writing uwb.egg-info/PKG-INFO
[1.949s] writing dependency_links to uwb.egg-info/dependency_links.txt
[1.950s] writing entry points to uwb.egg-info/entry_points.txt
[1.950s] writing requirements to uwb.egg-info/requires.txt
[1.950s] writing top-level names to uwb.egg-info/top_level.txt
[1.954s] reading manifest file 'uwb.egg-info/SOURCES.txt'
[1.956s] writing manifest file 'uwb.egg-info/SOURCES.txt'
[1.958s] running build_ext
[1.959s] Creating /workspace/safmc_uwb/ros/install/uwb/lib/python3.10/site-packages/uwb.egg-link (link to .)
[1.961s] Installing uwb script to /workspace/safmc_uwb/ros/install/uwb/lib/uwb
[1.961s] 
[1.962s] Installed /workspace/safmc_uwb/ros/build/uwb
[1.962s] running symlink_data
[1.962s] creating /workspace/safmc_uwb/ros/install/uwb/share/ament_index
[1.962s] creating /workspace/safmc_uwb/ros/install/uwb/share/ament_index/resource_index
[1.962s] creating /workspace/safmc_uwb/ros/install/uwb/share/ament_index/resource_index/packages
[1.963s] error: [Errno 2] No such file or directory: '/workspace/safmc_uwb/ros/install/uwb/share/ament_index/resource_index/packages/uwb'
[2.008s] Invoked command in '/workspace/safmc_uwb/ros/build/uwb' returned '1': AMENT_PREFIX_PATH=/workspace/safmc_uwb/ros/install/uwb_msgs:${AMENT_PREFIX_PATH} CMAKE_PREFIX_PATH=/workspace/safmc_uwb/ros/install/uwb_msgs LD_LIBRARY_PATH=/workspace/safmc_uwb/ros/install/uwb_msgs/lib:${LD_LIBRARY_PATH} PYTHONPATH=/workspace/safmc_uwb/ros/build/uwb/prefix_override:/usr/lib/python3/dist-packages/colcon_core/task/python/colcon_distutils_commands:/workspace/safmc_uwb/ros/install/uwb/lib/python3.10/site-packages:/workspace/safmc_uwb/ros/install/uwb_msgs/local/lib/python3.10/dist-packages:${PYTHONPATH} /usr/bin/python3 -W ignore:setup.py install is deprecated -W ignore:easy_install command is deprecated setup.py develop --editable --build-directory /workspace/safmc_uwb/ros/build/uwb/build --no-deps symlink_data --force
