[0.024s] Invoking command in '/workspace/safmc_uwb/ros/build/uwb_msgs': CMAKE_PREFIX_PATH=${CMAKE_PREFIX_PATH}:/workspace/safmc_uwb/ros/install/uwb:/opt/ros/humble /usr/bin/cmake --build /workspace/safmc_uwb/ros/build/uwb_msgs -- -j12 -l12
[0.108s] [35m[1mConsolidate compiler generated dependencies of target uwb_msgs__rosidl_generator_c[0m
[0.128s] [  2%] Built target uwb_msgs__cpp
[0.136s] [ 12%] Built target uwb_msgs__rosidl_generator_c
[0.151s] [35m[1mConsolidate compiler generated dependencies of target uwb_msgs__rosidl_typesupport_introspection_cpp[0m
[0.152s] [35m[1mConsolidate compiler generated dependencies of target uwb_msgs__rosidl_typesupport_cpp[0m
[0.152s] [35m[1mConsolidate compiler generated dependencies of target uwb_msgs__rosidl_typesupport_fastrtps_cpp[0m
[0.157s] [ 12%] Built target ament_cmake_python_copy_uwb_msgs
[0.158s] [35m[1mConsolidate compiler generated dependencies of target uwb_msgs__rosidl_typesupport_c[0m
[0.159s] [35m[1mConsolidate compiler generated dependencies of target uwb_msgs__rosidl_typesupport_fastrtps_c[0m
[0.159s] [35m[1mConsolidate compiler generated dependencies of target uwb_msgs__rosidl_typesupport_introspection_c[0m
[0.187s] [ 44%] Built target uwb_msgs__rosidl_typesupport_introspection_cpp
[0.187s] [ 44%] Built target uwb_msgs__rosidl_typesupport_cpp
[0.188s] [ 44%] Built target uwb_msgs__rosidl_typesupport_c
[0.188s] [ 55%] Built target uwb_msgs__rosidl_typesupport_introspection_c
[0.193s] [ 76%] Built target uwb_msgs__rosidl_typesupport_fastrtps_c
[0.194s] [ 76%] Built target uwb_msgs__rosidl_typesupport_fastrtps_cpp
[0.237s] [ 76%] Built target uwb_msgs
[0.282s] [ 78%] Built target uwb_msgs__py
[0.302s] [35m[1mConsolidate compiler generated dependencies of target uwb_msgs__rosidl_generator_py[0m
[0.334s] [ 87%] Built target uwb_msgs__rosidl_generator_py
[0.362s] [35m[1mConsolidate compiler generated dependencies of target uwb_msgs__rosidl_typesupport_introspection_c__pyext[0m
[0.363s] [35m[1mConsolidate compiler generated dependencies of target uwb_msgs__rosidl_typesupport_fastrtps_c__pyext[0m
[0.363s] [35m[1mConsolidate compiler generated dependencies of target uwb_msgs__rosidl_typesupport_c__pyext[0m
[0.397s] [ 95%] Built target uwb_msgs__rosidl_typesupport_introspection_c__pyext
[0.397s] [ 95%] Built target uwb_msgs__rosidl_typesupport_c__pyext
[0.404s] [100%] Built target uwb_msgs__rosidl_typesupport_fastrtps_c__pyext
[0.636s] running egg_info
[0.637s] writing uwb_msgs.egg-info/PKG-INFO
[0.638s] writing dependency_links to uwb_msgs.egg-info/dependency_links.txt
[0.638s] writing top-level names to uwb_msgs.egg-info/top_level.txt
[0.641s] reading manifest file 'uwb_msgs.egg-info/SOURCES.txt'
[0.642s] writing manifest file 'uwb_msgs.egg-info/SOURCES.txt'
[0.683s] [100%] Built target ament_cmake_python_build_uwb_msgs_egg
[0.702s] Invoked command in '/workspace/safmc_uwb/ros/build/uwb_msgs' returned '0': CMAKE_PREFIX_PATH=${CMAKE_PREFIX_PATH}:/workspace/safmc_uwb/ros/install/uwb:/opt/ros/humble /usr/bin/cmake --build /workspace/safmc_uwb/ros/build/uwb_msgs -- -j12 -l12
[0.719s] Invoking command in '/workspace/safmc_uwb/ros/build/uwb_msgs': CMAKE_PREFIX_PATH=${CMAKE_PREFIX_PATH}:/workspace/safmc_uwb/ros/install/uwb:/opt/ros/humble /usr/bin/cmake --install /workspace/safmc_uwb/ros/build/uwb_msgs
[0.734s] -- Install configuration: ""
[0.735s] -- Up-to-date: /workspace/safmc_uwb/ros/install/uwb_msgs/share/ament_index/resource_index/rosidl_interfaces/uwb_msgs
[0.735s] -- Up-to-date: /workspace/safmc_uwb/ros/install/uwb_msgs/include/uwb_msgs/uwb_msgs
[0.735s] -- Up-to-date: /workspace/safmc_uwb/ros/install/uwb_msgs/include/uwb_msgs/uwb_msgs/msg
[0.735s] -- Up-to-date: /workspace/safmc_uwb/ros/install/uwb_msgs/include/uwb_msgs/uwb_msgs/msg/detail
[0.736s] -- Up-to-date: /workspace/safmc_uwb/ros/install/uwb_msgs/include/uwb_msgs/uwb_msgs/msg/detail/tag_position__struct.h
[0.736s] -- Up-to-date: /workspace/safmc_uwb/ros/install/uwb_msgs/include/uwb_msgs/uwb_msgs/msg/detail/range__type_support.h
[0.736s] -- Up-to-date: /workspace/safmc_uwb/ros/install/uwb_msgs/include/uwb_msgs/uwb_msgs/msg/detail/pose__functions.h
[0.737s] -- Up-to-date: /workspace/safmc_uwb/ros/install/uwb_msgs/include/uwb_msgs/uwb_msgs/msg/detail/pose__functions.c
[0.737s] -- Up-to-date: /workspace/safmc_uwb/ros/install/uwb_msgs/include/uwb_msgs/uwb_msgs/msg/detail/pose__type_support.h
[0.737s] -- Up-to-date: /workspace/safmc_uwb/ros/install/uwb_msgs/include/uwb_msgs/uwb_msgs/msg/detail/range__functions.c
[0.737s] -- Up-to-date: /workspace/safmc_uwb/ros/install/uwb_msgs/include/uwb_msgs/uwb_msgs/msg/detail/range__functions.h
[0.738s] -- Up-to-date: /workspace/safmc_uwb/ros/install/uwb_msgs/include/uwb_msgs/uwb_msgs/msg/detail/range__struct.h
[0.738s] -- Up-to-date: /workspace/safmc_uwb/ros/install/uwb_msgs/include/uwb_msgs/uwb_msgs/msg/detail/pose__struct.h
[0.739s] -- Up-to-date: /workspace/safmc_uwb/ros/install/uwb_msgs/include/uwb_msgs/uwb_msgs/msg/detail/tag_position__type_support.h
[0.739s] -- Up-to-date: /workspace/safmc_uwb/ros/install/uwb_msgs/include/uwb_msgs/uwb_msgs/msg/detail/tag_position__functions.c
[0.739s] -- Up-to-date: /workspace/safmc_uwb/ros/install/uwb_msgs/include/uwb_msgs/uwb_msgs/msg/detail/tag_position__functions.h
[0.740s] -- Up-to-date: /workspace/safmc_uwb/ros/install/uwb_msgs/include/uwb_msgs/uwb_msgs/msg/tag_position.h
[0.740s] -- Up-to-date: /workspace/safmc_uwb/ros/install/uwb_msgs/include/uwb_msgs/uwb_msgs/msg/range.h
[0.740s] -- Up-to-date: /workspace/safmc_uwb/ros/install/uwb_msgs/include/uwb_msgs/uwb_msgs/msg/pose.h
[0.741s] -- Up-to-date: /workspace/safmc_uwb/ros/install/uwb_msgs/include/uwb_msgs/uwb_msgs/msg/rosidl_generator_c__visibility_control.h
[0.741s] -- Up-to-date: /workspace/safmc_uwb/ros/install/uwb_msgs/share/uwb_msgs/environment/library_path.sh
[0.741s] -- Up-to-date: /workspace/safmc_uwb/ros/install/uwb_msgs/share/uwb_msgs/environment/library_path.dsv
[0.742s] -- Up-to-date: /workspace/safmc_uwb/ros/install/uwb_msgs/lib/libuwb_msgs__rosidl_generator_c.so
[0.742s] -- Up-to-date: /workspace/safmc_uwb/ros/install/uwb_msgs/include/uwb_msgs/uwb_msgs
[0.742s] -- Up-to-date: /workspace/safmc_uwb/ros/install/uwb_msgs/include/uwb_msgs/uwb_msgs/msg
[0.743s] -- Up-to-date: /workspace/safmc_uwb/ros/install/uwb_msgs/include/uwb_msgs/uwb_msgs/msg/rosidl_typesupport_fastrtps_c__visibility_control.h
[0.743s] -- Up-to-date: /workspace/safmc_uwb/ros/install/uwb_msgs/include/uwb_msgs/uwb_msgs/msg/detail
[0.743s] -- Up-to-date: /workspace/safmc_uwb/ros/install/uwb_msgs/include/uwb_msgs/uwb_msgs/msg/detail/pose__rosidl_typesupport_fastrtps_c.h
[0.744s] -- Up-to-date: /workspace/safmc_uwb/ros/install/uwb_msgs/include/uwb_msgs/uwb_msgs/msg/detail/range__rosidl_typesupport_fastrtps_c.h
[0.744s] -- Up-to-date: /workspace/safmc_uwb/ros/install/uwb_msgs/include/uwb_msgs/uwb_msgs/msg/detail/tag_position__rosidl_typesupport_fastrtps_c.h
[0.744s] -- Up-to-date: /workspace/safmc_uwb/ros/install/uwb_msgs/lib/libuwb_msgs__rosidl_typesupport_fastrtps_c.so
[0.745s] -- Up-to-date: /workspace/safmc_uwb/ros/install/uwb_msgs/include/uwb_msgs/uwb_msgs
[0.745s] -- Up-to-date: /workspace/safmc_uwb/ros/install/uwb_msgs/include/uwb_msgs/uwb_msgs/msg
[0.746s] -- Up-to-date: /workspace/safmc_uwb/ros/install/uwb_msgs/include/uwb_msgs/uwb_msgs/msg/detail
[0.746s] -- Up-to-date: /workspace/safmc_uwb/ros/install/uwb_msgs/include/uwb_msgs/uwb_msgs/msg/detail/tag_position__rosidl_typesupport_introspection_c.h
[0.746s] -- Up-to-date: /workspace/safmc_uwb/ros/install/uwb_msgs/include/uwb_msgs/uwb_msgs/msg/detail/pose__rosidl_typesupport_introspection_c.h
[0.747s] -- Up-to-date: /workspace/safmc_uwb/ros/install/uwb_msgs/include/uwb_msgs/uwb_msgs/msg/detail/pose__type_support.c
[0.747s] -- Up-to-date: /workspace/safmc_uwb/ros/install/uwb_msgs/include/uwb_msgs/uwb_msgs/msg/detail/range__type_support.c
[0.748s] -- Up-to-date: /workspace/safmc_uwb/ros/install/uwb_msgs/include/uwb_msgs/uwb_msgs/msg/detail/range__rosidl_typesupport_introspection_c.h
[0.748s] -- Up-to-date: /workspace/safmc_uwb/ros/install/uwb_msgs/include/uwb_msgs/uwb_msgs/msg/detail/tag_position__type_support.c
[0.748s] -- Up-to-date: /workspace/safmc_uwb/ros/install/uwb_msgs/include/uwb_msgs/uwb_msgs/msg/rosidl_typesupport_introspection_c__visibility_control.h
[0.749s] -- Up-to-date: /workspace/safmc_uwb/ros/install/uwb_msgs/lib/libuwb_msgs__rosidl_typesupport_introspection_c.so
[0.749s] -- Up-to-date: /workspace/safmc_uwb/ros/install/uwb_msgs/lib/libuwb_msgs__rosidl_typesupport_c.so
[0.750s] -- Up-to-date: /workspace/safmc_uwb/ros/install/uwb_msgs/include/uwb_msgs/uwb_msgs
[0.750s] -- Up-to-date: /workspace/safmc_uwb/ros/install/uwb_msgs/include/uwb_msgs/uwb_msgs/msg
[0.750s] -- Up-to-date: /workspace/safmc_uwb/ros/install/uwb_msgs/include/uwb_msgs/uwb_msgs/msg/tag_position.hpp
[0.751s] -- Up-to-date: /workspace/safmc_uwb/ros/install/uwb_msgs/include/uwb_msgs/uwb_msgs/msg/detail
[0.751s] -- Up-to-date: /workspace/safmc_uwb/ros/install/uwb_msgs/include/uwb_msgs/uwb_msgs/msg/detail/pose__type_support.hpp
[0.751s] -- Up-to-date: /workspace/safmc_uwb/ros/install/uwb_msgs/include/uwb_msgs/uwb_msgs/msg/detail/tag_position__traits.hpp
[0.751s] -- Up-to-date: /workspace/safmc_uwb/ros/install/uwb_msgs/include/uwb_msgs/uwb_msgs/msg/detail/pose__builder.hpp
[0.752s] -- Up-to-date: /workspace/safmc_uwb/ros/install/uwb_msgs/include/uwb_msgs/uwb_msgs/msg/detail/tag_position__struct.hpp
[0.752s] -- Up-to-date: /workspace/safmc_uwb/ros/install/uwb_msgs/include/uwb_msgs/uwb_msgs/msg/detail/range__struct.hpp
[0.752s] -- Up-to-date: /workspace/safmc_uwb/ros/install/uwb_msgs/include/uwb_msgs/uwb_msgs/msg/detail/tag_position__builder.hpp
[0.752s] -- Up-to-date: /workspace/safmc_uwb/ros/install/uwb_msgs/include/uwb_msgs/uwb_msgs/msg/detail/range__traits.hpp
[0.753s] -- Up-to-date: /workspace/safmc_uwb/ros/install/uwb_msgs/include/uwb_msgs/uwb_msgs/msg/detail/pose__traits.hpp
[0.753s] -- Up-to-date: /workspace/safmc_uwb/ros/install/uwb_msgs/include/uwb_msgs/uwb_msgs/msg/detail/tag_position__type_support.hpp
[0.753s] -- Up-to-date: /workspace/safmc_uwb/ros/install/uwb_msgs/include/uwb_msgs/uwb_msgs/msg/detail/range__type_support.hpp
[0.753s] -- Up-to-date: /workspace/safmc_uwb/ros/install/uwb_msgs/include/uwb_msgs/uwb_msgs/msg/detail/range__builder.hpp
[0.753s] -- Up-to-date: /workspace/safmc_uwb/ros/install/uwb_msgs/include/uwb_msgs/uwb_msgs/msg/detail/pose__struct.hpp
[0.753s] -- Up-to-date: /workspace/safmc_uwb/ros/install/uwb_msgs/include/uwb_msgs/uwb_msgs/msg/range.hpp
[0.753s] -- Up-to-date: /workspace/safmc_uwb/ros/install/uwb_msgs/include/uwb_msgs/uwb_msgs/msg/pose.hpp
[0.753s] -- Up-to-date: /workspace/safmc_uwb/ros/install/uwb_msgs/include/uwb_msgs/uwb_msgs/msg/rosidl_generator_cpp__visibility_control.hpp
[0.753s] -- Up-to-date: /workspace/safmc_uwb/ros/install/uwb_msgs/include/uwb_msgs/uwb_msgs
[0.753s] -- Up-to-date: /workspace/safmc_uwb/ros/install/uwb_msgs/include/uwb_msgs/uwb_msgs/msg
[0.753s] -- Up-to-date: /workspace/safmc_uwb/ros/install/uwb_msgs/include/uwb_msgs/uwb_msgs/msg/rosidl_typesupport_fastrtps_cpp__visibility_control.h
[0.753s] -- Up-to-date: /workspace/safmc_uwb/ros/install/uwb_msgs/include/uwb_msgs/uwb_msgs/msg/detail
[0.754s] -- Up-to-date: /workspace/safmc_uwb/ros/install/uwb_msgs/include/uwb_msgs/uwb_msgs/msg/detail/range__rosidl_typesupport_fastrtps_cpp.hpp
[0.754s] -- Up-to-date: /workspace/safmc_uwb/ros/install/uwb_msgs/include/uwb_msgs/uwb_msgs/msg/detail/pose__rosidl_typesupport_fastrtps_cpp.hpp
[0.754s] -- Up-to-date: /workspace/safmc_uwb/ros/install/uwb_msgs/include/uwb_msgs/uwb_msgs/msg/detail/tag_position__rosidl_typesupport_fastrtps_cpp.hpp
[0.754s] -- Up-to-date: /workspace/safmc_uwb/ros/install/uwb_msgs/include/uwb_msgs/uwb_msgs/msg/detail/dds_fastrtps
[0.754s] -- Up-to-date: /workspace/safmc_uwb/ros/install/uwb_msgs/lib/libuwb_msgs__rosidl_typesupport_fastrtps_cpp.so
[0.754s] -- Up-to-date: /workspace/safmc_uwb/ros/install/uwb_msgs/include/uwb_msgs/uwb_msgs
[0.754s] -- Up-to-date: /workspace/safmc_uwb/ros/install/uwb_msgs/include/uwb_msgs/uwb_msgs/msg
[0.754s] -- Up-to-date: /workspace/safmc_uwb/ros/install/uwb_msgs/include/uwb_msgs/uwb_msgs/msg/detail
[0.754s] -- Up-to-date: /workspace/safmc_uwb/ros/install/uwb_msgs/include/uwb_msgs/uwb_msgs/msg/detail/range__rosidl_typesupport_introspection_cpp.hpp
[0.755s] -- Up-to-date: /workspace/safmc_uwb/ros/install/uwb_msgs/include/uwb_msgs/uwb_msgs/msg/detail/pose__type_support.cpp
[0.755s] -- Up-to-date: /workspace/safmc_uwb/ros/install/uwb_msgs/include/uwb_msgs/uwb_msgs/msg/detail/tag_position__type_support.cpp
[0.755s] -- Up-to-date: /workspace/safmc_uwb/ros/install/uwb_msgs/include/uwb_msgs/uwb_msgs/msg/detail/range__type_support.cpp
[0.755s] -- Up-to-date: /workspace/safmc_uwb/ros/install/uwb_msgs/include/uwb_msgs/uwb_msgs/msg/detail/pose__rosidl_typesupport_introspection_cpp.hpp
[0.755s] -- Up-to-date: /workspace/safmc_uwb/ros/install/uwb_msgs/include/uwb_msgs/uwb_msgs/msg/detail/tag_position__rosidl_typesupport_introspection_cpp.hpp
[0.755s] -- Up-to-date: /workspace/safmc_uwb/ros/install/uwb_msgs/lib/libuwb_msgs__rosidl_typesupport_introspection_cpp.so
[0.755s] -- Up-to-date: /workspace/safmc_uwb/ros/install/uwb_msgs/lib/libuwb_msgs__rosidl_typesupport_cpp.so
[0.755s] -- Up-to-date: /workspace/safmc_uwb/ros/install/uwb_msgs/share/uwb_msgs/environment/pythonpath.sh
[0.755s] -- Up-to-date: /workspace/safmc_uwb/ros/install/uwb_msgs/share/uwb_msgs/environment/pythonpath.dsv
[0.756s] -- Up-to-date: /workspace/safmc_uwb/ros/install/uwb_msgs/local/lib/python3.10/dist-packages/uwb_msgs-0.0.0-py3.10.egg-info
[0.756s] -- Installing: /workspace/safmc_uwb/ros/install/uwb_msgs/local/lib/python3.10/dist-packages/uwb_msgs-0.0.0-py3.10.egg-info/top_level.txt
[0.756s] -- Installing: /workspace/safmc_uwb/ros/install/uwb_msgs/local/lib/python3.10/dist-packages/uwb_msgs-0.0.0-py3.10.egg-info/SOURCES.txt
[0.756s] -- Installing: /workspace/safmc_uwb/ros/install/uwb_msgs/local/lib/python3.10/dist-packages/uwb_msgs-0.0.0-py3.10.egg-info/PKG-INFO
[0.756s] -- Installing: /workspace/safmc_uwb/ros/install/uwb_msgs/local/lib/python3.10/dist-packages/uwb_msgs-0.0.0-py3.10.egg-info/dependency_links.txt
[0.756s] -- Up-to-date: /workspace/safmc_uwb/ros/install/uwb_msgs/local/lib/python3.10/dist-packages/uwb_msgs
[0.757s] -- Up-to-date: /workspace/safmc_uwb/ros/install/uwb_msgs/local/lib/python3.10/dist-packages/uwb_msgs/uwb_msgs_s__rosidl_typesupport_fastrtps_c.cpython-310-x86_64-linux-gnu.so
[0.757s] -- Up-to-date: /workspace/safmc_uwb/ros/install/uwb_msgs/local/lib/python3.10/dist-packages/uwb_msgs/msg
[0.757s] -- Up-to-date: /workspace/safmc_uwb/ros/install/uwb_msgs/local/lib/python3.10/dist-packages/uwb_msgs/msg/_range_s.c
[0.757s] -- Up-to-date: /workspace/safmc_uwb/ros/install/uwb_msgs/local/lib/python3.10/dist-packages/uwb_msgs/msg/_tag_position.py
[0.757s] -- Up-to-date: /workspace/safmc_uwb/ros/install/uwb_msgs/local/lib/python3.10/dist-packages/uwb_msgs/msg/_range.py
[0.757s] -- Up-to-date: /workspace/safmc_uwb/ros/install/uwb_msgs/local/lib/python3.10/dist-packages/uwb_msgs/msg/_pose_s.c
[0.757s] -- Up-to-date: /workspace/safmc_uwb/ros/install/uwb_msgs/local/lib/python3.10/dist-packages/uwb_msgs/msg/_tag_position_s.c
[0.757s] -- Up-to-date: /workspace/safmc_uwb/ros/install/uwb_msgs/local/lib/python3.10/dist-packages/uwb_msgs/msg/_pose.py
[0.758s] -- Up-to-date: /workspace/safmc_uwb/ros/install/uwb_msgs/local/lib/python3.10/dist-packages/uwb_msgs/msg/__init__.py
[0.758s] -- Up-to-date: /workspace/safmc_uwb/ros/install/uwb_msgs/local/lib/python3.10/dist-packages/uwb_msgs/_uwb_msgs_s.ep.rosidl_typesupport_introspection_c.c
[0.758s] -- Up-to-date: /workspace/safmc_uwb/ros/install/uwb_msgs/local/lib/python3.10/dist-packages/uwb_msgs/uwb_msgs_s__rosidl_typesupport_c.cpython-310-x86_64-linux-gnu.so
[0.758s] -- Up-to-date: /workspace/safmc_uwb/ros/install/uwb_msgs/local/lib/python3.10/dist-packages/uwb_msgs/libuwb_msgs__rosidl_generator_py.so
[0.758s] -- Up-to-date: /workspace/safmc_uwb/ros/install/uwb_msgs/local/lib/python3.10/dist-packages/uwb_msgs/_uwb_msgs_s.ep.rosidl_typesupport_c.c
[0.758s] -- Up-to-date: /workspace/safmc_uwb/ros/install/uwb_msgs/local/lib/python3.10/dist-packages/uwb_msgs/_uwb_msgs_s.ep.rosidl_typesupport_fastrtps_c.c
[0.758s] -- Up-to-date: /workspace/safmc_uwb/ros/install/uwb_msgs/local/lib/python3.10/dist-packages/uwb_msgs/uwb_msgs_s__rosidl_typesupport_introspection_c.cpython-310-x86_64-linux-gnu.so
[0.759s] -- Up-to-date: /workspace/safmc_uwb/ros/install/uwb_msgs/local/lib/python3.10/dist-packages/uwb_msgs/__init__.py
[0.799s] Listing '/workspace/safmc_uwb/ros/install/uwb_msgs/local/lib/python3.10/dist-packages/uwb_msgs'...
[0.799s] Listing '/workspace/safmc_uwb/ros/install/uwb_msgs/local/lib/python3.10/dist-packages/uwb_msgs/msg'...
[0.805s] -- Up-to-date: /workspace/safmc_uwb/ros/install/uwb_msgs/local/lib/python3.10/dist-packages/uwb_msgs/uwb_msgs_s__rosidl_typesupport_fastrtps_c.cpython-310-x86_64-linux-gnu.so
[0.806s] -- Up-to-date: /workspace/safmc_uwb/ros/install/uwb_msgs/local/lib/python3.10/dist-packages/uwb_msgs/uwb_msgs_s__rosidl_typesupport_introspection_c.cpython-310-x86_64-linux-gnu.so
[0.806s] -- Up-to-date: /workspace/safmc_uwb/ros/install/uwb_msgs/local/lib/python3.10/dist-packages/uwb_msgs/uwb_msgs_s__rosidl_typesupport_c.cpython-310-x86_64-linux-gnu.so
[0.807s] -- Up-to-date: /workspace/safmc_uwb/ros/install/uwb_msgs/lib/libuwb_msgs__rosidl_generator_py.so
[0.807s] -- Up-to-date: /workspace/safmc_uwb/ros/install/uwb_msgs/share/uwb_msgs/msg/Range.idl
[0.808s] -- Up-to-date: /workspace/safmc_uwb/ros/install/uwb_msgs/share/uwb_msgs/msg/Pose.idl
[0.808s] -- Up-to-date: /workspace/safmc_uwb/ros/install/uwb_msgs/share/uwb_msgs/msg/TagPosition.idl
[0.809s] -- Up-to-date: /workspace/safmc_uwb/ros/install/uwb_msgs/share/uwb_msgs/msg/Range.msg
[0.809s] -- Up-to-date: /workspace/safmc_uwb/ros/install/uwb_msgs/share/uwb_msgs/msg/Pose.msg
[0.810s] -- Up-to-date: /workspace/safmc_uwb/ros/install/uwb_msgs/share/uwb_msgs/msg/TagPosition.msg
[0.810s] -- Up-to-date: /workspace/safmc_uwb/ros/install/uwb_msgs/share/ament_index/resource_index/package_run_dependencies/uwb_msgs
[0.810s] -- Up-to-date: /workspace/safmc_uwb/ros/install/uwb_msgs/share/ament_index/resource_index/parent_prefix_path/uwb_msgs
[0.810s] -- Up-to-date: /workspace/safmc_uwb/ros/install/uwb_msgs/share/uwb_msgs/environment/ament_prefix_path.sh
[0.811s] -- Up-to-date: /workspace/safmc_uwb/ros/install/uwb_msgs/share/uwb_msgs/environment/ament_prefix_path.dsv
[0.811s] -- Up-to-date: /workspace/safmc_uwb/ros/install/uwb_msgs/share/uwb_msgs/environment/path.sh
[0.811s] -- Up-to-date: /workspace/safmc_uwb/ros/install/uwb_msgs/share/uwb_msgs/environment/path.dsv
[0.812s] -- Up-to-date: /workspace/safmc_uwb/ros/install/uwb_msgs/share/uwb_msgs/local_setup.bash
[0.812s] -- Up-to-date: /workspace/safmc_uwb/ros/install/uwb_msgs/share/uwb_msgs/local_setup.sh
[0.812s] -- Up-to-date: /workspace/safmc_uwb/ros/install/uwb_msgs/share/uwb_msgs/local_setup.zsh
[0.813s] -- Up-to-date: /workspace/safmc_uwb/ros/install/uwb_msgs/share/uwb_msgs/local_setup.dsv
[0.813s] -- Installing: /workspace/safmc_uwb/ros/install/uwb_msgs/share/uwb_msgs/package.dsv
[0.813s] -- Up-to-date: /workspace/safmc_uwb/ros/install/uwb_msgs/share/ament_index/resource_index/packages/uwb_msgs
[0.814s] -- Up-to-date: /workspace/safmc_uwb/ros/install/uwb_msgs/share/uwb_msgs/cmake/export_uwb_msgs__rosidl_generator_cExport.cmake
[0.814s] -- Up-to-date: /workspace/safmc_uwb/ros/install/uwb_msgs/share/uwb_msgs/cmake/export_uwb_msgs__rosidl_generator_cExport-noconfig.cmake
[0.815s] -- Up-to-date: /workspace/safmc_uwb/ros/install/uwb_msgs/share/uwb_msgs/cmake/export_uwb_msgs__rosidl_typesupport_fastrtps_cExport.cmake
[0.815s] -- Up-to-date: /workspace/safmc_uwb/ros/install/uwb_msgs/share/uwb_msgs/cmake/export_uwb_msgs__rosidl_typesupport_fastrtps_cExport-noconfig.cmake
[0.815s] -- Up-to-date: /workspace/safmc_uwb/ros/install/uwb_msgs/share/uwb_msgs/cmake/uwb_msgs__rosidl_typesupport_introspection_cExport.cmake
[0.815s] -- Up-to-date: /workspace/safmc_uwb/ros/install/uwb_msgs/share/uwb_msgs/cmake/uwb_msgs__rosidl_typesupport_introspection_cExport-noconfig.cmake
[0.815s] -- Up-to-date: /workspace/safmc_uwb/ros/install/uwb_msgs/share/uwb_msgs/cmake/uwb_msgs__rosidl_typesupport_cExport.cmake
[0.816s] -- Up-to-date: /workspace/safmc_uwb/ros/install/uwb_msgs/share/uwb_msgs/cmake/uwb_msgs__rosidl_typesupport_cExport-noconfig.cmake
[0.816s] -- Up-to-date: /workspace/safmc_uwb/ros/install/uwb_msgs/share/uwb_msgs/cmake/export_uwb_msgs__rosidl_generator_cppExport.cmake
[0.816s] -- Up-to-date: /workspace/safmc_uwb/ros/install/uwb_msgs/share/uwb_msgs/cmake/export_uwb_msgs__rosidl_typesupport_fastrtps_cppExport.cmake
[0.816s] -- Up-to-date: /workspace/safmc_uwb/ros/install/uwb_msgs/share/uwb_msgs/cmake/export_uwb_msgs__rosidl_typesupport_fastrtps_cppExport-noconfig.cmake
[0.816s] -- Up-to-date: /workspace/safmc_uwb/ros/install/uwb_msgs/share/uwb_msgs/cmake/uwb_msgs__rosidl_typesupport_introspection_cppExport.cmake
[0.816s] -- Up-to-date: /workspace/safmc_uwb/ros/install/uwb_msgs/share/uwb_msgs/cmake/uwb_msgs__rosidl_typesupport_introspection_cppExport-noconfig.cmake
[0.816s] -- Up-to-date: /workspace/safmc_uwb/ros/install/uwb_msgs/share/uwb_msgs/cmake/uwb_msgs__rosidl_typesupport_cppExport.cmake
[0.816s] -- Up-to-date: /workspace/safmc_uwb/ros/install/uwb_msgs/share/uwb_msgs/cmake/uwb_msgs__rosidl_typesupport_cppExport-noconfig.cmake
[0.817s] -- Up-to-date: /workspace/safmc_uwb/ros/install/uwb_msgs/share/uwb_msgs/cmake/export_uwb_msgs__rosidl_generator_pyExport.cmake
[0.817s] -- Up-to-date: /workspace/safmc_uwb/ros/install/uwb_msgs/share/uwb_msgs/cmake/export_uwb_msgs__rosidl_generator_pyExport-noconfig.cmake
[0.817s] -- Up-to-date: /workspace/safmc_uwb/ros/install/uwb_msgs/share/uwb_msgs/cmake/rosidl_cmake-extras.cmake
[0.817s] -- Up-to-date: /workspace/safmc_uwb/ros/install/uwb_msgs/share/uwb_msgs/cmake/ament_cmake_export_dependencies-extras.cmake
[0.817s] -- Up-to-date: /workspace/safmc_uwb/ros/install/uwb_msgs/share/uwb_msgs/cmake/ament_cmake_export_include_directories-extras.cmake
[0.817s] -- Up-to-date: /workspace/safmc_uwb/ros/install/uwb_msgs/share/uwb_msgs/cmake/ament_cmake_export_libraries-extras.cmake
[0.817s] -- Up-to-date: /workspace/safmc_uwb/ros/install/uwb_msgs/share/uwb_msgs/cmake/ament_cmake_export_targets-extras.cmake
[0.817s] -- Up-to-date: /workspace/safmc_uwb/ros/install/uwb_msgs/share/uwb_msgs/cmake/rosidl_cmake_export_typesupport_targets-extras.cmake
[0.818s] -- Up-to-date: /workspace/safmc_uwb/ros/install/uwb_msgs/share/uwb_msgs/cmake/rosidl_cmake_export_typesupport_libraries-extras.cmake
[0.818s] -- Up-to-date: /workspace/safmc_uwb/ros/install/uwb_msgs/share/uwb_msgs/cmake/uwb_msgsConfig.cmake
[0.819s] -- Up-to-date: /workspace/safmc_uwb/ros/install/uwb_msgs/share/uwb_msgs/cmake/uwb_msgsConfig-version.cmake
[0.820s] -- Up-to-date: /workspace/safmc_uwb/ros/install/uwb_msgs/share/uwb_msgs/package.xml
[0.822s] Invoked command in '/workspace/safmc_uwb/ros/build/uwb_msgs' returned '0': CMAKE_PREFIX_PATH=${CMAKE_PREFIX_PATH}:/workspace/safmc_uwb/ros/install/uwb:/opt/ros/humble /usr/bin/cmake --install /workspace/safmc_uwb/ros/build/uwb_msgs
