[0.013s] Invoking command in '/home/Judy/safmc_uwb/ros/build/uwb_msgs': CMAKE_PREFIX_PATH=${CMAKE_PREFIX_PATH}:/home/Judy/safmc_uwb/ros/install/uwb:/home/Judy/safmc_uwb/ros_enfu/install/uwb:/opt/ros/humble /usr/bin/cmake /home/Judy/safmc_uwb/ros/src/uwb_msgs -DCMAKE_INSTALL_PREFIX=/home/Judy/safmc_uwb/ros/install/uwb_msgs
[0.129s] -- The C compiler identification is GNU 11.4.0
[0.601s] -- The CXX compiler identification is GNU 11.4.0
[0.932s] -- Detecting C compiler ABI info
[1.058s] -- Detecting C compiler ABI info - done
[1.065s] -- Check for working C compiler: /usr/bin/cc - skipped
[1.065s] -- Detecting C compile features
[1.065s] -- Detecting C compile features - done
[1.068s] -- Detecting CXX compiler ABI info
[1.210s] -- Detecting CXX compiler ABI info - done
[1.215s] -- Check for working CXX compiler: /usr/bin/c++ - skipped
[1.215s] -- Detecting CXX compile features
[1.215s] -- Detecting CXX compile features - done
[1.218s] -- Found ament_cmake: 1.3.11 (/opt/ros/humble/share/ament_cmake/cmake)
[1.330s] -- Found Python3: /usr/bin/python3 (found version "3.10.12") found components: Interpreter 
[1.407s] -- Found rosidl_default_generators: 1.2.0 (/opt/ros/humble/share/rosidl_default_generators/cmake)
[1.410s] -- Using all available rosidl_typesupport_c: rosidl_typesupport_fastrtps_c;rosidl_typesupport_introspection_c
[1.416s] -- Found rosidl_adapter: 3.1.6 (/opt/ros/humble/share/rosidl_adapter/cmake)
[1.573s] -- Using all available rosidl_typesupport_cpp: rosidl_typesupport_fastrtps_cpp;rosidl_typesupport_introspection_cpp
[1.600s] -- Found geometry_msgs: 4.2.4 (/opt/ros/humble/share/geometry_msgs/cmake)
[1.771s] [31mCMake Error at /opt/ros/humble/share/rosidl_adapter/cmake/rosidl_adapt_interfaces.cmake:59 (message):
[1.771s]   execute_process(/usr/bin/python3 -m rosidl_adapter --package-name uwb_msgs
[1.771s]   --arguments-file
[1.771s]   /home/Judy/safmc_uwb/ros/build/uwb_msgs/rosidl_adapter__arguments__uwb_msgs.json
[1.771s]   --output-dir
[1.771s]   /home/Judy/safmc_uwb/ros/build/uwb_msgs/rosidl_adapter/uwb_msgs
[1.771s]   --output-file
[1.771s]   /home/Judy/safmc_uwb/ros/build/uwb_msgs/rosidl_adapter/uwb_msgs.idls)
[1.771s]   returned error code 1:
[1.772s] 
[1.772s]   Error processing 'string EUI' of 'uwb_msgs/TagPosition': ''EUI' is an
[1.772s]   invalid field name.  It should have the pattern
[1.772s]   '^(?!.*__)(?!.*_$)[a-z][a-z0-9_]*$''
[1.772s] 
[1.772s]   Traceback (most recent call last):
[1.772s] 
[1.772s]     File "/usr/lib/python3.10/runpy.py", line 196, in _run_module_as_main
[1.772s]       return _run_code(code, main_globals, None,
[1.772s]     File "/usr/lib/python3.10/runpy.py", line 86, in _run_code
[1.772s]       exec(code, run_globals)
[1.772s]     File "/opt/ros/humble/local/lib/python3.10/dist-packages/rosidl_adapter/__main__.py", line 19, in <module>
[1.772s]       sys.exit(main())
[1.772s]     File "/opt/ros/humble/local/lib/python3.10/dist-packages/rosidl_adapter/main.py", line 53, in main
[1.772s]       abs_idl_file = convert_to_idl(
[1.772s]     File "/opt/ros/humble/local/lib/python3.10/dist-packages/rosidl_adapter/__init__.py", line 19, in convert_to_idl
[1.772s]       return convert_msg_to_idl(
[1.772s]     File "/opt/ros/humble/local/lib/python3.10/dist-packages/rosidl_adapter/msg/__init__.py", line 28, in convert_msg_to_idl
[1.772s]       msg = parse_message_string(package_name, input_file.stem, content)
[1.772s]     File "/opt/ros/humble/local/lib/python3.10/dist-packages/rosidl_adapter/parser.py", line 519, in parse_message_string
[1.772s]       fields.append(Field(
[1.772s]     File "/opt/ros/humble/local/lib/python3.10/dist-packages/rosidl_adapter/parser.py", line 354, in __init__
[1.772s]       raise NameError(
[1.772s] 
[1.772s]   NameError: 'EUI' is an invalid field name.  It should have the pattern
[1.773s]   '^(?!.*__)(?!.*_$)[a-z][a-z0-9_]*$'
[1.773s] 
[1.773s] Call Stack (most recent call first):
[1.773s]   /opt/ros/humble/share/rosidl_cmake/cmake/rosidl_generate_interfaces.cmake:130 (rosidl_adapt_interfaces)
[1.773s]   CMakeLists.txt:19 (rosidl_generate_interfaces)
[1.773s] 
[1.773s] [0m
[1.773s] -- Configuring incomplete, errors occurred!
[1.773s] See also "/home/Judy/safmc_uwb/ros/build/uwb_msgs/CMakeFiles/CMakeOutput.log".
[1.779s] Invoked command in '/home/Judy/safmc_uwb/ros/build/uwb_msgs' returned '1': CMAKE_PREFIX_PATH=${CMAKE_PREFIX_PATH}:/home/Judy/safmc_uwb/ros/install/uwb:/home/Judy/safmc_uwb/ros_enfu/install/uwb:/opt/ros/humble /usr/bin/cmake /home/Judy/safmc_uwb/ros/src/uwb_msgs -DCMAKE_INSTALL_PREFIX=/home/Judy/safmc_uwb/ros/install/uwb_msgs
